Command: report datapath -all -print_inferred > ./genus/reports/signed_int_mul_p_2_L1/cadence_45nm/post_elaboration/syn_generic_datapath_report.rpt
============================================================
  Generated by:           Genus(TM) Synthesis Solution 21.10-p002_1
  Generated on:           Apr 11 2026  03:44:57 pm
  Module:                 signed_int_mul_p_2_L1
  Technology libraries:   fast_vdd1v0 1.0
                          physical_cells 
  Operating conditions:   PVT_1P1V_0C 
  Interconnect mode:      global
  Area mode:              physical library
============================================================


Inferred components

                      Operator  Signedness   Inputs   Outputs CellArea Line Col       Filename       
=====================================================================================================
signed_int_mul_p_2_L1
 add_24_48
  
  module:add_unsigned_227
   very_fast              +     unsigned   8x1        8          68.10   24  48 signed_int_mul_p_2_L 
                                                                                1.v                  
=====================================================================================================
signed_int_mul_p_2_L1
 add_25_48
  
  module:add_unsigned_227
   very_fast              +     unsigned   8x1        8          68.10   25  48 signed_int_mul_p_2_L 
                                                                                1.v                  
=====================================================================================================
signed_int_mul_p_2_L1
 add_58_44
  
  module:add_unsigned_231
   very_fast              +     unsigned   16x1       16        166.92   58  44 signed_int_mul_p_2_L 
                                                                                1.v                  
=====================================================================================================
signed_int_mul_p_2_L1
 m_unsigned_int_mul
  add_111_38
   
   module:add_unsigned_173
    very_fast             +     unsigned   3x3        4          41.40  111  38 signed_int_mul_p_2_L 
                                                                                1.v                  
=====================================================================================================
signed_int_mul_p_2_L1
 m_unsigned_int_mul
  lod_a
   mux_reg_position_181_29
    
    module:mux
     very_fast           mux    n/a        8x3x3x3x3x 3          64.10  181  29 signed_int_mul_p_2_L 
                                           3x3x3x3                              1.v                  
=====================================================================================================
signed_int_mul_p_2_L1
 m_unsigned_int_mul
  lod_b
   mux_reg_position_181_29
    
    module:mux
     very_fast           mux    n/a        8x3x3x3x3x 3          64.10  181  29 signed_int_mul_p_2_L 
                                           3x3x3x3                              1.v                  
=====================================================================================================
signed_int_mul_p_2_L1
 m_unsigned_int_mul
  m_approx_t
   add_244_37
    
    module:add_unsigned_11
     very_fast            +     unsigned   8x6        9         150.90  244  37 signed_int_mul_p_2_L 
                                                                                1.v                  
=====================================================================================================
signed_int_mul_p_2_L1
 m_unsigned_int_mul
  m_approx_t
   add_245_24
    
    module:add_unsigned_13
     very_fast            +     unsigned   9x9        10        196.30  245  24 signed_int_mul_p_2_L 
                                                                                1.v                  
=====================================================================================================
signed_int_mul_p_2_L1
 m_unsigned_int_mul
  m_approx_t
   add_245_37
    
    module:add_unsigned_11
     very_fast            +     unsigned   8x6        9         150.90  245  37 signed_int_mul_p_2_L 
                                                                                1.v                  
=====================================================================================================
signed_int_mul_p_2_L1
 m_unsigned_int_mul
  m_approx_t
   add_248_37
    
    module:add_unsigned_29
     very_fast            +     unsigned   8x7        9         165.59  248  37 signed_int_mul_p_2_L 
                                                                                1.v                  
=====================================================================================================
signed_int_mul_p_2_L1
 m_unsigned_int_mul
  m_approx_t
   add_248_56
    
    module:add_unsigned_19
     very_fast            +     unsigned   9x6        9         154.90  248  56 signed_int_mul_p_2_L 
                                                                                1.v                  
=====================================================================================================
signed_int_mul_p_2_L1
 m_unsigned_int_mul
  m_approx_t
   add_249_24
    
    module:add_unsigned_13
     very_fast            +     unsigned   9x9        10        196.30  249  24 signed_int_mul_p_2_L 
                                                                                1.v                  
=====================================================================================================
signed_int_mul_p_2_L1
 m_unsigned_int_mul
  m_approx_t
   add_253_24
    
    module:add_unsigned_13
     very_fast            +     unsigned   9x9        10        196.30  253  24 signed_int_mul_p_2_L 
                                                                                1.v                  
=====================================================================================================
signed_int_mul_p_2_L1
 m_unsigned_int_mul
  m_approx_t
   add_253_37
    
    module:add_unsigned_29
     very_fast            +     unsigned   8x7        9         165.59  253  37 signed_int_mul_p_2_L 
                                                                                1.v                  
=====================================================================================================
signed_int_mul_p_2_L1
 m_unsigned_int_mul
  m_approx_t
   add_253_56
    
    module:add_unsigned_19
     very_fast            +     unsigned   9x6        9         154.90  253  56 signed_int_mul_p_2_L 
                                                                                1.v                  
=====================================================================================================
signed_int_mul_p_2_L1
 m_unsigned_int_mul
  m_approx_t
   add_257_24
    
    module:add_unsigned_13
     very_fast            +     unsigned   9x9        10        196.30  257  24 signed_int_mul_p_2_L 
                                                                                1.v                  
=====================================================================================================
signed_int_mul_p_2_L1
 m_unsigned_int_mul
  m_approx_t
   add_343_29
    
    module:add_unsigned
     very_fast            +     unsigned   16x16      16        401.94  343  29 signed_int_mul_p_2_L 
                                                                                1.v                  
=====================================================================================================
signed_int_mul_p_2_L1
 m_unsigned_int_mul
  m_approx_t
   bms0
    add_376_31
     
     module:add_unsigned
      very_fast           +     unsigned   16x16      16        401.94  376  31 signed_int_mul_p_2_L 
                                                                                1.v                  
=====================================================================================================
signed_int_mul_p_2_L1
 m_unsigned_int_mul
  m_approx_t
   bms0
    mux_reg_r_368_19
     
     module:bmux
      very_fast      binary_mux n/a        2x16x16x16 16        170.93  368  19 signed_int_mul_p_2_L 
                                           x16                                  1.v                  
=====================================================================================================
signed_int_mul_p_2_L1
 m_unsigned_int_mul
  m_approx_t
   bms1
    add_376_31
     
     module:add_unsigned
      very_fast           +     unsigned   16x16      16        401.94  376  31 signed_int_mul_p_2_L 
                                                                                1.v                  
=====================================================================================================
signed_int_mul_p_2_L1
 m_unsigned_int_mul
  m_approx_t
   bms1
    mux_reg_r_368_19
     
     module:bmux
      very_fast      binary_mux n/a        2x16x16x16 16        170.93  368  19 signed_int_mul_p_2_L 
                                           x16                                  1.v                  
=====================================================================================================
signed_int_mul_p_2_L1
 m_unsigned_int_mul
  m_approx_t
   minus_283_68
    
    module:sub_signed
     very_fast            -     signed     1x9        9         202.98  283  68 signed_int_mul_p_2_L 
                                                                                1.v                  
=====================================================================================================
signed_int_mul_p_2_L1
 m_unsigned_int_mul
  m_approx_t
   minus_284_68
    
    module:sub_signed
     very_fast            -     signed     1x9        9         202.98  284  68 signed_int_mul_p_2_L 
                                                                                1.v                  
=====================================================================================================
signed_int_mul_p_2_L1
 m_unsigned_int_mul
  m_approx_t
   mux_260_55
    
    module:bmux_63
     very_fast       binary_mux n/a        1x16x16    16         85.46  260  55 signed_int_mul_p_2_L 
                                                                                1.v                  
=====================================================================================================
signed_int_mul_p_2_L1
 m_unsigned_int_mul
  m_approx_t
   mux_261_55
    
    module:bmux_63
     very_fast       binary_mux n/a        1x16x16    16         85.46  261  55 signed_int_mul_p_2_L 
                                                                                1.v                  
=====================================================================================================
signed_int_mul_p_2_L1
 m_unsigned_int_mul
  m_approx_t
   mux_262_55
    
    module:bmux_63
     very_fast       binary_mux n/a        1x16x16    16         85.46  262  55 signed_int_mul_p_2_L 
                                                                                1.v                  
=====================================================================================================
signed_int_mul_p_2_L1
 m_unsigned_int_mul
  m_approx_t
   mux_267_26
    
    module:bmux_52
     very_fast       binary_mux n/a        1x1x1      1           5.34  267  26 signed_int_mul_p_2_L 
                                                                                1.v                  
=====================================================================================================
signed_int_mul_p_2_L1
 m_unsigned_int_mul
  m_approx_t
   mux_268_49
    
    module:bmux_60
     very_fast       binary_mux n/a        1x2x2      2          10.68  268  49 signed_int_mul_p_2_L 
                                                                                1.v                  
=====================================================================================================
signed_int_mul_p_2_L1
 m_unsigned_int_mul
  m_approx_t
   mux_269_49
    
    module:bmux_60
     very_fast       binary_mux n/a        1x2x2      2          10.68  269  49 signed_int_mul_p_2_L 
                                                                                1.v                  
=====================================================================================================
signed_int_mul_p_2_L1
 m_unsigned_int_mul
  m_approx_t
   mux_270_49
    
    module:bmux_52
     very_fast       binary_mux n/a        1x1x1      1           5.34  270  49 signed_int_mul_p_2_L 
                                                                                1.v                  
=====================================================================================================
signed_int_mul_p_2_L1
 m_unsigned_int_mul
  m_approx_t
   mux_283_30
    
    module:bmux_62
     very_fast       binary_mux n/a        1x9x9      9          48.07  283  30 signed_int_mul_p_2_L 
                                                                                1.v                  
=====================================================================================================
signed_int_mul_p_2_L1
 m_unsigned_int_mul
  m_approx_t
   mux_284_30
    
    module:bmux_62
     very_fast       binary_mux n/a        1x9x9      9          48.07  284  30 signed_int_mul_p_2_L 
                                                                                1.v                  
=====================================================================================================
signed_int_mul_p_2_L1
 m_unsigned_int_mul
  m_approx_t
   mux_297_49
    
    module:bmux_54
     very_fast       binary_mux n/a        1x4x4      4          21.37  297  49 signed_int_mul_p_2_L 
                                                                                1.v                  
=====================================================================================================
signed_int_mul_p_2_L1
 m_unsigned_int_mul
  m_approx_t
   mux_298_49
    
    module:bmux_54
     very_fast       binary_mux n/a        1x4x4      4          21.37  298  49 signed_int_mul_p_2_L 
                                                                                1.v                  
=====================================================================================================
signed_int_mul_p_2_L1
 m_unsigned_int_mul
  m_approx_t
   mux_299_49
    
    module:bmux_54
     very_fast       binary_mux n/a        1x4x4      4          21.37  299  49 signed_int_mul_p_2_L 
                                                                                1.v                  
=====================================================================================================
signed_int_mul_p_2_L1
 m_unsigned_int_mul
  m_approx_t
   mux_321_39
    
    module:bmux_63
     very_fast       binary_mux n/a        1x16x16    16         85.46  321  39 signed_int_mul_p_2_L 
                                                                                1.v                  
=====================================================================================================
signed_int_mul_p_2_L1
 m_unsigned_int_mul
  m_approx_t
   mux_322_40
    
    module:bmux_63
     very_fast       binary_mux n/a        1x16x16    16         85.46  322  40 signed_int_mul_p_2_L 
                                                                                1.v                  
=====================================================================================================
signed_int_mul_p_2_L1
 m_unsigned_int_mul
  m_approx_t
   mux_Region_Enable_302_31
    
    module:mux_1
     very_fast           mux    n/a        4x1x1x1x1  1          10.68  302  31 signed_int_mul_p_2_L 
                                                                                1.v                  
=====================================================================================================
signed_int_mul_p_2_L1
 m_unsigned_int_mul
  m_approx_t
   sub_246_24
    
    module:sub_unsigned
     very_fast            -     unsigned   10x8       16        208.32  246  24 signed_int_mul_p_2_L 
                                                                                1.v                  
=====================================================================================================
signed_int_mul_p_2_L1
 m_unsigned_int_mul
  m_approx_t
   sub_250_24
    
    module:sub_unsigned_17
     very_fast            -     unsigned   10x9       16        220.34  250  24 signed_int_mul_p_2_L 
                                                                                1.v                  
=====================================================================================================
signed_int_mul_p_2_L1
 m_unsigned_int_mul
  m_approx_t
   sub_254_24
    
    module:sub_unsigned_17
     very_fast            -     unsigned   10x9       16        220.34  254  24 signed_int_mul_p_2_L 
                                                                                1.v                  
=====================================================================================================
signed_int_mul_p_2_L1
 m_unsigned_int_mul
  m_approx_t
   sub_258_24
    
    module:sub_unsigned_17
     very_fast            -     unsigned   10x9       16        220.34  258  24 signed_int_mul_p_2_L 
                                                                                1.v                  
=====================================================================================================
signed_int_mul_p_2_L1
 m_unsigned_int_mul
  m_approx_t
   sub_275_53
    
    module:sub_unsigned_41
     very_fast            -     unsigned   8x8        9         192.29  275  53 signed_int_mul_p_2_L 
                                                                                1.v                  
=====================================================================================================
signed_int_mul_p_2_L1
 m_unsigned_int_mul
  m_approx_t
   sub_276_53
    
    module:sub_unsigned_41
     very_fast            -     unsigned   8x8        9         192.29  276  53 signed_int_mul_p_2_L 
                                                                                1.v                  
=====================================================================================================
signed_int_mul_p_2_L1
 m_unsigned_int_mul
  scale_result_157_16:mux_scale_result_91_17
   
   module:bmux_63
    very_fast        binary_mux n/a        1x16x16    16         85.46   91  17 signed_int_mul_p_2_L 
                                                                                1.v                  
=====================================================================================================
signed_int_mul_p_2_L1
 m_unsigned_int_mul
  scale_result_157_16:mux_scale_result_93_26
   
   module:bmux_63
    very_fast        binary_mux n/a        1x16x16    16         85.46   93  26 signed_int_mul_p_2_L 
                                                                                1.v                  
=====================================================================================================
signed_int_mul_p_2_L1
 m_unsigned_int_mul
  scale_result_157_16:sll_94_46
   
   module:shift_left_vlog_unsigned
    very_fast/barrel     <<     x          16x3       16        241.70   94  46 signed_int_mul_p_2_L 
                                                                                1.v                  
=====================================================================================================
signed_int_mul_p_2_L1
 m_unsigned_int_mul
  scale_result_157_16:srl_96_38
   
   module:shift_right_vlog_unsigned
    very_fast/barrel     >>     x          16x3       16        241.70   96  38 signed_int_mul_p_2_L 
                                                                                1.v                  
=====================================================================================================
signed_int_mul_p_2_L1
 m_unsigned_int_mul
  sll_112_25
   
   module:shift_left_vlog_unsigned_196
    very_fast/barrel     <<     x          7x3        7          97.48  112  25 signed_int_mul_p_2_L 
                                                                                1.v                  
=====================================================================================================
signed_int_mul_p_2_L1
 m_unsigned_int_mul
  sll_113_25
   
   module:shift_left_vlog_unsigned_196
    very_fast/barrel     <<     x          7x3        7          97.48  113  25 signed_int_mul_p_2_L 
                                                                                1.v                  
=====================================================================================================
signed_int_mul_p_2_L1
 mux_24_20
  
  module:bmux_235
   very_fast         binary_mux n/a        1x8x8      8          42.73   24  20 signed_int_mul_p_2_L 
                                                                                1.v                  
=====================================================================================================
signed_int_mul_p_2_L1
 mux_25_20
  
  module:bmux_235
   very_fast         binary_mux n/a        1x8x8      8          42.73   25  20 signed_int_mul_p_2_L 
                                                                                1.v                  
=====================================================================================================
signed_int_mul_p_2_L1
 mux_58_16
  
  module:bmux_63
   very_fast         binary_mux n/a        1x16x16    16         85.46   58  16 signed_int_mul_p_2_L 
                                                                                1.v                  
=====================================================================================================

      Type       CellArea Percentage 
-------------------------------------
datapath modules  5616.54      69.09 
external muxes    1442.19      17.74 
others            1070.96      13.17 
-------------------------------------
total             8129.69     100.00 

