

Working Directory = /home/redhat315bd/physical_design_nipun/Physical_design
QoS Summary for fixed_point_mul_p_0_L4
================================================================================
Metric                          fixed_point_mul_p_0_L4_syn_generic
================================================================================
Slack (ps):                      -810
  R2R (ps):                  no_value
  I2R (ps):                  no_value
  R2O (ps):                  no_value
  I2O (ps):                      -810
  CG  (ps):                  no_value
TNS (ps):                     -12,526
  R2R (ps):                  no_value
  I2R (ps):                  no_value
  R2O (ps):                  no_value
  I2O (ps):                   -12,526
  CG  (ps):                  no_value
Failing Paths:                     16
Cell Area:                      3,115
Total Cell Area:                3,115
Leaf Instances:                 1,164
Total Instances:                1,164
Utilization (%):                 0.00
Tot. Net Length (um):        no_value
Avg. Net Length (um):        no_value
Route Overflow H (%):        no_value
Route Overflow V (%):        no_value
MBCI(%) (bits/gate) :            0.00
Norm Cong Hotspot Area:
  Max Cong:                  no_value
  Tot Cong:                  no_value
================================================================================
CPU  Runtime (h:m:s):        00:30:14
Real Runtime (h:m:s):        00:30:14
CPU  Elapsed (h:m:s):        00:30:16
Real Elapsed (h:m:s):        00:30:15
Memory (MB):                  1635.81
================================================================================
================================================================================
Flow Settings:
================================================================================
Total Runtime (h:m:s): 00:30:14
Total Memory (MB):     1635.81
Executable Version:    21.10-p002_1
================================================================================
Total Cell Area =  Cell Area + Physical Cell Area
Total Instances =  Leaf Instances + Physical Instances


