============================================================
  Generated by:           Genus(TM) Synthesis Solution 21.10-p002_1
  Generated on:           Jun 19 2026  11:19:54 am
  Module:                 fplns_FP32
  Technology library:     fast_vdd1v0 1.0
  Operating conditions:   PVT_1P1V_0C (balanced_tree)
  Wireload mode:          enclosed
  Area mode:              timing library
============================================================

Timing
--------

Clock Period 
-------------
vclk  1000.0 


  Cost    Critical             Violating 
 Group   Path Slack    TNS       Paths   
-----------------------------------------
default    No paths       0.0            
vclk         -246.0   -7598.5         31 
-----------------------------------------
Total                 -7598.5         31 

Instance Count
--------------
Leaf Instance Count             605 
Physical Instance count           0 
Sequential Instance Count         0 
Combinational Instance Count    605 
Hierarchical Instance Count       0 

Area
----
Cell Area                          1028.394
Physical Cell Area                 0.000
Total Cell Area (Cell+Physical)    1028.394
Net Area                           0.000
Total Area (Cell+Physical+Net)     1028.394

Runtime                            0.0 seconds
Elapsed Runtime                    17 seconds
Genus peak memory usage            1657.91 
Innovus peak memory usage          no_value 
Hostname                           redhat315b
