============================================================
  Generated by:           Genus(TM) Synthesis Solution 21.10-p002_1
  Generated on:           Jun 19 2026  11:19:54 am
  Module:                 fplns_FP32
  Technology library:     fast_vdd1v0 1.0
  Operating conditions:   PVT_1P1V_0C (balanced_tree)
  Wireload mode:          enclosed
  Area mode:              timing library
============================================================

                                  Leakage  
   Gate     Instances    Area   Power (nW)     Library    
----------------------------------------------------------
ADDFX1             10    51.300      3.296    fast_vdd1v0 
ADDFXL              1     6.840      0.301    fast_vdd1v0 
ADDHX1             11    41.382      2.960    fast_vdd1v0 
ADDHXL              1     4.788      0.238    fast_vdd1v0 
AND2X1             10    13.680      0.878    fast_vdd1v0 
AND2X2              1     1.710      0.125    fast_vdd1v0 
AND2XL             11    15.048      0.788    fast_vdd1v0 
AO21XL              1     2.394      0.097    fast_vdd1v0 
AOI21X1            15    25.650      1.609    fast_vdd1v0 
AOI21X2             2     5.472      0.389    fast_vdd1v0 
AOI21XL             5     8.550      0.348    fast_vdd1v0 
AOI2BB1X1           4     8.208      0.528    fast_vdd1v0 
AOI2BB1XL           2     4.104      0.240    fast_vdd1v0 
BUFX3               6    12.312      0.996    fast_vdd1v0 
CLKAND2X12          1     7.524      0.754    fast_vdd1v0 
CLKAND2X2           2     4.104      0.256    fast_vdd1v0 
CLKBUFX2            5     8.550      0.586    fast_vdd1v0 
CLKINVX4            3     5.130      0.514    fast_vdd1v0 
CLKXOR2X2           1     3.420      0.219    fast_vdd1v0 
INVX1              33    22.572      1.520    fast_vdd1v0 
INVX2               6     6.156      0.522    fast_vdd1v0 
INVX3               1     1.368      0.115    fast_vdd1v0 
INVX6               1     2.394      0.230    fast_vdd1v0 
INVXL              44    30.096      1.491    fast_vdd1v0 
MXI2X1              4    10.944      0.589    fast_vdd1v0 
MXI2XL             15    35.910      1.613    fast_vdd1v0 
NAND2BX1            5     6.840      0.552    fast_vdd1v0 
NAND2BXL           22    30.096      1.763    fast_vdd1v0 
NAND2X1            31    31.806      2.160    fast_vdd1v0 
NAND2XL            65    66.690      2.969    fast_vdd1v0 
NAND3BX1            1     2.052      0.153    fast_vdd1v0 
NAND3X1             2     3.420      0.198    fast_vdd1v0 
NAND3XL             2     3.420      0.123    fast_vdd1v0 
NOR2BX1            18    24.624      1.851    fast_vdd1v0 
NOR2BX2             1     2.736      0.168    fast_vdd1v0 
NOR2BXL             7    11.970      0.535    fast_vdd1v0 
NOR2X1             51    52.326      3.750    fast_vdd1v0 
NOR2X2              9    15.390      1.322    fast_vdd1v0 
NOR2XL             45    46.170      2.081    fast_vdd1v0 
NOR3BX1             1     2.052      0.117    fast_vdd1v0 
NOR3BXL             2     4.104      0.173    fast_vdd1v0 
NOR3X1              7    11.970      0.609    fast_vdd1v0 
NOR3XL              3     5.130      0.203    fast_vdd1v0 
OA21X1              1     2.052      0.116    fast_vdd1v0 
OAI211X1            1     1.710      0.126    fast_vdd1v0 
OAI21X1            22    37.620      2.185    fast_vdd1v0 
OAI21XL             6    10.260      0.380    fast_vdd1v0 
OAI2BB1X1          29    49.590      3.408    fast_vdd1v0 
OAI2BB2XL           1     3.762      0.155    fast_vdd1v0 
OR2X8              30   133.380     14.480    fast_vdd1v0 
OR2XL               5     6.840      0.403    fast_vdd1v0 
OR3XL               1     2.052      0.093    fast_vdd1v0 
XNOR2X1            31    74.214      5.669    fast_vdd1v0 
XOR2XL              6    16.416      1.021    fast_vdd1v0 
XOR3XL              4    30.096      1.446    fast_vdd1v0 
----------------------------------------------------------
total             605  1028.394     69.410                


                                           Leakage  Leakage 
     Type      Instances   Area   Area % Power (nW) Power % 
------------------------------------------------------------
inverter              88   67.716    6.6      4.391     6.3 
buffer                11   20.862    2.0      1.582     2.3 
logic                506  939.816   91.4     63.437    91.4 
physical_cells         0    0.000    0.0      0.000     0.0 
------------------------------------------------------------
total                605 1028.394  100.0     69.410   100.0 

