============================================================
  Generated by:           Genus(TM) Synthesis Solution 21.10-p002_1
  Generated on:           Apr 11 2026  03:19:45 pm
  Module:                 signed_int_mul_p_0_L0
  Technology libraries:   fast_vdd1v0 1.0
                          physical_cells 
  Operating conditions:   PVT_1P1V_0C 
  Interconnect mode:      global
  Area mode:              physical library
============================================================

              Instance                             Module                Cell Count  Cell Area  Net Area   Total Area 
----------------------------------------------------------------------------------------------------------------------
signed_int_mul_p_0_L0                                                          1223   3262.294    11.860     3274.153 
  m_unsigned_int_mul                 unsigned_int_mul                          1022   2725.477     0.000     2725.477 
    lod_a                            leading_one_detector_WIDTH8                 14     37.390     0.000       37.390 
    lod_b                            leading_one_detector_WIDTH8_89              14     37.390     0.000       37.390 
    m_approx_t                       approx_t_WIDTH8                            662   1764.016     0.000     1764.016 
      WALLACE_CSA_DUMMY_OP204_groupi WALLACE_CSA_DUMMY_OP204_group_1241         207    552.841     0.000      552.841 
      WALLACE_CSA_DUMMY_OP_groupi556 WALLACE_CSA_DUMMY_OP_group_226             159    424.646     0.000      424.646 
      bms0                           bit_mask_sel_WIDTH16                       147    391.262     0.000      391.262 
      bms1                           bit_mask_sel_WIDTH16_88                     45    120.183     0.000      120.183 
      bms2                           bit_mask_sel_WIDTH16_87                     37     98.817     0.000       98.817 
