============================================================
  Generated by:           Genus(TM) Synthesis Solution 21.10-p002_1
  Generated on:           Apr 11 2026  03:19:45 pm
  Module:                 signed_int_mul_p_0_L0
  Technology libraries:   fast_vdd1v0 1.0
                          physical_cells 
  Operating conditions:   PVT_1P1V_0C 
  Interconnect mode:      global
  Area mode:              physical library
============================================================

Timing
--------

Clock Period 
-------------
VCLK  1000.0 


  Cost    Critical              Violating 
 Group   Path Slack     TNS       Paths   
------------------------------------------
default    No paths        0.0            
VCLK         -804.1   -12001.5         16 
------------------------------------------
Total                 -12001.5         16 

Instance Count
--------------
Leaf Instance Count             1223 
Physical Instance count            0 
Sequential Instance Count          0 
Combinational Instance Count    1223 
Hierarchical Instance Count        9 

Area
----
Cell Area                          3262.294
Physical Cell Area                 0.000
Total Cell Area (Cell+Physical)    3262.294
Net Area                           11.859
Total Area (Cell+Physical+Net)     3274.153

Runtime                            0.0 seconds
Elapsed Runtime                    17 seconds
Genus peak memory usage            1632.83 
Innovus peak memory usage          no_value 
Hostname                           redhat315b
