Command: report datapath -all -print_inferred > ./genus/reports/fixed_point_mul_p_0_L5/cadence_45nm/post_elaboration/syn_generic_datapath_report.rpt
============================================================
  Generated by:           Genus(TM) Synthesis Solution 21.10-p002_1
  Generated on:           Apr 11 2026  03:06:49 pm
  Module:                 fixed_point_mul_p_0_L5
  Technology libraries:   fast_vdd1v0 1.0
                          physical_cells 
  Operating conditions:   PVT_1P1V_0C 
  Interconnect mode:      global
  Area mode:              physical library
============================================================


Inferred components

                      Operator  Signedness   Inputs   Outputs CellArea Line Col       Filename       
=====================================================================================================
fixed_point_mul_p_0_L5
 add_30_45
  
  module:add_unsigned_233
   very_fast              +     unsigned   8x1        8          68.10   30  45 fixed_point_mul_p_0_ 
                                                                                L5.v                 
=====================================================================================================
fixed_point_mul_p_0_L5
 add_31_45
  
  module:add_unsigned_233
   very_fast              +     unsigned   8x1        8          68.10   31  45 fixed_point_mul_p_0_ 
                                                                                L5.v                 
=====================================================================================================
fixed_point_mul_p_0_L5
 add_38_36
  
  module:add_unsigned_24
   very_fast              +     unsigned   16x1       16        166.92   38  36 fixed_point_mul_p_0_ 
                                                                                L5.v                 
=====================================================================================================
fixed_point_mul_p_0_L5
 m_unsigned_int_mul
  add_68_33
   
   module:add_unsigned_82
    very_fast             +     unsigned   3x3        4          41.40   68  33 fixed_point_mul_p_0_ 
                                                                                L5.v                 
=====================================================================================================
fixed_point_mul_p_0_L5
 m_unsigned_int_mul
  lod_a
   mux_reg_position_105_29
    
    module:mux
     very_fast           mux    n/a        8x3x3x3x3x 3          64.10  105  29 fixed_point_mul_p_0_ 
                                           3x3x3x3                              L5.v                 
=====================================================================================================
fixed_point_mul_p_0_L5
 m_unsigned_int_mul
  lod_b
   mux_reg_position_105_29
    
    module:mux
     very_fast           mux    n/a        8x3x3x3x3x 3          64.10  105  29 fixed_point_mul_p_0_ 
                                           3x3x3x3                              L5.v                 
=====================================================================================================
fixed_point_mul_p_0_L5
 m_unsigned_int_mul
  m_approx_t
   add_133_44
    
    module:add_unsigned_6
     very_fast            +     unsigned   8x8        9         178.94  133  44 fixed_point_mul_p_0_ 
                                                                                L5.v                 
=====================================================================================================
fixed_point_mul_p_0_L5
 m_unsigned_int_mul
  m_approx_t
   add_134_21
    
    module:add_unsigned_8
     very_fast            +     unsigned   9x8        10        186.95  134  21 fixed_point_mul_p_0_ 
                                                                                L5.v                 
=====================================================================================================
fixed_point_mul_p_0_L5
 m_unsigned_int_mul
  m_approx_t
   add_182_54
    
    module:add_unsigned_24
     very_fast            +     unsigned   16x1       16        166.92  182  54 fixed_point_mul_p_0_ 
                                                                                L5.v                 
=====================================================================================================
fixed_point_mul_p_0_L5
 m_unsigned_int_mul
  m_approx_t
   add_182_63
    
    module:add_unsigned_24
     very_fast            +     unsigned   16x1       16        166.92  182  63 fixed_point_mul_p_0_ 
                                                                                L5.v                 
=====================================================================================================
fixed_point_mul_p_0_L5
 m_unsigned_int_mul
  m_approx_t
   add_200_58
    
    module:add_unsigned_24
     very_fast            +     unsigned   16x1       16        166.92  200  58 fixed_point_mul_p_0_ 
                                                                                L5.v                 
=====================================================================================================
fixed_point_mul_p_0_L5
 m_unsigned_int_mul
  m_approx_t
   add_201_60
    
    module:add_unsigned_24
     very_fast            +     unsigned   16x1       16        166.92  201  60 fixed_point_mul_p_0_ 
                                                                                L5.v                 
=====================================================================================================
fixed_point_mul_p_0_L5
 m_unsigned_int_mul
  m_approx_t
   add_220_52
    
    module:add_unsigned_24
     very_fast            +     unsigned   16x1       16        166.92  220  52 fixed_point_mul_p_0_ 
                                                                                L5.v                 
=====================================================================================================
fixed_point_mul_p_0_L5
 m_unsigned_int_mul
  m_approx_t
   add_220_61
    
    module:add_unsigned_24
     very_fast            +     unsigned   16x1       16        166.92  220  61 fixed_point_mul_p_0_ 
                                                                                L5.v                 
=====================================================================================================
fixed_point_mul_p_0_L5
 m_unsigned_int_mul
  m_approx_t
   add_231_24
    
    module:add_unsigned
     very_fast            +     unsigned   16x16      16        401.94  231  24 fixed_point_mul_p_0_ 
                                                                                L5.v                 
=====================================================================================================
fixed_point_mul_p_0_L5
 m_unsigned_int_mul
  m_approx_t
   add_231_34
    
    module:add_unsigned
     very_fast            +     unsigned   16x16      16        401.94  231  34 fixed_point_mul_p_0_ 
                                                                                L5.v                 
=====================================================================================================
fixed_point_mul_p_0_L5
 m_unsigned_int_mul
  m_approx_t
   bms0
    add_261_31
     
     module:add_unsigned
      very_fast           +     unsigned   16x16      16        401.94  261  31 fixed_point_mul_p_0_ 
                                                                                L5.v                 
=====================================================================================================
fixed_point_mul_p_0_L5
 m_unsigned_int_mul
  m_approx_t
   bms0
    mux_reg_r_253_19
     
     module:bmux
      very_fast      binary_mux n/a        2x16x16x16 16        170.93  253  19 fixed_point_mul_p_0_ 
                                           x16                                  L5.v                 
=====================================================================================================
fixed_point_mul_p_0_L5
 m_unsigned_int_mul
  m_approx_t
   bms1
    add_261_31
     
     module:add_unsigned
      very_fast           +     unsigned   16x16      16        401.94  261  31 fixed_point_mul_p_0_ 
                                                                                L5.v                 
=====================================================================================================
fixed_point_mul_p_0_L5
 m_unsigned_int_mul
  m_approx_t
   bms1
    mux_reg_r_253_19
     
     module:bmux
      very_fast      binary_mux n/a        2x16x16x16 16        170.93  253  19 fixed_point_mul_p_0_ 
                                           x16                                  L5.v                 
=====================================================================================================
fixed_point_mul_p_0_L5
 m_unsigned_int_mul
  m_approx_t
   bms2
    add_261_31
     
     module:add_unsigned
      very_fast           +     unsigned   16x16      16        401.94  261  31 fixed_point_mul_p_0_ 
                                                                                L5.v                 
=====================================================================================================
fixed_point_mul_p_0_L5
 m_unsigned_int_mul
  m_approx_t
   bms2
    mux_reg_r_253_19
     
     module:bmux
      very_fast      binary_mux n/a        2x16x16x16 16        170.93  253  19 fixed_point_mul_p_0_ 
                                           x16                                  L5.v                 
=====================================================================================================
fixed_point_mul_p_0_L5
 m_unsigned_int_mul
  m_approx_t
   mux_142_19
    
    module:bmux_51
     very_fast       binary_mux n/a        1x12x12    12         64.10  142  19 fixed_point_mul_p_0_ 
                                                                                L5.v                 
=====================================================================================================
fixed_point_mul_p_0_L5
 m_unsigned_int_mul
  m_approx_t
   mux_144_23
    
    module:bmux_52
     very_fast       binary_mux n/a        1x16x16    16         85.46  144  23 fixed_point_mul_p_0_ 
                                                                                L5.v                 
=====================================================================================================
fixed_point_mul_p_0_L5
 m_unsigned_int_mul
  m_approx_t
   mux_155_39
    
    module:bmux_55
     very_fast       binary_mux n/a        1x13x13    13         69.44  155  39 fixed_point_mul_p_0_ 
                                                                                L5.v                 
=====================================================================================================
fixed_point_mul_p_0_L5
 m_unsigned_int_mul
  m_approx_t
   mux_156_39
    
    module:bmux_53
     very_fast       binary_mux n/a        1x2x2      2          10.68  156  39 fixed_point_mul_p_0_ 
                                                                                L5.v                 
=====================================================================================================
fixed_point_mul_p_0_L5
 m_unsigned_int_mul
  m_approx_t
   mux_157_39
    
    module:bmux_53
     very_fast       binary_mux n/a        1x2x2      2          10.68  157  39 fixed_point_mul_p_0_ 
                                                                                L5.v                 
=====================================================================================================
fixed_point_mul_p_0_L5
 m_unsigned_int_mul
  m_approx_t
   mux_159_41
    
    module:bmux_55
     very_fast       binary_mux n/a        1x13x13    13         69.44  159  41 fixed_point_mul_p_0_ 
                                                                                L5.v                 
=====================================================================================================
fixed_point_mul_p_0_L5
 m_unsigned_int_mul
  m_approx_t
   mux_164_23
    
    module:bmux_52
     very_fast       binary_mux n/a        1x16x16    16         85.46  164  23 fixed_point_mul_p_0_ 
                                                                                L5.v                 
=====================================================================================================
fixed_point_mul_p_0_L5
 m_unsigned_int_mul
  m_approx_t
   mux_164_35
    
    module:bmux_52
     very_fast       binary_mux n/a        1x16x16    16         85.46  164  35 fixed_point_mul_p_0_ 
                                                                                L5.v                 
=====================================================================================================
fixed_point_mul_p_0_L5
 m_unsigned_int_mul
  m_approx_t
   mux_165_37
    
    module:bmux_52
     very_fast       binary_mux n/a        1x16x16    16         85.46  165  37 fixed_point_mul_p_0_ 
                                                                                L5.v                 
=====================================================================================================
fixed_point_mul_p_0_L5
 m_unsigned_int_mul
  m_approx_t
   mux_174_39
    
    module:bmux_62
     very_fast       binary_mux n/a        1x14x14    14         74.78  174  39 fixed_point_mul_p_0_ 
                                                                                L5.v                 
=====================================================================================================
fixed_point_mul_p_0_L5
 m_unsigned_int_mul
  m_approx_t
   mux_175_39
    
    module:bmux_53
     very_fast       binary_mux n/a        1x2x2      2          10.68  175  39 fixed_point_mul_p_0_ 
                                                                                L5.v                 
=====================================================================================================
fixed_point_mul_p_0_L5
 m_unsigned_int_mul
  m_approx_t
   mux_176_39
    
    module:bmux_53
     very_fast       binary_mux n/a        1x2x2      2          10.68  176  39 fixed_point_mul_p_0_ 
                                                                                L5.v                 
=====================================================================================================
fixed_point_mul_p_0_L5
 m_unsigned_int_mul
  m_approx_t
   mux_178_42
    
    module:bmux_62
     very_fast       binary_mux n/a        1x14x14    14         74.78  178  42 fixed_point_mul_p_0_ 
                                                                                L5.v                 
=====================================================================================================
fixed_point_mul_p_0_L5
 m_unsigned_int_mul
  m_approx_t
   mux_181_23
    
    module:bmux_52
     very_fast       binary_mux n/a        1x16x16    16         85.46  181  23 fixed_point_mul_p_0_ 
                                                                                L5.v                 
=====================================================================================================
fixed_point_mul_p_0_L5
 m_unsigned_int_mul
  m_approx_t
   mux_181_35
    
    module:bmux_62
     very_fast       binary_mux n/a        1x14x14    14         74.78  181  35 fixed_point_mul_p_0_ 
                                                                                L5.v                 
=====================================================================================================
fixed_point_mul_p_0_L5
 m_unsigned_int_mul
  m_approx_t
   mux_182_37
    
    module:bmux_52
     very_fast       binary_mux n/a        1x16x16    16         85.46  182  37 fixed_point_mul_p_0_ 
                                                                                L5.v                 
=====================================================================================================
fixed_point_mul_p_0_L5
 m_unsigned_int_mul
  m_approx_t
   mux_193_39
    
    module:bmux_69
     very_fast       binary_mux n/a        1x15x15    15         80.12  193  39 fixed_point_mul_p_0_ 
                                                                                L5.v                 
=====================================================================================================
fixed_point_mul_p_0_L5
 m_unsigned_int_mul
  m_approx_t
   mux_194_39
    
    module:bmux_53
     very_fast       binary_mux n/a        1x2x2      2          10.68  194  39 fixed_point_mul_p_0_ 
                                                                                L5.v                 
=====================================================================================================
fixed_point_mul_p_0_L5
 m_unsigned_int_mul
  m_approx_t
   mux_195_39
    
    module:bmux_53
     very_fast       binary_mux n/a        1x2x2      2          10.68  195  39 fixed_point_mul_p_0_ 
                                                                                L5.v                 
=====================================================================================================
fixed_point_mul_p_0_L5
 m_unsigned_int_mul
  m_approx_t
   mux_197_42
    
    module:bmux_69
     very_fast       binary_mux n/a        1x15x15    15         80.12  197  42 fixed_point_mul_p_0_ 
                                                                                L5.v                 
=====================================================================================================
fixed_point_mul_p_0_L5
 m_unsigned_int_mul
  m_approx_t
   mux_200_23
    
    module:bmux_52
     very_fast       binary_mux n/a        1x16x16    16         85.46  200  23 fixed_point_mul_p_0_ 
                                                                                L5.v                 
=====================================================================================================
fixed_point_mul_p_0_L5
 m_unsigned_int_mul
  m_approx_t
   mux_200_35
    
    module:bmux_52
     very_fast       binary_mux n/a        1x16x16    16         85.46  200  35 fixed_point_mul_p_0_ 
                                                                                L5.v                 
=====================================================================================================
fixed_point_mul_p_0_L5
 m_unsigned_int_mul
  m_approx_t
   mux_201_37
    
    module:bmux_52
     very_fast       binary_mux n/a        1x16x16    16         85.46  201  37 fixed_point_mul_p_0_ 
                                                                                L5.v                 
=====================================================================================================
fixed_point_mul_p_0_L5
 m_unsigned_int_mul
  m_approx_t
   mux_212_39
    
    module:bmux_52
     very_fast       binary_mux n/a        1x16x16    16         85.46  212  39 fixed_point_mul_p_0_ 
                                                                                L5.v                 
=====================================================================================================
fixed_point_mul_p_0_L5
 m_unsigned_int_mul
  m_approx_t
   mux_213_39
    
    module:bmux_53
     very_fast       binary_mux n/a        1x2x2      2          10.68  213  39 fixed_point_mul_p_0_ 
                                                                                L5.v                 
=====================================================================================================
fixed_point_mul_p_0_L5
 m_unsigned_int_mul
  m_approx_t
   mux_214_39
    
    module:bmux_53
     very_fast       binary_mux n/a        1x2x2      2          10.68  214  39 fixed_point_mul_p_0_ 
                                                                                L5.v                 
=====================================================================================================
fixed_point_mul_p_0_L5
 m_unsigned_int_mul
  m_approx_t
   mux_216_42
    
    module:bmux_52
     very_fast       binary_mux n/a        1x16x16    16         85.46  216  42 fixed_point_mul_p_0_ 
                                                                                L5.v                 
=====================================================================================================
fixed_point_mul_p_0_L5
 m_unsigned_int_mul
  m_approx_t
   mux_219_23
    
    module:bmux_52
     very_fast       binary_mux n/a        1x16x16    16         85.46  219  23 fixed_point_mul_p_0_ 
                                                                                L5.v                 
=====================================================================================================
fixed_point_mul_p_0_L5
 m_unsigned_int_mul
  m_approx_t
   mux_219_35
    
    module:bmux_52
     very_fast       binary_mux n/a        1x16x16    16         85.46  219  35 fixed_point_mul_p_0_ 
                                                                                L5.v                 
=====================================================================================================
fixed_point_mul_p_0_L5
 m_unsigned_int_mul
  m_approx_t
   mux_220_35
    
    module:bmux_52
     very_fast       binary_mux n/a        1x16x16    16         85.46  220  35 fixed_point_mul_p_0_ 
                                                                                L5.v                 
=====================================================================================================
fixed_point_mul_p_0_L5
 m_unsigned_int_mul
  m_approx_t
   sub_135_21
    
    module:sub_unsigned
     very_fast            -     unsigned   10x9       16        220.34  135  21 fixed_point_mul_p_0_ 
                                                                                L5.v                 
=====================================================================================================
fixed_point_mul_p_0_L5
 m_unsigned_int_mul
  mux_80_21
   
   module:bmux_52
    very_fast        binary_mux n/a        1x16x16    16         85.46   80  21 fixed_point_mul_p_0_ 
                                                                                L5.v                 
=====================================================================================================
fixed_point_mul_p_0_L5
 m_unsigned_int_mul
  mux_81_29
   
   module:bmux_52
    very_fast        binary_mux n/a        1x16x16    16         85.46   81  29 fixed_point_mul_p_0_ 
                                                                                L5.v                 
=====================================================================================================
fixed_point_mul_p_0_L5
 m_unsigned_int_mul
  sll_72_20
   
   module:shift_left_vlog_unsigned_204
    very_fast/barrel     <<     x          7x3        7          97.48   72  20 fixed_point_mul_p_0_ 
                                                                                L5.v                 
=====================================================================================================
fixed_point_mul_p_0_L5
 m_unsigned_int_mul
  sll_73_20
   
   module:shift_left_vlog_unsigned_204
    very_fast/barrel     <<     x          7x3        7          97.48   73  20 fixed_point_mul_p_0_ 
                                                                                L5.v                 
=====================================================================================================
fixed_point_mul_p_0_L5
 m_unsigned_int_mul
  sll_81_65
   
   module:shift_left_vlog_unsigned
    very_fast/barrel     <<     x          16x3       16        241.70   81  65 fixed_point_mul_p_0_ 
                                                                                L5.v                 
=====================================================================================================
fixed_point_mul_p_0_L5
 m_unsigned_int_mul
  srl_82_64
   
   module:shift_right_vlog_unsigned_86
    very_fast/barrel     >>     x          17x3       16        271.08   82  64 fixed_point_mul_p_0_ 
                                                                                L5.v                 
=====================================================================================================
fixed_point_mul_p_0_L5
 mux_30_20
  
  module:bmux_236
   very_fast         binary_mux n/a        1x8x8      8          42.73   30  20 fixed_point_mul_p_0_ 
                                                                                L5.v                 
=====================================================================================================
fixed_point_mul_p_0_L5
 mux_31_20
  
  module:bmux_236
   very_fast         binary_mux n/a        1x8x8      8          42.73   31  20 fixed_point_mul_p_0_ 
                                                                                L5.v                 
=====================================================================================================
fixed_point_mul_p_0_L5
 mux_38_17
  
  module:bmux_52
   very_fast         binary_mux n/a        1x16x16    16         85.46   38  17 fixed_point_mul_p_0_ 
                                                                                L5.v                 
=====================================================================================================

      Type       CellArea Percentage 
-------------------------------------
datapath modules  4649.74      58.02 
external muxes    2852.34      35.59 
others             511.44       6.38 
-------------------------------------
total             8013.52     100.00 

