============================================================
  Generated by:           Genus(TM) Synthesis Solution 21.10-p002_1
  Generated on:           Apr 11 2026  04:23:40 pm
  Module:                 unsigned_int_mul_p_0_L2
  Technology libraries:   fast_vdd1v0 1.0
                          physical_cells 
  Operating conditions:   PVT_1P1V_0C 
  Interconnect mode:      global
  Area mode:              physical library
============================================================

Timing
--------

Clock Period 
-------------
VCLK  1000.0 


  Cost    Critical             Violating 
 Group   Path Slack    TNS       Paths   
-----------------------------------------
default    No paths       0.0            
VCLK         -566.4   -8874.8         16 
-----------------------------------------
Total                 -8874.8         16 

Instance Count
--------------
Leaf Instance Count             1005 
Physical Instance count            0 
Sequential Instance Count          0 
Combinational Instance Count    1005 
Hierarchical Instance Count        8 

Area
----
Cell Area                          2680.075
Physical Cell Area                 0.000
Total Cell Area (Cell+Physical)    2680.075
Net Area                           11.860
Total Area (Cell+Physical+Net)     2691.935

Runtime                            0.0 seconds
Elapsed Runtime                    17 seconds
Genus peak memory usage            1639.32 
Innovus peak memory usage          no_value 
Hostname                           redhat315b
