============================================================
  Generated by:           Genus(TM) Synthesis Solution 21.10-p002_1
  Generated on:           Apr 11 2026  03:04:23 pm
  Module:                 fixed_point_mul_p_0_L3
  Technology libraries:   fast_vdd1v0 1.0
                          physical_cells 
  Operating conditions:   PVT_1P1V_0C 
  Interconnect mode:      global
  Area mode:              physical library
============================================================

       Instance                    Module              Cell Count  Cell Area  Net Area   Total Area 
----------------------------------------------------------------------------------------------------
fixed_point_mul_p_0_L3                                       1287   4274.658  1441.292     5715.950 
  m_unsigned_int_mul   unsigned_int_mul                      1044   3373.488  1128.645     4502.133 
    lod_a              leading_one_detector_WIDTH8             19     66.006    12.582       78.588 
    lod_b              leading_one_detector_WIDTH8_89          20     70.452    13.323       83.775 
    m_approx_t         approx_t_WIDTH8                        635   2073.888   674.937     2748.825 
      bms0             bit_mask_sel_WIDTH16                   160    551.304   151.591      702.895 
      bms1             bit_mask_sel_WIDTH16_88                 44    116.280    41.908      158.188 
      bms2             bit_mask_sel_WIDTH16_87                 25     45.828    21.001       66.829 
