============================================================
  Generated by:           Genus(TM) Synthesis Solution 21.10-p002_1
  Generated on:           Apr 11 2026  04:23:46 pm
  Module:                 unsigned_int_mul_p_0_L2
  Technology libraries:   fast_vdd1v0 1.0
                          physical_cells 
  Operating conditions:   PVT_1P1V_0C 
  Interconnect mode:      global
  Area mode:              physical library
============================================================

                                 Leakage  
   Gate    Instances    Area   Power (nW)     Library    
---------------------------------------------------------
ACHCONX2           4    50.616      2.509    fast_vdd1v0 
ADDFHX1            2    15.048      0.813    fast_vdd1v0 
ADDFHX2            1     8.208      0.508    fast_vdd1v0 
ADDFHX4            2    19.152      1.386    fast_vdd1v0 
ADDFHXL            2    15.048      0.797    fast_vdd1v0 
ADDFX1             6    30.780      2.009    fast_vdd1v0 
ADDFX2             1     7.866      0.398    fast_vdd1v0 
ADDHX1             7    26.334      1.872    fast_vdd1v0 
ADDHX2             3    15.390      0.993    fast_vdd1v0 
AND2X1            19    25.992      1.706    fast_vdd1v0 
AND2X2             2     3.420      0.281    fast_vdd1v0 
AND2X4             1     2.736      0.209    fast_vdd1v0 
AO22X1             1     2.736      0.116    fast_vdd1v0 
AOI21X1            2     3.420      0.202    fast_vdd1v0 
AOI21X2            6    16.416      1.236    fast_vdd1v0 
AOI21X4           20   102.600      7.906    fast_vdd1v0 
AOI221X4           1     7.866      0.631    fast_vdd1v0 
AOI22X1            4     8.208      0.510    fast_vdd1v0 
AOI22X2            4    15.048      0.847    fast_vdd1v0 
AOI22X4            5    30.780      2.435    fast_vdd1v0 
AOI2BB1X1          3     6.156      0.410    fast_vdd1v0 
AOI2BB1X2          3     9.234      0.660    fast_vdd1v0 
AOI2BB2X2          1     5.130      0.313    fast_vdd1v0 
AOI2BB2X4          1     7.524      0.581    fast_vdd1v0 
AOI31X1            2     4.104      0.260    fast_vdd1v0 
AOI31X4            2    12.996      0.868    fast_vdd1v0 
AOI32X4            1     7.866      0.639    fast_vdd1v0 
BUFX2             26    44.460      3.048    fast_vdd1v0 
BUFX3             10    20.520      1.674    fast_vdd1v0 
BUFX6              8    24.624      2.642    fast_vdd1v0 
CLKAND2X2          1     2.052      0.117    fast_vdd1v0 
CLKAND2X6          4    19.152      1.618    fast_vdd1v0 
CLKBUFX2           3     5.130      0.344    fast_vdd1v0 
CLKINVX1           2     2.052      0.108    fast_vdd1v0 
CLKINVX12          1     4.104      0.525    fast_vdd1v0 
CLKINVX20          1     6.498      0.884    fast_vdd1v0 
CLKINVX3           3     5.130      0.394    fast_vdd1v0 
CLKINVX4          28    47.880      4.797    fast_vdd1v0 
CLKINVX6          11    26.334      2.740    fast_vdd1v0 
CLKINVX8           3     9.234      1.045    fast_vdd1v0 
CLKMX2X3           3    12.312      0.818    fast_vdd1v0 
CLKXOR2X1          8    21.888      1.440    fast_vdd1v0 
CLKXOR2X2          2     6.840      0.438    fast_vdd1v0 
CLKXOR2X4          1     4.446      0.307    fast_vdd1v0 
INVX1             31    21.204      1.450    fast_vdd1v0 
INVX2             42    43.092      3.615    fast_vdd1v0 
INVX3             27    36.936      3.463    fast_vdd1v0 
INVX4              1     1.710      0.170    fast_vdd1v0 
INVX6              3     7.182      0.784    fast_vdd1v0 
MX2X1              1     2.394      0.155    fast_vdd1v0 
MXI2X1             2     5.472      0.277    fast_vdd1v0 
MXI2X2             2     8.892      0.472    fast_vdd1v0 
NAND2BX1           9    12.312      0.885    fast_vdd1v0 
NAND2BX2          11    26.334      1.816    fast_vdd1v0 
NAND2BX4          13    48.906      3.884    fast_vdd1v0 
NAND2X1           48    49.248      3.367    fast_vdd1v0 
NAND2X2           25    42.750      3.276    fast_vdd1v0 
NAND2X4           32   109.440      8.352    fast_vdd1v0 
NAND2X6           18    86.184      7.251    fast_vdd1v0 
NAND2X8           11    60.192      5.728    fast_vdd1v0 
NAND2XL            1     1.026      0.041    fast_vdd1v0 
NAND3BX4           3    15.390      1.120    fast_vdd1v0 
NAND3BXL           3     5.130      0.235    fast_vdd1v0 
NAND3X1            3     5.130      0.262    fast_vdd1v0 
NAND3X2            2     5.472      0.281    fast_vdd1v0 
NAND3X4            3    14.364      1.078    fast_vdd1v0 
NAND3X6            1     7.182      0.487    fast_vdd1v0 
NOR2BX1           12    16.416      1.276    fast_vdd1v0 
NOR2BX2            5    13.680      0.760    fast_vdd1v0 
NOR2BX4            6    22.572      1.763    fast_vdd1v0 
NOR2X1            24    24.624      1.576    fast_vdd1v0 
NOR2X2            19    32.490      2.429    fast_vdd1v0 
NOR2X4            35   107.730      9.427    fast_vdd1v0 
NOR2X6            18    73.872      7.229    fast_vdd1v0 
NOR2X8             3    16.416      1.410    fast_vdd1v0 
NOR3X4             5    25.650      1.896    fast_vdd1v0 
NOR3X6             1     7.182      0.644    fast_vdd1v0 
NOR3X8             1     8.892      0.721    fast_vdd1v0 
OA22X1             1     2.394      0.124    fast_vdd1v0 
OAI211X4           3    19.494      1.398    fast_vdd1v0 
OAI21X1            9    15.390      0.858    fast_vdd1v0 
OAI21X2            6    18.468      1.082    fast_vdd1v0 
OAI21X4           37   177.156     13.633    fast_vdd1v0 
OAI221X2           1     4.788      0.275    fast_vdd1v0 
OAI221X4           1     7.866      0.547    fast_vdd1v0 
OAI222X1           1     2.736      0.182    fast_vdd1v0 
OAI22X1            1     2.052      0.100    fast_vdd1v0 
OAI22X2            1     3.420      0.224    fast_vdd1v0 
OAI22X4            4    25.992      1.730    fast_vdd1v0 
OAI2BB1X1          4     6.840      0.442    fast_vdd1v0 
OAI2BB1X2          2     6.156      0.363    fast_vdd1v0 
OAI2BB1X4          5    22.230      1.671    fast_vdd1v0 
OAI2BB2X1          2     8.208      0.395    fast_vdd1v0 
OAI2BB2X2          1     5.472      0.268    fast_vdd1v0 
OAI2BB2XL          1     3.762      0.141    fast_vdd1v0 
OR2X1              6     8.208      0.618    fast_vdd1v0 
OR2X2              1     1.710      0.152    fast_vdd1v0 
OR2X4              1     2.736      0.246    fast_vdd1v0 
OR2X6              2     7.524      0.785    fast_vdd1v0 
OR2XL              1     1.368      0.103    fast_vdd1v0 
OR4X1              5    10.260      0.652    fast_vdd1v0 
XNOR2X1           17    40.698      3.238    fast_vdd1v0 
XNOR2X2            2     6.156      0.450    fast_vdd1v0 
XNOR3X1            4    30.096      1.550    fast_vdd1v0 
XOR2X4             1     4.104      0.316    fast_vdd1v0 
XOR2XL             1     2.736      0.170    fast_vdd1v0 
XOR3X1             2    15.048      0.784    fast_vdd1v0 
XOR3XL             1     7.524      0.375    fast_vdd1v0 
---------------------------------------------------------
total            766  2159.388    164.493                


                                           Leakage  Leakage 
     Type      Instances   Area   Area % Power (nW) Power % 
------------------------------------------------------------
inverter             153  211.356    9.8     19.977    12.1 
buffer                47   94.734    4.4      7.708     4.7 
logic                566 1853.298   85.8    136.808    83.2 
physical_cells         0    0.000    0.0      0.000     0.0 
------------------------------------------------------------
total                766 2159.388  100.0    164.493   100.0 

