============================================================
  Generated by:           Genus(TM) Synthesis Solution 21.10-p002_1
  Generated on:           Apr 11 2026  02:55:08 pm
  Module:                 unsigned_int_mul_p_2_L0
  Technology libraries:   fast_vdd1v0 1.0
                          physical_cells 
  Operating conditions:   PVT_1P1V_0C 
  Interconnect mode:      global
  Area mode:              physical library
============================================================

Timing
--------

Clock Period 
-------------
clk   1000.0 


  Cost    Critical         Violating 
 Group   Path Slack  TNS     Paths   
-------------------------------------
clk             4.7   0.0          0 
default    No paths   0.0            
-------------------------------------
Total                 0.0          0 

Instance Count
--------------
Leaf Instance Count             812 
Physical Instance count           0 
Sequential Instance Count        67 
Combinational Instance Count    745 
Hierarchical Instance Count       5 

Area
----
Cell Area                          2232.234
Physical Cell Area                 0.000
Total Cell Area (Cell+Physical)    2232.234
Net Area                           1004.879
Total Area (Cell+Physical+Net)     3237.113

Runtime                            0.0 seconds
Elapsed Runtime                    24 seconds
Genus peak memory usage            1621.11 
Innovus peak memory usage          no_value 
Hostname                           redhat315b
