============================================================
  Generated by:           Genus(TM) Synthesis Solution 21.10-p002_1
  Generated on:           Apr 11 2026  02:52:16 pm
  Module:                 unsigned_int_mul_p_1_L0
  Technology libraries:   fast_vdd1v0 1.0
                          physical_cells 
  Operating conditions:   PVT_1P1V_0C 
  Interconnect mode:      global
  Area mode:              physical library
============================================================

                                  Leakage  
   Gate     Instances    Area   Power (nW)     Library    
----------------------------------------------------------
ACHCONX2            4    50.616      2.398    fast_vdd1v0 
ADDFHX1             5    37.620      2.042    fast_vdd1v0 
ADDFHX2             1     8.208      0.470    fast_vdd1v0 
ADDFX1              6    30.780      2.024    fast_vdd1v0 
ADDFX2              1     7.866      0.398    fast_vdd1v0 
ADDFXL              1     6.840      0.307    fast_vdd1v0 
ADDHX1              5    18.810      1.338    fast_vdd1v0 
AND2X1              8    10.944      0.715    fast_vdd1v0 
AND2X2              7    11.970      0.887    fast_vdd1v0 
AND2X4              2     5.472      0.418    fast_vdd1v0 
AND2X6              2     7.524      0.719    fast_vdd1v0 
AO22X1              2     5.472      0.252    fast_vdd1v0 
AOI211X4            3    19.494      1.875    fast_vdd1v0 
AOI21X1             5     8.550      0.572    fast_vdd1v0 
AOI21X2             9    24.624      1.953    fast_vdd1v0 
AOI21X4            39   200.070     15.935    fast_vdd1v0 
AOI221X4            1     7.866      0.765    fast_vdd1v0 
AOI222X4            1     9.576      0.800    fast_vdd1v0 
AOI22X1             3     6.156      0.393    fast_vdd1v0 
AOI22X2             7    26.334      1.796    fast_vdd1v0 
AOI22X4            10    61.560      5.029    fast_vdd1v0 
AOI2BB1X1           1     2.052      0.155    fast_vdd1v0 
AOI2BB1X2           2     6.156      0.436    fast_vdd1v0 
AOI2BB1X4           3    12.312      1.202    fast_vdd1v0 
AOI2BB2X4           3    22.572      1.855    fast_vdd1v0 
AOI31X4             3    19.494      1.574    fast_vdd1v0 
AOI32X4             1     7.866      0.497    fast_vdd1v0 
BUFX2              16    27.360      1.881    fast_vdd1v0 
BUFX3              25    51.300      4.281    fast_vdd1v0 
BUFX6              10    30.780      3.265    fast_vdd1v0 
BUFX8               1     3.762      0.392    fast_vdd1v0 
CLKAND2X12          2    15.048      1.613    fast_vdd1v0 
CLKAND2X2           2     4.104      0.226    fast_vdd1v0 
CLKAND2X3           3     9.234      0.678    fast_vdd1v0 
CLKAND2X6           6    28.728      2.659    fast_vdd1v0 
CLKBUFX2           21    35.910      2.487    fast_vdd1v0 
CLKBUFX3            1     2.052      0.163    fast_vdd1v0 
CLKBUFX8            1     3.762      0.390    fast_vdd1v0 
CLKINVX1            1     1.026      0.037    fast_vdd1v0 
CLKINVX12           9    36.936      4.296    fast_vdd1v0 
CLKINVX2           14    19.152      1.228    fast_vdd1v0 
CLKINVX3           12    20.520      1.480    fast_vdd1v0 
CLKINVX4           44    75.240      7.454    fast_vdd1v0 
CLKINVX6           33    79.002      8.358    fast_vdd1v0 
CLKINVX8           17    52.326      5.703    fast_vdd1v0 
CLKMX2X3            4    16.416      1.105    fast_vdd1v0 
CLKXOR2X1          17    46.512      3.016    fast_vdd1v0 
INVX1              31    21.204      1.443    fast_vdd1v0 
INVX2              31    31.806      2.718    fast_vdd1v0 
INVX3              33    45.144      4.136    fast_vdd1v0 
INVX4               2     3.420      0.327    fast_vdd1v0 
INVX6               3     7.182      0.811    fast_vdd1v0 
INVX8               1     3.078      0.282    fast_vdd1v0 
INVXL              10     6.840      0.341    fast_vdd1v0 
MXI2X1              2     5.472      0.309    fast_vdd1v0 
MXI2X2              2     8.892      0.442    fast_vdd1v0 
MXI2X6              2    10.260      0.877    fast_vdd1v0 
MXI2XL              1     2.394      0.100    fast_vdd1v0 
NAND2BX1           14    19.152      1.336    fast_vdd1v0 
NAND2BX2           12    28.728      1.939    fast_vdd1v0 
NAND2BX4           16    60.192      4.943    fast_vdd1v0 
NAND2X1            53    54.378      3.761    fast_vdd1v0 
NAND2X2            43    73.530      5.834    fast_vdd1v0 
NAND2X4            60   205.200     15.434    fast_vdd1v0 
NAND2X6            42   201.096     16.566    fast_vdd1v0 
NAND2X8            35   191.520     18.471    fast_vdd1v0 
NAND3BX4            1     5.130      0.460    fast_vdd1v0 
NAND3X1             1     1.710      0.087    fast_vdd1v0 
NAND3X2             2     5.472      0.373    fast_vdd1v0 
NAND3X4             5    23.940      1.941    fast_vdd1v0 
NAND3X6             1     7.182      0.582    fast_vdd1v0 
NAND3X8             1     8.208      0.656    fast_vdd1v0 
NOR2BX1             6     8.208      0.649    fast_vdd1v0 
NOR2BX2             7    19.152      1.108    fast_vdd1v0 
NOR2BX4             5    18.810      1.656    fast_vdd1v0 
NOR2X1              9     9.234      0.615    fast_vdd1v0 
NOR2X2             30    51.300      4.204    fast_vdd1v0 
NOR2X4             37   113.886     10.432    fast_vdd1v0 
NOR2X6             30   123.120     12.368    fast_vdd1v0 
NOR2X8             14    76.608      7.331    fast_vdd1v0 
NOR2XL              1     1.026      0.039    fast_vdd1v0 
NOR3BX4             3    17.442      1.497    fast_vdd1v0 
NOR3X2              1     2.736      0.150    fast_vdd1v0 
NOR3X4              5    25.650      1.915    fast_vdd1v0 
NOR3X6              2    14.364      1.331    fast_vdd1v0 
NOR3X8              5    44.460      3.720    fast_vdd1v0 
NOR4X1              4     6.840      0.507    fast_vdd1v0 
OA21X1              1     2.052      0.118    fast_vdd1v0 
OAI21X1             6    10.260      0.599    fast_vdd1v0 
OAI21X2            19    58.482      3.423    fast_vdd1v0 
OAI21X4            44   210.672     15.994    fast_vdd1v0 
OAI22X1             6    12.312      0.644    fast_vdd1v0 
OAI22X2             5    17.100      1.190    fast_vdd1v0 
OAI22X4             8    51.984      3.588    fast_vdd1v0 
OAI2BB1X1          12    20.520      1.376    fast_vdd1v0 
OAI2BB1X2           6    18.468      1.057    fast_vdd1v0 
OAI2BB1X4           8    35.568      2.722    fast_vdd1v0 
OAI2BB2X2           1     5.472      0.278    fast_vdd1v0 
OAI2BB2X4           1     8.550      0.525    fast_vdd1v0 
OAI2BB2XL           1     3.762      0.147    fast_vdd1v0 
OAI31X4             1     6.840      0.476    fast_vdd1v0 
OR2X1               7     9.576      0.637    fast_vdd1v0 
OR2X2               1     1.710      0.142    fast_vdd1v0 
OR2X4               1     2.736      0.245    fast_vdd1v0 
OR2X6               2     7.524      0.812    fast_vdd1v0 
XNOR2X1            20    47.880      3.589    fast_vdd1v0 
XNOR2X2             9    27.702      1.907    fast_vdd1v0 
XNOR2X4             1     3.762      0.332    fast_vdd1v0 
XNOR3X1             5    37.620      1.947    fast_vdd1v0 
XNOR3XL             5    37.620      1.832    fast_vdd1v0 
XOR2X4              5    20.520      1.582    fast_vdd1v0 
XOR3X1             10    75.240      3.922    fast_vdd1v0 
XOR3XL              2    15.048      0.749    fast_vdd1v0 
----------------------------------------------------------
total            1124  3508.920    279.042                


                                           Leakage  Leakage 
     Type      Instances   Area   Area % Power (nW) Power % 
------------------------------------------------------------
inverter             241  402.876   11.5     38.613    13.8 
buffer                75  154.926    4.4     12.859     4.6 
logic                808 2951.118   84.1    227.570    81.6 
physical_cells         0    0.000    0.0      0.000     0.0 
------------------------------------------------------------
total               1124 3508.920  100.0    279.042   100.0 

