

Working Directory = /home/redhat315bd/physical_design_nipun/Physical_design
QoS Summary for floating_point_mul_p_1_L2
================================================================================
Metric                          floating_point_mul_p_1_L2_syn_generic floating_point_mul_p_1_L2_syn_map
================================================================================
Slack (ps):                      -842            -589
  R2R (ps):                  no_value        no_value
  I2R (ps):                  no_value        no_value
  R2O (ps):                  no_value        no_value
  I2O (ps):                      -842            -589
  CG  (ps):                  no_value        no_value
TNS (ps):                     -25,895         -17,993
  R2R (ps):                  no_value        no_value
  I2R (ps):                  no_value        no_value
  R2O (ps):                  no_value        no_value
  I2O (ps):                   -25,895         -17,993
  CG  (ps):                  no_value        no_value
Failing Paths:                     31              31
Cell Area:                      8,810           6,657
Total Cell Area:                8,810           6,657
Leaf Instances:                 3,290           2,445
Total Instances:                3,290           2,445
Utilization (%):                 0.00            0.00
Tot. Net Length (um):        no_value        no_value
Avg. Net Length (um):        no_value        no_value
Route Overflow H (%):        no_value        no_value
Route Overflow V (%):        no_value        no_value
MBCI(%) (bits/gate) :            0.00            0.00
Norm Cong Hotspot Area:
  Max Cong:                  no_value        no_value
  Tot Cong:                  no_value        no_value
================================================================================
CPU  Runtime (h:m:s):        00:30:32        00:30:19
Real Runtime (h:m:s):        00:30:32        00:30:14
CPU  Elapsed (h:m:s):        00:30:34        00:30:53
Real Elapsed (h:m:s):        00:30:33        00:30:47
Memory (MB):                  1758.10         1752.43
================================================================================
================================================================================
Flow Settings:
================================================================================
Total Runtime (h:m:s): 00:30:46
Total Memory (MB):     1752.43
Executable Version:    21.10-p002_1
================================================================================
Total Cell Area =  Cell Area + Physical Cell Area
Total Instances =  Leaf Instances + Physical Instances


