Command: report datapath -all -print_inferred > ./genus/reports/opact_int8/cadence_45nm/post_elaboration/syn_generic_datapath_report.rpt
============================================================
  Generated by:           Genus(TM) Synthesis Solution 21.10-p002_1
  Generated on:           Jun 19 2026  11:31:24 am
  Module:                 opact_int8
  Technology library:     fast_vdd1v0 1.0
  Operating conditions:   PVT_1P1V_0C (balanced_tree)
  Wireload mode:          enclosed
  Area mode:              timing library
============================================================


Inferred components

                Operator  Signedness  Inputs Outputs CellArea Line Col   Filename   
====================================================================================
opact_int8
 add_182_48
  
  module:add_unsigned_201
   very_fast        +     unsigned   8x1     8          68.07  182  48 opact_int8.v 
====================================================================================
opact_int8
 add_183_48
  
  module:add_unsigned_201
   very_fast        +     unsigned   8x1     8          68.07  183  48 opact_int8.v 
====================================================================================
opact_int8
 add_193_33
  
  module:add_unsigned_199
   very_fast        +     unsigned   16x1    16        166.83  193  33 opact_int8.v 
====================================================================================
opact_int8
 m_opact_uint
  m_opact_core
   add_109_39_I10_I4
    
    module:add_unsigned_66
     very_fast      +     unsigned   1x1     2           6.67  109  39 opact_int8.v 
====================================================================================
opact_int8
 m_opact_uint
  m_opact_core
   add_109_39_I10_I5
    
    module:add_unsigned_70
     very_fast      +     unsigned   2x1     3          14.68  109  39 opact_int8.v 
====================================================================================
opact_int8
 m_opact_uint
  m_opact_core
   add_109_39_I10_I6
    
    module:add_unsigned_82
     very_fast      +     unsigned   3x1     4          22.69  109  39 opact_int8.v 
====================================================================================
opact_int8
 m_opact_uint
  m_opact_core
   add_109_39_I10_I7
    
    module:add_unsigned_92
     very_fast      +     unsigned   4x1     5          33.37  109  39 opact_int8.v 
====================================================================================
opact_int8
 m_opact_uint
  m_opact_core
   add_109_39_I10_I8
    
    module:add_unsigned_94
     very_fast      +     unsigned   5x1     4          26.69  109  39 opact_int8.v 
====================================================================================
opact_int8
 m_opact_uint
  m_opact_core
   add_109_39_I11_I5
    
    module:add_unsigned_66
     very_fast      +     unsigned   1x1     2           6.67  109  39 opact_int8.v 
====================================================================================
opact_int8
 m_opact_uint
  m_opact_core
   add_109_39_I11_I6
    
    module:add_unsigned_70
     very_fast      +     unsigned   2x1     3          14.68  109  39 opact_int8.v 
====================================================================================
opact_int8
 m_opact_uint
  m_opact_core
   add_109_39_I11_I7
    
    module:add_unsigned_82
     very_fast      +     unsigned   3x1     4          22.69  109  39 opact_int8.v 
====================================================================================
opact_int8
 m_opact_uint
  m_opact_core
   add_109_39_I11_I8
    
    module:add_unsigned_84
     very_fast      +     unsigned   4x1     4          26.69  109  39 opact_int8.v 
====================================================================================
opact_int8
 m_opact_uint
  m_opact_core
   add_109_39_I12_I6
    
    module:add_unsigned_66
     very_fast      +     unsigned   1x1     2           6.67  109  39 opact_int8.v 
====================================================================================
opact_int8
 m_opact_uint
  m_opact_core
   add_109_39_I12_I7
    
    module:add_unsigned_70
     very_fast      +     unsigned   2x1     3          14.68  109  39 opact_int8.v 
====================================================================================
opact_int8
 m_opact_uint
  m_opact_core
   add_109_39_I12_I8
    
    module:add_unsigned_76
     very_fast      +     unsigned   3x1     3          18.69  109  39 opact_int8.v 
====================================================================================
opact_int8
 m_opact_uint
  m_opact_core
   add_109_39_I13_I7
    
    module:add_unsigned_66
     very_fast      +     unsigned   1x1     2           6.67  109  39 opact_int8.v 
====================================================================================
opact_int8
 m_opact_uint
  m_opact_core
   add_109_39_I13_I8
    
    module:add_unsigned_70
     very_fast      +     unsigned   2x1     3          14.68  109  39 opact_int8.v 
====================================================================================
opact_int8
 m_opact_uint
  m_opact_core
   add_109_39_I14_I8
    
    module:add_unsigned_66
     very_fast      +     unsigned   1x1     2           6.67  109  39 opact_int8.v 
====================================================================================
opact_int8
 m_opact_uint
  m_opact_core
   add_109_39_I2_I2
    
    module:add_unsigned_66
     very_fast      +     unsigned   1x1     2           6.67  109  39 opact_int8.v 
====================================================================================
opact_int8
 m_opact_uint
  m_opact_core
   add_109_39_I3_I2
    
    module:add_unsigned_66
     very_fast      +     unsigned   1x1     2           6.67  109  39 opact_int8.v 
====================================================================================
opact_int8
 m_opact_uint
  m_opact_core
   add_109_39_I3_I3
    
    module:add_unsigned_70
     very_fast      +     unsigned   2x1     3          14.68  109  39 opact_int8.v 
====================================================================================
opact_int8
 m_opact_uint
  m_opact_core
   add_109_39_I4_I2
    
    module:add_unsigned_66
     very_fast      +     unsigned   1x1     2           6.67  109  39 opact_int8.v 
====================================================================================
opact_int8
 m_opact_uint
  m_opact_core
   add_109_39_I4_I3
    
    module:add_unsigned_70
     very_fast      +     unsigned   2x1     3          14.68  109  39 opact_int8.v 
====================================================================================
opact_int8
 m_opact_uint
  m_opact_core
   add_109_39_I4_I4
    
    module:add_unsigned_76
     very_fast      +     unsigned   3x1     3          18.69  109  39 opact_int8.v 
====================================================================================
opact_int8
 m_opact_uint
  m_opact_core
   add_109_39_I5_I2
    
    module:add_unsigned_66
     very_fast      +     unsigned   1x1     2           6.67  109  39 opact_int8.v 
====================================================================================
opact_int8
 m_opact_uint
  m_opact_core
   add_109_39_I5_I3
    
    module:add_unsigned_70
     very_fast      +     unsigned   2x1     3          14.68  109  39 opact_int8.v 
====================================================================================
opact_int8
 m_opact_uint
  m_opact_core
   add_109_39_I5_I4
    
    module:add_unsigned_82
     very_fast      +     unsigned   3x1     4          22.69  109  39 opact_int8.v 
====================================================================================
opact_int8
 m_opact_uint
  m_opact_core
   add_109_39_I5_I5
    
    module:add_unsigned_84
     very_fast      +     unsigned   4x1     4          26.69  109  39 opact_int8.v 
====================================================================================
opact_int8
 m_opact_uint
  m_opact_core
   add_109_39_I6_I2
    
    module:add_unsigned_66
     very_fast      +     unsigned   1x1     2           6.67  109  39 opact_int8.v 
====================================================================================
opact_int8
 m_opact_uint
  m_opact_core
   add_109_39_I6_I3
    
    module:add_unsigned_70
     very_fast      +     unsigned   2x1     3          14.68  109  39 opact_int8.v 
====================================================================================
opact_int8
 m_opact_uint
  m_opact_core
   add_109_39_I6_I4
    
    module:add_unsigned_82
     very_fast      +     unsigned   3x1     4          22.69  109  39 opact_int8.v 
====================================================================================
opact_int8
 m_opact_uint
  m_opact_core
   add_109_39_I6_I5
    
    module:add_unsigned_92
     very_fast      +     unsigned   4x1     5          33.37  109  39 opact_int8.v 
====================================================================================
opact_int8
 m_opact_uint
  m_opact_core
   add_109_39_I6_I6
    
    module:add_unsigned_94
     very_fast      +     unsigned   5x1     4          26.69  109  39 opact_int8.v 
====================================================================================
opact_int8
 m_opact_uint
  m_opact_core
   add_109_39_I7_I2
    
    module:add_unsigned_66
     very_fast      +     unsigned   1x1     2           6.67  109  39 opact_int8.v 
====================================================================================
opact_int8
 m_opact_uint
  m_opact_core
   add_109_39_I7_I3
    
    module:add_unsigned_70
     very_fast      +     unsigned   2x1     3          14.68  109  39 opact_int8.v 
====================================================================================
opact_int8
 m_opact_uint
  m_opact_core
   add_109_39_I7_I4
    
    module:add_unsigned_82
     very_fast      +     unsigned   3x1     4          22.69  109  39 opact_int8.v 
====================================================================================
opact_int8
 m_opact_uint
  m_opact_core
   add_109_39_I7_I5
    
    module:add_unsigned_92
     very_fast      +     unsigned   4x1     5          33.37  109  39 opact_int8.v 
====================================================================================
opact_int8
 m_opact_uint
  m_opact_core
   add_109_39_I7_I6
    
    module:add_unsigned_104
     very_fast      +     unsigned   5x1     6          41.37  109  39 opact_int8.v 
====================================================================================
opact_int8
 m_opact_uint
  m_opact_core
   add_109_39_I7_I7
    
    module:add_unsigned_106
     very_fast      +     unsigned   6x1     4          26.69  109  39 opact_int8.v 
====================================================================================
opact_int8
 m_opact_uint
  m_opact_core
   add_109_39_I8_I2
    
    module:add_unsigned_66
     very_fast      +     unsigned   1x1     2           6.67  109  39 opact_int8.v 
====================================================================================
opact_int8
 m_opact_uint
  m_opact_core
   add_109_39_I8_I3
    
    module:add_unsigned_70
     very_fast      +     unsigned   2x1     3          14.68  109  39 opact_int8.v 
====================================================================================
opact_int8
 m_opact_uint
  m_opact_core
   add_109_39_I8_I4
    
    module:add_unsigned_82
     very_fast      +     unsigned   3x1     4          22.69  109  39 opact_int8.v 
====================================================================================
opact_int8
 m_opact_uint
  m_opact_core
   add_109_39_I8_I5
    
    module:add_unsigned_92
     very_fast      +     unsigned   4x1     5          33.37  109  39 opact_int8.v 
====================================================================================
opact_int8
 m_opact_uint
  m_opact_core
   add_109_39_I8_I6
    
    module:add_unsigned_104
     very_fast      +     unsigned   5x1     6          41.37  109  39 opact_int8.v 
====================================================================================
opact_int8
 m_opact_uint
  m_opact_core
   add_109_39_I8_I7
    
    module:add_unsigned_118
     very_fast      +     unsigned   6x1     7          52.05  109  39 opact_int8.v 
====================================================================================
opact_int8
 m_opact_uint
  m_opact_core
   add_109_39_I8_I8
    
    module:add_unsigned_120
     very_fast      +     unsigned   7x1     4          26.69  109  39 opact_int8.v 
====================================================================================
opact_int8
 m_opact_uint
  m_opact_core
   add_109_39_I9_I3
    
    module:add_unsigned_66
     very_fast      +     unsigned   1x1     2           6.67  109  39 opact_int8.v 
====================================================================================
opact_int8
 m_opact_uint
  m_opact_core
   add_109_39_I9_I4
    
    module:add_unsigned_70
     very_fast      +     unsigned   2x1     3          14.68  109  39 opact_int8.v 
====================================================================================
opact_int8
 m_opact_uint
  m_opact_core
   add_109_39_I9_I5
    
    module:add_unsigned_82
     very_fast      +     unsigned   3x1     4          22.69  109  39 opact_int8.v 
====================================================================================
opact_int8
 m_opact_uint
  m_opact_core
   add_109_39_I9_I6
    
    module:add_unsigned_92
     very_fast      +     unsigned   4x1     5          33.37  109  39 opact_int8.v 
====================================================================================
opact_int8
 m_opact_uint
  m_opact_core
   add_109_39_I9_I7
    
    module:add_unsigned_104
     very_fast      +     unsigned   5x1     6          41.37  109  39 opact_int8.v 
====================================================================================
opact_int8
 m_opact_uint
  m_opact_core
   add_109_39_I9_I8
    
    module:add_unsigned_106
     very_fast      +     unsigned   6x1     4          26.69  109  39 opact_int8.v 
====================================================================================
opact_int8
 m_opact_uint
  m_opact_core
   add_129_35_I10
    
    module:add_unsigned
     very_fast      +     unsigned   9x1     9          82.75  129  35 opact_int8.v 
====================================================================================
opact_int8
 m_opact_uint
  m_opact_core
   add_129_35_I11
    
    module:add_unsigned
     very_fast      +     unsigned   9x1     9          82.75  129  35 opact_int8.v 
====================================================================================
opact_int8
 m_opact_uint
  m_opact_core
   add_129_35_I12
    
    module:add_unsigned
     very_fast      +     unsigned   9x1     9          82.75  129  35 opact_int8.v 
====================================================================================
opact_int8
 m_opact_uint
  m_opact_core
   add_129_35_I13
    
    module:add_unsigned
     very_fast      +     unsigned   9x1     9          82.75  129  35 opact_int8.v 
====================================================================================
opact_int8
 m_opact_uint
  m_opact_core
   add_129_35_I14
    
    module:add_unsigned
     very_fast      +     unsigned   9x1     9          82.75  129  35 opact_int8.v 
====================================================================================
opact_int8
 m_opact_uint
  m_opact_core
   add_129_35_I15
    
    module:add_unsigned
     very_fast      +     unsigned   9x1     9          82.75  129  35 opact_int8.v 
====================================================================================
opact_int8
 m_opact_uint
  m_opact_core
   add_129_35_I2
    
    module:add_unsigned
     very_fast      +     unsigned   9x1     9          82.75  129  35 opact_int8.v 
====================================================================================
opact_int8
 m_opact_uint
  m_opact_core
   add_129_35_I3
    
    module:add_unsigned
     very_fast      +     unsigned   9x1     9          82.75  129  35 opact_int8.v 
====================================================================================
opact_int8
 m_opact_uint
  m_opact_core
   add_129_35_I4
    
    module:add_unsigned
     very_fast      +     unsigned   9x1     9          82.75  129  35 opact_int8.v 
====================================================================================
opact_int8
 m_opact_uint
  m_opact_core
   add_129_35_I5
    
    module:add_unsigned
     very_fast      +     unsigned   9x1     9          82.75  129  35 opact_int8.v 
====================================================================================
opact_int8
 m_opact_uint
  m_opact_core
   add_129_35_I6
    
    module:add_unsigned
     very_fast      +     unsigned   9x1     9          82.75  129  35 opact_int8.v 
====================================================================================
opact_int8
 m_opact_uint
  m_opact_core
   add_129_35_I7
    
    module:add_unsigned
     very_fast      +     unsigned   9x1     9          82.75  129  35 opact_int8.v 
====================================================================================
opact_int8
 m_opact_uint
  m_opact_core
   add_129_35_I8
    
    module:add_unsigned
     very_fast      +     unsigned   9x1     9          82.75  129  35 opact_int8.v 
====================================================================================
opact_int8
 m_opact_uint
  m_opact_core
   add_129_35_I9
    
    module:add_unsigned
     very_fast      +     unsigned   9x1     9          82.75  129  35 opact_int8.v 
====================================================================================
opact_int8
 m_opact_uint
  m_opact_core
   add_79_43_I2
    
    module:add_unsigned_56
     very_fast      +     unsigned   4x2     4          36.04   79  43 opact_int8.v 
====================================================================================
opact_int8
 m_opact_uint
  m_opact_core
   add_79_43_I3
    
    module:add_unsigned_56
     very_fast      +     unsigned   4x2     4          36.04   79  43 opact_int8.v 
====================================================================================
opact_int8
 m_opact_uint
  m_opact_core
   add_79_43_I4
    
    module:add_unsigned_56
     very_fast      +     unsigned   4x2     4          36.04   79  43 opact_int8.v 
====================================================================================
opact_int8
 m_opact_uint
  m_opact_core
   add_79_43_I5
    
    module:add_unsigned_56
     very_fast      +     unsigned   4x2     4          36.04   79  43 opact_int8.v 
====================================================================================
opact_int8
 m_opact_uint
  m_opact_core
   add_79_43_I6
    
    module:add_unsigned_56
     very_fast      +     unsigned   4x2     4          36.04   79  43 opact_int8.v 
====================================================================================
opact_int8
 m_opact_uint
  m_opact_core
   gt_82_25
    
    module:gt_unsigned
     very_fast      >     unsigned   4x4     1          46.71   82  25 opact_int8.v 
====================================================================================
opact_int8
 m_opact_uint
  m_opact_core
   lt_113_21_I1
    
    module:lt_unsigned_26
     very_fast      <     unsigned   1x4     1          14.68  113  21 opact_int8.v 
====================================================================================
opact_int8
 m_opact_uint
  m_opact_core
   lt_113_21_I10
    
    module:lt_unsigned
     very_fast      <     unsigned   4x4     1          46.71  113  21 opact_int8.v 
====================================================================================
opact_int8
 m_opact_uint
  m_opact_core
   lt_113_21_I11
    
    module:lt_unsigned
     very_fast      <     unsigned   4x4     1          46.71  113  21 opact_int8.v 
====================================================================================
opact_int8
 m_opact_uint
  m_opact_core
   lt_113_21_I12
    
    module:lt_unsigned
     very_fast      <     unsigned   4x4     1          46.71  113  21 opact_int8.v 
====================================================================================
opact_int8
 m_opact_uint
  m_opact_core
   lt_113_21_I13
    
    module:lt_unsigned
     very_fast      <     unsigned   4x4     1          46.71  113  21 opact_int8.v 
====================================================================================
opact_int8
 m_opact_uint
  m_opact_core
   lt_113_21_I14
    
    module:lt_unsigned
     very_fast      <     unsigned   4x4     1          46.71  113  21 opact_int8.v 
====================================================================================
opact_int8
 m_opact_uint
  m_opact_core
   lt_113_21_I15
    
    module:lt_unsigned
     very_fast      <     unsigned   4x4     1          46.71  113  21 opact_int8.v 
====================================================================================
opact_int8
 m_opact_uint
  m_opact_core
   lt_113_21_I2
    
    module:lt_unsigned_26
     very_fast      <     unsigned   1x4     1          14.68  113  21 opact_int8.v 
====================================================================================
opact_int8
 m_opact_uint
  m_opact_core
   lt_113_21_I3
    
    module:lt_unsigned_22
     very_fast      <     unsigned   2x4     1          22.69  113  21 opact_int8.v 
====================================================================================
opact_int8
 m_opact_uint
  m_opact_core
   lt_113_21_I4
    
    module:lt_unsigned_22
     very_fast      <     unsigned   2x4     1          22.69  113  21 opact_int8.v 
====================================================================================
opact_int8
 m_opact_uint
  m_opact_core
   lt_113_21_I5
    
    module:lt_unsigned_14
     very_fast      <     unsigned   3x4     1          37.37  113  21 opact_int8.v 
====================================================================================
opact_int8
 m_opact_uint
  m_opact_core
   lt_113_21_I6
    
    module:lt_unsigned_14
     very_fast      <     unsigned   3x4     1          37.37  113  21 opact_int8.v 
====================================================================================
opact_int8
 m_opact_uint
  m_opact_core
   lt_113_21_I7
    
    module:lt_unsigned_14
     very_fast      <     unsigned   3x4     1          37.37  113  21 opact_int8.v 
====================================================================================
opact_int8
 m_opact_uint
  m_opact_core
   lt_113_21_I8
    
    module:lt_unsigned_14
     very_fast      <     unsigned   3x4     1          37.37  113  21 opact_int8.v 
====================================================================================
opact_int8
 m_opact_uint
  m_opact_core
   lt_113_21_I9
    
    module:lt_unsigned
     very_fast      <     unsigned   4x4     1          46.71  113  21 opact_int8.v 
====================================================================================
opact_int8
 m_opact_uint
  m_opact_core
   mux_approx_cols_78_163
    
    module:bmux_163
     very_fast binary_mux n/a        1x4x4   4          21.35   78  17 opact_int8.v 
====================================================================================
opact_int8
 m_opact_uint
  m_opact_core
   mux_approx_cols_78_164
    
    module:bmux_163
     very_fast binary_mux n/a        1x4x4   4          21.35   78  17 opact_int8.v 
====================================================================================
opact_int8
 m_opact_uint
  m_opact_core
   mux_approx_cols_78_165
    
    module:bmux_163
     very_fast binary_mux n/a        1x4x4   4          21.35   78  17 opact_int8.v 
====================================================================================
opact_int8
 m_opact_uint
  m_opact_core
   mux_approx_cols_78_166
    
    module:bmux_163
     very_fast binary_mux n/a        1x4x4   4          21.35   78  17 opact_int8.v 
====================================================================================
opact_int8
 m_opact_uint
  m_opact_core
   mux_approx_cols_78_167
    
    module:bmux_163
     very_fast binary_mux n/a        1x4x4   4          21.35   78  17 opact_int8.v 
====================================================================================
opact_int8
 m_opact_uint
  m_opact_core
   mux_approx_cols_78_17
    
    module:bmux
     very_fast binary_mux n/a        1x2x2   2          10.68   78  17 opact_int8.v 
====================================================================================
opact_int8
 m_opact_uint
  m_opact_core
   mux_approx_cols_82_25
    
    module:bmux_163
     very_fast binary_mux n/a        1x4x4   4          21.35   82  25 opact_int8.v 
====================================================================================
opact_int8
 m_opact_uint
  m_opact_core
   mux_carry_in_113_186
    
    module:bmux_169
     very_fast binary_mux n/a        1x1x1   1           5.34  113  21 opact_int8.v 
====================================================================================
opact_int8
 m_opact_uint
  m_opact_core
   mux_carry_in_113_188
    
    module:bmux_169
     very_fast binary_mux n/a        1x1x1   1           5.34  113  21 opact_int8.v 
====================================================================================
opact_int8
 m_opact_uint
  m_opact_core
   mux_carry_in_113_190
    
    module:bmux_169
     very_fast binary_mux n/a        1x1x1   1           5.34  113  21 opact_int8.v 
====================================================================================
opact_int8
 m_opact_uint
  m_opact_core
   mux_carry_in_113_192
    
    module:bmux_169
     very_fast binary_mux n/a        1x1x1   1           5.34  113  21 opact_int8.v 
====================================================================================
opact_int8
 m_opact_uint
  m_opact_core
   mux_carry_in_113_194
    
    module:bmux_169
     very_fast binary_mux n/a        1x1x1   1           5.34  113  21 opact_int8.v 
====================================================================================
opact_int8
 m_opact_uint
  m_opact_core
   mux_carry_in_113_196
    
    module:bmux_169
     very_fast binary_mux n/a        1x1x1   1           5.34  113  21 opact_int8.v 
====================================================================================
opact_int8
 m_opact_uint
  m_opact_core
   mux_carry_in_113_198
    
    module:bmux_169
     very_fast binary_mux n/a        1x1x1   1           5.34  113  21 opact_int8.v 
====================================================================================
opact_int8
 m_opact_uint
  m_opact_core
   mux_carry_in_113_200
    
    module:bmux_169
     very_fast binary_mux n/a        1x1x1   1           5.34  113  21 opact_int8.v 
====================================================================================
opact_int8
 m_opact_uint
  m_opact_core
   mux_carry_in_113_202
    
    module:bmux_169
     very_fast binary_mux n/a        1x1x1   1           5.34  113  21 opact_int8.v 
====================================================================================
opact_int8
 m_opact_uint
  m_opact_core
   mux_carry_in_113_204
    
    module:bmux_169
     very_fast binary_mux n/a        1x1x1   1           5.34  113  21 opact_int8.v 
====================================================================================
opact_int8
 m_opact_uint
  m_opact_core
   mux_carry_in_113_206
    
    module:bmux_169
     very_fast binary_mux n/a        1x1x1   1           5.34  113  21 opact_int8.v 
====================================================================================
opact_int8
 m_opact_uint
  m_opact_core
   mux_carry_in_113_208
    
    module:bmux_169
     very_fast binary_mux n/a        1x1x1   1           5.34  113  21 opact_int8.v 
====================================================================================
opact_int8
 m_opact_uint
  m_opact_core
   mux_carry_in_113_21
    
    module:bmux_169
     very_fast binary_mux n/a        1x1x1   1           5.34  113  21 opact_int8.v 
====================================================================================
opact_int8
 m_opact_uint
  m_opact_core
   mux_carry_in_113_210
    
    module:bmux_169
     very_fast binary_mux n/a        1x1x1   1           5.34  113  21 opact_int8.v 
====================================================================================
opact_int8
 m_opact_uint
  m_opact_core
   mux_result_113_184
    
    module:bmux_169
     very_fast binary_mux n/a        1x1x1   1           5.34  113  21 opact_int8.v 
====================================================================================
opact_int8
 m_opact_uint
  m_opact_core
   mux_result_113_185
    
    module:bmux_169
     very_fast binary_mux n/a        1x1x1   1           5.34  113  21 opact_int8.v 
====================================================================================
opact_int8
 m_opact_uint
  m_opact_core
   mux_result_113_187
    
    module:bmux_169
     very_fast binary_mux n/a        1x1x1   1           5.34  113  21 opact_int8.v 
====================================================================================
opact_int8
 m_opact_uint
  m_opact_core
   mux_result_113_189
    
    module:bmux_169
     very_fast binary_mux n/a        1x1x1   1           5.34  113  21 opact_int8.v 
====================================================================================
opact_int8
 m_opact_uint
  m_opact_core
   mux_result_113_191
    
    module:bmux_169
     very_fast binary_mux n/a        1x1x1   1           5.34  113  21 opact_int8.v 
====================================================================================
opact_int8
 m_opact_uint
  m_opact_core
   mux_result_113_193
    
    module:bmux_169
     very_fast binary_mux n/a        1x1x1   1           5.34  113  21 opact_int8.v 
====================================================================================
opact_int8
 m_opact_uint
  m_opact_core
   mux_result_113_195
    
    module:bmux_169
     very_fast binary_mux n/a        1x1x1   1           5.34  113  21 opact_int8.v 
====================================================================================
opact_int8
 m_opact_uint
  m_opact_core
   mux_result_113_197
    
    module:bmux_169
     very_fast binary_mux n/a        1x1x1   1           5.34  113  21 opact_int8.v 
====================================================================================
opact_int8
 m_opact_uint
  m_opact_core
   mux_result_113_199
    
    module:bmux_169
     very_fast binary_mux n/a        1x1x1   1           5.34  113  21 opact_int8.v 
====================================================================================
opact_int8
 m_opact_uint
  m_opact_core
   mux_result_113_201
    
    module:bmux_169
     very_fast binary_mux n/a        1x1x1   1           5.34  113  21 opact_int8.v 
====================================================================================
opact_int8
 m_opact_uint
  m_opact_core
   mux_result_113_203
    
    module:bmux_169
     very_fast binary_mux n/a        1x1x1   1           5.34  113  21 opact_int8.v 
====================================================================================
opact_int8
 m_opact_uint
  m_opact_core
   mux_result_113_205
    
    module:bmux_169
     very_fast binary_mux n/a        1x1x1   1           5.34  113  21 opact_int8.v 
====================================================================================
opact_int8
 m_opact_uint
  m_opact_core
   mux_result_113_207
    
    module:bmux_169
     very_fast binary_mux n/a        1x1x1   1           5.34  113  21 opact_int8.v 
====================================================================================
opact_int8
 m_opact_uint
  m_opact_core
   mux_result_113_209
    
    module:bmux_169
     very_fast binary_mux n/a        1x1x1   1           5.34  113  21 opact_int8.v 
====================================================================================
opact_int8
 m_opact_uint
  m_opact_core
   mux_result_113_21
    
    module:bmux_169
     very_fast binary_mux n/a        1x1x1   1           5.34  113  21 opact_int8.v 
====================================================================================
opact_int8
 mux_182_20
  
  module:bmux_204
   very_fast   binary_mux n/a        1x8x8   8          42.71  182  20 opact_int8.v 
====================================================================================
opact_int8
 mux_183_20
  
  module:bmux_204
   very_fast   binary_mux n/a        1x8x8   8          42.71  183  20 opact_int8.v 
====================================================================================
opact_int8
 mux_193_16
  
  module:bmux_206
   very_fast   binary_mux n/a        1x16x16 16         85.42  193  16 opact_int8.v 
====================================================================================

      Type       CellArea Percentage 
-------------------------------------
datapath modules  3213.84      78.95 
external muxes     464.46      11.41 
others             392.38       9.64 
-------------------------------------
total             4070.68     100.00 

