

Working Directory = /home/redhat315bd/physical_design_nipun/Physical_design
QoS Summary for fplns_int8
================================================================================
Metric                          fplns_int8_syn_generic fplns_int8_syn_map
================================================================================
Slack (ps):                      -432            -209
  R2R (ps):                  no_value        no_value
  I2R (ps):                  no_value        no_value
  R2O (ps):                  no_value        no_value
  I2O (ps):                      -432            -209
  CG  (ps):                  no_value        no_value
TNS (ps):                      -5,577          -2,619
  R2R (ps):                  no_value        no_value
  I2R (ps):                  no_value        no_value
  R2O (ps):                  no_value        no_value
  I2O (ps):                    -5,577          -2,619
  CG  (ps):                  no_value        no_value
Failing Paths:                     16              16
Cell Area:                      2,652           1,188
Total Cell Area:                2,652           1,188
Leaf Instances:                   994             882
Total Instances:                  994             882
Utilization (%):                 0.00            0.00
Tot. Net Length (um):        no_value        no_value
Avg. Net Length (um):        no_value        no_value
Route Overflow H (%):        no_value        no_value
Route Overflow V (%):        no_value        no_value
MBCI(%) (bits/gate) :            0.00            0.00
Norm Cong Hotspot Area:
  Max Cong:                  no_value        no_value
  Tot Cong:                  no_value        no_value
================================================================================
CPU  Runtime (h:m:s):        00:30:15        00:30:06
Real Runtime (h:m:s):        00:30:15        00:30:05
CPU  Elapsed (h:m:s):        00:30:17        00:30:23
Real Elapsed (h:m:s):        00:30:16        00:30:21
Memory (MB):                  1643.54         1626.56
================================================================================
================================================================================
Flow Settings:
================================================================================
Total Runtime (h:m:s): 00:30:20
Total Memory (MB):     1634.56
Executable Version:    21.10-p002_1
================================================================================
Total Cell Area =  Cell Area + Physical Cell Area
Total Instances =  Leaf Instances + Physical Instances


