============================================================
  Generated by:           Genus(TM) Synthesis Solution 21.10-p002_1
  Generated on:           Jun 19 2026  11:22:07 am
  Module:                 fplns_int8
  Technology library:     fast_vdd1v0 1.0
  Operating conditions:   PVT_1P1V_0C (balanced_tree)
  Wireload mode:          enclosed
  Area mode:              timing library
============================================================

                                 Leakage  
   Gate    Instances    Area   Power (nW)     Library    
---------------------------------------------------------
ADDHX1             1     3.762      0.259    fast_vdd1v0 
ADDHXL             1     4.788      0.233    fast_vdd1v0 
AND2X1             4     5.472      0.332    fast_vdd1v0 
AND2XL            11    15.048      0.771    fast_vdd1v0 
AOI211XL           1     2.052      0.106    fast_vdd1v0 
AOI21X1           12    20.520      1.342    fast_vdd1v0 
AOI21X2            1     2.736      0.185    fast_vdd1v0 
AOI21XL           10    17.100      0.716    fast_vdd1v0 
AOI221X1           1     2.394      0.182    fast_vdd1v0 
AOI2BB1X1          6    12.312      0.859    fast_vdd1v0 
AOI2BB1XL          4     8.208      0.485    fast_vdd1v0 
AOI31X1            2     4.104      0.261    fast_vdd1v0 
BUFX2              1     1.710      0.120    fast_vdd1v0 
CLKAND2X2          2     4.104      0.275    fast_vdd1v0 
CLKAND2X3          1     3.078      0.189    fast_vdd1v0 
CLKBUFX2          14    23.940      1.645    fast_vdd1v0 
CLKBUFX8           1     3.762      0.385    fast_vdd1v0 
CLKINVX1           6     6.156      0.288    fast_vdd1v0 
CLKINVX12          2     8.208      0.979    fast_vdd1v0 
CLKINVX2           1     1.368      0.085    fast_vdd1v0 
CLKINVX8           9    27.702      2.884    fast_vdd1v0 
CLKXOR2X1          6    16.416      1.083    fast_vdd1v0 
CLKXOR2X2          1     3.420      0.214    fast_vdd1v0 
INVX1             51    34.884      2.354    fast_vdd1v0 
INVX2              6     6.156      0.516    fast_vdd1v0 
INVX3              2     2.736      0.249    fast_vdd1v0 
INVXL            150   102.600      5.265    fast_vdd1v0 
MXI2X1             1     2.736      0.143    fast_vdd1v0 
MXI2X6             2    10.260      0.828    fast_vdd1v0 
MXI2X8             2    12.312      1.031    fast_vdd1v0 
MXI2XL            13    31.122      1.377    fast_vdd1v0 
NAND2BX1          17    23.256      1.780    fast_vdd1v0 
NAND2BX2           1     2.394      0.174    fast_vdd1v0 
NAND2BXL          22    30.096      1.760    fast_vdd1v0 
NAND2X1           62    63.612      4.352    fast_vdd1v0 
NAND2X2           11    18.810      1.442    fast_vdd1v0 
NAND2XL           70    71.820      3.260    fast_vdd1v0 
NAND3X1            2     3.420      0.170    fast_vdd1v0 
NAND3X2            1     2.736      0.179    fast_vdd1v0 
NAND3XL            4     6.840      0.236    fast_vdd1v0 
NAND4BXL           1     2.394      0.117    fast_vdd1v0 
NOR2BX1           28    38.304      2.882    fast_vdd1v0 
NOR2BX2            1     2.736      0.179    fast_vdd1v0 
NOR2BXL            3     5.130      0.221    fast_vdd1v0 
NOR2X1            81    83.106      5.988    fast_vdd1v0 
NOR2X2            12    20.520      1.701    fast_vdd1v0 
NOR2X4             3     9.234      0.748    fast_vdd1v0 
NOR2X6             2     8.208      0.745    fast_vdd1v0 
NOR2XL            85    87.210      4.086    fast_vdd1v0 
NOR3BX1            1     2.052      0.111    fast_vdd1v0 
NOR3X1             6    10.260      0.600    fast_vdd1v0 
NOR3XL             1     1.710      0.046    fast_vdd1v0 
OA21X1             1     2.052      0.112    fast_vdd1v0 
OAI21X1           29    49.590      2.874    fast_vdd1v0 
OAI21X2            1     3.078      0.169    fast_vdd1v0 
OAI21XL           19    32.490      1.194    fast_vdd1v0 
OAI222XL           1     2.736      0.099    fast_vdd1v0 
OAI22X1            1     2.052      0.107    fast_vdd1v0 
OAI22XL            1     2.052      0.069    fast_vdd1v0 
OAI2BB1X1         31    53.010      3.736    fast_vdd1v0 
OAI2BB1X2          3     9.234      0.576    fast_vdd1v0 
OAI2BB1XL          2     4.104      0.185    fast_vdd1v0 
OAI31X1            4     8.208      0.518    fast_vdd1v0 
OR2X1              2     2.736      0.187    fast_vdd1v0 
OR2XL             10    13.680      0.853    fast_vdd1v0 
OR4X1              2     4.104      0.223    fast_vdd1v0 
XNOR2X1           28    67.032      5.067    fast_vdd1v0 
XNOR2X2            1     3.078      0.212    fast_vdd1v0 
XNOR2XL            1     2.736      0.162    fast_vdd1v0 
XOR2XL             3     8.208      0.503    fast_vdd1v0 
XOR3X1             1     7.524      0.382    fast_vdd1v0 
XOR3XL             2    15.048      0.714    fast_vdd1v0 
---------------------------------------------------------
total            882  1187.766     74.361                


                                           Leakage  Leakage 
     Type      Instances   Area   Area % Power (nW) Power % 
------------------------------------------------------------
inverter             227  189.810   16.0     12.620    17.0 
buffer                16   29.412    2.5      2.149     2.9 
logic                639  968.544   81.5     59.591    80.1 
physical_cells         0    0.000    0.0      0.000     0.0 
------------------------------------------------------------
total                882 1187.766  100.0     74.361   100.0 

