============================================================
  Generated by:           Genus(TM) Synthesis Solution 21.10-p002_1
  Generated on:           Jun 19 2026  11:22:07 am
  Module:                 fplns_int8
  Operating conditions:   PVT_1P1V_0C (balanced_tree)
  Wireload mode:          enclosed
  Area mode:              timing library
============================================================


Path 1: VIOLATED (-209 ps) Late External Delay Assertion at pin R[15]
          Group: vclk
     Startpoint: (F) A[0]
          Clock: (R) vclk
       Endpoint: (F) R[15]
          Clock: (R) vclk

                     Capture       Launch     
        Clock Edge:+    1000            0     
        Drv Adjust:+       0            0     
       Src Latency:+       0            0     
       Net Latency:+       0 (I)        0 (I) 
           Arrival:=    1000            0     
                                              
      Output Delay:-     200                  
       Uncertainty:-      50                  
     Required Time:=     750                  
      Launch Clock:-       0                  
       Input Delay:-     200                  
         Data Path:-     759                  
             Slack:=    -209                  

Exceptions/Constraints:
  input_delay              200             fplns_int8.sdc_line_14_7_1 
  output_delay             200             fplns_int8.sdc_line_15     

#-----------------------------------------------------------------------------------------------------------------------
#                 Timing Point                  Flags    Arc   Edge   Cell     Fanout Load Trans Delay Arrival Instance 
#                                                                                     (fF)  (ps)  (ps)   (ps)  Location 
#-----------------------------------------------------------------------------------------------------------------------
  A[0]                                          -       -      F     (arrival)      9  5.4     0     0     200    (-,-) 
  g5323__8246/Y                                 -       A->Y   R     NOR2X6         6  3.4    13    14     214    (-,-) 
  g5285__6131/Y                                 -       B->Y   F     NAND2X1        1  0.3    11    13     227    (-,-) 
  g2__6131/Y                                    -       A0->Y  F     OA21X1         1  0.8    10    36     264    (-,-) 
  g5253__7482/Y                                 -       B->Y   R     NAND2X2        6  2.8    16    12     276    (-,-) 
  m_uint/m_core/g13161__6161/Y                  -       A->Y   F     NAND2X1        6  1.7    28    25     301    (-,-) 
  m_uint/m_core/g13074__5122/Y                  -       A1N->Y F     AOI2BB1X1      1  0.4     8    31     332    (-,-) 
  m_uint/m_core/g13045__7098/Y                  -       B0->Y  R     OAI21X1        1  0.5    19     9     341    (-,-) 
  m_uint/m_core/g12955__7410/Y                  -       A1->Y  F     OAI21X1        2  1.4    29    25     366    (-,-) 
  m_uint/m_core/g12929__8428/Y                  -       B->Y   R     XOR3XL         2  0.8    13    51     416    (-,-) 
  m_uint/m_core/g12901__9315/Y                  -       B->Y   F     NAND2BXL       2  0.5    17    16     433    (-,-) 
  m_uint/m_core/g12897/Y                        -       A->Y   R     INVXL          1  0.3     7    11     444    (-,-) 
  m_uint/m_core/g12896/Y                        -       A->Y   F     INVXL          3  0.9    12    11     455    (-,-) 
  m_uint/m_core/g12879__1705/Y                  -       A0->Y  R     AOI21XL        1  0.5    21    22     476    (-,-) 
  m_uint/m_core/g12875__6783/Y                  -       B->Y   F     NAND2X1        2  0.9    19    20     496    (-,-) 
  m_uint/m_core/g13217__5107/Y                  -       B->Y   R     NAND2BX1       2  0.6    10    12     509    (-,-) 
  m_uint/m_core/g12862__6417/Y                  -       B->Y   F     NAND2XL        1  0.5    17    15     524    (-,-) 
  m_uint/m_core/g13214__6417/Y                  -       B->Y   R     XNOR2X1        3  0.9    10    37     561    (-,-) 
  m_uint/m_core/g12834__6783/Y                  -       AN->Y  R     NOR2BX1        2  0.6    15    24     584    (-,-) 
  m_uint/m_core/g12820__5477/Y                  -       B0->Y  F     AOI21XL        2  0.8    27    14     598    (-,-) 
  m_uint/m_core/g12792__6783/Y                  -       B->Y   R     MXI2X1         2  0.8    24    27     625    (-,-) 
  m_uint/m_core/g12759__6131/Y                  -       A1->Y  F     AOI21X1        2  1.0    25    26     651    (-,-) 
  m_uint/m_core/g12735__2883/Y                  -       B->Y   R     NOR2X2         2  1.3    18    18     669    (-,-) 
  m_uint/m_core/ADD_TC_OP38_spec0_g4481__2883/Y -       B->Y   F     NOR2X2         3  1.0    13    11     681    (-,-) 
  m_uint/m_core/ADD_TC_OP38_spec0_g4448__8428/Y -       A->Y   R     NOR2X1         2  0.8    17    18     699    (-,-) 
  m_uint/m_core/ADD_TC_OP38_spec0_g4436/Y       -       A->Y   F     INVXL          2  0.5     9    12     711    (-,-) 
  m_uint/m_core/ADD_TC_OP38_spec0_g4394__1617/Y -       B->Y   R     NOR2XL         1  0.3    13    13     724    (-,-) 
  m_uint/m_core/ADD_TC_OP38_spec0_g4354__5115/Y -       A->Y   F     NAND2XL        2  0.4    15    16     740    (-,-) 
  m_uint/m_core/ADD_TC_OP38_spec0_g2__8428/Y    -       D->Y   R     NAND4BXL       1  0.3    15    13     753    (-,-) 
  m_uint/m_core/ADD_TC_OP38_spec0_g4326__5107/Y -       A->Y   F     NAND2XL        1  0.3    13    16     768    (-,-) 
  m_uint/m_core/g10048__1666/Y                  -       A1N->Y F     OAI2BB1X1      2  0.7    16    25     793    (-,-) 
  g5535__5115/Y                                 -       A->Y   R     NOR2X1         2  0.6    16    18     811    (-,-) 
  g5508__7410/Y                                 -       B->Y   F     NAND3XL        1  0.2    20    22     832    (-,-) 
  fopt1/Y                                       -       A->Y   R     INVXL          2  0.8    13    15     847    (-,-) 
  g5487__1705/Y                                 -       B->Y   F     NAND2X1        1  0.5    14    15     862    (-,-) 
  g5473__2398/Y                                 -       A0->Y  R     OAI21X1        1  0.6    20    21     883    (-,-) 
  g5465__2346/Y                                 -       B->Y   R     XNOR2X1        1  3.8    30    39     922    (-,-) 
  g5464/Y                                       -       A->Y   F     CLKINVX8       1 50.0    55    37     959    (-,-) 
  R[15]                                         -       -      F     (port)         -    -     -     0     959    (-,-) 
#-----------------------------------------------------------------------------------------------------------------------



Path 2: VIOLATED (-208 ps) Late External Delay Assertion at pin R[12]
          Group: vclk
     Startpoint: (F) A[0]
          Clock: (R) vclk
       Endpoint: (F) R[12]
          Clock: (R) vclk

                     Capture       Launch     
        Clock Edge:+    1000            0     
        Drv Adjust:+       0            0     
       Src Latency:+       0            0     
       Net Latency:+       0 (I)        0 (I) 
           Arrival:=    1000            0     
                                              
      Output Delay:-     200                  
       Uncertainty:-      50                  
     Required Time:=     750                  
      Launch Clock:-       0                  
       Input Delay:-     200                  
         Data Path:-     758                  
             Slack:=    -208                  

Exceptions/Constraints:
  input_delay              200             fplns_int8.sdc_line_14_7_1  
  output_delay             200             fplns_int8.sdc_line_15_23_1 

#-----------------------------------------------------------------------------------------------------------------------
#                 Timing Point                  Flags    Arc   Edge   Cell     Fanout Load Trans Delay Arrival Instance 
#                                                                                     (fF)  (ps)  (ps)   (ps)  Location 
#-----------------------------------------------------------------------------------------------------------------------
  A[0]                                          -       -      F     (arrival)      9  5.4     0     0     200    (-,-) 
  g5323__8246/Y                                 -       A->Y   R     NOR2X6         6  3.4    13    14     214    (-,-) 
  g5285__6131/Y                                 -       B->Y   F     NAND2X1        1  0.3    11    13     227    (-,-) 
  g2__6131/Y                                    -       A0->Y  F     OA21X1         1  0.8    10    36     264    (-,-) 
  g5253__7482/Y                                 -       B->Y   R     NAND2X2        6  2.8    16    12     276    (-,-) 
  m_uint/m_core/g13161__6161/Y                  -       A->Y   F     NAND2X1        6  1.7    28    25     301    (-,-) 
  m_uint/m_core/g13074__5122/Y                  -       A1N->Y F     AOI2BB1X1      1  0.4     8    31     332    (-,-) 
  m_uint/m_core/g13045__7098/Y                  -       B0->Y  R     OAI21X1        1  0.5    19     9     341    (-,-) 
  m_uint/m_core/g12955__7410/Y                  -       A1->Y  F     OAI21X1        2  1.4    29    25     366    (-,-) 
  m_uint/m_core/g12929__8428/Y                  -       B->Y   R     XOR3XL         2  0.8    13    51     416    (-,-) 
  m_uint/m_core/g12901__9315/Y                  -       B->Y   F     NAND2BXL       2  0.5    17    16     433    (-,-) 
  m_uint/m_core/g12897/Y                        -       A->Y   R     INVXL          1  0.3     7    11     444    (-,-) 
  m_uint/m_core/g12896/Y                        -       A->Y   F     INVXL          3  0.9    12    11     455    (-,-) 
  m_uint/m_core/g12879__1705/Y                  -       A0->Y  R     AOI21XL        1  0.5    21    22     476    (-,-) 
  m_uint/m_core/g12875__6783/Y                  -       B->Y   F     NAND2X1        2  0.9    19    20     496    (-,-) 
  m_uint/m_core/g13217__5107/Y                  -       B->Y   R     NAND2BX1       2  0.6    10    12     509    (-,-) 
  m_uint/m_core/g12862__6417/Y                  -       B->Y   F     NAND2XL        1  0.5    17    15     524    (-,-) 
  m_uint/m_core/g13214__6417/Y                  -       B->Y   F     XNOR2X1        3  0.9    10    33     557    (-,-) 
  m_uint/m_core/g12834__6783/Y                  -       AN->Y  F     NOR2BX1        2  0.4     8    19     576    (-,-) 
  m_uint/m_core/g12820__5477/Y                  -       B0->Y  R     AOI21XL        2  0.8    27    21     597    (-,-) 
  m_uint/m_core/g12792__6783/Y                  -       B->Y   F     MXI2X1         2  0.6    21    26     622    (-,-) 
  m_uint/m_core/g12759__6131/Y                  -       A1->Y  R     AOI21X1        2  1.3    28    25     648    (-,-) 
  m_uint/m_core/g12735__2883/Y                  -       B->Y   F     NOR2X2         2  1.1    11    14     662    (-,-) 
  m_uint/m_core/ADD_TC_OP38_spec0_g4481__2883/Y -       B->Y   R     NOR2X2         3  1.1    14    14     675    (-,-) 
  m_uint/m_core/ADD_TC_OP38_spec0_g4409__6131/Y -       A0N->Y R     AOI2BB1X1      2  0.8    18    26     701    (-,-) 
  m_uint/m_core/ADD_TC_OP38_spec0_g4401/Y       -       A->Y   F     INVX1          3  0.9    10    12     714    (-,-) 
  m_uint/m_core/ADD_TC_OP38_spec0_g4400/Y       -       A->Y   R     INVXL          1  0.3     6     8     722    (-,-) 
  m_uint/m_core/ADD_TC_OP38_spec0_g4381__6260/Y -       B->Y   F     NAND2XL        1  0.4    14    13     735    (-,-) 
  m_uint/m_core/ADD_TC_OP38_spec0_g4345__2802/Y -       B->Y   R     NOR2X1         2  1.0    20    18     753    (-,-) 
  m_uint/m_core/ADD_TC_OP38_spec0_g4336__5526/Y -       B->Y   F     NOR2BX1        2  0.6    10    13     766    (-,-) 
  m_uint/m_core/ADD_TC_OP38_spec0_g4496__5526/Y -       B->Y   F     OR2XL          1  0.3     6    22     788    (-,-) 
  m_uint/m_core/ADD_TC_OP38_spec0_g4316__9945/Y -       A->Y   R     NAND2XL        1  0.3     9     9     798    (-,-) 
  m_uint/m_core/g10051__5477/Y                  -       A1N->Y R     OAI2BB1X2      3  1.7    14    36     833    (-,-) 
  g5534__1881/Y                                 -       A->Y   F     NOR2X2         2  0.8     9    12     845    (-,-) 
  g5529__1705/Y                                 -       B->Y   R     NAND2X1        2  1.0    12    11     856    (-,-) 
  g5496__5115/Y                                 -       A1->Y  F     OAI21X1        1  0.5    18    17     873    (-,-) 
  g5479__4319/Y                                 -       B->Y   R     XNOR2X1        1  3.8    30    48     921    (-,-) 
  g5476/Y                                       -       A->Y   F     CLKINVX8       1 50.0    55    37     958    (-,-) 
  R[12]                                         -       -      F     (port)         -    -     -     0     958    (-,-) 
#-----------------------------------------------------------------------------------------------------------------------



Path 3: VIOLATED (-208 ps) Late External Delay Assertion at pin R[13]
          Group: vclk
     Startpoint: (F) A[0]
          Clock: (R) vclk
       Endpoint: (F) R[13]
          Clock: (R) vclk

                     Capture       Launch     
        Clock Edge:+    1000            0     
        Drv Adjust:+       0            0     
       Src Latency:+       0            0     
       Net Latency:+       0 (I)        0 (I) 
           Arrival:=    1000            0     
                                              
      Output Delay:-     200                  
       Uncertainty:-      50                  
     Required Time:=     750                  
      Launch Clock:-       0                  
       Input Delay:-     200                  
         Data Path:-     758                  
             Slack:=    -208                  

Exceptions/Constraints:
  input_delay              200             fplns_int8.sdc_line_14_7_1  
  output_delay             200             fplns_int8.sdc_line_15_22_1 

#-----------------------------------------------------------------------------------------------------------------------
#                 Timing Point                  Flags    Arc   Edge   Cell     Fanout Load Trans Delay Arrival Instance 
#                                                                                     (fF)  (ps)  (ps)   (ps)  Location 
#-----------------------------------------------------------------------------------------------------------------------
  A[0]                                          -       -      F     (arrival)      9  5.4     0     0     200    (-,-) 
  g5323__8246/Y                                 -       A->Y   R     NOR2X6         6  3.4    13    14     214    (-,-) 
  g5285__6131/Y                                 -       B->Y   F     NAND2X1        1  0.3    11    13     227    (-,-) 
  g2__6131/Y                                    -       A0->Y  F     OA21X1         1  0.8    10    36     264    (-,-) 
  g5253__7482/Y                                 -       B->Y   R     NAND2X2        6  2.8    16    12     276    (-,-) 
  m_uint/m_core/g13161__6161/Y                  -       A->Y   F     NAND2X1        6  1.7    28    25     301    (-,-) 
  m_uint/m_core/g13074__5122/Y                  -       A1N->Y F     AOI2BB1X1      1  0.4     8    31     332    (-,-) 
  m_uint/m_core/g13045__7098/Y                  -       B0->Y  R     OAI21X1        1  0.5    19     9     341    (-,-) 
  m_uint/m_core/g12955__7410/Y                  -       A1->Y  F     OAI21X1        2  1.4    29    25     366    (-,-) 
  m_uint/m_core/g12929__8428/Y                  -       B->Y   R     XOR3XL         2  0.8    13    51     416    (-,-) 
  m_uint/m_core/g12901__9315/Y                  -       B->Y   F     NAND2BXL       2  0.5    17    16     433    (-,-) 
  m_uint/m_core/g12897/Y                        -       A->Y   R     INVXL          1  0.3     7    11     444    (-,-) 
  m_uint/m_core/g12896/Y                        -       A->Y   F     INVXL          3  0.9    12    11     455    (-,-) 
  m_uint/m_core/g12879__1705/Y                  -       A0->Y  R     AOI21XL        1  0.5    21    22     476    (-,-) 
  m_uint/m_core/g12875__6783/Y                  -       B->Y   F     NAND2X1        2  0.9    19    20     496    (-,-) 
  m_uint/m_core/g13217__5107/Y                  -       B->Y   R     NAND2BX1       2  0.6    10    12     509    (-,-) 
  m_uint/m_core/g12862__6417/Y                  -       B->Y   F     NAND2XL        1  0.5    17    15     524    (-,-) 
  m_uint/m_core/g13214__6417/Y                  -       B->Y   F     XNOR2X1        3  0.9    10    33     557    (-,-) 
  m_uint/m_core/g12834__6783/Y                  -       AN->Y  F     NOR2BX1        2  0.4     8    19     576    (-,-) 
  m_uint/m_core/g12820__5477/Y                  -       B0->Y  R     AOI21XL        2  0.8    27    21     597    (-,-) 
  m_uint/m_core/g12792__6783/Y                  -       B->Y   F     MXI2X1         2  0.6    21    26     622    (-,-) 
  m_uint/m_core/g12759__6131/Y                  -       A1->Y  R     AOI21X1        2  1.3    28    25     648    (-,-) 
  m_uint/m_core/g12735__2883/Y                  -       B->Y   F     NOR2X2         2  1.1    11    14     662    (-,-) 
  m_uint/m_core/ADD_TC_OP38_spec0_g4481__2883/Y -       B->Y   R     NOR2X2         3  1.1    14    14     675    (-,-) 
  m_uint/m_core/ADD_TC_OP38_spec0_g4409__6131/Y -       A0N->Y R     AOI2BB1X1      2  0.8    18    26     701    (-,-) 
  m_uint/m_core/ADD_TC_OP38_spec0_g4401/Y       -       A->Y   F     INVX1          3  0.9    10    12     714    (-,-) 
  m_uint/m_core/ADD_TC_OP38_spec0_g4400/Y       -       A->Y   R     INVXL          1  0.3     6     8     722    (-,-) 
  m_uint/m_core/ADD_TC_OP38_spec0_g4381__6260/Y -       B->Y   F     NAND2XL        1  0.4    14    13     735    (-,-) 
  m_uint/m_core/ADD_TC_OP38_spec0_g4345__2802/Y -       B->Y   R     NOR2X1         2  1.0    20    18     753    (-,-) 
  m_uint/m_core/ADD_TC_OP38_spec0_g4336__5526/Y -       B->Y   F     NOR2BX1        2  0.6    10    13     766    (-,-) 
  m_uint/m_core/ADD_TC_OP38_spec0_g4496__5526/Y -       B->Y   F     OR2XL          1  0.3     6    22     788    (-,-) 
  m_uint/m_core/ADD_TC_OP38_spec0_g4316__9945/Y -       A->Y   R     NAND2XL        1  0.3     9     9     798    (-,-) 
  m_uint/m_core/g10051__5477/Y                  -       A1N->Y R     OAI2BB1X2      3  1.7    14    36     833    (-,-) 
  g5534__1881/Y                                 -       A->Y   F     NOR2X2         2  0.8     9    12     845    (-,-) 
  g5529__1705/Y                                 -       B->Y   R     NAND2X1        2  1.0    12    11     856    (-,-) 
  g5481__5526/Y                                 -       A1->Y  F     OAI21X1        1  0.5    18    17     873    (-,-) 
  g5472__5477/Y                                 -       B->Y   R     XNOR2X1        1  3.8    30    48     921    (-,-) 
  g5470/Y                                       -       A->Y   F     CLKINVX8       1 50.0    55    37     958    (-,-) 
  R[13]                                         -       -      F     (port)         -    -     -     0     958    (-,-) 
#-----------------------------------------------------------------------------------------------------------------------



Path 4: VIOLATED (-208 ps) Late External Delay Assertion at pin R[14]
          Group: vclk
     Startpoint: (F) A[0]
          Clock: (R) vclk
       Endpoint: (F) R[14]
          Clock: (R) vclk

                     Capture       Launch     
        Clock Edge:+    1000            0     
        Drv Adjust:+       0            0     
       Src Latency:+       0            0     
       Net Latency:+       0 (I)        0 (I) 
           Arrival:=    1000            0     
                                              
      Output Delay:-     200                  
       Uncertainty:-      50                  
     Required Time:=     750                  
      Launch Clock:-       0                  
       Input Delay:-     200                  
         Data Path:-     758                  
             Slack:=    -208                  

Exceptions/Constraints:
  input_delay              200             fplns_int8.sdc_line_14_7_1  
  output_delay             200             fplns_int8.sdc_line_15_21_1 

#-----------------------------------------------------------------------------------------------------------------------
#                 Timing Point                  Flags    Arc   Edge   Cell     Fanout Load Trans Delay Arrival Instance 
#                                                                                     (fF)  (ps)  (ps)   (ps)  Location 
#-----------------------------------------------------------------------------------------------------------------------
  A[0]                                          -       -      F     (arrival)      9  5.4     0     0     200    (-,-) 
  g5323__8246/Y                                 -       A->Y   R     NOR2X6         6  3.4    13    14     214    (-,-) 
  g5285__6131/Y                                 -       B->Y   F     NAND2X1        1  0.3    11    13     227    (-,-) 
  g2__6131/Y                                    -       A0->Y  F     OA21X1         1  0.8    10    36     264    (-,-) 
  g5253__7482/Y                                 -       B->Y   R     NAND2X2        6  2.8    16    12     276    (-,-) 
  m_uint/m_core/g13161__6161/Y                  -       A->Y   F     NAND2X1        6  1.7    28    25     301    (-,-) 
  m_uint/m_core/g13074__5122/Y                  -       A1N->Y F     AOI2BB1X1      1  0.4     8    31     332    (-,-) 
  m_uint/m_core/g13045__7098/Y                  -       B0->Y  R     OAI21X1        1  0.5    19     9     341    (-,-) 
  m_uint/m_core/g12955__7410/Y                  -       A1->Y  F     OAI21X1        2  1.4    29    25     366    (-,-) 
  m_uint/m_core/g12929__8428/Y                  -       B->Y   R     XOR3XL         2  0.8    13    51     416    (-,-) 
  m_uint/m_core/g12901__9315/Y                  -       B->Y   F     NAND2BXL       2  0.5    17    16     433    (-,-) 
  m_uint/m_core/g12897/Y                        -       A->Y   R     INVXL          1  0.3     7    11     444    (-,-) 
  m_uint/m_core/g12896/Y                        -       A->Y   F     INVXL          3  0.9    12    11     455    (-,-) 
  m_uint/m_core/g12879__1705/Y                  -       A0->Y  R     AOI21XL        1  0.5    21    22     476    (-,-) 
  m_uint/m_core/g12875__6783/Y                  -       B->Y   F     NAND2X1        2  0.9    19    20     496    (-,-) 
  m_uint/m_core/g13217__5107/Y                  -       B->Y   R     NAND2BX1       2  0.6    10    12     509    (-,-) 
  m_uint/m_core/g12862__6417/Y                  -       B->Y   F     NAND2XL        1  0.5    17    15     524    (-,-) 
  m_uint/m_core/g13214__6417/Y                  -       B->Y   F     XNOR2X1        3  0.9    10    33     557    (-,-) 
  m_uint/m_core/g12834__6783/Y                  -       AN->Y  F     NOR2BX1        2  0.4     8    19     576    (-,-) 
  m_uint/m_core/g12820__5477/Y                  -       B0->Y  R     AOI21XL        2  0.8    27    21     597    (-,-) 
  m_uint/m_core/g12792__6783/Y                  -       B->Y   F     MXI2X1         2  0.6    21    26     622    (-,-) 
  m_uint/m_core/g12759__6131/Y                  -       A1->Y  R     AOI21X1        2  1.3    28    25     648    (-,-) 
  m_uint/m_core/g12735__2883/Y                  -       B->Y   F     NOR2X2         2  1.1    11    14     662    (-,-) 
  m_uint/m_core/ADD_TC_OP38_spec0_g4481__2883/Y -       B->Y   R     NOR2X2         3  1.1    14    14     675    (-,-) 
  m_uint/m_core/ADD_TC_OP38_spec0_g4409__6131/Y -       A0N->Y R     AOI2BB1X1      2  0.8    18    26     701    (-,-) 
  m_uint/m_core/ADD_TC_OP38_spec0_g4401/Y       -       A->Y   F     INVX1          3  0.9    10    12     714    (-,-) 
  m_uint/m_core/ADD_TC_OP38_spec0_g4400/Y       -       A->Y   R     INVXL          1  0.3     6     8     722    (-,-) 
  m_uint/m_core/ADD_TC_OP38_spec0_g4381__6260/Y -       B->Y   F     NAND2XL        1  0.4    14    13     735    (-,-) 
  m_uint/m_core/ADD_TC_OP38_spec0_g4345__2802/Y -       B->Y   R     NOR2X1         2  1.0    20    18     753    (-,-) 
  m_uint/m_core/ADD_TC_OP38_spec0_g4336__5526/Y -       B->Y   F     NOR2BX1        2  0.6    10    13     766    (-,-) 
  m_uint/m_core/ADD_TC_OP38_spec0_g4496__5526/Y -       B->Y   F     OR2XL          1  0.3     6    22     788    (-,-) 
  m_uint/m_core/ADD_TC_OP38_spec0_g4316__9945/Y -       A->Y   R     NAND2XL        1  0.3     9     9     798    (-,-) 
  m_uint/m_core/g10051__5477/Y                  -       A1N->Y R     OAI2BB1X2      3  1.7    14    36     833    (-,-) 
  g5534__1881/Y                                 -       A->Y   F     NOR2X2         2  0.8     9    12     845    (-,-) 
  g5530__5122/Y                                 -       B->Y   R     NAND2X1        2  1.0    12    11     856    (-,-) 
  g5474__5107/Y                                 -       A1->Y  F     OAI21X1        1  0.5    18    17     873    (-,-) 
  g5467__1666/Y                                 -       B->Y   R     XNOR2X1        1  3.8    30    48     921    (-,-) 
  g5466/Y                                       -       A->Y   F     CLKINVX8       1 50.0    55    37     958    (-,-) 
  R[14]                                         -       -      F     (port)         -    -     -     0     958    (-,-) 
#-----------------------------------------------------------------------------------------------------------------------



Path 5: VIOLATED (-207 ps) Late External Delay Assertion at pin R[11]
          Group: vclk
     Startpoint: (F) A[0]
          Clock: (R) vclk
       Endpoint: (R) R[11]
          Clock: (R) vclk

                     Capture       Launch     
        Clock Edge:+    1000            0     
        Drv Adjust:+       0            0     
       Src Latency:+       0            0     
       Net Latency:+       0 (I)        0 (I) 
           Arrival:=    1000            0     
                                              
      Output Delay:-     200                  
       Uncertainty:-      50                  
     Required Time:=     750                  
      Launch Clock:-       0                  
       Input Delay:-     200                  
         Data Path:-     757                  
             Slack:=    -207                  

Exceptions/Constraints:
  input_delay              200             fplns_int8.sdc_line_14_7_1  
  output_delay             200             fplns_int8.sdc_line_15_24_1 

#-----------------------------------------------------------------------------------------------------------------------
#                 Timing Point                  Flags    Arc   Edge   Cell     Fanout Load Trans Delay Arrival Instance 
#                                                                                     (fF)  (ps)  (ps)   (ps)  Location 
#-----------------------------------------------------------------------------------------------------------------------
  A[0]                                          -       -      F     (arrival)      9  5.4     0     0     200    (-,-) 
  g5323__8246/Y                                 -       A->Y   R     NOR2X6         6  3.4    13    14     214    (-,-) 
  g5285__6131/Y                                 -       B->Y   F     NAND2X1        1  0.3    11    13     227    (-,-) 
  g2__6131/Y                                    -       A0->Y  F     OA21X1         1  0.8    10    36     264    (-,-) 
  g5253__7482/Y                                 -       B->Y   R     NAND2X2        6  2.8    16    12     276    (-,-) 
  m_uint/m_core/g13161__6161/Y                  -       A->Y   F     NAND2X1        6  1.7    28    25     301    (-,-) 
  m_uint/m_core/g13074__5122/Y                  -       A1N->Y F     AOI2BB1X1      1  0.4     8    31     332    (-,-) 
  m_uint/m_core/g13045__7098/Y                  -       B0->Y  R     OAI21X1        1  0.5    19     9     341    (-,-) 
  m_uint/m_core/g12955__7410/Y                  -       A1->Y  F     OAI21X1        2  1.4    29    25     366    (-,-) 
  m_uint/m_core/g12929__8428/Y                  -       B->Y   R     XOR3XL         2  0.8    13    51     416    (-,-) 
  m_uint/m_core/g12901__9315/Y                  -       B->Y   F     NAND2BXL       2  0.5    17    16     433    (-,-) 
  m_uint/m_core/g12897/Y                        -       A->Y   R     INVXL          1  0.3     7    11     444    (-,-) 
  m_uint/m_core/g12896/Y                        -       A->Y   F     INVXL          3  0.9    12    11     455    (-,-) 
  m_uint/m_core/g12879__1705/Y                  -       A0->Y  R     AOI21XL        1  0.5    21    22     476    (-,-) 
  m_uint/m_core/g12875__6783/Y                  -       B->Y   F     NAND2X1        2  0.9    19    20     496    (-,-) 
  m_uint/m_core/g13217__5107/Y                  -       B->Y   R     NAND2BX1       2  0.6    10    12     509    (-,-) 
  m_uint/m_core/g12862__6417/Y                  -       B->Y   F     NAND2XL        1  0.5    17    15     524    (-,-) 
  m_uint/m_core/g13214__6417/Y                  -       B->Y   R     XNOR2X1        3  0.9    10    37     561    (-,-) 
  m_uint/m_core/g12834__6783/Y                  -       AN->Y  R     NOR2BX1        2  0.6    15    24     584    (-,-) 
  m_uint/m_core/g12820__5477/Y                  -       B0->Y  F     AOI21XL        2  0.8    27    14     598    (-,-) 
  m_uint/m_core/g12792__6783/Y                  -       B->Y   R     MXI2X1         2  0.8    24    27     625    (-,-) 
  m_uint/m_core/g12759__6131/Y                  -       A1->Y  F     AOI21X1        2  1.0    25    26     651    (-,-) 
  m_uint/m_core/g12735__2883/Y                  -       B->Y   R     NOR2X2         2  1.3    18    18     669    (-,-) 
  m_uint/m_core/ADD_TC_OP38_spec0_g4481__2883/Y -       B->Y   F     NOR2X2         3  1.0    13    11     681    (-,-) 
  m_uint/m_core/ADD_TC_OP38_spec0_g4448__8428/Y -       A->Y   R     NOR2X1         2  0.8    17    18     699    (-,-) 
  m_uint/m_core/ADD_TC_OP38_spec0_g4436/Y       -       A->Y   F     INVXL          2  0.5     9    12     711    (-,-) 
  m_uint/m_core/ADD_TC_OP38_spec0_g4394__1617/Y -       B->Y   R     NOR2XL         1  0.3    13    13     724    (-,-) 
  m_uint/m_core/ADD_TC_OP38_spec0_g4354__5115/Y -       A->Y   F     NAND2XL        2  0.4    15    16     740    (-,-) 
  m_uint/m_core/ADD_TC_OP38_spec0_g2__8428/Y    -       D->Y   R     NAND4BXL       1  0.3    15    13     753    (-,-) 
  m_uint/m_core/ADD_TC_OP38_spec0_g4326__5107/Y -       A->Y   F     NAND2XL        1  0.3    13    16     768    (-,-) 
  m_uint/m_core/g10048__1666/Y                  -       A1N->Y F     OAI2BB1X1      2  0.7    16    25     793    (-,-) 
  g5535__5115/Y                                 -       A->Y   R     NOR2X1         2  0.6    16    18     811    (-,-) 
  g5527__2802/Y                                 -       B->Y   F     NAND2XL        3  0.6    19    18     829    (-,-) 
  g5524/Y                                       -       A->Y   R     INVXL          2  0.6    11    13     842    (-,-) 
  g5523/Y                                       -       A->Y   F     INVXL          1  0.4     7     9     851    (-,-) 
  g5482__6783/Y                                 -       A1->Y  R     OAI31X1        1  0.6    31    29     881    (-,-) 
  g5469__7410/Y                                 -       B->Y   F     XNOR2X2        1  5.0    26    49     930    (-,-) 
  g5468/Y                                       -       A->Y   R     CLKINVX12      1 50.0    36    27     957    (-,-) 
  R[11]                                         -       -      R     (port)         -    -     -     0     957    (-,-) 
#-----------------------------------------------------------------------------------------------------------------------



Path 6: VIOLATED (-203 ps) Late External Delay Assertion at pin R[10]
          Group: vclk
     Startpoint: (F) A[0]
          Clock: (R) vclk
       Endpoint: (R) R[10]
          Clock: (R) vclk

                     Capture       Launch     
        Clock Edge:+    1000            0     
        Drv Adjust:+       0            0     
       Src Latency:+       0            0     
       Net Latency:+       0 (I)        0 (I) 
           Arrival:=    1000            0     
                                              
      Output Delay:-     200                  
       Uncertainty:-      50                  
     Required Time:=     750                  
      Launch Clock:-       0                  
       Input Delay:-     200                  
         Data Path:-     753                  
             Slack:=    -203                  

Exceptions/Constraints:
  input_delay              200             fplns_int8.sdc_line_14_7_1  
  output_delay             200             fplns_int8.sdc_line_15_25_1 

#-----------------------------------------------------------------------------------------------------------------------
#                 Timing Point                  Flags    Arc   Edge   Cell     Fanout Load Trans Delay Arrival Instance 
#                                                                                     (fF)  (ps)  (ps)   (ps)  Location 
#-----------------------------------------------------------------------------------------------------------------------
  A[0]                                          -       -      F     (arrival)      9  5.4     0     0     200    (-,-) 
  g5323__8246/Y                                 -       A->Y   R     NOR2X6         6  3.4    13    14     214    (-,-) 
  g5285__6131/Y                                 -       B->Y   F     NAND2X1        1  0.3    11    13     227    (-,-) 
  g2__6131/Y                                    -       A0->Y  F     OA21X1         1  0.8    10    36     264    (-,-) 
  g5253__7482/Y                                 -       B->Y   R     NAND2X2        6  2.8    16    12     276    (-,-) 
  m_uint/m_core/g13161__6161/Y                  -       A->Y   F     NAND2X1        6  1.7    28    25     301    (-,-) 
  m_uint/m_core/g13074__5122/Y                  -       A1N->Y F     AOI2BB1X1      1  0.4     8    31     332    (-,-) 
  m_uint/m_core/g13045__7098/Y                  -       B0->Y  R     OAI21X1        1  0.5    19     9     341    (-,-) 
  m_uint/m_core/g12955__7410/Y                  -       A1->Y  F     OAI21X1        2  1.4    29    25     366    (-,-) 
  m_uint/m_core/g12929__8428/Y                  -       B->Y   R     XOR3XL         2  0.8    13    51     416    (-,-) 
  m_uint/m_core/g12901__9315/Y                  -       B->Y   F     NAND2BXL       2  0.5    17    16     433    (-,-) 
  m_uint/m_core/g12897/Y                        -       A->Y   R     INVXL          1  0.3     7    11     444    (-,-) 
  m_uint/m_core/g12896/Y                        -       A->Y   F     INVXL          3  0.9    12    11     455    (-,-) 
  m_uint/m_core/g12879__1705/Y                  -       A0->Y  R     AOI21XL        1  0.5    21    22     476    (-,-) 
  m_uint/m_core/g12875__6783/Y                  -       B->Y   F     NAND2X1        2  0.9    19    20     496    (-,-) 
  m_uint/m_core/g13217__5107/Y                  -       B->Y   R     NAND2BX1       2  0.6    10    12     509    (-,-) 
  m_uint/m_core/g12862__6417/Y                  -       B->Y   F     NAND2XL        1  0.5    17    15     524    (-,-) 
  m_uint/m_core/g13214__6417/Y                  -       B->Y   F     XNOR2X1        3  0.9    10    33     557    (-,-) 
  m_uint/m_core/g12834__6783/Y                  -       AN->Y  F     NOR2BX1        2  0.4     8    19     576    (-,-) 
  m_uint/m_core/g12820__5477/Y                  -       B0->Y  R     AOI21XL        2  0.8    27    21     597    (-,-) 
  m_uint/m_core/g12792__6783/Y                  -       B->Y   F     MXI2X1         2  0.6    21    26     622    (-,-) 
  m_uint/m_core/g12759__6131/Y                  -       A1->Y  R     AOI21X1        2  1.3    28    25     648    (-,-) 
  m_uint/m_core/g12735__2883/Y                  -       B->Y   F     NOR2X2         2  1.1    11    14     662    (-,-) 
  m_uint/m_core/ADD_TC_OP38_spec0_g4481__2883/Y -       B->Y   R     NOR2X2         3  1.1    14    14     675    (-,-) 
  m_uint/m_core/ADD_TC_OP38_spec0_g4409__6131/Y -       A0N->Y R     AOI2BB1X1      2  0.8    18    26     701    (-,-) 
  m_uint/m_core/ADD_TC_OP38_spec0_g4401/Y       -       A->Y   F     INVX1          3  0.9    10    12     714    (-,-) 
  m_uint/m_core/ADD_TC_OP38_spec0_g4400/Y       -       A->Y   R     INVXL          1  0.3     6     8     722    (-,-) 
  m_uint/m_core/ADD_TC_OP38_spec0_g4381__6260/Y -       B->Y   F     NAND2XL        1  0.4    14    13     735    (-,-) 
  m_uint/m_core/ADD_TC_OP38_spec0_g4345__2802/Y -       B->Y   R     NOR2X1         2  1.0    20    18     753    (-,-) 
  m_uint/m_core/ADD_TC_OP38_spec0_g4336__5526/Y -       B->Y   F     NOR2BX1        2  0.6    10    13     766    (-,-) 
  m_uint/m_core/ADD_TC_OP38_spec0_g4323__5477/Y -       A1->Y  R     OAI21X1        1  0.3    16    16     781    (-,-) 
  m_uint/m_core/ADD_TC_OP38_spec0_g4316__9945/Y -       B->Y   F     NAND2XL        1  0.3    13    15     796    (-,-) 
  m_uint/m_core/g10051__5477/Y                  -       A1N->Y F     OAI2BB1X2      3  1.5    19    31     827    (-,-) 
  g5500__6161/Y                                 -       B->Y   R     NOR2X1         2  0.6    16    17     844    (-,-) 
  g5488__5122/Y                                 -       B->Y   F     NAND2XL        1  0.2    12    14     857    (-,-) 
  g5486__2802/Y                                 -       B->Y   R     NAND2XL        1  0.6    13    12     869    (-,-) 
  g5471__6417/Y                                 -       S0->Y  R     MXI2X8         1 50.0    50    84     953    (-,-) 
  R[10]                                         -       -      R     (port)         -    -     -     0     953    (-,-) 
#-----------------------------------------------------------------------------------------------------------------------



Path 7: VIOLATED (-193 ps) Late External Delay Assertion at pin R[9]
          Group: vclk
     Startpoint: (F) A[0]
          Clock: (R) vclk
       Endpoint: (F) R[9]
          Clock: (R) vclk

                     Capture       Launch     
        Clock Edge:+    1000            0     
        Drv Adjust:+       0            0     
       Src Latency:+       0            0     
       Net Latency:+       0 (I)        0 (I) 
           Arrival:=    1000            0     
                                              
      Output Delay:-     200                  
       Uncertainty:-      50                  
     Required Time:=     750                  
      Launch Clock:-       0                  
       Input Delay:-     200                  
         Data Path:-     743                  
             Slack:=    -193                  

Exceptions/Constraints:
  input_delay              200             fplns_int8.sdc_line_14_7_1  
  output_delay             200             fplns_int8.sdc_line_15_26_1 

#-----------------------------------------------------------------------------------------------------------------------
#                 Timing Point                  Flags    Arc   Edge   Cell     Fanout Load Trans Delay Arrival Instance 
#                                                                                     (fF)  (ps)  (ps)   (ps)  Location 
#-----------------------------------------------------------------------------------------------------------------------
  A[0]                                          -       -      F     (arrival)      9  5.4     0     0     200    (-,-) 
  g5323__8246/Y                                 -       A->Y   R     NOR2X6         6  3.4    13    14     214    (-,-) 
  g5285__6131/Y                                 -       B->Y   F     NAND2X1        1  0.3    11    13     227    (-,-) 
  g2__6131/Y                                    -       A0->Y  F     OA21X1         1  0.8    10    36     264    (-,-) 
  g5253__7482/Y                                 -       B->Y   R     NAND2X2        6  2.8    16    12     276    (-,-) 
  m_uint/m_core/g13161__6161/Y                  -       A->Y   F     NAND2X1        6  1.7    28    25     301    (-,-) 
  m_uint/m_core/g13074__5122/Y                  -       A1N->Y F     AOI2BB1X1      1  0.4     8    31     332    (-,-) 
  m_uint/m_core/g13045__7098/Y                  -       B0->Y  R     OAI21X1        1  0.5    19     9     341    (-,-) 
  m_uint/m_core/g12955__7410/Y                  -       A1->Y  F     OAI21X1        2  1.4    29    25     366    (-,-) 
  m_uint/m_core/g12929__8428/Y                  -       B->Y   R     XOR3XL         2  0.8    13    51     416    (-,-) 
  m_uint/m_core/g12901__9315/Y                  -       B->Y   F     NAND2BXL       2  0.5    17    16     433    (-,-) 
  m_uint/m_core/g12897/Y                        -       A->Y   R     INVXL          1  0.3     7    11     444    (-,-) 
  m_uint/m_core/g12896/Y                        -       A->Y   F     INVXL          3  0.9    12    11     455    (-,-) 
  m_uint/m_core/g12879__1705/Y                  -       A0->Y  R     AOI21XL        1  0.5    21    22     476    (-,-) 
  m_uint/m_core/g12875__6783/Y                  -       B->Y   F     NAND2X1        2  0.9    19    20     496    (-,-) 
  m_uint/m_core/g13217__5107/Y                  -       B->Y   R     NAND2BX1       2  0.6    10    12     509    (-,-) 
  m_uint/m_core/g12862__6417/Y                  -       B->Y   F     NAND2XL        1  0.5    17    15     524    (-,-) 
  m_uint/m_core/g13214__6417/Y                  -       B->Y   R     XNOR2X1        3  0.9    10    37     561    (-,-) 
  m_uint/m_core/g12834__6783/Y                  -       AN->Y  R     NOR2BX1        2  0.6    15    24     584    (-,-) 
  m_uint/m_core/g12820__5477/Y                  -       B0->Y  F     AOI21XL        2  0.8    27    14     598    (-,-) 
  m_uint/m_core/g12792__6783/Y                  -       B->Y   R     MXI2X1         2  0.8    24    27     625    (-,-) 
  m_uint/m_core/g12759__6131/Y                  -       A1->Y  F     AOI21X1        2  1.0    25    26     651    (-,-) 
  m_uint/m_core/g12735__2883/Y                  -       B->Y   R     NOR2X2         2  1.3    18    18     669    (-,-) 
  m_uint/m_core/ADD_TC_OP38_spec0_g4481__2883/Y -       B->Y   F     NOR2X2         3  1.0    13    11     681    (-,-) 
  m_uint/m_core/ADD_TC_OP38_spec0_g4448__8428/Y -       A->Y   R     NOR2X1         2  0.8    17    18     699    (-,-) 
  m_uint/m_core/ADD_TC_OP38_spec0_g4436/Y       -       A->Y   F     INVXL          2  0.5     9    12     711    (-,-) 
  m_uint/m_core/ADD_TC_OP38_spec0_g4392__6783/Y -       A->Y   R     NOR2XL         1  0.3    13    15     726    (-,-) 
  m_uint/m_core/ADD_TC_OP38_spec0_g4349__8246/Y -       A0N->Y R     OAI2BB1X1      2  1.1    14    31     756    (-,-) 
  m_uint/m_core/ADD_TC_OP38_spec0_g4332__8428/Y -       S0->Y  R     MXI2XL         1  0.3    20    20     776    (-,-) 
  m_uint/m_core/g10056__8428/Y                  -       A1N->Y R     OAI2BB1X1      3  0.9    13    30     806    (-,-) 
  g5536__7482/Y                                 -       B->Y   F     NOR2XL         1  0.2     8     9     815    (-,-) 
  g5508__7410/Y                                 -       C->Y   R     NAND3XL        1  0.3    12    10     825    (-,-) 
  fopt1/Y                                       -       A->Y   F     INVXL          2  0.6     9    11     836    (-,-) 
  fopt/Y                                        -       A->Y   R     INVXL          1  0.3     6     8     844    (-,-) 
  g5490__7098/Y                                 -       B->Y   F     NAND2XL        1  0.5    17    14     858    (-,-) 
  g5480__8428/Y                                 -       B->Y   R     XNOR2X1        1  3.8    30    48     906    (-,-) 
  g5477/Y                                       -       A->Y   F     CLKINVX8       1 50.0    55    37     943    (-,-) 
  R[9]                                          -       -      F     (port)         -    -     -     0     943    (-,-) 
#-----------------------------------------------------------------------------------------------------------------------



Path 8: VIOLATED (-186 ps) Late External Delay Assertion at pin R[8]
          Group: vclk
     Startpoint: (F) A[0]
          Clock: (R) vclk
       Endpoint: (R) R[8]
          Clock: (R) vclk

                     Capture       Launch     
        Clock Edge:+    1000            0     
        Drv Adjust:+       0            0     
       Src Latency:+       0            0     
       Net Latency:+       0 (I)        0 (I) 
           Arrival:=    1000            0     
                                              
      Output Delay:-     200                  
       Uncertainty:-      50                  
     Required Time:=     750                  
      Launch Clock:-       0                  
       Input Delay:-     200                  
         Data Path:-     736                  
             Slack:=    -186                  

Exceptions/Constraints:
  input_delay              200             fplns_int8.sdc_line_14_7_1  
  output_delay             200             fplns_int8.sdc_line_15_27_1 

#-----------------------------------------------------------------------------------------------------------------------
#                 Timing Point                  Flags    Arc   Edge   Cell     Fanout Load Trans Delay Arrival Instance 
#                                                                                     (fF)  (ps)  (ps)   (ps)  Location 
#-----------------------------------------------------------------------------------------------------------------------
  A[0]                                          -       -      F     (arrival)      9  5.4     0     0     200    (-,-) 
  g5323__8246/Y                                 -       A->Y   R     NOR2X6         6  3.4    13    14     214    (-,-) 
  g5285__6131/Y                                 -       B->Y   F     NAND2X1        1  0.3    11    13     227    (-,-) 
  g2__6131/Y                                    -       A0->Y  F     OA21X1         1  0.8    10    36     264    (-,-) 
  g5253__7482/Y                                 -       B->Y   R     NAND2X2        6  2.8    16    12     276    (-,-) 
  m_uint/m_core/g13161__6161/Y                  -       A->Y   F     NAND2X1        6  1.7    28    25     301    (-,-) 
  m_uint/m_core/g13074__5122/Y                  -       A1N->Y F     AOI2BB1X1      1  0.4     8    31     332    (-,-) 
  m_uint/m_core/g13045__7098/Y                  -       B0->Y  R     OAI21X1        1  0.5    19     9     341    (-,-) 
  m_uint/m_core/g12955__7410/Y                  -       A1->Y  F     OAI21X1        2  1.4    29    25     366    (-,-) 
  m_uint/m_core/g12929__8428/Y                  -       B->Y   R     XOR3XL         2  0.8    13    51     416    (-,-) 
  m_uint/m_core/g12901__9315/Y                  -       B->Y   F     NAND2BXL       2  0.5    17    16     433    (-,-) 
  m_uint/m_core/g12897/Y                        -       A->Y   R     INVXL          1  0.3     7    11     444    (-,-) 
  m_uint/m_core/g12896/Y                        -       A->Y   F     INVXL          3  0.9    12    11     455    (-,-) 
  m_uint/m_core/g12879__1705/Y                  -       A0->Y  R     AOI21XL        1  0.5    21    22     476    (-,-) 
  m_uint/m_core/g12875__6783/Y                  -       B->Y   F     NAND2X1        2  0.9    19    20     496    (-,-) 
  m_uint/m_core/g13217__5107/Y                  -       B->Y   R     NAND2BX1       2  0.6    10    12     509    (-,-) 
  m_uint/m_core/g12862__6417/Y                  -       B->Y   F     NAND2XL        1  0.5    17    15     524    (-,-) 
  m_uint/m_core/g13214__6417/Y                  -       B->Y   F     XNOR2X1        3  0.9    10    33     557    (-,-) 
  m_uint/m_core/g12834__6783/Y                  -       AN->Y  F     NOR2BX1        2  0.4     8    19     576    (-,-) 
  m_uint/m_core/g12820__5477/Y                  -       B0->Y  R     AOI21XL        2  0.8    27    21     597    (-,-) 
  m_uint/m_core/g12792__6783/Y                  -       B->Y   F     MXI2X1         2  0.6    21    26     622    (-,-) 
  m_uint/m_core/g12759__6131/Y                  -       A1->Y  R     AOI21X1        2  1.3    28    25     648    (-,-) 
  m_uint/m_core/g12735__2883/Y                  -       B->Y   F     NOR2X2         2  1.1    11    14     662    (-,-) 
  m_uint/m_core/ADD_TC_OP38_spec0_g4481__2883/Y -       B->Y   R     NOR2X2         3  1.1    14    14     675    (-,-) 
  m_uint/m_core/ADD_TC_OP38_spec0_g4409__6131/Y -       A0N->Y R     AOI2BB1X1      2  0.8    18    26     701    (-,-) 
  m_uint/m_core/ADD_TC_OP38_spec0_g4384__8428/Y -       B->Y   F     NOR2XL         2  0.5    12    13     714    (-,-) 
  m_uint/m_core/ADD_TC_OP38_spec0_g2__8428/Y    -       AN->Y  F     NAND4BXL       1  0.3    35    42     756    (-,-) 
  m_uint/m_core/ADD_TC_OP38_spec0_g4326__5107/Y -       A->Y   R     NAND2XL        1  0.3    13    19     774    (-,-) 
  m_uint/m_core/g10048__1666/Y                  -       A1N->Y R     OAI2BB1X1      2  0.8    10    28     802    (-,-) 
  g5535__5115/Y                                 -       A->Y   F     NOR2X1         2  0.5     9    11     814    (-,-) 
  g5527__2802/Y                                 -       B->Y   R     NAND2XL        3  0.9    16    13     826    (-,-) 
  g5515__6260/Y                                 -       B->Y   F     NOR2XL         2  0.4    10    12     838    (-,-) 
  g5501__9315/Y                                 -       B->Y   R     NOR2XL         1  0.6    20    16     854    (-,-) 
  g5485__1617/Y                                 -       B->Y   F     CLKXOR2X2      1  5.0    26    55     909    (-,-) 
  g5483/Y                                       -       A->Y   R     CLKINVX12      1 50.0    36    27     936    (-,-) 
  R[8]                                          -       -      R     (port)         -    -     -     0     936    (-,-) 
#-----------------------------------------------------------------------------------------------------------------------



Path 9: VIOLATED (-174 ps) Late External Delay Assertion at pin R[7]
          Group: vclk
     Startpoint: (R) B[7]
          Clock: (R) vclk
       Endpoint: (F) R[7]
          Clock: (R) vclk

                     Capture       Launch     
        Clock Edge:+    1000            0     
        Drv Adjust:+       0            0     
       Src Latency:+       0            0     
       Net Latency:+       0 (I)        0 (I) 
           Arrival:=    1000            0     
                                              
      Output Delay:-     200                  
       Uncertainty:-      50                  
     Required Time:=     750                  
      Launch Clock:-       0                  
       Input Delay:-     200                  
         Data Path:-     724                  
             Slack:=    -174                  

Exceptions/Constraints:
  input_delay              200             fplns_int8.sdc_line_14_8_1  
  output_delay             200             fplns_int8.sdc_line_15_28_1 

#-----------------------------------------------------------------------------------------------------------------------
#                 Timing Point                  Flags    Arc   Edge   Cell     Fanout Load Trans Delay Arrival Instance 
#                                                                                     (fF)  (ps)  (ps)   (ps)  Location 
#-----------------------------------------------------------------------------------------------------------------------
  B[7]                                          -       -      R     (arrival)      7  3.6     0     0     200    (-,-) 
  g5337/Y                                       -       A->Y   F     INVX2          4  1.8     7     8     208    (-,-) 
  g5317__3680/Y                                 -       B->Y   R     NAND2X1        1  0.5     7     8     216    (-,-) 
  g5279__2802/Y                                 -       A->Y   F     NAND2X1        1  0.5    13    14     230    (-,-) 
  g5264__6417/Y                                 -       A->Y   R     NOR2X1         1  1.0    20    20     250    (-,-) 
  g5251__1881/Y                                 -       A->Y   F     NAND2X2        6  3.0    29    25     275    (-,-) 
  m_uint/m_core/g13137__2398/Y                  -       A->Y   R     NOR2X2         2  1.0    15    20     295    (-,-) 
  m_uint/m_core/g13112__3680/Y                  -       B->Y   F     NAND2X1        3  1.2    22    20     314    (-,-) 
  m_uint/m_core/g13068__5526/Y                  -       B->Y   R     NOR2X2         3  0.9    15    16     330    (-,-) 
  m_uint/m_core/g13008__3680/Y                  -       A1N->Y R     OAI2BB1X1      1  0.5    10    27     357    (-,-) 
  m_uint/m_core/g12952__2346/Y                  -       B->Y   F     NAND2X1        2  1.1    21    17     375    (-,-) 
  m_uint/m_core/g12928__4319/Y                  -       B->Y   R     XOR3XL         2  0.8    13    50     425    (-,-) 
  m_uint/m_core/g12917__6417/Y                  -       B->Y   F     NOR2BX1        2  0.4     8    10     435    (-,-) 
  m_uint/m_core/g12905__9945/Y                  -       B->Y   R     NOR2XL         1  0.5    18    15     449    (-,-) 
  m_uint/m_core/g12886__5115/Y                  -       B->Y   F     NOR2X1         2  0.6     9    12     461    (-,-) 
  m_uint/m_core/g12878__2802/Y                  -       B->Y   R     NAND2X1        2  0.8    11    10     472    (-,-) 
  m_uint/m_core/g12874__5526/Y                  -       B->Y   F     NAND2X1        1  0.8    17    16     487    (-,-) 
  m_uint/m_core/g12866__2398/Y                  -       B->Y   R     NOR2X2         3  2.0    21    18     506    (-,-) 
  m_uint/m_core/g12857__9945/Y                  -       B->Y   F     NAND2X1        2  0.6    16    18     523    (-,-) 
  m_uint/m_core/g12851__4733/Y                  -       AN->Y  F     NOR2BX2        2  1.5    12    27     551    (-,-) 
  m_uint/m_core/fopt15/Y                        -       A->Y   R     INVX3         12  4.2    13    12     563    (-,-) 
  m_uint/m_core/g12843__7098/Y                  -       B->Y   F     NOR2XL         2  0.6    11    12     574    (-,-) 
  m_uint/m_core/g12825__2398/Y                  -       B0->Y  R     AOI21X1        2  0.8    20    18     593    (-,-) 
  m_uint/m_core/g13212__1666/Y                  -       AN->Y  R     NAND2BX1       1  0.5     9    19     612    (-,-) 
  m_uint/m_core/g12794__1617/Y                  -       B0->Y  F     OAI21X1        3  0.8    21    19     631    (-,-) 
  m_uint/m_core/g12786/Y                        -       A->Y   R     INVXL          2  0.6    11    14     645    (-,-) 
  m_uint/m_core/g12765__9315/Y                  -       B->Y   F     NOR2XL         1  0.4    10    10     655    (-,-) 
  m_uint/m_core/ADD_TC_OP38_spec0_g4463__1881/Y -       B->Y   R     NOR2X1         3  0.9    18    16     671    (-,-) 
  m_uint/m_core/ADD_TC_OP38_spec0_g4438__1666/Y -       A->Y   F     NOR2XL         1  0.3    10    14     685    (-,-) 
  m_uint/m_core/ADD_TC_OP38_spec0_g4359__6161/Y -       A1N->Y F     OAI2BB1X1      4  1.2    22    28     713    (-,-) 
  m_uint/m_core/ADD_TC_OP38_spec0_g4353__1881/Y -       B->Y   R     NAND2XL        2  0.6    13    15     728    (-,-) 
  m_uint/m_core/ADD_TC_OP38_spec0_g4344__1617/Y -       B->Y   F     NAND2XL        1  0.2    11    13     740    (-,-) 
  m_uint/m_core/ADD_TC_OP38_spec0_g4504__2802/Y -       B->Y   R     NAND2BXL       1  0.3     9    10     750    (-,-) 
  m_uint/m_core/ADD_TC_OP38_spec0_g4330__6260/Y -       B->Y   F     NAND2XL        1  0.3    13    13     763    (-,-) 
  m_uint/m_core/g10055__4319/Y                  -       A1N->Y F     OAI2BB1X1      3  0.9    19    26     789    (-,-) 
  g5538__6161/Y                                 -       B->Y   R     NOR2X1         2  0.6    16    17     806    (-,-) 
  g5510__5477/Y                                 -       B->Y   F     NAND2XL        2  0.5    17    17     823    (-,-) 
  g5489__8246/Y                                 -       A0->Y  R     OAI21XL        1  0.6    25    25     847    (-,-) 
  g5478__6260/Y                                 -       B->Y   R     XNOR2X1        1  3.8    30    40     887    (-,-) 
  g5475/Y                                       -       A->Y   F     CLKINVX8       1 50.0    55    37     924    (-,-) 
  R[7]                                          -       -      F     (port)         -    -     -     0     924    (-,-) 
#-----------------------------------------------------------------------------------------------------------------------



Path 10: VIOLATED (-170 ps) Late External Delay Assertion at pin R[6]
          Group: vclk
     Startpoint: (R) B[7]
          Clock: (R) vclk
       Endpoint: (R) R[6]
          Clock: (R) vclk

                     Capture       Launch     
        Clock Edge:+    1000            0     
        Drv Adjust:+       0            0     
       Src Latency:+       0            0     
       Net Latency:+       0 (I)        0 (I) 
           Arrival:=    1000            0     
                                              
      Output Delay:-     200                  
       Uncertainty:-      50                  
     Required Time:=     750                  
      Launch Clock:-       0                  
       Input Delay:-     200                  
         Data Path:-     720                  
             Slack:=    -170                  

Exceptions/Constraints:
  input_delay              200             fplns_int8.sdc_line_14_8_1  
  output_delay             200             fplns_int8.sdc_line_15_29_1 

#-----------------------------------------------------------------------------------------------------------------------
#                 Timing Point                  Flags    Arc   Edge   Cell     Fanout Load Trans Delay Arrival Instance 
#                                                                                     (fF)  (ps)  (ps)   (ps)  Location 
#-----------------------------------------------------------------------------------------------------------------------
  B[7]                                          -       -      R     (arrival)      7  3.6     0     0     200    (-,-) 
  g5337/Y                                       -       A->Y   F     INVX2          4  1.8     7     8     208    (-,-) 
  g5317__3680/Y                                 -       B->Y   R     NAND2X1        1  0.5     7     8     216    (-,-) 
  g5279__2802/Y                                 -       A->Y   F     NAND2X1        1  0.5    13    14     230    (-,-) 
  g5264__6417/Y                                 -       A->Y   R     NOR2X1         1  1.0    20    20     250    (-,-) 
  g5251__1881/Y                                 -       A->Y   F     NAND2X2        6  3.0    29    25     275    (-,-) 
  m_uint/m_core/g13137__2398/Y                  -       A->Y   R     NOR2X2         2  1.0    15    20     295    (-,-) 
  m_uint/m_core/g13112__3680/Y                  -       B->Y   F     NAND2X1        3  1.2    22    20     314    (-,-) 
  m_uint/m_core/g13068__5526/Y                  -       B->Y   R     NOR2X2         3  0.9    15    16     330    (-,-) 
  m_uint/m_core/g13008__3680/Y                  -       A1N->Y R     OAI2BB1X1      1  0.5    10    27     357    (-,-) 
  m_uint/m_core/g12952__2346/Y                  -       B->Y   F     NAND2X1        2  1.1    21    17     375    (-,-) 
  m_uint/m_core/g12928__4319/Y                  -       B->Y   R     XOR3XL         2  0.8    13    50     425    (-,-) 
  m_uint/m_core/g12917__6417/Y                  -       B->Y   F     NOR2BX1        2  0.4     8    10     435    (-,-) 
  m_uint/m_core/g12905__9945/Y                  -       B->Y   R     NOR2XL         1  0.5    18    15     449    (-,-) 
  m_uint/m_core/g12886__5115/Y                  -       B->Y   F     NOR2X1         2  0.6     9    12     461    (-,-) 
  m_uint/m_core/g12878__2802/Y                  -       B->Y   R     NAND2X1        2  0.8    11    10     472    (-,-) 
  m_uint/m_core/g12874__5526/Y                  -       B->Y   F     NAND2X1        1  0.8    17    16     487    (-,-) 
  m_uint/m_core/g12866__2398/Y                  -       B->Y   R     NOR2X2         3  2.0    21    18     506    (-,-) 
  m_uint/m_core/g12857__9945/Y                  -       B->Y   F     NAND2X1        2  0.6    16    18     523    (-,-) 
  m_uint/m_core/g12851__4733/Y                  -       AN->Y  F     NOR2BX2        2  1.5    12    27     551    (-,-) 
  m_uint/m_core/fopt15/Y                        -       A->Y   R     INVX3         12  4.2    13    12     563    (-,-) 
  m_uint/m_core/g12843__7098/Y                  -       B->Y   F     NOR2XL         2  0.6    11    12     574    (-,-) 
  m_uint/m_core/g12825__2398/Y                  -       B0->Y  R     AOI21X1        2  0.8    20    18     593    (-,-) 
  m_uint/m_core/g13212__1666/Y                  -       AN->Y  R     NAND2BX1       1  0.5     9    19     612    (-,-) 
  m_uint/m_core/g12794__1617/Y                  -       B0->Y  F     OAI21X1        3  0.8    21    19     631    (-,-) 
  m_uint/m_core/g12786/Y                        -       A->Y   R     INVXL          2  0.6    11    14     645    (-,-) 
  m_uint/m_core/g12765__9315/Y                  -       B->Y   F     NOR2XL         1  0.4    10    10     655    (-,-) 
  m_uint/m_core/ADD_TC_OP38_spec0_g4463__1881/Y -       B->Y   R     NOR2X1         3  0.9    18    16     671    (-,-) 
  m_uint/m_core/ADD_TC_OP38_spec0_g4438__1666/Y -       A->Y   F     NOR2XL         1  0.3    10    14     685    (-,-) 
  m_uint/m_core/ADD_TC_OP38_spec0_g4359__6161/Y -       A1N->Y F     OAI2BB1X1      4  1.2    22    28     713    (-,-) 
  m_uint/m_core/ADD_TC_OP38_spec0_g4353__1881/Y -       B->Y   R     NAND2XL        2  0.6    13    15     728    (-,-) 
  m_uint/m_core/ADD_TC_OP38_spec0_g4344__1617/Y -       B->Y   F     NAND2XL        1  0.2    11    13     740    (-,-) 
  m_uint/m_core/ADD_TC_OP38_spec0_g4504__2802/Y -       B->Y   R     NAND2BXL       1  0.3     9    10     750    (-,-) 
  m_uint/m_core/ADD_TC_OP38_spec0_g4330__6260/Y -       B->Y   F     NAND2XL        1  0.3    13    13     763    (-,-) 
  m_uint/m_core/g10055__4319/Y                  -       A1N->Y F     OAI2BB1X1      3  0.9    19    26     789    (-,-) 
  g5538__6161/Y                                 -       B->Y   R     NOR2X1         2  0.6    16    17     806    (-,-) 
  g5510__5477/Y                                 -       B->Y   F     NAND2XL        2  0.5    17    17     823    (-,-) 
  g5499__4733/Y                                 -       B->Y   R     NAND2XL        1  0.6    13    14     836    (-,-) 
  g5484__3680/Y                                 -       S0->Y  R     MXI2X8         1 50.0    50    84     920    (-,-) 
  R[6]                                          -       -      R     (port)         -    -     -     0     920    (-,-) 
#-----------------------------------------------------------------------------------------------------------------------



Path 11: VIOLATED (-159 ps) Late External Delay Assertion at pin R[5]
          Group: vclk
     Startpoint: (R) Conf_Bit_Mask[0]
          Clock: (R) vclk
       Endpoint: (F) R[5]
          Clock: (R) vclk

                     Capture       Launch     
        Clock Edge:+    1000            0     
        Drv Adjust:+       0            0     
       Src Latency:+       0            0     
       Net Latency:+       0 (I)        0 (I) 
           Arrival:=    1000            0     
                                              
      Output Delay:-     200                  
       Uncertainty:-      50                  
     Required Time:=     750                  
      Launch Clock:-       0                  
       Input Delay:-     200                  
         Data Path:-     709                  
             Slack:=    -159                  

Exceptions/Constraints:
  input_delay              200             fplns_int8.sdc_line_14_21_1 
  output_delay             200             fplns_int8.sdc_line_15_30_1 

#-------------------------------------------------------------------------------------------------------------------------
#                  Timing Point                   Flags    Arc   Edge   Cell     Fanout Load Trans Delay Arrival Instance 
#                                                                                       (fF)  (ps)  (ps)   (ps)  Location 
#-------------------------------------------------------------------------------------------------------------------------
  Conf_Bit_Mask[0]                                -       -      R     (arrival)      4  2.2     0     0     200    (-,-) 
  m_uint/m_core/g13232__5115/Y                    -       AN->Y  R     NAND2BX1       1  0.5     9    16     216    (-,-) 
  m_uint/m_core/g13121__6131/Y                    -       A->Y   F     NAND2X1        1  0.3    11    14     230    (-,-) 
  m_uint/m_core/g13223__3680/Y                    -       A->Y   R     XNOR2X1        1  0.6     8    42     272    (-,-) 
  m_uint/m_core/g13224__1617/Y                    -       B->Y   F     XOR2XL         2  0.6    10    34     306    (-,-) 
  m_uint/m_core/g12996/Y                          -       A->Y   R     INVX1          2  1.2    11    11     317    (-,-) 
  m_uint/m_core/g12957__5477/Y                    -       A1->Y  F     AOI21X2        4  1.4    22    20     336    (-,-) 
  m_uint/m_core/g12943__7482/Y                    -       B->Y   R     NOR2XL         2  0.6    21    21     357    (-,-) 
  m_uint/m_core/g12932__3680/Y                    -       A->Y   F     XNOR2X1        2  1.4    13    48     406    (-,-) 
  m_uint/m_core/g12923__5107/Y                    -       A1->Y  R     OAI21X2        5  1.7    22    20     426    (-,-) 
  m_uint/m_core/g12877__1617/Y                    -       A->Y   F     NOR3X1         1  0.3    12    17     442    (-,-) 
  m_uint/m_core/g12873__8428/Y                    -       B->Y   R     NOR3XL         1  0.3    23    24     466    (-,-) 
  m_uint/m_core/g12870__5107/Y                    -       B->Y   R     CLKAND2X2      2  1.2     8    27     492    (-,-) 
  m_uint/m_core/g12866__2398/Y                    -       A->Y   F     NOR2X2         3  1.6    11    12     504    (-,-) 
  m_uint/m_core/g12864/Y                          -       A->Y   R     INVX1          2  0.9     9    10     514    (-,-) 
  m_uint/m_core/g12854__9315/Y                    -       S0->Y  R     MXI2XL         1  0.6    26    23     537    (-,-) 
  m_uint/m_core/g12828__4319/Y                    -       B->Y   F     CLKXOR2X1      6  2.7    22    47     584    (-,-) 
  m_uint/m_core/g12805__7482/Y                    -       B->Y   R     NOR2X1         2  0.8    19    19     603    (-,-) 
  m_uint/m_core/g12783__5526/Y                    -       B->Y   F     NAND2X1        2  0.6    16    17     620    (-,-) 
  m_uint/m_core/g12762__7482/Y                    -       B->Y   R     NOR2X1         1  0.6    15    16     636    (-,-) 
  m_uint/m_core/ADD_TC_OP38_spec0_g4391__5526/CO  -       A->CO  R     ADDHXL         3  0.9    13    28     663    (-,-) 
  m_uint/m_core/ADD_TC_OP38_spec0_g4493__6260/Y   -       A1N->Y R     OAI2BB1XL      3  0.9    15    26     690    (-,-) 
  m_uint/m_core/ADD_TC_OP38_spec0_g4494_0__8246/Y -       AN->Y  R     NOR2BXL        1  0.3    14    21     711    (-,-) 
  m_uint/m_core/g13249/Y                          -       A->Y   R     CLKBUFX2       1  0.6     6    21     732    (-,-) 
  m_uint/m_core/ADD_TC_OP38_spec0_g4351__6131/Y   -       S0->Y  R     MXI2XL         1  0.3    20    19     750    (-,-) 
  m_uint/m_core/g10058__6783/Y                    -       A1N->Y R     OAI2BB1X2      4  1.6    15    38     788    (-,-) 
  g5521__6783/Y                                   -       C->Y   F     NOR3X1         2  0.6    14    12     800    (-,-) 
  g5347__9945/Y                                   -       AN->Y  F     NAND2BX1       1  0.5    15    24     824    (-,-) 
  g5495__1881/Y                                   -       B->Y   R     XNOR2X1        1  3.8    30    48     872    (-,-) 
  g5492/Y                                         -       A->Y   F     CLKINVX8       1 50.0    55    37     909    (-,-) 
  R[5]                                            -       -      F     (port)         -    -     -     0     909    (-,-) 
#-------------------------------------------------------------------------------------------------------------------------



Path 12: VIOLATED (-147 ps) Late External Delay Assertion at pin R[4]
          Group: vclk
     Startpoint: (R) Conf_Bit_Mask[0]
          Clock: (R) vclk
       Endpoint: (F) R[4]
          Clock: (R) vclk

                     Capture       Launch     
        Clock Edge:+    1000            0     
        Drv Adjust:+       0            0     
       Src Latency:+       0            0     
       Net Latency:+       0 (I)        0 (I) 
           Arrival:=    1000            0     
                                              
      Output Delay:-     200                  
       Uncertainty:-      50                  
     Required Time:=     750                  
      Launch Clock:-       0                  
       Input Delay:-     200                  
         Data Path:-     697                  
             Slack:=    -147                  

Exceptions/Constraints:
  input_delay              200             fplns_int8.sdc_line_14_21_1 
  output_delay             200             fplns_int8.sdc_line_15_31_1 

#------------------------------------------------------------------------------------------------------------------------
#                 Timing Point                   Flags    Arc   Edge   Cell     Fanout Load Trans Delay Arrival Instance 
#                                                                                      (fF)  (ps)  (ps)   (ps)  Location 
#------------------------------------------------------------------------------------------------------------------------
  Conf_Bit_Mask[0]                               -       -      R     (arrival)      4  2.2     0     0     200    (-,-) 
  m_uint/m_core/g13232__5115/Y                   -       AN->Y  R     NAND2BX1       1  0.5     9    16     216    (-,-) 
  m_uint/m_core/g13121__6131/Y                   -       A->Y   F     NAND2X1        1  0.3    11    14     230    (-,-) 
  m_uint/m_core/g13223__3680/Y                   -       A->Y   R     XNOR2X1        1  0.6     8    42     272    (-,-) 
  m_uint/m_core/g13224__1617/Y                   -       B->Y   F     XOR2XL         2  0.6    10    34     306    (-,-) 
  m_uint/m_core/g12996/Y                         -       A->Y   R     INVX1          2  1.2    11    11     317    (-,-) 
  m_uint/m_core/g12957__5477/Y                   -       A1->Y  F     AOI21X2        4  1.4    22    20     336    (-,-) 
  m_uint/m_core/g12943__7482/Y                   -       B->Y   R     NOR2XL         2  0.6    21    21     357    (-,-) 
  m_uint/m_core/g12932__3680/Y                   -       A->Y   F     XNOR2X1        2  1.4    13    48     406    (-,-) 
  m_uint/m_core/g12923__5107/Y                   -       A1->Y  R     OAI21X2        5  1.7    22    20     426    (-,-) 
  m_uint/m_core/g12877__1617/Y                   -       A->Y   F     NOR3X1         1  0.3    12    17     442    (-,-) 
  m_uint/m_core/g12873__8428/Y                   -       B->Y   R     NOR3XL         1  0.3    23    24     466    (-,-) 
  m_uint/m_core/g12870__5107/Y                   -       B->Y   R     CLKAND2X2      2  1.2     8    27     492    (-,-) 
  m_uint/m_core/g12866__2398/Y                   -       A->Y   F     NOR2X2         3  1.6    11    12     504    (-,-) 
  m_uint/m_core/g12864/Y                         -       A->Y   R     INVX1          2  0.9     9    10     514    (-,-) 
  m_uint/m_core/g12854__9315/Y                   -       S0->Y  R     MXI2XL         1  0.6    26    23     537    (-,-) 
  m_uint/m_core/g12828__4319/Y                   -       B->Y   F     CLKXOR2X1      6  2.7    22    47     584    (-,-) 
  m_uint/m_core/g12805__7482/Y                   -       B->Y   R     NOR2X1         2  0.8    19    19     603    (-,-) 
  m_uint/m_core/g12783__5526/Y                   -       B->Y   F     NAND2X1        2  0.6    16    17     620    (-,-) 
  m_uint/m_core/g12762__7482/Y                   -       B->Y   R     NOR2X1         1  0.6    15    16     636    (-,-) 
  m_uint/m_core/ADD_TC_OP38_spec0_g4391__5526/CO -       A->CO  R     ADDHXL         3  0.9    13    28     663    (-,-) 
  m_uint/m_core/ADD_TC_OP38_spec0_g4493__6260/Y  -       A1N->Y R     OAI2BB1XL      3  0.9    15    26     690    (-,-) 
  m_uint/m_core/ADD_TC_OP38_spec0_g4495/Y        -       A->Y   F     INVXL          1  0.2     5    10     699    (-,-) 
  m_uint/m_core/ADD_TC_OP38_spec0_g4365/Y        -       A->Y   R     INVXL          1  0.6     9     9     708    (-,-) 
  m_uint/m_core/ADD_TC_OP38_spec0_g4358__4733/Y  -       S0->Y  F     MXI2XL         1  0.3    18    14     722    (-,-) 
  m_uint/m_core/g10046__2883/Y                   -       A1N->Y F     OAI2BB1X1      2  0.6    15    25     747    (-,-) 
  g5526__1617/Y                                  -       AN->Y  F     NAND2BX1       3  1.1    22    28     775    (-,-) 
  g5522__3680/Y                                  -       A->Y   R     NOR2X1         4  1.2    23    23     798    (-,-) 
  g5514__5107/Y                                  -       B->Y   F     NOR2XL         1  0.5    11    15     813    (-,-) 
  g5562__2883/Y                                  -       B->Y   R     XNOR2X1        1  3.8    30    47     860    (-,-) 
  g5491/Y                                        -       A->Y   F     CLKINVX8       1 50.0    55    37     897    (-,-) 
  R[4]                                           -       -      F     (port)         -    -     -     0     897    (-,-) 
#------------------------------------------------------------------------------------------------------------------------



Path 13: VIOLATED (-135 ps) Late External Delay Assertion at pin R[3]
          Group: vclk
     Startpoint: (R) Conf_Bit_Mask[0]
          Clock: (R) vclk
       Endpoint: (R) R[3]
          Clock: (R) vclk

                     Capture       Launch     
        Clock Edge:+    1000            0     
        Drv Adjust:+       0            0     
       Src Latency:+       0            0     
       Net Latency:+       0 (I)        0 (I) 
           Arrival:=    1000            0     
                                              
      Output Delay:-     200                  
       Uncertainty:-      50                  
     Required Time:=     750                  
      Launch Clock:-       0                  
       Input Delay:-     200                  
         Data Path:-     685                  
             Slack:=    -135                  

Exceptions/Constraints:
  input_delay              200             fplns_int8.sdc_line_14_21_1 
  output_delay             200             fplns_int8.sdc_line_15_32_1 

#-------------------------------------------------------------------------------------------------------------------------
#                  Timing Point                   Flags    Arc   Edge   Cell     Fanout Load Trans Delay Arrival Instance 
#                                                                                       (fF)  (ps)  (ps)   (ps)  Location 
#-------------------------------------------------------------------------------------------------------------------------
  Conf_Bit_Mask[0]                                -       -      R     (arrival)      4  2.2     0     0     200    (-,-) 
  m_uint/m_core/g13232__5115/Y                    -       AN->Y  R     NAND2BX1       1  0.5     9    16     216    (-,-) 
  m_uint/m_core/g13121__6131/Y                    -       A->Y   F     NAND2X1        1  0.3    11    14     230    (-,-) 
  m_uint/m_core/g13223__3680/Y                    -       A->Y   R     XNOR2X1        1  0.6     8    42     272    (-,-) 
  m_uint/m_core/g13224__1617/Y                    -       B->Y   F     XOR2XL         2  0.6    10    34     306    (-,-) 
  m_uint/m_core/g12996/Y                          -       A->Y   R     INVX1          2  1.2    11    11     317    (-,-) 
  m_uint/m_core/g12957__5477/Y                    -       A1->Y  F     AOI21X2        4  1.4    22    20     336    (-,-) 
  m_uint/m_core/g12943__7482/Y                    -       B->Y   R     NOR2XL         2  0.6    21    21     357    (-,-) 
  m_uint/m_core/g12932__3680/Y                    -       A->Y   F     XNOR2X1        2  1.4    13    48     406    (-,-) 
  m_uint/m_core/g12923__5107/Y                    -       A1->Y  R     OAI21X2        5  1.7    22    20     426    (-,-) 
  m_uint/m_core/g12877__1617/Y                    -       A->Y   F     NOR3X1         1  0.3    12    17     442    (-,-) 
  m_uint/m_core/g12873__8428/Y                    -       B->Y   R     NOR3XL         1  0.3    23    24     466    (-,-) 
  m_uint/m_core/g12870__5107/Y                    -       B->Y   R     CLKAND2X2      2  1.2     8    27     492    (-,-) 
  m_uint/m_core/g12866__2398/Y                    -       A->Y   F     NOR2X2         3  1.6    11    12     504    (-,-) 
  m_uint/m_core/g12864/Y                          -       A->Y   R     INVX1          2  0.9     9    10     514    (-,-) 
  m_uint/m_core/g12854__9315/Y                    -       S0->Y  R     MXI2XL         1  0.6    26    23     537    (-,-) 
  m_uint/m_core/g12828__4319/Y                    -       B->Y   F     CLKXOR2X1      6  2.7    22    47     584    (-,-) 
  m_uint/m_core/g12805__7482/Y                    -       B->Y   R     NOR2X1         2  0.8    19    19     603    (-,-) 
  m_uint/m_core/g12783__5526/Y                    -       B->Y   F     NAND2X1        2  0.6    16    17     620    (-,-) 
  m_uint/m_core/g12762__7482/Y                    -       B->Y   R     NOR2X1         1  0.6    15    16     636    (-,-) 
  m_uint/m_core/ADD_TC_OP38_spec0_g4391__5526/CO  -       A->CO  R     ADDHXL         3  0.9    13    28     663    (-,-) 
  m_uint/m_core/ADD_TC_OP38_spec0_g4493__6260/Y   -       A1N->Y R     OAI2BB1XL      3  0.9    15    26     690    (-,-) 
  m_uint/m_core/ADD_TC_OP38_spec0_g4494_0__8246/Y -       AN->Y  R     NOR2BXL        1  0.3    14    21     711    (-,-) 
  m_uint/m_core/g13249/Y                          -       A->Y   R     CLKBUFX2       1  0.6     6    21     732    (-,-) 
  m_uint/m_core/ADD_TC_OP38_spec0_g4351__6131/Y   -       S0->Y  R     MXI2XL         1  0.3    20    19     750    (-,-) 
  m_uint/m_core/g10058__6783/Y                    -       A1N->Y R     OAI2BB1X2      4  1.6    15    38     788    (-,-) 
  g5552/Y                                         -       A->Y   F     INVXL          1  0.3     6    10     798    (-,-) 
  g5507__1666/Y                                   -       B->Y   R     MXI2X6         1 50.0    63    87     885    (-,-) 
  R[3]                                            -       -      R     (port)         -    -     -     0     885    (-,-) 
#-------------------------------------------------------------------------------------------------------------------------



Path 14: VIOLATED (-93 ps) Late External Delay Assertion at pin R[2]
          Group: vclk
     Startpoint: (R) Conf_Bit_Mask[0]
          Clock: (R) vclk
       Endpoint: (R) R[2]
          Clock: (R) vclk

                     Capture       Launch     
        Clock Edge:+    1000            0     
        Drv Adjust:+       0            0     
       Src Latency:+       0            0     
       Net Latency:+       0 (I)        0 (I) 
           Arrival:=    1000            0     
                                              
      Output Delay:-     200                  
       Uncertainty:-      50                  
     Required Time:=     750                  
      Launch Clock:-       0                  
       Input Delay:-     200                  
         Data Path:-     643                  
             Slack:=     -93                  

Exceptions/Constraints:
  input_delay              200             fplns_int8.sdc_line_14_21_1 
  output_delay             200             fplns_int8.sdc_line_15_33_1 

#------------------------------------------------------------------------------------------------------------------------
#                 Timing Point                   Flags    Arc   Edge   Cell     Fanout Load Trans Delay Arrival Instance 
#                                                                                      (fF)  (ps)  (ps)   (ps)  Location 
#------------------------------------------------------------------------------------------------------------------------
  Conf_Bit_Mask[0]                               -       -      R     (arrival)      4  2.2     0     0     200    (-,-) 
  m_uint/m_core/g13232__5115/Y                   -       AN->Y  R     NAND2BX1       1  0.5     9    16     216    (-,-) 
  m_uint/m_core/g13121__6131/Y                   -       A->Y   F     NAND2X1        1  0.3    11    14     230    (-,-) 
  m_uint/m_core/g13223__3680/Y                   -       A->Y   R     XNOR2X1        1  0.6     8    42     272    (-,-) 
  m_uint/m_core/g13224__1617/Y                   -       B->Y   F     XOR2XL         2  0.6    10    34     306    (-,-) 
  m_uint/m_core/g12996/Y                         -       A->Y   R     INVX1          2  1.2    11    11     317    (-,-) 
  m_uint/m_core/g12957__5477/Y                   -       A1->Y  F     AOI21X2        4  1.4    22    20     336    (-,-) 
  m_uint/m_core/g12943__7482/Y                   -       B->Y   R     NOR2XL         2  0.6    21    21     357    (-,-) 
  m_uint/m_core/g12932__3680/Y                   -       A->Y   F     XNOR2X1        2  1.4    13    48     406    (-,-) 
  m_uint/m_core/g12923__5107/Y                   -       A1->Y  R     OAI21X2        5  1.7    22    20     426    (-,-) 
  m_uint/m_core/g12877__1617/Y                   -       A->Y   F     NOR3X1         1  0.3    12    17     442    (-,-) 
  m_uint/m_core/g12873__8428/Y                   -       B->Y   R     NOR3XL         1  0.3    23    24     466    (-,-) 
  m_uint/m_core/g12870__5107/Y                   -       B->Y   R     CLKAND2X2      2  1.2     8    27     492    (-,-) 
  m_uint/m_core/g12866__2398/Y                   -       A->Y   F     NOR2X2         3  1.6    11    12     504    (-,-) 
  m_uint/m_core/g12864/Y                         -       A->Y   R     INVX1          2  0.9     9    10     514    (-,-) 
  m_uint/m_core/g12854__9315/Y                   -       S0->Y  R     MXI2XL         1  0.6    26    23     537    (-,-) 
  m_uint/m_core/g12828__4319/Y                   -       B->Y   F     CLKXOR2X1      6  2.7    22    47     584    (-,-) 
  m_uint/m_core/g12805__7482/Y                   -       B->Y   R     NOR2X1         2  0.8    19    19     603    (-,-) 
  m_uint/m_core/g12783__5526/Y                   -       B->Y   F     NAND2X1        2  0.6    16    17     620    (-,-) 
  m_uint/m_core/g12762__7482/Y                   -       B->Y   R     NOR2X1         1  0.6    15    16     636    (-,-) 
  m_uint/m_core/ADD_TC_OP38_spec0_g4391__5526/CO -       A->CO  R     ADDHXL         3  0.9    13    28     663    (-,-) 
  m_uint/m_core/ADD_TC_OP38_spec0_g4493__6260/Y  -       A1N->Y R     OAI2BB1XL      3  0.9    15    26     690    (-,-) 
  m_uint/m_core/ADD_TC_OP38_spec0_g4495/Y        -       A->Y   F     INVXL          1  0.2     5    10     699    (-,-) 
  m_uint/m_core/ADD_TC_OP38_spec0_g4365/Y        -       A->Y   R     INVXL          1  0.6     9     9     708    (-,-) 
  m_uint/m_core/ADD_TC_OP38_spec0_g4358__4733/Y  -       S0->Y  R     MXI2XL         1  0.3    20    19     727    (-,-) 
  m_uint/m_core/g10046__2883/Y                   -       A1N->Y R     OAI2BB1X1      2  0.6    11    28     755    (-,-) 
  g5506__2346/Y                                  -       A->Y   F     XNOR2X1        1  3.3    26    54     809    (-,-) 
  g5502/Y                                        -       A->Y   R     CLKINVX8       1 50.0    50    34     843    (-,-) 
  R[2]                                           -       -      R     (port)         -    -     -     0     843    (-,-) 
#------------------------------------------------------------------------------------------------------------------------



Path 15: VIOLATED (-87 ps) Late External Delay Assertion at pin R[1]
          Group: vclk
     Startpoint: (R) B[7]
          Clock: (R) vclk
       Endpoint: (F) R[1]
          Clock: (R) vclk

                     Capture       Launch     
        Clock Edge:+    1000            0     
        Drv Adjust:+       0            0     
       Src Latency:+       0            0     
       Net Latency:+       0 (I)        0 (I) 
           Arrival:=    1000            0     
                                              
      Output Delay:-     200                  
       Uncertainty:-      50                  
     Required Time:=     750                  
      Launch Clock:-       0                  
       Input Delay:-     200                  
         Data Path:-     637                  
             Slack:=     -87                  

Exceptions/Constraints:
  input_delay              200             fplns_int8.sdc_line_14_8_1  
  output_delay             200             fplns_int8.sdc_line_15_34_1 

#------------------------------------------------------------------------------------------------------
#        Timing Point          Flags    Arc   Edge   Cell     Fanout Load Trans Delay Arrival Instance 
#                                                                    (fF)  (ps)  (ps)   (ps)  Location 
#------------------------------------------------------------------------------------------------------
  B[7]                         -       -      R     (arrival)      7  3.6     0     0     200    (-,-) 
  g5337/Y                      -       A->Y   F     INVX2          4  1.8     7     8     208    (-,-) 
  g5317__3680/Y                -       B->Y   R     NAND2X1        1  0.5     7     8     216    (-,-) 
  g5279__2802/Y                -       A->Y   F     NAND2X1        1  0.5    13    14     230    (-,-) 
  g5264__6417/Y                -       A->Y   R     NOR2X1         1  1.0    20    20     250    (-,-) 
  g5251__1881/Y                -       A->Y   F     NAND2X2        6  3.0    29    25     275    (-,-) 
  m_uint/m_core/g13137__2398/Y -       A->Y   R     NOR2X2         2  1.0    15    20     295    (-,-) 
  m_uint/m_core/g13112__3680/Y -       B->Y   F     NAND2X1        3  1.2    22    20     314    (-,-) 
  m_uint/m_core/g13068__5526/Y -       B->Y   R     NOR2X2         3  0.9    15    16     330    (-,-) 
  m_uint/m_core/g13008__3680/Y -       A1N->Y R     OAI2BB1X1      1  0.5    10    27     357    (-,-) 
  m_uint/m_core/g12952__2346/Y -       B->Y   F     NAND2X1        2  1.1    21    17     375    (-,-) 
  m_uint/m_core/g12928__4319/Y -       B->Y   R     XOR3XL         2  0.8    13    50     425    (-,-) 
  m_uint/m_core/g12917__6417/Y -       B->Y   F     NOR2BX1        2  0.4     8    10     435    (-,-) 
  m_uint/m_core/g12905__9945/Y -       B->Y   R     NOR2XL         1  0.5    18    15     449    (-,-) 
  m_uint/m_core/g12886__5115/Y -       B->Y   F     NOR2X1         2  0.6     9    12     461    (-,-) 
  m_uint/m_core/g12878__2802/Y -       B->Y   R     NAND2X1        2  0.8    11    10     472    (-,-) 
  m_uint/m_core/g12874__5526/Y -       B->Y   F     NAND2X1        1  0.8    17    16     487    (-,-) 
  m_uint/m_core/g12866__2398/Y -       B->Y   R     NOR2X2         3  2.0    21    18     506    (-,-) 
  m_uint/m_core/g12857__9945/Y -       B->Y   F     NAND2X1        2  0.6    16    18     523    (-,-) 
  m_uint/m_core/g12851__4733/Y -       AN->Y  F     NOR2BX2        2  1.5    12    27     551    (-,-) 
  m_uint/m_core/fopt15/Y       -       A->Y   R     INVX3         12  4.2    13    12     563    (-,-) 
  m_uint/m_core/fopt11/Y       -       A->Y   F     INVXL          2  0.5     8    10     573    (-,-) 
  m_uint/m_core/fopt9/Y        -       A->Y   F     CLKBUFX2       3  0.6     6    22     595    (-,-) 
  m_uint/m_core/fopt8/Y        -       A->Y   R     INVXL          2  0.6     9     9     604    (-,-) 
  m_uint/m_core/g10129__8246/Y -       A1N->Y R     OAI2BB1X1      2  0.6     9    26     630    (-,-) 
  m_uint/m_core/g10113__5107/Y -       A1N->Y R     OAI2BB1X1      2  0.6    11    26     657    (-,-) 
  m_uint/m_core/g10102__6161/Y -       A0->Y  F     AOI21XL        1  0.5    22    21     678    (-,-) 
  m_uint/m_core/g10074__1881/Y -       S0->Y  R     MXI2XL         1  0.5    25    21     699    (-,-) 
  m_uint/m_core/g10047__2346/Y -       B->Y   F     NAND2X1        1  0.8    22    20     719    (-,-) 
  m_uint/m_core/g10042__4733/Y -       B->Y   R     NAND2X2        3  2.0    14    14     733    (-,-) 
  g5517__8428/Y                -       B->Y   F     NAND2X1        1  0.5    14    15     748    (-,-) 
  g5504__9945/Y                -       S0->Y  F     MXI2X6         1 50.0    68    89     837    (-,-) 
  R[1]                         -       -      F     (port)         -    -     -     0     837    (-,-) 
#------------------------------------------------------------------------------------------------------



Path 16: VIOLATED (-30 ps) Late External Delay Assertion at pin R[0]
          Group: vclk
     Startpoint: (R) B[7]
          Clock: (R) vclk
       Endpoint: (R) R[0]
          Clock: (R) vclk

                     Capture       Launch     
        Clock Edge:+    1000            0     
        Drv Adjust:+       0            0     
       Src Latency:+       0            0     
       Net Latency:+       0 (I)        0 (I) 
           Arrival:=    1000            0     
                                              
      Output Delay:-     200                  
       Uncertainty:-      50                  
     Required Time:=     750                  
      Launch Clock:-       0                  
       Input Delay:-     200                  
         Data Path:-     580                  
             Slack:=     -30                  

Exceptions/Constraints:
  input_delay              200             fplns_int8.sdc_line_14_8_1  
  output_delay             200             fplns_int8.sdc_line_15_35_1 

#------------------------------------------------------------------------------------------------------
#        Timing Point          Flags    Arc   Edge   Cell     Fanout Load Trans Delay Arrival Instance 
#                                                                    (fF)  (ps)  (ps)   (ps)  Location 
#------------------------------------------------------------------------------------------------------
  B[7]                         -       -      R     (arrival)      7  3.6     0     0     200    (-,-) 
  g5337/Y                      -       A->Y   F     INVX2          4  1.8     7     8     208    (-,-) 
  g5317__3680/Y                -       B->Y   R     NAND2X1        1  0.5     7     8     216    (-,-) 
  g5279__2802/Y                -       A->Y   F     NAND2X1        1  0.5    13    14     230    (-,-) 
  g5264__6417/Y                -       A->Y   R     NOR2X1         1  1.0    20    20     250    (-,-) 
  g5251__1881/Y                -       A->Y   F     NAND2X2        6  3.0    29    25     275    (-,-) 
  m_uint/m_core/g13137__2398/Y -       A->Y   R     NOR2X2         2  1.0    15    20     295    (-,-) 
  m_uint/m_core/g13112__3680/Y -       B->Y   F     NAND2X1        3  1.2    22    20     314    (-,-) 
  m_uint/m_core/g13068__5526/Y -       B->Y   R     NOR2X2         3  0.9    15    16     330    (-,-) 
  m_uint/m_core/g13008__3680/Y -       A1N->Y R     OAI2BB1X1      1  0.5    10    27     357    (-,-) 
  m_uint/m_core/g12952__2346/Y -       B->Y   F     NAND2X1        2  1.1    21    17     375    (-,-) 
  m_uint/m_core/g12928__4319/Y -       B->Y   R     XOR3XL         2  0.8    13    50     425    (-,-) 
  m_uint/m_core/g12917__6417/Y -       B->Y   F     NOR2BX1        2  0.4     8    10     435    (-,-) 
  m_uint/m_core/g12905__9945/Y -       B->Y   R     NOR2XL         1  0.5    18    15     449    (-,-) 
  m_uint/m_core/g12886__5115/Y -       B->Y   F     NOR2X1         2  0.6     9    12     461    (-,-) 
  m_uint/m_core/g12878__2802/Y -       B->Y   R     NAND2X1        2  0.8    11    10     472    (-,-) 
  m_uint/m_core/g12874__5526/Y -       B->Y   F     NAND2X1        1  0.8    17    16     487    (-,-) 
  m_uint/m_core/g12866__2398/Y -       B->Y   R     NOR2X2         3  2.0    21    18     506    (-,-) 
  m_uint/m_core/g12857__9945/Y -       B->Y   F     NAND2X1        2  0.6    16    18     523    (-,-) 
  m_uint/m_core/g12851__4733/Y -       AN->Y  F     NOR2BX2        2  1.5    12    27     551    (-,-) 
  m_uint/m_core/fopt15/Y       -       A->Y   R     INVX3         12  4.2    13    12     563    (-,-) 
  m_uint/m_core/fopt11/Y       -       A->Y   F     INVXL          2  0.5     8    10     573    (-,-) 
  m_uint/m_core/fopt9/Y        -       A->Y   F     CLKBUFX2       3  0.6     6    22     595    (-,-) 
  m_uint/m_core/fopt8/Y        -       A->Y   R     INVXL          2  0.6     9     9     604    (-,-) 
  m_uint/m_core/g10129__8246/Y -       A1N->Y R     OAI2BB1X1      2  0.6     9    26     630    (-,-) 
  m_uint/m_core/g10113__5107/Y -       A1N->Y R     OAI2BB1X1      2  0.6    11    26     657    (-,-) 
  m_uint/m_core/g10102__6161/Y -       A0->Y  F     AOI21XL        1  0.5    22    21     678    (-,-) 
  m_uint/m_core/g10074__1881/Y -       S0->Y  R     MXI2XL         1  0.5    25    21     699    (-,-) 
  m_uint/m_core/g10047__2346/Y -       B->Y   F     NAND2X1        1  0.8    22    20     719    (-,-) 
  m_uint/m_core/g10042__4733/Y -       B->Y   R     NAND2X2        3  2.0    14    14     733    (-,-) 
  g3356/Y                      -       A->Y   R     CLKBUFX8       1 50.0    49    47     780    (-,-) 
  R[0]                         -       -      R     (port)         -    -     -     0     780    (-,-) 
#------------------------------------------------------------------------------------------------------

