============================================================
  Generated by:           Genus(TM) Synthesis Solution 21.10-p002_1
  Generated on:           Apr 11 2026  03:35:11 pm
  Module:                 signed_int_mul_p_0_L5
  Technology libraries:   fast_vdd1v0 1.0
                          physical_cells 
  Operating conditions:   PVT_1P1V_0C 
  Interconnect mode:      global
  Area mode:              physical library
============================================================

Timing
--------

Clock Period 
-------------
VCLK  1000.0 


  Cost    Critical             Violating 
 Group   Path Slack    TNS       Paths   
-----------------------------------------
default    No paths       0.0            
VCLK         -524.4   -8001.5         16 
-----------------------------------------
Total                 -8001.5         16 

Instance Count
--------------
Leaf Instance Count             1145 
Physical Instance count            0 
Sequential Instance Count          0 
Combinational Instance Count    1145 
Hierarchical Instance Count        7 

Area
----
Cell Area                          3755.502
Physical Cell Area                 0.000
Total Cell Area (Cell+Physical)    3755.502
Net Area                           1298.938
Total Area (Cell+Physical+Net)     5054.440

Runtime                            0.0 seconds
Elapsed Runtime                    156 seconds
Genus peak memory usage            1626.05 
Innovus peak memory usage          no_value 
Hostname                           redhat315b
