============================================================
  Generated by:           Genus(TM) Synthesis Solution 21.10-p002_1
  Generated on:           Apr 11 2026  03:02:31 pm
  Module:                 fixed_point_mul_p_0_L3
  Technology libraries:   fast_vdd1v0 1.0
                          physical_cells 
  Operating conditions:   PVT_1P1V_0C 
  Interconnect mode:      global
  Area mode:              physical library
============================================================

       Instance                    Module              Cell Count  Cell Area  Net Area   Total Area 
----------------------------------------------------------------------------------------------------
fixed_point_mul_p_0_L3                                       1012   3099.546  1122.183     4221.729 
  m_unsigned_int_mul   unsigned_int_mul                       871   2620.404   923.781     3544.185 
    lod_a              leading_one_detector_WIDTH8             19     70.110    12.943       83.053 
    lod_b              leading_one_detector_WIDTH8_89          20     68.400    13.323       81.723 
    m_approx_t         approx_t_WIDTH8                        499   1537.974   520.210     2058.184 
      bms0             bit_mask_sel_WIDTH16                   120    423.054   113.655      536.709 
      bms1             bit_mask_sel_WIDTH16_88                 36     68.400    30.923       99.323 
      bms2             bit_mask_sel_WIDTH16_87                 25     40.356    21.001       61.357 
