============================================================
  Generated by:           Genus(TM) Synthesis Solution 21.10-p002_1
  Generated on:           Apr 11 2026  04:21:06 pm
  Module:                 unsigned_int_mul_p_0_L0
  Technology libraries:   fast_vdd1v0 1.0
                          physical_cells 
  Operating conditions:   PVT_1P1V_0C 
  Interconnect mode:      global
  Area mode:              physical library
============================================================

Timing
--------

Clock Period 
-------------
VCLK  1000.0 


  Cost    Critical             Violating 
 Group   Path Slack    TNS       Paths   
-----------------------------------------
default    No paths       0.0            
VCLK         -303.7   -4810.8         16 
-----------------------------------------
Total                 -4810.8         16 

Instance Count
--------------
Leaf Instance Count             1074 
Physical Instance count            0 
Sequential Instance Count          0 
Combinational Instance Count    1074 
Hierarchical Instance Count        6 

Area
----
Cell Area                          3444.966
Physical Cell Area                 0.000
Total Cell Area (Cell+Physical)    3444.966
Net Area                           1217.668
Total Area (Cell+Physical+Net)     4662.634

Runtime                            0.0 seconds
Elapsed Runtime                    134 seconds
Genus peak memory usage            1622.90 
Innovus peak memory usage          no_value 
Hostname                           redhat315b
