============================================================
  Generated by:           Genus(TM) Synthesis Solution 21.10-p002_1
  Generated on:           Apr 11 2026  03:12:35 pm
  Module:                 fixed_point_mul_p_1_L1
  Technology libraries:   fast_vdd1v0 1.0
                          physical_cells 
  Operating conditions:   PVT_1P1V_0C 
  Interconnect mode:      global
  Area mode:              physical library
============================================================

                                  Leakage  
   Gate     Instances    Area   Power (nW)     Library    
----------------------------------------------------------
ACHCONX2            3    37.962      1.917    fast_vdd1v0 
ADDFHX1             7    52.668      2.952    fast_vdd1v0 
ADDFHX2             1     8.208      0.498    fast_vdd1v0 
ADDFX1              3    15.390      1.058    fast_vdd1v0 
ADDFX2              1     7.866      0.406    fast_vdd1v0 
ADDHX1              6    22.572      1.575    fast_vdd1v0 
ADDHX4              1     7.182      0.530    fast_vdd1v0 
AND2X1              7     9.576      0.591    fast_vdd1v0 
AND2X2              7    11.970      0.840    fast_vdd1v0 
AND2X4              5    13.680      1.117    fast_vdd1v0 
AND2X6              3    11.286      1.024    fast_vdd1v0 
AO22X1              2     5.472      0.274    fast_vdd1v0 
AOI211X4            5    32.490      3.307    fast_vdd1v0 
AOI21X1             5     8.550      0.554    fast_vdd1v0 
AOI21X2            12    32.832      2.523    fast_vdd1v0 
AOI21X4            31   159.030     13.110    fast_vdd1v0 
AOI221X4            1     7.866      0.700    fast_vdd1v0 
AOI222X4            1     9.576      0.761    fast_vdd1v0 
AOI22X1             3     6.156      0.392    fast_vdd1v0 
AOI22X2             9    33.858      2.229    fast_vdd1v0 
AOI22X4            12    73.872      6.198    fast_vdd1v0 
AOI2BB1X1           1     2.052      0.142    fast_vdd1v0 
AOI2BB1X2           6    18.468      1.362    fast_vdd1v0 
AOI2BB1X4           5    20.520      2.080    fast_vdd1v0 
AOI2BB2X4           3    22.572      1.781    fast_vdd1v0 
AOI31X4             2    12.996      0.984    fast_vdd1v0 
AOI32X4             1     7.866      0.647    fast_vdd1v0 
BMXIX2              3    22.572      1.190    fast_vdd1v0 
BUFX12              2    10.260      1.156    fast_vdd1v0 
BUFX2              49    83.790      5.691    fast_vdd1v0 
BUFX3              21    43.092      3.575    fast_vdd1v0 
BUFX4               1     2.394      0.210    fast_vdd1v0 
BUFX6              25    76.950      8.329    fast_vdd1v0 
CLKAND2X12          2    15.048      1.397    fast_vdd1v0 
CLKAND2X2           3     6.156      0.418    fast_vdd1v0 
CLKAND2X3           1     3.078      0.220    fast_vdd1v0 
CLKAND2X6           7    33.516      3.348    fast_vdd1v0 
CLKAND2X8           1     5.814      0.555    fast_vdd1v0 
CLKBUFX2           20    34.200      2.339    fast_vdd1v0 
CLKINVX1            2     2.052      0.080    fast_vdd1v0 
CLKINVX12           5    20.520      2.332    fast_vdd1v0 
CLKINVX2            5     6.840      0.454    fast_vdd1v0 
CLKINVX3            9    15.390      1.094    fast_vdd1v0 
CLKINVX4           41    70.110      7.024    fast_vdd1v0 
CLKINVX6           43   102.942     10.815    fast_vdd1v0 
CLKINVX8           22    67.716      7.340    fast_vdd1v0 
CLKMX2X2            1     3.078      0.203    fast_vdd1v0 
CLKMX2X3            3    12.312      0.830    fast_vdd1v0 
CLKXOR2X1          17    46.512      3.034    fast_vdd1v0 
CLKXOR2X2           4    13.680      0.853    fast_vdd1v0 
INVX1              43    29.412      2.066    fast_vdd1v0 
INVX2              44    45.144      3.819    fast_vdd1v0 
INVX3              53    72.504      6.664    fast_vdd1v0 
INVX6               4     9.576      1.017    fast_vdd1v0 
INVXL              17    11.628      0.596    fast_vdd1v0 
MXI2X1              1     2.736      0.135    fast_vdd1v0 
MXI2X2              2     8.892      0.453    fast_vdd1v0 
MXI2X4              3    15.390      0.940    fast_vdd1v0 
MXI2X6              1     5.130      0.425    fast_vdd1v0 
MXI2XL              4     9.576      0.436    fast_vdd1v0 
NAND2BX1           12    16.416      1.128    fast_vdd1v0 
NAND2BX2            8    19.152      1.273    fast_vdd1v0 
NAND2BX4           17    63.954      5.308    fast_vdd1v0 
NAND2X1            39    40.014      2.653    fast_vdd1v0 
NAND2X2            53    90.630      7.047    fast_vdd1v0 
NAND2X4            69   235.980     18.105    fast_vdd1v0 
NAND2X6            52   248.976     21.077    fast_vdd1v0 
NAND2X8            47   257.184     25.341    fast_vdd1v0 
NAND3BX4            3    15.390      1.205    fast_vdd1v0 
NAND3X1             2     3.420      0.174    fast_vdd1v0 
NAND3X2             2     5.472      0.345    fast_vdd1v0 
NAND3X4             4    19.152      1.533    fast_vdd1v0 
NAND3X6             5    35.910      2.526    fast_vdd1v0 
NAND3X8             3    24.624      2.035    fast_vdd1v0 
NOR2BX1             5     6.840      0.565    fast_vdd1v0 
NOR2BX2            15    41.040      2.383    fast_vdd1v0 
NOR2BX4             7    26.334      1.827    fast_vdd1v0 
NOR2X1             20    20.520      1.365    fast_vdd1v0 
NOR2X2             39    66.690      5.283    fast_vdd1v0 
NOR2X4             57   175.446     16.087    fast_vdd1v0 
NOR2X6             33   135.432     14.167    fast_vdd1v0 
NOR2X8             17    93.024      9.848    fast_vdd1v0 
NOR3BX1             1     2.052      0.111    fast_vdd1v0 
NOR3BX4             3    17.442      0.955    fast_vdd1v0 
NOR3X1              1     1.710      0.084    fast_vdd1v0 
NOR3X2              3     8.208      0.560    fast_vdd1v0 
NOR3X4              3    15.390      1.321    fast_vdd1v0 
NOR3X6             12    86.184      6.745    fast_vdd1v0 
NOR3X8              4    35.568      3.524    fast_vdd1v0 
NOR4X1              2     3.420      0.275    fast_vdd1v0 
NOR4X6              1     8.208      0.822    fast_vdd1v0 
OA21X1              2     4.104      0.229    fast_vdd1v0 
OA21X2              1     3.078      0.148    fast_vdd1v0 
OA22X1              1     2.394      0.120    fast_vdd1v0 
OAI211X4            1     6.498      0.479    fast_vdd1v0 
OAI21X1             9    15.390      0.834    fast_vdd1v0 
OAI21X2            29    89.262      5.371    fast_vdd1v0 
OAI21X4            38   181.944     13.842    fast_vdd1v0 
OAI22X1             2     4.104      0.239    fast_vdd1v0 
OAI22X2             7    23.940      1.640    fast_vdd1v0 
OAI22X4             8    51.984      3.497    fast_vdd1v0 
OAI2BB1X1           8    13.680      0.962    fast_vdd1v0 
OAI2BB1X2           5    15.390      0.900    fast_vdd1v0 
OAI2BB1X4          11    48.906      3.669    fast_vdd1v0 
OAI2BB2X4           5    42.750      2.530    fast_vdd1v0 
OAI31X4             1     6.840      0.441    fast_vdd1v0 
OR2X1              15    20.520      1.415    fast_vdd1v0 
OR2X6               2     7.524      0.815    fast_vdd1v0 
OR2XL               1     1.368      0.095    fast_vdd1v0 
OR4X1               2     4.104      0.279    fast_vdd1v0 
XNOR2X1            17    40.698      3.062    fast_vdd1v0 
XNOR2X2            15    46.170      2.931    fast_vdd1v0 
XNOR2X4             1     3.762      0.332    fast_vdd1v0 
XNOR3X1             7    52.668      2.750    fast_vdd1v0 
XNOR3XL             8    60.192      2.917    fast_vdd1v0 
XOR2X2              3    10.260      0.634    fast_vdd1v0 
XOR2X4              1     4.104      0.331    fast_vdd1v0 
XOR3X1              6    45.144      2.374    fast_vdd1v0 
XOR3XL              1     7.524      0.377    fast_vdd1v0 
----------------------------------------------------------
total            1348  4194.630    337.471                


                                           Leakage  Leakage 
     Type      Instances   Area   Area % Power (nW) Power % 
------------------------------------------------------------
inverter             288  453.834   10.8     43.301    12.8 
buffer               118  250.686    6.0     21.300     6.3 
logic                942 3490.110   83.2    272.870    80.9 
physical_cells         0    0.000    0.0      0.000     0.0 
------------------------------------------------------------
total               1348 4194.630  100.0    337.471   100.0 

