============================================================
  Generated by:           Genus(TM) Synthesis Solution 21.10-p002_1
  Generated on:           Apr 11 2026  03:12:35 pm
  Module:                 fixed_point_mul_p_1_L1
  Technology libraries:   fast_vdd1v0 1.0
                          physical_cells 
  Operating conditions:   PVT_1P1V_0C 
  Interconnect mode:      global
  Area mode:              physical library
============================================================

Timing
--------

Clock Period 
-------------
VCLK  1000.0 


  Cost    Critical              Violating 
 Group   Path Slack     TNS       Paths   
------------------------------------------
default    No paths        0.0            
VCLK         -768.9   -12114.5         16 
------------------------------------------
Total                 -12114.5         16 

Instance Count
--------------
Leaf Instance Count             1348 
Physical Instance count            0 
Sequential Instance Count          0 
Combinational Instance Count    1348 
Hierarchical Instance Count        6 

Area
----
Cell Area                          4194.630
Physical Cell Area                 0.000
Total Cell Area (Cell+Physical)    4194.630
Net Area                           1504.353
Total Area (Cell+Physical+Net)     5698.983

Runtime                            0.0 seconds
Elapsed Runtime                    32 seconds
Genus peak memory usage            1644.03 
Innovus peak memory usage          no_value 
Hostname                           redhat315b
