============================================================
  Generated by:           Genus(TM) Synthesis Solution 21.10-p002_1
  Generated on:           Jun 19 2026  11:24:17 am
  Module:                 fplns_int8
  Technology library:     fast_vdd1v0 1.0
  Operating conditions:   PVT_1P1V_0C (balanced_tree)
  Wireload mode:          enclosed
  Area mode:              timing library
============================================================

Timing
--------

Clock Period 
-------------
vclk  1000.0 


  Cost    Critical             Violating 
 Group   Path Slack    TNS       Paths   
-----------------------------------------
default    No paths       0.0            
vclk         -104.1   -1154.8         15 
-----------------------------------------
Total                 -1154.8         15 

Instance Count
--------------
Leaf Instance Count             984 
Physical Instance count           0 
Sequential Instance Count         0 
Combinational Instance Count    984 
Hierarchical Instance Count       2 

Area
----
Cell Area                          1521.866
Physical Cell Area                 0.000
Total Cell Area (Cell+Physical)    1521.866
Net Area                           0.000
Total Area (Cell+Physical+Net)     1521.866

Runtime                            0.0 seconds
Elapsed Runtime                    153 seconds
Genus peak memory usage            1634.40 
Innovus peak memory usage          no_value 
Hostname                           redhat315b
