============================================================
  Generated by:           Genus(TM) Synthesis Solution 21.10-p002_1
  Generated on:           Jun 19 2026  11:24:17 am
  Module:                 fplns_int8
  Technology library:     fast_vdd1v0 1.0
  Operating conditions:   PVT_1P1V_0C (balanced_tree)
  Wireload mode:          enclosed
  Area mode:              timing library
============================================================

                                 Leakage  
   Gate    Instances    Area   Power (nW)     Library    
---------------------------------------------------------
AND2X1             4     5.472      0.341    fast_vdd1v0 
AND2XL            25    34.200      1.826    fast_vdd1v0 
AND3XL             1     2.052      0.084    fast_vdd1v0 
AO21XL             3     7.182      0.314    fast_vdd1v0 
AOI211XL           1     2.052      0.072    fast_vdd1v0 
AOI21X1           16    27.360      1.825    fast_vdd1v0 
AOI21X2            1     2.736      0.186    fast_vdd1v0 
AOI21X4            1     5.130      0.351    fast_vdd1v0 
AOI21XL            4     6.840      0.290    fast_vdd1v0 
AOI22X2            1     3.762      0.236    fast_vdd1v0 
AOI2BB1X1         10    20.520      1.425    fast_vdd1v0 
AOI2BB1X2          1     3.078      0.217    fast_vdd1v0 
AOI2BB1X4          1     4.104      0.412    fast_vdd1v0 
AOI2BB1XL         14    28.728      1.585    fast_vdd1v0 
AOI2BB2X4          1     7.524      0.545    fast_vdd1v0 
BUFX12             2    10.260      1.223    fast_vdd1v0 
BUFX16             1     6.840      0.813    fast_vdd1v0 
BUFX2              5     8.550      0.597    fast_vdd1v0 
BUFX20             4    32.832      4.116    fast_vdd1v0 
BUFX3              1     2.052      0.162    fast_vdd1v0 
BUFX4              1     2.394      0.198    fast_vdd1v0 
CLKAND2X2          1     2.052      0.119    fast_vdd1v0 
CLKBUFX2           6    10.260      0.707    fast_vdd1v0 
CLKBUFX20          1     8.208      1.028    fast_vdd1v0 
CLKINVX12          1     4.104      0.485    fast_vdd1v0 
CLKINVX16          1     5.472      0.654    fast_vdd1v0 
CLKINVX2           2     2.736      0.165    fast_vdd1v0 
CLKINVX3           1     1.710      0.114    fast_vdd1v0 
CLKINVX6           2     4.788      0.488    fast_vdd1v0 
CLKINVX8           3     9.234      0.936    fast_vdd1v0 
CLKXOR2X1          4    10.944      0.736    fast_vdd1v0 
INVX1             67    45.828      3.051    fast_vdd1v0 
INVX2             16    16.416      1.393    fast_vdd1v0 
INVX3              2     2.736      0.270    fast_vdd1v0 
INVX6              1     2.394      0.250    fast_vdd1v0 
INVXL             96    65.664      3.191    fast_vdd1v0 
MXI2X1             4    10.944      0.577    fast_vdd1v0 
MXI2X8             2    12.312      0.992    fast_vdd1v0 
MXI2XL             6    14.364      0.671    fast_vdd1v0 
NAND2BX1          16    21.888      1.714    fast_vdd1v0 
NAND2BX2           2     4.788      0.330    fast_vdd1v0 
NAND2BXL          30    41.040      2.419    fast_vdd1v0 
NAND2X1           73    74.898      5.139    fast_vdd1v0 
NAND2X2           42    71.820      5.659    fast_vdd1v0 
NAND2X4           11    34.610      2.904    fast_vdd1v0 
NAND2X6            2     9.131      0.761    fast_vdd1v0 
NAND2XL           68    69.768      3.118    fast_vdd1v0 
NAND3BX1           2     4.104      0.228    fast_vdd1v0 
NAND3BXL           9    15.390      0.762    fast_vdd1v0 
NAND3X1           10    17.100      0.955    fast_vdd1v0 
NAND3X6            1     7.182      0.487    fast_vdd1v0 
NAND3XL           10    17.100      0.582    fast_vdd1v0 
NAND4X1            1     2.052      0.099    fast_vdd1v0 
NAND4XL            1     1.710      0.061    fast_vdd1v0 
NOR2BX1           26    35.568      2.593    fast_vdd1v0 
NOR2BX2            5    13.680      0.915    fast_vdd1v0 
NOR2BXL            4     6.840      0.340    fast_vdd1v0 
NOR2X1            66    67.716      4.885    fast_vdd1v0 
NOR2X2            31    53.010      4.331    fast_vdd1v0 
NOR2X4            18    55.404      4.871    fast_vdd1v0 
NOR2X6             5    20.520      1.862    fast_vdd1v0 
NOR2XL            73    74.898      3.433    fast_vdd1v0 
NOR3BX1            2     4.104      0.321    fast_vdd1v0 
NOR3BXL            2     4.104      0.180    fast_vdd1v0 
NOR3X1             4     6.840      0.499    fast_vdd1v0 
NOR3X2             2     5.472      0.385    fast_vdd1v0 
NOR3X4             2    10.260      0.603    fast_vdd1v0 
NOR3XL             6    10.260      0.344    fast_vdd1v0 
NOR4XL             1     2.052      0.072    fast_vdd1v0 
OA21X1             4     8.208      0.445    fast_vdd1v0 
OAI211X1           1     1.710      0.116    fast_vdd1v0 
OAI21X1           24    41.040      2.350    fast_vdd1v0 
OAI21X2            9    27.702      1.763    fast_vdd1v0 
OAI21X4            2     9.576      0.662    fast_vdd1v0 
OAI21XL           12    20.520      0.809    fast_vdd1v0 
OAI221XL           1     3.078      0.087    fast_vdd1v0 
OAI22X1            2     4.104      0.251    fast_vdd1v0 
OAI22X2            1     3.420      0.234    fast_vdd1v0 
OAI22XL            1     2.052      0.068    fast_vdd1v0 
OAI2BB1X1         17    29.070      1.983    fast_vdd1v0 
OAI2BB1XL          4     8.208      0.385    fast_vdd1v0 
OAI2BB2XL          1     3.762      0.157    fast_vdd1v0 
OAI31X1            1     2.052      0.137    fast_vdd1v0 
OR2X1              6     8.208      0.546    fast_vdd1v0 
OR2X2              1     1.710      0.130    fast_vdd1v0 
OR2XL             20    27.360      1.717    fast_vdd1v0 
OR3X1              1     2.052      0.115    fast_vdd1v0 
OR4X1              2     4.104      0.222    fast_vdd1v0 
XNOR2X1           25    59.850      4.592    fast_vdd1v0 
XNOR2XL            4    10.944      0.699    fast_vdd1v0 
XOR2XL             4    10.944      0.674    fast_vdd1v0 
XOR3XL             2    15.048      0.721    fast_vdd1v0 
---------------------------------------------------------
total            984  1521.866    102.363                


                                           Leakage  Leakage 
     Type      Instances   Area   Area % Power (nW) Power % 
------------------------------------------------------------
inverter             192  161.082   10.6     10.995    10.7 
buffer                21   81.396    5.3      8.844     8.6 
logic                771 1279.388   84.1     82.523    80.6 
physical_cells         0    0.000    0.0      0.000     0.0 
------------------------------------------------------------
total                984 1521.866  100.0    102.363   100.0 

