============================================================
  Generated by:           Genus(TM) Synthesis Solution 21.10-p002_1
  Generated on:           Jun 19 2026  11:24:17 am
  Module:                 fplns_int8
  Operating conditions:   PVT_1P1V_0C (balanced_tree)
  Wireload mode:          enclosed
  Area mode:              timing library
============================================================


Path 1: VIOLATED (-104 ps) Late External Delay Assertion at pin R[15]
          Group: vclk
     Startpoint: (F) A[6]
          Clock: (R) vclk
       Endpoint: (F) R[15]
          Clock: (R) vclk

                     Capture       Launch     
        Clock Edge:+    1000            0     
        Drv Adjust:+       0            0     
       Src Latency:+       0            0     
       Net Latency:+       0 (I)        0 (I) 
           Arrival:=    1000            0     
                                              
      Output Delay:-     200                  
       Uncertainty:-      50                  
     Required Time:=     750                  
      Launch Clock:-       0                  
       Input Delay:-     200                  
         Data Path:-     654                  
             Slack:=    -104                  

Exceptions/Constraints:
  input_delay              200             fplns_int8.sdc_line_14_1_1 
  output_delay             200             fplns_int8.sdc_line_15     

#------------------------------------------------------------------------------------------------
#     Timing Point       Flags    Arc   Edge   Cell     Fanout Load Trans Delay Arrival Instance 
#                                                              (fF)  (ps)  (ps)   (ps)  Location 
#------------------------------------------------------------------------------------------------
  A[6]                   -       -      F     (arrival)      4  4.6     0     0     200    (-,-) 
  g6229/Y                -       A->Y   R     CLKINVX8       1  2.9     5     7     207    (-,-) 
  g6228/Y                -       B->Y   F     NOR2X6         1  1.7     7     8     215    (-,-) 
  g6226/Y                -       B->Y   R     NAND2X4        1  1.9     8     8     223    (-,-) 
  g38/Y                  -       B->Y   F     NOR2X4         1  1.7     9     9     232    (-,-) 
  g5847/Y                -       B->Y   R     NOR2X4         1  2.0    13    12     244    (-,-) 
  g5845/Y                -       A->Y   F     NAND2X4        7  2.2    17    17     261    (-,-) 
  m_uint/m_core/g427/Y   -       B->Y   R     NAND2X1        6  1.8    18    16     277    (-,-) 
  m_uint/m_core/g14303/Y -       A1N->Y R     AOI2BB1XL      1  0.3    14    20     297    (-,-) 
  m_uint/m_core/g287/Y   -       B->Y   F     NAND2XL        1  0.4    15    15     312    (-,-) 
  m_uint/m_core/g282/Y   -       A1->Y  R     OAI21X1        2  0.9    24    22     334    (-,-) 
  m_uint/m_core/g280/Y   -       S0->Y  R     MXI2XL         1  0.6    27    25     359    (-,-) 
  m_uint/m_core/g349/Y   -       S0->Y  R     MXI2XL         2  0.8    31    27     386    (-,-) 
  m_uint/m_core/g14343/Y -       B->Y   R     OR2XL          2  0.8    12    20     406    (-,-) 
  m_uint/m_core/g15485/Y -       B->Y   F     NAND2X1        1  0.8    17    16     422    (-,-) 
  m_uint/m_core/g43/Y    -       B->Y   R     NOR2X2         1  1.9    20    18     440    (-,-) 
  m_uint/m_core/g182/Y   -       C->Y   F     NOR3X4         3  2.5    16    13     453    (-,-) 
  m_uint/m_core/g179/Y   -       A->Y   R     NOR2X4         3  2.5    16    17     470    (-,-) 
  m_uint/m_core/g175/Y   -       B->Y   F     NOR2X4         5  1.9    10    11     481    (-,-) 
  m_uint/m_core/g174/Y   -       B->Y   R     NOR2X2         3  2.0    20    16     497    (-,-) 
  m_uint/m_core/fopt87/Y -       A->Y   F     INVX3         12  3.3    13    13     511    (-,-) 
  m_uint/m_core/g16074/Y -       B->Y   F     AND2XL         2  0.6     9    18     528    (-,-) 
  m_uint/m_core/g15996/Y -       B->Y   R     NOR2X1         2  0.8    17    15     543    (-,-) 
  m_uint/m_core/g146/Y   -       A1->Y  F     OAI21X1        3  0.8    21    20     563    (-,-) 
  m_uint/m_core/g141_0/Y -       A1N->Y F     OAI2BB1X1      2  0.7    16    26     589    (-,-) 
  m_uint/m_core/g15981/Y -       A->Y   F     AND2X1         3  1.0    10    21     610    (-,-) 
  m_uint/m_core/g16091/Y -       A->Y   R     INVX1          1  1.0     9    10     621    (-,-) 
  m_uint/m_core/g16090/Y -       A->Y   F     NAND2X2        3  1.1    15    16     636    (-,-) 
  m_uint/m_core/g16043/Y -       B0->Y  R     AOI2BB1XL      2  0.6    20    20     656    (-,-) 
  m_uint/m_core/g16044/Y -       A1N->Y R     AOI2BB1X1      1  0.9    19    25     682    (-,-) 
  m_uint/m_core/g16041/Y -       B->Y   F     NAND2X2        2  1.2    16    17     699    (-,-) 
  g37/Y                  -       A->Y   R     NOR2X2         3  1.1    15    17     716    (-,-) 
  g34/Y                  -       A->Y   F     NAND2X1        1  0.8    18    18     734    (-,-) 
  g74/Y                  -       B->Y   R     NOR2X2         2  0.8    13    14     748    (-,-) 
  g6269/Y                -       B->Y   F     NAND2X1        1  0.4    12    14     762    (-,-) 
  g82/Y                  -       A1->Y  R     OAI21X1        1  0.6    20    18     781    (-,-) 
  g5950/Y                -       B->Y   F     XNOR2X1        1  2.1    18    38     819    (-,-) 
  g5811/Y                -       A->Y   F     BUFX20         1 50.0    28    36     854    (-,-) 
  R[15]                  -       -      F     (port)         -    -     -     0     854    (-,-) 
#------------------------------------------------------------------------------------------------



Path 2: VIOLATED (-104 ps) Late External Delay Assertion at pin R[12]
          Group: vclk
     Startpoint: (F) A[6]
          Clock: (R) vclk
       Endpoint: (F) R[12]
          Clock: (R) vclk

                     Capture       Launch     
        Clock Edge:+    1000            0     
        Drv Adjust:+       0            0     
       Src Latency:+       0            0     
       Net Latency:+       0 (I)        0 (I) 
           Arrival:=    1000            0     
                                              
      Output Delay:-     200                  
       Uncertainty:-      50                  
     Required Time:=     750                  
      Launch Clock:-       0                  
       Input Delay:-     200                  
         Data Path:-     654                  
             Slack:=    -104                  

Exceptions/Constraints:
  input_delay              200             fplns_int8.sdc_line_14_1_1  
  output_delay             200             fplns_int8.sdc_line_15_23_1 

#------------------------------------------------------------------------------------------------
#     Timing Point       Flags    Arc   Edge   Cell     Fanout Load Trans Delay Arrival Instance 
#                                                              (fF)  (ps)  (ps)   (ps)  Location 
#------------------------------------------------------------------------------------------------
  A[6]                   -       -      F     (arrival)      4  4.6     0     0     200    (-,-) 
  g6229/Y                -       A->Y   R     CLKINVX8       1  2.9     5     7     207    (-,-) 
  g6228/Y                -       B->Y   F     NOR2X6         1  1.7     7     8     215    (-,-) 
  g6226/Y                -       B->Y   R     NAND2X4        1  1.9     8     8     223    (-,-) 
  g38/Y                  -       B->Y   F     NOR2X4         1  1.7     9     9     232    (-,-) 
  g5847/Y                -       B->Y   R     NOR2X4         1  2.0    13    12     244    (-,-) 
  g5845/Y                -       A->Y   F     NAND2X4        7  2.2    17    17     261    (-,-) 
  m_uint/m_core/g427/Y   -       B->Y   R     NAND2X1        6  1.8    18    16     277    (-,-) 
  m_uint/m_core/g14303/Y -       A1N->Y R     AOI2BB1XL      1  0.3    14    20     297    (-,-) 
  m_uint/m_core/g287/Y   -       B->Y   F     NAND2XL        1  0.4    15    15     312    (-,-) 
  m_uint/m_core/g282/Y   -       A1->Y  R     OAI21X1        2  0.9    24    22     334    (-,-) 
  m_uint/m_core/g280/Y   -       S0->Y  R     MXI2XL         1  0.6    27    25     359    (-,-) 
  m_uint/m_core/g349/Y   -       S0->Y  R     MXI2XL         2  0.8    31    27     386    (-,-) 
  m_uint/m_core/g14343/Y -       B->Y   R     OR2XL          2  0.8    12    20     406    (-,-) 
  m_uint/m_core/g15485/Y -       B->Y   F     NAND2X1        1  0.8    17    16     422    (-,-) 
  m_uint/m_core/g43/Y    -       B->Y   R     NOR2X2         1  1.9    20    18     440    (-,-) 
  m_uint/m_core/g182/Y   -       C->Y   F     NOR3X4         3  2.5    16    13     453    (-,-) 
  m_uint/m_core/g179/Y   -       A->Y   R     NOR2X4         3  2.5    16    17     470    (-,-) 
  m_uint/m_core/g9/Y     -       B->Y   R     OR2XL          1  0.9    13    19     489    (-,-) 
  m_uint/m_core/g15995/Y -       B->Y   F     NAND2X2        2  1.6    18    17     506    (-,-) 
  m_uint/m_core/g15994/Y -       A->Y   R     INVX2          5  2.8    14    14     520    (-,-) 
  m_uint/m_core/g16075/Y -       A->Y   F     INVX2          6  2.6    13    13     533    (-,-) 
  m_uint/m_core/g15299/Y -       A->Y   R     NOR2X1         1  0.5    14    16     548    (-,-) 
  m_uint/m_core/g16143/Y -       B0->Y  F     OAI2BB1X1      1  0.4    13    16     565    (-,-) 
  m_uint/m_core/g16077/Y -       B->Y   R     NAND3X1        3  1.1    18    14     579    (-,-) 
  m_uint/m_core/g15263/Y -       B->Y   F     NAND2X1        1  0.8    18    18     597    (-,-) 
  m_uint/m_core/g15795/Y -       B->Y   R     NOR2BX2        1  1.0    15    15     612    (-,-) 
  m_uint/m_core/g15767/Y -       A0->Y  F     OAI21X2        3  1.1    19    22     634    (-,-) 
  m_uint/m_core/g15788/Y -       A->Y   R     NOR3X1         2  0.6    25    28     662    (-,-) 
  m_uint/m_core/g14678/Y -       AN->Y  R     NAND2BXL       2  0.6    13    19     682    (-,-) 
  m_uint/m_core/g41/Y    -       B->Y   F     NAND2XL        1  0.4    15    15     697    (-,-) 
  m_uint/m_core/g39/Y    -       B->Y   R     NAND2X1        1  0.9    12    12     709    (-,-) 
  m_uint/m_core/g16001/Y -       B->Y   F     NAND2X2        4  1.9    20    18     727    (-,-) 
  g6257/Y                -       B->Y   R     NOR2X1         2  0.6    16    17     744    (-,-) 
  g86/Y                  -       A->Y   F     NAND3XL        1  0.2    20    23     767    (-,-) 
  g6144/Y                -       B->Y   R     NAND2XL        1  0.6    13    14     782    (-,-) 
  g89/Y                  -       B->Y   F     XNOR2X1        1  2.1    18    37     818    (-,-) 
  g5930/Y                -       A->Y   F     CLKBUFX20      1 50.0    28    36     854    (-,-) 
  R[12]                  -       -      F     (port)         -    -     -     0     854    (-,-) 
#------------------------------------------------------------------------------------------------



Path 3: VIOLATED (-104 ps) Late External Delay Assertion at pin R[14]
          Group: vclk
     Startpoint: (F) Conf_Bit_Mask[1]
          Clock: (R) vclk
       Endpoint: (F) R[14]
          Clock: (R) vclk

                     Capture       Launch     
        Clock Edge:+    1000            0     
        Drv Adjust:+       0            0     
       Src Latency:+       0            0     
       Net Latency:+       0 (I)        0 (I) 
           Arrival:=    1000            0     
                                              
      Output Delay:-     200                  
       Uncertainty:-      50                  
     Required Time:=     750                  
      Launch Clock:-       0                  
       Input Delay:-     200                  
         Data Path:-     654                  
             Slack:=    -104                  

Exceptions/Constraints:
  input_delay              200             fplns_int8.sdc_line_14_20_1 
  output_delay             200             fplns_int8.sdc_line_15_21_1 

#--------------------------------------------------------------------------------------------------
#       Timing Point        Flags   Arc   Edge   Cell     Fanout Load Trans Delay Arrival Instance 
#                                                                (fF)  (ps)  (ps)   (ps)  Location 
#--------------------------------------------------------------------------------------------------
  Conf_Bit_Mask[1]          -       -     F     (arrival)      4  5.2     0     0     200    (-,-) 
  m_uint/m_core/g15071/Y    -       A->Y  R     INVX2          1  0.9     4     6     206    (-,-) 
  m_uint/m_core/g15070/Y    -       B0->Y F     OAI22X2        2  1.0    22    20     226    (-,-) 
  m_uint/m_core/g15653/Y    -       S0->Y F     MXI2X1         3  1.0    27    28     254    (-,-) 
  m_uint/m_core/g54/Y       -       B->Y  F     OR2XL          1  0.4     7    25     280    (-,-) 
  m_uint/m_core/g16150/Y    -       B0->Y R     OAI2BB1X1      1  1.0    12    12     291    (-,-) 
  m_uint/m_core/g15974/Y    -       A0->Y F     AOI21X2        4  1.5    23    22     314    (-,-) 
  m_uint/m_core/g14325/Y    -       A->Y  R     INVX1          1  0.9    11    14     327    (-,-) 
  m_uint/m_core/g163/Y      -       B->Y  F     NAND2X2        2  1.2    15    15     342    (-,-) 
  m_uint/m_core/g161/Y      -       B->Y  R     XOR3XL         4  1.2    18    52     394    (-,-) 
  m_uint/m_core/g15484/Y    -       B->Y  F     NOR2XL         1  0.4    10    12     406    (-,-) 
  m_uint/m_core/g44/Y       -       B->Y  R     NOR2BX1        1  0.9    18    16     422    (-,-) 
  m_uint/m_core/g43/Y       -       A->Y  F     NOR2X2         1  1.6    13    14     436    (-,-) 
  m_uint/m_core/g182/Y      -       C->Y  R     NOR3X4         3  2.7    27    20     456    (-,-) 
  m_uint/m_core/g178/Y      -       B->Y  F     NOR2X1         3  1.3    15    18     474    (-,-) 
  m_uint/m_core/g14883/Y    -       B->Y  R     NOR2XL         2  0.9    27    22     495    (-,-) 
  m_uint/m_core/g367/Y      -       B->Y  F     XNOR2X1        3  1.2    12    35     531    (-,-) 
  m_uint/m_core/g365/Y      -       A->Y  R     INVXL          1  0.9    13    13     544    (-,-) 
  m_uint/m_core/g15608/Y    -       B->Y  F     NAND2X2        4  2.1    21    19     562    (-,-) 
  m_uint/m_core/fopt15610/Y -       A->Y  R     INVX2          4  1.8    11    13     575    (-,-) 
  m_uint/m_core/g15778/Y    -       A->Y  F     NAND2X1        2  0.5    14    15     590    (-,-) 
  m_uint/m_core/g15777/Y    -       B->Y  R     NAND2XL        1  1.0    19    15     606    (-,-) 
  m_uint/m_core/g15776/Y    -       B->Y  F     NOR2BX2        4  1.1    10    12     618    (-,-) 
  m_uint/m_core/g15270/Y    -       A->Y  R     NOR2XL         2  0.8    24    21     639    (-,-) 
  m_uint/m_core/g15515/Y    -       A0->Y F     AOI21X1        2  0.5    18    24     662    (-,-) 
  m_uint/m_core/g15931/Y    -       AN->Y F     NOR2BXL        2  0.6    12    19     682    (-,-) 
  m_uint/m_core/g15932/Y    -       B->Y  R     NAND2X1        1  0.5     8    10     691    (-,-) 
  m_uint/m_core/g15941/Y    -       A->Y  F     NAND2X1        2  0.6    15    15     707    (-,-) 
  g6198/Y                   -       A->Y  R     INVX1          2  1.2    12    13     719    (-,-) 
  g20/Y                     -       B->Y  F     NAND2X2        2  0.6    13    13     732    (-,-) 
  g6197/Y                   -       B->Y  R     NOR2XL         1  0.3    14    14     746    (-,-) 
  g6052/Y                   -       B->Y  F     NAND2XL        1  0.4    15    15     761    (-,-) 
  g84/Y                     -       A1->Y R     OAI21X1        1  0.6    20    19     781    (-,-) 
  g5863/Y                   -       B->Y  F     XNOR2X1        1  2.1    18    38     818    (-,-) 
  g5862/Y                   -       A->Y  F     BUFX20         1 50.0    28    36     854    (-,-) 
  R[14]                     -       -     F     (port)         -    -     -     0     854    (-,-) 
#--------------------------------------------------------------------------------------------------



Path 4: VIOLATED (-104 ps) Late External Delay Assertion at pin R[13]
          Group: vclk
     Startpoint: (F) A[6]
          Clock: (R) vclk
       Endpoint: (R) R[13]
          Clock: (R) vclk

                     Capture       Launch     
        Clock Edge:+    1000            0     
        Drv Adjust:+       0            0     
       Src Latency:+       0            0     
       Net Latency:+       0 (I)        0 (I) 
           Arrival:=    1000            0     
                                              
      Output Delay:-     200                  
       Uncertainty:-      50                  
     Required Time:=     750                  
      Launch Clock:-       0                  
       Input Delay:-     200                  
         Data Path:-     654                  
             Slack:=    -104                  

Exceptions/Constraints:
  input_delay              200             fplns_int8.sdc_line_14_1_1  
  output_delay             200             fplns_int8.sdc_line_15_22_1 

#------------------------------------------------------------------------------------------------------
#        Timing Point          Flags    Arc   Edge   Cell     Fanout Load Trans Delay Arrival Instance 
#                                                                    (fF)  (ps)  (ps)   (ps)  Location 
#------------------------------------------------------------------------------------------------------
  A[6]                         -       -      F     (arrival)      4  4.6     0     0     200    (-,-) 
  g6229/Y                      -       A->Y   R     CLKINVX8       1  2.9     5     7     207    (-,-) 
  g6228/Y                      -       B->Y   F     NOR2X6         1  1.7     7     8     215    (-,-) 
  g6226/Y                      -       B->Y   R     NAND2X4        1  1.9     8     8     223    (-,-) 
  g38/Y                        -       B->Y   F     NOR2X4         1  1.7     9     9     232    (-,-) 
  g5847/Y                      -       B->Y   R     NOR2X4         1  2.0    13    12     244    (-,-) 
  g5845/Y                      -       A->Y   F     NAND2X4        7  2.2    17    17     261    (-,-) 
  m_uint/m_core/g427/Y         -       B->Y   R     NAND2X1        6  1.8    18    16     277    (-,-) 
  m_uint/m_core/g14303/Y       -       A1N->Y R     AOI2BB1XL      1  0.3    14    20     297    (-,-) 
  m_uint/m_core/g287/Y         -       B->Y   F     NAND2XL        1  0.4    15    15     312    (-,-) 
  m_uint/m_core/g282/Y         -       A1->Y  R     OAI21X1        2  0.9    24    22     334    (-,-) 
  m_uint/m_core/g280/Y         -       S0->Y  R     MXI2XL         1  0.6    27    25     359    (-,-) 
  m_uint/m_core/g349/Y         -       S0->Y  R     MXI2XL         2  0.8    31    27     386    (-,-) 
  m_uint/m_core/g14343/Y       -       B->Y   R     OR2XL          2  0.8    12    20     406    (-,-) 
  m_uint/m_core/g14134/Y       -       A->Y   F     INVXL          2  0.8    11    12     418    (-,-) 
  m_uint/m_core/g14396/Y       -       B0->Y  R     AOI21X1        1  0.5    17    16     434    (-,-) 
  m_uint/m_core/g233/Y         -       B->Y   F     NAND2X1        3  0.8    18    18     452    (-,-) 
  m_uint/m_core/g223/Y         -       C->Y   R     NAND3BXL       1  0.3    12    13     465    (-,-) 
  m_uint/m_core/g14096/Y       -       B->Y   F     NAND2BXL       1  0.5    17    16     481    (-,-) 
  m_uint/m_core/g12845__6131/Y -       B->Y   R     XNOR2X1        6  2.6    21    44     524    (-,-) 
  m_uint/m_core/g15258/Y       -       A1->Y  F     AOI22X2        2  1.1    29    27     551    (-,-) 
  m_uint/m_core/g15061/Y       -       B->Y   F     OR2XL          1  0.4     7    26     576    (-,-) 
  m_uint/m_core/g15786/Y       -       B->Y   R     NAND2BX1       2  0.8    11    10     586    (-,-) 
  m_uint/m_core/g15785/Y       -       A1->Y  F     AOI21X1        1  0.8    21    20     606    (-,-) 
  m_uint/m_core/g37/Y          -       B->Y   R     NAND2X2        2  1.4    11    13     619    (-,-) 
  m_uint/m_core/g15905/Y       -       B->Y   F     NAND2X2        2  1.3    17    15     634    (-,-) 
  m_uint/m_core/g115/Y         -       A1->Y  R     OAI21X2        4  1.4    21    20     654    (-,-) 
  m_uint/m_core/g15940/Y       -       A1N->Y R     OAI2BB1XL      2  0.9    16    28     682    (-,-) 
  m_uint/m_core/g600/Y         -       S0->Y  R     MXI2XL         1  0.3    21    20     702    (-,-) 
  m_uint/m_core/g13306/Y       -       B->Y   R     AND2XL         3  1.1    16    28     730    (-,-) 
  g71/Y                        -       A->Y   F     NOR2XL         1  0.4    10    13     743    (-,-) 
  g70/Y                        -       A->Y   R     NAND2X1        1  0.5     9    11     754    (-,-) 
  g6051/Y                      -       A0->Y  F     OAI21X1        1  0.5    18    19     773    (-,-) 
  g187/Y                       -       B->Y   R     XNOR2X1        1  2.4    20    43     816    (-,-) 
  g144/Y                       -       A->Y   R     BUFX20         1 50.0    26    38     854    (-,-) 
  R[13]                        -       -      R     (port)         -    -     -     0     854    (-,-) 
#------------------------------------------------------------------------------------------------------



Path 5: VIOLATED (-103 ps) Late External Delay Assertion at pin R[11]
          Group: vclk
     Startpoint: (F) A[6]
          Clock: (R) vclk
       Endpoint: (F) R[11]
          Clock: (R) vclk

                     Capture       Launch     
        Clock Edge:+    1000            0     
        Drv Adjust:+       0            0     
       Src Latency:+       0            0     
       Net Latency:+       0 (I)        0 (I) 
           Arrival:=    1000            0     
                                              
      Output Delay:-     200                  
       Uncertainty:-      50                  
     Required Time:=     750                  
      Launch Clock:-       0                  
       Input Delay:-     200                  
         Data Path:-     653                  
             Slack:=    -103                  

Exceptions/Constraints:
  input_delay              200             fplns_int8.sdc_line_14_1_1  
  output_delay             200             fplns_int8.sdc_line_15_24_1 

#------------------------------------------------------------------------------------------------
#     Timing Point       Flags    Arc   Edge   Cell     Fanout Load Trans Delay Arrival Instance 
#                                                              (fF)  (ps)  (ps)   (ps)  Location 
#------------------------------------------------------------------------------------------------
  A[6]                   -       -      F     (arrival)      4  4.6     0     0     200    (-,-) 
  g6229/Y                -       A->Y   R     CLKINVX8       1  2.9     5     7     207    (-,-) 
  g6228/Y                -       B->Y   F     NOR2X6         1  1.7     7     8     215    (-,-) 
  g6226/Y                -       B->Y   R     NAND2X4        1  1.9     8     8     223    (-,-) 
  g38/Y                  -       B->Y   F     NOR2X4         1  1.7     9     9     232    (-,-) 
  g5847/Y                -       B->Y   R     NOR2X4         1  2.0    13    12     244    (-,-) 
  g5845/Y                -       A->Y   F     NAND2X4        7  2.2    17    17     261    (-,-) 
  m_uint/m_core/g427/Y   -       B->Y   R     NAND2X1        6  1.8    18    16     277    (-,-) 
  m_uint/m_core/g14303/Y -       A1N->Y R     AOI2BB1XL      1  0.3    14    20     297    (-,-) 
  m_uint/m_core/g287/Y   -       B->Y   F     NAND2XL        1  0.4    15    15     312    (-,-) 
  m_uint/m_core/g282/Y   -       A1->Y  R     OAI21X1        2  0.9    24    22     334    (-,-) 
  m_uint/m_core/g280/Y   -       S0->Y  R     MXI2XL         1  0.6    27    25     359    (-,-) 
  m_uint/m_core/g349/Y   -       S0->Y  R     MXI2XL         2  0.8    31    27     386    (-,-) 
  m_uint/m_core/g14343/Y -       B->Y   R     OR2XL          2  0.8    12    20     406    (-,-) 
  m_uint/m_core/g15485/Y -       B->Y   F     NAND2X1        1  0.8    17    16     422    (-,-) 
  m_uint/m_core/g43/Y    -       B->Y   R     NOR2X2         1  1.9    20    18     440    (-,-) 
  m_uint/m_core/g182/Y   -       C->Y   F     NOR3X4         3  2.5    16    13     453    (-,-) 
  m_uint/m_core/g179/Y   -       A->Y   R     NOR2X4         3  2.5    16    17     470    (-,-) 
  m_uint/m_core/g175/Y   -       B->Y   F     NOR2X4         5  1.9    10    11     481    (-,-) 
  m_uint/m_core/g174/Y   -       B->Y   R     NOR2X2         3  2.0    20    16     497    (-,-) 
  m_uint/m_core/fopt87/Y -       A->Y   F     INVX3         12  3.3    13    13     511    (-,-) 
  m_uint/m_core/g16074/Y -       B->Y   F     AND2XL         2  0.6     9    18     528    (-,-) 
  m_uint/m_core/g15996/Y -       B->Y   R     NOR2X1         2  0.8    17    15     543    (-,-) 
  m_uint/m_core/g146/Y   -       A1->Y  F     OAI21X1        3  0.8    21    20     563    (-,-) 
  m_uint/m_core/g141_0/Y -       A1N->Y F     OAI2BB1X1      2  0.7    16    26     589    (-,-) 
  m_uint/m_core/g15981/Y -       A->Y   F     AND2X1         3  1.0    10    21     610    (-,-) 
  m_uint/m_core/g16091/Y -       A->Y   R     INVX1          1  1.0     9    10     621    (-,-) 
  m_uint/m_core/g16090/Y -       A->Y   F     NAND2X2        3  1.1    15    16     636    (-,-) 
  m_uint/m_core/g16043/Y -       B0->Y  R     AOI2BB1XL      2  0.6    20    20     656    (-,-) 
  m_uint/m_core/g16044/Y -       A1N->Y R     AOI2BB1X1      1  0.9    19    25     682    (-,-) 
  m_uint/m_core/g16041/Y -       B->Y   F     NAND2X2        2  1.2    16    17     699    (-,-) 
  g37/Y                  -       A->Y   R     NOR2X2         3  1.1    15    17     716    (-,-) 
  g6272/Y                -       B->Y   F     NAND2XL        1  0.4    15    16     731    (-,-) 
  g72/Y                  -       A->Y   R     INVX1          4  1.4    13    13     745    (-,-) 
  g102/Y                 -       B->Y   F     NAND3XL        1  0.2    20    21     766    (-,-) 
  g5931/Y                -       B->Y   R     NAND2XL        1  0.6    14    14     780    (-,-) 
  g18/Y                  -       B->Y   F     XNOR2X1        1  2.1    18    37     817    (-,-) 
  g5898/Y                -       A->Y   F     BUFX20         1 50.0    28    36     853    (-,-) 
  R[11]                  -       -      F     (port)         -    -     -     0     853    (-,-) 
#------------------------------------------------------------------------------------------------



Path 6: VIOLATED (-98 ps) Late External Delay Assertion at pin R[10]
          Group: vclk
     Startpoint: (F) Conf_Bit_Mask[1]
          Clock: (R) vclk
       Endpoint: (R) R[10]
          Clock: (R) vclk

                     Capture       Launch     
        Clock Edge:+    1000            0     
        Drv Adjust:+       0            0     
       Src Latency:+       0            0     
       Net Latency:+       0 (I)        0 (I) 
           Arrival:=    1000            0     
                                              
      Output Delay:-     200                  
       Uncertainty:-      50                  
     Required Time:=     750                  
      Launch Clock:-       0                  
       Input Delay:-     200                  
         Data Path:-     648                  
             Slack:=     -98                  

Exceptions/Constraints:
  input_delay              200             fplns_int8.sdc_line_14_20_1 
  output_delay             200             fplns_int8.sdc_line_15_25_1 

#---------------------------------------------------------------------------------------------------
#       Timing Point        Flags    Arc   Edge   Cell     Fanout Load Trans Delay Arrival Instance 
#                                                                 (fF)  (ps)  (ps)   (ps)  Location 
#---------------------------------------------------------------------------------------------------
  Conf_Bit_Mask[1]          -       -      F     (arrival)      4  5.2     0     0     200    (-,-) 
  m_uint/m_core/g15071/Y    -       A->Y   R     INVX2          1  0.9     4     6     206    (-,-) 
  m_uint/m_core/g15070/Y    -       B0->Y  F     OAI22X2        2  1.0    22    20     226    (-,-) 
  m_uint/m_core/g15653/Y    -       S0->Y  F     MXI2X1         3  1.0    27    28     254    (-,-) 
  m_uint/m_core/g54/Y       -       B->Y   F     OR2XL          1  0.4     7    25     280    (-,-) 
  m_uint/m_core/g16150/Y    -       B0->Y  R     OAI2BB1X1      1  1.0    12    12     291    (-,-) 
  m_uint/m_core/g15974/Y    -       A0->Y  F     AOI21X2        4  1.5    23    22     314    (-,-) 
  m_uint/m_core/g14325/Y    -       A->Y   R     INVX1          1  0.9    11    14     327    (-,-) 
  m_uint/m_core/g163/Y      -       B->Y   F     NAND2X2        2  1.2    15    15     342    (-,-) 
  m_uint/m_core/g161/Y      -       B->Y   R     XOR3XL         4  1.2    18    52     394    (-,-) 
  m_uint/m_core/g15484/Y    -       B->Y   F     NOR2XL         1  0.4    10    12     406    (-,-) 
  m_uint/m_core/g44/Y       -       B->Y   R     NOR2BX1        1  0.9    18    16     422    (-,-) 
  m_uint/m_core/g43/Y       -       A->Y   F     NOR2X2         1  1.6    13    14     436    (-,-) 
  m_uint/m_core/g182/Y      -       C->Y   R     NOR3X4         3  2.7    27    20     456    (-,-) 
  m_uint/m_core/g178/Y      -       B->Y   F     NOR2X1         3  1.3    15    18     474    (-,-) 
  m_uint/m_core/g14883/Y    -       B->Y   R     NOR2XL         2  0.9    27    22     495    (-,-) 
  m_uint/m_core/g367/Y      -       B->Y   F     XNOR2X1        3  1.2    12    35     531    (-,-) 
  m_uint/m_core/g365/Y      -       A->Y   R     INVXL          1  0.9    13    13     544    (-,-) 
  m_uint/m_core/g15608/Y    -       B->Y   F     NAND2X2        4  2.1    21    19     562    (-,-) 
  m_uint/m_core/fopt15610/Y -       A->Y   R     INVX2          4  1.8    11    13     575    (-,-) 
  m_uint/m_core/g15778/Y    -       A->Y   F     NAND2X1        2  0.5    14    15     590    (-,-) 
  m_uint/m_core/g15777/Y    -       B->Y   R     NAND2XL        1  1.0    19    15     606    (-,-) 
  m_uint/m_core/g15776/Y    -       B->Y   F     NOR2BX2        4  1.1    10    12     618    (-,-) 
  m_uint/m_core/g15270/Y    -       A->Y   R     NOR2XL         2  0.8    24    21     639    (-,-) 
  m_uint/m_core/g15515/Y    -       A0->Y  F     AOI21X1        2  0.5    18    24     662    (-,-) 
  m_uint/m_core/g15931/Y    -       AN->Y  F     NOR2BXL        2  0.6    12    19     682    (-,-) 
  m_uint/m_core/g15932/Y    -       B->Y   R     NAND2X1        1  0.5     8    10     691    (-,-) 
  m_uint/m_core/g15941/Y    -       A->Y   F     NAND2X1        2  0.6    15    15     707    (-,-) 
  g6198/Y                   -       A->Y   R     INVX1          2  1.2    12    13     719    (-,-) 
  g20/Y                     -       B->Y   F     NAND2X2        2  0.6    13    13     732    (-,-) 
  g48/Y                     -       B->Y   R     NOR2X1         2  0.6    15    15     747    (-,-) 
  g6297/Y                   -       A1N->Y R     OAI2BB1X1      2  0.8    11    28     775    (-,-) 
  g27/Y                     -       A->Y   R     BUFX2          1  1.9    10    23     798    (-,-) 
  g26/Y                     -       B0->Y  F     AOI2BB2X4      1  5.0    39    21     819    (-,-) 
  g25/Y                     -       A->Y   R     CLKINVX12      1 50.0    38    29     848    (-,-) 
  R[10]                     -       -      R     (port)         -    -     -     0     848    (-,-) 
#---------------------------------------------------------------------------------------------------



Path 7: VIOLATED (-90 ps) Late External Delay Assertion at pin R[9]
          Group: vclk
     Startpoint: (F) Conf_Bit_Mask[1]
          Clock: (R) vclk
       Endpoint: (F) R[9]
          Clock: (R) vclk

                     Capture       Launch     
        Clock Edge:+    1000            0     
        Drv Adjust:+       0            0     
       Src Latency:+       0            0     
       Net Latency:+       0 (I)        0 (I) 
           Arrival:=    1000            0     
                                              
      Output Delay:-     200                  
       Uncertainty:-      50                  
     Required Time:=     750                  
      Launch Clock:-       0                  
       Input Delay:-     200                  
         Data Path:-     640                  
             Slack:=     -90                  

Exceptions/Constraints:
  input_delay              200             fplns_int8.sdc_line_14_20_1 
  output_delay             200             fplns_int8.sdc_line_15_26_1 

#------------------------------------------------------------------------------------------------
#     Timing Point       Flags    Arc   Edge   Cell     Fanout Load Trans Delay Arrival Instance 
#                                                              (fF)  (ps)  (ps)   (ps)  Location 
#------------------------------------------------------------------------------------------------
  Conf_Bit_Mask[1]       -       -      F     (arrival)      4  5.2     0     0     200    (-,-) 
  m_uint/m_core/g15071/Y -       A->Y   R     INVX2          1  0.9     4     6     206    (-,-) 
  m_uint/m_core/g15070/Y -       B0->Y  F     OAI22X2        2  1.0    22    20     226    (-,-) 
  m_uint/m_core/g15653/Y -       S0->Y  F     MXI2X1         3  1.0    27    28     254    (-,-) 
  m_uint/m_core/g54/Y    -       B->Y   F     OR2XL          1  0.4     7    25     280    (-,-) 
  m_uint/m_core/g16150/Y -       B0->Y  R     OAI2BB1X1      1  1.0    12    12     291    (-,-) 
  m_uint/m_core/g15974/Y -       A0->Y  F     AOI21X2        4  1.5    23    22     314    (-,-) 
  m_uint/m_core/g14325/Y -       A->Y   R     INVX1          1  0.9    11    14     327    (-,-) 
  m_uint/m_core/g163/Y   -       B->Y   F     NAND2X2        2  1.2    15    15     342    (-,-) 
  m_uint/m_core/g161/Y   -       B->Y   R     XOR3XL         4  1.2    18    52     394    (-,-) 
  m_uint/m_core/g15484/Y -       B->Y   F     NOR2XL         1  0.4    10    12     406    (-,-) 
  m_uint/m_core/g44/Y    -       B->Y   R     NOR2BX1        1  0.9    18    16     422    (-,-) 
  m_uint/m_core/g43/Y    -       A->Y   F     NOR2X2         1  1.6    13    14     436    (-,-) 
  m_uint/m_core/g182/Y   -       C->Y   R     NOR3X4         3  2.7    27    20     456    (-,-) 
  m_uint/m_core/g179/Y   -       A->Y   F     NOR2X4         3  2.1    13    15     471    (-,-) 
  m_uint/m_core/g175/Y   -       B->Y   R     NOR2X4         5  2.4    15    14     485    (-,-) 
  m_uint/m_core/g174/Y   -       B->Y   F     NOR2X2         3  1.7    15    12     497    (-,-) 
  m_uint/m_core/fopt87/Y -       A->Y   R     INVX3         12  4.2    13    13     510    (-,-) 
  m_uint/m_core/g14924/Y -       A->Y   F     INVX1          1  0.8     8    11     521    (-,-) 
  m_uint/m_core/g15135/Y -       B->Y   R     NAND2X2        3  1.5    10    10     530    (-,-) 
  m_uint/m_core/g15671/Y -       B->Y   F     NAND2X1        1  0.4    12    13     543    (-,-) 
  m_uint/m_core/g15670/Y -       B->Y   R     NAND2X1        1  0.9    12    12     555    (-,-) 
  m_uint/m_core/g14988/Y -       B0->Y  F     OAI21X2        2  0.7    16    17     572    (-,-) 
  m_uint/m_core/g15778/Y -       B->Y   R     NAND2X1        2  0.6     9    12     583    (-,-) 
  m_uint/m_core/g15781/Y -       A0N->Y R     OAI2BB1X1      2  1.5    15    32     615    (-,-) 
  m_uint/m_core/g15780/Y -       A->Y   F     INVX1          4  1.1    11    12     627    (-,-) 
  m_uint/m_core/g15779/Y -       C->Y   R     NOR3XL         1  0.3    23    18     645    (-,-) 
  m_uint/m_core/g15064/Y -       B->Y   F     NAND2BXL       1  0.2    12    16     662    (-,-) 
  m_uint/m_core/g15063/Y -       B->Y   R     NOR2XL         1  0.3    14    14     675    (-,-) 
  m_uint/m_core/g15123/Y -       A->Y   F     NAND2XL        1  0.9    24    22     697    (-,-) 
  m_uint/m_core/g59/Y    -       A->Y   R     NAND2X2        2  1.3    12    15     712    (-,-) 
  g37/Y                  -       B->Y   F     NOR2X2         3  0.8     9    10     722    (-,-) 
  g34/Y                  -       A->Y   R     NAND2X1        1  1.0    12    12     734    (-,-) 
  g74/Y                  -       B->Y   F     NOR2X2         2  0.6     8     9     743    (-,-) 
  g61/Y                  -       B->Y   F     OR2XL          1  0.7    10    24     767    (-,-) 
  g6167/Y                -       S0->Y  F     MXI2X1         1  1.3    29    28     796    (-,-) 
  g17/Y                  -       A->Y   F     BUFX12         1 50.0    39    44     840    (-,-) 
  R[9]                   -       -      F     (port)         -    -     -     0     840    (-,-) 
#------------------------------------------------------------------------------------------------



Path 8: VIOLATED (-84 ps) Late External Delay Assertion at pin R[8]
          Group: vclk
     Startpoint: (F) A[6]
          Clock: (R) vclk
       Endpoint: (R) R[8]
          Clock: (R) vclk

                     Capture       Launch     
        Clock Edge:+    1000            0     
        Drv Adjust:+       0            0     
       Src Latency:+       0            0     
       Net Latency:+       0 (I)        0 (I) 
           Arrival:=    1000            0     
                                              
      Output Delay:-     200                  
       Uncertainty:-      50                  
     Required Time:=     750                  
      Launch Clock:-       0                  
       Input Delay:-     200                  
         Data Path:-     634                  
             Slack:=     -84                  

Exceptions/Constraints:
  input_delay              200             fplns_int8.sdc_line_14_1_1  
  output_delay             200             fplns_int8.sdc_line_15_27_1 

#---------------------------------------------------------------------------------------------------
#       Timing Point        Flags    Arc   Edge   Cell     Fanout Load Trans Delay Arrival Instance 
#                                                                 (fF)  (ps)  (ps)   (ps)  Location 
#---------------------------------------------------------------------------------------------------
  A[6]                      -       -      F     (arrival)      4  4.6     0     0     200    (-,-) 
  g6229/Y                   -       A->Y   R     CLKINVX8       1  2.9     5     7     207    (-,-) 
  g6228/Y                   -       B->Y   F     NOR2X6         1  1.7     7     8     215    (-,-) 
  g6226/Y                   -       B->Y   R     NAND2X4        1  1.9     8     8     223    (-,-) 
  g38/Y                     -       B->Y   F     NOR2X4         1  1.7     9     9     232    (-,-) 
  g5847/Y                   -       B->Y   R     NOR2X4         1  2.0    13    12     244    (-,-) 
  g5845/Y                   -       A->Y   F     NAND2X4        7  2.2    17    17     261    (-,-) 
  m_uint/m_core/g427/Y      -       B->Y   R     NAND2X1        6  1.8    18    16     277    (-,-) 
  m_uint/m_core/g14303/Y    -       A1N->Y R     AOI2BB1XL      1  0.3    14    20     297    (-,-) 
  m_uint/m_core/g287/Y      -       B->Y   F     NAND2XL        1  0.4    15    15     312    (-,-) 
  m_uint/m_core/g282/Y      -       A1->Y  R     OAI21X1        2  0.9    24    22     334    (-,-) 
  m_uint/m_core/g280/Y      -       S0->Y  R     MXI2XL         1  0.6    27    25     359    (-,-) 
  m_uint/m_core/g349/Y      -       S0->Y  R     MXI2XL         2  0.8    31    27     386    (-,-) 
  m_uint/m_core/g14343/Y    -       B->Y   R     OR2XL          2  0.8    12    20     406    (-,-) 
  m_uint/m_core/g15485/Y    -       B->Y   F     NAND2X1        1  0.8    17    16     422    (-,-) 
  m_uint/m_core/g43/Y       -       B->Y   R     NOR2X2         1  1.9    20    18     440    (-,-) 
  m_uint/m_core/g182/Y      -       C->Y   F     NOR3X4         3  2.5    16    13     453    (-,-) 
  m_uint/m_core/g179/Y      -       A->Y   R     NOR2X4         3  2.5    16    17     470    (-,-) 
  m_uint/m_core/g175/Y      -       B->Y   F     NOR2X4         5  1.9    10    11     481    (-,-) 
  m_uint/m_core/g174/Y      -       B->Y   R     NOR2X2         3  2.0    20    16     497    (-,-) 
  m_uint/m_core/fopt87/Y    -       A->Y   F     INVX3         12  3.3    13    13     511    (-,-) 
  m_uint/m_core/fopt15396/Y -       A->Y   R     INVXL          1  0.5     9    11     521    (-,-) 
  m_uint/m_core/g15395/Y    -       B->Y   F     NAND2X1        1  0.8    16    15     536    (-,-) 
  m_uint/m_core/g15884/Y    -       B->Y   R     NAND2X2        3  1.9    14    12     549    (-,-) 
  m_uint/m_core/g56/Y       -       B->Y   F     NAND2X1        3  0.9    18    18     566    (-,-) 
  m_uint/m_core/g15024/Y    -       B->Y   R     NOR2X1         2  0.8    18    18     584    (-,-) 
  m_uint/m_core/g15389/Y    -       A->Y   F     NOR2X1         3  1.1    14    16     600    (-,-) 
  m_uint/m_core/g15373/Y    -       A->Y   R     NOR2XL         2  0.6    20    20     620    (-,-) 
  m_uint/m_core/g118/Y      -       B->Y   F     NAND2BXL       1  0.3    14    16     637    (-,-) 
  m_uint/m_core/g15889/Y    -       A0N->Y F     AOI2BB1X2      1  0.8    11    41     677    (-,-) 
  m_uint/m_core/g15887/Y    -       B->Y   R     NAND2X2        4  1.4    10    10     688    (-,-) 
  g6157/Y                   -       AN->Y  R     NAND2BX1       1  1.0    12    20     707    (-,-) 
  g6043/Y                   -       B->Y   F     NOR2X2         5  1.9    14    12     719    (-,-) 
  g6139/Y                   -       A->Y   R     NAND2XL        1  0.5    12    13     732    (-,-) 
  g6270/Y                   -       B->Y   F     NOR2X1         2  0.4     8    10     742    (-,-) 
  g5501__9315/Y             -       B->Y   R     NOR2XL         2  0.6    20    16     758    (-,-) 
  g32/Y                     -       B->Y   R     OR2X1          1  2.0    16    24     782    (-,-) 
  g6026/Y                   -       A->Y   F     NAND2X4        1  6.7    34    26     808    (-,-) 
  g5483/Y                   -       A->Y   R     CLKINVX16      1 50.0    31    26     834    (-,-) 
  R[8]                      -       -      R     (port)         -    -     -     0     834    (-,-) 
#---------------------------------------------------------------------------------------------------



Path 9: VIOLATED (-84 ps) Late External Delay Assertion at pin R[6]
          Group: vclk
     Startpoint: (F) A[6]
          Clock: (R) vclk
       Endpoint: (F) R[6]
          Clock: (R) vclk

                     Capture       Launch     
        Clock Edge:+    1000            0     
        Drv Adjust:+       0            0     
       Src Latency:+       0            0     
       Net Latency:+       0 (I)        0 (I) 
           Arrival:=    1000            0     
                                              
      Output Delay:-     200                  
       Uncertainty:-      50                  
     Required Time:=     750                  
      Launch Clock:-       0                  
       Input Delay:-     200                  
         Data Path:-     634                  
             Slack:=     -84                  

Exceptions/Constraints:
  input_delay              200             fplns_int8.sdc_line_14_1_1  
  output_delay             200             fplns_int8.sdc_line_15_29_1 

#---------------------------------------------------------------------------------------------------
#       Timing Point        Flags    Arc   Edge   Cell     Fanout Load Trans Delay Arrival Instance 
#                                                                 (fF)  (ps)  (ps)   (ps)  Location 
#---------------------------------------------------------------------------------------------------
  A[6]                      -       -      F     (arrival)      4  4.6     0     0     200    (-,-) 
  g6229/Y                   -       A->Y   R     CLKINVX8       1  2.9     5     7     207    (-,-) 
  g6228/Y                   -       B->Y   F     NOR2X6         1  1.7     7     8     215    (-,-) 
  g6226/Y                   -       B->Y   R     NAND2X4        1  1.9     8     8     223    (-,-) 
  g38/Y                     -       B->Y   F     NOR2X4         1  1.7     9     9     232    (-,-) 
  g5847/Y                   -       B->Y   R     NOR2X4         1  2.0    13    12     244    (-,-) 
  g5845/Y                   -       A->Y   F     NAND2X4        7  2.2    17    17     261    (-,-) 
  m_uint/m_core/g427/Y      -       B->Y   R     NAND2X1        6  1.8    18    16     277    (-,-) 
  m_uint/m_core/g14303/Y    -       A1N->Y R     AOI2BB1XL      1  0.3    14    20     297    (-,-) 
  m_uint/m_core/g287/Y      -       B->Y   F     NAND2XL        1  0.4    15    15     312    (-,-) 
  m_uint/m_core/g282/Y      -       A1->Y  R     OAI21X1        2  0.9    24    22     334    (-,-) 
  m_uint/m_core/g280/Y      -       S0->Y  R     MXI2XL         1  0.6    27    25     359    (-,-) 
  m_uint/m_core/g349/Y      -       S0->Y  R     MXI2XL         2  0.8    31    27     386    (-,-) 
  m_uint/m_core/g14343/Y    -       B->Y   R     OR2XL          2  0.8    12    20     406    (-,-) 
  m_uint/m_core/g15485/Y    -       B->Y   F     NAND2X1        1  0.8    17    16     422    (-,-) 
  m_uint/m_core/g43/Y       -       B->Y   R     NOR2X2         1  1.9    20    18     440    (-,-) 
  m_uint/m_core/g182/Y      -       C->Y   F     NOR3X4         3  2.5    16    13     453    (-,-) 
  m_uint/m_core/g179/Y      -       A->Y   R     NOR2X4         3  2.5    16    17     470    (-,-) 
  m_uint/m_core/g175/Y      -       B->Y   F     NOR2X4         5  1.9    10    11     481    (-,-) 
  m_uint/m_core/g174/Y      -       B->Y   R     NOR2X2         3  2.0    20    16     497    (-,-) 
  m_uint/m_core/fopt87/Y    -       A->Y   F     INVX3         12  3.3    13    13     511    (-,-) 
  m_uint/m_core/fopt15396/Y -       A->Y   R     INVXL          1  0.5     9    11     521    (-,-) 
  m_uint/m_core/g15395/Y    -       B->Y   F     NAND2X1        1  0.8    16    15     536    (-,-) 
  m_uint/m_core/g15884/Y    -       B->Y   R     NAND2X2        3  1.9    14    12     549    (-,-) 
  m_uint/m_core/g56/Y       -       B->Y   F     NAND2X1        3  0.9    18    18     566    (-,-) 
  m_uint/m_core/g15024/Y    -       B->Y   R     NOR2X1         2  0.8    18    18     584    (-,-) 
  m_uint/m_core/g15389/Y    -       A->Y   F     NOR2X1         3  1.1    14    16     600    (-,-) 
  m_uint/m_core/g15373/Y    -       A->Y   R     NOR2XL         2  0.6    20    20     620    (-,-) 
  m_uint/m_core/g118/Y      -       B->Y   F     NAND2BXL       1  0.3    14    16     637    (-,-) 
  m_uint/m_core/g15889/Y    -       A0N->Y F     AOI2BB1X2      1  0.8    11    41     677    (-,-) 
  m_uint/m_core/g15887/Y    -       B->Y   R     NAND2X2        4  1.4    10    10     688    (-,-) 
  g6157/Y                   -       AN->Y  R     NAND2BX1       1  1.0    12    20     707    (-,-) 
  g6043/Y                   -       B->Y   F     NOR2X2         5  1.9    14    12     719    (-,-) 
  g6013/Y                   -       A->Y   R     NAND2XL        2  0.6    13    14     733    (-,-) 
  g5499__4733/Y             -       B->Y   F     NAND2XL        1  0.5    17    16     749    (-,-) 
  g5484__3680/Y             -       S0->Y  F     MXI2X8         1 50.0    55    85     834    (-,-) 
  R[6]                      -       -      F     (port)         -    -     -     0     834    (-,-) 
#---------------------------------------------------------------------------------------------------



Path 10: VIOLATED (-81 ps) Late External Delay Assertion at pin R[7]
          Group: vclk
     Startpoint: (F) Conf_Bit_Mask[1]
          Clock: (R) vclk
       Endpoint: (F) R[7]
          Clock: (R) vclk

                     Capture       Launch     
        Clock Edge:+    1000            0     
        Drv Adjust:+       0            0     
       Src Latency:+       0            0     
       Net Latency:+       0 (I)        0 (I) 
           Arrival:=    1000            0     
                                              
      Output Delay:-     200                  
       Uncertainty:-      50                  
     Required Time:=     750                  
      Launch Clock:-       0                  
       Input Delay:-     200                  
         Data Path:-     631                  
             Slack:=     -81                  

Exceptions/Constraints:
  input_delay              200             fplns_int8.sdc_line_14_20_1 
  output_delay             200             fplns_int8.sdc_line_15_28_1 

#--------------------------------------------------------------------------------------------------
#       Timing Point        Flags   Arc   Edge   Cell     Fanout Load Trans Delay Arrival Instance 
#                                                                (fF)  (ps)  (ps)   (ps)  Location 
#--------------------------------------------------------------------------------------------------
  Conf_Bit_Mask[1]          -       -     F     (arrival)      4  5.2     0     0     200    (-,-) 
  m_uint/m_core/g15071/Y    -       A->Y  R     INVX2          1  0.9     4     6     206    (-,-) 
  m_uint/m_core/g15070/Y    -       B0->Y F     OAI22X2        2  1.0    22    20     226    (-,-) 
  m_uint/m_core/g15653/Y    -       S0->Y F     MXI2X1         3  1.0    27    28     254    (-,-) 
  m_uint/m_core/g54/Y       -       B->Y  F     OR2XL          1  0.4     7    25     280    (-,-) 
  m_uint/m_core/g16150/Y    -       B0->Y R     OAI2BB1X1      1  1.0    12    12     291    (-,-) 
  m_uint/m_core/g15974/Y    -       A0->Y F     AOI21X2        4  1.5    23    22     314    (-,-) 
  m_uint/m_core/g14325/Y    -       A->Y  R     INVX1          1  0.9    11    14     327    (-,-) 
  m_uint/m_core/g163/Y      -       B->Y  F     NAND2X2        2  1.2    15    15     342    (-,-) 
  m_uint/m_core/g161/Y      -       B->Y  R     XOR3XL         4  1.2    18    52     394    (-,-) 
  m_uint/m_core/g15484/Y    -       B->Y  F     NOR2XL         1  0.4    10    12     406    (-,-) 
  m_uint/m_core/g44/Y       -       B->Y  R     NOR2BX1        1  0.9    18    16     422    (-,-) 
  m_uint/m_core/g43/Y       -       A->Y  F     NOR2X2         1  1.6    13    14     436    (-,-) 
  m_uint/m_core/g182/Y      -       C->Y  R     NOR3X4         3  2.7    27    20     456    (-,-) 
  m_uint/m_core/g179/Y      -       A->Y  F     NOR2X4         3  2.1    13    15     471    (-,-) 
  m_uint/m_core/g175/Y      -       B->Y  R     NOR2X4         5  2.4    15    14     485    (-,-) 
  m_uint/m_core/g174/Y      -       B->Y  F     NOR2X2         3  1.7    15    12     497    (-,-) 
  m_uint/m_core/fopt87/Y    -       A->Y  R     INVX3         12  4.2    13    13     510    (-,-) 
  m_uint/m_core/fopt15396/Y -       A->Y  F     INVXL          1  0.4     7    10     520    (-,-) 
  m_uint/m_core/g15395/Y    -       B->Y  R     NAND2X1        1  0.9    11    10     530    (-,-) 
  m_uint/m_core/g15884/Y    -       B->Y  F     NAND2X2        3  1.6    18    16     546    (-,-) 
  m_uint/m_core/g56/Y       -       B->Y  R     NAND2X1        3  1.1    14    14     560    (-,-) 
  m_uint/m_core/g15024/Y    -       B->Y  F     NOR2X1         2  0.8    11    12     572    (-,-) 
  m_uint/m_core/g15389/Y    -       A->Y  R     NOR2X1         3  1.1    21    20     592    (-,-) 
  m_uint/m_core/g15096/Y    -       A->Y  F     XOR2XL         1  0.4     7    41     633    (-,-) 
  m_uint/m_core/g126/Y      -       B->Y  R     NAND2BX1       1  0.9    12    10     643    (-,-) 
  m_uint/m_core/g246/Y      -       B->Y  F     NAND2X2        2  1.0    15    14     657    (-,-) 
  g6154/Y                   -       B->Y  R     NOR2X2         4  2.0    20    18     675    (-,-) 
  g6157/Y                   -       B->Y  F     NAND2BX1       1  0.8    18    19     694    (-,-) 
  g6043/Y                   -       B->Y  R     NOR2X2         5  2.2    22    20     713    (-,-) 
  g6013/Y                   -       A->Y  F     NAND2XL        2  0.5    17    20     734    (-,-) 
  g5489__8246/Y             -       A1->Y R     OAI21XL        1  0.6    26    23     757    (-,-) 
  g6129/Y                   -       B->Y  F     XNOR2X1        1  1.7    15    37     794    (-,-) 
  g6128/Y                   -       A->Y  F     BUFX16         1 50.0    32    38     831    (-,-) 
  R[7]                      -       -     F     (port)         -    -     -     0     831    (-,-) 
#--------------------------------------------------------------------------------------------------



Path 11: VIOLATED (-67 ps) Late External Delay Assertion at pin R[4]
          Group: vclk
     Startpoint: (F) A[6]
          Clock: (R) vclk
       Endpoint: (R) R[4]
          Clock: (R) vclk

                     Capture       Launch     
        Clock Edge:+    1000            0     
        Drv Adjust:+       0            0     
       Src Latency:+       0            0     
       Net Latency:+       0 (I)        0 (I) 
           Arrival:=    1000            0     
                                              
      Output Delay:-     200                  
       Uncertainty:-      50                  
     Required Time:=     750                  
      Launch Clock:-       0                  
       Input Delay:-     200                  
         Data Path:-     617                  
             Slack:=     -67                  

Exceptions/Constraints:
  input_delay              200             fplns_int8.sdc_line_14_1_1  
  output_delay             200             fplns_int8.sdc_line_15_31_1 

#---------------------------------------------------------------------------------------------------
#       Timing Point        Flags    Arc   Edge   Cell     Fanout Load Trans Delay Arrival Instance 
#                                                                 (fF)  (ps)  (ps)   (ps)  Location 
#---------------------------------------------------------------------------------------------------
  A[6]                      -       -      F     (arrival)      4  4.6     0     0     200    (-,-) 
  g6229/Y                   -       A->Y   R     CLKINVX8       1  2.9     5     7     207    (-,-) 
  g6228/Y                   -       B->Y   F     NOR2X6         1  1.7     7     8     215    (-,-) 
  g6226/Y                   -       B->Y   R     NAND2X4        1  1.9     8     8     223    (-,-) 
  g38/Y                     -       B->Y   F     NOR2X4         1  1.7     9     9     232    (-,-) 
  g5847/Y                   -       B->Y   R     NOR2X4         1  2.0    13    12     244    (-,-) 
  g5845/Y                   -       A->Y   F     NAND2X4        7  2.2    17    17     261    (-,-) 
  m_uint/m_core/g427/Y      -       B->Y   R     NAND2X1        6  1.8    18    16     277    (-,-) 
  m_uint/m_core/g14303/Y    -       A1N->Y R     AOI2BB1XL      1  0.3    14    20     297    (-,-) 
  m_uint/m_core/g287/Y      -       B->Y   F     NAND2XL        1  0.4    15    15     312    (-,-) 
  m_uint/m_core/g282/Y      -       A1->Y  R     OAI21X1        2  0.9    24    22     334    (-,-) 
  m_uint/m_core/g280/Y      -       S0->Y  R     MXI2XL         1  0.6    27    25     359    (-,-) 
  m_uint/m_core/g349/Y      -       S0->Y  R     MXI2XL         2  0.8    31    27     386    (-,-) 
  m_uint/m_core/g14343/Y    -       B->Y   R     OR2XL          2  0.8    12    20     406    (-,-) 
  m_uint/m_core/g15485/Y    -       B->Y   F     NAND2X1        1  0.8    17    16     422    (-,-) 
  m_uint/m_core/g43/Y       -       B->Y   R     NOR2X2         1  1.9    20    18     440    (-,-) 
  m_uint/m_core/g182/Y      -       C->Y   F     NOR3X4         3  2.5    16    13     453    (-,-) 
  m_uint/m_core/g179/Y      -       A->Y   R     NOR2X4         3  2.5    16    17     470    (-,-) 
  m_uint/m_core/g175/Y      -       B->Y   F     NOR2X4         5  1.9    10    11     481    (-,-) 
  m_uint/m_core/g174/Y      -       B->Y   R     NOR2X2         3  2.0    20    16     497    (-,-) 
  m_uint/m_core/fopt87/Y    -       A->Y   F     INVX3         12  3.3    13    13     511    (-,-) 
  m_uint/m_core/fopt15396/Y -       A->Y   R     INVXL          1  0.5     9    11     521    (-,-) 
  m_uint/m_core/g15395/Y    -       B->Y   F     NAND2X1        1  0.8    16    15     536    (-,-) 
  m_uint/m_core/g15884/Y    -       B->Y   R     NAND2X2        3  1.9    14    12     549    (-,-) 
  m_uint/m_core/g56/Y       -       B->Y   F     NAND2X1        3  0.9    18    18     566    (-,-) 
  m_uint/m_core/g15024/Y    -       B->Y   R     NOR2X1         2  0.8    18    18     584    (-,-) 
  m_uint/m_core/g15389/Y    -       A->Y   F     NOR2X1         3  1.1    14    16     600    (-,-) 
  m_uint/m_core/g15373/Y    -       A->Y   R     NOR2XL         2  0.6    20    20     620    (-,-) 
  m_uint/m_core/g118/Y      -       B->Y   F     NAND2BXL       1  0.3    14    16     637    (-,-) 
  m_uint/m_core/g15889/Y    -       A0N->Y F     AOI2BB1X2      1  0.8    11    41     677    (-,-) 
  m_uint/m_core/g15887/Y    -       B->Y   R     NAND2X2        4  1.4    10    10     688    (-,-) 
  g6157/Y                   -       AN->Y  R     NAND2BX1       1  1.0    12    20     707    (-,-) 
  g6043/Y                   -       B->Y   F     NOR2X2         5  1.9    14    12     719    (-,-) 
  g5902/Y                   -       B->Y   R     NOR2XL         1  0.6    20    18     737    (-,-) 
  g5562__2883/Y             -       B->Y   F     XNOR2X1        1  2.5    21    39     776    (-,-) 
  g5491/Y                   -       A->Y   R     CLKINVX6       1 50.0    62    40     817    (-,-) 
  R[4]                      -       -      R     (port)         -    -     -     0     817    (-,-) 
#---------------------------------------------------------------------------------------------------



Path 12: VIOLATED (-55 ps) Late External Delay Assertion at pin R[5]
          Group: vclk
     Startpoint: (F) A[6]
          Clock: (R) vclk
       Endpoint: (F) R[5]
          Clock: (R) vclk

                     Capture       Launch     
        Clock Edge:+    1000            0     
        Drv Adjust:+       0            0     
       Src Latency:+       0            0     
       Net Latency:+       0 (I)        0 (I) 
           Arrival:=    1000            0     
                                              
      Output Delay:-     200                  
       Uncertainty:-      50                  
     Required Time:=     750                  
      Launch Clock:-       0                  
       Input Delay:-     200                  
         Data Path:-     605                  
             Slack:=     -55                  

Exceptions/Constraints:
  input_delay              200             fplns_int8.sdc_line_14_1_1  
  output_delay             200             fplns_int8.sdc_line_15_30_1 

#---------------------------------------------------------------------------------------------------
#       Timing Point        Flags    Arc   Edge   Cell     Fanout Load Trans Delay Arrival Instance 
#                                                                 (fF)  (ps)  (ps)   (ps)  Location 
#---------------------------------------------------------------------------------------------------
  A[6]                      -       -      F     (arrival)      4  4.6     0     0     200    (-,-) 
  g6229/Y                   -       A->Y   R     CLKINVX8       1  2.9     5     7     207    (-,-) 
  g6228/Y                   -       B->Y   F     NOR2X6         1  1.7     7     8     215    (-,-) 
  g6226/Y                   -       B->Y   R     NAND2X4        1  1.9     8     8     223    (-,-) 
  g38/Y                     -       B->Y   F     NOR2X4         1  1.7     9     9     232    (-,-) 
  g5847/Y                   -       B->Y   R     NOR2X4         1  2.0    13    12     244    (-,-) 
  g5845/Y                   -       A->Y   F     NAND2X4        7  2.2    17    17     261    (-,-) 
  m_uint/m_core/g427/Y      -       B->Y   R     NAND2X1        6  1.8    18    16     277    (-,-) 
  m_uint/m_core/g14303/Y    -       A1N->Y R     AOI2BB1XL      1  0.3    14    20     297    (-,-) 
  m_uint/m_core/g287/Y      -       B->Y   F     NAND2XL        1  0.4    15    15     312    (-,-) 
  m_uint/m_core/g282/Y      -       A1->Y  R     OAI21X1        2  0.9    24    22     334    (-,-) 
  m_uint/m_core/g280/Y      -       S0->Y  R     MXI2XL         1  0.6    27    25     359    (-,-) 
  m_uint/m_core/g349/Y      -       S0->Y  R     MXI2XL         2  0.8    31    27     386    (-,-) 
  m_uint/m_core/g14343/Y    -       B->Y   R     OR2XL          2  0.8    12    20     406    (-,-) 
  m_uint/m_core/g15485/Y    -       B->Y   F     NAND2X1        1  0.8    17    16     422    (-,-) 
  m_uint/m_core/g43/Y       -       B->Y   R     NOR2X2         1  1.9    20    18     440    (-,-) 
  m_uint/m_core/g182/Y      -       C->Y   F     NOR3X4         3  2.5    16    13     453    (-,-) 
  m_uint/m_core/g179/Y      -       A->Y   R     NOR2X4         3  2.5    16    17     470    (-,-) 
  m_uint/m_core/g175/Y      -       B->Y   F     NOR2X4         5  1.9    10    11     481    (-,-) 
  m_uint/m_core/g174/Y      -       B->Y   R     NOR2X2         3  2.0    20    16     497    (-,-) 
  m_uint/m_core/fopt87/Y    -       A->Y   F     INVX3         12  3.3    13    13     511    (-,-) 
  m_uint/m_core/fopt15396/Y -       A->Y   R     INVXL          1  0.5     9    11     521    (-,-) 
  m_uint/m_core/g15395/Y    -       B->Y   F     NAND2X1        1  0.8    16    15     536    (-,-) 
  m_uint/m_core/g15884/Y    -       B->Y   R     NAND2X2        3  1.9    14    12     549    (-,-) 
  m_uint/m_core/g56/Y       -       B->Y   F     NAND2X1        3  0.9    18    18     566    (-,-) 
  m_uint/m_core/g15024/Y    -       B->Y   R     NOR2X1         2  0.8    18    18     584    (-,-) 
  m_uint/m_core/g15389/Y    -       A->Y   F     NOR2X1         3  1.1    14    16     600    (-,-) 
  m_uint/m_core/g15373/Y    -       A->Y   R     NOR2XL         2  0.6    20    20     620    (-,-) 
  m_uint/m_core/g118/Y      -       B->Y   F     NAND2BXL       1  0.3    14    16     637    (-,-) 
  m_uint/m_core/g15889/Y    -       A0N->Y F     AOI2BB1X2      1  0.8    11    41     677    (-,-) 
  m_uint/m_core/g15887/Y    -       B->Y   R     NAND2X2        4  1.4    10    10     688    (-,-) 
  g6293/Y                   -       AN->Y  R     NAND2BX2       2  1.5    11    24     711    (-,-) 
  g75/Y                     -       A2->Y  F     OAI31X1        1  0.7    25    19     730    (-,-) 
  g24/Y                     -       S0->Y  F     MXI2X1         1  1.3    32    30     760    (-,-) 
  g6160/Y                   -       A->Y   F     BUFX12         1 50.0    40    45     805    (-,-) 
  R[5]                      -       -      F     (port)         -    -     -     0     805    (-,-) 
#---------------------------------------------------------------------------------------------------



Path 13: VIOLATED (-36 ps) Late External Delay Assertion at pin R[3]
          Group: vclk
     Startpoint: (F) Conf_Bit_Mask[1]
          Clock: (R) vclk
       Endpoint: (R) R[3]
          Clock: (R) vclk

                     Capture       Launch     
        Clock Edge:+    1000            0     
        Drv Adjust:+       0            0     
       Src Latency:+       0            0     
       Net Latency:+       0 (I)        0 (I) 
           Arrival:=    1000            0     
                                              
      Output Delay:-     200                  
       Uncertainty:-      50                  
     Required Time:=     750                  
      Launch Clock:-       0                  
       Input Delay:-     200                  
         Data Path:-     586                  
             Slack:=     -36                  

Exceptions/Constraints:
  input_delay              200             fplns_int8.sdc_line_14_20_1 
  output_delay             200             fplns_int8.sdc_line_15_32_1 

#--------------------------------------------------------------------------------------------------
#       Timing Point        Flags   Arc   Edge   Cell     Fanout Load Trans Delay Arrival Instance 
#                                                                (fF)  (ps)  (ps)   (ps)  Location 
#--------------------------------------------------------------------------------------------------
  Conf_Bit_Mask[1]          -       -     F     (arrival)      4  5.2     0     0     200    (-,-) 
  m_uint/m_core/g15071/Y    -       A->Y  R     INVX2          1  0.9     4     6     206    (-,-) 
  m_uint/m_core/g15070/Y    -       B0->Y F     OAI22X2        2  1.0    22    20     226    (-,-) 
  m_uint/m_core/g15653/Y    -       S0->Y F     MXI2X1         3  1.0    27    28     254    (-,-) 
  m_uint/m_core/g54/Y       -       B->Y  F     OR2XL          1  0.4     7    25     280    (-,-) 
  m_uint/m_core/g16150/Y    -       B0->Y R     OAI2BB1X1      1  1.0    12    12     291    (-,-) 
  m_uint/m_core/g15974/Y    -       A0->Y F     AOI21X2        4  1.5    23    22     314    (-,-) 
  m_uint/m_core/g14325/Y    -       A->Y  R     INVX1          1  0.9    11    14     327    (-,-) 
  m_uint/m_core/g163/Y      -       B->Y  F     NAND2X2        2  1.2    15    15     342    (-,-) 
  m_uint/m_core/g161/Y      -       B->Y  R     XOR3XL         4  1.2    18    52     394    (-,-) 
  m_uint/m_core/g15484/Y    -       B->Y  F     NOR2XL         1  0.4    10    12     406    (-,-) 
  m_uint/m_core/g44/Y       -       B->Y  R     NOR2BX1        1  0.9    18    16     422    (-,-) 
  m_uint/m_core/g43/Y       -       A->Y  F     NOR2X2         1  1.6    13    14     436    (-,-) 
  m_uint/m_core/g182/Y      -       C->Y  R     NOR3X4         3  2.7    27    20     456    (-,-) 
  m_uint/m_core/g179/Y      -       A->Y  F     NOR2X4         3  2.1    13    15     471    (-,-) 
  m_uint/m_core/g175/Y      -       B->Y  R     NOR2X4         5  2.4    15    14     485    (-,-) 
  m_uint/m_core/g174/Y      -       B->Y  F     NOR2X2         3  1.7    15    12     497    (-,-) 
  m_uint/m_core/fopt87/Y    -       A->Y  R     INVX3         12  4.2    13    13     510    (-,-) 
  m_uint/m_core/fopt15396/Y -       A->Y  F     INVXL          1  0.4     7    10     520    (-,-) 
  m_uint/m_core/g15395/Y    -       B->Y  R     NAND2X1        1  0.9    11    10     530    (-,-) 
  m_uint/m_core/g15884/Y    -       B->Y  F     NAND2X2        3  1.6    18    16     546    (-,-) 
  m_uint/m_core/g56/Y       -       B->Y  R     NAND2X1        3  1.1    14    14     560    (-,-) 
  m_uint/m_core/g15024/Y    -       B->Y  F     NOR2X1         2  0.8    11    12     572    (-,-) 
  m_uint/m_core/g15389/Y    -       A->Y  R     NOR2X1         3  1.1    21    20     592    (-,-) 
  m_uint/m_core/g15096/Y    -       A->Y  F     XOR2XL         1  0.4     7    41     633    (-,-) 
  m_uint/m_core/g126/Y      -       B->Y  R     NAND2BX1       1  0.9    12    10     643    (-,-) 
  m_uint/m_core/g246/Y      -       B->Y  F     NAND2X2        2  1.0    15    14     657    (-,-) 
  g6154/Y                   -       B->Y  R     NOR2X2         4  2.0    20    18     675    (-,-) 
  g36/Y                     -       A->Y  F     INVXL          1  0.4     8    12     687    (-,-) 
  g6174/Y                   -       A1->Y R     OAI21X1        1  0.6    20    17     705    (-,-) 
  g101/Y                    -       B->Y  F     CLKXOR2X1      1  3.3    26    48     753    (-,-) 
  g100/Y                    -       A->Y  R     CLKINVX8       1 50.0    50    34     786    (-,-) 
  R[3]                      -       -     R     (port)         -    -     -     0     786    (-,-) 
#--------------------------------------------------------------------------------------------------



Path 14: VIOLATED (-25 ps) Late External Delay Assertion at pin R[2]
          Group: vclk
     Startpoint: (F) A[6]
          Clock: (R) vclk
       Endpoint: (R) R[2]
          Clock: (R) vclk

                     Capture       Launch     
        Clock Edge:+    1000            0     
        Drv Adjust:+       0            0     
       Src Latency:+       0            0     
       Net Latency:+       0 (I)        0 (I) 
           Arrival:=    1000            0     
                                              
      Output Delay:-     200                  
       Uncertainty:-      50                  
     Required Time:=     750                  
      Launch Clock:-       0                  
       Input Delay:-     200                  
         Data Path:-     575                  
             Slack:=     -25                  

Exceptions/Constraints:
  input_delay              200             fplns_int8.sdc_line_14_1_1  
  output_delay             200             fplns_int8.sdc_line_15_33_1 

#---------------------------------------------------------------------------------------------------
#       Timing Point        Flags    Arc   Edge   Cell     Fanout Load Trans Delay Arrival Instance 
#                                                                 (fF)  (ps)  (ps)   (ps)  Location 
#---------------------------------------------------------------------------------------------------
  A[6]                      -       -      F     (arrival)      4  4.6     0     0     200    (-,-) 
  g6229/Y                   -       A->Y   R     CLKINVX8       1  2.9     5     7     207    (-,-) 
  g6228/Y                   -       B->Y   F     NOR2X6         1  1.7     7     8     215    (-,-) 
  g6226/Y                   -       B->Y   R     NAND2X4        1  1.9     8     8     223    (-,-) 
  g38/Y                     -       B->Y   F     NOR2X4         1  1.7     9     9     232    (-,-) 
  g5847/Y                   -       B->Y   R     NOR2X4         1  2.0    13    12     244    (-,-) 
  g5845/Y                   -       A->Y   F     NAND2X4        7  2.2    17    17     261    (-,-) 
  m_uint/m_core/g427/Y      -       B->Y   R     NAND2X1        6  1.8    18    16     277    (-,-) 
  m_uint/m_core/g14303/Y    -       A1N->Y R     AOI2BB1XL      1  0.3    14    20     297    (-,-) 
  m_uint/m_core/g287/Y      -       B->Y   F     NAND2XL        1  0.4    15    15     312    (-,-) 
  m_uint/m_core/g282/Y      -       A1->Y  R     OAI21X1        2  0.9    24    22     334    (-,-) 
  m_uint/m_core/g280/Y      -       S0->Y  R     MXI2XL         1  0.6    27    25     359    (-,-) 
  m_uint/m_core/g349/Y      -       S0->Y  R     MXI2XL         2  0.8    31    27     386    (-,-) 
  m_uint/m_core/g14343/Y    -       B->Y   R     OR2XL          2  0.8    12    20     406    (-,-) 
  m_uint/m_core/g15485/Y    -       B->Y   F     NAND2X1        1  0.8    17    16     422    (-,-) 
  m_uint/m_core/g43/Y       -       B->Y   R     NOR2X2         1  1.9    20    18     440    (-,-) 
  m_uint/m_core/g182/Y      -       C->Y   F     NOR3X4         3  2.5    16    13     453    (-,-) 
  m_uint/m_core/g179/Y      -       A->Y   R     NOR2X4         3  2.5    16    17     470    (-,-) 
  m_uint/m_core/g175/Y      -       B->Y   F     NOR2X4         5  1.9    10    11     481    (-,-) 
  m_uint/m_core/g174/Y      -       B->Y   R     NOR2X2         3  2.0    20    16     497    (-,-) 
  m_uint/m_core/fopt87/Y    -       A->Y   F     INVX3         12  3.3    13    13     511    (-,-) 
  m_uint/m_core/fopt15396/Y -       A->Y   R     INVXL          1  0.5     9    11     521    (-,-) 
  m_uint/m_core/g15395/Y    -       B->Y   F     NAND2X1        1  0.8    16    15     536    (-,-) 
  m_uint/m_core/g15884/Y    -       B->Y   R     NAND2X2        3  1.9    14    12     549    (-,-) 
  m_uint/m_core/g56/Y       -       B->Y   F     NAND2X1        3  0.9    18    18     566    (-,-) 
  m_uint/m_core/g15024/Y    -       B->Y   R     NOR2X1         2  0.8    18    18     584    (-,-) 
  m_uint/m_core/g15389/Y    -       A->Y   F     NOR2X1         3  1.1    14    16     600    (-,-) 
  m_uint/m_core/g15373/Y    -       A->Y   R     NOR2XL         2  0.6    20    20     620    (-,-) 
  m_uint/m_core/g118/Y      -       B->Y   F     NAND2BXL       1  0.3    14    16     637    (-,-) 
  m_uint/m_core/g15889/Y    -       A0N->Y F     AOI2BB1X2      1  0.8    11    41     677    (-,-) 
  m_uint/m_core/g15887/Y    -       B->Y   R     NAND2X2        4  1.4    10    10     688    (-,-) 
  g5506__2346/Y             -       A->Y   F     XNOR2X1        1  3.3    26    54     741    (-,-) 
  g5502/Y                   -       A->Y   R     CLKINVX8       1 50.0    50    34     775    (-,-) 
  R[2]                      -       -      R     (port)         -    -     -     0     775    (-,-) 
#---------------------------------------------------------------------------------------------------



Path 15: VIOLATED (-16 ps) Late External Delay Assertion at pin R[1]
          Group: vclk
     Startpoint: (F) A[6]
          Clock: (R) vclk
       Endpoint: (F) R[1]
          Clock: (R) vclk

                     Capture       Launch     
        Clock Edge:+    1000            0     
        Drv Adjust:+       0            0     
       Src Latency:+       0            0     
       Net Latency:+       0 (I)        0 (I) 
           Arrival:=    1000            0     
                                              
      Output Delay:-     200                  
       Uncertainty:-      50                  
     Required Time:=     750                  
      Launch Clock:-       0                  
       Input Delay:-     200                  
         Data Path:-     566                  
             Slack:=     -16                  

Exceptions/Constraints:
  input_delay              200             fplns_int8.sdc_line_14_1_1  
  output_delay             200             fplns_int8.sdc_line_15_34_1 

#---------------------------------------------------------------------------------------------------
#       Timing Point        Flags    Arc   Edge   Cell     Fanout Load Trans Delay Arrival Instance 
#                                                                 (fF)  (ps)  (ps)   (ps)  Location 
#---------------------------------------------------------------------------------------------------
  A[6]                      -       -      F     (arrival)      4  4.6     0     0     200    (-,-) 
  g6229/Y                   -       A->Y   R     CLKINVX8       1  2.9     5     7     207    (-,-) 
  g6228/Y                   -       B->Y   F     NOR2X6         1  1.7     7     8     215    (-,-) 
  g6226/Y                   -       B->Y   R     NAND2X4        1  1.9     8     8     223    (-,-) 
  g38/Y                     -       B->Y   F     NOR2X4         1  1.7     9     9     232    (-,-) 
  g5847/Y                   -       B->Y   R     NOR2X4         1  2.0    13    12     244    (-,-) 
  g5845/Y                   -       A->Y   F     NAND2X4        7  2.2    17    17     261    (-,-) 
  m_uint/m_core/g427/Y      -       B->Y   R     NAND2X1        6  1.8    18    16     277    (-,-) 
  m_uint/m_core/g14303/Y    -       A1N->Y R     AOI2BB1XL      1  0.3    14    20     297    (-,-) 
  m_uint/m_core/g287/Y      -       B->Y   F     NAND2XL        1  0.4    15    15     312    (-,-) 
  m_uint/m_core/g282/Y      -       A1->Y  R     OAI21X1        2  0.9    24    22     334    (-,-) 
  m_uint/m_core/g280/Y      -       S0->Y  R     MXI2XL         1  0.6    27    25     359    (-,-) 
  m_uint/m_core/g349/Y      -       S0->Y  R     MXI2XL         2  0.8    31    27     386    (-,-) 
  m_uint/m_core/g14343/Y    -       B->Y   R     OR2XL          2  0.8    12    20     406    (-,-) 
  m_uint/m_core/g15485/Y    -       B->Y   F     NAND2X1        1  0.8    17    16     422    (-,-) 
  m_uint/m_core/g43/Y       -       B->Y   R     NOR2X2         1  1.9    20    18     440    (-,-) 
  m_uint/m_core/g182/Y      -       C->Y   F     NOR3X4         3  2.5    16    13     453    (-,-) 
  m_uint/m_core/g179/Y      -       A->Y   R     NOR2X4         3  2.5    16    17     470    (-,-) 
  m_uint/m_core/g175/Y      -       B->Y   F     NOR2X4         5  1.9    10    11     481    (-,-) 
  m_uint/m_core/g174/Y      -       B->Y   R     NOR2X2         3  2.0    20    16     497    (-,-) 
  m_uint/m_core/fopt87/Y    -       A->Y   F     INVX3         12  3.3    13    13     511    (-,-) 
  m_uint/m_core/fopt15396/Y -       A->Y   R     INVXL          1  0.5     9    11     521    (-,-) 
  m_uint/m_core/g15395/Y    -       B->Y   F     NAND2X1        1  0.8    16    15     536    (-,-) 
  m_uint/m_core/g15884/Y    -       B->Y   R     NAND2X2        3  1.9    14    12     549    (-,-) 
  m_uint/m_core/g56/Y       -       B->Y   F     NAND2X1        3  0.9    18    18     566    (-,-) 
  m_uint/m_core/g15024/Y    -       B->Y   R     NOR2X1         2  0.8    18    18     584    (-,-) 
  m_uint/m_core/g15389/Y    -       A->Y   F     NOR2X1         3  1.1    14    16     600    (-,-) 
  m_uint/m_core/g15096/Y    -       A->Y   R     XOR2XL         1  0.5     9    39     639    (-,-) 
  m_uint/m_core/g126/Y      -       B->Y   F     NAND2BX1       1  0.8    17    15     655    (-,-) 
  m_uint/m_core/g246/Y      -       B->Y   R     NAND2X2        2  1.3    12    11     666    (-,-) 
  fopt6162/Y                -       A->Y   F     INVXL          2  0.5     8    10     676    (-,-) 
  fopt6161/Y                -       A->Y   R     INVXL          1  0.3     6     8     684    (-,-) 
  g5504__9945/Y             -       A->Y   F     MXI2X8         1 50.0    55    81     766    (-,-) 
  R[1]                      -       -      F     (port)         -    -     -     0     766    (-,-) 
#---------------------------------------------------------------------------------------------------



Path 16: MET (10 ps) Late External Delay Assertion at pin R[0]
          Group: vclk
     Startpoint: (F) Conf_Bit_Mask[1]
          Clock: (R) vclk
       Endpoint: (F) R[0]
          Clock: (R) vclk

                     Capture       Launch     
        Clock Edge:+    1000            0     
        Drv Adjust:+       0            0     
       Src Latency:+       0            0     
       Net Latency:+       0 (I)        0 (I) 
           Arrival:=    1000            0     
                                              
      Output Delay:-     200                  
       Uncertainty:-      50                  
     Required Time:=     750                  
      Launch Clock:-       0                  
       Input Delay:-     200                  
         Data Path:-     540                  
             Slack:=      10                  

Exceptions/Constraints:
  input_delay              200             fplns_int8.sdc_line_14_20_1 
  output_delay             200             fplns_int8.sdc_line_15_35_1 

#------------------------------------------------------------------------------------------------------
#        Timing Point          Flags    Arc   Edge   Cell     Fanout Load Trans Delay Arrival Instance 
#                                                                    (fF)  (ps)  (ps)   (ps)  Location 
#------------------------------------------------------------------------------------------------------
  Conf_Bit_Mask[1]             -       -      F     (arrival)      4  5.2     0     0     200    (-,-) 
  m_uint/m_core/g15071/Y       -       A->Y   R     INVX2          1  0.9     4     6     206    (-,-) 
  m_uint/m_core/g15070/Y       -       B0->Y  F     OAI22X2        2  1.0    22    20     226    (-,-) 
  m_uint/m_core/g15653/Y       -       S0->Y  F     MXI2X1         3  1.0    27    28     254    (-,-) 
  m_uint/m_core/g54/Y          -       B->Y   F     OR2XL          1  0.4     7    25     280    (-,-) 
  m_uint/m_core/g16150/Y       -       B0->Y  R     OAI2BB1X1      1  1.0    12    12     291    (-,-) 
  m_uint/m_core/g15974/Y       -       A0->Y  F     AOI21X2        4  1.5    23    22     314    (-,-) 
  m_uint/m_core/g14325/Y       -       A->Y   R     INVX1          1  0.9    11    14     327    (-,-) 
  m_uint/m_core/g163/Y         -       B->Y   F     NAND2X2        2  1.2    15    15     342    (-,-) 
  m_uint/m_core/g161/Y         -       B->Y   R     XOR3XL         4  1.2    18    52     394    (-,-) 
  m_uint/m_core/g15484/Y       -       B->Y   F     NOR2XL         1  0.4    10    12     406    (-,-) 
  m_uint/m_core/g44/Y          -       B->Y   R     NOR2BX1        1  0.9    18    16     422    (-,-) 
  m_uint/m_core/g43/Y          -       A->Y   F     NOR2X2         1  1.6    13    14     436    (-,-) 
  m_uint/m_core/g182/Y         -       C->Y   R     NOR3X4         3  2.7    27    20     456    (-,-) 
  m_uint/m_core/g179/Y         -       A->Y   F     NOR2X4         3  2.1    13    15     471    (-,-) 
  m_uint/m_core/g175/Y         -       B->Y   R     NOR2X4         5  2.4    15    14     485    (-,-) 
  m_uint/m_core/g14655/Y       -       A->Y   F     XNOR2X1        5  2.0    17    50     535    (-,-) 
  m_uint/m_core/g8444/Y        -       A->Y   R     INVX1          3  1.4    14    14     549    (-,-) 
  m_uint/m_core/g15646/Y       -       A->Y   F     INVX1          7  2.0    16    15     564    (-,-) 
  m_uint/m_core/g10113__5107/Y -       A0N->Y F     OAI2BB1X1      2  0.5    14    26     590    (-,-) 
  m_uint/m_core/g14809/Y       -       B->Y   R     NAND2XL        1  0.3    10    11     600    (-,-) 
  m_uint/m_core/g16140/Y       -       A0N->Y R     OAI2BB1X1      1  0.9    15    29     630    (-,-) 
  m_uint/m_core/g10042__4733/Y -       B->Y   F     NAND2X2        2  1.3    16    16     646    (-,-) 
  fopt1/Y                      -       A->Y   F     BUFX3          2  0.8     6    22     668    (-,-) 
  fopt/Y                       -       A->Y   F     BUFX4          1 50.0    97    72     740    (-,-) 
  R[0]                         -       -      F     (port)         -    -     -     0     740    (-,-) 
#------------------------------------------------------------------------------------------------------

