============================================================
  Generated by:           Genus(TM) Synthesis Solution 21.10-p002_1
  Generated on:           Apr 11 2026  03:18:30 pm
  Module:                 fixed_point_mul_p_2_L0
  Technology libraries:   fast_vdd1v0 1.0
                          physical_cells 
  Operating conditions:   PVT_1P1V_0C 
  Interconnect mode:      global
  Area mode:              physical library
============================================================

                                 Leakage  
   Gate    Instances    Area   Power (nW)     Library    
---------------------------------------------------------
ACHCONX2           3    37.962      1.810    fast_vdd1v0 
ADDFHX1            2    15.048      0.799    fast_vdd1v0 
ADDFHX2            1     8.208      0.470    fast_vdd1v0 
ADDFX1            28   143.640      9.574    fast_vdd1v0 
ADDFXL             1     6.840      0.299    fast_vdd1v0 
ADDHX1            15    56.430      3.950    fast_vdd1v0 
ADDHX4             1     7.182      0.569    fast_vdd1v0 
AND2X1            42    57.456      3.814    fast_vdd1v0 
AND2X2             1     1.710      0.122    fast_vdd1v0 
AND2X4             2     5.472      0.443    fast_vdd1v0 
AND2X6             1     3.762      0.341    fast_vdd1v0 
AND2X8             1     4.446      0.437    fast_vdd1v0 
AND3XL             1     2.052      0.086    fast_vdd1v0 
AND4X1             1     2.394      0.104    fast_vdd1v0 
AO21X1             3     7.182      0.359    fast_vdd1v0 
AO21X2             1     2.736      0.169    fast_vdd1v0 
AO22X1            18    49.248      2.192    fast_vdd1v0 
AOI211X4           1     6.498      0.494    fast_vdd1v0 
AOI21X1            8    13.680      0.866    fast_vdd1v0 
AOI21X2            4    10.944      0.801    fast_vdd1v0 
AOI21X4            2    10.260      0.835    fast_vdd1v0 
AOI221X2           1     4.446      0.372    fast_vdd1v0 
AOI222X1           6    18.468      1.205    fast_vdd1v0 
AOI222X4           2    19.152      1.398    fast_vdd1v0 
AOI22X1           40    82.080      5.371    fast_vdd1v0 
AOI22X2            7    26.334      1.626    fast_vdd1v0 
AOI22X4            3    18.468      1.474    fast_vdd1v0 
AOI2BB1X1          7    14.364      0.831    fast_vdd1v0 
AOI2BB1X2          3     9.234      0.583    fast_vdd1v0 
AOI2BB1X4          1     4.104      0.386    fast_vdd1v0 
AOI2BB2X2          1     5.130      0.325    fast_vdd1v0 
AOI31X1            1     2.052      0.124    fast_vdd1v0 
AOI31X2            1     3.420      0.268    fast_vdd1v0 
BUFX2              4     6.840      0.468    fast_vdd1v0 
BUFX3              3     6.156      0.508    fast_vdd1v0 
BUFX6              3     9.234      0.969    fast_vdd1v0 
CLKAND2X2          1     2.052      0.128    fast_vdd1v0 
CLKAND2X3          3     9.234      0.607    fast_vdd1v0 
CLKAND2X6          3    14.364      1.338    fast_vdd1v0 
CLKBUFX2          17    29.070      2.024    fast_vdd1v0 
CLKINVX4           4     6.840      0.680    fast_vdd1v0 
CLKINVX6           6    14.364      1.538    fast_vdd1v0 
CLKMX2X2           3     9.234      0.615    fast_vdd1v0 
CLKMX2X3           1     4.104      0.278    fast_vdd1v0 
CLKXOR2X1         22    60.192      3.904    fast_vdd1v0 
CLKXOR2X2          1     3.420      0.211    fast_vdd1v0 
DFFRHQX1          53   326.268     20.322    fast_vdd1v0 
DFFRHQX2           3    23.598      1.234    fast_vdd1v0 
DFFRHQX4           8    76.608      4.334    fast_vdd1v0 
DFFRHQX8           2    22.572      1.624    fast_vdd1v0 
DFFRX2             2    15.048      0.977    fast_vdd1v0 
DFFRX4             2    19.152      1.447    fast_vdd1v0 
INVX1             27    18.468      1.307    fast_vdd1v0 
INVX2             14    14.364      1.249    fast_vdd1v0 
INVX3             13    17.784      1.660    fast_vdd1v0 
INVXL             13     8.892      0.453    fast_vdd1v0 
MX2X1              3     7.182      0.475    fast_vdd1v0 
MXI2X1             4    10.944      0.614    fast_vdd1v0 
MXI2XL            10    23.940      1.156    fast_vdd1v0 
NAND2BX1          18    24.624      1.937    fast_vdd1v0 
NAND2BX2           4     9.576      0.671    fast_vdd1v0 
NAND2BX4           4    15.048      1.255    fast_vdd1v0 
NAND2X1           58    59.508      4.020    fast_vdd1v0 
NAND2X2           27    46.170      3.427    fast_vdd1v0 
NAND2X4           10    34.200      2.508    fast_vdd1v0 
NAND3BX1           1     2.052      0.124    fast_vdd1v0 
NAND3BXL           5     8.550      0.434    fast_vdd1v0 
NAND3X4            2     9.576      0.666    fast_vdd1v0 
NAND3X6            2    14.364      1.097    fast_vdd1v0 
NOR2BX1           21    28.728      2.279    fast_vdd1v0 
NOR2BX2            5    13.680      0.824    fast_vdd1v0 
NOR2X1            34    34.884      2.168    fast_vdd1v0 
NOR2X2            26    44.460      3.447    fast_vdd1v0 
NOR2X4            18    55.404      4.909    fast_vdd1v0 
NOR2X6             5    20.520      2.203    fast_vdd1v0 
NOR3BX1            1     2.052      0.123    fast_vdd1v0 
NOR3BX4            1     5.814      0.350    fast_vdd1v0 
NOR3X4             1     5.130      0.310    fast_vdd1v0 
NOR4BX4            2    15.048      0.793    fast_vdd1v0 
NOR4X1             1     1.710      0.111    fast_vdd1v0 
NOR4X4             1     6.498      0.447    fast_vdd1v0 
OA21X1             4     8.208      0.462    fast_vdd1v0 
OA22X1             6    14.364      0.759    fast_vdd1v0 
OAI211X1           1     1.710      0.129    fast_vdd1v0 
OAI21X1           22    37.620      2.167    fast_vdd1v0 
OAI21X2           20    61.560      3.563    fast_vdd1v0 
OAI21X4            3    14.364      0.993    fast_vdd1v0 
OAI221X1           4     9.576      0.621    fast_vdd1v0 
OAI221X4           1     7.866      0.533    fast_vdd1v0 
OAI222X1           8    21.888      1.247    fast_vdd1v0 
OAI22X1            3     6.156      0.360    fast_vdd1v0 
OAI22X2            2     6.840      0.414    fast_vdd1v0 
OAI22X4            1     6.498      0.460    fast_vdd1v0 
OAI2BB1X1         12    20.520      1.406    fast_vdd1v0 
OAI2BB1X2          6    18.468      1.061    fast_vdd1v0 
OAI2BB1X4          3    13.338      0.955    fast_vdd1v0 
OAI31X1            5    10.260      0.661    fast_vdd1v0 
OR2X1             21    28.728      2.151    fast_vdd1v0 
OR2X4              1     2.736      0.252    fast_vdd1v0 
OR2X6              1     3.762      0.408    fast_vdd1v0 
OR2XL              2     2.736      0.169    fast_vdd1v0 
OR3X1              2     4.104      0.218    fast_vdd1v0 
OR3X2              1     2.394      0.143    fast_vdd1v0 
OR4X1              5    10.260      0.545    fast_vdd1v0 
XNOR2X1           61   146.034     10.630    fast_vdd1v0 
XNOR2X2            3     9.234      0.656    fast_vdd1v0 
XNOR2X4            1     3.762      0.325    fast_vdd1v0 
XNOR3X1            3    22.572      1.172    fast_vdd1v0 
XNOR3XL            1     7.524      0.355    fast_vdd1v0 
XOR2X2             1     3.420      0.211    fast_vdd1v0 
XOR3X1             8    60.192      3.127    fast_vdd1v0 
XOR3XL             3    22.572      1.111    fast_vdd1v0 
---------------------------------------------------------
total            897  2467.188    163.986                


                                           Leakage  Leakage 
     Type      Instances   Area   Area % Power (nW) Power % 
------------------------------------------------------------
sequential            70  483.246   19.6     29.939    18.3 
inverter              77   80.712    3.3      6.888     4.2 
buffer                27   51.300    2.1      3.969     2.4 
logic                723 1851.930   75.1    123.189    75.1 
physical_cells         0    0.000    0.0      0.000     0.0 
------------------------------------------------------------
total                897 2467.188  100.0    163.986   100.0 

