============================================================
  Generated by:           Genus(TM) Synthesis Solution 21.10-p002_1
  Generated on:           Apr 11 2026  04:04:33 pm
  Module:                 floating_point_mul_p_1_L0
  Technology libraries:   fast_vdd1v0 1.0
                          physical_cells 
  Operating conditions:   PVT_1P1V_0C 
  Interconnect mode:      global
  Area mode:              physical library
============================================================

             Instance                           Module               Cell Count  Cell Area  Net Area   Combinational   Buffer   Inverter   Flop   Latch   Clock-Gate   Memory   Macro   Total Area 
---------------------------------------------------------------------------------------------------------------------------------------------------------------------------------------------------
floating_point_mul_p_1_L0                                                  3290   8786.693    23.719           0.000    0.000      0.000  0.000   0.000        0.000    0.000   0.000     8810.413 
  m_approx_t                      approx_t_WIDTH24                         3064   8183.109     0.000           0.000    0.000      0.000  0.000   0.000        0.000    0.000   0.000     8183.109 
    WALLACE_CSA_DUMMY_OP1_groupi  WALLACE_CSA_DUMMY_OP1_group_7383          232    619.609     0.000           0.000    0.000      0.000  0.000   0.000        0.000    0.000   0.000      619.609 
    WALLACE_CSA_DUMMY_OP9_groupi  WALLACE_CSA_DUMMY_OP9_group_19            263    702.401     0.000           0.000    0.000      0.000  0.000   0.000        0.000    0.000   0.000      702.401 
    WALLACE_CSA_DUMMY_OP11_groupi WALLACE_CSA_DUMMY_OP11_group_17           267    713.084     0.000           0.000    0.000      0.000  0.000   0.000        0.000    0.000   0.000      713.084 
    WALLACE_CSA_DUMMY_OP13_groupi WALLACE_CSA_DUMMY_OP13_group_15           269    718.426     0.000           0.000    0.000      0.000  0.000   0.000        0.000    0.000   0.000      718.426 
    WALLACE_CSA_DUMMY_OP15_groupi WALLACE_CSA_DUMMY_OP15_group_7954         267    713.084     0.000           0.000    0.000      0.000  0.000   0.000        0.000    0.000   0.000      713.084 
    WALLACE_CSA_DUMMY_OP_groupi   WALLACE_CSA_DUMMY_OP_group_7380           236    630.292     0.000           0.000    0.000      0.000  0.000   0.000        0.000    0.000   0.000      630.292 
    add_108_34                    add_unsigned_84                           248    662.340     0.000           0.000    0.000      0.000  0.000   0.000        0.000    0.000   0.000      662.340 
    add_109_34                    add_unsigned_84                           248    662.340     0.000           0.000    0.000      0.000  0.000   0.000        0.000    0.000   0.000      662.340 
    add_170_24                    add_unsigned_10                           272    726.438     0.000           0.000    0.000      0.000  0.000   0.000        0.000    0.000   0.000      726.438 
    bms0                          bit_mask_sel_WIDTH48                      351    937.425     0.000           0.000    0.000      0.000  0.000   0.000        0.000    0.000   0.000      937.425 
      add_200_31                  add_unsigned_10_90                        274    731.779     0.000           0.000    0.000      0.000  0.000   0.000        0.000    0.000   0.000      731.779 
    bms1                          bit_mask_sel_WIDTH48_1                     19     50.744     0.000           0.000    0.000      0.000  0.000   0.000        0.000    0.000   0.000       50.744 
