============================================================
  Generated by:           Genus(TM) Synthesis Solution 21.10-p002_1
  Generated on:           Apr 11 2026  02:55:09 pm
  Module:                 unsigned_int_mul_p_2_L0
  Technology libraries:   fast_vdd1v0 1.0
                          physical_cells 
  Operating conditions:   PVT_1P1V_0C 
  Interconnect mode:      global
  Area mode:              physical library
============================================================

                                 Leakage  
   Gate    Instances    Area   Power (nW)     Library    
---------------------------------------------------------
ACHCONX2           5    63.270      3.161    fast_vdd1v0 
ADDFX1            37   189.810     12.298    fast_vdd1v0 
ADDFXL             1     6.840      0.310    fast_vdd1v0 
ADDHX1            13    48.906      3.470    fast_vdd1v0 
ADDHX2             1     5.130      0.339    fast_vdd1v0 
AND2X1            42    57.456      3.749    fast_vdd1v0 
AND3XL             1     2.052      0.086    fast_vdd1v0 
AND4X1             1     2.394      0.104    fast_vdd1v0 
AO21X1             4     9.576      0.470    fast_vdd1v0 
AO22X1            17    46.512      2.075    fast_vdd1v0 
AOI211X4           1     6.498      0.574    fast_vdd1v0 
AOI21X1            6    10.260      0.657    fast_vdd1v0 
AOI21X2            3     8.208      0.630    fast_vdd1v0 
AOI222X2           4    21.888      1.385    fast_vdd1v0 
AOI22X1           14    28.728      1.890    fast_vdd1v0 
AOI22X2            3    11.286      0.713    fast_vdd1v0 
AOI22X4            1     6.156      0.470    fast_vdd1v0 
AOI2BB1X1          4     8.208      0.516    fast_vdd1v0 
AOI2BB1X4          1     4.104      0.403    fast_vdd1v0 
AOI2BB1XL          2     4.104      0.195    fast_vdd1v0 
AOI2BB2X2          1     5.130      0.311    fast_vdd1v0 
AOI31X2            1     3.420      0.239    fast_vdd1v0 
AOI32X1            2     4.788      0.318    fast_vdd1v0 
BUFX2             11    18.810      1.288    fast_vdd1v0 
BUFX6              1     3.078      0.334    fast_vdd1v0 
CLKAND2X2          1     2.052      0.130    fast_vdd1v0 
CLKINVX4           1     1.710      0.154    fast_vdd1v0 
CLKXOR2X1         20    54.720      3.575    fast_vdd1v0 
CLKXOR2X2          1     3.420      0.215    fast_vdd1v0 
DFFRHQX1          50   307.800     19.272    fast_vdd1v0 
DFFRHQX4           1     9.576      0.552    fast_vdd1v0 
DFFRHQX8           1    11.286      0.811    fast_vdd1v0 
DFFRX1             2    13.680      0.829    fast_vdd1v0 
DFFRX2             7    52.668      3.467    fast_vdd1v0 
DFFRX4             6    57.456      4.337    fast_vdd1v0 
INVX1             23    15.732      1.069    fast_vdd1v0 
INVX2              8     8.208      0.653    fast_vdd1v0 
INVX3              2     2.736      0.244    fast_vdd1v0 
INVXL              2     1.368      0.066    fast_vdd1v0 
MX2X1             23    55.062      3.477    fast_vdd1v0 
MXI2X1             1     2.736      0.146    fast_vdd1v0 
MXI2XL            27    64.638      2.934    fast_vdd1v0 
NAND2BX1          18    24.624      1.859    fast_vdd1v0 
NAND2BX2           6    14.364      1.002    fast_vdd1v0 
NAND2BX4           1     3.762      0.302    fast_vdd1v0 
NAND2X1           59    60.534      4.088    fast_vdd1v0 
NAND2X2           10    17.100      1.285    fast_vdd1v0 
NAND3BX1           2     4.104      0.249    fast_vdd1v0 
NAND3X1            6    10.260      0.513    fast_vdd1v0 
NAND3X2            1     2.736      0.182    fast_vdd1v0 
NAND3X4            3    14.364      1.096    fast_vdd1v0 
NOR2BX1           22    30.096      2.426    fast_vdd1v0 
NOR2BX2            5    13.680      0.860    fast_vdd1v0 
NOR2X1            35    35.910      2.515    fast_vdd1v0 
NOR2X2            10    17.100      1.391    fast_vdd1v0 
NOR2X4             6    18.468      1.531    fast_vdd1v0 
NOR2X6             1     4.104      0.523    fast_vdd1v0 
NOR3BX1            2     4.104      0.237    fast_vdd1v0 
NOR3BX4            1     5.814      0.344    fast_vdd1v0 
NOR4X1             4     6.840      0.370    fast_vdd1v0 
NOR4X2             1     3.420      0.209    fast_vdd1v0 
OA21X1            10    20.520      1.124    fast_vdd1v0 
OA21X4             1     3.762      0.266    fast_vdd1v0 
OA22X1             2     4.788      0.265    fast_vdd1v0 
OAI211X4           1     6.498      0.461    fast_vdd1v0 
OAI21X1           24    41.040      2.368    fast_vdd1v0 
OAI21X2            8    24.624      1.516    fast_vdd1v0 
OAI21X4            2     9.576      0.739    fast_vdd1v0 
OAI222X1          11    30.096      1.798    fast_vdd1v0 
OAI22X1           10    20.520      1.172    fast_vdd1v0 
OAI2BB1X1         11    18.810      1.268    fast_vdd1v0 
OAI2BB1X2          5    15.390      0.869    fast_vdd1v0 
OAI2BB1X4          1     4.446      0.322    fast_vdd1v0 
OAI2BB2X2          1     5.472      0.317    fast_vdd1v0 
OAI31X1            2     4.104      0.229    fast_vdd1v0 
OR2X1             21    28.728      2.050    fast_vdd1v0 
OR2X2              1     1.710      0.138    fast_vdd1v0 
OR4X1              1     2.052      0.140    fast_vdd1v0 
XNOR2X1           47   112.518      8.421    fast_vdd1v0 
XNOR3X1            4    30.096      1.543    fast_vdd1v0 
XNOR3XL            5    37.620      1.830    fast_vdd1v0 
XOR2XL             1     2.736      0.166    fast_vdd1v0 
XOR3XL             2    15.048      0.733    fast_vdd1v0 
---------------------------------------------------------
total            717  1972.998    126.630                


                                           Leakage  Leakage 
     Type      Instances   Area   Area % Power (nW) Power % 
------------------------------------------------------------
sequential            67  452.466   22.9     29.267    23.1 
inverter              36   29.754    1.5      2.187     1.7 
buffer                12   21.888    1.1      1.622     1.3 
logic                602 1468.890   74.4     93.554    73.9 
physical_cells         0    0.000    0.0      0.000     0.0 
------------------------------------------------------------
total                717 1972.998  100.0    126.630   100.0 

