============================================================
  Generated by:           Genus(TM) Synthesis Solution 21.10-p002_1
  Generated on:           Apr 11 2026  04:16:18 pm
  Module:                 floating_point_mul_p_1_L2
  Technology libraries:   fast_vdd1v0 1.0
                          physical_cells 
  Operating conditions:   PVT_1P1V_0C 
  Interconnect mode:      global
  Area mode:              physical library
============================================================

                                   Leakage  
   Gate     Instances    Area    Power (nW)     Library    
-----------------------------------------------------------
ADDFHX2             1      8.208      0.469    fast_vdd1v0 
ADDFHXL             1      7.524      0.350    fast_vdd1v0 
ADDFX1              8     41.040      2.528    fast_vdd1v0 
ADDHX1             11     41.382      2.952    fast_vdd1v0 
ADDHX2              1      5.130      0.356    fast_vdd1v0 
AND2X1             51     69.768      4.582    fast_vdd1v0 
AND2X2             10     17.100      1.251    fast_vdd1v0 
AND2X4              7     19.152      1.565    fast_vdd1v0 
AND2X6             10     37.620      3.690    fast_vdd1v0 
AND2X8              2      8.892      0.899    fast_vdd1v0 
AND3X1              3      7.182      0.303    fast_vdd1v0 
AO21X1              5     11.970      0.569    fast_vdd1v0 
AO21X2              1      2.736      0.155    fast_vdd1v0 
AO21X4              2      6.840      0.543    fast_vdd1v0 
AO22X1              4     10.944      0.535    fast_vdd1v0 
AO22X4              2      7.524      0.585    fast_vdd1v0 
AOI211X1            1      2.394      0.131    fast_vdd1v0 
AOI211X2            3     10.260      0.713    fast_vdd1v0 
AOI211X4            2     12.996      0.976    fast_vdd1v0 
AOI21X1             9     15.390      0.912    fast_vdd1v0 
AOI21X2            27     73.872      4.980    fast_vdd1v0 
AOI21X4            93    477.090     35.334    fast_vdd1v0 
AOI21XL             1      1.710      0.072    fast_vdd1v0 
AOI221X4            2     15.732      1.136    fast_vdd1v0 
AOI22X1            19     38.988      2.371    fast_vdd1v0 
AOI22X2             2      7.524      0.475    fast_vdd1v0 
AOI22X4            30    184.680     14.143    fast_vdd1v0 
AOI22XL             3      6.156      0.247    fast_vdd1v0 
AOI2BB1X1           7     14.364      0.888    fast_vdd1v0 
AOI2BB1X2           6     18.468      1.174    fast_vdd1v0 
AOI2BB1X4          16     65.664      5.637    fast_vdd1v0 
AOI2BB2X1           1      3.420      0.199    fast_vdd1v0 
AOI2BB2X4           3     22.572      1.691    fast_vdd1v0 
AOI31X1             1      2.052      0.133    fast_vdd1v0 
AOI31X4             2     12.996      0.911    fast_vdd1v0 
BUFX16              1      6.840      0.816    fast_vdd1v0 
BUFX2              54     92.340      6.363    fast_vdd1v0 
BUFX20              1      8.208      1.022    fast_vdd1v0 
BUFX3              34     69.768      5.818    fast_vdd1v0 
BUFX4               3      7.182      0.643    fast_vdd1v0 
BUFX6               8     24.624      2.621    fast_vdd1v0 
BUFX8               1      3.762      0.398    fast_vdd1v0 
CLKAND2X12          3     22.572      2.231    fast_vdd1v0 
CLKAND2X2          13     26.676      1.761    fast_vdd1v0 
CLKAND2X3          19     58.482      3.963    fast_vdd1v0 
CLKAND2X4           1      3.420      0.242    fast_vdd1v0 
CLKAND2X6          21    100.548      8.878    fast_vdd1v0 
CLKAND2X8           1      5.814      0.475    fast_vdd1v0 
CLKBUFX2            1      1.710      0.121    fast_vdd1v0 
CLKINVX12          34    139.536     17.187    fast_vdd1v0 
CLKINVX16           6     32.832      4.175    fast_vdd1v0 
CLKINVX2            2      2.736      0.166    fast_vdd1v0 
CLKINVX3            3      5.130      0.406    fast_vdd1v0 
CLKINVX4           44     75.240      7.380    fast_vdd1v0 
CLKINVX6           41     98.154     10.291    fast_vdd1v0 
CLKINVX8           24     73.872      8.135    fast_vdd1v0 
CLKMX2X2            2      6.156      0.390    fast_vdd1v0 
CLKMX2X3            5     20.520      1.348    fast_vdd1v0 
CLKXOR2X1          61    166.896     10.974    fast_vdd1v0 
CLKXOR2X2          17     58.140      3.702    fast_vdd1v0 
DLY1X4              1      3.762      0.286    fast_vdd1v0 
INVX1             128     87.552      5.917    fast_vdd1v0 
INVX2             100    102.600      8.524    fast_vdd1v0 
INVX3              93    127.224     11.586    fast_vdd1v0 
INVX6               2      4.788      0.503    fast_vdd1v0 
INVX8               1      3.078      0.335    fast_vdd1v0 
INVXL              13      8.892      0.436    fast_vdd1v0 
MX2X1               3      7.182      0.455    fast_vdd1v0 
MXI2X1              2      5.472      0.297    fast_vdd1v0 
MXI2X2              4     17.784      0.887    fast_vdd1v0 
MXI2X4              2     10.260      0.642    fast_vdd1v0 
MXI2X6              1      5.130      0.444    fast_vdd1v0 
MXI2XL              2      4.788      0.219    fast_vdd1v0 
NAND2BX1           56     76.608      5.940    fast_vdd1v0 
NAND2BX2           46    110.124      7.708    fast_vdd1v0 
NAND2BX4           46    173.052     14.060    fast_vdd1v0 
NAND2BXL            5      6.840      0.422    fast_vdd1v0 
NAND2X1            70     71.820      4.822    fast_vdd1v0 
NAND2X2           117    200.070     15.047    fast_vdd1v0 
NAND2X4           199    680.580     51.024    fast_vdd1v0 
NAND2X6           133    636.804     51.514    fast_vdd1v0 
NAND2X8           107    585.504     55.795    fast_vdd1v0 
NAND2XL             4      4.104      0.193    fast_vdd1v0 
NAND3BX1            1      2.052      0.128    fast_vdd1v0 
NAND3BX2            3      9.234      0.596    fast_vdd1v0 
NAND3BX4            6     30.780      2.120    fast_vdd1v0 
NAND3X1             3      5.130      0.255    fast_vdd1v0 
NAND3X2             6     16.416      0.969    fast_vdd1v0 
NAND3X4            14     67.032      4.538    fast_vdd1v0 
NAND3X6            10     71.820      4.925    fast_vdd1v0 
NAND3X8             9     73.872      6.227    fast_vdd1v0 
NAND3XL             1      1.710      0.067    fast_vdd1v0 
NAND4X4             1      6.840      0.410    fast_vdd1v0 
NOR2BX1            69     94.392      7.698    fast_vdd1v0 
NOR2BX2            38    103.968      6.306    fast_vdd1v0 
NOR2BX4            18     67.716      5.541    fast_vdd1v0 
NOR2X1             58     59.508      4.440    fast_vdd1v0 
NOR2X2             87    148.770     11.691    fast_vdd1v0 
NOR2X4            198    609.444     51.771    fast_vdd1v0 
NOR2X6            152    623.808     60.415    fast_vdd1v0 
NOR2X8            127    694.944     68.022    fast_vdd1v0 
NOR2XL             11     11.286      0.621    fast_vdd1v0 
NOR3BX1             2      4.104      0.255    fast_vdd1v0 
NOR3BX2             5     17.100      0.944    fast_vdd1v0 
NOR3BX4             9     52.326      3.287    fast_vdd1v0 
NOR3X1              2      3.420      0.190    fast_vdd1v0 
NOR3X2              1      2.736      0.186    fast_vdd1v0 
NOR3X4             22    112.860      7.338    fast_vdd1v0 
NOR3X6             14    100.548      6.829    fast_vdd1v0 
NOR3X8             16    142.272     10.845    fast_vdd1v0 
NOR4BBX2            1      5.130      0.270    fast_vdd1v0 
NOR4X4              2     12.996      0.726    fast_vdd1v0 
NOR4X6              2     16.416      1.136    fast_vdd1v0 
OA21X1             16     32.832      1.786    fast_vdd1v0 
OA21X2              1      3.078      0.156    fast_vdd1v0 
OA21X4              1      3.762      0.278    fast_vdd1v0 
OAI211X1            4      6.840      0.485    fast_vdd1v0 
OAI211X2            3     12.312      0.692    fast_vdd1v0 
OAI211X4            1      6.498      0.460    fast_vdd1v0 
OAI21X1            26     44.460      2.632    fast_vdd1v0 
OAI21X2            54    166.212     10.016    fast_vdd1v0 
OAI21X4           142    679.896     52.248    fast_vdd1v0 
OAI21XL             1      1.710      0.066    fast_vdd1v0 
OAI22X1             2      4.104      0.264    fast_vdd1v0 
OAI22X2             1      3.420      0.231    fast_vdd1v0 
OAI22X4             3     19.494      1.317    fast_vdd1v0 
OAI2BB1X1           8     13.680      0.958    fast_vdd1v0 
OAI2BB1X2           2      6.156      0.356    fast_vdd1v0 
OAI2BB1X4          20     88.920      6.634    fast_vdd1v0 
OAI2BB2X4           2     17.100      1.171    fast_vdd1v0 
OAI31X1             5     10.260      0.621    fast_vdd1v0 
OAI31X2             3     11.286      0.752    fast_vdd1v0 
OAI31X4             4     27.360      2.020    fast_vdd1v0 
OAI32X2             1      4.446      0.250    fast_vdd1v0 
OR2X1              32     43.776      3.239    fast_vdd1v0 
OR2X2               3      5.130      0.430    fast_vdd1v0 
OR2X4               3      8.208      0.746    fast_vdd1v0 
OR2X6              21     79.002      8.317    fast_vdd1v0 
OR2XL               2      2.736      0.184    fast_vdd1v0 
OR3X1               6     12.312      0.653    fast_vdd1v0 
OR3X6               2      9.576      0.882    fast_vdd1v0 
OR4X1               3      6.156      0.344    fast_vdd1v0 
XNOR2X1            99    237.006     17.868    fast_vdd1v0 
XNOR2X2             9     27.702      1.966    fast_vdd1v0 
XNOR2X4             7     26.334      2.273    fast_vdd1v0 
XNOR3X1             5     37.620      1.951    fast_vdd1v0 
XOR2X2              3     10.260      0.652    fast_vdd1v0 
XOR2X4              7     28.728      2.279    fast_vdd1v0 
XOR3X1              3     22.572      1.168    fast_vdd1v0 
XOR3XL              2     15.048      0.734    fast_vdd1v0 
-----------------------------------------------------------
total            3277  10239.138    825.838                


                                            Leakage  Leakage 
     Type      Instances    Area   Area % Power (nW) Power % 
-------------------------------------------------------------
inverter             491   761.634    7.4     75.040     9.1 
buffer               104   218.196    2.1     18.089     2.2 
logic               2682  9259.308   90.4    732.708    88.7 
physical_cells         0     0.000    0.0      0.000     0.0 
-------------------------------------------------------------
total               3277 10239.138  100.0    825.838   100.0 

