

Working Directory = /home/redhat315bd/physical_design_nipun/Physical_design
QoS Summary for signed_int_mul_p_2_L0
================================================================================
Metric                          signed_int_mul_p_2_L0_syn_generic signed_int_mul_p_2_L0_syn_map signed_int_mul_p_2_L0_syn_opt
================================================================================
Slack (ps):                         5               3               0
  R2R (ps):                         5              27               0
  I2R (ps):                       181               3               0
  R2O (ps):                       180              17               1
  I2O (ps):                  no_value        no_value        no_value
  CG  (ps):                  no_value        no_value        no_value
TNS (ps):                           0               0               0
  R2R (ps):                         0               0               0
  I2R (ps):                         0               0               0
  R2O (ps):                         0               0               0
  I2O (ps):                  no_value        no_value        no_value
  CG  (ps):                  no_value        no_value        no_value
Failing Paths:                      0               0               0
Cell Area:                      5,514           2,455           2,166
Total Cell Area:                5,514           2,455           2,166
Leaf Instances:                 1,890             904             808
Total Instances:                1,890             904             808
Utilization (%):                 0.00            0.00            0.00
Tot. Net Length (um):        no_value        no_value        no_value
Avg. Net Length (um):        no_value        no_value        no_value
Route Overflow H (%):        no_value        no_value        no_value
Route Overflow V (%):        no_value        no_value        no_value
MBCI(%) (bits/gate) :            0.00            0.00            0.00
Norm Cong Hotspot Area:
  Max Cong:                  no_value        no_value        no_value
  Tot Cong:                  no_value        no_value        no_value
================================================================================
CPU  Runtime (h:m:s):        00:30:16        00:30:07        00:30:02
Real Runtime (h:m:s):        00:30:16        00:30:06        00:30:02
CPU  Elapsed (h:m:s):        00:30:18        00:30:26        00:30:27
Real Elapsed (h:m:s):        00:30:17        00:30:23        00:30:25
Memory (MB):                  1645.13         1613.07         1620.90
================================================================================
================================================================================
Flow Settings:
================================================================================
Total Runtime (h:m:s): 00:30:24
Total Memory (MB):     1621.90
Executable Version:    21.10-p002_1
================================================================================
Total Cell Area =  Cell Area + Physical Cell Area
Total Instances =  Leaf Instances + Physical Instances


