Command: report datapath -all -print_inferred > ./genus/reports/fplns_FP32/cadence_45nm/post_elaboration/syn_generic_datapath_report.rpt
============================================================
  Generated by:           Genus(TM) Synthesis Solution 21.10-p002_1
  Generated on:           Jun 19 2026  11:19:42 am
  Module:                 fplns_FP32
  Technology library:     fast_vdd1v0 1.0
  Operating conditions:   PVT_1P1V_0C (balanced_tree)
  Wireload mode:          enclosed
  Area mode:              timing library
============================================================


Inferred components

              Operator  Signedness   Inputs   Outputs CellArea Line Col   Filename   
=====================================================================================
fplns_FP32
 add_101_44
  
  module:add_unsigned_2
   very_fast      +     unsigned   23x23      24        647.31  101  44 fplns_FP32.v 
=====================================================================================
fplns_FP32
 add_101_63
  
  module:add_unsigned_4
   very_fast      +     unsigned   24x23      24        651.31  101  63 fplns_FP32.v 
=====================================================================================
fplns_FP32
 add_112_36
  
  module:add_unsigned
   very_fast      +     unsigned   10x10      10        208.21  112  36 fplns_FP32.v 
=====================================================================================
fplns_FP32
 add_112_62
  
  module:add_signed
   very_fast      +     signed     10x10      10        210.87  112  62 fplns_FP32.v 
=====================================================================================
fplns_FP32
 add_62_31_I10
  
  module:add_unsigned_74
   very_fast      +     unsigned   4x1        4          26.69   62  31 fplns_FP32.v 
=====================================================================================
fplns_FP32
 add_62_31_I11
  
  module:add_unsigned_74
   very_fast      +     unsigned   4x1        4          26.69   62  31 fplns_FP32.v 
=====================================================================================
fplns_FP32
 add_62_31_I12
  
  module:add_unsigned_74
   very_fast      +     unsigned   4x1        4          26.69   62  31 fplns_FP32.v 
=====================================================================================
fplns_FP32
 add_62_31_I13
  
  module:add_unsigned_74
   very_fast      +     unsigned   4x1        4          26.69   62  31 fplns_FP32.v 
=====================================================================================
fplns_FP32
 add_62_31_I14
  
  module:add_unsigned_74
   very_fast      +     unsigned   4x1        4          26.69   62  31 fplns_FP32.v 
=====================================================================================
fplns_FP32
 add_62_31_I15
  
  module:add_unsigned_74
   very_fast      +     unsigned   4x1        4          26.69   62  31 fplns_FP32.v 
=====================================================================================
fplns_FP32
 add_62_31_I16
  
  module:add_unsigned_74
   very_fast      +     unsigned   4x1        4          26.69   62  31 fplns_FP32.v 
=====================================================================================
fplns_FP32
 add_62_31_I17
  
  module:add_unsigned_74
   very_fast      +     unsigned   4x1        4          26.69   62  31 fplns_FP32.v 
=====================================================================================
fplns_FP32
 add_62_31_I18
  
  module:add_unsigned_74
   very_fast      +     unsigned   4x1        4          26.69   62  31 fplns_FP32.v 
=====================================================================================
fplns_FP32
 add_62_31_I19
  
  module:add_unsigned_74
   very_fast      +     unsigned   4x1        4          26.69   62  31 fplns_FP32.v 
=====================================================================================
fplns_FP32
 add_62_31_I2
  
  module:add_unsigned_74
   very_fast      +     unsigned   4x1        4          26.69   62  31 fplns_FP32.v 
=====================================================================================
fplns_FP32
 add_62_31_I20
  
  module:add_unsigned_74
   very_fast      +     unsigned   4x1        4          26.69   62  31 fplns_FP32.v 
=====================================================================================
fplns_FP32
 add_62_31_I21
  
  module:add_unsigned_74
   very_fast      +     unsigned   4x1        4          26.69   62  31 fplns_FP32.v 
=====================================================================================
fplns_FP32
 add_62_31_I22
  
  module:add_unsigned_74
   very_fast      +     unsigned   4x1        4          26.69   62  31 fplns_FP32.v 
=====================================================================================
fplns_FP32
 add_62_31_I3
  
  module:add_unsigned_74
   very_fast      +     unsigned   4x1        4          26.69   62  31 fplns_FP32.v 
=====================================================================================
fplns_FP32
 add_62_31_I4
  
  module:add_unsigned_74
   very_fast      +     unsigned   4x1        4          26.69   62  31 fplns_FP32.v 
=====================================================================================
fplns_FP32
 add_62_31_I5
  
  module:add_unsigned_74
   very_fast      +     unsigned   4x1        4          26.69   62  31 fplns_FP32.v 
=====================================================================================
fplns_FP32
 add_62_31_I6
  
  module:add_unsigned_74
   very_fast      +     unsigned   4x1        4          26.69   62  31 fplns_FP32.v 
=====================================================================================
fplns_FP32
 add_62_31_I7
  
  module:add_unsigned_74
   very_fast      +     unsigned   4x1        4          26.69   62  31 fplns_FP32.v 
=====================================================================================
fplns_FP32
 add_62_31_I8
  
  module:add_unsigned_74
   very_fast      +     unsigned   4x1        4          26.69   62  31 fplns_FP32.v 
=====================================================================================
fplns_FP32
 add_62_31_I9
  
  module:add_unsigned_74
   very_fast      +     unsigned   4x1        4          26.69   62  31 fplns_FP32.v 
=====================================================================================
fplns_FP32
 gt_65_19
  
  module:gt_unsigned
   very_fast      >     unsigned   4x3        1          37.37   65  19 fplns_FP32.v 
=====================================================================================
fplns_FP32
 lt_92_20_I1
  
  module:lt_unsigned_68
   very_fast      <     unsigned   1x5        1          20.02   92  20 fplns_FP32.v 
=====================================================================================
fplns_FP32
 lt_92_20_I10
  
  module:lt_unsigned_26
   very_fast      <     unsigned   4x5        1          49.38   92  20 fplns_FP32.v 
=====================================================================================
fplns_FP32
 lt_92_20_I11
  
  module:lt_unsigned_26
   very_fast      <     unsigned   4x5        1          49.38   92  20 fplns_FP32.v 
=====================================================================================
fplns_FP32
 lt_92_20_I12
  
  module:lt_unsigned_26
   very_fast      <     unsigned   4x5        1          49.38   92  20 fplns_FP32.v 
=====================================================================================
fplns_FP32
 lt_92_20_I13
  
  module:lt_unsigned_26
   very_fast      <     unsigned   4x5        1          49.38   92  20 fplns_FP32.v 
=====================================================================================
fplns_FP32
 lt_92_20_I14
  
  module:lt_unsigned_26
   very_fast      <     unsigned   4x5        1          49.38   92  20 fplns_FP32.v 
=====================================================================================
fplns_FP32
 lt_92_20_I15
  
  module:lt_unsigned_26
   very_fast      <     unsigned   4x5        1          49.38   92  20 fplns_FP32.v 
=====================================================================================
fplns_FP32
 lt_92_20_I16
  
  module:lt_unsigned_26
   very_fast      <     unsigned   4x5        1          49.38   92  20 fplns_FP32.v 
=====================================================================================
fplns_FP32
 lt_92_20_I17
  
  module:lt_unsigned
   very_fast      <     unsigned   5x5        1          60.06   92  20 fplns_FP32.v 
=====================================================================================
fplns_FP32
 lt_92_20_I18
  
  module:lt_unsigned
   very_fast      <     unsigned   5x5        1          60.06   92  20 fplns_FP32.v 
=====================================================================================
fplns_FP32
 lt_92_20_I19
  
  module:lt_unsigned
   very_fast      <     unsigned   5x5        1          60.06   92  20 fplns_FP32.v 
=====================================================================================
fplns_FP32
 lt_92_20_I2
  
  module:lt_unsigned_68
   very_fast      <     unsigned   1x5        1          20.02   92  20 fplns_FP32.v 
=====================================================================================
fplns_FP32
 lt_92_20_I20
  
  module:lt_unsigned
   very_fast      <     unsigned   5x5        1          60.06   92  20 fplns_FP32.v 
=====================================================================================
fplns_FP32
 lt_92_20_I21
  
  module:lt_unsigned
   very_fast      <     unsigned   5x5        1          60.06   92  20 fplns_FP32.v 
=====================================================================================
fplns_FP32
 lt_92_20_I22
  
  module:lt_unsigned
   very_fast      <     unsigned   5x5        1          60.06   92  20 fplns_FP32.v 
=====================================================================================
fplns_FP32
 lt_92_20_I23
  
  module:lt_unsigned
   very_fast      <     unsigned   5x5        1          60.06   92  20 fplns_FP32.v 
=====================================================================================
fplns_FP32
 lt_92_20_I3
  
  module:lt_unsigned_62
   very_fast      <     unsigned   2x5        1          28.03   92  20 fplns_FP32.v 
=====================================================================================
fplns_FP32
 lt_92_20_I4
  
  module:lt_unsigned_62
   very_fast      <     unsigned   2x5        1          28.03   92  20 fplns_FP32.v 
=====================================================================================
fplns_FP32
 lt_92_20_I5
  
  module:lt_unsigned_50
   very_fast      <     unsigned   3x5        1          40.04   92  20 fplns_FP32.v 
=====================================================================================
fplns_FP32
 lt_92_20_I6
  
  module:lt_unsigned_50
   very_fast      <     unsigned   3x5        1          40.04   92  20 fplns_FP32.v 
=====================================================================================
fplns_FP32
 lt_92_20_I7
  
  module:lt_unsigned_50
   very_fast      <     unsigned   3x5        1          40.04   92  20 fplns_FP32.v 
=====================================================================================
fplns_FP32
 lt_92_20_I8
  
  module:lt_unsigned_50
   very_fast      <     unsigned   3x5        1          40.04   92  20 fplns_FP32.v 
=====================================================================================
fplns_FP32
 lt_92_20_I9
  
  module:lt_unsigned_26
   very_fast      <     unsigned   4x5        1          49.38   92  20 fplns_FP32.v 
=====================================================================================
fplns_FP32
 mux_108_30
  
  module:bmux_183
   very_fast binary_mux n/a        1x23x23    23        122.79  108  30 fplns_FP32.v 
=====================================================================================
fplns_FP32
 mux_122_25
  
  module:bmux_183
   very_fast binary_mux n/a        1x23x23    23        122.79  122  25 fplns_FP32.v 
=====================================================================================
fplns_FP32
 mux_122_50
  
  module:bmux_183
   very_fast binary_mux n/a        1x23x23    23        122.79  122  50 fplns_FP32.v 
=====================================================================================
fplns_FP32
 mux_123_20
  
  module:bmux_186
   very_fast binary_mux n/a        1x8x8      8          42.71  123  20 fplns_FP32.v 
=====================================================================================
fplns_FP32
 mux_123_40
  
  module:bmux_186
   very_fast binary_mux n/a        1x8x8      8          42.71  123  40 fplns_FP32.v 
=====================================================================================
fplns_FP32
 mux_cmbsop_bias_c_75_15
  
  module:mux
   very_fast     mux    n/a        6x4x4x4x4x 4          64.06   75  15 fplns_FP32.v 
                                   4x4                                               
=====================================================================================
fplns_FP32
 mux_level_61_17
  
  module:bmux
   very_fast binary_mux n/a        1x1x1      1           5.34   61  17 fplns_FP32.v 
=====================================================================================
fplns_FP32
 mux_level_61_31
  
  module:bmux_115
   very_fast binary_mux n/a        1x4x4      4          21.35   61  17 fplns_FP32.v 
=====================================================================================
fplns_FP32
 mux_level_61_32
  
  module:bmux_115
   very_fast binary_mux n/a        1x4x4      4          21.35   61  17 fplns_FP32.v 
=====================================================================================
fplns_FP32
 mux_level_61_33
  
  module:bmux_115
   very_fast binary_mux n/a        1x4x4      4          21.35   61  17 fplns_FP32.v 
=====================================================================================
fplns_FP32
 mux_level_61_34
  
  module:bmux_115
   very_fast binary_mux n/a        1x4x4      4          21.35   61  17 fplns_FP32.v 
=====================================================================================
fplns_FP32
 mux_level_61_35
  
  module:bmux_115
   very_fast binary_mux n/a        1x4x4      4          21.35   61  17 fplns_FP32.v 
=====================================================================================
fplns_FP32
 mux_level_61_36
  
  module:bmux_115
   very_fast binary_mux n/a        1x4x4      4          21.35   61  17 fplns_FP32.v 
=====================================================================================
fplns_FP32
 mux_level_61_37
  
  module:bmux_115
   very_fast binary_mux n/a        1x4x4      4          21.35   61  17 fplns_FP32.v 
=====================================================================================
fplns_FP32
 mux_level_61_38
  
  module:bmux_115
   very_fast binary_mux n/a        1x4x4      4          21.35   61  17 fplns_FP32.v 
=====================================================================================
fplns_FP32
 mux_level_61_39
  
  module:bmux_115
   very_fast binary_mux n/a        1x4x4      4          21.35   61  17 fplns_FP32.v 
=====================================================================================
fplns_FP32
 mux_level_61_40
  
  module:bmux_115
   very_fast binary_mux n/a        1x4x4      4          21.35   61  17 fplns_FP32.v 
=====================================================================================
fplns_FP32
 mux_level_61_41
  
  module:bmux_115
   very_fast binary_mux n/a        1x4x4      4          21.35   61  17 fplns_FP32.v 
=====================================================================================
fplns_FP32
 mux_level_61_42
  
  module:bmux_115
   very_fast binary_mux n/a        1x4x4      4          21.35   61  17 fplns_FP32.v 
=====================================================================================
fplns_FP32
 mux_level_61_43
  
  module:bmux_115
   very_fast binary_mux n/a        1x4x4      4          21.35   61  17 fplns_FP32.v 
=====================================================================================
fplns_FP32
 mux_level_61_44
  
  module:bmux_115
   very_fast binary_mux n/a        1x4x4      4          21.35   61  17 fplns_FP32.v 
=====================================================================================
fplns_FP32
 mux_level_61_45
  
  module:bmux_115
   very_fast binary_mux n/a        1x4x4      4          21.35   61  17 fplns_FP32.v 
=====================================================================================
fplns_FP32
 mux_level_61_46
  
  module:bmux_115
   very_fast binary_mux n/a        1x4x4      4          21.35   61  17 fplns_FP32.v 
=====================================================================================
fplns_FP32
 mux_level_61_47
  
  module:bmux_115
   very_fast binary_mux n/a        1x4x4      4          21.35   61  17 fplns_FP32.v 
=====================================================================================
fplns_FP32
 mux_level_61_48
  
  module:bmux_115
   very_fast binary_mux n/a        1x4x4      4          21.35   61  17 fplns_FP32.v 
=====================================================================================
fplns_FP32
 mux_level_61_49
  
  module:bmux_115
   very_fast binary_mux n/a        1x4x4      4          21.35   61  17 fplns_FP32.v 
=====================================================================================
fplns_FP32
 mux_level_61_50
  
  module:bmux_115
   very_fast binary_mux n/a        1x4x4      4          21.35   61  17 fplns_FP32.v 
=====================================================================================
fplns_FP32
 mux_level_61_51
  
  module:bmux_115
   very_fast binary_mux n/a        1x4x4      4          21.35   61  17 fplns_FP32.v 
=====================================================================================
fplns_FP32
 mux_level_65_19
  
  module:bmux_115
   very_fast binary_mux n/a        1x4x4      4          21.35   65  19 fplns_FP32.v 
=====================================================================================
fplns_FP32
 mux_mant_a_t_92_20
  
  module:bmux
   very_fast binary_mux n/a        1x1x1      1           5.34   92  20 fplns_FP32.v 
=====================================================================================
fplns_FP32
 mux_mant_a_t_92_76
  
  module:bmux
   very_fast binary_mux n/a        1x1x1      1           5.34   92  20 fplns_FP32.v 
=====================================================================================
fplns_FP32
 mux_mant_a_t_92_77
  
  module:bmux
   very_fast binary_mux n/a        1x1x1      1           5.34   92  20 fplns_FP32.v 
=====================================================================================
fplns_FP32
 mux_mant_a_t_92_78
  
  module:bmux
   very_fast binary_mux n/a        1x1x1      1           5.34   92  20 fplns_FP32.v 
=====================================================================================
fplns_FP32
 mux_mant_a_t_92_79
  
  module:bmux
   very_fast binary_mux n/a        1x1x1      1           5.34   92  20 fplns_FP32.v 
=====================================================================================
fplns_FP32
 mux_mant_a_t_92_80
  
  module:bmux
   very_fast binary_mux n/a        1x1x1      1           5.34   92  20 fplns_FP32.v 
=====================================================================================
fplns_FP32
 mux_mant_a_t_92_81
  
  module:bmux
   very_fast binary_mux n/a        1x1x1      1           5.34   92  20 fplns_FP32.v 
=====================================================================================
fplns_FP32
 mux_mant_a_t_92_82
  
  module:bmux
   very_fast binary_mux n/a        1x1x1      1           5.34   92  20 fplns_FP32.v 
=====================================================================================
fplns_FP32
 mux_mant_a_t_92_83
  
  module:bmux
   very_fast binary_mux n/a        1x1x1      1           5.34   92  20 fplns_FP32.v 
=====================================================================================
fplns_FP32
 mux_mant_a_t_92_84
  
  module:bmux
   very_fast binary_mux n/a        1x1x1      1           5.34   92  20 fplns_FP32.v 
=====================================================================================
fplns_FP32
 mux_mant_a_t_92_85
  
  module:bmux
   very_fast binary_mux n/a        1x1x1      1           5.34   92  20 fplns_FP32.v 
=====================================================================================
fplns_FP32
 mux_mant_a_t_92_86
  
  module:bmux
   very_fast binary_mux n/a        1x1x1      1           5.34   92  20 fplns_FP32.v 
=====================================================================================
fplns_FP32
 mux_mant_a_t_92_87
  
  module:bmux
   very_fast binary_mux n/a        1x1x1      1           5.34   92  20 fplns_FP32.v 
=====================================================================================
fplns_FP32
 mux_mant_a_t_92_88
  
  module:bmux
   very_fast binary_mux n/a        1x1x1      1           5.34   92  20 fplns_FP32.v 
=====================================================================================
fplns_FP32
 mux_mant_a_t_92_89
  
  module:bmux
   very_fast binary_mux n/a        1x1x1      1           5.34   92  20 fplns_FP32.v 
=====================================================================================
fplns_FP32
 mux_mant_a_t_92_90
  
  module:bmux
   very_fast binary_mux n/a        1x1x1      1           5.34   92  20 fplns_FP32.v 
=====================================================================================
fplns_FP32
 mux_mant_a_t_92_91
  
  module:bmux
   very_fast binary_mux n/a        1x1x1      1           5.34   92  20 fplns_FP32.v 
=====================================================================================
fplns_FP32
 mux_mant_a_t_92_92
  
  module:bmux
   very_fast binary_mux n/a        1x1x1      1           5.34   92  20 fplns_FP32.v 
=====================================================================================
fplns_FP32
 mux_mant_a_t_92_93
  
  module:bmux
   very_fast binary_mux n/a        1x1x1      1           5.34   92  20 fplns_FP32.v 
=====================================================================================
fplns_FP32
 mux_mant_a_t_92_94
  
  module:bmux
   very_fast binary_mux n/a        1x1x1      1           5.34   92  20 fplns_FP32.v 
=====================================================================================
fplns_FP32
 mux_mant_a_t_92_95
  
  module:bmux
   very_fast binary_mux n/a        1x1x1      1           5.34   92  20 fplns_FP32.v 
=====================================================================================
fplns_FP32
 mux_mant_a_t_92_96
  
  module:bmux
   very_fast binary_mux n/a        1x1x1      1           5.34   92  20 fplns_FP32.v 
=====================================================================================
fplns_FP32
 mux_mant_a_t_92_97
  
  module:bmux
   very_fast binary_mux n/a        1x1x1      1           5.34   92  20 fplns_FP32.v 
=====================================================================================
fplns_FP32
 mux_mant_b_t_92_100
  
  module:bmux
   very_fast binary_mux n/a        1x1x1      1           5.34   92  20 fplns_FP32.v 
=====================================================================================
fplns_FP32
 mux_mant_b_t_92_101
  
  module:bmux
   very_fast binary_mux n/a        1x1x1      1           5.34   92  20 fplns_FP32.v 
=====================================================================================
fplns_FP32
 mux_mant_b_t_92_102
  
  module:bmux
   very_fast binary_mux n/a        1x1x1      1           5.34   92  20 fplns_FP32.v 
=====================================================================================
fplns_FP32
 mux_mant_b_t_92_103
  
  module:bmux
   very_fast binary_mux n/a        1x1x1      1           5.34   92  20 fplns_FP32.v 
=====================================================================================
fplns_FP32
 mux_mant_b_t_92_104
  
  module:bmux
   very_fast binary_mux n/a        1x1x1      1           5.34   92  20 fplns_FP32.v 
=====================================================================================
fplns_FP32
 mux_mant_b_t_92_105
  
  module:bmux
   very_fast binary_mux n/a        1x1x1      1           5.34   92  20 fplns_FP32.v 
=====================================================================================
fplns_FP32
 mux_mant_b_t_92_106
  
  module:bmux
   very_fast binary_mux n/a        1x1x1      1           5.34   92  20 fplns_FP32.v 
=====================================================================================
fplns_FP32
 mux_mant_b_t_92_107
  
  module:bmux
   very_fast binary_mux n/a        1x1x1      1           5.34   92  20 fplns_FP32.v 
=====================================================================================
fplns_FP32
 mux_mant_b_t_92_108
  
  module:bmux
   very_fast binary_mux n/a        1x1x1      1           5.34   92  20 fplns_FP32.v 
=====================================================================================
fplns_FP32
 mux_mant_b_t_92_109
  
  module:bmux
   very_fast binary_mux n/a        1x1x1      1           5.34   92  20 fplns_FP32.v 
=====================================================================================
fplns_FP32
 mux_mant_b_t_92_110
  
  module:bmux
   very_fast binary_mux n/a        1x1x1      1           5.34   92  20 fplns_FP32.v 
=====================================================================================
fplns_FP32
 mux_mant_b_t_92_111
  
  module:bmux
   very_fast binary_mux n/a        1x1x1      1           5.34   92  20 fplns_FP32.v 
=====================================================================================
fplns_FP32
 mux_mant_b_t_92_112
  
  module:bmux
   very_fast binary_mux n/a        1x1x1      1           5.34   92  20 fplns_FP32.v 
=====================================================================================
fplns_FP32
 mux_mant_b_t_92_113
  
  module:bmux
   very_fast binary_mux n/a        1x1x1      1           5.34   92  20 fplns_FP32.v 
=====================================================================================
fplns_FP32
 mux_mant_b_t_92_114
  
  module:bmux
   very_fast binary_mux n/a        1x1x1      1           5.34   92  20 fplns_FP32.v 
=====================================================================================
fplns_FP32
 mux_mant_b_t_92_115
  
  module:bmux
   very_fast binary_mux n/a        1x1x1      1           5.34   92  20 fplns_FP32.v 
=====================================================================================
fplns_FP32
 mux_mant_b_t_92_116
  
  module:bmux
   very_fast binary_mux n/a        1x1x1      1           5.34   92  20 fplns_FP32.v 
=====================================================================================
fplns_FP32
 mux_mant_b_t_92_117
  
  module:bmux
   very_fast binary_mux n/a        1x1x1      1           5.34   92  20 fplns_FP32.v 
=====================================================================================
fplns_FP32
 mux_mant_b_t_92_118
  
  module:bmux
   very_fast binary_mux n/a        1x1x1      1           5.34   92  20 fplns_FP32.v 
=====================================================================================
fplns_FP32
 mux_mant_b_t_92_119
  
  module:bmux
   very_fast binary_mux n/a        1x1x1      1           5.34   92  20 fplns_FP32.v 
=====================================================================================
fplns_FP32
 mux_mant_b_t_92_20
  
  module:bmux
   very_fast binary_mux n/a        1x1x1      1           5.34   92  20 fplns_FP32.v 
=====================================================================================
fplns_FP32
 mux_mant_b_t_92_98
  
  module:bmux
   very_fast binary_mux n/a        1x1x1      1           5.34   92  20 fplns_FP32.v 
=====================================================================================
fplns_FP32
 mux_mant_b_t_92_99
  
  module:bmux
   very_fast binary_mux n/a        1x1x1      1           5.34   92  20 fplns_FP32.v 
=====================================================================================
fplns_FP32
 sub_112_52
  
  module:sub_unsigned
   very_fast      -     unsigned   10x7       10        173.50  112  52 fplns_FP32.v 
=====================================================================================

      Type       CellArea Percentage 
-------------------------------------
datapath modules  3560.85      73.10 
external muxes    1238.56      25.42 
others              72.06       1.48 
-------------------------------------
total             4871.47     100.00 

