============================================================
  Generated by:           Genus(TM) Synthesis Solution 21.10-p002_1
  Generated on:           Jun 19 2026  11:35:36 am
  Module:                 scaletrim_FP32
  Technology library:     fast_vdd1v0 1.0
  Operating conditions:   PVT_1P1V_0C (balanced_tree)
  Wireload mode:          enclosed
  Area mode:              timing library
============================================================

Timing
--------

Clock Period 
-------------
vclk  1000.0 


  Cost    Critical              Violating 
 Group   Path Slack     TNS       Paths   
------------------------------------------
default    No paths        0.0            
vclk         -460.4   -14069.1         31 
------------------------------------------
Total                 -14069.1         31 

Instance Count
--------------
Leaf Instance Count             685 
Physical Instance count           0 
Sequential Instance Count         0 
Combinational Instance Count    685 
Hierarchical Instance Count       1 

Area
----
Cell Area                          1183.730
Physical Cell Area                 0.000
Total Cell Area (Cell+Physical)    1183.730
Net Area                           0.000
Total Area (Cell+Physical+Net)     1183.730

Runtime                            0.0 seconds
Elapsed Runtime                    28 seconds
Genus peak memory usage            1675.05 
Innovus peak memory usage          no_value 
Hostname                           redhat315b
