============================================================
  Generated by:           Genus(TM) Synthesis Solution 21.10-p002_1
  Generated on:           Jun 19 2026  11:35:36 am
  Module:                 scaletrim_FP32
  Technology library:     fast_vdd1v0 1.0
  Operating conditions:   PVT_1P1V_0C (balanced_tree)
  Wireload mode:          enclosed
  Area mode:              timing library
============================================================

                                 Leakage  
   Gate    Instances    Area   Power (nW)     Library    
---------------------------------------------------------
ACHCONX2           2    25.308      1.262    fast_vdd1v0 
ADDFHX1            1     7.524      0.422    fast_vdd1v0 
ADDFHXL            1     7.524      0.377    fast_vdd1v0 
ADDFX1             8    41.040      2.600    fast_vdd1v0 
ADDFXL             1     6.840      0.298    fast_vdd1v0 
AND2X1             4     5.472      0.351    fast_vdd1v0 
AND2XL             6     8.208      0.445    fast_vdd1v0 
AOI21X1           16    27.360      1.696    fast_vdd1v0 
AOI21X2            2     5.472      0.423    fast_vdd1v0 
AOI21XL            6    10.260      0.494    fast_vdd1v0 
AOI221X1           1     2.394      0.160    fast_vdd1v0 
AOI222X1           1     3.078      0.183    fast_vdd1v0 
AOI22X1            2     4.104      0.291    fast_vdd1v0 
AOI22XL            4     8.208      0.339    fast_vdd1v0 
AOI2BB1X1         10    20.520      1.337    fast_vdd1v0 
AOI2BB1X2          1     3.078      0.207    fast_vdd1v0 
AOI2BB1XL          2     4.104      0.244    fast_vdd1v0 
AOI2BB2X1          1     3.420      0.193    fast_vdd1v0 
AOI33XL            1     2.394      0.109    fast_vdd1v0 
BUFX16             7    47.880      5.535    fast_vdd1v0 
BUFX2              1     1.710      0.116    fast_vdd1v0 
BUFX3              2     4.104      0.333    fast_vdd1v0 
CLKAND2X2          1     2.052      0.131    fast_vdd1v0 
CLKAND2X6          2     9.576      0.911    fast_vdd1v0 
CLKAND2X8          1     5.814      0.513    fast_vdd1v0 
CLKBUFX2          10    17.100      1.194    fast_vdd1v0 
CLKINVX1           3     3.078      0.137    fast_vdd1v0 
CLKINVX12          9    36.936      4.152    fast_vdd1v0 
CLKINVX2           5     6.840      0.438    fast_vdd1v0 
CLKINVX4           3     5.130      0.488    fast_vdd1v0 
CLKINVX6           4     9.576      1.074    fast_vdd1v0 
CLKINVX8           1     3.078      0.334    fast_vdd1v0 
CLKXOR2X1          6    16.416      1.095    fast_vdd1v0 
CLKXOR2X2          1     3.420      0.219    fast_vdd1v0 
INVX1             38    25.992      1.736    fast_vdd1v0 
INVX12             1     4.104      0.499    fast_vdd1v0 
INVX2              9     9.234      0.802    fast_vdd1v0 
INVX3              2     2.736      0.251    fast_vdd1v0 
INVXL             73    49.932      2.427    fast_vdd1v0 
MXI2X1             5    13.680      0.756    fast_vdd1v0 
MXI2XL             9    21.546      0.999    fast_vdd1v0 
NAND2BX1           5     6.840      0.537    fast_vdd1v0 
NAND2BXL          15    20.520      1.206    fast_vdd1v0 
NAND2X1           28    28.728      1.989    fast_vdd1v0 
NAND2X2           20    34.200      2.662    fast_vdd1v0 
NAND2X4            1     3.146      0.269    fast_vdd1v0 
NAND2XL           71    72.846      3.328    fast_vdd1v0 
NAND3BX1           2     4.104      0.207    fast_vdd1v0 
NAND3BXL           1     1.710      0.080    fast_vdd1v0 
NAND3X1           11    18.810      1.075    fast_vdd1v0 
NAND3X2            1     2.736      0.173    fast_vdd1v0 
NOR2BX1           28    38.304      2.776    fast_vdd1v0 
NOR2BX2            3     8.208      0.468    fast_vdd1v0 
NOR2BX4            1     3.762      0.244    fast_vdd1v0 
NOR2BXL            2     3.420      0.170    fast_vdd1v0 
NOR2X1            41    42.066      2.900    fast_vdd1v0 
NOR2X2            10    17.100      1.383    fast_vdd1v0 
NOR2X4             5    15.390      1.195    fast_vdd1v0 
NOR2XL            61    62.586      2.967    fast_vdd1v0 
NOR3BX1            1     2.052      0.115    fast_vdd1v0 
NOR3BX2            1     3.420      0.196    fast_vdd1v0 
NOR3BXL            5    10.260      0.449    fast_vdd1v0 
NOR3X1            10    17.100      1.031    fast_vdd1v0 
NOR3X2             5    13.680      1.044    fast_vdd1v0 
NOR3XL             1     1.710      0.058    fast_vdd1v0 
OAI211X1           1     1.710      0.120    fast_vdd1v0 
OAI21X1           12    20.520      1.184    fast_vdd1v0 
OAI21X2            2     6.156      0.400    fast_vdd1v0 
OAI21X4            1     4.788      0.375    fast_vdd1v0 
OAI21XL           11    18.810      0.686    fast_vdd1v0 
OAI221XL           1     3.078      0.089    fast_vdd1v0 
OAI222X1           1     2.736      0.170    fast_vdd1v0 
OAI22X1            1     2.052      0.099    fast_vdd1v0 
OAI22X2            1     3.420      0.187    fast_vdd1v0 
OAI22XL            2     4.104      0.157    fast_vdd1v0 
OAI2BB1X1         10    17.100      1.191    fast_vdd1v0 
OAI31X1            1     2.052      0.125    fast_vdd1v0 
OAI31X2            1     3.762      0.213    fast_vdd1v0 
OR2X6             13    48.906      5.226    fast_vdd1v0 
OR2XL              3     4.104      0.249    fast_vdd1v0 
XNOR2X1           14    33.516      2.506    fast_vdd1v0 
XNOR2XL            2     5.472      0.332    fast_vdd1v0 
XNOR3X1            2    15.048      0.776    fast_vdd1v0 
XNOR3XL            1     7.524      0.364    fast_vdd1v0 
XOR2XL            10    27.360      1.688    fast_vdd1v0 
XOR3X1             1     7.524      0.383    fast_vdd1v0 
XOR3XL             2    15.048      0.738    fast_vdd1v0 
---------------------------------------------------------
total            685  1183.730     79.347                


                                           Leakage  Leakage 
     Type      Instances   Area   Area % Power (nW) Power % 
------------------------------------------------------------
inverter             148  156.636   13.2     12.337    15.5 
buffer                20   70.794    6.0      7.178     9.0 
logic                517  956.300   80.8     59.833    75.4 
physical_cells         0    0.000    0.0      0.000     0.0 
------------------------------------------------------------
total                685 1183.730  100.0     79.347   100.0 

