Command: report datapath -all -print_inferred > ./genus/reports/signed_int_mul_p_1_L1/cadence_45nm/post_elaboration/syn_generic_datapath_report.rpt
============================================================
  Generated by:           Genus(TM) Synthesis Solution 21.10-p002_1
  Generated on:           Apr 11 2026  03:38:23 pm
  Module:                 signed_int_mul_p_1_L1
  Technology libraries:   fast_vdd1v0 1.0
                          physical_cells 
  Operating conditions:   PVT_1P1V_0C 
  Interconnect mode:      global
  Area mode:              physical library
============================================================


Inferred components

                      Operator  Signedness   Inputs   Outputs CellArea Line Col       Filename       
=====================================================================================================
signed_int_mul_p_1_L1
 add_21_46
  
  module:add_unsigned_206
   very_fast              +     unsigned   8x1        8          68.10   21  46 signed_int_mul_p_1_L 
                                                                                1.v                  
=====================================================================================================
signed_int_mul_p_1_L1
 add_22_46
  
  module:add_unsigned_206
   very_fast              +     unsigned   8x1        8          68.10   22  46 signed_int_mul_p_1_L 
                                                                                1.v                  
=====================================================================================================
signed_int_mul_p_1_L1
 add_28_35
  
  module:add_unsigned_204
   very_fast              +     unsigned   16x1       16        166.92   28  35 signed_int_mul_p_1_L 
                                                                                1.v                  
=====================================================================================================
signed_int_mul_p_1_L1
 m_unsigned_int_mul
  add_57_33
   
   module:add_unsigned_55
    very_fast             +     unsigned   3x3        4          41.40   57  33 signed_int_mul_p_1_L 
                                                                                1.v                  
=====================================================================================================
signed_int_mul_p_1_L1
 m_unsigned_int_mul
  lod_a
   mux_reg_position_94_29
    
    module:mux
     very_fast           mux    n/a        8x3x3x3x3x 3          64.10   94  29 signed_int_mul_p_1_L 
                                           3x3x3x3                              1.v                  
=====================================================================================================
signed_int_mul_p_1_L1
 m_unsigned_int_mul
  lod_b
   mux_reg_position_94_29
    
    module:mux
     very_fast           mux    n/a        8x3x3x3x3x 3          64.10   94  29 signed_int_mul_p_1_L 
                                           3x3x3x3                              1.v                  
=====================================================================================================
signed_int_mul_p_1_L1
 m_unsigned_int_mul
  m_approx_t
   add_149_34
    
    module:add_unsigned_4
     very_fast            +     unsigned   8x6        9         150.90  149  34 signed_int_mul_p_1_L 
                                                                                1.v                  
=====================================================================================================
signed_int_mul_p_1_L1
 m_unsigned_int_mul
  m_approx_t
   add_150_24
    
    module:add_unsigned_6
     very_fast            +     unsigned   9x9        10        196.30  150  24 signed_int_mul_p_1_L 
                                                                                1.v                  
=====================================================================================================
signed_int_mul_p_1_L1
 m_unsigned_int_mul
  m_approx_t
   add_150_34
    
    module:add_unsigned_4
     very_fast            +     unsigned   8x6        9         150.90  150  34 signed_int_mul_p_1_L 
                                                                                1.v                  
=====================================================================================================
signed_int_mul_p_1_L1
 m_unsigned_int_mul
  m_approx_t
   add_154_34
    
    module:add_unsigned_22
     very_fast            +     unsigned   8x7        9         165.59  154  34 signed_int_mul_p_1_L 
                                                                                1.v                  
=====================================================================================================
signed_int_mul_p_1_L1
 m_unsigned_int_mul
  m_approx_t
   add_154_50
    
    module:add_unsigned_12
     very_fast            +     unsigned   9x6        9         154.90  154  50 signed_int_mul_p_1_L 
                                                                                1.v                  
=====================================================================================================
signed_int_mul_p_1_L1
 m_unsigned_int_mul
  m_approx_t
   add_155_24
    
    module:add_unsigned_6
     very_fast            +     unsigned   9x9        10        196.30  155  24 signed_int_mul_p_1_L 
                                                                                1.v                  
=====================================================================================================
signed_int_mul_p_1_L1
 m_unsigned_int_mul
  m_approx_t
   add_160_24
    
    module:add_unsigned_6
     very_fast            +     unsigned   9x9        10        196.30  160  24 signed_int_mul_p_1_L 
                                                                                1.v                  
=====================================================================================================
signed_int_mul_p_1_L1
 m_unsigned_int_mul
  m_approx_t
   add_160_34
    
    module:add_unsigned_22
     very_fast            +     unsigned   8x7        9         165.59  160  34 signed_int_mul_p_1_L 
                                                                                1.v                  
=====================================================================================================
signed_int_mul_p_1_L1
 m_unsigned_int_mul
  m_approx_t
   add_160_50
    
    module:add_unsigned_12
     very_fast            +     unsigned   9x6        9         154.90  160  50 signed_int_mul_p_1_L 
                                                                                1.v                  
=====================================================================================================
signed_int_mul_p_1_L1
 m_unsigned_int_mul
  m_approx_t
   add_165_24
    
    module:add_unsigned_6
     very_fast            +     unsigned   9x9        10        196.30  165  24 signed_int_mul_p_1_L 
                                                                                1.v                  
=====================================================================================================
signed_int_mul_p_1_L1
 m_unsigned_int_mul
  m_approx_t
   add_211_24
    
    module:add_unsigned
     very_fast            +     unsigned   16x16      16        401.94  211  24 signed_int_mul_p_1_L 
                                                                                1.v                  
=====================================================================================================
signed_int_mul_p_1_L1
 m_unsigned_int_mul
  m_approx_t
   bms0
    add_241_31
     
     module:add_unsigned
      very_fast           +     unsigned   16x16      16        401.94  241  31 signed_int_mul_p_1_L 
                                                                                1.v                  
=====================================================================================================
signed_int_mul_p_1_L1
 m_unsigned_int_mul
  m_approx_t
   bms0
    mux_reg_r_233_19
     
     module:bmux
      very_fast      binary_mux n/a        2x16x16x16 16        170.93  233  19 signed_int_mul_p_1_L 
                                           x16                                  1.v                  
=====================================================================================================
signed_int_mul_p_1_L1
 m_unsigned_int_mul
  m_approx_t
   bms1
    add_241_31
     
     module:add_unsigned
      very_fast           +     unsigned   16x16      16        401.94  241  31 signed_int_mul_p_1_L 
                                                                                1.v                  
=====================================================================================================
signed_int_mul_p_1_L1
 m_unsigned_int_mul
  m_approx_t
   bms1
    mux_reg_r_233_19
     
     module:bmux
      very_fast      binary_mux n/a        2x16x16x16 16        170.93  233  19 signed_int_mul_p_1_L 
                                           x16                                  1.v                  
=====================================================================================================
signed_int_mul_p_1_L1
 m_unsigned_int_mul
  m_approx_t
   minus_195_65
    
    module:sub_signed
     very_fast            -     signed     1x9        9         202.98  195  65 signed_int_mul_p_1_L 
                                                                                1.v                  
=====================================================================================================
signed_int_mul_p_1_L1
 m_unsigned_int_mul
  m_approx_t
   minus_202_65
    
    module:sub_signed
     very_fast            -     signed     1x9        9         202.98  202  65 signed_int_mul_p_1_L 
                                                                                1.v                  
=====================================================================================================
signed_int_mul_p_1_L1
 m_unsigned_int_mul
  m_approx_t
   mux_168_49
    
    module:bmux_45
     very_fast       binary_mux n/a        1x16x16    16         85.46  168  49 signed_int_mul_p_1_L 
                                                                                1.v                  
=====================================================================================================
signed_int_mul_p_1_L1
 m_unsigned_int_mul
  m_approx_t
   mux_169_49
    
    module:bmux_45
     very_fast       binary_mux n/a        1x16x16    16         85.46  169  49 signed_int_mul_p_1_L 
                                                                                1.v                  
=====================================================================================================
signed_int_mul_p_1_L1
 m_unsigned_int_mul
  m_approx_t
   mux_170_49
    
    module:bmux_45
     very_fast       binary_mux n/a        1x16x16    16         85.46  170  49 signed_int_mul_p_1_L 
                                                                                1.v                  
=====================================================================================================
signed_int_mul_p_1_L1
 m_unsigned_int_mul
  m_approx_t
   mux_180_26
    
    module:bmux_48
     very_fast       binary_mux n/a        1x1x1      1           5.34  180  26 signed_int_mul_p_1_L 
                                                                                1.v                  
=====================================================================================================
signed_int_mul_p_1_L1
 m_unsigned_int_mul
  m_approx_t
   mux_181_46
    
    module:bmux_51
     very_fast       binary_mux n/a        1x2x2      2          10.68  181  46 signed_int_mul_p_1_L 
                                                                                1.v                  
=====================================================================================================
signed_int_mul_p_1_L1
 m_unsigned_int_mul
  m_approx_t
   mux_182_46
    
    module:bmux_51
     very_fast       binary_mux n/a        1x2x2      2          10.68  182  46 signed_int_mul_p_1_L 
                                                                                1.v                  
=====================================================================================================
signed_int_mul_p_1_L1
 m_unsigned_int_mul
  m_approx_t
   mux_183_46
    
    module:bmux_48
     very_fast       binary_mux n/a        1x1x1      1           5.34  183  46 signed_int_mul_p_1_L 
                                                                                1.v                  
=====================================================================================================
signed_int_mul_p_1_L1
 m_unsigned_int_mul
  m_approx_t
   mux_195_30
    
    module:bmux_49
     very_fast       binary_mux n/a        1x9x9      9          48.07  195  30 signed_int_mul_p_1_L 
                                                                                1.v                  
=====================================================================================================
signed_int_mul_p_1_L1
 m_unsigned_int_mul
  m_approx_t
   mux_202_30
    
    module:bmux_49
     very_fast       binary_mux n/a        1x9x9      9          48.07  202  30 signed_int_mul_p_1_L 
                                                                                1.v                  
=====================================================================================================
signed_int_mul_p_1_L1
 m_unsigned_int_mul
  m_approx_t
   sub_151_24
    
    module:sub_unsigned
     very_fast            -     unsigned   10x8       16        208.32  151  24 signed_int_mul_p_1_L 
                                                                                1.v                  
=====================================================================================================
signed_int_mul_p_1_L1
 m_unsigned_int_mul
  m_approx_t
   sub_156_24
    
    module:sub_unsigned_10
     very_fast            -     unsigned   10x9       16        220.34  156  24 signed_int_mul_p_1_L 
                                                                                1.v                  
=====================================================================================================
signed_int_mul_p_1_L1
 m_unsigned_int_mul
  m_approx_t
   sub_161_24
    
    module:sub_unsigned_10
     very_fast            -     unsigned   10x9       16        220.34  161  24 signed_int_mul_p_1_L 
                                                                                1.v                  
=====================================================================================================
signed_int_mul_p_1_L1
 m_unsigned_int_mul
  m_approx_t
   sub_166_24
    
    module:sub_unsigned_10
     very_fast            -     unsigned   10x9       16        220.34  166  24 signed_int_mul_p_1_L 
                                                                                1.v                  
=====================================================================================================
signed_int_mul_p_1_L1
 m_unsigned_int_mul
  m_approx_t
   sub_188_50
    
    module:sub_unsigned_34
     very_fast            -     unsigned   8x8        9         192.29  188  50 signed_int_mul_p_1_L 
                                                                                1.v                  
=====================================================================================================
signed_int_mul_p_1_L1
 m_unsigned_int_mul
  m_approx_t
   sub_189_50
    
    module:sub_unsigned_34
     very_fast            -     unsigned   8x8        9         192.29  189  50 signed_int_mul_p_1_L 
                                                                                1.v                  
=====================================================================================================
signed_int_mul_p_1_L1
 m_unsigned_int_mul
  mux_69_21
   
   module:bmux_45
    very_fast        binary_mux n/a        1x16x16    16         85.46   69  21 signed_int_mul_p_1_L 
                                                                                1.v                  
=====================================================================================================
signed_int_mul_p_1_L1
 m_unsigned_int_mul
  mux_70_29
   
   module:bmux_45
    very_fast        binary_mux n/a        1x16x16    16         85.46   70  29 signed_int_mul_p_1_L 
                                                                                1.v                  
=====================================================================================================
signed_int_mul_p_1_L1
 m_unsigned_int_mul
  sll_61_20
   
   module:shift_left_vlog_unsigned_177
    very_fast/barrel     <<     x          7x3        7          97.48   61  20 signed_int_mul_p_1_L 
                                                                                1.v                  
=====================================================================================================
signed_int_mul_p_1_L1
 m_unsigned_int_mul
  sll_62_20
   
   module:shift_left_vlog_unsigned_177
    very_fast/barrel     <<     x          7x3        7          97.48   62  20 signed_int_mul_p_1_L 
                                                                                1.v                  
=====================================================================================================
signed_int_mul_p_1_L1
 m_unsigned_int_mul
  sll_70_65
   
   module:shift_left_vlog_unsigned
    very_fast/barrel     <<     x          16x3       16        241.70   70  65 signed_int_mul_p_1_L 
                                                                                1.v                  
=====================================================================================================
signed_int_mul_p_1_L1
 m_unsigned_int_mul
  srl_71_64
   
   module:shift_right_vlog_unsigned_63
    very_fast/barrel     >>     x          17x3       16        271.08   71  64 signed_int_mul_p_1_L 
                                                                                1.v                  
=====================================================================================================
signed_int_mul_p_1_L1
 mux_21_20
  
  module:bmux_209
   very_fast         binary_mux n/a        1x8x8      8          42.73   21  20 signed_int_mul_p_1_L 
                                                                                1.v                  
=====================================================================================================
signed_int_mul_p_1_L1
 mux_22_20
  
  module:bmux_209
   very_fast         binary_mux n/a        1x8x8      8          42.73   22  20 signed_int_mul_p_1_L 
                                                                                1.v                  
=====================================================================================================
signed_int_mul_p_1_L1
 mux_28_17
  
  module:bmux_45
   very_fast         binary_mux n/a        1x16x16    16         85.46   28  17 signed_int_mul_p_1_L 
                                                                                1.v                  
=====================================================================================================

      Type       CellArea Percentage 
-------------------------------------
datapath modules  5645.92      79.44 
external muxes    1196.49      16.84 
others             264.40       3.72 
-------------------------------------
total             7106.81     100.00 

