============================================================
  Generated by:           Genus(TM) Synthesis Solution 21.10-p002_1
  Generated on:           Jun 19 2026  11:32:43 am
  Module:                 opact_UINT8
  Operating conditions:   PVT_1P1V_0C (balanced_tree)
  Wireload mode:          enclosed
  Area mode:              timing library
============================================================


Path 1: MET (4 ps) Late External Delay Assertion at pin R[12]
          Group: vclk
     Startpoint: (R) B[3]
          Clock: (R) vclk
       Endpoint: (F) R[12]
          Clock: (R) vclk

                     Capture       Launch     
        Clock Edge:+    1000            0     
        Drv Adjust:+       0            0     
       Src Latency:+       0            0     
       Net Latency:+       0 (I)        0 (I) 
           Arrival:=    1000            0     
                                              
      Output Delay:-     200                  
       Uncertainty:-      50                  
     Required Time:=     750                  
      Launch Clock:-       0                  
       Input Delay:-     200                  
         Data Path:-     546                  
             Slack:=       4                  

Exceptions/Constraints:
  input_delay              200             opact_UINT8.sdc_line_14_12_1 
  output_delay             200             opact_UINT8.sdc_line_15_23_1 

#-----------------------------------------------------------------------------------------------------
#        Timing Point         Flags    Arc   Edge   Cell     Fanout Load Trans Delay Arrival Instance 
#                                                                   (fF)  (ps)  (ps)   (ps)  Location 
#-----------------------------------------------------------------------------------------------------
  B[3]                        -       -      R     (arrival)      9  4.5     0     0     200    (-,-) 
  m_opact_core/g16427__2883/Y -       A->Y   F     NAND2X1        1  0.3    10    11     211    (-,-) 
  m_opact_core/g16396__6417/Y -       A->Y   R     XNOR2X1        3  1.4    13    45     256    (-,-) 
  m_opact_core/g16348__8246/Y -       A1N->Y R     OAI2BB1X1      1  0.5     8    27     282    (-,-) 
  m_opact_core/g16335__6260/Y -       B->Y   F     NOR2X1         1  0.5    10     9     291    (-,-) 
  m_opact_core/g16316__1881/Y -       B->Y   R     XNOR2XL        1  0.6    10    33     324    (-,-) 
  m_opact_core/g16286__5115/Y -       B->Y   F     XNOR2XL        1  0.5     8    28     352    (-,-) 
  m_opact_core/g16243__5122/Y -       B->Y   R     XNOR2X1        2  1.1    11    37     389    (-,-) 
  m_opact_core/g16199__6783/Y -       B->Y   F     XNOR2X1        6  2.4    20    38     427    (-,-) 
  m_opact_core/g16182__9945/Y -       B->Y   R     NAND2XL        2  0.6    13    14     442    (-,-) 
  m_opact_core/g16141__1881/Y -       B->Y   F     NAND2XL        1  0.3    13    14     455    (-,-) 
  m_opact_core/g16115__4733/Y -       A1N->Y F     OAI2BB1X1      2  0.6    17    24     479    (-,-) 
  m_opact_core/g16103__6783/Y -       B->Y   R     NAND2XL        1  0.5    13    13     492    (-,-) 
  m_opact_core/g16093__7410/Y -       C0->Y  F     OAI211X1       2  1.0    38    31     524    (-,-) 
  m_opact_core/g16070__4319/Y -       B->Y   F     XNOR2X1        3  1.1    12    38     561    (-,-) 
  m_opact_core/g16058__6161/Y -       B->Y   F     AND2XL         2  0.8    11    19     580    (-,-) 
  m_opact_core/g16048__2802/Y -       B0->Y  R     AOI32X1        1  0.3    23    21     601    (-,-) 
  m_opact_core/g16046/Y       -       A->Y   F     INVXL          1  0.3     8    13     614    (-,-) 
  m_opact_core/g16041__4319/Y -       A->Y   F     OR2X2          1 50.0   180   132     746    (-,-) 
  R[12]                       -       -      F     (port)         -    -     -     0     746    (-,-) 
#-----------------------------------------------------------------------------------------------------



Path 2: MET (4 ps) Late External Delay Assertion at pin R[14]
          Group: vclk
     Startpoint: (F) Conf_Bit_Mask[2]
          Clock: (R) vclk
       Endpoint: (F) R[14]
          Clock: (R) vclk

                     Capture       Launch     
        Clock Edge:+    1000            0     
        Drv Adjust:+       0            0     
       Src Latency:+       0            0     
       Net Latency:+       0 (I)        0 (I) 
           Arrival:=    1000            0     
                                              
      Output Delay:-     200                  
       Uncertainty:-      50                  
     Required Time:=     750                  
      Launch Clock:-       0                  
       Input Delay:-     200                  
         Data Path:-     546                  
             Slack:=       4                  

Exceptions/Constraints:
  input_delay              200             opact_UINT8.sdc_line_14_19_1 
  output_delay             200             opact_UINT8.sdc_line_15_21_1 

#-----------------------------------------------------------------------------------------------------
#        Timing Point         Flags    Arc   Edge   Cell     Fanout Load Trans Delay Arrival Instance 
#                                                                   (fF)  (ps)  (ps)   (ps)  Location 
#-----------------------------------------------------------------------------------------------------
  Conf_Bit_Mask[2]            -       -      F     (arrival)     13  4.9     0     0     200    (-,-) 
  m_opact_core/g16434__5107/Y -       A->Y   R     NOR2X1         3  1.3    22    18     218    (-,-) 
  m_opact_core/g16404__8428/Y -       B->Y   R     AND2XL         3  1.1    16    28     246    (-,-) 
  m_opact_core/g16371__6260/Y -       B->Y   F     NOR2XL         1  0.4    10    12     258    (-,-) 
  m_opact_core/g16326__2883/Y -       C0->Y  R     AOI221X1       1  0.3    29    23     281    (-,-) 
  m_opact_core/g16309__2802/Y -       B0->Y  F     OAI21XL        2  0.5    23    26     307    (-,-) 
  m_opact_core/g16288__4733/Y -       A1N->Y F     OAI2BB1X1      8  2.8    42    40     347    (-,-) 
  m_opact_core/g16246__7098/Y -       A->Y   R     NAND2X1        4  2.1    26    26     373    (-,-) 
  m_opact_core/g16238/Y       -       A->Y   F     INVX1          2  0.8    11    15     388    (-,-) 
  m_opact_core/g16218__2883/Y -       B->Y   R     NOR2X1         4  2.0    33    24     412    (-,-) 
  m_opact_core/g16127__6260/Y -       B0->Y  F     OAI211X1       2  0.6    32    37     449    (-,-) 
  m_opact_core/g16113__5115/Y -       B->Y   R     NAND2XL        1  0.5    13    18     466    (-,-) 
  m_opact_core/g16102__5526/Y -       C0->Y  F     OAI211X1       3  1.3    43    34     501    (-,-) 
  m_opact_core/g16079__8246/Y -       B->Y   F     XNOR2X1        1  0.4     7    36     537    (-,-) 
  m_opact_core/g16052__7098/Y -       A2->Y  R     OAI33X1        2  1.1    70    38     575    (-,-) 
  m_opact_core/g16038__2398/Y -       S0->Y  F     MX3X2          1 50.0   186   170     746    (-,-) 
  R[14]                       -       -      F     (port)         -    -     -     0     746    (-,-) 
#-----------------------------------------------------------------------------------------------------



Path 3: MET (6 ps) Late External Delay Assertion at pin R[9]
          Group: vclk
     Startpoint: (F) B[2]
          Clock: (R) vclk
       Endpoint: (F) R[9]
          Clock: (R) vclk

                     Capture       Launch     
        Clock Edge:+    1000            0     
        Drv Adjust:+       0            0     
       Src Latency:+       0            0     
       Net Latency:+       0 (I)        0 (I) 
           Arrival:=    1000            0     
                                              
      Output Delay:-     200                  
       Uncertainty:-      50                  
     Required Time:=     750                  
      Launch Clock:-       0                  
       Input Delay:-     200                  
         Data Path:-     544                  
             Slack:=       6                  

Exceptions/Constraints:
  input_delay              200             opact_UINT8.sdc_line_14_13_1 
  output_delay             200             opact_UINT8.sdc_line_15_26_1 

#----------------------------------------------------------------------------------------------------
#        Timing Point         Flags   Arc   Edge   Cell     Fanout Load Trans Delay Arrival Instance 
#                                                                  (fF)  (ps)  (ps)   (ps)  Location 
#----------------------------------------------------------------------------------------------------
  B[2]                        -       -     F     (arrival)      8  4.2     0     0     200    (-,-) 
  m_opact_core/g16441__1617/Y -       A->Y  R     NAND2X2        3  1.1     7     8     208    (-,-) 
  m_opact_core/g16397__5477/Y -       A->Y  F     XNOR2X1        3  1.0    11    45     253    (-,-) 
  m_opact_core/g16518__1881/Y -       A1->Y F     AO21XL         1  0.2     5    26     279    (-,-) 
  m_opact_core/g16324__9315/Y -       B->Y  R     NOR2XL         1  0.6    20    15     294    (-,-) 
  m_opact_core/g16296__1666/Y -       B->Y  F     XNOR2X1        1  0.5     8    32     326    (-,-) 
  m_opact_core/g16277__1705/Y -       S0->Y F     MXI2XL         1  0.5    22    22     348    (-,-) 
  m_opact_core/g16219__2346/Y -       B->Y  R     XNOR2X1        1  0.6     8    37     385    (-,-) 
  m_opact_core/g16186__7410/Y -       B->Y  F     XNOR2X1        1  0.5     8    31     416    (-,-) 
  m_opact_core/g16154__5477/Y -       B->Y  R     XNOR2X1       11  4.3    33    49     464    (-,-) 
  m_opact_core/g16147/Y       -       A->Y  F     INVX1          4  1.3    16    19     483    (-,-) 
  m_opact_core/g16119__2883/Y -       A->Y  R     NAND2XL        1  0.5    12    14     497    (-,-) 
  m_opact_core/g16107__1705/Y -       C0->Y F     OAI211X1       2  0.5    30    26     523    (-,-) 
  m_opact_core/g16097__5107/Y -       B->Y  R     NOR2XL         2  0.9    28    27     550    (-,-) 
  m_opact_core/g16061__2883/Y -       B->Y  F     XNOR2X1        1  0.3     6    32     582    (-,-) 
  m_opact_core/g16040__6260/Y -       B->Y  F     MX3X2          1 50.0   186   162     744    (-,-) 
  R[9]                        -       -     F     (port)         -    -     -     0     744    (-,-) 
#----------------------------------------------------------------------------------------------------



Path 4: MET (9 ps) Late External Delay Assertion at pin R[15]
          Group: vclk
     Startpoint: (F) Conf_Bit_Mask[2]
          Clock: (R) vclk
       Endpoint: (F) R[15]
          Clock: (R) vclk

                     Capture       Launch     
        Clock Edge:+    1000            0     
        Drv Adjust:+       0            0     
       Src Latency:+       0            0     
       Net Latency:+       0 (I)        0 (I) 
           Arrival:=    1000            0     
                                              
      Output Delay:-     200                  
       Uncertainty:-      50                  
     Required Time:=     750                  
      Launch Clock:-       0                  
       Input Delay:-     200                  
         Data Path:-     541                  
             Slack:=       9                  

Exceptions/Constraints:
  input_delay              200             opact_UINT8.sdc_line_14_19_1 
  output_delay             200             opact_UINT8.sdc_line_15      

#-----------------------------------------------------------------------------------------------------
#        Timing Point         Flags    Arc   Edge   Cell     Fanout Load Trans Delay Arrival Instance 
#                                                                   (fF)  (ps)  (ps)   (ps)  Location 
#-----------------------------------------------------------------------------------------------------
  Conf_Bit_Mask[2]            -       -      F     (arrival)     13  4.9     0     0     200    (-,-) 
  m_opact_core/g16434__5107/Y -       A->Y   R     NOR2X1         3  1.3    22    18     218    (-,-) 
  m_opact_core/g16404__8428/Y -       B->Y   R     AND2XL         3  1.1    16    28     246    (-,-) 
  m_opact_core/g16371__6260/Y -       B->Y   F     NOR2XL         1  0.4    10    12     258    (-,-) 
  m_opact_core/g16326__2883/Y -       C0->Y  R     AOI221X1       1  0.3    29    23     281    (-,-) 
  m_opact_core/g16309__2802/Y -       B0->Y  F     OAI21XL        2  0.5    23    26     307    (-,-) 
  m_opact_core/g16288__4733/Y -       A1N->Y F     OAI2BB1X1      8  2.8    42    40     347    (-,-) 
  m_opact_core/g16246__7098/Y -       A->Y   R     NAND2X1        4  2.1    26    26     373    (-,-) 
  m_opact_core/g16238/Y       -       A->Y   F     INVX1          2  0.8    11    15     388    (-,-) 
  m_opact_core/g16218__2883/Y -       B->Y   R     NOR2X1         4  2.0    33    24     412    (-,-) 
  m_opact_core/g16127__6260/Y -       B0->Y  F     OAI211X1       2  0.6    32    37     449    (-,-) 
  m_opact_core/g16113__5115/Y -       B->Y   R     NAND2XL        1  0.5    13    18     466    (-,-) 
  m_opact_core/g16102__5526/Y -       C0->Y  F     OAI211X1       3  1.3    43    34     501    (-,-) 
  m_opact_core/g16079__8246/Y -       B->Y   F     XNOR2X1        1  0.4     7    36     537    (-,-) 
  m_opact_core/g16052__7098/Y -       A2->Y  R     OAI33X1        2  1.1    70    38     575    (-,-) 
  m_opact_core/g16042__8428/Y -       A0->Y  F     OAI211X1       1  0.3    28    45     620    (-,-) 
  m_opact_core/g16039__5107/Y -       B->Y   F     AND2X2         1 50.0   177   121     741    (-,-) 
  R[15]                       -       -      F     (port)         -    -     -     0     741    (-,-) 
#-----------------------------------------------------------------------------------------------------



Path 5: MET (12 ps) Late External Delay Assertion at pin R[10]
          Group: vclk
     Startpoint: (F) B[2]
          Clock: (R) vclk
       Endpoint: (F) R[10]
          Clock: (R) vclk

                     Capture       Launch     
        Clock Edge:+    1000            0     
        Drv Adjust:+       0            0     
       Src Latency:+       0            0     
       Net Latency:+       0 (I)        0 (I) 
           Arrival:=    1000            0     
                                              
      Output Delay:-     200                  
       Uncertainty:-      50                  
     Required Time:=     750                  
      Launch Clock:-       0                  
       Input Delay:-     200                  
         Data Path:-     538                  
             Slack:=      12                  

Exceptions/Constraints:
  input_delay              200             opact_UINT8.sdc_line_14_13_1 
  output_delay             200             opact_UINT8.sdc_line_15_25_1 

#----------------------------------------------------------------------------------------------------
#        Timing Point         Flags   Arc   Edge   Cell     Fanout Load Trans Delay Arrival Instance 
#                                                                  (fF)  (ps)  (ps)   (ps)  Location 
#----------------------------------------------------------------------------------------------------
  B[2]                        -       -     F     (arrival)      8  4.2     0     0     200    (-,-) 
  m_opact_core/g16441__1617/Y -       A->Y  R     NAND2X2        3  1.1     7     8     208    (-,-) 
  m_opact_core/g16397__5477/Y -       A->Y  F     XNOR2X1        3  1.0    11    45     253    (-,-) 
  m_opact_core/g16518__1881/Y -       A1->Y F     AO21XL         1  0.2     5    26     279    (-,-) 
  m_opact_core/g16324__9315/Y -       B->Y  R     NOR2XL         1  0.6    20    15     294    (-,-) 
  m_opact_core/g16296__1666/Y -       B->Y  F     XNOR2X1        1  0.5     8    32     326    (-,-) 
  m_opact_core/g16277__1705/Y -       S0->Y F     MXI2XL         1  0.5    22    22     348    (-,-) 
  m_opact_core/g16219__2346/Y -       B->Y  R     XNOR2X1        1  0.6     8    37     385    (-,-) 
  m_opact_core/g16186__7410/Y -       B->Y  F     XNOR2X1        1  0.5     8    31     416    (-,-) 
  m_opact_core/g16154__5477/Y -       B->Y  R     XNOR2X1       11  4.3    33    49     464    (-,-) 
  m_opact_core/g16140__6131/Y -       B->Y  F     NOR2BX1        3  0.9    14    18     482    (-,-) 
  m_opact_core/g16122__7410/Y -       B->Y  R     NAND2XL        2  1.0    19    15     497    (-,-) 
  m_opact_core/g16108__5122/Y -       A1->Y F     OAI221X1       1  0.4    34    35     532    (-,-) 
  m_opact_core/g16101__8428/Y -       B0->Y R     AOI21X1        3  1.4    31    30     562    (-,-) 
  m_opact_core/g16077__1705/Y -       S0->Y R     MX2XL          1  0.3     7    27     589    (-,-) 
  m_opact_core/g16054__1881/Y -       B->Y  F     MXI2XL         1  0.2    17    17     606    (-,-) 
  m_opact_core/g16044__6783/Y -       B->Y  F     OR2X2          1 50.0   180   132     738    (-,-) 
  R[10]                       -       -     F     (port)         -    -     -     0     738    (-,-) 
#----------------------------------------------------------------------------------------------------



Path 6: MET (13 ps) Late External Delay Assertion at pin R[11]
          Group: vclk
     Startpoint: (R) B[2]
          Clock: (R) vclk
       Endpoint: (F) R[11]
          Clock: (R) vclk

                     Capture       Launch     
        Clock Edge:+    1000            0     
        Drv Adjust:+       0            0     
       Src Latency:+       0            0     
       Net Latency:+       0 (I)        0 (I) 
           Arrival:=    1000            0     
                                              
      Output Delay:-     200                  
       Uncertainty:-      50                  
     Required Time:=     750                  
      Launch Clock:-       0                  
       Input Delay:-     200                  
         Data Path:-     537                  
             Slack:=      13                  

Exceptions/Constraints:
  input_delay              200             opact_UINT8.sdc_line_14_13_1 
  output_delay             200             opact_UINT8.sdc_line_15_24_1 

#----------------------------------------------------------------------------------------------------
#        Timing Point         Flags   Arc   Edge   Cell     Fanout Load Trans Delay Arrival Instance 
#                                                                  (fF)  (ps)  (ps)   (ps)  Location 
#----------------------------------------------------------------------------------------------------
  B[2]                        -       -     R     (arrival)      8  5.0     0     0     200    (-,-) 
  m_opact_core/g16441__1617/Y -       A->Y  F     NAND2X2        3  1.0    12    13     213    (-,-) 
  m_opact_core/g16397__5477/Y -       A->Y  R     XNOR2X1        3  1.2    12    45     257    (-,-) 
  m_opact_core/g16518__1881/Y -       A1->Y R     AO21XL         1  0.3     7    26     284    (-,-) 
  m_opact_core/g16324__9315/Y -       B->Y  F     NOR2XL         1  0.5    12     9     293    (-,-) 
  m_opact_core/g16296__1666/Y -       B->Y  R     XNOR2X1        1  0.6     8    36     328    (-,-) 
  m_opact_core/g16277__1705/Y -       S0->Y R     MXI2XL         1  0.6    26    23     351    (-,-) 
  m_opact_core/g16219__2346/Y -       B->Y  F     XNOR2X1        1  0.5     8    33     384    (-,-) 
  m_opact_core/g16186__7410/Y -       B->Y  R     XNOR2X1        1  0.6     8    35     419    (-,-) 
  m_opact_core/g16154__5477/Y -       B->Y  F     XNOR2X1       11  3.8    29    42     461    (-,-) 
  m_opact_core/g16140__6131/Y -       B->Y  R     NOR2BX1        3  1.1    24    23     485    (-,-) 
  m_opact_core/g16122__7410/Y -       B->Y  F     NAND2XL        2  0.8    24    23     508    (-,-) 
  m_opact_core/g16108__5122/Y -       A1->Y R     OAI221X1       1  0.5    35    28     536    (-,-) 
  m_opact_core/g16101__8428/Y -       B0->Y F     AOI21X1        3  1.1    25    19     555    (-,-) 
  m_opact_core/g16084__5115/Y -       B->Y  R     NAND2XL        1  0.5    12    16     570    (-,-) 
  m_opact_core/g16066__5477/Y -       C0->Y F     OAI211X1       1  0.3    27    24     595    (-,-) 
  m_opact_core/g16047__1617/Y -       A->Y  F     CLKMX2X2       1 50.0   181   142     737    (-,-) 
  R[11]                       -       -     F     (port)         -    -     -     0     737    (-,-) 
#----------------------------------------------------------------------------------------------------



Path 7: MET (24 ps) Late External Delay Assertion at pin R[8]
          Group: vclk
     Startpoint: (F) B[2]
          Clock: (R) vclk
       Endpoint: (F) R[8]
          Clock: (R) vclk

                     Capture       Launch     
        Clock Edge:+    1000            0     
        Drv Adjust:+       0            0     
       Src Latency:+       0            0     
       Net Latency:+       0 (I)        0 (I) 
           Arrival:=    1000            0     
                                              
      Output Delay:-     200                  
       Uncertainty:-      50                  
     Required Time:=     750                  
      Launch Clock:-       0                  
       Input Delay:-     200                  
         Data Path:-     526                  
             Slack:=      24                  

Exceptions/Constraints:
  input_delay              200             opact_UINT8.sdc_line_14_13_1 
  output_delay             200             opact_UINT8.sdc_line_15_27_1 

#----------------------------------------------------------------------------------------------------
#        Timing Point         Flags   Arc   Edge   Cell     Fanout Load Trans Delay Arrival Instance 
#                                                                  (fF)  (ps)  (ps)   (ps)  Location 
#----------------------------------------------------------------------------------------------------
  B[2]                        -       -     F     (arrival)      8  4.2     0     0     200    (-,-) 
  m_opact_core/g16441__1617/Y -       A->Y  R     NAND2X2        3  1.1     7     8     208    (-,-) 
  m_opact_core/g16397__5477/Y -       A->Y  F     XNOR2X1        3  1.0    11    45     253    (-,-) 
  m_opact_core/g16518__1881/Y -       A1->Y F     AO21XL         1  0.2     5    26     279    (-,-) 
  m_opact_core/g16324__9315/Y -       B->Y  R     NOR2XL         1  0.6    20    15     294    (-,-) 
  m_opact_core/g16296__1666/Y -       B->Y  F     XNOR2X1        1  0.5     8    32     326    (-,-) 
  m_opact_core/g16277__1705/Y -       S0->Y F     MXI2XL         1  0.5    22    22     348    (-,-) 
  m_opact_core/g16219__2346/Y -       B->Y  R     XNOR2X1        1  0.6     8    37     385    (-,-) 
  m_opact_core/g16186__7410/Y -       B->Y  F     XNOR2X1        1  0.5     8    31     416    (-,-) 
  m_opact_core/g16154__5477/Y -       B->Y  R     XNOR2X1       11  4.3    33    49     464    (-,-) 
  m_opact_core/g16147/Y       -       A->Y  F     INVX1          4  1.3    16    19     483    (-,-) 
  m_opact_core/g16119__2883/Y -       A->Y  R     NAND2XL        1  0.5    12    14     497    (-,-) 
  m_opact_core/g16107__1705/Y -       C0->Y F     OAI211X1       2  0.5    30    26     523    (-,-) 
  m_opact_core/g16097__5107/Y -       B->Y  R     NOR2XL         2  0.9    28    27     550    (-,-) 
  m_opact_core/g16085__7482/Y -       B0->Y F     AOI21XL        1  0.2    17    15     564    (-,-) 
  m_opact_core/g16065__6417/Y -       B->Y  F     OR2XL          1  0.3     6    23     588    (-,-) 
  m_opact_core/g16055__5115/Y -       B->Y  F     CLKMX2X2       1 50.0   181   138     726    (-,-) 
  R[8]                        -       -     F     (port)         -    -     -     0     726    (-,-) 
#----------------------------------------------------------------------------------------------------



Path 8: MET (24 ps) Late External Delay Assertion at pin R[13]
          Group: vclk
     Startpoint: (R) B[3]
          Clock: (R) vclk
       Endpoint: (F) R[13]
          Clock: (R) vclk

                     Capture       Launch     
        Clock Edge:+    1000            0     
        Drv Adjust:+       0            0     
       Src Latency:+       0            0     
       Net Latency:+       0 (I)        0 (I) 
           Arrival:=    1000            0     
                                              
      Output Delay:-     200                  
       Uncertainty:-      50                  
     Required Time:=     750                  
      Launch Clock:-       0                  
       Input Delay:-     200                  
         Data Path:-     526                  
             Slack:=      24                  

Exceptions/Constraints:
  input_delay              200             opact_UINT8.sdc_line_14_12_1 
  output_delay             200             opact_UINT8.sdc_line_15_22_1 

#-----------------------------------------------------------------------------------------------------
#        Timing Point         Flags    Arc   Edge   Cell     Fanout Load Trans Delay Arrival Instance 
#                                                                   (fF)  (ps)  (ps)   (ps)  Location 
#-----------------------------------------------------------------------------------------------------
  B[3]                        -       -      R     (arrival)      9  4.5     0     0     200    (-,-) 
  m_opact_core/g16427__2883/Y -       A->Y   F     NAND2X1        1  0.3    10    11     211    (-,-) 
  m_opact_core/g16396__6417/Y -       A->Y   R     XNOR2X1        3  1.4    13    45     256    (-,-) 
  m_opact_core/g16348__8246/Y -       A1N->Y R     OAI2BB1X1      1  0.5     8    27     282    (-,-) 
  m_opact_core/g16335__6260/Y -       B->Y   F     NOR2X1         1  0.5    10     9     291    (-,-) 
  m_opact_core/g16316__1881/Y -       B->Y   R     XNOR2XL        1  0.6    10    33     324    (-,-) 
  m_opact_core/g16286__5115/Y -       B->Y   F     XNOR2XL        1  0.5     8    28     352    (-,-) 
  m_opact_core/g16243__5122/Y -       B->Y   R     XNOR2X1        2  1.1    11    37     389    (-,-) 
  m_opact_core/g16199__6783/Y -       B->Y   F     XNOR2X1        6  2.4    20    38     427    (-,-) 
  m_opact_core/g16182__9945/Y -       B->Y   R     NAND2XL        2  0.6    13    14     442    (-,-) 
  m_opact_core/g16141__1881/Y -       B->Y   F     NAND2XL        1  0.3    13    14     455    (-,-) 
  m_opact_core/g16115__4733/Y -       A1N->Y F     OAI2BB1X1      2  0.6    17    24     479    (-,-) 
  m_opact_core/g16103__6783/Y -       B->Y   R     NAND2XL        1  0.5    13    13     492    (-,-) 
  m_opact_core/g16093__7410/Y -       C0->Y  F     OAI211X1       2  1.0    38    31     524    (-,-) 
  m_opact_core/g16069__6260/Y -       B->Y   F     XNOR2X1        2  0.7     9    36     560    (-,-) 
  m_opact_core/g16057__4733/Y -       B0->Y  R     OAI2BB1X1      1  0.3     7    10     570    (-,-) 
  m_opact_core/g16050__5122/Y -       B0->Y  F     OAI21XL        1  0.3    17    16     586    (-,-) 
  m_opact_core/g16043__5526/Y -       C->Y   F     MX3X2          1 50.0   186   140     726    (-,-) 
  R[13]                       -       -      F     (port)         -    -     -     0     726    (-,-) 
#-----------------------------------------------------------------------------------------------------



Path 9: MET (57 ps) Late External Delay Assertion at pin R[7]
          Group: vclk
     Startpoint: (R) Conf_Bit_Mask[3]
          Clock: (R) vclk
       Endpoint: (F) R[7]
          Clock: (R) vclk

                     Capture       Launch     
        Clock Edge:+    1000            0     
        Drv Adjust:+       0            0     
       Src Latency:+       0            0     
       Net Latency:+       0 (I)        0 (I) 
           Arrival:=    1000            0     
                                              
      Output Delay:-     200                  
       Uncertainty:-      50                  
     Required Time:=     750                  
      Launch Clock:-       0                  
       Input Delay:-     200                  
         Data Path:-     493                  
             Slack:=      57                  

Exceptions/Constraints:
  input_delay              200             opact_UINT8.sdc_line_14_18_1 
  output_delay             200             opact_UINT8.sdc_line_15_28_1 

#----------------------------------------------------------------------------------------------------
#        Timing Point         Flags   Arc   Edge   Cell     Fanout Load Trans Delay Arrival Instance 
#                                                                  (fF)  (ps)  (ps)   (ps)  Location 
#----------------------------------------------------------------------------------------------------
  Conf_Bit_Mask[3]            -       -     R     (arrival)      6  3.3     0     0     200    (-,-) 
  m_opact_core/g16507/Y       -       A->Y  F     INVX2          3  1.2     5     6     206    (-,-) 
  m_opact_core/g16481__8246/Y -       B->Y  R     NAND2X1        4  2.0    17    13     220    (-,-) 
  m_opact_core/g16369__5107/Y -       B->Y  F     NOR2X1         2  0.7     9    12     232    (-,-) 
  m_opact_core/g16514__5122/Y -       AN->Y F     NOR2BX1        2  0.6    10    20     252    (-,-) 
  m_opact_core/g16347/Y       -       A->Y  R     INVXL          1  0.5     8    10     261    (-,-) 
  m_opact_core/g16325__9945/Y -       B0->Y F     OAI211X1       1  0.3    26    26     288    (-,-) 
  m_opact_core/g16304__8428/Y -       A->Y  R     NOR2XL         1  0.5    18    22     310    (-,-) 
  m_opact_core/g16284__1881/Y -       A1->Y F     OAI21X1        3  1.1    26    23     332    (-,-) 
  m_opact_core/g16273__1617/Y -       B->Y  R     NOR2X1         3  1.4    27    25     357    (-,-) 
  m_opact_core/g16187__6417/Y -       B0->Y F     OAI211X1       3  0.8    35    37     394    (-,-) 
  m_opact_core/g16170__5122/Y -       B->Y  R     NOR2XL         1  0.6    22    25     419    (-,-) 
  m_opact_core/g16153__6417/Y -       B->Y  R     XNOR2X1        2  0.9    10    29     448    (-,-) 
  m_opact_core/g16133__1617/Y -       B->Y  R     AND2XL         2  1.2    17    27     475    (-,-) 
  m_opact_core/g16100__4319/Y -       B->Y  F     XNOR2X1        3  1.3    13    34     509    (-,-) 
  m_opact_core/g16086__4733/Y -       B->Y  R     NOR2X1         3  1.2    22    19     528    (-,-) 
  m_opact_core/g16068__5107/Y -       A1->Y F     AOI21XL        1  0.3    19    22     550    (-,-) 
  m_opact_core/g16051__8246/Y -       A1->Y F     AO22X2         1 50.0   181   143     693    (-,-) 
  R[7]                        -       -     F     (port)         -    -     -     0     693    (-,-) 
#----------------------------------------------------------------------------------------------------



Path 10: MET (73 ps) Late External Delay Assertion at pin R[6]
          Group: vclk
     Startpoint: (R) Conf_Bit_Mask[3]
          Clock: (R) vclk
       Endpoint: (F) R[6]
          Clock: (R) vclk

                     Capture       Launch     
        Clock Edge:+    1000            0     
        Drv Adjust:+       0            0     
       Src Latency:+       0            0     
       Net Latency:+       0 (I)        0 (I) 
           Arrival:=    1000            0     
                                              
      Output Delay:-     200                  
       Uncertainty:-      50                  
     Required Time:=     750                  
      Launch Clock:-       0                  
       Input Delay:-     200                  
         Data Path:-     477                  
             Slack:=      73                  

Exceptions/Constraints:
  input_delay              200             opact_UINT8.sdc_line_14_18_1 
  output_delay             200             opact_UINT8.sdc_line_15_29_1 

#-----------------------------------------------------------------------------------------------------
#        Timing Point         Flags    Arc   Edge   Cell     Fanout Load Trans Delay Arrival Instance 
#                                                                   (fF)  (ps)  (ps)   (ps)  Location 
#-----------------------------------------------------------------------------------------------------
  Conf_Bit_Mask[3]            -       -      R     (arrival)      6  3.3     0     0     200    (-,-) 
  m_opact_core/g16507/Y       -       A->Y   F     INVX2          3  1.2     5     6     206    (-,-) 
  m_opact_core/g16481__8246/Y -       B->Y   R     NAND2X1        4  2.0    17    13     220    (-,-) 
  m_opact_core/g16369__5107/Y -       B->Y   F     NOR2X1         2  0.7     9    12     232    (-,-) 
  m_opact_core/g16514__5122/Y -       AN->Y  F     NOR2BX1        2  0.6    10    20     252    (-,-) 
  m_opact_core/g16347/Y       -       A->Y   R     INVXL          1  0.5     8    10     261    (-,-) 
  m_opact_core/g16325__9945/Y -       B0->Y  F     OAI211X1       1  0.3    26    26     288    (-,-) 
  m_opact_core/g16304__8428/Y -       A->Y   R     NOR2XL         1  0.5    18    22     310    (-,-) 
  m_opact_core/g16284__1881/Y -       A1->Y  F     OAI21X1        3  1.1    26    23     332    (-,-) 
  m_opact_core/g16273__1617/Y -       B->Y   R     NOR2X1         3  1.4    27    25     357    (-,-) 
  m_opact_core/g16187__6417/Y -       B0->Y  F     OAI211X1       3  0.8    35    37     394    (-,-) 
  m_opact_core/g16170__5122/Y -       B->Y   R     NOR2XL         1  0.6    22    25     419    (-,-) 
  m_opact_core/g16153__6417/Y -       B->Y   F     XNOR2X1        2  0.8    10    34     453    (-,-) 
  m_opact_core/g16133__1617/Y -       B->Y   F     AND2XL         2  1.0    13    20     472    (-,-) 
  m_opact_core/g16100__4319/Y -       B->Y   R     XNOR2X1        3  1.6    15    39     512    (-,-) 
  m_opact_core/g16087__6161/Y -       B->Y   F     NOR2X1         3  1.0    18    12     524    (-,-) 
  m_opact_core/g16067__2398/Y -       A1N->Y F     OAI2BB1X1      1  0.2    12    22     546    (-,-) 
  m_opact_core/g16062__2346/Y -       B->Y   F     OR2X2          1 50.0   180   131     677    (-,-) 
  R[6]                        -       -      F     (port)         -    -     -     0     677    (-,-) 
#-----------------------------------------------------------------------------------------------------



Path 11: MET (138 ps) Late External Delay Assertion at pin R[5]
          Group: vclk
     Startpoint: (R) Conf_Bit_Mask[3]
          Clock: (R) vclk
       Endpoint: (F) R[5]
          Clock: (R) vclk

                     Capture       Launch     
        Clock Edge:+    1000            0     
        Drv Adjust:+       0            0     
       Src Latency:+       0            0     
       Net Latency:+       0 (I)        0 (I) 
           Arrival:=    1000            0     
                                              
      Output Delay:-     200                  
       Uncertainty:-      50                  
     Required Time:=     750                  
      Launch Clock:-       0                  
       Input Delay:-     200                  
         Data Path:-     412                  
             Slack:=     138                  

Exceptions/Constraints:
  input_delay              200             opact_UINT8.sdc_line_14_18_1 
  output_delay             200             opact_UINT8.sdc_line_15_30_1 

#----------------------------------------------------------------------------------------------------
#        Timing Point         Flags   Arc   Edge   Cell     Fanout Load Trans Delay Arrival Instance 
#                                                                  (fF)  (ps)  (ps)   (ps)  Location 
#----------------------------------------------------------------------------------------------------
  Conf_Bit_Mask[3]            -       -     R     (arrival)      6  3.3     0     0     200    (-,-) 
  m_opact_core/g16507/Y       -       A->Y  F     INVX2          3  1.2     5     6     206    (-,-) 
  m_opact_core/g16481__8246/Y -       B->Y  R     NAND2X1        4  2.0    17    13     220    (-,-) 
  m_opact_core/g16369__5107/Y -       B->Y  F     NOR2X1         2  0.7     9    12     232    (-,-) 
  m_opact_core/g16514__5122/Y -       AN->Y F     NOR2BX1        2  0.6    10    20     252    (-,-) 
  m_opact_core/g16347/Y       -       A->Y  R     INVXL          1  0.5     8    10     261    (-,-) 
  m_opact_core/g16325__9945/Y -       B0->Y F     OAI211X1       1  0.3    26    26     288    (-,-) 
  m_opact_core/g16304__8428/Y -       A->Y  R     NOR2XL         1  0.5    18    22     310    (-,-) 
  m_opact_core/g16284__1881/Y -       A1->Y F     OAI21X1        3  1.1    26    23     332    (-,-) 
  m_opact_core/g16273__1617/Y -       B->Y  R     NOR2X1         3  1.4    27    25     357    (-,-) 
  m_opact_core/g16187__6417/Y -       B0->Y F     OAI211X1       3  0.8    35    37     394    (-,-) 
  m_opact_core/g16170__5122/Y -       B->Y  R     NOR2XL         1  0.6    22    25     419    (-,-) 
  m_opact_core/g16153__6417/Y -       B->Y  R     XNOR2X1        2  0.9    10    29     448    (-,-) 
  m_opact_core/g16099__6260/Y -       S0->Y F     MX3X2          1 50.0   186   164     612    (-,-) 
  R[5]                        -       -     F     (port)         -    -     -     0     612    (-,-) 
#----------------------------------------------------------------------------------------------------



Path 12: MET (203 ps) Late External Delay Assertion at pin R[4]
          Group: vclk
     Startpoint: (F) Conf_Bit_Mask[2]
          Clock: (R) vclk
       Endpoint: (F) R[4]
          Clock: (R) vclk

                     Capture       Launch     
        Clock Edge:+    1000            0     
        Drv Adjust:+       0            0     
       Src Latency:+       0            0     
       Net Latency:+       0 (I)        0 (I) 
           Arrival:=    1000            0     
                                              
      Output Delay:-     200                  
       Uncertainty:-      50                  
     Required Time:=     750                  
      Launch Clock:-       0                  
       Input Delay:-     200                  
         Data Path:-     347                  
             Slack:=     203                  

Exceptions/Constraints:
  input_delay              200             opact_UINT8.sdc_line_14_19_1 
  output_delay             200             opact_UINT8.sdc_line_15_31_1 

#-----------------------------------------------------------------------------------------------------
#        Timing Point         Flags    Arc   Edge   Cell     Fanout Load Trans Delay Arrival Instance 
#                                                                   (fF)  (ps)  (ps)   (ps)  Location 
#-----------------------------------------------------------------------------------------------------
  Conf_Bit_Mask[2]            -       -      F     (arrival)     13  4.9     0     0     200    (-,-) 
  m_opact_core/g16434__5107/Y -       A->Y   R     NOR2X1         3  1.3    22    18     218    (-,-) 
  m_opact_core/g16404__8428/Y -       B->Y   R     AND2XL         3  1.1    16    28     246    (-,-) 
  m_opact_core/g16371__6260/Y -       B->Y   F     NOR2XL         1  0.4    10    12     258    (-,-) 
  m_opact_core/g16326__2883/Y -       C0->Y  R     AOI221X1       1  0.3    29    23     281    (-,-) 
  m_opact_core/g16309__2802/Y -       B0->Y  F     OAI21XL        2  0.5    23    26     307    (-,-) 
  m_opact_core/g16288__4733/Y -       A1N->Y F     OAI2BB1X1      8  2.8    42    40     347    (-,-) 
  m_opact_core/g16244__8246/Y -       A0N->Y F     AOI2BB1XL      4  1.4    18    36     383    (-,-) 
  m_opact_core/g16213__7482/Y -       B->Y   R     NAND2XL        1  0.3    13    12     395    (-,-) 
  m_opact_core/g16164__3680/Y -       B0->Y  F     OAI21XL        1  0.2    15    17     412    (-,-) 
  m_opact_core/g16150__2346/Y -       B0->Y  F     AO21X2         1 50.0   180   135     547    (-,-) 
  R[4]                        -       -      F     (port)         -    -     -     0     547    (-,-) 
#-----------------------------------------------------------------------------------------------------



Path 13: MET (223 ps) Late External Delay Assertion at pin R[2]
          Group: vclk
     Startpoint: (R) Conf_Bit_Mask[3]
          Clock: (R) vclk
       Endpoint: (F) R[2]
          Clock: (R) vclk

                     Capture       Launch     
        Clock Edge:+    1000            0     
        Drv Adjust:+       0            0     
       Src Latency:+       0            0     
       Net Latency:+       0 (I)        0 (I) 
           Arrival:=    1000            0     
                                              
      Output Delay:-     200                  
       Uncertainty:-      50                  
     Required Time:=     750                  
      Launch Clock:-       0                  
       Input Delay:-     200                  
         Data Path:-     327                  
             Slack:=     223                  

Exceptions/Constraints:
  input_delay              200             opact_UINT8.sdc_line_14_18_1 
  output_delay             200             opact_UINT8.sdc_line_15_33_1 

#----------------------------------------------------------------------------------------------------
#        Timing Point         Flags   Arc   Edge   Cell     Fanout Load Trans Delay Arrival Instance 
#                                                                  (fF)  (ps)  (ps)   (ps)  Location 
#----------------------------------------------------------------------------------------------------
  Conf_Bit_Mask[3]            -       -     R     (arrival)      6  3.3     0     0     200    (-,-) 
  m_opact_core/g16507/Y       -       A->Y  F     INVX2          3  1.2     5     6     206    (-,-) 
  m_opact_core/g16481__8246/Y -       B->Y  R     NAND2X1        4  2.0    17    13     220    (-,-) 
  m_opact_core/g16369__5107/Y -       B->Y  F     NOR2X1         2  0.7     9    12     232    (-,-) 
  m_opact_core/g16514__5122/Y -       AN->Y F     NOR2BX1        2  0.6    10    20     252    (-,-) 
  m_opact_core/g16347/Y       -       A->Y  R     INVXL          1  0.5     8    10     261    (-,-) 
  m_opact_core/g16325__9945/Y -       B0->Y F     OAI211X1       1  0.3    26    26     288    (-,-) 
  m_opact_core/g16304__8428/Y -       A->Y  R     NOR2XL         1  0.5    18    22     310    (-,-) 
  m_opact_core/g16284__1881/Y -       A1->Y F     OAI21X1        3  1.1    26    23     332    (-,-) 
  m_opact_core/g16273__1617/Y -       B->Y  R     NOR2X1         3  1.4    27    25     357    (-,-) 
  m_opact_core/g16251__5115/Y -       B0->Y F     AOI21XL        1  0.3    18    15     372    (-,-) 
  m_opact_core/g16200__3680/Y -       A->Y  F     OR3X2          1 50.0   184   155     527    (-,-) 
  R[2]                        -       -     F     (port)         -    -     -     0     527    (-,-) 
#----------------------------------------------------------------------------------------------------



Path 14: MET (242 ps) Late External Delay Assertion at pin R[3]
          Group: vclk
     Startpoint: (R) B[2]
          Clock: (R) vclk
       Endpoint: (F) R[3]
          Clock: (R) vclk

                     Capture       Launch     
        Clock Edge:+    1000            0     
        Drv Adjust:+       0            0     
       Src Latency:+       0            0     
       Net Latency:+       0 (I)        0 (I) 
           Arrival:=    1000            0     
                                              
      Output Delay:-     200                  
       Uncertainty:-      50                  
     Required Time:=     750                  
      Launch Clock:-       0                  
       Input Delay:-     200                  
         Data Path:-     308                  
             Slack:=     242                  

Exceptions/Constraints:
  input_delay              200             opact_UINT8.sdc_line_14_13_1 
  output_delay             200             opact_UINT8.sdc_line_15_32_1 

#----------------------------------------------------------------------------------------------------
#        Timing Point         Flags   Arc   Edge   Cell     Fanout Load Trans Delay Arrival Instance 
#                                                                  (fF)  (ps)  (ps)   (ps)  Location 
#----------------------------------------------------------------------------------------------------
  B[2]                        -       -     R     (arrival)      8  5.0     0     0     200    (-,-) 
  m_opact_core/g16438__5526/Y -       A->Y  F     NAND2X1        3  0.9    17    15     215    (-,-) 
  m_opact_core/g16395__7410/Y -       A->Y  R     XNOR2X1        2  1.1    11    45     260    (-,-) 
  m_opact_core/g16339__5526/Y -       B->Y  F     XNOR2X1        2  0.9    10    32     292    (-,-) 
  m_opact_core/g16295__2346/Y -       B->Y  R     XNOR2X1        2  0.6     8    35     327    (-,-) 
  m_opact_core/g16240__1617/Y -       A->Y  F     XNOR2X1        1  0.3     6    43     370    (-,-) 
  m_opact_core/g16196__8428/Y -       B->Y  F     CLKMX2X2       1 50.0   181   138     508    (-,-) 
  R[3]                        -       -     F     (port)         -    -     -     0     508    (-,-) 
#----------------------------------------------------------------------------------------------------



Path 15: MET (398 ps) Late External Delay Assertion at pin R[1]
          Group: vclk
     Startpoint: (F) B[1]
          Clock: (R) vclk
       Endpoint: (F) R[1]
          Clock: (R) vclk

                     Capture       Launch     
        Clock Edge:+    1000            0     
        Drv Adjust:+       0            0     
       Src Latency:+       0            0     
       Net Latency:+       0 (I)        0 (I) 
           Arrival:=    1000            0     
                                              
      Output Delay:-     200                  
       Uncertainty:-      50                  
     Required Time:=     750                  
      Launch Clock:-       0                  
       Input Delay:-     200                  
         Data Path:-     152                  
             Slack:=     398                  

Exceptions/Constraints:
  input_delay              200             opact_UINT8.sdc_line_14_14_1 
  output_delay             200             opact_UINT8.sdc_line_15_34_1 

#----------------------------------------------------------------------------------------------------
#        Timing Point         Flags   Arc   Edge   Cell     Fanout Load Trans Delay Arrival Instance 
#                                                                  (fF)  (ps)  (ps)   (ps)  Location 
#----------------------------------------------------------------------------------------------------
  B[1]                        -       -     F     (arrival)      9  3.6     0     0     200    (-,-) 
  m_opact_core/g16471__6260/Y -       A->Y  R     NAND2X1        1  0.3     6     7     207    (-,-) 
  m_opact_core/g16460/Y       -       A->Y  F     INVXL          1  0.3     5     7     214    (-,-) 
  m_opact_core/g16205__8246/Y -       B->Y  F     CLKMX2X2       1 50.0   181   138     352    (-,-) 
  R[1]                        -       -     F     (port)         -    -     -     0     352    (-,-) 
#----------------------------------------------------------------------------------------------------



Path 16: MET (425 ps) Late External Delay Assertion at pin R[0]
          Group: vclk
     Startpoint: (R) B[0]
          Clock: (R) vclk
       Endpoint: (R) R[0]
          Clock: (R) vclk

                     Capture       Launch     
        Clock Edge:+    1000            0     
        Drv Adjust:+       0            0     
       Src Latency:+       0            0     
       Net Latency:+       0 (I)        0 (I) 
           Arrival:=    1000            0     
                                              
      Output Delay:-     200                  
       Uncertainty:-      50                  
     Required Time:=     750                  
      Launch Clock:-       0                  
       Input Delay:-     200                  
         Data Path:-     125                  
             Slack:=     425                  

Exceptions/Constraints:
  input_delay              200             opact_UINT8.sdc_line_14_15_1 
  output_delay             200             opact_UINT8.sdc_line_15_35_1 

#----------------------------------------------------------------------------------------------------
#        Timing Point         Flags   Arc   Edge   Cell     Fanout Load Trans Delay Arrival Instance 
#                                                                  (fF)  (ps)  (ps)   (ps)  Location 
#----------------------------------------------------------------------------------------------------
  B[0]                        -       -     R     (arrival)      8  3.8     0     0     200    (-,-) 
  m_opact_core/g16421__5115/Y -       A->Y  R     AND2X2         1 50.0   176   125     325    (-,-) 
  R[0]                        -       -     R     (port)         -    -     -     0     325    (-,-) 
#----------------------------------------------------------------------------------------------------

