============================================================
  Generated by:           Genus(TM) Synthesis Solution 21.10-p002_1
  Generated on:           Jun 19 2026  11:32:43 am
  Module:                 opact_UINT8
  Technology library:     fast_vdd1v0 1.0
  Operating conditions:   PVT_1P1V_0C (balanced_tree)
  Wireload mode:          enclosed
  Area mode:              timing library
============================================================

                                Leakage  
   Gate    Instances   Area   Power (nW)     Library    
--------------------------------------------------------
ADDHX1             1    3.762      0.261    fast_vdd1v0 
AND2X1             1    1.368      0.085    fast_vdd1v0 
AND2X2             2    3.420      0.242    fast_vdd1v0 
AND2XL             8   10.944      0.616    fast_vdd1v0 
AND3XL             1    2.052      0.081    fast_vdd1v0 
AO21X2             1    2.736      0.151    fast_vdd1v0 
AO21XL             1    2.394      0.097    fast_vdd1v0 
AO22X2             1    3.078      0.175    fast_vdd1v0 
AOI211XL           2    4.104      0.160    fast_vdd1v0 
AOI21X1            5    8.550      0.534    fast_vdd1v0 
AOI21XL            7   11.970      0.469    fast_vdd1v0 
AOI221X1           3    7.182      0.446    fast_vdd1v0 
AOI22X1            6   12.312      0.792    fast_vdd1v0 
AOI22XL            1    2.052      0.083    fast_vdd1v0 
AOI2BB1XL          1    2.052      0.117    fast_vdd1v0 
AOI31X1            1    2.052      0.123    fast_vdd1v0 
AOI32X1            2    4.788      0.319    fast_vdd1v0 
CLKBUFX2           2    3.420      0.231    fast_vdd1v0 
CLKMX2X2           4   12.312      0.782    fast_vdd1v0 
CLKXOR2X1          2    5.472      0.358    fast_vdd1v0 
INVX1             24   16.416      1.077    fast_vdd1v0 
INVX2              3    3.078      0.258    fast_vdd1v0 
INVXL             20   13.680      0.666    fast_vdd1v0 
MX2XL              2    4.788      0.284    fast_vdd1v0 
MX3X2              4   21.888      1.135    fast_vdd1v0 
MXI2XL            17   40.698      1.843    fast_vdd1v0 
NAND2BX1           4    5.472      0.415    fast_vdd1v0 
NAND2BXL           6    8.208      0.483    fast_vdd1v0 
NAND2X1           85   87.210      5.893    fast_vdd1v0 
NAND2X2            2    3.420      0.260    fast_vdd1v0 
NAND2XL           23   23.598      1.072    fast_vdd1v0 
NAND3BXL           5    8.550      0.422    fast_vdd1v0 
NAND4XL            9   15.390      0.638    fast_vdd1v0 
NOR2BX1            7    9.576      0.701    fast_vdd1v0 
NOR2X1            31   31.806      2.036    fast_vdd1v0 
NOR2XL            31   31.806      1.407    fast_vdd1v0 
NOR3BX1            2    4.104      0.229    fast_vdd1v0 
NOR3BXL            1    2.052      0.119    fast_vdd1v0 
NOR3X1             1    1.710      0.130    fast_vdd1v0 
NOR4X1             2    3.420      0.314    fast_vdd1v0 
OAI211X1          19   32.490      2.253    fast_vdd1v0 
OAI21X1            6   10.260      0.596    fast_vdd1v0 
OAI21XL            6   10.260      0.378    fast_vdd1v0 
OAI221X1           1    2.394      0.140    fast_vdd1v0 
OAI222X1           1    2.736      0.182    fast_vdd1v0 
OAI22X1            7   14.364      0.785    fast_vdd1v0 
OAI22XL            7   14.364      0.498    fast_vdd1v0 
OAI2BB1X1          9   15.390      1.064    fast_vdd1v0 
OAI31X1            3    6.156      0.357    fast_vdd1v0 
OAI32X1            1    2.394      0.141    fast_vdd1v0 
OAI33X1            1    2.736      0.214    fast_vdd1v0 
OR2X1              1    1.368      0.095    fast_vdd1v0 
OR2X2              3    5.130      0.430    fast_vdd1v0 
OR2XL              9   12.312      0.737    fast_vdd1v0 
OR3X2              1    2.394      0.156    fast_vdd1v0 
XNOR2X1           60  143.640     10.716    fast_vdd1v0 
XNOR2X2            1    3.078      0.228    fast_vdd1v0 
XNOR2XL            4   10.944      0.693    fast_vdd1v0 
XNOR3X1            1    7.524      0.375    fast_vdd1v0 
XOR2XL             5   13.680      0.835    fast_vdd1v0 
XOR3XL             1    7.524      0.371    fast_vdd1v0 
--------------------------------------------------------
total            478  764.028     46.750                


                                          Leakage  Leakage 
     Type      Instances   Area  Area % Power (nW) Power % 
-----------------------------------------------------------
inverter              47  33.174    4.3      2.002     4.3 
buffer                 2   3.420    0.4      0.231     0.5 
logic                429 727.434   95.2     44.517    95.2 
physical_cells         0   0.000    0.0      0.000     0.0 
-----------------------------------------------------------
total                478 764.028  100.0     46.750   100.0 

