

Working Directory = /home/redhat315bd/physical_design_nipun/Physical_design
QoS Summary for opact_FP32
================================================================================
Metric                          opact_FP32_syn_generic opact_FP32_syn_map
================================================================================
Slack (ps):                    -1,002            -597
  R2R (ps):                  no_value        no_value
  I2R (ps):                  no_value        no_value
  R2O (ps):                  no_value        no_value
  I2O (ps):                    -1,002            -597
  CG  (ps):                  no_value        no_value
TNS (ps):                     -29,391         -18,079
  R2R (ps):                  no_value        no_value
  I2R (ps):                  no_value        no_value
  R2O (ps):                  no_value        no_value
  I2O (ps):                   -29,391         -18,079
  CG  (ps):                  no_value        no_value
Failing Paths:                     31              31
Cell Area:                     15,236           4,743
Total Cell Area:               15,236           4,743
Leaf Instances:                 5,708           2,652
Total Instances:                5,708           2,652
Utilization (%):                 0.00            0.00
Tot. Net Length (um):        no_value        no_value
Avg. Net Length (um):        no_value        no_value
Route Overflow H (%):        no_value        no_value
Route Overflow V (%):        no_value        no_value
MBCI(%) (bits/gate) :            0.00            0.00
Norm Cong Hotspot Area:
  Max Cong:                  no_value        no_value
  Tot Cong:                  no_value        no_value
================================================================================
CPU  Runtime (h:m:s):        00:31:54        00:30:34
Real Runtime (h:m:s):        00:31:50        00:30:26
CPU  Elapsed (h:m:s):        00:31:56        00:32:30
Real Elapsed (h:m:s):        00:31:51        00:32:17
Memory (MB):                  1812.36         1809.69
================================================================================
================================================================================
Flow Settings:
================================================================================
Total Runtime (h:m:s): 00:32:16
Total Memory (MB):     1809.69
Executable Version:    21.10-p002_1
================================================================================
Total Cell Area =  Cell Area + Physical Cell Area
Total Instances =  Leaf Instances + Physical Instances


