============================================================
  Generated by:           Genus(TM) Synthesis Solution 21.10-p002_1
  Generated on:           Jun 19 2026  11:29:04 am
  Module:                 opact_FP32
  Technology library:     fast_vdd1v0 1.0
  Operating conditions:   PVT_1P1V_0C (balanced_tree)
  Wireload mode:          enclosed
  Area mode:              timing library
============================================================

                                  Leakage  
   Gate     Instances    Area   Power (nW)     Library    
----------------------------------------------------------
ADDFX1            189   969.570     63.502    fast_vdd1v0 
ADDFXL              1     6.840      0.302    fast_vdd1v0 
ADDHX1             22    82.764      5.961    fast_vdd1v0 
AND2X1              3     4.104      0.269    fast_vdd1v0 
AND2XL             26    35.568      2.026    fast_vdd1v0 
AO21XL              3     7.182      0.316    fast_vdd1v0 
AOI211X2            2     6.840      0.501    fast_vdd1v0 
AOI21X1            23    39.330      2.306    fast_vdd1v0 
AOI21X2             4    10.944      0.796    fast_vdd1v0 
AOI21XL            29    49.590      2.095    fast_vdd1v0 
AOI221X1            6    14.364      0.865    fast_vdd1v0 
AOI22X1             9    18.468      1.121    fast_vdd1v0 
AOI22XL             8    16.416      0.656    fast_vdd1v0 
AOI2BB1X1           5    10.260      0.482    fast_vdd1v0 
AOI2BB1XL           3     6.156      0.294    fast_vdd1v0 
AOI2BB2X1           1     3.420      0.203    fast_vdd1v0 
AOI31X1             6    12.312      0.695    fast_vdd1v0 
AOI31X2             1     3.420      0.236    fast_vdd1v0 
AOI31XL             1     2.736      0.082    fast_vdd1v0 
BMXIX2              1     7.524      0.362    fast_vdd1v0 
BUFX2              17    29.070      2.020    fast_vdd1v0 
BUFX3               2     4.104      0.343    fast_vdd1v0 
CLKAND2X12          1     7.524      0.774    fast_vdd1v0 
CLKAND2X2          23    47.196      3.382    fast_vdd1v0 
CLKAND2X3           2     6.156      0.463    fast_vdd1v0 
CLKBUFX2            3     5.130      0.358    fast_vdd1v0 
CLKINVX1            4     4.104      0.183    fast_vdd1v0 
CLKINVX12          21    86.184     10.430    fast_vdd1v0 
CLKINVX4            1     1.710      0.159    fast_vdd1v0 
CLKINVX8            8    24.624      2.630    fast_vdd1v0 
CLKXOR2X1           9    24.624      1.623    fast_vdd1v0 
CLKXOR2X2           1     3.420      0.219    fast_vdd1v0 
INVX1             149   101.916      6.847    fast_vdd1v0 
INVX2              11    11.286      0.952    fast_vdd1v0 
INVX3               3     4.104      0.367    fast_vdd1v0 
INVX4               1     1.710      0.154    fast_vdd1v0 
INVXL             148   101.232      4.996    fast_vdd1v0 
MX2XL               9    21.546      1.287    fast_vdd1v0 
MXI2X1              7    19.152      1.028    fast_vdd1v0 
MXI2XL             38    90.972      4.057    fast_vdd1v0 
NAND2BX1           25    34.200      2.657    fast_vdd1v0 
NAND2BXL           41    56.088      3.320    fast_vdd1v0 
NAND2X1           180   184.680     12.488    fast_vdd1v0 
NAND2X2             8    13.680      1.038    fast_vdd1v0 
NAND2XL           245   251.370     11.389    fast_vdd1v0 
NAND3BX1            2     4.104      0.257    fast_vdd1v0 
NAND3BXL           12    20.520      1.091    fast_vdd1v0 
NAND3X1             3     5.130      0.269    fast_vdd1v0 
NAND3X2             2     5.472      0.397    fast_vdd1v0 
NAND3XL             8    13.680      0.436    fast_vdd1v0 
NAND4BX1            1     2.394      0.122    fast_vdd1v0 
NAND4XL             1     1.710      0.062    fast_vdd1v0 
NOR2BX1            25    34.200      2.604    fast_vdd1v0 
NOR2BX2             2     5.472      0.353    fast_vdd1v0 
NOR2BXL             4     6.840      0.303    fast_vdd1v0 
NOR2X1            444   455.544     29.899    fast_vdd1v0 
NOR2X2             12    20.520      1.499    fast_vdd1v0 
NOR2X4              1     3.078      0.291    fast_vdd1v0 
NOR2XL            123   126.198      5.640    fast_vdd1v0 
NOR3BX1             3     6.156      0.382    fast_vdd1v0 
NOR3BX2             1     3.420      0.267    fast_vdd1v0 
NOR3BX4             1     5.814      0.352    fast_vdd1v0 
NOR3BXL             2     4.104      0.172    fast_vdd1v0 
NOR3X1              9    15.390      0.769    fast_vdd1v0 
NOR3XL              2     3.420      0.116    fast_vdd1v0 
OA21X1              4     8.208      0.445    fast_vdd1v0 
OA22X1              1     2.394      0.121    fast_vdd1v0 
OAI211X1          128   218.880     15.218    fast_vdd1v0 
OAI21X1            25    42.750      2.469    fast_vdd1v0 
OAI21X2             2     6.156      0.395    fast_vdd1v0 
OAI21X4             1     4.788      0.367    fast_vdd1v0 
OAI21XL            12    20.520      0.785    fast_vdd1v0 
OAI221X1            7    16.758      1.041    fast_vdd1v0 
OAI222XL            1     2.736      0.118    fast_vdd1v0 
OAI22X1            20    41.040      2.237    fast_vdd1v0 
OAI22XL             7    14.364      0.513    fast_vdd1v0 
OAI2BB1X1          19    32.490      2.170    fast_vdd1v0 
OAI2BB1XL           1     2.052      0.091    fast_vdd1v0 
OAI31X1             3     6.156      0.377    fast_vdd1v0 
OR2X1               5     6.840      0.471    fast_vdd1v0 
OR2X8               1     4.446      0.490    fast_vdd1v0 
OR2XL              21    28.728      1.765    fast_vdd1v0 
XNOR2X1           393   940.842     71.501    fast_vdd1v0 
XNOR3XL             6    45.144      2.198    fast_vdd1v0 
XOR2XL             35    95.760      5.854    fast_vdd1v0 
XOR3XL              2    15.048      0.725    fast_vdd1v0 
----------------------------------------------------------
total            2652  4742.856    310.865                


                                           Leakage  Leakage 
     Type      Instances   Area   Area % Power (nW) Power % 
------------------------------------------------------------
inverter             346  336.870    7.1     26.717     8.6 
buffer                22   38.304    0.8      2.721     0.9 
logic               2284 4367.682   92.1    281.427    90.5 
physical_cells         0    0.000    0.0      0.000     0.0 
------------------------------------------------------------
total               2652 4742.856  100.0    310.865   100.0 

