============================================================
  Generated by:           Genus(TM) Synthesis Solution 21.10-p002_1
  Generated on:           Apr 11 2026  02:51:44 pm
  Module:                 unsigned_int_mul_p_1_L1
  Technology libraries:   fast_vdd1v0 1.0
                          physical_cells 
  Operating conditions:   PVT_1P1V_0C 
  Interconnect mode:      global
  Area mode:              physical library
============================================================

                                  Leakage  
   Gate     Instances    Area   Power (nW)     Library    
----------------------------------------------------------
ACHCONX2            2    25.308      1.208    fast_vdd1v0 
ADDFHX1             4    30.096      1.627    fast_vdd1v0 
ADDFHX2             1     8.208      0.466    fast_vdd1v0 
ADDFX1              3    15.390      1.022    fast_vdd1v0 
ADDHX1              3    11.286      0.814    fast_vdd1v0 
AND2X1             17    23.256      1.446    fast_vdd1v0 
AND2X2              1     1.710      0.124    fast_vdd1v0 
AND2X4              5    13.680      1.117    fast_vdd1v0 
AND2X6              9    33.858      3.205    fast_vdd1v0 
AND2X8              6    26.676      2.605    fast_vdd1v0 
AND3X6              1     4.446      0.393    fast_vdd1v0 
AO21X1              1     2.394      0.120    fast_vdd1v0 
AO22X1              5    13.680      0.639    fast_vdd1v0 
AOI211X4            2    12.996      0.960    fast_vdd1v0 
AOI21X1             2     3.420      0.211    fast_vdd1v0 
AOI21X2            12    32.832      2.359    fast_vdd1v0 
AOI21X4            45   230.850     17.955    fast_vdd1v0 
AOI221X4            1     7.866      0.461    fast_vdd1v0 
AOI22X1             1     2.052      0.133    fast_vdd1v0 
AOI22X2             6    22.572      1.443    fast_vdd1v0 
AOI22X4            11    67.716      5.339    fast_vdd1v0 
AOI2BB1X1           1     2.052      0.116    fast_vdd1v0 
AOI2BB1X2           3     9.234      0.650    fast_vdd1v0 
AOI2BB1X4           7    28.728      2.773    fast_vdd1v0 
AOI31X4             2    12.996      0.934    fast_vdd1v0 
AOI32X1             1     2.394      0.152    fast_vdd1v0 
BUFX16              3    20.520      2.306    fast_vdd1v0 
BUFX2              14    23.940      1.645    fast_vdd1v0 
BUFX20              1     8.208      0.987    fast_vdd1v0 
BUFX3              20    41.040      3.434    fast_vdd1v0 
BUFX4               1     2.394      0.199    fast_vdd1v0 
BUFX6              18    55.404      6.006    fast_vdd1v0 
BUFX8               1     3.762      0.385    fast_vdd1v0 
CLKAND2X12          5    37.620      3.980    fast_vdd1v0 
CLKAND2X2           4     8.208      0.609    fast_vdd1v0 
CLKAND2X3          10    30.780      2.186    fast_vdd1v0 
CLKAND2X6          13    62.244      5.302    fast_vdd1v0 
CLKBUFX2            2     3.420      0.245    fast_vdd1v0 
CLKBUFX3            1     2.052      0.177    fast_vdd1v0 
CLKBUFX6            1     3.078      0.343    fast_vdd1v0 
CLKBUFX8            2     7.524      0.795    fast_vdd1v0 
CLKINVX12          17    69.768      8.260    fast_vdd1v0 
CLKINVX16           1     5.472      0.710    fast_vdd1v0 
CLKINVX3            4     6.840      0.479    fast_vdd1v0 
CLKINVX4           28    47.880      4.819    fast_vdd1v0 
CLKINVX6           37    88.578      9.432    fast_vdd1v0 
CLKINVX8           26    80.028      8.797    fast_vdd1v0 
CLKMX2X3            1     4.104      0.283    fast_vdd1v0 
CLKXOR2X1          16    43.776      2.836    fast_vdd1v0 
CLKXOR2X2           2     6.840      0.435    fast_vdd1v0 
INVX1              37    25.308      1.710    fast_vdd1v0 
INVX2              43    44.118      3.708    fast_vdd1v0 
INVX3              39    53.352      4.760    fast_vdd1v0 
INVX4               6    10.260      0.996    fast_vdd1v0 
INVX6               5    11.970      1.279    fast_vdd1v0 
INVX8               3     9.234      1.000    fast_vdd1v0 
INVXL               4     2.736      0.139    fast_vdd1v0 
MX2X1               2     4.788      0.320    fast_vdd1v0 
MX2XL               1     2.394      0.146    fast_vdd1v0 
MXI2X1              3     8.208      0.454    fast_vdd1v0 
MXI2X2              2     8.892      0.439    fast_vdd1v0 
MXI2XL              1     2.394      0.111    fast_vdd1v0 
NAND2BX1           11    15.048      1.099    fast_vdd1v0 
NAND2BX2           13    31.122      2.105    fast_vdd1v0 
NAND2BX4           19    71.478      5.772    fast_vdd1v0 
NAND2X1            33    33.858      2.310    fast_vdd1v0 
NAND2X2            41    70.110      5.333    fast_vdd1v0 
NAND2X4            67   229.140     17.671    fast_vdd1v0 
NAND2X6            80   383.040     31.451    fast_vdd1v0 
NAND2X8            70   383.040     37.035    fast_vdd1v0 
NAND2XL             6     6.156      0.290    fast_vdd1v0 
NAND3BX1            1     2.052      0.121    fast_vdd1v0 
NAND3BX2            3     9.234      0.627    fast_vdd1v0 
NAND3BX4            2    10.260      0.711    fast_vdd1v0 
NAND3X1             2     3.420      0.175    fast_vdd1v0 
NAND3X2             4    10.944      0.737    fast_vdd1v0 
NAND3X4            11    52.668      3.693    fast_vdd1v0 
NAND3X6             4    28.728      2.084    fast_vdd1v0 
NAND3X8             4    32.832      3.063    fast_vdd1v0 
NAND4BBX4           1     7.866      0.441    fast_vdd1v0 
NOR2BX1             4     5.472      0.422    fast_vdd1v0 
NOR2BX2            15    41.040      2.514    fast_vdd1v0 
NOR2BX4             4    15.048      1.416    fast_vdd1v0 
NOR2BXL             1     1.710      0.070    fast_vdd1v0 
NOR2X1             15    15.390      1.089    fast_vdd1v0 
NOR2X2             30    51.300      4.191    fast_vdd1v0 
NOR2X4             70   215.460     18.834    fast_vdd1v0 
NOR2X6             51   209.304     21.235    fast_vdd1v0 
NOR2X8             42   229.824     24.970    fast_vdd1v0 
NOR2XL              1     1.026      0.039    fast_vdd1v0 
NOR3BX4             1     5.814      0.426    fast_vdd1v0 
NOR3X2              1     2.736      0.170    fast_vdd1v0 
NOR3X4              8    41.040      3.007    fast_vdd1v0 
NOR3X6              8    57.456      4.772    fast_vdd1v0 
NOR3X8              3    26.676      2.119    fast_vdd1v0 
NOR4X1              3     5.130      0.380    fast_vdd1v0 
NOR4XL              1     2.052      0.088    fast_vdd1v0 
OA21X1              1     2.052      0.112    fast_vdd1v0 
OA22X1              1     2.394      0.120    fast_vdd1v0 
OAI211X4            1     6.498      0.482    fast_vdd1v0 
OAI21X1             8    13.680      0.788    fast_vdd1v0 
OAI21X2            18    55.404      3.242    fast_vdd1v0 
OAI21X4            58   277.704     21.281    fast_vdd1v0 
OAI22X1             5    10.260      0.582    fast_vdd1v0 
OAI22X2             5    17.100      1.106    fast_vdd1v0 
OAI22X4             6    38.988      2.799    fast_vdd1v0 
OAI2BB1X1           7    11.970      0.794    fast_vdd1v0 
OAI2BB1X2           5    15.390      0.903    fast_vdd1v0 
OAI2BB1X4          11    48.906      3.639    fast_vdd1v0 
OAI2BB2X2           1     5.472      0.297    fast_vdd1v0 
OAI2BB2X4           1     8.550      0.502    fast_vdd1v0 
OAI31X4             1     6.840      0.551    fast_vdd1v0 
OR2X1               9    12.312      0.872    fast_vdd1v0 
OR2X2               3     5.130      0.409    fast_vdd1v0 
OR2X4               1     2.736      0.245    fast_vdd1v0 
OR2X6               7    26.334      2.682    fast_vdd1v0 
OR2XL               1     1.368      0.087    fast_vdd1v0 
OR3X6               1     4.788      0.394    fast_vdd1v0 
XNOR2X1            20    47.880      3.691    fast_vdd1v0 
XNOR2X2             2     6.156      0.408    fast_vdd1v0 
XNOR2X4             1     3.762      0.327    fast_vdd1v0 
XNOR3X1             9    67.716      3.517    fast_vdd1v0 
XNOR3XL             9    67.716      3.310    fast_vdd1v0 
XOR3X1              4    30.096      1.586    fast_vdd1v0 
XOR3XL              2    15.048      0.727    fast_vdd1v0 
----------------------------------------------------------
total            1354  4612.554    383.898                


                                           Leakage  Leakage 
     Type      Instances   Area   Area % Power (nW) Power % 
------------------------------------------------------------
inverter             250  455.544    9.9     46.089    12.0 
buffer                64  171.342    3.7     16.522     4.3 
logic               1040 3985.668   86.4    321.287    83.7 
physical_cells         0    0.000    0.0      0.000     0.0 
------------------------------------------------------------
total               1354 4612.554  100.0    383.898   100.0 

