

Working Directory = /home/redhat315bd/physical_design_nipun/Physical_design
QoS Summary for signed_int_mul_p_1_L2
================================================================================
Metric                          signed_int_mul_p_1_L2_syn_generic
================================================================================
Slack (ps):                      -935
  R2R (ps):                  no_value
  I2R (ps):                  no_value
  R2O (ps):                  no_value
  I2O (ps):                      -935
  CG  (ps):                  no_value
TNS (ps):                     -13,826
  R2R (ps):                  no_value
  I2R (ps):                  no_value
  R2O (ps):                  no_value
  I2O (ps):                   -13,826
  CG  (ps):                  no_value
Failing Paths:                     16
Cell Area:                      5,144
Total Cell Area:                5,144
Leaf Instances:                 1,926
Total Instances:                1,926
Utilization (%):                 0.00
Tot. Net Length (um):        no_value
Avg. Net Length (um):        no_value
Route Overflow H (%):        no_value
Route Overflow V (%):        no_value
MBCI(%) (bits/gate) :            0.00
Norm Cong Hotspot Area:
  Max Cong:                  no_value
  Tot Cong:                  no_value
================================================================================
CPU  Runtime (h:m:s):        00:30:21
Real Runtime (h:m:s):        00:30:21
CPU  Elapsed (h:m:s):        00:30:24
Real Elapsed (h:m:s):        00:30:22
Memory (MB):                  1653.93
================================================================================
================================================================================
Flow Settings:
================================================================================
Total Runtime (h:m:s): 00:30:22
Total Memory (MB):     1653.93
Executable Version:    21.10-p002_1
================================================================================
Total Cell Area =  Cell Area + Physical Cell Area
Total Instances =  Leaf Instances + Physical Instances


