============================================================
  Generated by:           Genus(TM) Synthesis Solution 21.10-p002_1
  Generated on:           Apr 11 2026  03:41:44 pm
  Module:                 signed_int_mul_p_1_L2
  Technology libraries:   fast_vdd1v0 1.0
                          physical_cells 
  Operating conditions:   PVT_1P1V_0C 
  Interconnect mode:      global
  Area mode:              physical library
============================================================

Timing
--------

Clock Period 
-------------
VCLK  1000.0 


  Cost    Critical              Violating 
 Group   Path Slack     TNS       Paths   
------------------------------------------
default    No paths        0.0            
VCLK         -934.9   -13825.7         16 
------------------------------------------
Total                 -13825.7         16 

Instance Count
--------------
Leaf Instance Count             1926 
Physical Instance count            0 
Sequential Instance Count          0 
Combinational Instance Count    1926 
Hierarchical Instance Count       12 

Area
----
Cell Area                          5131.803
Physical Cell Area                 0.000
Total Cell Area (Cell+Physical)    5131.803
Net Area                           11.860
Total Area (Cell+Physical+Net)     5143.663

Runtime                            0.0 seconds
Elapsed Runtime                    25 seconds
Genus peak memory usage            1653.93 
Innovus peak memory usage          no_value 
Hostname                           redhat315b
