============================================================
  Generated by:           Genus(TM) Synthesis Solution 21.10-p002_1
  Generated on:           Jun 19 2026  11:35:04 am
  Module:                 scaletrim_Fixed8
  Technology library:     fast_vdd1v0 1.0
  Operating conditions:   PVT_1P1V_0C (balanced_tree)
  Wireload mode:          enclosed
  Area mode:              timing library
============================================================

                                 Leakage  
   Gate    Instances    Area   Power (nW)     Library    
---------------------------------------------------------
ADDFX1             2    10.260      0.641    fast_vdd1v0 
AND2X1            11    15.048      0.997    fast_vdd1v0 
AND2X2             1     1.710      0.117    fast_vdd1v0 
AND2XL            14    19.152      1.088    fast_vdd1v0 
AND3XL             2     4.104      0.155    fast_vdd1v0 
AO21XL             1     2.394      0.103    fast_vdd1v0 
AOI211X1           1     2.394      0.153    fast_vdd1v0 
AOI21X1           21    35.910      2.359    fast_vdd1v0 
AOI21X2            7    19.152      1.348    fast_vdd1v0 
AOI21XL           14    23.940      1.055    fast_vdd1v0 
AOI22X1            2     4.104      0.263    fast_vdd1v0 
AOI2BB1X1         18    36.936      2.348    fast_vdd1v0 
AOI2BB1X2          1     3.078      0.185    fast_vdd1v0 
AOI2BB1XL         13    26.676      1.452    fast_vdd1v0 
AOI31X1            1     2.052      0.123    fast_vdd1v0 
BUFX12             1     5.130      0.613    fast_vdd1v0 
BUFX16             2    13.680      1.679    fast_vdd1v0 
BUFX2              6    10.260      0.729    fast_vdd1v0 
BUFX3              1     2.052      0.168    fast_vdd1v0 
BUFX6              1     3.078      0.317    fast_vdd1v0 
CLKAND2X2          1     2.052      0.123    fast_vdd1v0 
CLKAND2X3          1     3.078      0.203    fast_vdd1v0 
CLKBUFX12          2    10.260      1.243    fast_vdd1v0 
CLKBUFX2          12    20.520      1.421    fast_vdd1v0 
CLKINVX1           1     1.026      0.044    fast_vdd1v0 
CLKINVX12          4    16.416      1.975    fast_vdd1v0 
CLKINVX4           2     3.420      0.334    fast_vdd1v0 
CLKINVX6           2     4.788      0.500    fast_vdd1v0 
CLKINVX8           3     9.234      0.978    fast_vdd1v0 
CLKXOR2X1          4    10.944      0.725    fast_vdd1v0 
CLKXOR2X2          1     3.420      0.228    fast_vdd1v0 
INVX1             74    50.616      3.437    fast_vdd1v0 
INVX2              7     7.182      0.613    fast_vdd1v0 
INVX3              2     2.736      0.241    fast_vdd1v0 
INVXL            149   101.916      5.056    fast_vdd1v0 
MX2XL              1     2.394      0.149    fast_vdd1v0 
MXI2X1             8    21.888      1.147    fast_vdd1v0 
MXI2X6             1     5.130      0.431    fast_vdd1v0 
MXI2X8             3    18.468      1.555    fast_vdd1v0 
MXI2XL            19    45.486      2.062    fast_vdd1v0 
NAND2BX1          27    36.936      2.886    fast_vdd1v0 
NAND2BX2           1     2.394      0.184    fast_vdd1v0 
NAND2BXL          42    57.456      3.380    fast_vdd1v0 
NAND2X1           92    94.392      6.422    fast_vdd1v0 
NAND2X2           41    70.110      5.424    fast_vdd1v0 
NAND2X4            5    15.732      1.331    fast_vdd1v0 
NAND2X6            1     4.566      0.398    fast_vdd1v0 
NAND2XL          104   106.704      4.814    fast_vdd1v0 
NAND3BXL          14    23.940      1.199    fast_vdd1v0 
NAND3X1            5     8.550      0.461    fast_vdd1v0 
NAND3X2            5    13.680      0.848    fast_vdd1v0 
NAND3X4            2     9.576      0.620    fast_vdd1v0 
NAND3XL            7    11.970      0.424    fast_vdd1v0 
NOR2BX1           48    65.664      4.862    fast_vdd1v0 
NOR2BXL            5     8.550      0.428    fast_vdd1v0 
NOR2X1            82    84.132      6.246    fast_vdd1v0 
NOR2X2            23    39.330      3.154    fast_vdd1v0 
NOR2X4            11    33.858      2.794    fast_vdd1v0 
NOR2X6             4    16.416      1.552    fast_vdd1v0 
NOR2X8             1     5.472      0.495    fast_vdd1v0 
NOR2XL           113   115.938      5.497    fast_vdd1v0 
NOR3BX1            2     4.104      0.231    fast_vdd1v0 
NOR3BXL            2     4.104      0.159    fast_vdd1v0 
NOR3X1             3     5.130      0.308    fast_vdd1v0 
NOR3XL             5     8.550      0.263    fast_vdd1v0 
NOR4X1             1     1.710      0.080    fast_vdd1v0 
OA21X1             1     2.052      0.110    fast_vdd1v0 
OA22X1             1     2.394      0.121    fast_vdd1v0 
OAI211X1           2     3.420      0.238    fast_vdd1v0 
OAI21X1           23    39.330      2.252    fast_vdd1v0 
OAI21X2            4    12.312      0.722    fast_vdd1v0 
OAI21XL           20    34.200      1.270    fast_vdd1v0 
OAI22X1            1     2.052      0.115    fast_vdd1v0 
OAI22XL            1     2.052      0.073    fast_vdd1v0 
OAI2BB1X1         29    49.590      3.399    fast_vdd1v0 
OAI2BB1XL          3     6.156      0.282    fast_vdd1v0 
OAI31X2            1     3.762      0.234    fast_vdd1v0 
OAI31XL            1     2.394      0.074    fast_vdd1v0 
OR2X1              8    10.944      0.779    fast_vdd1v0 
OR2XL             19    25.992      1.696    fast_vdd1v0 
OR4X1              2     4.104      0.223    fast_vdd1v0 
XNOR2X1           16    38.304      2.834    fast_vdd1v0 
XNOR2XL            3     8.208      0.527    fast_vdd1v0 
XNOR3XL            1     7.524      0.364    fast_vdd1v0 
XOR2XL            16    43.776      2.666    fast_vdd1v0 
---------------------------------------------------------
total           1215  1729.614    110.801                


                                           Leakage  Leakage 
     Type      Instances   Area   Area % Power (nW) Power % 
------------------------------------------------------------
inverter             244  197.334   11.4     13.178    11.9 
buffer                25   64.980    3.8      6.172     5.6 
logic                946 1467.300   84.8     91.451    82.5 
physical_cells         0    0.000    0.0      0.000     0.0 
------------------------------------------------------------
total               1215 1729.614  100.0    110.801   100.0 

