============================================================
  Generated by:           Genus(TM) Synthesis Solution 21.10-p002_1
  Generated on:           Jun 19 2026  11:32:18 am
  Module:                 opact_int8
  Technology library:     fast_vdd1v0 1.0
  Operating conditions:   PVT_1P1V_0C (balanced_tree)
  Wireload mode:          enclosed
  Area mode:              timing library
============================================================

                                 Leakage  
   Gate    Instances    Area   Power (nW)     Library    
---------------------------------------------------------
AND2X1             2     2.736      0.177    fast_vdd1v0 
AND2X2             1     1.710      0.125    fast_vdd1v0 
AND2XL            18    24.624      1.358    fast_vdd1v0 
AND3XL             2     4.104      0.165    fast_vdd1v0 
AO21XL             3     7.182      0.294    fast_vdd1v0 
AO22XL             2     5.472      0.232    fast_vdd1v0 
AOI211XL           2     4.104      0.114    fast_vdd1v0 
AOI21X1           15    25.650      1.556    fast_vdd1v0 
AOI21X2            1     2.736      0.210    fast_vdd1v0 
AOI21XL           16    27.360      1.045    fast_vdd1v0 
AOI221X1           1     2.394      0.201    fast_vdd1v0 
AOI22X1            1     2.052      0.126    fast_vdd1v0 
AOI22XL            1     2.052      0.088    fast_vdd1v0 
AOI2BB1X1          8    16.416      0.968    fast_vdd1v0 
AOI2BB1XL          9    18.468      0.835    fast_vdd1v0 
AOI31X1            6    12.312      0.803    fast_vdd1v0 
AOI32X1            1     2.394      0.172    fast_vdd1v0 
BUFX12             1     5.130      0.622    fast_vdd1v0 
BUFX16             2    13.680      1.650    fast_vdd1v0 
BUFX2              7    11.970      0.836    fast_vdd1v0 
BUFX3              3     6.156      0.514    fast_vdd1v0 
BUFX6              1     3.078      0.335    fast_vdd1v0 
BUFX8              2     7.524      0.832    fast_vdd1v0 
CLKAND2X2          3     6.156      0.377    fast_vdd1v0 
CLKBUFX2           6    10.260      0.708    fast_vdd1v0 
CLKINVX8           1     3.078      0.331    fast_vdd1v0 
CLKXOR2X1         17    46.512      3.123    fast_vdd1v0 
CLKXOR2X2          2     6.840      0.446    fast_vdd1v0 
INVX1             44    30.096      1.982    fast_vdd1v0 
INVX2             11    11.286      0.916    fast_vdd1v0 
INVXL             75    51.300      2.539    fast_vdd1v0 
MX2XL              3     7.182      0.422    fast_vdd1v0 
MXI2X1             5    13.680      0.716    fast_vdd1v0 
MXI2X6             1     5.130      0.443    fast_vdd1v0 
MXI2XL            37    88.578      4.041    fast_vdd1v0 
NAND2BX1          16    21.888      1.715    fast_vdd1v0 
NAND2BX2           2     4.788      0.316    fast_vdd1v0 
NAND2BXL          25    34.200      2.046    fast_vdd1v0 
NAND2X1           67    68.742      4.615    fast_vdd1v0 
NAND2X2           21    35.910      2.808    fast_vdd1v0 
NAND2X4            5    15.732      1.231    fast_vdd1v0 
NAND2X6            1     4.566      0.383    fast_vdd1v0 
NAND2XL           73    74.898      3.414    fast_vdd1v0 
NAND3BXL          10    17.100      0.793    fast_vdd1v0 
NAND3X1            2     3.420      0.170    fast_vdd1v0 
NAND3X2            1     2.736      0.201    fast_vdd1v0 
NAND3XL           10    17.100      0.588    fast_vdd1v0 
NAND4BX1           2     4.788      0.302    fast_vdd1v0 
NAND4BXL           1     2.394      0.131    fast_vdd1v0 
NAND4XL            7    11.970      0.525    fast_vdd1v0 
NOR2BX1           25    34.200      2.599    fast_vdd1v0 
NOR2BXL            3     5.130      0.217    fast_vdd1v0 
NOR2X1            39    40.014      2.487    fast_vdd1v0 
NOR2X2             4     6.840      0.425    fast_vdd1v0 
NOR2X4             3     9.234      0.748    fast_vdd1v0 
NOR2X6             2     8.208      0.745    fast_vdd1v0 
NOR2XL            61    62.586      2.736    fast_vdd1v0 
NOR3BX1            5    10.260      0.561    fast_vdd1v0 
NOR3BXL            1     2.052      0.074    fast_vdd1v0 
NOR3X1             1     1.710      0.081    fast_vdd1v0 
NOR3X4             3    15.390      0.916    fast_vdd1v0 
NOR3X6             1     7.182      0.456    fast_vdd1v0 
NOR3XL             4     6.840      0.226    fast_vdd1v0 
NOR4X1             2     3.420      0.288    fast_vdd1v0 
NOR4XL             1     2.052      0.094    fast_vdd1v0 
OA21X1             2     4.104      0.226    fast_vdd1v0 
OAI211X1           3     5.130      0.371    fast_vdd1v0 
OAI21X1           16    27.360      1.549    fast_vdd1v0 
OAI21X2            2     6.156      0.373    fast_vdd1v0 
OAI21X4            1     4.788      0.372    fast_vdd1v0 
OAI21XL           16    27.360      1.049    fast_vdd1v0 
OAI222X1           1     2.736      0.182    fast_vdd1v0 
OAI22X1            4     8.208      0.456    fast_vdd1v0 
OAI22XL            4     8.208      0.281    fast_vdd1v0 
OAI2BB1X1         23    39.330      2.691    fast_vdd1v0 
OAI2BB1XL          7    14.364      0.657    fast_vdd1v0 
OAI31X1            7    14.364      0.928    fast_vdd1v0 
OAI31X2            1     3.762      0.216    fast_vdd1v0 
OR2X1              2     2.736      0.174    fast_vdd1v0 
OR2XL             20    27.360      1.638    fast_vdd1v0 
OR3XL              2     4.104      0.189    fast_vdd1v0 
XNOR2X1           33    79.002      5.724    fast_vdd1v0 
XNOR2X2            5    15.390      1.070    fast_vdd1v0 
XNOR2X4            2     7.524      0.650    fast_vdd1v0 
XNOR2XL            4    10.944      0.691    fast_vdd1v0 
XNOR3XL            1     7.524      0.354    fast_vdd1v0 
XOR2XL            11    30.096      1.859    fast_vdd1v0 
XOR3XL             1     7.524      0.360    fast_vdd1v0 
---------------------------------------------------------
total            876  1382.826     83.250                


                                           Leakage  Leakage 
     Type      Instances   Area   Area % Power (nW) Power % 
------------------------------------------------------------
inverter             131   95.760    6.9      5.767     6.9 
buffer                22   57.798    4.2      5.498     6.6 
logic                723 1229.268   88.9     71.985    86.5 
physical_cells         0    0.000    0.0      0.000     0.0 
------------------------------------------------------------
total                876 1382.826  100.0     83.250   100.0 

