============================================================
  Generated by:           Genus(TM) Synthesis Solution 21.10-p002_1
  Generated on:           Jun 19 2026  11:32:18 am
  Module:                 opact_int8
  Operating conditions:   PVT_1P1V_0C (balanced_tree)
  Wireload mode:          enclosed
  Area mode:              timing library
============================================================


Path 1: MET (0 ps) Late External Delay Assertion at pin R[14]
          Group: vclk
     Startpoint: (R) A[4]
          Clock: (R) vclk
       Endpoint: (F) R[14]
          Clock: (R) vclk

                     Capture       Launch     
        Clock Edge:+    1000            0     
        Drv Adjust:+       0            0     
       Src Latency:+       0            0     
       Net Latency:+       0 (I)        0 (I) 
           Arrival:=    1000            0     
                                              
      Output Delay:-     200                  
       Uncertainty:-      50                  
     Required Time:=     750                  
      Launch Clock:-       0                  
       Input Delay:-     200                  
         Data Path:-     550                  
             Slack:=       0                  

Exceptions/Constraints:
  input_delay              200             opact_int8.sdc_line_14_3_1  
  output_delay             200             opact_int8.sdc_line_15_21_1 

#---------------------------------------------------------------------------------------------------------------
#             Timing Point              Flags    Arc   Edge   Cell     Fanout Load Trans Delay Arrival Instance 
#                                                                             (fF)  (ps)  (ps)   (ps)  Location 
#---------------------------------------------------------------------------------------------------------------
  A[4]                                  -       -      R     (arrival)      4  4.6     0     0     200    (-,-) 
  g77/Y                                 -       A->Y   F     NOR2X4         1  0.8     6     8     208    (-,-) 
  g2654/Y                               -       B->Y   R     NAND2X2        1  1.0     8     8     216    (-,-) 
  g2653/Y                               -       A0->Y  F     OAI21X2        1  0.5    14    18     233    (-,-) 
  g2549__4319/Y                         -       B->Y   R     XNOR2XL        2  1.0    15    36     269    (-,-) 
  m_opact_uint/m_opact_core/g25949/Y    -       A->Y   R     BUFX3          4  4.6    14    25     294    (-,-) 
  m_opact_uint/m_opact_core/g25950/Y    -       A->Y   F     INVXL          1  0.8    12    13     307    (-,-) 
  m_opact_uint/m_opact_core/fopt25605/Y -       A->Y   R     INVX2          4  2.4    11    11     318    (-,-) 
  m_opact_uint/m_opact_core/g308/Y      -       B->Y   F     NAND2X2        3  0.9    13    14     332    (-,-) 
  m_opact_uint/m_opact_core/g305/Y      -       A->Y   R     NAND2XL        1  0.3    10    12     344    (-,-) 
  m_opact_uint/m_opact_core/g3/Y        -       B0->Y  F     OAI21XL        1  0.5    21    19     363    (-,-) 
  m_opact_uint/m_opact_core/g26586/Y    -       S0->Y  R     MXI2XL         2  0.9    33    25     388    (-,-) 
  m_opact_uint/m_opact_core/g1029/Y     -       A1N->Y R     AOI2BB1X1      2  1.2    24    29     417    (-,-) 
  m_opact_uint/m_opact_core/g26625/Y    -       B->Y   F     CLKXOR2X1      5  2.2    19    45     462    (-,-) 
  m_opact_uint/m_opact_core/g26631/Y    -       A->Y   R     INVX2          7  2.7    14    14     475    (-,-) 
  m_opact_uint/m_opact_core/g26208/Y    -       A1->Y  F     OAI22X1        4  1.0    30    26     502    (-,-) 
  m_opact_uint/m_opact_core/g149/Y      -       B->Y   R     NAND2XL        2  0.6    14    18     519    (-,-) 
  m_opact_uint/m_opact_core/g147/Y      -       A->Y   F     NAND3XL        1  0.2    20    23     542    (-,-) 
  m_opact_uint/m_opact_core/g180/Y      -       B0->Y  R     OAI21XL        1  0.5    23    14     556    (-,-) 
  m_opact_uint/m_opact_core/g26579/Y    -       B0->Y  F     OAI2BB1X1      1  0.5    15    20     576    (-,-) 
  m_opact_uint/m_opact_core/g554/Y      -       S0->Y  F     MXI2XL         1  0.3    19    21     596    (-,-) 
  m_opact_uint/m_opact_core/g14/Y       -       A1N->Y F     OAI2BB1X1      3  0.9    18    27     623    (-,-) 
  g2690/Y                               -       B->Y   R     NOR2X1         2  0.6    16    16     640    (-,-) 
  g32/Y                                 -       A->Y   F     NAND2XL        1  0.4    15    17     657    (-,-) 
  g92/Y                                 -       A1->Y  R     OAI21X1        1  0.6    20    19     676    (-,-) 
  g91/Y                                 -       B->Y   F     XNOR2X1        1  1.7    15    36     712    (-,-) 
  g67/Y                                 -       A->Y   F     BUFX16         1 50.0    32    38     750    (-,-) 
  R[14]                                 -       -      F     (port)         -    -     -     0     750    (-,-) 
#---------------------------------------------------------------------------------------------------------------



Path 2: MET (0 ps) Late External Delay Assertion at pin R[15]
          Group: vclk
     Startpoint: (F) Conf_Bit_Mask[1]
          Clock: (R) vclk
       Endpoint: (R) R[15]
          Clock: (R) vclk

                     Capture       Launch     
        Clock Edge:+    1000            0     
        Drv Adjust:+       0            0     
       Src Latency:+       0            0     
       Net Latency:+       0 (I)        0 (I) 
           Arrival:=    1000            0     
                                              
      Output Delay:-     200                  
       Uncertainty:-      50                  
     Required Time:=     750                  
      Launch Clock:-       0                  
       Input Delay:-     200                  
         Data Path:-     550                  
             Slack:=       0                  

Exceptions/Constraints:
  input_delay              200             opact_int8.sdc_line_14_20_1 
  output_delay             200             opact_int8.sdc_line_15      

#-------------------------------------------------------------------------------------------------------------------------
#                  Timing Point                   Flags    Arc   Edge   Cell     Fanout Load Trans Delay Arrival Instance 
#                                                                                       (fF)  (ps)  (ps)   (ps)  Location 
#-------------------------------------------------------------------------------------------------------------------------
  Conf_Bit_Mask[1]                                -       -      F     (arrival)     10  4.2     0     0     200    (-,-) 
  m_opact_uint/m_opact_core/drc_buf_sp26329_dup/Y -       A->Y   F     BUFX6          7  2.9     8    20     220    (-,-) 
  m_opact_uint/m_opact_core/g26098/Y              -       A->Y   R     INVX2          5  1.7     8     9     229    (-,-) 
  m_opact_uint/m_opact_core/g144/Y                -       A->Y   F     NAND2X1        3  0.9    19    17     246    (-,-) 
  m_opact_uint/m_opact_core/g142/Y                -       B->Y   R     NAND2BXL       1  0.3     9    12     259    (-,-) 
  m_opact_uint/m_opact_core/g141/Y                -       B0->Y  F     OAI2BB1XL      1  0.4    15    16     274    (-,-) 
  m_opact_uint/m_opact_core/g25020__1881/Y        -       B0->Y  R     AOI21X1        1  0.5    17    17     292    (-,-) 
  m_opact_uint/m_opact_core/g24989__2346/Y        -       B0->Y  F     OAI21X1        2  0.7    20    21     313    (-,-) 
  m_opact_uint/m_opact_core/g655/Y                -       B->Y   R     NOR2X1         1  0.5    15    16     329    (-,-) 
  m_opact_uint/m_opact_core/g650/Y                -       A->Y   F     NAND2X1        4  1.7    30    25     354    (-,-) 
  m_opact_uint/m_opact_core/g26390/Y              -       B0->Y  R     AOI31X1        1  0.5    22    24     378    (-,-) 
  m_opact_uint/m_opact_core/g26581/Y              -       B0->Y  F     OAI2BB1X1      3  0.8    18    21     399    (-,-) 
  m_opact_uint/m_opact_core/g26388/Y              -       A1N->Y F     OAI2BB1XL      1  0.2    11    20     419    (-,-) 
  m_opact_uint/m_opact_core/g26434/Y              -       A->Y   R     INVXL          1  0.3     6     9     428    (-,-) 
  m_opact_uint/m_opact_core/g64/Y                 -       A1->Y  F     AOI21XL        1  0.4    19    17     445    (-,-) 
  m_opact_uint/m_opact_core/g187/Y                -       B->Y   R     NAND2X1        2  0.9    12    14     459    (-,-) 
  m_opact_uint/m_opact_core/g24658__25706/Y       -       B->Y   F     CLKXOR2X1      3  0.8    10    38     497    (-,-) 
  m_opact_uint/m_opact_core/g25892/Y              -       A->Y   R     INVX1          3  1.5    13    12     509    (-,-) 
  m_opact_uint/m_opact_core/g24632__25589/Y       -       B->Y   F     NAND2XL        1  0.3    14    14     523    (-,-) 
  m_opact_uint/m_opact_core/g26554/Y              -       A1N->Y F     OAI2BB1X1      2  0.6    16    24     547    (-,-) 
  g24/Y                                           -       AN->Y  F     NAND2BXL       2  0.4    15    22     569    (-,-) 
  g21/Y                                           -       B->Y   F     OR2XL          2  1.2    16    28     598    (-,-) 
  g2011__5526/Y                                   -       A->Y   R     NOR2X2         3  0.9    14    16     614    (-,-) 
  g1099/Y                                         -       AN->Y  R     NOR2BXL        1  0.3    14    21     635    (-,-) 
  g2698/Y                                         -       AN->Y  R     NOR2BXL        1  0.3    14    21     656    (-,-) 
  g47/Y                                           -       A1->Y  F     AOI21XL        1  0.5    22    21     677    (-,-) 
  g1091/Y                                         -       B->Y   R     CLKXOR2X1      1  1.9    17    35     712    (-,-) 
  g30/Y                                           -       A->Y   R     BUFX16         1 50.0    30    38     750    (-,-) 
  R[15]                                           -       -      R     (port)         -    -     -     0     750    (-,-) 
#-------------------------------------------------------------------------------------------------------------------------



Path 3: MET (0 ps) Late External Delay Assertion at pin R[10]
          Group: vclk
     Startpoint: (F) Conf_Bit_Mask[1]
          Clock: (R) vclk
       Endpoint: (F) R[10]
          Clock: (R) vclk

                     Capture       Launch     
        Clock Edge:+    1000            0     
        Drv Adjust:+       0            0     
       Src Latency:+       0            0     
       Net Latency:+       0 (I)        0 (I) 
           Arrival:=    1000            0     
                                              
      Output Delay:-     200                  
       Uncertainty:-      50                  
     Required Time:=     750                  
      Launch Clock:-       0                  
       Input Delay:-     200                  
         Data Path:-     550                  
             Slack:=       0                  

Exceptions/Constraints:
  input_delay              200             opact_int8.sdc_line_14_20_1 
  output_delay             200             opact_int8.sdc_line_15_25_1 

#-------------------------------------------------------------------------------------------------------------------------
#                  Timing Point                   Flags    Arc   Edge   Cell     Fanout Load Trans Delay Arrival Instance 
#                                                                                       (fF)  (ps)  (ps)   (ps)  Location 
#-------------------------------------------------------------------------------------------------------------------------
  Conf_Bit_Mask[1]                                -       -      F     (arrival)     10  4.2     0     0     200    (-,-) 
  m_opact_uint/m_opact_core/drc_buf_sp26329_dup/Y -       A->Y   F     BUFX6          7  2.9     8    20     220    (-,-) 
  m_opact_uint/m_opact_core/g26098/Y              -       A->Y   R     INVX2          5  1.7     8     9     229    (-,-) 
  m_opact_uint/m_opact_core/g144/Y                -       A->Y   F     NAND2X1        3  0.9    19    17     246    (-,-) 
  m_opact_uint/m_opact_core/g142/Y                -       B->Y   R     NAND2BXL       1  0.3     9    12     259    (-,-) 
  m_opact_uint/m_opact_core/g141/Y                -       B0->Y  F     OAI2BB1XL      1  0.4    15    16     274    (-,-) 
  m_opact_uint/m_opact_core/g25020__1881/Y        -       B0->Y  R     AOI21X1        1  0.5    17    17     292    (-,-) 
  m_opact_uint/m_opact_core/g24989__2346/Y        -       B0->Y  F     OAI21X1        2  0.7    20    21     313    (-,-) 
  m_opact_uint/m_opact_core/g655/Y                -       B->Y   R     NOR2X1         1  0.5    15    16     329    (-,-) 
  m_opact_uint/m_opact_core/g650/Y                -       A->Y   F     NAND2X1        4  1.7    30    25     354    (-,-) 
  m_opact_uint/m_opact_core/g26390/Y              -       B0->Y  R     AOI31X1        1  0.5    22    24     378    (-,-) 
  m_opact_uint/m_opact_core/g26581/Y              -       B0->Y  F     OAI2BB1X1      3  0.8    18    21     399    (-,-) 
  m_opact_uint/m_opact_core/g26388/Y              -       A1N->Y F     OAI2BB1XL      1  0.2    11    20     419    (-,-) 
  m_opact_uint/m_opact_core/g26434/Y              -       A->Y   R     INVXL          1  0.3     6     9     428    (-,-) 
  m_opact_uint/m_opact_core/g64/Y                 -       A1->Y  F     AOI21XL        1  0.4    19    17     445    (-,-) 
  m_opact_uint/m_opact_core/g187/Y                -       B->Y   R     NAND2X1        2  0.9    12    14     459    (-,-) 
  m_opact_uint/m_opact_core/g24658__25706/Y       -       B->Y   F     CLKXOR2X1      3  0.8    10    38     497    (-,-) 
  m_opact_uint/m_opact_core/g25588/Y              -       B->Y   R     NOR2BXL        3  1.3    35    25     522    (-,-) 
  m_opact_uint/m_opact_core/g24600__6131/Y        -       A1->Y  F     AOI21X1        1  0.4    20    26     547    (-,-) 
  m_opact_uint/m_opact_core/g26554/Y              -       B0->Y  R     OAI2BB1X1      2  0.6    11    14     561    (-,-) 
  g24/Y                                           -       AN->Y  R     NAND2BXL       2  0.6    13    18     579    (-,-) 
  g21/Y                                           -       B->Y   R     OR2XL          2  1.2    16    21     600    (-,-) 
  g2011__5526/Y                                   -       A->Y   F     NOR2X2         3  0.9    10    13     612    (-,-) 
  g1100/Y                                         -       B->Y   F     CLKAND2X2      4  1.1     8    26     638    (-,-) 
  g9/Y                                            -       B->Y   F     OR2XL          1  0.5     8    23     661    (-,-) 
  g2674/Y                                         -       S0->Y  F     MXI2X6         1 50.0    68    88     750    (-,-) 
  R[10]                                           -       -      F     (port)         -    -     -     0     750    (-,-) 
#-------------------------------------------------------------------------------------------------------------------------



Path 4: MET (2 ps) Late External Delay Assertion at pin R[13]
          Group: vclk
     Startpoint: (F) Conf_Bit_Mask[1]
          Clock: (R) vclk
       Endpoint: (F) R[13]
          Clock: (R) vclk

                     Capture       Launch     
        Clock Edge:+    1000            0     
        Drv Adjust:+       0            0     
       Src Latency:+       0            0     
       Net Latency:+       0 (I)        0 (I) 
           Arrival:=    1000            0     
                                              
      Output Delay:-     200                  
       Uncertainty:-      50                  
     Required Time:=     750                  
      Launch Clock:-       0                  
       Input Delay:-     200                  
         Data Path:-     548                  
             Slack:=       2                  

Exceptions/Constraints:
  input_delay              200             opact_int8.sdc_line_14_20_1 
  output_delay             200             opact_int8.sdc_line_15_22_1 

#-------------------------------------------------------------------------------------------------------------------------
#                  Timing Point                   Flags    Arc   Edge   Cell     Fanout Load Trans Delay Arrival Instance 
#                                                                                       (fF)  (ps)  (ps)   (ps)  Location 
#-------------------------------------------------------------------------------------------------------------------------
  Conf_Bit_Mask[1]                                -       -      F     (arrival)     10  4.2     0     0     200    (-,-) 
  m_opact_uint/m_opact_core/drc_buf_sp26329_dup/Y -       A->Y   F     BUFX6          7  2.9     8    20     220    (-,-) 
  m_opact_uint/m_opact_core/g26098/Y              -       A->Y   R     INVX2          5  1.7     8     9     229    (-,-) 
  m_opact_uint/m_opact_core/g144/Y                -       A->Y   F     NAND2X1        3  0.9    19    17     246    (-,-) 
  m_opact_uint/m_opact_core/g142/Y                -       B->Y   R     NAND2BXL       1  0.3     9    12     259    (-,-) 
  m_opact_uint/m_opact_core/g141/Y                -       B0->Y  F     OAI2BB1XL      1  0.4    15    16     274    (-,-) 
  m_opact_uint/m_opact_core/g25020__1881/Y        -       B0->Y  R     AOI21X1        1  0.5    17    17     292    (-,-) 
  m_opact_uint/m_opact_core/g24989__2346/Y        -       B0->Y  F     OAI21X1        2  0.7    20    21     313    (-,-) 
  m_opact_uint/m_opact_core/g655/Y                -       B->Y   R     NOR2X1         1  0.5    15    16     329    (-,-) 
  m_opact_uint/m_opact_core/g650/Y                -       A->Y   F     NAND2X1        4  1.7    30    25     354    (-,-) 
  m_opact_uint/m_opact_core/g26390/Y              -       B0->Y  R     AOI31X1        1  0.5    22    24     378    (-,-) 
  m_opact_uint/m_opact_core/g26581/Y              -       B0->Y  F     OAI2BB1X1      3  0.8    18    21     399    (-,-) 
  m_opact_uint/m_opact_core/g26388/Y              -       A1N->Y F     OAI2BB1XL      1  0.2    11    20     419    (-,-) 
  m_opact_uint/m_opact_core/g26434/Y              -       A->Y   R     INVXL          1  0.3     6     9     428    (-,-) 
  m_opact_uint/m_opact_core/g64/Y                 -       A1->Y  F     AOI21XL        1  0.4    19    17     445    (-,-) 
  m_opact_uint/m_opact_core/g187/Y                -       B->Y   R     NAND2X1        2  0.9    12    14     459    (-,-) 
  m_opact_uint/m_opact_core/g24658__25706/Y       -       B->Y   F     CLKXOR2X1      3  0.8    10    38     497    (-,-) 
  m_opact_uint/m_opact_core/g25892/Y              -       A->Y   R     INVX1          3  1.5    13    12     509    (-,-) 
  m_opact_uint/m_opact_core/g24632__25589/Y       -       B->Y   F     NAND2XL        1  0.3    14    14     523    (-,-) 
  m_opact_uint/m_opact_core/g26554/Y              -       A1N->Y F     OAI2BB1X1      2  0.6    16    24     547    (-,-) 
  g24/Y                                           -       AN->Y  F     NAND2BXL       2  0.4    15    22     569    (-,-) 
  g21/Y                                           -       B->Y   F     OR2XL          2  1.2    16    28     598    (-,-) 
  g2011__5526/Y                                   -       A->Y   R     NOR2X2         3  0.9    14    16     614    (-,-) 
  g1100/Y                                         -       B->Y   R     CLKAND2X2      4  1.4     9    26     639    (-,-) 
  g31/Y                                           -       B->Y   F     NAND2X1        2  0.6    15    14     653    (-,-) 
  g2699/Y                                         -       A1->Y  R     OAI21X1        1  0.6    20    19     672    (-,-) 
  g2668/Y                                         -       B->Y   F     XNOR2X1        1  1.3    13    35     707    (-,-) 
  g2667/Y                                         -       A->Y   F     BUFX12         1 50.0    39    41     748    (-,-) 
  R[13]                                           -       -      F     (port)         -    -     -     0     748    (-,-) 
#-------------------------------------------------------------------------------------------------------------------------



Path 5: MET (3 ps) Late External Delay Assertion at pin R[11]
          Group: vclk
     Startpoint: (F) Conf_Bit_Mask[1]
          Clock: (R) vclk
       Endpoint: (R) R[11]
          Clock: (R) vclk

                     Capture       Launch     
        Clock Edge:+    1000            0     
        Drv Adjust:+       0            0     
       Src Latency:+       0            0     
       Net Latency:+       0 (I)        0 (I) 
           Arrival:=    1000            0     
                                              
      Output Delay:-     200                  
       Uncertainty:-      50                  
     Required Time:=     750                  
      Launch Clock:-       0                  
       Input Delay:-     200                  
         Data Path:-     547                  
             Slack:=       3                  

Exceptions/Constraints:
  input_delay              200             opact_int8.sdc_line_14_20_1 
  output_delay             200             opact_int8.sdc_line_15_24_1 

#-------------------------------------------------------------------------------------------------------------------------
#                  Timing Point                   Flags    Arc   Edge   Cell     Fanout Load Trans Delay Arrival Instance 
#                                                                                       (fF)  (ps)  (ps)   (ps)  Location 
#-------------------------------------------------------------------------------------------------------------------------
  Conf_Bit_Mask[1]                                -       -      F     (arrival)     10  4.2     0     0     200    (-,-) 
  m_opact_uint/m_opact_core/drc_buf_sp26329_dup/Y -       A->Y   F     BUFX6          7  2.9     8    20     220    (-,-) 
  m_opact_uint/m_opact_core/g26098/Y              -       A->Y   R     INVX2          5  1.7     8     9     229    (-,-) 
  m_opact_uint/m_opact_core/g144/Y                -       A->Y   F     NAND2X1        3  0.9    19    17     246    (-,-) 
  m_opact_uint/m_opact_core/g142/Y                -       B->Y   R     NAND2BXL       1  0.3     9    12     259    (-,-) 
  m_opact_uint/m_opact_core/g141/Y                -       B0->Y  F     OAI2BB1XL      1  0.4    15    16     274    (-,-) 
  m_opact_uint/m_opact_core/g25020__1881/Y        -       B0->Y  R     AOI21X1        1  0.5    17    17     292    (-,-) 
  m_opact_uint/m_opact_core/g24989__2346/Y        -       B0->Y  F     OAI21X1        2  0.7    20    21     313    (-,-) 
  m_opact_uint/m_opact_core/g655/Y                -       B->Y   R     NOR2X1         1  0.5    15    16     329    (-,-) 
  m_opact_uint/m_opact_core/g650/Y                -       A->Y   F     NAND2X1        4  1.7    30    25     354    (-,-) 
  m_opact_uint/m_opact_core/g26390/Y              -       B0->Y  R     AOI31X1        1  0.5    22    24     378    (-,-) 
  m_opact_uint/m_opact_core/g26581/Y              -       B0->Y  F     OAI2BB1X1      3  0.8    18    21     399    (-,-) 
  m_opact_uint/m_opact_core/g26388/Y              -       A1N->Y F     OAI2BB1XL      1  0.2    11    20     419    (-,-) 
  m_opact_uint/m_opact_core/g26434/Y              -       A->Y   R     INVXL          1  0.3     6     9     428    (-,-) 
  m_opact_uint/m_opact_core/g64/Y                 -       A1->Y  F     AOI21XL        1  0.4    19    17     445    (-,-) 
  m_opact_uint/m_opact_core/g187/Y                -       B->Y   R     NAND2X1        2  0.9    12    14     459    (-,-) 
  m_opact_uint/m_opact_core/g24658__25706/Y       -       B->Y   F     CLKXOR2X1      3  0.8    10    38     497    (-,-) 
  m_opact_uint/m_opact_core/g25588/Y              -       B->Y   R     NOR2BXL        3  1.3    35    25     522    (-,-) 
  m_opact_uint/m_opact_core/g24600__6131/Y        -       A1->Y  F     AOI21X1        1  0.4    20    26     547    (-,-) 
  m_opact_uint/m_opact_core/g26554/Y              -       B0->Y  R     OAI2BB1X1      2  0.6    11    14     561    (-,-) 
  g24/Y                                           -       AN->Y  R     NAND2BXL       2  0.6    13    18     579    (-,-) 
  g21/Y                                           -       B->Y   R     OR2XL          2  1.2    16    21     600    (-,-) 
  g2011__5526/Y                                   -       A->Y   F     NOR2X2         3  0.9    10    13     612    (-,-) 
  g1100/Y                                         -       B->Y   F     CLKAND2X2      4  1.1     8    26     638    (-,-) 
  g31/Y                                           -       B->Y   R     NAND2X1        2  0.8    11    10     648    (-,-) 
  g2628/Y                                         -       B->Y   F     NAND2BXL       1  0.5    17    16     663    (-,-) 
  g2692/Y                                         -       B->Y   R     XNOR2X1        1  1.0    11    38     701    (-,-) 
  fopt2670/Y                                      -       A->Y   R     BUFX8          1 50.0    49    46     747    (-,-) 
  R[11]                                           -       -      R     (port)         -    -     -     0     747    (-,-) 
#-------------------------------------------------------------------------------------------------------------------------



Path 6: MET (4 ps) Late External Delay Assertion at pin R[12]
          Group: vclk
     Startpoint: (F) Conf_Bit_Mask[1]
          Clock: (R) vclk
       Endpoint: (F) R[12]
          Clock: (R) vclk

                     Capture       Launch     
        Clock Edge:+    1000            0     
        Drv Adjust:+       0            0     
       Src Latency:+       0            0     
       Net Latency:+       0 (I)        0 (I) 
           Arrival:=    1000            0     
                                              
      Output Delay:-     200                  
       Uncertainty:-      50                  
     Required Time:=     750                  
      Launch Clock:-       0                  
       Input Delay:-     200                  
         Data Path:-     546                  
             Slack:=       4                  

Exceptions/Constraints:
  input_delay              200             opact_int8.sdc_line_14_20_1 
  output_delay             200             opact_int8.sdc_line_15_23_1 

#-------------------------------------------------------------------------------------------------------------------------
#                  Timing Point                   Flags    Arc   Edge   Cell     Fanout Load Trans Delay Arrival Instance 
#                                                                                       (fF)  (ps)  (ps)   (ps)  Location 
#-------------------------------------------------------------------------------------------------------------------------
  Conf_Bit_Mask[1]                                -       -      F     (arrival)     10  4.2     0     0     200    (-,-) 
  m_opact_uint/m_opact_core/drc_buf_sp26329_dup/Y -       A->Y   F     BUFX6          7  2.9     8    20     220    (-,-) 
  m_opact_uint/m_opact_core/g26098/Y              -       A->Y   R     INVX2          5  1.7     8     9     229    (-,-) 
  m_opact_uint/m_opact_core/g144/Y                -       A->Y   F     NAND2X1        3  0.9    19    17     246    (-,-) 
  m_opact_uint/m_opact_core/g142/Y                -       B->Y   R     NAND2BXL       1  0.3     9    12     259    (-,-) 
  m_opact_uint/m_opact_core/g141/Y                -       B0->Y  F     OAI2BB1XL      1  0.4    15    16     274    (-,-) 
  m_opact_uint/m_opact_core/g25020__1881/Y        -       B0->Y  R     AOI21X1        1  0.5    17    17     292    (-,-) 
  m_opact_uint/m_opact_core/g24989__2346/Y        -       B0->Y  F     OAI21X1        2  0.7    20    21     313    (-,-) 
  m_opact_uint/m_opact_core/g655/Y                -       B->Y   R     NOR2X1         1  0.5    15    16     329    (-,-) 
  m_opact_uint/m_opact_core/g650/Y                -       A->Y   F     NAND2X1        4  1.7    30    25     354    (-,-) 
  m_opact_uint/m_opact_core/g26390/Y              -       B0->Y  R     AOI31X1        1  0.5    22    24     378    (-,-) 
  m_opact_uint/m_opact_core/g26581/Y              -       B0->Y  F     OAI2BB1X1      3  0.8    18    21     399    (-,-) 
  m_opact_uint/m_opact_core/g26388/Y              -       A1N->Y F     OAI2BB1XL      1  0.2    11    20     419    (-,-) 
  m_opact_uint/m_opact_core/g26434/Y              -       A->Y   R     INVXL          1  0.3     6     9     428    (-,-) 
  m_opact_uint/m_opact_core/g64/Y                 -       A1->Y  F     AOI21XL        1  0.4    19    17     445    (-,-) 
  m_opact_uint/m_opact_core/g187/Y                -       B->Y   R     NAND2X1        2  0.9    12    14     459    (-,-) 
  m_opact_uint/m_opact_core/g24658__25706/Y       -       B->Y   F     CLKXOR2X1      3  0.8    10    38     497    (-,-) 
  m_opact_uint/m_opact_core/g25892/Y              -       A->Y   R     INVX1          3  1.5    13    12     509    (-,-) 
  m_opact_uint/m_opact_core/g24632__25589/Y       -       B->Y   F     NAND2XL        1  0.3    14    14     523    (-,-) 
  m_opact_uint/m_opact_core/g26554/Y              -       A1N->Y F     OAI2BB1X1      2  0.6    16    24     547    (-,-) 
  g24/Y                                           -       AN->Y  F     NAND2BXL       2  0.4    15    22     569    (-,-) 
  g21/Y                                           -       B->Y   F     OR2XL          2  1.2    16    28     598    (-,-) 
  g2011__5526/Y                                   -       A->Y   R     NOR2X2         3  0.9    14    16     614    (-,-) 
  g1100/Y                                         -       B->Y   R     CLKAND2X2      4  1.4     9    26     639    (-,-) 
  g2671/Y                                         -       A1N->Y R     OAI2BB1X1      1  0.6    12    26     666    (-,-) 
  g2677/Y                                         -       B->Y   F     XNOR2X1        1  0.8    10    32     698    (-,-) 
  g2676/Y                                         -       A->Y   F     BUFX8          1 50.0    54    49     746    (-,-) 
  R[12]                                           -       -      F     (port)         -    -     -     0     746    (-,-) 
#-------------------------------------------------------------------------------------------------------------------------



Path 7: MET (5 ps) Late External Delay Assertion at pin R[7]
          Group: vclk
     Startpoint: (F) Conf_Bit_Mask[1]
          Clock: (R) vclk
       Endpoint: (R) R[7]
          Clock: (R) vclk

                     Capture       Launch     
        Clock Edge:+    1000            0     
        Drv Adjust:+       0            0     
       Src Latency:+       0            0     
       Net Latency:+       0 (I)        0 (I) 
           Arrival:=    1000            0     
                                              
      Output Delay:-     200                  
       Uncertainty:-      50                  
     Required Time:=     750                  
      Launch Clock:-       0                  
       Input Delay:-     200                  
         Data Path:-     545                  
             Slack:=       5                  

Exceptions/Constraints:
  input_delay              200             opact_int8.sdc_line_14_20_1 
  output_delay             200             opact_int8.sdc_line_15_28_1 

#-------------------------------------------------------------------------------------------------------------------------
#                  Timing Point                   Flags    Arc   Edge   Cell     Fanout Load Trans Delay Arrival Instance 
#                                                                                       (fF)  (ps)  (ps)   (ps)  Location 
#-------------------------------------------------------------------------------------------------------------------------
  Conf_Bit_Mask[1]                                -       -      F     (arrival)     10  4.2     0     0     200    (-,-) 
  m_opact_uint/m_opact_core/drc_buf_sp26329_dup/Y -       A->Y   F     BUFX6          7  2.9     8    20     220    (-,-) 
  m_opact_uint/m_opact_core/g26098/Y              -       A->Y   R     INVX2          5  1.7     8     9     229    (-,-) 
  m_opact_uint/m_opact_core/g144/Y                -       A->Y   F     NAND2X1        3  0.9    19    17     246    (-,-) 
  m_opact_uint/m_opact_core/g142/Y                -       B->Y   R     NAND2BXL       1  0.3     9    12     259    (-,-) 
  m_opact_uint/m_opact_core/g141/Y                -       B0->Y  F     OAI2BB1XL      1  0.4    15    16     274    (-,-) 
  m_opact_uint/m_opact_core/g25020__1881/Y        -       B0->Y  R     AOI21X1        1  0.5    17    17     292    (-,-) 
  m_opact_uint/m_opact_core/g24989__2346/Y        -       B0->Y  F     OAI21X1        2  0.7    20    21     313    (-,-) 
  m_opact_uint/m_opact_core/g655/Y                -       B->Y   R     NOR2X1         1  0.5    15    16     329    (-,-) 
  m_opact_uint/m_opact_core/g650/Y                -       A->Y   F     NAND2X1        4  1.7    30    25     354    (-,-) 
  m_opact_uint/m_opact_core/g26390/Y              -       B0->Y  R     AOI31X1        1  0.5    22    24     378    (-,-) 
  m_opact_uint/m_opact_core/g26581/Y              -       B0->Y  F     OAI2BB1X1      3  0.8    18    21     399    (-,-) 
  m_opact_uint/m_opact_core/g26388/Y              -       A1N->Y F     OAI2BB1XL      1  0.2    11    20     419    (-,-) 
  m_opact_uint/m_opact_core/g26434/Y              -       A->Y   R     INVXL          1  0.3     6     9     428    (-,-) 
  m_opact_uint/m_opact_core/g64/Y                 -       A1->Y  F     AOI21XL        1  0.4    19    17     445    (-,-) 
  m_opact_uint/m_opact_core/g187/Y                -       B->Y   R     NAND2X1        2  0.9    12    14     459    (-,-) 
  m_opact_uint/m_opact_core/g24658__25706/Y       -       B->Y   F     CLKXOR2X1      3  0.8    10    38     497    (-,-) 
  m_opact_uint/m_opact_core/g25588/Y              -       B->Y   R     NOR2BXL        3  1.3    35    25     522    (-,-) 
  m_opact_uint/m_opact_core/g24600__6131/Y        -       A1->Y  F     AOI21X1        1  0.4    20    26     547    (-,-) 
  m_opact_uint/m_opact_core/g26554/Y              -       B0->Y  R     OAI2BB1X1      2  0.6    11    14     561    (-,-) 
  g24/Y                                           -       AN->Y  R     NAND2BXL       2  0.6    13    18     579    (-,-) 
  g23/Y                                           -       A->Y   F     INVXL          1  0.2     5     9     588    (-,-) 
  g20/Y                                           -       B->Y   F     OR2XL          1  0.5     8    23     610    (-,-) 
  g2007__5107/Y                                   -       B->Y   R     XNOR2X2        1 50.0   176   135     745    (-,-) 
  R[7]                                            -       -      R     (port)         -    -     -     0     745    (-,-) 
#-------------------------------------------------------------------------------------------------------------------------



Path 8: MET (16 ps) Late External Delay Assertion at pin R[9]
          Group: vclk
     Startpoint: (F) Conf_Bit_Mask[1]
          Clock: (R) vclk
       Endpoint: (F) R[9]
          Clock: (R) vclk

                     Capture       Launch     
        Clock Edge:+    1000            0     
        Drv Adjust:+       0            0     
       Src Latency:+       0            0     
       Net Latency:+       0 (I)        0 (I) 
           Arrival:=    1000            0     
                                              
      Output Delay:-     200                  
       Uncertainty:-      50                  
     Required Time:=     750                  
      Launch Clock:-       0                  
       Input Delay:-     200                  
         Data Path:-     534                  
             Slack:=      16                  

Exceptions/Constraints:
  input_delay              200             opact_int8.sdc_line_14_20_1 
  output_delay             200             opact_int8.sdc_line_15_26_1 

#-------------------------------------------------------------------------------------------------------------------------
#                  Timing Point                   Flags    Arc   Edge   Cell     Fanout Load Trans Delay Arrival Instance 
#                                                                                       (fF)  (ps)  (ps)   (ps)  Location 
#-------------------------------------------------------------------------------------------------------------------------
  Conf_Bit_Mask[1]                                -       -      F     (arrival)     10  4.2     0     0     200    (-,-) 
  m_opact_uint/m_opact_core/drc_buf_sp26329_dup/Y -       A->Y   F     BUFX6          7  2.9     8    20     220    (-,-) 
  m_opact_uint/m_opact_core/g26098/Y              -       A->Y   R     INVX2          5  1.7     8     9     229    (-,-) 
  m_opact_uint/m_opact_core/g144/Y                -       A->Y   F     NAND2X1        3  0.9    19    17     246    (-,-) 
  m_opact_uint/m_opact_core/g142/Y                -       B->Y   R     NAND2BXL       1  0.3     9    12     259    (-,-) 
  m_opact_uint/m_opact_core/g141/Y                -       B0->Y  F     OAI2BB1XL      1  0.4    15    16     274    (-,-) 
  m_opact_uint/m_opact_core/g25020__1881/Y        -       B0->Y  R     AOI21X1        1  0.5    17    17     292    (-,-) 
  m_opact_uint/m_opact_core/g24989__2346/Y        -       B0->Y  F     OAI21X1        2  0.7    20    21     313    (-,-) 
  m_opact_uint/m_opact_core/g655/Y                -       B->Y   R     NOR2X1         1  0.5    15    16     329    (-,-) 
  m_opact_uint/m_opact_core/g650/Y                -       A->Y   F     NAND2X1        4  1.7    30    25     354    (-,-) 
  m_opact_uint/m_opact_core/g26390/Y              -       B0->Y  R     AOI31X1        1  0.5    22    24     378    (-,-) 
  m_opact_uint/m_opact_core/g26581/Y              -       B0->Y  F     OAI2BB1X1      3  0.8    18    21     399    (-,-) 
  m_opact_uint/m_opact_core/g26388/Y              -       A1N->Y F     OAI2BB1XL      1  0.2    11    20     419    (-,-) 
  m_opact_uint/m_opact_core/g26434/Y              -       A->Y   R     INVXL          1  0.3     6     9     428    (-,-) 
  m_opact_uint/m_opact_core/g64/Y                 -       A1->Y  F     AOI21XL        1  0.4    19    17     445    (-,-) 
  m_opact_uint/m_opact_core/g187/Y                -       B->Y   R     NAND2X1        2  0.9    12    14     459    (-,-) 
  m_opact_uint/m_opact_core/g24658__25706/Y       -       B->Y   F     CLKXOR2X1      3  0.8    10    38     497    (-,-) 
  m_opact_uint/m_opact_core/g25588/Y              -       B->Y   R     NOR2BXL        3  1.3    35    25     522    (-,-) 
  m_opact_uint/m_opact_core/g24600__6131/Y        -       A1->Y  F     AOI21X1        1  0.4    20    26     547    (-,-) 
  m_opact_uint/m_opact_core/g26554/Y              -       B0->Y  R     OAI2BB1X1      2  0.6    11    14     561    (-,-) 
  g24/Y                                           -       AN->Y  R     NAND2BXL       2  0.6    13    18     579    (-,-) 
  g21/Y                                           -       B->Y   R     OR2XL          2  1.2    16    21     600    (-,-) 
  g2011__5526/Y                                   -       A->Y   F     NOR2X2         3  0.9    10    13     612    (-,-) 
  g2008__6260/Y                                   -       B->Y   R     NOR2XL         1  0.8    24    19     631    (-,-) 
  g2696/Y                                         -       B->Y   F     XNOR2X4        1 50.0   106   103     734    (-,-) 
  R[9]                                            -       -      F     (port)         -    -     -     0     734    (-,-) 
#-------------------------------------------------------------------------------------------------------------------------



Path 9: MET (22 ps) Late External Delay Assertion at pin R[8]
          Group: vclk
     Startpoint: (F) Conf_Bit_Mask[1]
          Clock: (R) vclk
       Endpoint: (F) R[8]
          Clock: (R) vclk

                     Capture       Launch     
        Clock Edge:+    1000            0     
        Drv Adjust:+       0            0     
       Src Latency:+       0            0     
       Net Latency:+       0 (I)        0 (I) 
           Arrival:=    1000            0     
                                              
      Output Delay:-     200                  
       Uncertainty:-      50                  
     Required Time:=     750                  
      Launch Clock:-       0                  
       Input Delay:-     200                  
         Data Path:-     528                  
             Slack:=      22                  

Exceptions/Constraints:
  input_delay              200             opact_int8.sdc_line_14_20_1 
  output_delay             200             opact_int8.sdc_line_15_27_1 

#-------------------------------------------------------------------------------------------------------------------------
#                  Timing Point                   Flags    Arc   Edge   Cell     Fanout Load Trans Delay Arrival Instance 
#                                                                                       (fF)  (ps)  (ps)   (ps)  Location 
#-------------------------------------------------------------------------------------------------------------------------
  Conf_Bit_Mask[1]                                -       -      F     (arrival)     10  4.2     0     0     200    (-,-) 
  m_opact_uint/m_opact_core/drc_buf_sp26329_dup/Y -       A->Y   F     BUFX6          7  2.9     8    20     220    (-,-) 
  m_opact_uint/m_opact_core/g26098/Y              -       A->Y   R     INVX2          5  1.7     8     9     229    (-,-) 
  m_opact_uint/m_opact_core/g144/Y                -       A->Y   F     NAND2X1        3  0.9    19    17     246    (-,-) 
  m_opact_uint/m_opact_core/g142/Y                -       B->Y   R     NAND2BXL       1  0.3     9    12     259    (-,-) 
  m_opact_uint/m_opact_core/g141/Y                -       B0->Y  F     OAI2BB1XL      1  0.4    15    16     274    (-,-) 
  m_opact_uint/m_opact_core/g25020__1881/Y        -       B0->Y  R     AOI21X1        1  0.5    17    17     292    (-,-) 
  m_opact_uint/m_opact_core/g24989__2346/Y        -       B0->Y  F     OAI21X1        2  0.7    20    21     313    (-,-) 
  m_opact_uint/m_opact_core/g655/Y                -       B->Y   R     NOR2X1         1  0.5    15    16     329    (-,-) 
  m_opact_uint/m_opact_core/g650/Y                -       A->Y   F     NAND2X1        4  1.7    30    25     354    (-,-) 
  m_opact_uint/m_opact_core/g26390/Y              -       B0->Y  R     AOI31X1        1  0.5    22    24     378    (-,-) 
  m_opact_uint/m_opact_core/g26581/Y              -       B0->Y  F     OAI2BB1X1      3  0.8    18    21     399    (-,-) 
  m_opact_uint/m_opact_core/g26388/Y              -       A1N->Y F     OAI2BB1XL      1  0.2    11    20     419    (-,-) 
  m_opact_uint/m_opact_core/g26434/Y              -       A->Y   R     INVXL          1  0.3     6     9     428    (-,-) 
  m_opact_uint/m_opact_core/g64/Y                 -       A1->Y  F     AOI21XL        1  0.4    19    17     445    (-,-) 
  m_opact_uint/m_opact_core/g187/Y                -       B->Y   R     NAND2X1        2  0.9    12    14     459    (-,-) 
  m_opact_uint/m_opact_core/g24658__25706/Y       -       B->Y   F     CLKXOR2X1      3  0.8    10    38     497    (-,-) 
  m_opact_uint/m_opact_core/g25588/Y              -       B->Y   R     NOR2BXL        3  1.3    35    25     522    (-,-) 
  m_opact_uint/m_opact_core/g24600__6131/Y        -       A1->Y  F     AOI21X1        1  0.4    20    26     547    (-,-) 
  m_opact_uint/m_opact_core/g26554/Y              -       B0->Y  R     OAI2BB1X1      2  0.6    11    14     561    (-,-) 
  g24/Y                                           -       AN->Y  R     NAND2BXL       2  0.6    13    18     579    (-,-) 
  g21/Y                                           -       B->Y   R     OR2XL          2  1.2    16    21     600    (-,-) 
  g2/Y                                            -       AN->Y  R     NOR2BX1        1  0.8    19    26     626    (-,-) 
  g2595__6260/Y                                   -       B->Y   F     XNOR2X4        1 50.0   106   102     728    (-,-) 
  R[8]                                            -       -      F     (port)         -    -     -     0     728    (-,-) 
#-------------------------------------------------------------------------------------------------------------------------



Path 10: MET (42 ps) Late External Delay Assertion at pin R[6]
          Group: vclk
     Startpoint: (R) B[7]
          Clock: (R) vclk
       Endpoint: (R) R[6]
          Clock: (R) vclk

                     Capture       Launch     
        Clock Edge:+    1000            0     
        Drv Adjust:+       0            0     
       Src Latency:+       0            0     
       Net Latency:+       0 (I)        0 (I) 
           Arrival:=    1000            0     
                                              
      Output Delay:-     200                  
       Uncertainty:-      50                  
     Required Time:=     750                  
      Launch Clock:-       0                  
       Input Delay:-     200                  
         Data Path:-     508                  
             Slack:=      42                  

Exceptions/Constraints:
  input_delay              200             opact_int8.sdc_line_14_8_1  
  output_delay             200             opact_int8.sdc_line_15_29_1 

#-----------------------------------------------------------------------------------------------------------------
#              Timing Point                Flags   Arc   Edge   Cell     Fanout Load Trans Delay Arrival Instance 
#                                                                               (fF)  (ps)  (ps)   (ps)  Location 
#-----------------------------------------------------------------------------------------------------------------
  B[7]                                     -       -     R     (arrival)      7  6.6     0     0     200    (-,-) 
  g142/Y                                   -       A->Y  F     CLKINVX8       6  4.9     7     8     208    (-,-) 
  g135/Y                                   -       B->Y  R     NOR2X2         1  0.9    12    12     219    (-,-) 
  g134/Y                                   -       B->Y  F     NAND2X2        1  2.5    24    20     239    (-,-) 
  g132/Y                                   -       B->Y  R     NAND2X6        9  5.7    14    13     252    (-,-) 
  m_opact_uint/m_opact_core/g25/Y          -       A->Y  F     NAND2X4        5  1.6    15    16     268    (-,-) 
  m_opact_uint/m_opact_core/g24/Y          -       A->Y  R     INVX1          1  0.3     6     9     277    (-,-) 
  m_opact_uint/m_opact_core/g106/Y         -       B->Y  F     MXI2XL         1  0.5    23    20     297    (-,-) 
  m_opact_uint/m_opact_core/g296/Y         -       B->Y  R     CLKXOR2X1      5  2.2    19    36     334    (-,-) 
  m_opact_uint/m_opact_core/g26241/Y       -       S0->Y R     MXI2X1         2  1.5    32    30     364    (-,-) 
  m_opact_uint/m_opact_core/g243/Y         -       B->Y  F     NAND2X2        4  1.6    22    22     386    (-,-) 
  m_opact_uint/m_opact_core/g26340/Y       -       A->Y  R     NOR2X1         2  0.8    18    20     406    (-,-) 
  m_opact_uint/m_opact_core/g26339/Y       -       B->Y  F     NOR2BX1        1  0.4     8    11     418    (-,-) 
  m_opact_uint/m_opact_core/g26337/Y       -       B->Y  R     NAND2X1        2  0.9    12    10     428    (-,-) 
  m_opact_uint/m_opact_core/g26550/Y       -       B->Y  F     XOR2XL         3  0.9    13    36     464    (-,-) 
  m_opact_uint/m_opact_core/g184/Y         -       A->Y  R     XNOR2X1        1  0.3     6    41     505    (-,-) 
  m_opact_uint/m_opact_core/g24654__7410/Y -       B->Y  R     MX2XL          2  1.1    16    33     538    (-,-) 
  g26/Y                                    -       B->Y  F     NOR2X1         2  0.5    10    11     550    (-,-) 
  g2705/Y                                  -       AN->Y F     NAND2BX1       1  0.5    15    23     573    (-,-) 
  g2010__8428/Y                            -       B->Y  R     XNOR2X2        1 50.0   176   135     708    (-,-) 
  R[6]                                     -       -     R     (port)         -    -     -     0     708    (-,-) 
#-----------------------------------------------------------------------------------------------------------------



Path 11: MET (76 ps) Late External Delay Assertion at pin R[5]
          Group: vclk
     Startpoint: (R) B[7]
          Clock: (R) vclk
       Endpoint: (R) R[5]
          Clock: (R) vclk

                     Capture       Launch     
        Clock Edge:+    1000            0     
        Drv Adjust:+       0            0     
       Src Latency:+       0            0     
       Net Latency:+       0 (I)        0 (I) 
           Arrival:=    1000            0     
                                              
      Output Delay:-     200                  
       Uncertainty:-      50                  
     Required Time:=     750                  
      Launch Clock:-       0                  
       Input Delay:-     200                  
         Data Path:-     474                  
             Slack:=      76                  

Exceptions/Constraints:
  input_delay              200             opact_int8.sdc_line_14_8_1  
  output_delay             200             opact_int8.sdc_line_15_30_1 

#-----------------------------------------------------------------------------------------------------------------
#              Timing Point                Flags   Arc   Edge   Cell     Fanout Load Trans Delay Arrival Instance 
#                                                                               (fF)  (ps)  (ps)   (ps)  Location 
#-----------------------------------------------------------------------------------------------------------------
  B[7]                                     -       -     R     (arrival)      7  6.6     0     0     200    (-,-) 
  g142/Y                                   -       A->Y  F     CLKINVX8       6  4.9     7     8     208    (-,-) 
  g135/Y                                   -       B->Y  R     NOR2X2         1  0.9    12    12     219    (-,-) 
  g134/Y                                   -       B->Y  F     NAND2X2        1  2.5    24    20     239    (-,-) 
  g132/Y                                   -       B->Y  R     NAND2X6        9  5.7    14    13     252    (-,-) 
  m_opact_uint/m_opact_core/g25/Y          -       A->Y  F     NAND2X4        5  1.6    15    16     268    (-,-) 
  m_opact_uint/m_opact_core/g24/Y          -       A->Y  R     INVX1          1  0.3     6     9     277    (-,-) 
  m_opact_uint/m_opact_core/g106/Y         -       B->Y  F     MXI2XL         1  0.5    23    20     297    (-,-) 
  m_opact_uint/m_opact_core/g296/Y         -       B->Y  R     CLKXOR2X1      5  2.2    19    36     334    (-,-) 
  m_opact_uint/m_opact_core/g202_0/Y       -       B->Y  R     AND2XL         1  0.5     9    24     358    (-,-) 
  m_opact_uint/m_opact_core/g199/Y         -       A1->Y F     OAI21X1        1  0.4    17    15     373    (-,-) 
  m_opact_uint/m_opact_core/g644/Y         -       B->Y  R     NOR2X1         2  0.8    18    17     390    (-,-) 
  m_opact_uint/m_opact_core/g26340/Y       -       B->Y  F     NOR2X1         2  0.6    10    12     402    (-,-) 
  m_opact_uint/m_opact_core/g26339/Y       -       B->Y  R     NOR2BX1        1  0.5    13    13     415    (-,-) 
  m_opact_uint/m_opact_core/g26337/Y       -       B->Y  F     NAND2X1        2  0.7    16    16     431    (-,-) 
  m_opact_uint/m_opact_core/g26550/Y       -       B->Y  R     XOR2XL         3  0.9    14    30     461    (-,-) 
  m_opact_uint/m_opact_core/g184/Y         -       A->Y  F     XNOR2X1        1  0.3     6    44     504    (-,-) 
  m_opact_uint/m_opact_core/g24654__7410/Y -       B->Y  F     MX2XL          2  0.9    13    34     539    (-,-) 
  g2014__3680/Y                            -       B->Y  R     XNOR2X2        1 50.0   176   135     674    (-,-) 
  R[5]                                     -       -     R     (port)         -    -     -     0     674    (-,-) 
#-----------------------------------------------------------------------------------------------------------------



Path 12: MET (135 ps) Late External Delay Assertion at pin R[4]
          Group: vclk
     Startpoint: (F) Conf_Bit_Mask[1]
          Clock: (R) vclk
       Endpoint: (F) R[4]
          Clock: (R) vclk

                     Capture       Launch     
        Clock Edge:+    1000            0     
        Drv Adjust:+       0            0     
       Src Latency:+       0            0     
       Net Latency:+       0 (I)        0 (I) 
           Arrival:=    1000            0     
                                              
      Output Delay:-     200                  
       Uncertainty:-      50                  
     Required Time:=     750                  
      Launch Clock:-       0                  
       Input Delay:-     200                  
         Data Path:-     415                  
             Slack:=     135                  

Exceptions/Constraints:
  input_delay              200             opact_int8.sdc_line_14_20_1 
  output_delay             200             opact_int8.sdc_line_15_31_1 

#------------------------------------------------------------------------------------------------------------------------
#                  Timing Point                   Flags   Arc   Edge   Cell     Fanout Load Trans Delay Arrival Instance 
#                                                                                      (fF)  (ps)  (ps)   (ps)  Location 
#------------------------------------------------------------------------------------------------------------------------
  Conf_Bit_Mask[1]                                -       -     F     (arrival)     10  4.2     0     0     200    (-,-) 
  m_opact_uint/m_opact_core/drc_buf_sp26329_dup/Y -       A->Y  F     BUFX6          7  2.9     8    20     220    (-,-) 
  m_opact_uint/m_opact_core/g26098/Y              -       A->Y  R     INVX2          5  1.7     8     9     229    (-,-) 
  m_opact_uint/m_opact_core/g144/Y                -       A->Y  F     NAND2X1        3  0.9    19    17     246    (-,-) 
  m_opact_uint/m_opact_core/g142/Y                -       B->Y  R     NAND2BXL       1  0.3     9    12     259    (-,-) 
  m_opact_uint/m_opact_core/g141/Y                -       B0->Y F     OAI2BB1XL      1  0.4    15    16     274    (-,-) 
  m_opact_uint/m_opact_core/g25020__1881/Y        -       B0->Y R     AOI21X1        1  0.5    17    17     292    (-,-) 
  m_opact_uint/m_opact_core/g24989__2346/Y        -       B0->Y F     OAI21X1        2  0.7    20    21     313    (-,-) 
  m_opact_uint/m_opact_core/g655/Y                -       B->Y  R     NOR2X1         1  0.5    15    16     329    (-,-) 
  m_opact_uint/m_opact_core/g650/Y                -       A->Y  F     NAND2X1        4  1.7    30    25     354    (-,-) 
  m_opact_uint/m_opact_core/g26390/Y              -       B0->Y R     AOI31X1        1  0.5    22    24     378    (-,-) 
  m_opact_uint/m_opact_core/g26581/Y              -       B0->Y F     OAI2BB1X1      3  0.8    18    21     399    (-,-) 
  m_opact_uint/m_opact_core/g26394/Y              -       B->Y  R     MXI2XL         2  0.8    31    28     427    (-,-) 
  m_opact_uint/m_opact_core/g24789__4319/Y        -       A1->Y F     AOI22XL        1  0.4    30    30     457    (-,-) 
  m_opact_uint/m_opact_core/g24772__9945/Y        -       B0->Y R     OAI21X1        2  0.9    25    17     474    (-,-) 
  g2017__1705/Y                                   -       B->Y  F     CLKXOR2X2      1 50.0   181   141     615    (-,-) 
  R[4]                                            -       -     F     (port)         -    -     -     0     615    (-,-) 
#------------------------------------------------------------------------------------------------------------------------



Path 13: MET (175 ps) Late External Delay Assertion at pin R[3]
          Group: vclk
     Startpoint: (F) B[1]
          Clock: (R) vclk
       Endpoint: (F) R[3]
          Clock: (R) vclk

                     Capture       Launch     
        Clock Edge:+    1000            0     
        Drv Adjust:+       0            0     
       Src Latency:+       0            0     
       Net Latency:+       0 (I)        0 (I) 
           Arrival:=    1000            0     
                                              
      Output Delay:-     200                  
       Uncertainty:-      50                  
     Required Time:=     750                  
      Launch Clock:-       0                  
       Input Delay:-     200                  
         Data Path:-     375                  
             Slack:=     175                  

Exceptions/Constraints:
  input_delay              200             opact_int8.sdc_line_14_14_1 
  output_delay             200             opact_int8.sdc_line_15_32_1 

#-----------------------------------------------------------------------------------------------------------------
#              Timing Point                Flags   Arc   Edge   Cell     Fanout Load Trans Delay Arrival Instance 
#                                                                               (fF)  (ps)  (ps)   (ps)  Location 
#-----------------------------------------------------------------------------------------------------------------
  B[1]                                     -       -     F     (arrival)      5  8.3     0     0     200    (-,-) 
  g2651/Y                                  -       A->Y  R     NOR2X6         2  2.9    12    14     214    (-,-) 
  g2652/Y                                  -       A->Y  F     INVX2          1  0.9     6     9     223    (-,-) 
  g134/Y                                   -       A->Y  R     NAND2X2        1  2.8    14    13     236    (-,-) 
  g132/Y                                   -       B->Y  F     NAND2X6        9  4.9    21    18     253    (-,-) 
  m_opact_uint/m_opact_core/g25/Y          -       A->Y  R     NAND2X4        5  1.7    10    12     265    (-,-) 
  m_opact_uint/m_opact_core/g24/Y          -       A->Y  F     INVX1          1  0.3     5     8     273    (-,-) 
  m_opact_uint/m_opact_core/g106/Y         -       B->Y  R     MXI2XL         1  0.6    27    22     295    (-,-) 
  m_opact_uint/m_opact_core/g296/Y         -       B->Y  F     CLKXOR2X1      5  1.9    17    44     339    (-,-) 
  m_opact_uint/m_opact_core/g26241/Y       -       S0->Y F     MXI2X1         2  1.3    30    29     368    (-,-) 
  m_opact_uint/m_opact_core/g26549/Y       -       B->Y  R     XOR2XL         1  0.3     7    28     396    (-,-) 
  m_opact_uint/m_opact_core/g24826__4319/Y -       A->Y  R     MX2XL          2  0.8    12    32     428    (-,-) 
  g2022__1881/Y                            -       A->Y  F     XNOR2X2        1 50.0   181   147     575    (-,-) 
  R[3]                                     -       -     F     (port)         -    -     -     0     575    (-,-) 
#-----------------------------------------------------------------------------------------------------------------



Path 14: MET (187 ps) Late External Delay Assertion at pin R[2]
          Group: vclk
     Startpoint: (R) B[0]
          Clock: (R) vclk
       Endpoint: (F) R[2]
          Clock: (R) vclk

                     Capture       Launch     
        Clock Edge:+    1000            0     
        Drv Adjust:+       0            0     
       Src Latency:+       0            0     
       Net Latency:+       0 (I)        0 (I) 
           Arrival:=    1000            0     
                                              
      Output Delay:-     200                  
       Uncertainty:-      50                  
     Required Time:=     750                  
      Launch Clock:-       0                  
       Input Delay:-     200                  
         Data Path:-     363                  
             Slack:=     187                  

Exceptions/Constraints:
  input_delay              200             opact_int8.sdc_line_14_15_1 
  output_delay             200             opact_int8.sdc_line_15_33_1 

#-----------------------------------------------------------------------------------------------------------------
#              Timing Point                Flags   Arc   Edge   Cell     Fanout Load Trans Delay Arrival Instance 
#                                                                               (fF)  (ps)  (ps)   (ps)  Location 
#-----------------------------------------------------------------------------------------------------------------
  B[0]                                     -       -     R     (arrival)     12 12.2     0     0     200    (-,-) 
  m_opact_uint/m_opact_core/g25149__7482/Y -       A->Y  R     AND2X2         3 50.8   178   127     327    (-,-) 
  g2035__5477/Y                            -       A->Y  F     NOR2X1         2  0.6    41    65     392    (-,-) 
  g2028__9945/Y                            -       B->Y  R     NOR2XL         1  0.3    17    24     415    (-,-) 
  g2023__5115/Y                            -       A->Y  F     CLKXOR2X2      1 50.0   181   148     563    (-,-) 
  R[2]                                     -       -     F     (port)         -    -     -     0     563    (-,-) 
#-----------------------------------------------------------------------------------------------------------------



Path 15: MET (214 ps) Late External Delay Assertion at pin R[1]
          Group: vclk
     Startpoint: (F) B[0]
          Clock: (R) vclk
       Endpoint: (F) R[1]
          Clock: (R) vclk

                     Capture       Launch     
        Clock Edge:+    1000            0     
        Drv Adjust:+       0            0     
       Src Latency:+       0            0     
       Net Latency:+       0 (I)        0 (I) 
           Arrival:=    1000            0     
                                              
      Output Delay:-     200                  
       Uncertainty:-      50                  
     Required Time:=     750                  
      Launch Clock:-       0                  
       Input Delay:-     200                  
         Data Path:-     336                  
             Slack:=     214                  

Exceptions/Constraints:
  input_delay              200             opact_int8.sdc_line_14_15_1 
  output_delay             200             opact_int8.sdc_line_15_34_1 

#-----------------------------------------------------------------------------------------------------------------
#              Timing Point                Flags   Arc   Edge   Cell     Fanout Load Trans Delay Arrival Instance 
#                                                                               (fF)  (ps)  (ps)   (ps)  Location 
#-----------------------------------------------------------------------------------------------------------------
  B[0]                                     -       -     F     (arrival)     12 10.6     0     0     200    (-,-) 
  m_opact_uint/m_opact_core/g25149__7482/Y -       A->Y  F     AND2X2         3 50.8   180   118     318    (-,-) 
  g2026__6161/Y                            -       A->Y  R     NAND2XL        1  0.3    35    67     386    (-,-) 
  g2021__6131/Y                            -       A->Y  F     XNOR2X2        1 50.0   181   150     536    (-,-) 
  R[1]                                     -       -     F     (port)         -    -     -     0     536    (-,-) 
#-----------------------------------------------------------------------------------------------------------------



Path 16: MET (423 ps) Late External Delay Assertion at pin R[0]
          Group: vclk
     Startpoint: (R) B[0]
          Clock: (R) vclk
       Endpoint: (R) R[0]
          Clock: (R) vclk

                     Capture       Launch     
        Clock Edge:+    1000            0     
        Drv Adjust:+       0            0     
       Src Latency:+       0            0     
       Net Latency:+       0 (I)        0 (I) 
           Arrival:=    1000            0     
                                              
      Output Delay:-     200                  
       Uncertainty:-      50                  
     Required Time:=     750                  
      Launch Clock:-       0                  
       Input Delay:-     200                  
         Data Path:-     127                  
             Slack:=     423                  

Exceptions/Constraints:
  input_delay              200             opact_int8.sdc_line_14_15_1 
  output_delay             200             opact_int8.sdc_line_15_35_1 

#-----------------------------------------------------------------------------------------------------------------
#              Timing Point                Flags   Arc   Edge   Cell     Fanout Load Trans Delay Arrival Instance 
#                                                                               (fF)  (ps)  (ps)   (ps)  Location 
#-----------------------------------------------------------------------------------------------------------------
  B[0]                                     -       -     R     (arrival)     12 12.2     0     0     200    (-,-) 
  m_opact_uint/m_opact_core/g25149__7482/Y -       A->Y  R     AND2X2         3 50.8   178   127     327    (-,-) 
  R[0]                                     -       -     R     (port)         -    -     -     0     327    (-,-) 
#-----------------------------------------------------------------------------------------------------------------

