============================================================
  Generated by:           Genus(TM) Synthesis Solution 21.10-p002_1
  Generated on:           Apr 11 2026  04:25:38 pm
  Module:                 unsigned_int_mul_p_0_L2
  Operating conditions:   PVT_1P1V_0C 
  Interconnect mode:      global
  Area mode:              physical library
============================================================


Path 1: VIOLATED (-304 ps) Late External Delay Assertion at pin R[14]
          Group: VCLK
     Startpoint: (R) A[6]
          Clock: (R) VCLK
       Endpoint: (F) R[14]
          Clock: (R) VCLK

                     Capture       Launch     
        Clock Edge:+    1000            0     
        Drv Adjust:+       0            0     
       Src Latency:+       0            0     
       Net Latency:+       0 (I)        0 (I) 
           Arrival:=    1000            0     
                                              
      Output Delay:-     200                  
       Uncertainty:-      50                  
     Required Time:=     750                  
      Launch Clock:-       0                  
       Input Delay:-     200                  
         Data Path:-     854                  
             Slack:=    -304                  

Exceptions/Constraints:
  input_delay              200             unsigned_int_mul_p_0_line_6_1_1  
  output_delay             200             unsigned_int_mul_p_0_line_7_21_1 

#----------------------------------------------------------------------------------------------------
#        Timing Point         Flags   Arc   Edge   Cell     Fanout Load Trans Delay Arrival Instance 
#                                                                  (fF)  (ps)  (ps)   (ps)  Location 
#----------------------------------------------------------------------------------------------------
  A[6]                        -       -     R     (arrival)      6 19.4   100     0     200    (-,-) 
  lod_a/g62/Y                 -       A->Y  F     NOR3X8         1  3.3    28    33     233    (-,-) 
  lod_a/g43/Y                 -       B0->Y R     AOI21X4        1  5.3    29    25     258    (-,-) 
  lod_a/g42/Y                 -       B->Y  F     NAND2X8        7 12.7    34    27     285    (-,-) 
  g5330/Y                     -       B->Y  R     NOR2X2         1  4.4    39    32     317    (-,-) 
  g5329/Y                     -       A->Y  F     NOR2X6         2  5.8    19    20     336    (-,-) 
  g49/Y                       -       A1->Y R     OAI22X4        3  8.9    49    34     370    (-,-) 
  m_approx_t/g3227/Y          -       A->Y  F     CLKINVX6       3  9.4    22    21     391    (-,-) 
  m_approx_t/g2988_dup/Y      -       A->Y  R     NOR2X8         1  5.4    17    20     410    (-,-) 
  m_approx_t/g3231/Y          -       B->Y  F     NOR2X8         2  8.2    18    13     423    (-,-) 
  m_approx_t/g71/Y            -       B->Y  R     NAND2X8        2  6.7    13    12     436    (-,-) 
  m_approx_t/fopt3036/Y       -       A->Y  F     CLKINVX8       2  6.5    10    11     446    (-,-) 
  m_approx_t/g3185/Y          -       B->Y  R     NOR2X8         3 10.3    25    19     465    (-,-) 
  m_approx_t/g45/Y            -       B->Y  F     NOR2X8         2  7.7    16    14     480    (-,-) 
  m_approx_t/g40/Y            -       A->Y  R     NOR3X8         3 10.8    40    37     516    (-,-) 
  m_approx_t/g2821/Y          -       A->Y  F     CLKINVX8       1  4.9    14    14     531    (-,-) 
  m_approx_t/g3022/Y          -       B->Y  R     NAND2X8        2  9.0    16    13     544    (-,-) 
  m_approx_t/g2957/Y          -       B->Y  F     NOR2X8         3  8.4    16    13     557    (-,-) 
  m_approx_t/g86/Y            -       A->Y  R     NOR2X8         4 11.1    26    24     581    (-,-) 
  m_approx_t/g2758/Y          -       A->Y  F     INVX3          1  4.1    16    16     597    (-,-) 
  m_approx_t/g32/Y            -       B->Y  R     NAND2X6        1  5.3    12    12     608    (-,-) 
  m_approx_t/g2975/Y          -       B->Y  F     NAND2X8        5 10.7    28    22     630    (-,-) 
  m_approx_t/bms0/fopt6/Y     -       A->Y  R     CLKINVX8       2  6.2    12    12     642    (-,-) 
  m_approx_t/bms0/fopt12350/Y -       A->Y  R     BUFX6          2  7.2    13    24     666    (-,-) 
  m_approx_t/bms0/g12346/Y    -       B->Y  F     NOR2X6         1  3.3    12    10     677    (-,-) 
  m_approx_t/bms0/g125/Y      -       B0->Y R     AOI21X4        1  5.3    27    21     698    (-,-) 
  m_approx_t/bms0/g124/Y      -       B->Y  F     NAND2X8        5 13.2    35    27     725    (-,-) 
  m_approx_t/g3184/Y          -       A->Y  R     CLKINVX6       1  3.5    12    12     738    (-,-) 
  m_approx_t/g3181/Y          -       B1->Y F     OAI22X4        2  6.6    43    28     766    (-,-) 
  m_approx_t/g3044/Y          -       B->Y  R     NOR2X4         3  6.7    34    28     794    (-,-) 
  m_approx_t/g2060/Y          -       B->Y  F     NOR2X6         1  5.0    16    16     810    (-,-) 
  m_approx_t/g2525/Y          -       A->Y  R     NAND2X8        2  8.1    14    14     823    (-,-) 
  m_approx_t/g179/Y           -       B->Y  F     NOR2X6         1  4.9    14    12     835    (-,-) 
  m_approx_t/g178/Y           -       C->Y  R     NOR3X8         5  9.6    36    26     861    (-,-) 
  m_approx_t/fopt1830/Y       -       A->Y  F     CLKINVX4       1  3.3    14    16     876    (-,-) 
  m_approx_t/g62/Y            -       A1->Y R     AOI21X4        1  2.2    19    18     894    (-,-) 
  m_approx_t/g98/Y            -       B->Y  F     XNOR2X2        2  5.8    28    49     943    (-,-) 
  g5359/Y                     -       B->Y  R     NAND2BX4       1  5.3    17    16     958    (-,-) 
  g5357/Y                     -       B->Y  F     NAND2X8        3  8.2    24    20     978    (-,-) 
  g5356/Y                     -       B->Y  R     NAND2X8        2  7.1    22    13     992    (-,-) 
  g5360/Y                     -       A->Y  F     INVX4          2  5.8    16    15    1007    (-,-) 
  g5034/Y                     -       A1->Y R     OAI21X4        1  4.5    26    22    1029    (-,-) 
  g200/Y                      -       A->Y  F     NAND2X6        1  6.6    26    25    1054    (-,-) 
  R[14]                       -       -     F     (port)         -    -     -     0    1054    (-,-) 
#----------------------------------------------------------------------------------------------------



Path 2: VIOLATED (-304 ps) Late External Delay Assertion at pin R[7]
          Group: VCLK
     Startpoint: (R) A[1]
          Clock: (R) VCLK
       Endpoint: (F) R[7]
          Clock: (R) VCLK

                     Capture       Launch     
        Clock Edge:+    1000            0     
        Drv Adjust:+       0            0     
       Src Latency:+       0            0     
       Net Latency:+       0 (I)        0 (I) 
           Arrival:=    1000            0     
                                              
      Output Delay:-     200                  
       Uncertainty:-      50                  
     Required Time:=     750                  
      Launch Clock:-       0                  
       Input Delay:-     200                  
         Data Path:-     854                  
             Slack:=    -304                  

Exceptions/Constraints:
  input_delay              200             unsigned_int_mul_p_0_line_6_6_1  
  output_delay             200             unsigned_int_mul_p_0_line_7_28_1 

#-------------------------------------------------------------------------------------------------
#      Timing Point        Flags   Arc   Edge   Cell     Fanout Load Trans Delay Arrival Instance 
#                                                               (fF)  (ps)  (ps)   (ps)  Location 
#-------------------------------------------------------------------------------------------------
  A[1]                     -       -     R     (arrival)      3 20.4   100     0     200    (-,-) 
  lod_a/g12/Y              -       A->Y  F     CLKINVX16      1  4.9    21    21     221    (-,-) 
  lod_a/g11/Y              -       B->Y  R     NOR2X8         1  3.5    23    14     236    (-,-) 
  lod_a/g43/Y              -       A1->Y F     AOI21X4        1  4.9    31    28     263    (-,-) 
  lod_a/g42/Y              -       B->Y  R     NAND2X8        7 13.5    21    17     281    (-,-) 
  g5333/Y                  -       A->Y  F     CLKINVX6       4  8.5    16    15     296    (-,-) 
  g5231/Y                  -       B->Y  R     NAND2BX4       1  3.6    13    12     307    (-,-) 
  g3240__1705/Y            -       B0->Y F     OAI2BB1X4      2  5.7    29    25     333    (-,-) 
  g5365/Y                  -       B->Y  R     NAND2X6        1  5.3    15    14     346    (-,-) 
  g5364/Y                  -       B->Y  F     NAND2X8        2  5.4    20    17     363    (-,-) 
  g5362/Y                  -       B->Y  F     CLKAND2X6      6 12.1    21    32     396    (-,-) 
  m_approx_t/g2925/Y       -       B->Y  R     NAND2X6        2  5.8    16    13     409    (-,-) 
  m_approx_t/g2928/Y       -       A->Y  F     INVX3          1  4.2    14    14     422    (-,-) 
  m_approx_t/g2927/Y       -       A->Y  R     NOR2X6         3  7.4    24    22     444    (-,-) 
  m_approx_t/g50/Y         -       A->Y  F     NOR2X4         1  4.9    18    18     462    (-,-) 
  m_approx_t/g2969/Y       -       B->Y  R     NOR2X8         3 11.7    27    22     483    (-,-) 
  m_approx_t/fopt2362/Y    -       A->Y  F     CLKINVX6       4 11.0    20    18     501    (-,-) 
  m_approx_t/g202/Y        -       A->Y  R     NOR2X4         1  3.5    20    20     520    (-,-) 
  m_approx_t/g88/Y         -       A1->Y F     AOI21X4        1  4.9    30    27     547    (-,-) 
  m_approx_t/g87/Y         -       B->Y  R     NOR2X8         3  9.0    25    21     568    (-,-) 
  m_approx_t/g86/Y         -       B->Y  F     NOR2X8         4 10.5    19    16     584    (-,-) 
  m_approx_t/g2758/Y       -       A->Y  R     INVX3          1  4.4    15    14     598    (-,-) 
  m_approx_t/g32/Y         -       B->Y  F     NAND2X6        1  4.9    20    18     616    (-,-) 
  m_approx_t/g2975/Y       -       B->Y  R     NAND2X8        5 11.6    20    15     630    (-,-) 
  m_approx_t/bms0/fopt32/Y -       A->Y  R     BUFX6          2  7.1    13    26     656    (-,-) 
  m_approx_t/bms0/fopt9/Y  -       A->Y  F     CLKINVX4       2  6.0    15    14     670    (-,-) 
  m_approx_t/bms0/g12294/Y -       A->Y  R     NOR2X4         1  4.5    22    20     690    (-,-) 
  m_approx_t/bms0/g12219/Y -       B->Y  F     NOR2X6         2  6.6    17    14     704    (-,-) 
  m_approx_t/bms0/g83/Y    -       B->Y  R     NOR3X8         3  8.9    41    31     736    (-,-) 
  m_approx_t/bms0/g95/Y    -       A->Y  F     NOR2X4         2  5.8    22    22     758    (-,-) 
  m_approx_t/bms0/g12380/Y -       A1->Y R     AOI21X4        1  5.3    27    25     783    (-,-) 
  m_approx_t/bms0/g12378/Y -       B->Y  F     NAND2X8        5  9.6    28    24     806    (-,-) 
  m_approx_t/fopt13/Y      -       A->Y  F     BUFX6          3  8.0    15    29     835    (-,-) 
  m_approx_t/fopt2674/Y    -       A->Y  R     INVX3          1  3.5    12    12     847    (-,-) 
  m_approx_t/g2740/Y       -       B->Y  F     NOR2X4         1  2.4    11    10     857    (-,-) 
  m_approx_t/g2766/Y       -       B->Y  R     NOR2BX2        1  1.9    19    16     873    (-,-) 
  m_approx_t/g2451/Y       -       A->Y  F     CLKXOR2X2      3  6.0    29    65     938    (-,-) 
  g5093/Y                  -       B->Y  R     NAND2BX4       2  8.0    22    18     956    (-,-) 
  g5456/Y                  -       B->Y  F     NAND2X6        1  4.9    22    19     976    (-,-) 
  g5455/Y                  -       B->Y  R     NAND2X8        2  8.0    15    13     989    (-,-) 
  g5282/Y                  -       B->Y  F     NAND2X8        3  7.4    23    19    1008    (-,-) 
  g58/Y                    -       A1->Y R     AOI21X4        1  4.4    26    23    1031    (-,-) 
  g5218/Y                  -       B->Y  F     NAND2X6        1  6.6    26    22    1054    (-,-) 
  R[7]                     -       -     F     (port)         -    -     -     0    1054    (-,-) 
#-------------------------------------------------------------------------------------------------



Path 3: VIOLATED (-304 ps) Late External Delay Assertion at pin R[5]
          Group: VCLK
     Startpoint: (R) A[1]
          Clock: (R) VCLK
       Endpoint: (F) R[5]
          Clock: (R) VCLK

                     Capture       Launch     
        Clock Edge:+    1000            0     
        Drv Adjust:+       0            0     
       Src Latency:+       0            0     
       Net Latency:+       0 (I)        0 (I) 
           Arrival:=    1000            0     
                                              
      Output Delay:-     200                  
       Uncertainty:-      50                  
     Required Time:=     750                  
      Launch Clock:-       0                  
       Input Delay:-     200                  
         Data Path:-     854                  
             Slack:=    -304                  

Exceptions/Constraints:
  input_delay              200             unsigned_int_mul_p_0_line_6_6_1  
  output_delay             200             unsigned_int_mul_p_0_line_7_30_1 

#-------------------------------------------------------------------------------------------------
#      Timing Point        Flags   Arc   Edge   Cell     Fanout Load Trans Delay Arrival Instance 
#                                                               (fF)  (ps)  (ps)   (ps)  Location 
#-------------------------------------------------------------------------------------------------
  A[1]                     -       -     R     (arrival)      3 20.4   100     0     200    (-,-) 
  lod_a/g12/Y              -       A->Y  F     CLKINVX16      1  4.9    21    21     221    (-,-) 
  lod_a/g11/Y              -       B->Y  R     NOR2X8         1  3.5    23    14     236    (-,-) 
  lod_a/g43/Y              -       A1->Y F     AOI21X4        1  4.9    31    28     263    (-,-) 
  lod_a/g42/Y              -       B->Y  R     NAND2X8        7 13.5    21    17     281    (-,-) 
  g5333/Y                  -       A->Y  F     CLKINVX6       4  8.5    16    15     296    (-,-) 
  g5231/Y                  -       B->Y  R     NAND2BX4       1  3.6    13    12     307    (-,-) 
  g3240__1705/Y            -       B0->Y F     OAI2BB1X4      2  5.7    29    25     333    (-,-) 
  g5365/Y                  -       B->Y  R     NAND2X6        1  5.3    15    14     346    (-,-) 
  g5364/Y                  -       B->Y  F     NAND2X8        2  5.4    20    17     363    (-,-) 
  g5362/Y                  -       B->Y  F     CLKAND2X6      6 12.1    21    32     396    (-,-) 
  m_approx_t/g2925/Y       -       B->Y  R     NAND2X6        2  5.8    16    13     409    (-,-) 
  m_approx_t/g2928/Y       -       A->Y  F     INVX3          1  4.2    14    14     422    (-,-) 
  m_approx_t/g2927/Y       -       A->Y  R     NOR2X6         3  7.4    24    22     444    (-,-) 
  m_approx_t/g50/Y         -       A->Y  F     NOR2X4         1  4.9    18    18     462    (-,-) 
  m_approx_t/g2969/Y       -       B->Y  R     NOR2X8         3 11.7    27    22     483    (-,-) 
  m_approx_t/fopt2362/Y    -       A->Y  F     CLKINVX6       4 11.0    20    18     501    (-,-) 
  m_approx_t/g202/Y        -       A->Y  R     NOR2X4         1  3.5    20    20     520    (-,-) 
  m_approx_t/g88/Y         -       A1->Y F     AOI21X4        1  4.9    30    27     547    (-,-) 
  m_approx_t/g87/Y         -       B->Y  R     NOR2X8         3  9.0    25    21     568    (-,-) 
  m_approx_t/g86/Y         -       B->Y  F     NOR2X8         4 10.5    19    16     584    (-,-) 
  m_approx_t/g2758/Y       -       A->Y  R     INVX3          1  4.4    15    14     598    (-,-) 
  m_approx_t/g32/Y         -       B->Y  F     NAND2X6        1  4.9    20    18     616    (-,-) 
  m_approx_t/g2975/Y       -       B->Y  R     NAND2X8        5 11.6    20    15     630    (-,-) 
  m_approx_t/bms0/fopt32/Y -       A->Y  R     BUFX6          2  7.1    13    26     656    (-,-) 
  m_approx_t/bms0/fopt9/Y  -       A->Y  F     CLKINVX4       2  6.0    15    14     670    (-,-) 
  m_approx_t/bms0/g12294/Y -       A->Y  R     NOR2X4         1  4.5    22    20     690    (-,-) 
  m_approx_t/bms0/g12219/Y -       B->Y  F     NOR2X6         2  6.6    17    14     704    (-,-) 
  m_approx_t/bms0/g83/Y    -       B->Y  R     NOR3X8         3  8.9    41    31     736    (-,-) 
  m_approx_t/bms0/g95/Y    -       A->Y  F     NOR2X4         2  5.8    22    22     758    (-,-) 
  m_approx_t/bms0/g12380/Y -       A1->Y R     AOI21X4        1  5.3    27    25     783    (-,-) 
  m_approx_t/bms0/g12378/Y -       B->Y  F     NAND2X8        5  9.6    28    24     806    (-,-) 
  m_approx_t/g2446/Y       -       A->Y  R     XNOR2X1        1  1.9    17    49     856    (-,-) 
  m_approx_t/g2892/Y       -       A->Y  F     CLKXOR2X2      2  4.9    25    62     918    (-,-) 
  g4494__5164/Y            -       B1->Y R     AOI22X4        3  6.6    48    28     946    (-,-) 
  g5072/Y                  -       A1->Y F     OAI22X2        2  4.1    45    44     990    (-,-) 
  g196/Y                   -       A1->Y R     AOI21X2        1  3.5    37    34    1024    (-,-) 
  g194/Y                   -       B->Y  F     NAND2X4        1  6.6    35    30    1054    (-,-) 
  R[5]                     -       -     F     (port)         -    -     -     0    1054    (-,-) 
#-------------------------------------------------------------------------------------------------



Path 4: VIOLATED (-304 ps) Late External Delay Assertion at pin R[6]
          Group: VCLK
     Startpoint: (R) A[1]
          Clock: (R) VCLK
       Endpoint: (F) R[6]
          Clock: (R) VCLK

                     Capture       Launch     
        Clock Edge:+    1000            0     
        Drv Adjust:+       0            0     
       Src Latency:+       0            0     
       Net Latency:+       0 (I)        0 (I) 
           Arrival:=    1000            0     
                                              
      Output Delay:-     200                  
       Uncertainty:-      50                  
     Required Time:=     750                  
      Launch Clock:-       0                  
       Input Delay:-     200                  
         Data Path:-     854                  
             Slack:=    -304                  

Exceptions/Constraints:
  input_delay              200             unsigned_int_mul_p_0_line_6_6_1  
  output_delay             200             unsigned_int_mul_p_0_line_7_29_1 

#-------------------------------------------------------------------------------------------------
#      Timing Point        Flags   Arc   Edge   Cell     Fanout Load Trans Delay Arrival Instance 
#                                                               (fF)  (ps)  (ps)   (ps)  Location 
#-------------------------------------------------------------------------------------------------
  A[1]                     -       -     R     (arrival)      3 20.4   100     0     200    (-,-) 
  lod_a/g12/Y              -       A->Y  F     CLKINVX16      1  4.9    21    21     221    (-,-) 
  lod_a/g11/Y              -       B->Y  R     NOR2X8         1  3.5    23    14     236    (-,-) 
  lod_a/g43/Y              -       A1->Y F     AOI21X4        1  4.9    31    28     263    (-,-) 
  lod_a/g42/Y              -       B->Y  R     NAND2X8        7 13.5    21    17     281    (-,-) 
  g5333/Y                  -       A->Y  F     CLKINVX6       4  8.5    16    15     296    (-,-) 
  g5231/Y                  -       B->Y  R     NAND2BX4       1  3.6    13    12     307    (-,-) 
  g3240__1705/Y            -       B0->Y F     OAI2BB1X4      2  5.7    29    25     333    (-,-) 
  g5365/Y                  -       B->Y  R     NAND2X6        1  5.3    15    14     346    (-,-) 
  g5364/Y                  -       B->Y  F     NAND2X8        2  5.4    20    17     363    (-,-) 
  g5362/Y                  -       B->Y  F     CLKAND2X6      6 12.1    21    32     396    (-,-) 
  m_approx_t/g2925/Y       -       B->Y  R     NAND2X6        2  5.8    16    13     409    (-,-) 
  m_approx_t/g2928/Y       -       A->Y  F     INVX3          1  4.2    14    14     422    (-,-) 
  m_approx_t/g2927/Y       -       A->Y  R     NOR2X6         3  7.4    24    22     444    (-,-) 
  m_approx_t/g50/Y         -       A->Y  F     NOR2X4         1  4.9    18    18     462    (-,-) 
  m_approx_t/g2969/Y       -       B->Y  R     NOR2X8         3 11.7    27    22     483    (-,-) 
  m_approx_t/fopt2362/Y    -       A->Y  F     CLKINVX6       4 11.0    20    18     501    (-,-) 
  m_approx_t/g202/Y        -       A->Y  R     NOR2X4         1  3.5    20    20     520    (-,-) 
  m_approx_t/g88/Y         -       A1->Y F     AOI21X4        1  4.9    30    27     547    (-,-) 
  m_approx_t/g87/Y         -       B->Y  R     NOR2X8         3  9.0    25    21     568    (-,-) 
  m_approx_t/g86/Y         -       B->Y  F     NOR2X8         4 10.5    19    16     584    (-,-) 
  m_approx_t/g2758/Y       -       A->Y  R     INVX3          1  4.4    15    14     598    (-,-) 
  m_approx_t/g32/Y         -       B->Y  F     NAND2X6        1  4.9    20    18     616    (-,-) 
  m_approx_t/g2975/Y       -       B->Y  R     NAND2X8        5 11.6    20    15     630    (-,-) 
  m_approx_t/bms0/fopt32/Y -       A->Y  R     BUFX6          2  7.1    13    26     656    (-,-) 
  m_approx_t/bms0/fopt9/Y  -       A->Y  F     CLKINVX4       2  6.0    15    14     670    (-,-) 
  m_approx_t/bms0/g12294/Y -       A->Y  R     NOR2X4         1  4.5    22    20     690    (-,-) 
  m_approx_t/bms0/g12219/Y -       B->Y  F     NOR2X6         2  6.6    17    14     704    (-,-) 
  m_approx_t/bms0/g83/Y    -       B->Y  R     NOR3X8         3  8.9    41    31     736    (-,-) 
  m_approx_t/bms0/g95/Y    -       A->Y  F     NOR2X4         2  5.8    22    22     758    (-,-) 
  m_approx_t/bms0/g12380/Y -       A1->Y R     AOI21X4        1  5.3    27    25     783    (-,-) 
  m_approx_t/bms0/g12378/Y -       B->Y  F     NAND2X8        5  9.6    28    24     806    (-,-) 
  m_approx_t/fopt13/Y      -       A->Y  F     BUFX6          3  8.0    15    29     835    (-,-) 
  m_approx_t/fopt2674/Y    -       A->Y  R     INVX3          1  3.5    12    12     847    (-,-) 
  m_approx_t/g2740/Y       -       B->Y  F     NOR2X4         1  2.4    11    10     857    (-,-) 
  m_approx_t/g2766/Y       -       B->Y  R     NOR2BX2        1  1.9    19    16     873    (-,-) 
  m_approx_t/g2451/Y       -       A->Y  F     CLKXOR2X2      3  6.0    29    65     938    (-,-) 
  g5525/Y                  -       B->Y  F     CLKAND2X3      1  4.1    15    32     970    (-,-) 
  g210/Y                   -       B->Y  R     NOR2X6         4  8.8    27    21     990    (-,-) 
  g5286/Y                  -       A->Y  F     NOR2X4         1  4.1    17    17    1008    (-,-) 
  g266/Y                   -       B->Y  R     NOR2X6         1  3.5    16    15    1022    (-,-) 
  g261/Y                   -       A0->Y F     OAI21X4        1  6.6    38    31    1054    (-,-) 
  R[6]                     -       -     F     (port)         -    -     -     0    1054    (-,-) 
#-------------------------------------------------------------------------------------------------



Path 5: VIOLATED (-304 ps) Late External Delay Assertion at pin R[9]
          Group: VCLK
     Startpoint: (R) A[6]
          Clock: (R) VCLK
       Endpoint: (F) R[9]
          Clock: (R) VCLK

                     Capture       Launch     
        Clock Edge:+    1000            0     
        Drv Adjust:+       0            0     
       Src Latency:+       0            0     
       Net Latency:+       0 (I)        0 (I) 
           Arrival:=    1000            0     
                                              
      Output Delay:-     200                  
       Uncertainty:-      50                  
     Required Time:=     750                  
      Launch Clock:-       0                  
       Input Delay:-     200                  
         Data Path:-     854                  
             Slack:=    -304                  

Exceptions/Constraints:
  input_delay              200             unsigned_int_mul_p_0_line_6_1_1  
  output_delay             200             unsigned_int_mul_p_0_line_7_26_1 

#----------------------------------------------------------------------------------------------------
#        Timing Point         Flags   Arc   Edge   Cell     Fanout Load Trans Delay Arrival Instance 
#                                                                  (fF)  (ps)  (ps)   (ps)  Location 
#----------------------------------------------------------------------------------------------------
  A[6]                        -       -     R     (arrival)      6 19.4   100     0     200    (-,-) 
  lod_a/g62/Y                 -       A->Y  F     NOR3X8         1  3.3    28    33     233    (-,-) 
  lod_a/g43/Y                 -       B0->Y R     AOI21X4        1  5.3    29    25     258    (-,-) 
  lod_a/g42/Y                 -       B->Y  F     NAND2X8        7 12.7    34    27     285    (-,-) 
  g5330/Y                     -       B->Y  R     NOR2X2         1  4.4    39    32     317    (-,-) 
  g5329/Y                     -       A->Y  F     NOR2X6         2  5.8    19    20     336    (-,-) 
  g49/Y                       -       A1->Y R     OAI22X4        3  8.9    49    34     370    (-,-) 
  m_approx_t/g3227/Y          -       A->Y  F     CLKINVX6       3  9.4    22    21     391    (-,-) 
  m_approx_t/g2988_dup/Y      -       A->Y  R     NOR2X8         1  5.4    17    20     410    (-,-) 
  m_approx_t/g3231/Y          -       B->Y  F     NOR2X8         2  8.2    18    13     423    (-,-) 
  m_approx_t/g71/Y            -       B->Y  R     NAND2X8        2  6.7    13    12     436    (-,-) 
  m_approx_t/fopt3036/Y       -       A->Y  F     CLKINVX8       2  6.5    10    11     446    (-,-) 
  m_approx_t/g3185/Y          -       B->Y  R     NOR2X8         3 10.3    25    19     465    (-,-) 
  m_approx_t/g45/Y            -       B->Y  F     NOR2X8         2  7.7    16    14     480    (-,-) 
  m_approx_t/g40/Y            -       A->Y  R     NOR3X8         3 10.8    40    37     516    (-,-) 
  m_approx_t/g2821/Y          -       A->Y  F     CLKINVX8       1  4.9    14    14     531    (-,-) 
  m_approx_t/g3022/Y          -       B->Y  R     NAND2X8        2  9.0    16    13     544    (-,-) 
  m_approx_t/g2957/Y          -       B->Y  F     NOR2X8         3  8.4    16    13     557    (-,-) 
  m_approx_t/g86/Y            -       A->Y  R     NOR2X8         4 11.1    26    24     581    (-,-) 
  m_approx_t/g2758/Y          -       A->Y  F     INVX3          1  4.1    16    16     597    (-,-) 
  m_approx_t/g32/Y            -       B->Y  R     NAND2X6        1  5.3    12    12     608    (-,-) 
  m_approx_t/g2975/Y          -       B->Y  F     NAND2X8        5 10.7    28    22     630    (-,-) 
  m_approx_t/bms0/fopt6/Y     -       A->Y  R     CLKINVX8       2  6.2    12    12     642    (-,-) 
  m_approx_t/bms0/fopt12350/Y -       A->Y  R     BUFX6          2  7.2    13    24     666    (-,-) 
  m_approx_t/bms0/g12346/Y    -       B->Y  F     NOR2X6         1  3.3    12    10     677    (-,-) 
  m_approx_t/bms0/g125/Y      -       B0->Y R     AOI21X4        1  5.3    27    21     698    (-,-) 
  m_approx_t/bms0/g124/Y      -       B->Y  F     NAND2X8        5 13.2    35    27     725    (-,-) 
  m_approx_t/g3184/Y          -       A->Y  R     CLKINVX6       1  3.5    12    12     738    (-,-) 
  m_approx_t/g3181/Y          -       B1->Y F     OAI22X4        2  6.6    43    28     766    (-,-) 
  m_approx_t/g3044/Y          -       B->Y  R     NOR2X4         3  6.7    34    28     794    (-,-) 
  m_approx_t/g2060/Y          -       B->Y  F     NOR2X6         1  5.0    16    16     810    (-,-) 
  m_approx_t/g2525/Y          -       A->Y  R     NAND2X8        2  8.1    14    14     823    (-,-) 
  m_approx_t/g179/Y           -       B->Y  F     NOR2X6         1  4.9    14    12     835    (-,-) 
  m_approx_t/g178/Y           -       C->Y  R     NOR3X8         5  9.6    36    26     861    (-,-) 
  m_approx_t/fopt1830/Y       -       A->Y  F     CLKINVX4       1  3.3    14    16     876    (-,-) 
  m_approx_t/g62/Y            -       A1->Y R     AOI21X4        1  2.2    19    18     894    (-,-) 
  m_approx_t/g98/Y            -       B->Y  F     XNOR2X2        2  5.8    28    49     943    (-,-) 
  g5410/Y                     -       B->Y  R     NAND2BX4       1  5.3    17    16     958    (-,-) 
  g5560/Y                     -       B->Y  F     NAND2X8        2  8.2    25    20     978    (-,-) 
  g5567/Y                     -       B->Y  R     NAND2X8        3 10.7    18    15     994    (-,-) 
  g45_dup/Y                   -       B->Y  F     NAND2X8        1  3.3    16    16    1009    (-,-) 
  g5571/Y                     -       A1->Y R     AOI21X4        1  4.4    26    22    1031    (-,-) 
  g5016/Y                     -       B->Y  F     NAND2X6        1  6.6    27    23    1054    (-,-) 
  R[9]                        -       -     F     (port)         -    -     -     0    1054    (-,-) 
#----------------------------------------------------------------------------------------------------



Path 6: VIOLATED (-304 ps) Late External Delay Assertion at pin R[15]
          Group: VCLK
     Startpoint: (R) A[1]
          Clock: (R) VCLK
       Endpoint: (F) R[15]
          Clock: (R) VCLK

                     Capture       Launch     
        Clock Edge:+    1000            0     
        Drv Adjust:+       0            0     
       Src Latency:+       0            0     
       Net Latency:+       0 (I)        0 (I) 
           Arrival:=    1000            0     
                                              
      Output Delay:-     200                  
       Uncertainty:-      50                  
     Required Time:=     750                  
      Launch Clock:-       0                  
       Input Delay:-     200                  
         Data Path:-     854                  
             Slack:=    -304                  

Exceptions/Constraints:
  input_delay              200             unsigned_int_mul_p_0_line_6_6_1 
  output_delay             200             unsigned_int_mul_p_0_line_7     

#-------------------------------------------------------------------------------------------------
#      Timing Point        Flags   Arc   Edge   Cell     Fanout Load Trans Delay Arrival Instance 
#                                                               (fF)  (ps)  (ps)   (ps)  Location 
#-------------------------------------------------------------------------------------------------
  A[1]                     -       -     R     (arrival)      3 20.4   100     0     200    (-,-) 
  lod_a/g12/Y              -       A->Y  F     CLKINVX16      1  4.9    21    21     221    (-,-) 
  lod_a/g11/Y              -       B->Y  R     NOR2X8         1  3.5    23    14     236    (-,-) 
  lod_a/g43/Y              -       A1->Y F     AOI21X4        1  4.9    31    28     263    (-,-) 
  lod_a/g42/Y              -       B->Y  R     NAND2X8        7 13.5    21    17     281    (-,-) 
  g5333/Y                  -       A->Y  F     CLKINVX6       4  8.5    16    15     296    (-,-) 
  g5231/Y                  -       B->Y  R     NAND2BX4       1  3.6    13    12     307    (-,-) 
  g3240__1705/Y            -       B0->Y F     OAI2BB1X4      2  5.7    29    25     333    (-,-) 
  g5365/Y                  -       B->Y  R     NAND2X6        1  5.3    15    14     346    (-,-) 
  g5364/Y                  -       B->Y  F     NAND2X8        2  5.4    20    17     363    (-,-) 
  g5362/Y                  -       B->Y  F     CLKAND2X6      6 12.1    21    32     396    (-,-) 
  m_approx_t/g2925/Y       -       B->Y  R     NAND2X6        2  5.8    16    13     409    (-,-) 
  m_approx_t/g2928/Y       -       A->Y  F     INVX3          1  4.2    14    14     422    (-,-) 
  m_approx_t/g2927/Y       -       A->Y  R     NOR2X6         3  7.4    24    22     444    (-,-) 
  m_approx_t/g50/Y         -       A->Y  F     NOR2X4         1  4.9    18    18     462    (-,-) 
  m_approx_t/g2969/Y       -       B->Y  R     NOR2X8         3 11.7    27    22     483    (-,-) 
  m_approx_t/fopt2362/Y    -       A->Y  F     CLKINVX6       4 11.0    20    18     501    (-,-) 
  m_approx_t/g202/Y        -       A->Y  R     NOR2X4         1  3.5    20    20     520    (-,-) 
  m_approx_t/g88/Y         -       A1->Y F     AOI21X4        1  4.9    30    27     547    (-,-) 
  m_approx_t/g87/Y         -       B->Y  R     NOR2X8         3  9.0    25    21     568    (-,-) 
  m_approx_t/g86/Y         -       B->Y  F     NOR2X8         4 10.5    19    16     584    (-,-) 
  m_approx_t/g2758/Y       -       A->Y  R     INVX3          1  4.4    15    14     598    (-,-) 
  m_approx_t/g32/Y         -       B->Y  F     NAND2X6        1  4.9    20    18     616    (-,-) 
  m_approx_t/g2975/Y       -       B->Y  R     NAND2X8        5 11.6    20    15     630    (-,-) 
  m_approx_t/bms0/fopt32/Y -       A->Y  R     BUFX6          2  7.1    13    26     656    (-,-) 
  m_approx_t/bms0/fopt9/Y  -       A->Y  F     CLKINVX4       2  6.0    15    14     670    (-,-) 
  m_approx_t/bms0/g12294/Y -       A->Y  R     NOR2X4         1  4.5    22    20     690    (-,-) 
  m_approx_t/bms0/g12219/Y -       B->Y  F     NOR2X6         2  6.6    17    14     704    (-,-) 
  m_approx_t/bms0/g83/Y    -       B->Y  R     NOR3X8         3  8.9    41    31     736    (-,-) 
  m_approx_t/bms0/g95/Y    -       A->Y  F     NOR2X4         2  5.8    22    22     758    (-,-) 
  m_approx_t/bms0/g12380/Y -       A1->Y R     AOI21X4        1  5.3    27    25     783    (-,-) 
  m_approx_t/bms0/g12378/Y -       B->Y  F     NAND2X8        5  9.6    28    24     806    (-,-) 
  m_approx_t/fopt13/Y      -       A->Y  F     BUFX6          3  8.0    15    29     835    (-,-) 
  m_approx_t/fopt2674/Y    -       A->Y  R     INVX3          1  3.5    12    12     847    (-,-) 
  m_approx_t/g2740/Y       -       B->Y  F     NOR2X4         1  2.4    11    10     857    (-,-) 
  m_approx_t/g2766/Y       -       B->Y  R     NOR2BX2        1  1.9    19    16     873    (-,-) 
  m_approx_t/g2451/Y       -       A->Y  F     CLKXOR2X2      3  6.0    29    65     938    (-,-) 
  g5093/Y                  -       B->Y  R     NAND2BX4       2  8.0    22    18     956    (-,-) 
  g5456/Y                  -       B->Y  F     NAND2X6        1  4.9    22    19     976    (-,-) 
  g5455/Y                  -       B->Y  R     NAND2X8        2  8.0    15    13     989    (-,-) 
  g5282/Y                  -       B->Y  F     NAND2X8        3  7.4    23    19    1008    (-,-) 
  g5281/Y                  -       A1->Y R     AOI21X4        1  4.4    26    23    1031    (-,-) 
  g44/Y                    -       B->Y  F     NAND2X6        1  6.6    26    22    1054    (-,-) 
  R[15]                    -       -     F     (port)         -    -     -     0    1054    (-,-) 
#-------------------------------------------------------------------------------------------------



Path 7: VIOLATED (-303 ps) Late External Delay Assertion at pin R[3]
          Group: VCLK
     Startpoint: (R) A[6]
          Clock: (R) VCLK
       Endpoint: (R) R[3]
          Clock: (R) VCLK

                     Capture       Launch     
        Clock Edge:+    1000            0     
        Drv Adjust:+       0            0     
       Src Latency:+       0            0     
       Net Latency:+       0 (I)        0 (I) 
           Arrival:=    1000            0     
                                              
      Output Delay:-     200                  
       Uncertainty:-      50                  
     Required Time:=     750                  
      Launch Clock:-       0                  
       Input Delay:-     200                  
         Data Path:-     853                  
             Slack:=    -303                  

Exceptions/Constraints:
  input_delay              200             unsigned_int_mul_p_0_line_6_1_1  
  output_delay             200             unsigned_int_mul_p_0_line_7_32_1 

#----------------------------------------------------------------------------------------------------
#        Timing Point         Flags   Arc   Edge   Cell     Fanout Load Trans Delay Arrival Instance 
#                                                                  (fF)  (ps)  (ps)   (ps)  Location 
#----------------------------------------------------------------------------------------------------
  A[6]                        -       -     R     (arrival)      6 19.4   100     0     200    (-,-) 
  lod_a/g62/Y                 -       A->Y  F     NOR3X8         1  3.3    28    33     233    (-,-) 
  lod_a/g43/Y                 -       B0->Y R     AOI21X4        1  5.3    29    25     258    (-,-) 
  lod_a/g42/Y                 -       B->Y  F     NAND2X8        7 12.7    34    27     285    (-,-) 
  g5330/Y                     -       B->Y  R     NOR2X2         1  4.4    39    32     317    (-,-) 
  g5329/Y                     -       A->Y  F     NOR2X6         2  5.8    19    20     336    (-,-) 
  g49/Y                       -       A1->Y R     OAI22X4        3  8.9    49    34     370    (-,-) 
  m_approx_t/g3227/Y          -       A->Y  F     CLKINVX6       3  9.4    22    21     391    (-,-) 
  m_approx_t/g2988_dup/Y      -       A->Y  R     NOR2X8         1  5.4    17    20     410    (-,-) 
  m_approx_t/g3231/Y          -       B->Y  F     NOR2X8         2  8.2    18    13     423    (-,-) 
  m_approx_t/g71/Y            -       B->Y  R     NAND2X8        2  6.7    13    12     436    (-,-) 
  m_approx_t/fopt3036/Y       -       A->Y  F     CLKINVX8       2  6.5    10    11     446    (-,-) 
  m_approx_t/g3185/Y          -       B->Y  R     NOR2X8         3 10.3    25    19     465    (-,-) 
  m_approx_t/g45/Y            -       B->Y  F     NOR2X8         2  7.7    16    14     480    (-,-) 
  m_approx_t/g40/Y            -       A->Y  R     NOR3X8         3 10.8    40    37     516    (-,-) 
  m_approx_t/g2821/Y          -       A->Y  F     CLKINVX8       1  4.9    14    14     531    (-,-) 
  m_approx_t/g3022/Y          -       B->Y  R     NAND2X8        2  9.0    16    13     544    (-,-) 
  m_approx_t/g2957/Y          -       B->Y  F     NOR2X8         3  8.4    16    13     557    (-,-) 
  m_approx_t/g86/Y            -       A->Y  R     NOR2X8         4 11.1    26    24     581    (-,-) 
  m_approx_t/g2758/Y          -       A->Y  F     INVX3          1  4.1    16    16     597    (-,-) 
  m_approx_t/g32/Y            -       B->Y  R     NAND2X6        1  5.3    12    12     608    (-,-) 
  m_approx_t/g2975/Y          -       B->Y  F     NAND2X8        5 10.7    28    22     630    (-,-) 
  m_approx_t/bms0/fopt6/Y     -       A->Y  R     CLKINVX8       2  6.2    12    12     642    (-,-) 
  m_approx_t/bms0/fopt12350/Y -       A->Y  R     BUFX6          2  7.2    13    24     666    (-,-) 
  m_approx_t/bms0/g12346/Y    -       B->Y  F     NOR2X6         1  3.3    12    10     677    (-,-) 
  m_approx_t/bms0/g125/Y      -       B0->Y R     AOI21X4        1  5.3    27    21     698    (-,-) 
  m_approx_t/bms0/g124/Y      -       B->Y  F     NAND2X8        5 13.2    35    27     725    (-,-) 
  m_approx_t/g3181/Y          -       A1->Y R     OAI22X4        2  7.1    46    34     759    (-,-) 
  m_approx_t/g3039/Y          -       B->Y  F     NAND2X6        3  7.2    32    28     787    (-,-) 
  m_approx_t/g3019/Y          -       B->Y  R     NOR2X8         2  8.1    24    20     807    (-,-) 
  m_approx_t/g2572_dup/Y      -       B->Y  F     NOR2X4         1  4.1    14    14     822    (-,-) 
  m_approx_t/g3059/Y          -       A->Y  R     NAND2X6        2  4.6    12    12     834    (-,-) 
  m_approx_t/g47/Y            -       A1->Y F     AOI21X4        1  2.1    20    19     854    (-,-) 
  m_approx_t/g96/Y            -       B->Y  R     XNOR2X2        2  6.2    28    54     907    (-,-) 
  g4494__5164/Y               -       A1->Y F     AOI22X4        3  6.2    46    36     944    (-,-) 
  g5224/Y                     -       B->Y  F     OR2X4          2  7.5    24    54     998    (-,-) 
  g5282/Y                     -       A->Y  R     NAND2X8        3  8.0    15    15    1013    (-,-) 
  g5283/Y                     -       A->Y  F     INVX2          1  3.3    15    14    1028    (-,-) 
  g5139/Y                     -       A1->Y R     OAI21X4        1  6.6    33    26    1053    (-,-) 
  R[3]                        -       -     R     (port)         -    -     -     0    1053    (-,-) 
#----------------------------------------------------------------------------------------------------



Path 8: VIOLATED (-303 ps) Late External Delay Assertion at pin R[8]
          Group: VCLK
     Startpoint: (R) A[1]
          Clock: (R) VCLK
       Endpoint: (F) R[8]
          Clock: (R) VCLK

                     Capture       Launch     
        Clock Edge:+    1000            0     
        Drv Adjust:+       0            0     
       Src Latency:+       0            0     
       Net Latency:+       0 (I)        0 (I) 
           Arrival:=    1000            0     
                                              
      Output Delay:-     200                  
       Uncertainty:-      50                  
     Required Time:=     750                  
      Launch Clock:-       0                  
       Input Delay:-     200                  
         Data Path:-     853                  
             Slack:=    -303                  

Exceptions/Constraints:
  input_delay              200             unsigned_int_mul_p_0_line_6_6_1  
  output_delay             200             unsigned_int_mul_p_0_line_7_27_1 

#-------------------------------------------------------------------------------------------------
#      Timing Point        Flags   Arc   Edge   Cell     Fanout Load Trans Delay Arrival Instance 
#                                                               (fF)  (ps)  (ps)   (ps)  Location 
#-------------------------------------------------------------------------------------------------
  A[1]                     -       -     R     (arrival)      3 20.4   100     0     200    (-,-) 
  lod_a/g12/Y              -       A->Y  F     CLKINVX16      1  4.9    21    21     221    (-,-) 
  lod_a/g11/Y              -       B->Y  R     NOR2X8         1  3.5    23    14     236    (-,-) 
  lod_a/g43/Y              -       A1->Y F     AOI21X4        1  4.9    31    28     263    (-,-) 
  lod_a/g42/Y              -       B->Y  R     NAND2X8        7 13.5    21    17     281    (-,-) 
  g5333/Y                  -       A->Y  F     CLKINVX6       4  8.5    16    15     296    (-,-) 
  g5231/Y                  -       B->Y  R     NAND2BX4       1  3.6    13    12     307    (-,-) 
  g3240__1705/Y            -       B0->Y F     OAI2BB1X4      2  5.7    29    25     333    (-,-) 
  g5365/Y                  -       B->Y  R     NAND2X6        1  5.3    15    14     346    (-,-) 
  g5364/Y                  -       B->Y  F     NAND2X8        2  5.4    20    17     363    (-,-) 
  g5362/Y                  -       B->Y  F     CLKAND2X6      6 12.1    21    32     396    (-,-) 
  m_approx_t/g2675/Y       -       A->Y  F     OR2X4          2  5.4    20    48     444    (-,-) 
  m_approx_t/g2514/Y       -       A->Y  R     CLKINVX3       2  6.3    19    16     461    (-,-) 
  m_approx_t/g22/Y         -       A1->Y F     OAI21X4        3  5.4    32    26     486    (-,-) 
  m_approx_t/g201/Y        -       B->Y  F     XOR3X1         2  4.2    39    70     556    (-,-) 
  m_approx_t/g2985/Y       -       A->Y  F     OR2X6          1  4.9    15    44     600    (-,-) 
  m_approx_t/g2989/Y       -       B->Y  R     NAND2X8        4  8.7    19    13     613    (-,-) 
  m_approx_t/bms0/g136/Y   -       B->Y  F     NOR2X4         1  4.1    17    13     626    (-,-) 
  m_approx_t/bms0/g45/Y    -       B->Y  R     NOR2X6         1  5.4    20    17     643    (-,-) 
  m_approx_t/bms0/g12343/Y -       B->Y  F     NOR2X8         3  9.1    16    14     657    (-,-) 
  m_approx_t/bms0/fopt98/Y -       A->Y  R     CLKINVX6       1  4.4    10    10     668    (-,-) 
  m_approx_t/bms0/g82/Y    -       A->Y  F     CLKINVX6       2  6.6    12    11     679    (-,-) 
  m_approx_t/bms0/g69/Y    -       B->Y  R     NOR2X6         1  4.5    17    15     694    (-,-) 
  m_approx_t/bms0/g12285/Y -       A->Y  F     NAND2X6        2  4.5    22    20     714    (-,-) 
  m_approx_t/bms0/g12284/Y -       B->Y  R     NAND2BX4       1  4.4    15    14     727    (-,-) 
  m_approx_t/bms0/g159/Y   -       A->Y  F     NOR2X6         1  4.9    13    14     741    (-,-) 
  m_approx_t/bms0/g157/Y   -       C->Y  R     NOR3X8         1  5.3    26    20     760    (-,-) 
  m_approx_t/bms0/g12140/Y -       B->Y  F     NAND2X8        3 10.7    30    25     785    (-,-) 
  m_approx_t/fopt4/Y       -       A->Y  R     CLKINVX6       6  9.7    18    16     801    (-,-) 
  m_approx_t/g64/Y         -       B->Y  F     NOR2BX1        1  2.0    19    17     818    (-,-) 
  m_approx_t/g2910/Y       -       B->Y  R     NOR2BX1        1  1.9    32    26     844    (-,-) 
  m_approx_t/g96/Y         -       A->Y  F     XNOR2X2        2  5.8    28    66     910    (-,-) 
  g5478/Y                  -       A1->Y R     AOI22X4        3  8.0    47    36     946    (-,-) 
  g61/Y                    -       B->Y  F     NOR2X2         1  3.3    29    24     969    (-,-) 
  g59/Y                    -       A1->Y R     OAI21X4        1  4.4    28    25     994    (-,-) 
  g85/Y                    -       B->Y  F     NAND2X6        1  4.9    23    21    1014    (-,-) 
  g5574/Y                  -       B->Y  R     NAND2X8        1  3.5    11    11    1026    (-,-) 
  g5448/Y                  -       B0->Y F     OAI21X4        1  6.6    39    27    1053    (-,-) 
  R[8]                     -       -     F     (port)         -    -     -     0    1053    (-,-) 
#-------------------------------------------------------------------------------------------------



Path 9: VIOLATED (-303 ps) Late External Delay Assertion at pin R[13]
          Group: VCLK
     Startpoint: (R) A[6]
          Clock: (R) VCLK
       Endpoint: (F) R[13]
          Clock: (R) VCLK

                     Capture       Launch     
        Clock Edge:+    1000            0     
        Drv Adjust:+       0            0     
       Src Latency:+       0            0     
       Net Latency:+       0 (I)        0 (I) 
           Arrival:=    1000            0     
                                              
      Output Delay:-     200                  
       Uncertainty:-      50                  
     Required Time:=     750                  
      Launch Clock:-       0                  
       Input Delay:-     200                  
         Data Path:-     853                  
             Slack:=    -303                  

Exceptions/Constraints:
  input_delay              200             unsigned_int_mul_p_0_line_6_1_1  
  output_delay             200             unsigned_int_mul_p_0_line_7_22_1 

#----------------------------------------------------------------------------------------------------
#        Timing Point         Flags   Arc   Edge   Cell     Fanout Load Trans Delay Arrival Instance 
#                                                                  (fF)  (ps)  (ps)   (ps)  Location 
#----------------------------------------------------------------------------------------------------
  A[6]                        -       -     R     (arrival)      6 19.4   100     0     200    (-,-) 
  lod_a/g62/Y                 -       A->Y  F     NOR3X8         1  3.3    28    33     233    (-,-) 
  lod_a/g43/Y                 -       B0->Y R     AOI21X4        1  5.3    29    25     258    (-,-) 
  lod_a/g42/Y                 -       B->Y  F     NAND2X8        7 12.7    34    27     285    (-,-) 
  g5330/Y                     -       B->Y  R     NOR2X2         1  4.4    39    32     317    (-,-) 
  g5329/Y                     -       A->Y  F     NOR2X6         2  5.8    19    20     336    (-,-) 
  g49/Y                       -       A1->Y R     OAI22X4        3  8.9    49    34     370    (-,-) 
  m_approx_t/g3227/Y          -       A->Y  F     CLKINVX6       3  9.4    22    21     391    (-,-) 
  m_approx_t/g2988_dup/Y      -       A->Y  R     NOR2X8         1  5.4    17    20     410    (-,-) 
  m_approx_t/g3231/Y          -       B->Y  F     NOR2X8         2  8.2    18    13     423    (-,-) 
  m_approx_t/g71/Y            -       B->Y  R     NAND2X8        2  6.7    13    12     436    (-,-) 
  m_approx_t/fopt3036/Y       -       A->Y  F     CLKINVX8       2  6.5    10    11     446    (-,-) 
  m_approx_t/g3185/Y          -       B->Y  R     NOR2X8         3 10.3    25    19     465    (-,-) 
  m_approx_t/g45/Y            -       B->Y  F     NOR2X8         2  7.7    16    14     480    (-,-) 
  m_approx_t/g40/Y            -       A->Y  R     NOR3X8         3 10.8    40    37     516    (-,-) 
  m_approx_t/g2821/Y          -       A->Y  F     CLKINVX8       1  4.9    14    14     531    (-,-) 
  m_approx_t/g3022/Y          -       B->Y  R     NAND2X8        2  9.0    16    13     544    (-,-) 
  m_approx_t/g2957/Y          -       B->Y  F     NOR2X8         3  8.4    16    13     557    (-,-) 
  m_approx_t/g86/Y            -       A->Y  R     NOR2X8         4 11.1    26    24     581    (-,-) 
  m_approx_t/g2758/Y          -       A->Y  F     INVX3          1  4.1    16    16     597    (-,-) 
  m_approx_t/g32/Y            -       B->Y  R     NAND2X6        1  5.3    12    12     608    (-,-) 
  m_approx_t/g2975/Y          -       B->Y  F     NAND2X8        5 10.7    28    22     630    (-,-) 
  m_approx_t/bms0/fopt6/Y     -       A->Y  R     CLKINVX8       2  6.2    12    12     642    (-,-) 
  m_approx_t/bms0/fopt12350/Y -       A->Y  R     BUFX6          2  7.2    13    24     666    (-,-) 
  m_approx_t/bms0/g12346/Y    -       B->Y  F     NOR2X6         1  3.3    12    10     677    (-,-) 
  m_approx_t/bms0/g125/Y      -       B0->Y R     AOI21X4        1  5.3    27    21     698    (-,-) 
  m_approx_t/bms0/g124/Y      -       B->Y  F     NAND2X8        5 13.2    35    27     725    (-,-) 
  m_approx_t/g3184/Y          -       A->Y  R     CLKINVX6       1  3.5    12    12     738    (-,-) 
  m_approx_t/g3181/Y          -       B1->Y F     OAI22X4        2  6.6    43    28     766    (-,-) 
  m_approx_t/g3044/Y          -       B->Y  R     NOR2X4         3  6.7    34    28     794    (-,-) 
  m_approx_t/g2060/Y          -       B->Y  F     NOR2X6         1  5.0    16    16     810    (-,-) 
  m_approx_t/g2525/Y          -       A->Y  R     NAND2X8        2  8.1    14    14     823    (-,-) 
  m_approx_t/g179/Y           -       B->Y  F     NOR2X6         1  4.9    14    12     835    (-,-) 
  m_approx_t/g178/Y           -       C->Y  R     NOR3X8         5  9.6    36    26     861    (-,-) 
  m_approx_t/fopt1830/Y       -       A->Y  F     CLKINVX4       1  3.3    14    16     876    (-,-) 
  m_approx_t/g62/Y            -       A1->Y R     AOI21X4        1  2.2    19    18     894    (-,-) 
  m_approx_t/g98/Y            -       B->Y  F     XNOR2X2        2  5.8    28    49     943    (-,-) 
  g5410/Y                     -       B->Y  R     NAND2BX4       1  5.3    17    16     958    (-,-) 
  g5560/Y                     -       B->Y  F     NAND2X8        2  8.2    25    20     978    (-,-) 
  g5567/Y                     -       B->Y  R     NAND2X8        3 10.7    18    15     994    (-,-) 
  g5569/Y                     -       B->Y  F     NAND2X4        1  3.3    20    19    1012    (-,-) 
  g5568/Y                     -       B->Y  R     NAND2BX4       1  5.3    16    14    1026    (-,-) 
  g5287/Y                     -       C->Y  F     NAND3X8        1  6.6    36    26    1053    (-,-) 
  R[13]                       -       -     F     (port)         -    -     -     0    1053    (-,-) 
#----------------------------------------------------------------------------------------------------



Path 10: VIOLATED (-303 ps) Late External Delay Assertion at pin R[4]
          Group: VCLK
     Startpoint: (R) A[6]
          Clock: (R) VCLK
       Endpoint: (F) R[4]
          Clock: (R) VCLK

                     Capture       Launch     
        Clock Edge:+    1000            0     
        Drv Adjust:+       0            0     
       Src Latency:+       0            0     
       Net Latency:+       0 (I)        0 (I) 
           Arrival:=    1000            0     
                                              
      Output Delay:-     200                  
       Uncertainty:-      50                  
     Required Time:=     750                  
      Launch Clock:-       0                  
       Input Delay:-     200                  
         Data Path:-     853                  
             Slack:=    -303                  

Exceptions/Constraints:
  input_delay              200             unsigned_int_mul_p_0_line_6_1_1  
  output_delay             200             unsigned_int_mul_p_0_line_7_31_1 

#----------------------------------------------------------------------------------------------------
#        Timing Point         Flags   Arc   Edge   Cell     Fanout Load Trans Delay Arrival Instance 
#                                                                  (fF)  (ps)  (ps)   (ps)  Location 
#----------------------------------------------------------------------------------------------------
  A[6]                        -       -     R     (arrival)      6 19.4   100     0     200    (-,-) 
  lod_a/g62/Y                 -       A->Y  F     NOR3X8         1  3.3    28    33     233    (-,-) 
  lod_a/g43/Y                 -       B0->Y R     AOI21X4        1  5.3    29    25     258    (-,-) 
  lod_a/g42/Y                 -       B->Y  F     NAND2X8        7 12.7    34    27     285    (-,-) 
  g5330/Y                     -       B->Y  R     NOR2X2         1  4.4    39    32     317    (-,-) 
  g5329/Y                     -       A->Y  F     NOR2X6         2  5.8    19    20     336    (-,-) 
  g49/Y                       -       A1->Y R     OAI22X4        3  8.9    49    34     370    (-,-) 
  m_approx_t/g3227/Y          -       A->Y  F     CLKINVX6       3  9.4    22    21     391    (-,-) 
  m_approx_t/g2988_dup/Y      -       A->Y  R     NOR2X8         1  5.4    17    20     410    (-,-) 
  m_approx_t/g3231/Y          -       B->Y  F     NOR2X8         2  8.2    18    13     423    (-,-) 
  m_approx_t/g71/Y            -       B->Y  R     NAND2X8        2  6.7    13    12     436    (-,-) 
  m_approx_t/fopt3036/Y       -       A->Y  F     CLKINVX8       2  6.5    10    11     446    (-,-) 
  m_approx_t/g3185/Y          -       B->Y  R     NOR2X8         3 10.3    25    19     465    (-,-) 
  m_approx_t/g45/Y            -       B->Y  F     NOR2X8         2  7.7    16    14     480    (-,-) 
  m_approx_t/g40/Y            -       A->Y  R     NOR3X8         3 10.8    40    37     516    (-,-) 
  m_approx_t/g2821/Y          -       A->Y  F     CLKINVX8       1  4.9    14    14     531    (-,-) 
  m_approx_t/g3022/Y          -       B->Y  R     NAND2X8        2  9.0    16    13     544    (-,-) 
  m_approx_t/g2957/Y          -       B->Y  F     NOR2X8         3  8.4    16    13     557    (-,-) 
  m_approx_t/g86/Y            -       A->Y  R     NOR2X8         4 11.1    26    24     581    (-,-) 
  m_approx_t/g2758/Y          -       A->Y  F     INVX3          1  4.1    16    16     597    (-,-) 
  m_approx_t/g32/Y            -       B->Y  R     NAND2X6        1  5.3    12    12     608    (-,-) 
  m_approx_t/g2975/Y          -       B->Y  F     NAND2X8        5 10.7    28    22     630    (-,-) 
  m_approx_t/bms0/fopt6/Y     -       A->Y  R     CLKINVX8       2  6.2    12    12     642    (-,-) 
  m_approx_t/bms0/fopt12350/Y -       A->Y  R     BUFX6          2  7.2    13    24     666    (-,-) 
  m_approx_t/bms0/g12346/Y    -       B->Y  F     NOR2X6         1  3.3    12    10     677    (-,-) 
  m_approx_t/bms0/g125/Y      -       B0->Y R     AOI21X4        1  5.3    27    21     698    (-,-) 
  m_approx_t/bms0/g124/Y      -       B->Y  F     NAND2X8        5 13.2    35    27     725    (-,-) 
  m_approx_t/g3184/Y          -       A->Y  R     CLKINVX6       1  3.5    12    12     738    (-,-) 
  m_approx_t/g3181/Y          -       B1->Y F     OAI22X4        2  6.6    43    28     766    (-,-) 
  m_approx_t/g3044/Y          -       B->Y  R     NOR2X4         3  6.7    34    28     794    (-,-) 
  m_approx_t/g2060/Y          -       B->Y  F     NOR2X6         1  5.0    16    16     810    (-,-) 
  m_approx_t/g2525/Y          -       A->Y  R     NAND2X8        2  8.1    14    14     823    (-,-) 
  m_approx_t/g179/Y           -       B->Y  F     NOR2X6         1  4.9    14    12     835    (-,-) 
  m_approx_t/g178/Y           -       C->Y  R     NOR3X8         5  9.6    36    26     861    (-,-) 
  m_approx_t/fopt1830/Y       -       A->Y  F     CLKINVX4       1  3.3    14    16     876    (-,-) 
  m_approx_t/g62/Y            -       A1->Y R     AOI21X4        1  2.2    19    18     894    (-,-) 
  m_approx_t/g98/Y            -       B->Y  F     XNOR2X2        2  5.8    28    49     943    (-,-) 
  g5359/Y                     -       B->Y  R     NAND2BX4       1  5.3    17    16     958    (-,-) 
  g5357/Y                     -       B->Y  F     NAND2X8        3  8.2    24    20     978    (-,-) 
  g5361/Y                     -       A->Y  R     INVX3          1  4.5    16    15     994    (-,-) 
  g114/Y                      -       B->Y  F     NOR2X6         2  5.8    24    13    1006    (-,-) 
  g112/Y                      -       B->Y  R     NOR2X4         1  3.5    20    18    1024    (-,-) 
  g129/Y                      -       A1->Y F     OAI21X4        1  6.6    40    28    1053    (-,-) 
  R[4]                        -       -     F     (port)         -    -     -     0    1053    (-,-) 
#----------------------------------------------------------------------------------------------------



Path 11: VIOLATED (-302 ps) Late External Delay Assertion at pin R[11]
          Group: VCLK
     Startpoint: (R) A[1]
          Clock: (R) VCLK
       Endpoint: (F) R[11]
          Clock: (R) VCLK

                     Capture       Launch     
        Clock Edge:+    1000            0     
        Drv Adjust:+       0            0     
       Src Latency:+       0            0     
       Net Latency:+       0 (I)        0 (I) 
           Arrival:=    1000            0     
                                              
      Output Delay:-     200                  
       Uncertainty:-      50                  
     Required Time:=     750                  
      Launch Clock:-       0                  
       Input Delay:-     200                  
         Data Path:-     852                  
             Slack:=    -302                  

Exceptions/Constraints:
  input_delay              200             unsigned_int_mul_p_0_line_6_6_1  
  output_delay             200             unsigned_int_mul_p_0_line_7_24_1 

#-------------------------------------------------------------------------------------------------
#      Timing Point        Flags   Arc   Edge   Cell     Fanout Load Trans Delay Arrival Instance 
#                                                               (fF)  (ps)  (ps)   (ps)  Location 
#-------------------------------------------------------------------------------------------------
  A[1]                     -       -     R     (arrival)      3 20.4   100     0     200    (-,-) 
  lod_a/g12/Y              -       A->Y  F     CLKINVX16      1  4.9    21    21     221    (-,-) 
  lod_a/g11/Y              -       B->Y  R     NOR2X8         1  3.5    23    14     236    (-,-) 
  lod_a/g43/Y              -       A1->Y F     AOI21X4        1  4.9    31    28     263    (-,-) 
  lod_a/g42/Y              -       B->Y  R     NAND2X8        7 13.5    21    17     281    (-,-) 
  g5333/Y                  -       A->Y  F     CLKINVX6       4  8.5    16    15     296    (-,-) 
  g5231/Y                  -       B->Y  R     NAND2BX4       1  3.6    13    12     307    (-,-) 
  g3240__1705/Y            -       B0->Y F     OAI2BB1X4      2  5.7    29    25     333    (-,-) 
  g5365/Y                  -       B->Y  R     NAND2X6        1  5.3    15    14     346    (-,-) 
  g5364/Y                  -       B->Y  F     NAND2X8        2  5.4    20    17     363    (-,-) 
  g5362/Y                  -       B->Y  F     CLKAND2X6      6 12.1    21    32     396    (-,-) 
  m_approx_t/g2675/Y       -       A->Y  F     OR2X4          2  5.4    20    48     444    (-,-) 
  m_approx_t/g2514/Y       -       A->Y  R     CLKINVX3       2  6.3    19    16     461    (-,-) 
  m_approx_t/g22/Y         -       A1->Y F     OAI21X4        3  5.4    32    26     486    (-,-) 
  m_approx_t/g201/Y        -       B->Y  F     XOR3X1         2  4.2    39    70     556    (-,-) 
  m_approx_t/g2985/Y       -       A->Y  F     OR2X6          1  4.9    15    44     600    (-,-) 
  m_approx_t/g2989/Y       -       B->Y  R     NAND2X8        4  8.7    19    13     613    (-,-) 
  m_approx_t/bms0/g136/Y   -       B->Y  F     NOR2X4         1  4.1    17    13     626    (-,-) 
  m_approx_t/bms0/g45/Y    -       B->Y  R     NOR2X6         1  5.4    20    17     643    (-,-) 
  m_approx_t/bms0/g12343/Y -       B->Y  F     NOR2X8         3  9.1    16    14     657    (-,-) 
  m_approx_t/bms0/fopt98/Y -       A->Y  R     CLKINVX6       1  4.4    10    10     668    (-,-) 
  m_approx_t/bms0/g82/Y    -       A->Y  F     CLKINVX6       2  6.6    12    11     679    (-,-) 
  m_approx_t/bms0/g69/Y    -       B->Y  R     NOR2X6         1  4.5    17    15     694    (-,-) 
  m_approx_t/bms0/g12285/Y -       A->Y  F     NAND2X6        2  4.5    22    20     714    (-,-) 
  m_approx_t/bms0/g12284/Y -       B->Y  R     NAND2BX4       1  4.4    15    14     727    (-,-) 
  m_approx_t/bms0/g159/Y   -       A->Y  F     NOR2X6         1  4.9    13    14     741    (-,-) 
  m_approx_t/bms0/g157/Y   -       C->Y  R     NOR3X8         1  5.3    26    20     760    (-,-) 
  m_approx_t/bms0/g12140/Y -       B->Y  F     NAND2X8        3 10.7    30    25     785    (-,-) 
  m_approx_t/g8/Y          -       B->Y  R     NAND2X4        1  5.3    17    16     801    (-,-) 
  m_approx_t/g3038/Y       -       B->Y  F     NAND2X8        2  7.5    23    20     821    (-,-) 
  m_approx_t/g179/Y        -       A->Y  R     NOR2X6         1  5.4    21    21     841    (-,-) 
  m_approx_t/g178/Y        -       C->Y  F     NOR3X8         5  9.0    19    15     856    (-,-) 
  m_approx_t/fopt1831/Y    -       A->Y  F     BUFX2          1  3.2    15    29     885    (-,-) 
  m_approx_t/g35/Y         -       C->Y  R     NOR3X4         1  5.4    39    27     912    (-,-) 
  m_approx_t/g2701/Y       -       B->Y  F     NOR2X8         8 13.6    23    20     932    (-,-) 
  g5066/Y                  -       B->Y  R     NAND2X4        3  5.4    22    15     947    (-,-) 
  g27/Y                    -       A->Y  F     INVX2          2  3.0    16    16     963    (-,-) 
  g136/Y                   -       A->Y  F     AND2X1         1  3.3    25    29     992    (-,-) 
  g5400/Y                  -       B0->Y R     AOI21X4        1  5.5    30    24    1017    (-,-) 
  g5399/Y                  -       A->Y  F     NAND3X8        1  6.6    35    36    1052    (-,-) 
  R[11]                    -       -     F     (port)         -    -     -     0    1052    (-,-) 
#-------------------------------------------------------------------------------------------------



Path 12: VIOLATED (-302 ps) Late External Delay Assertion at pin R[10]
          Group: VCLK
     Startpoint: (R) A[1]
          Clock: (R) VCLK
       Endpoint: (F) R[10]
          Clock: (R) VCLK

                     Capture       Launch     
        Clock Edge:+    1000            0     
        Drv Adjust:+       0            0     
       Src Latency:+       0            0     
       Net Latency:+       0 (I)        0 (I) 
           Arrival:=    1000            0     
                                              
      Output Delay:-     200                  
       Uncertainty:-      50                  
     Required Time:=     750                  
      Launch Clock:-       0                  
       Input Delay:-     200                  
         Data Path:-     852                  
             Slack:=    -302                  

Exceptions/Constraints:
  input_delay              200             unsigned_int_mul_p_0_line_6_6_1  
  output_delay             200             unsigned_int_mul_p_0_line_7_25_1 

#--------------------------------------------------------------------------------------------------
#      Timing Point        Flags    Arc   Edge   Cell     Fanout Load Trans Delay Arrival Instance 
#                                                                (fF)  (ps)  (ps)   (ps)  Location 
#--------------------------------------------------------------------------------------------------
  A[1]                     -       -      R     (arrival)      3 20.4   100     0     200    (-,-) 
  lod_a/g12/Y              -       A->Y   F     CLKINVX16      1  4.9    21    21     221    (-,-) 
  lod_a/g11/Y              -       B->Y   R     NOR2X8         1  3.5    23    14     236    (-,-) 
  lod_a/g43/Y              -       A1->Y  F     AOI21X4        1  4.9    31    28     263    (-,-) 
  lod_a/g42/Y              -       B->Y   R     NAND2X8        7 13.5    21    17     281    (-,-) 
  g5333/Y                  -       A->Y   F     CLKINVX6       4  8.5    16    15     296    (-,-) 
  g5231/Y                  -       B->Y   R     NAND2BX4       1  3.6    13    12     307    (-,-) 
  g3240__1705/Y            -       B0->Y  F     OAI2BB1X4      2  5.7    29    25     333    (-,-) 
  g5365/Y                  -       B->Y   R     NAND2X6        1  5.3    15    14     346    (-,-) 
  g5364/Y                  -       B->Y   F     NAND2X8        2  5.4    20    17     363    (-,-) 
  g5362/Y                  -       B->Y   F     CLKAND2X6      6 12.1    21    32     396    (-,-) 
  m_approx_t/g2925/Y       -       B->Y   R     NAND2X6        2  5.8    16    13     409    (-,-) 
  m_approx_t/g2928/Y       -       A->Y   F     INVX3          1  4.2    14    14     422    (-,-) 
  m_approx_t/g2927/Y       -       A->Y   R     NOR2X6         3  7.4    24    22     444    (-,-) 
  m_approx_t/g50/Y         -       A->Y   F     NOR2X4         1  4.9    18    18     462    (-,-) 
  m_approx_t/g2969/Y       -       B->Y   R     NOR2X8         3 11.7    27    22     483    (-,-) 
  m_approx_t/fopt2362/Y    -       A->Y   F     CLKINVX6       4 11.0    20    18     501    (-,-) 
  m_approx_t/g202/Y        -       A->Y   R     NOR2X4         1  3.5    20    20     520    (-,-) 
  m_approx_t/g88/Y         -       A1->Y  F     AOI21X4        1  4.9    30    27     547    (-,-) 
  m_approx_t/g87/Y         -       B->Y   R     NOR2X8         3  9.0    25    21     568    (-,-) 
  m_approx_t/g86/Y         -       B->Y   F     NOR2X8         4 10.5    19    16     584    (-,-) 
  m_approx_t/g2758/Y       -       A->Y   R     INVX3          1  4.4    15    14     598    (-,-) 
  m_approx_t/g32/Y         -       B->Y   F     NAND2X6        1  4.9    20    18     616    (-,-) 
  m_approx_t/g2975/Y       -       B->Y   R     NAND2X8        5 11.6    20    15     630    (-,-) 
  m_approx_t/bms0/fopt32/Y -       A->Y   R     BUFX6          2  7.1    13    26     656    (-,-) 
  m_approx_t/bms0/fopt9/Y  -       A->Y   F     CLKINVX4       2  6.0    15    14     670    (-,-) 
  m_approx_t/bms0/g12294/Y -       A->Y   R     NOR2X4         1  4.5    22    20     690    (-,-) 
  m_approx_t/bms0/g12219/Y -       B->Y   F     NOR2X6         2  6.6    17    14     704    (-,-) 
  m_approx_t/bms0/g83/Y    -       B->Y   R     NOR3X8         3  8.9    41    31     736    (-,-) 
  m_approx_t/bms0/g95/Y    -       A->Y   F     NOR2X4         2  5.8    22    22     758    (-,-) 
  m_approx_t/bms0/g12380/Y -       A1->Y  R     AOI21X4        1  5.3    27    25     783    (-,-) 
  m_approx_t/bms0/g12378/Y -       B->Y   F     NAND2X8        5  9.6    28    24     806    (-,-) 
  m_approx_t/fopt13/Y      -       A->Y   F     BUFX6          3  8.0    15    29     835    (-,-) 
  m_approx_t/fopt2674/Y    -       A->Y   R     INVX3          1  3.5    12    12     847    (-,-) 
  m_approx_t/g2740/Y       -       B->Y   F     NOR2X4         1  2.4    11    10     857    (-,-) 
  m_approx_t/g2766/Y       -       B->Y   R     NOR2BX2        1  1.9    19    16     873    (-,-) 
  m_approx_t/g2451/Y       -       A->Y   F     CLKXOR2X2      3  6.0    29    65     938    (-,-) 
  g5525/Y                  -       B->Y   F     CLKAND2X3      1  4.1    15    32     970    (-,-) 
  g210/Y                   -       B->Y   R     NOR2X6         4  8.8    27    21     990    (-,-) 
  g5485/Y                  -       A0N->Y R     AOI2BB1X4      1  4.5    24    38    1028    (-,-) 
  g4374__2346/Y            -       A->Y   F     NAND2X6        1  6.6    27    24    1052    (-,-) 
  R[10]                    -       -      F     (port)         -    -     -     0    1052    (-,-) 
#--------------------------------------------------------------------------------------------------



Path 13: VIOLATED (-301 ps) Late External Delay Assertion at pin R[12]
          Group: VCLK
     Startpoint: (R) A[6]
          Clock: (R) VCLK
       Endpoint: (R) R[12]
          Clock: (R) VCLK

                     Capture       Launch     
        Clock Edge:+    1000            0     
        Drv Adjust:+       0            0     
       Src Latency:+       0            0     
       Net Latency:+       0 (I)        0 (I) 
           Arrival:=    1000            0     
                                              
      Output Delay:-     200                  
       Uncertainty:-      50                  
     Required Time:=     750                  
      Launch Clock:-       0                  
       Input Delay:-     200                  
         Data Path:-     851                  
             Slack:=    -301                  

Exceptions/Constraints:
  input_delay              200             unsigned_int_mul_p_0_line_6_1_1  
  output_delay             200             unsigned_int_mul_p_0_line_7_23_1 

#-----------------------------------------------------------------------------------------------------
#        Timing Point         Flags    Arc   Edge   Cell     Fanout Load Trans Delay Arrival Instance 
#                                                                   (fF)  (ps)  (ps)   (ps)  Location 
#-----------------------------------------------------------------------------------------------------
  A[6]                        -       -      R     (arrival)      6 19.4   100     0     200    (-,-) 
  lod_a/g62/Y                 -       A->Y   F     NOR3X8         1  3.3    28    33     233    (-,-) 
  lod_a/g43/Y                 -       B0->Y  R     AOI21X4        1  5.3    29    25     258    (-,-) 
  lod_a/g42/Y                 -       B->Y   F     NAND2X8        7 12.7    34    27     285    (-,-) 
  g5330/Y                     -       B->Y   R     NOR2X2         1  4.4    39    32     317    (-,-) 
  g5329/Y                     -       A->Y   F     NOR2X6         2  5.8    19    20     336    (-,-) 
  g49/Y                       -       A1->Y  R     OAI22X4        3  8.9    49    34     370    (-,-) 
  m_approx_t/g3227/Y          -       A->Y   F     CLKINVX6       3  9.4    22    21     391    (-,-) 
  m_approx_t/g2988_dup/Y      -       A->Y   R     NOR2X8         1  5.4    17    20     410    (-,-) 
  m_approx_t/g3231/Y          -       B->Y   F     NOR2X8         2  8.2    18    13     423    (-,-) 
  m_approx_t/g71/Y            -       B->Y   R     NAND2X8        2  6.7    13    12     436    (-,-) 
  m_approx_t/fopt3036/Y       -       A->Y   F     CLKINVX8       2  6.5    10    11     446    (-,-) 
  m_approx_t/g3185/Y          -       B->Y   R     NOR2X8         3 10.3    25    19     465    (-,-) 
  m_approx_t/g45/Y            -       B->Y   F     NOR2X8         2  7.7    16    14     480    (-,-) 
  m_approx_t/g40/Y            -       A->Y   R     NOR3X8         3 10.8    40    37     516    (-,-) 
  m_approx_t/g2821/Y          -       A->Y   F     CLKINVX8       1  4.9    14    14     531    (-,-) 
  m_approx_t/g3022/Y          -       B->Y   R     NAND2X8        2  9.0    16    13     544    (-,-) 
  m_approx_t/g2957/Y          -       B->Y   F     NOR2X8         3  8.4    16    13     557    (-,-) 
  m_approx_t/g86/Y            -       A->Y   R     NOR2X8         4 11.1    26    24     581    (-,-) 
  m_approx_t/g2758/Y          -       A->Y   F     INVX3          1  4.1    16    16     597    (-,-) 
  m_approx_t/g32/Y            -       B->Y   R     NAND2X6        1  5.3    12    12     608    (-,-) 
  m_approx_t/g2975/Y          -       B->Y   F     NAND2X8        5 10.7    28    22     630    (-,-) 
  m_approx_t/bms0/fopt6/Y     -       A->Y   R     CLKINVX8       2  6.2    12    12     642    (-,-) 
  m_approx_t/bms0/fopt12350/Y -       A->Y   R     BUFX6          2  7.2    13    24     666    (-,-) 
  m_approx_t/bms0/g12346/Y    -       B->Y   F     NOR2X6         1  3.3    12    10     677    (-,-) 
  m_approx_t/bms0/g125/Y      -       B0->Y  R     AOI21X4        1  5.3    27    21     698    (-,-) 
  m_approx_t/bms0/g124/Y      -       B->Y   F     NAND2X8        5 13.2    35    27     725    (-,-) 
  m_approx_t/g3184/Y          -       A->Y   R     CLKINVX6       1  3.5    12    12     738    (-,-) 
  m_approx_t/g3181/Y          -       B1->Y  F     OAI22X4        2  6.6    43    28     766    (-,-) 
  m_approx_t/g3044/Y          -       B->Y   R     NOR2X4         3  6.7    34    28     794    (-,-) 
  m_approx_t/g2060/Y          -       B->Y   F     NOR2X6         1  5.0    16    16     810    (-,-) 
  m_approx_t/g2525/Y          -       A->Y   R     NAND2X8        2  8.1    14    14     823    (-,-) 
  m_approx_t/g179/Y           -       B->Y   F     NOR2X6         1  4.9    14    12     835    (-,-) 
  m_approx_t/g178/Y           -       C->Y   R     NOR3X8         5  9.6    36    26     861    (-,-) 
  m_approx_t/g2585/Y          -       A1->Y  F     OAI21X2        1  2.1    26    28     888    (-,-) 
  m_approx_t/g2451/Y          -       B->Y   R     CLKXOR2X2      3  6.2    28    47     935    (-,-) 
  g5038/Y                     -       A1N->Y R     OAI2BB1X4      1  4.4    20    44     980    (-,-) 
  fopt5301/Y                  -       A->Y   F     INVX6          2  5.3    12    12     992    (-,-) 
  g92/Y                       -       B->Y   F     OR2X4          1  4.1    18    43    1035    (-,-) 
  g5368/Y                     -       A->Y   R     NAND3X6        1  6.6    23    16    1051    (-,-) 
  R[12]                       -       -      R     (port)         -    -     -     0    1051    (-,-) 
#-----------------------------------------------------------------------------------------------------



Path 14: VIOLATED (-298 ps) Late External Delay Assertion at pin R[2]
          Group: VCLK
     Startpoint: (R) B[1]
          Clock: (R) VCLK
       Endpoint: (R) R[2]
          Clock: (R) VCLK

                     Capture       Launch     
        Clock Edge:+    1000            0     
        Drv Adjust:+       0            0     
       Src Latency:+       0            0     
       Net Latency:+       0 (I)        0 (I) 
           Arrival:=    1000            0     
                                              
      Output Delay:-     200                  
       Uncertainty:-      50                  
     Required Time:=     750                  
      Launch Clock:-       0                  
       Input Delay:-     200                  
         Data Path:-     848                  
             Slack:=    -298                  

Exceptions/Constraints:
  input_delay              200             unsigned_int_mul_p_0_line_6_14_1 
  output_delay             200             unsigned_int_mul_p_0_line_7_33_1 

#--------------------------------------------------------------------------------------------------------------------------
#                   Timing Point                    Flags   Arc   Edge   Cell     Fanout Load Trans Delay Arrival Instance 
#                                                                                        (fF)  (ps)  (ps)   (ps)  Location 
#--------------------------------------------------------------------------------------------------------------------------
  B[1]                                              -       -     R     (arrival)      4 17.6   100     0     200    (-,-) 
  lod_b/g795/Y                                      -       A->Y  F     CLKINVX16      1  4.9    21    21     221    (-,-) 
  lod_b/g794/Y                                      -       B->Y  R     NOR2X8         1  5.3    26    16     237    (-,-) 
  lod_b/g793/Y                                      -       B->Y  F     NAND2X8        1  4.9    20    19     256    (-,-) 
  lod_b/g62/Y                                       -       B->Y  R     NAND2X8        1  5.4    13    12     268    (-,-) 
  lod_b/g61/Y                                       -       B->Y  F     NOR2X8         1  8.3    15    12     280    (-,-) 
  lod_b/g40/Y                                       -       A->Y  R     CLKINVX16     11 29.0    19    18     298    (-,-) 
  g4551/Y                                           -       A->Y  F     CLKINVX12      6 15.6    16    14     313    (-,-) 
  g5521/Y                                           -       B->Y  R     NAND2X6        2  7.1    29    13     325    (-,-) 
  g400/Y                                            -       A1->Y F     AOI21X4        1  3.3    26    26     351    (-,-) 
  g5508/Y                                           -       B->Y  R     NOR2X4         1  5.5    27    22     374    (-,-) 
  g5507/Y                                           -       A->Y  F     NAND2X8        3  7.8    26    24     398    (-,-) 
  m_approx_t/g13/Y                                  -       A->Y  R     CLKINVX8       4  9.0    14    14     412    (-,-) 
  m_approx_t/g2606/Y                                -       A->Y  F     MXI2X1         1  2.1    39    32     444    (-,-) 
  m_approx_t/g2394/Y                                -       B->Y  R     XNOR2X2        3  5.8    27    55     499    (-,-) 
  m_approx_t/g2718/Y                                -       C->Y  F     XNOR3X1        1  4.1    39    55     554    (-,-) 
  m_approx_t/g2717/Y                                -       B->Y  R     NAND2X6        3  8.0    20    17     571    (-,-) 
  m_approx_t/WALLACE_CSA_DUMMY_OP204_groupi_g1262/Y -       A->Y  F     CLKINVX4       2  6.7    17    16     587    (-,-) 
  m_approx_t/g2437/Y                                -       B->Y  R     NOR2X6         2  6.6    23    18     605    (-,-) 
  m_approx_t/fopt3125/Y                             -       A->Y  F     INVX3          1  3.3    13    14     619    (-,-) 
  m_approx_t/g2771/Y                                -       B0->Y R     OAI21X4        1  5.5    30    13     632    (-,-) 
  m_approx_t/g2296/Y                                -       A->Y  F     NAND2X8        7 11.7    32    29     661    (-,-) 
  m_approx_t/bms0/g12192/Y                          -       B->Y  F     AND2X6         4 11.8    20    33     694    (-,-) 
  m_approx_t/bms0/g12340/Y                          -       A->Y  R     NOR2X6         1  5.3    21    20     714    (-,-) 
  m_approx_t/bms0/g173/Y                            -       B->Y  F     NAND2X8        3  8.0    24    21     735    (-,-) 
  m_approx_t/bms0/g95/Y                             -       B->Y  R     NOR2X4         2  6.2    29    23     758    (-,-) 
  m_approx_t/bms0/g12380/Y                          -       A1->Y F     AOI21X4        1  4.9    32    29     788    (-,-) 
  m_approx_t/bms0/g12378/Y                          -       B->Y  R     NAND2X8        5 10.2    18    16     804    (-,-) 
  m_approx_t/g2446/Y                                -       A->Y  F     XNOR2X1        1  1.9    17    50     853    (-,-) 
  m_approx_t/g2892/Y                                -       A->Y  R     CLKXOR2X2      2  5.2    25    58     912    (-,-) 
  g5040/Y                                           -       B->Y  F     NAND2X2        2  5.8    47    35     947    (-,-) 
  g4965/Y                                           -       B->Y  R     NAND2BX4       1  4.4    19    18     965    (-,-) 
  g210/Y                                            -       A->Y  F     NOR2X6         4  8.4    18    17     982    (-,-) 
  g5213/Y                                           -       B->Y  R     NOR2X2         1  2.5    24    21    1003    (-,-) 
  g5592/Y                                           -       B->Y  F     NAND2BX2       1  4.1    36    29    1032    (-,-) 
  g22/Y                                             -       B->Y  R     NAND2X6        1  6.6    17    16    1048    (-,-) 
  R[2]                                              -       -     R     (port)         -    -     -     0    1048    (-,-) 
#--------------------------------------------------------------------------------------------------------------------------



Path 15: VIOLATED (-293 ps) Late External Delay Assertion at pin R[1]
          Group: VCLK
     Startpoint: (R) A[1]
          Clock: (R) VCLK
       Endpoint: (F) R[1]
          Clock: (R) VCLK

                     Capture       Launch     
        Clock Edge:+    1000            0     
        Drv Adjust:+       0            0     
       Src Latency:+       0            0     
       Net Latency:+       0 (I)        0 (I) 
           Arrival:=    1000            0     
                                              
      Output Delay:-     200                  
       Uncertainty:-      50                  
     Required Time:=     750                  
      Launch Clock:-       0                  
       Input Delay:-     200                  
         Data Path:-     843                  
             Slack:=    -293                  

Exceptions/Constraints:
  input_delay              200             unsigned_int_mul_p_0_line_6_6_1  
  output_delay             200             unsigned_int_mul_p_0_line_7_34_1 

#-----------------------------------------------------------------------------------------------
#     Timing Point       Flags   Arc   Edge   Cell     Fanout Load Trans Delay Arrival Instance 
#                                                             (fF)  (ps)  (ps)   (ps)  Location 
#-----------------------------------------------------------------------------------------------
  A[1]                   -       -     R     (arrival)      3 20.4   100     0     200    (-,-) 
  lod_a/g12/Y            -       A->Y  F     CLKINVX16      1  4.9    21    21     221    (-,-) 
  lod_a/g11/Y            -       B->Y  R     NOR2X8         1  3.5    23    14     236    (-,-) 
  lod_a/g43/Y            -       A1->Y F     AOI21X4        1  4.9    31    28     263    (-,-) 
  lod_a/g42/Y            -       B->Y  R     NAND2X8        7 13.5    21    17     281    (-,-) 
  g5333/Y                -       A->Y  F     CLKINVX6       4  8.5    16    15     296    (-,-) 
  g5231/Y                -       B->Y  R     NAND2BX4       1  3.6    13    12     307    (-,-) 
  g3240__1705/Y          -       B0->Y F     OAI2BB1X4      2  5.7    29    25     333    (-,-) 
  g5365/Y                -       B->Y  R     NAND2X6        1  5.3    15    14     346    (-,-) 
  g5364/Y                -       B->Y  F     NAND2X8        2  5.4    20    17     363    (-,-) 
  g5362/Y                -       B->Y  F     CLKAND2X6      6 12.1    21    32     396    (-,-) 
  m_approx_t/g2675/Y     -       A->Y  F     OR2X4          2  5.4    20    48     444    (-,-) 
  m_approx_t/g2514/Y     -       A->Y  R     CLKINVX3       2  6.3    19    16     461    (-,-) 
  m_approx_t/g22/Y       -       A1->Y F     OAI21X4        3  5.4    32    26     486    (-,-) 
  m_approx_t/g201/Y      -       B->Y  F     XOR3X1         2  4.2    39    70     556    (-,-) 
  m_approx_t/g2985/Y     -       A->Y  F     OR2X6          1  4.9    15    44     600    (-,-) 
  m_approx_t/g2989/Y     -       B->Y  R     NAND2X8        4  8.7    19    13     613    (-,-) 
  m_approx_t/bms0/g133/Y -       B->Y  F     XOR3X1         1  3.3    32    64     677    (-,-) 
  m_approx_t/bms0/g101/Y -       A1->Y R     OAI21X4        3  6.4    35    29     706    (-,-) 
  m_approx_t/g3093/Y     -       A->Y  F     CLKINVX4       2  5.7    18    18     724    (-,-) 
  m_approx_t/g58/Y       -       B->Y  R     NAND2BX4       1  4.5    15    13     737    (-,-) 
  m_approx_t/g2938/Y     -       C->Y  F     NOR3X6         1  3.3    16    11     748    (-,-) 
  m_approx_t/g3095/Y     -       B0->Y R     AOI21X4        1  4.4    25    20     769    (-,-) 
  m_approx_t/g2714/Y     -       B->Y  F     NAND2X6        1  4.9    22    20     789    (-,-) 
  m_approx_t/g2713/Y     -       B->Y  R     NAND2X8        3  8.1    16    14     802    (-,-) 
  m_approx_t/g2523/Y     -       B->Y  F     NAND2BX2       1  2.4    24    21     823    (-,-) 
  m_approx_t/g80/Y       -       B->Y  R     NAND2X2        1  2.2    14    15     838    (-,-) 
  m_approx_t/g79/Y       -       B->Y  F     CLKXOR2X1      2  3.2    25    47     885    (-,-) 
  g5002/Y                -       B->Y  F     CLKAND2X2      2  5.1    22    36     921    (-,-) 
  g5006/Y                -       A->Y  R     NOR2X4         3  6.3    28    25     946    (-,-) 
  g100/Y                 -       B->Y  F     NAND2BX2       1  3.3    32    27     973    (-,-) 
  g5255/Y                -       A1->Y R     AOI31X4        2  4.4    27    29    1002    (-,-) 
  g117/Y                 -       A1->Y F     OAI21X2        1  6.6    57    41    1043    (-,-) 
  R[1]                   -       -     F     (port)         -    -     -     0    1043    (-,-) 
#-----------------------------------------------------------------------------------------------



Path 16: VIOLATED (-281 ps) Late External Delay Assertion at pin R[0]
          Group: VCLK
     Startpoint: (R) A[1]
          Clock: (R) VCLK
       Endpoint: (F) R[0]
          Clock: (R) VCLK

                     Capture       Launch     
        Clock Edge:+    1000            0     
        Drv Adjust:+       0            0     
       Src Latency:+       0            0     
       Net Latency:+       0 (I)        0 (I) 
           Arrival:=    1000            0     
                                              
      Output Delay:-     200                  
       Uncertainty:-      50                  
     Required Time:=     750                  
      Launch Clock:-       0                  
       Input Delay:-     200                  
         Data Path:-     831                  
             Slack:=    -281                  

Exceptions/Constraints:
  input_delay              200             unsigned_int_mul_p_0_line_6_6_1  
  output_delay             200             unsigned_int_mul_p_0_line_7_35_1 

#--------------------------------------------------------------------------------------------------
#      Timing Point        Flags    Arc   Edge   Cell     Fanout Load Trans Delay Arrival Instance 
#                                                                (fF)  (ps)  (ps)   (ps)  Location 
#--------------------------------------------------------------------------------------------------
  A[1]                     -       -      R     (arrival)      3 20.4   100     0     200    (-,-) 
  lod_a/g12/Y              -       A->Y   F     CLKINVX16      1  4.9    21    21     221    (-,-) 
  lod_a/g11/Y              -       B->Y   R     NOR2X8         1  3.5    23    14     236    (-,-) 
  lod_a/g43/Y              -       A1->Y  F     AOI21X4        1  4.9    31    28     263    (-,-) 
  lod_a/g42/Y              -       B->Y   R     NAND2X8        7 13.5    21    17     281    (-,-) 
  g5333/Y                  -       A->Y   F     CLKINVX6       4  8.5    16    15     296    (-,-) 
  g5231/Y                  -       B->Y   R     NAND2BX4       1  3.6    13    12     307    (-,-) 
  g3240__1705/Y            -       B0->Y  F     OAI2BB1X4      2  5.7    29    25     333    (-,-) 
  g5365/Y                  -       B->Y   R     NAND2X6        1  5.3    15    14     346    (-,-) 
  g5364/Y                  -       B->Y   F     NAND2X8        2  5.4    20    17     363    (-,-) 
  g5362/Y                  -       B->Y   F     CLKAND2X6      6 12.1    21    32     396    (-,-) 
  m_approx_t/g2675/Y       -       A->Y   F     OR2X4          2  5.4    20    48     444    (-,-) 
  m_approx_t/g2514/Y       -       A->Y   R     CLKINVX3       2  6.3    19    16     461    (-,-) 
  m_approx_t/g22/Y         -       A1->Y  F     OAI21X4        3  5.4    32    26     486    (-,-) 
  m_approx_t/g201/Y        -       B->Y   F     XOR3X1         2  4.2    39    70     556    (-,-) 
  m_approx_t/g2985/Y       -       A->Y   F     OR2X6          1  4.9    15    44     600    (-,-) 
  m_approx_t/g2989/Y       -       B->Y   R     NAND2X8        4  8.7    19    13     613    (-,-) 
  m_approx_t/bms0/g136/Y   -       B->Y   F     NOR2X4         1  4.1    17    13     626    (-,-) 
  m_approx_t/bms0/g45/Y    -       B->Y   R     NOR2X6         1  5.4    20    17     643    (-,-) 
  m_approx_t/bms0/g12343/Y -       B->Y   F     NOR2X8         3  9.1    16    14     657    (-,-) 
  m_approx_t/bms0/fopt98/Y -       A->Y   R     CLKINVX6       1  4.4    10    10     668    (-,-) 
  m_approx_t/bms0/g82/Y    -       A->Y   F     CLKINVX6       2  6.6    12    11     679    (-,-) 
  m_approx_t/bms0/g69/Y    -       B->Y   R     NOR2X6         1  4.5    17    15     694    (-,-) 
  m_approx_t/bms0/g12285/Y -       A->Y   F     NAND2X6        2  4.5    22    20     714    (-,-) 
  m_approx_t/bms0/g12284/Y -       B->Y   R     NAND2BX4       1  4.4    15    14     727    (-,-) 
  m_approx_t/bms0/g159/Y   -       A->Y   F     NOR2X6         1  4.9    13    14     741    (-,-) 
  m_approx_t/bms0/g157/Y   -       C->Y   R     NOR3X8         1  5.3    26    20     760    (-,-) 
  m_approx_t/bms0/g12140/Y -       B->Y   F     NAND2X8        3 10.7    30    25     785    (-,-) 
  m_approx_t/fopt4/Y       -       A->Y   R     CLKINVX6       6  9.7    18    16     801    (-,-) 
  m_approx_t/g64/Y         -       B->Y   F     NOR2BX1        1  2.0    19    17     818    (-,-) 
  m_approx_t/g2910/Y       -       B->Y   R     NOR2BX1        1  1.9    32    26     844    (-,-) 
  m_approx_t/g96/Y         -       A->Y   F     XNOR2X2        2  5.8    28    66     910    (-,-) 
  g5478/Y                  -       A1->Y  R     AOI22X4        3  8.0    47    36     946    (-,-) 
  g5481/Y                  -       A1->Y  F     OAI21X4        3  5.3    37    32     978    (-,-) 
  g5536/Y                  -       A1N->Y F     OAI2BB1X2      1  6.6    52    53    1031    (-,-) 
  R[0]                     -       -      F     (port)         -    -     -     0    1031    (-,-) 
#--------------------------------------------------------------------------------------------------

