

Working Directory = /home/redhat315bd/physical_design_nipun/Physical_design
QoS Summary for floating_point_mul_p_0_L1
================================================================================
Metric                          floating_point_mul_p_0_L1_syn_generic floating_point_mul_p_0_L1_syn_map
================================================================================
Slack (ps):                      -692            -589
  R2R (ps):                  no_value        no_value
  I2R (ps):                  no_value        no_value
  R2O (ps):                  no_value        no_value
  I2O (ps):                      -692            -589
  CG  (ps):                  no_value        no_value
TNS (ps):                     -21,214         -18,115
  R2R (ps):                  no_value        no_value
  I2R (ps):                  no_value        no_value
  R2O (ps):                  no_value        no_value
  I2O (ps):                   -21,214         -18,115
  CG  (ps):                  no_value        no_value
Failing Paths:                     31              31
Cell Area:                      7,128           3,662
Total Cell Area:                7,128           3,662
Leaf Instances:                 2,661           1,450
Total Instances:                2,661           1,450
Utilization (%):                 0.00            0.00
Tot. Net Length (um):        no_value        no_value
Avg. Net Length (um):        no_value        no_value
Route Overflow H (%):        no_value        no_value
Route Overflow V (%):        no_value        no_value
MBCI(%) (bits/gate) :            0.00            0.00
Norm Cong Hotspot Area:
  Max Cong:                  no_value        no_value
  Tot Cong:                  no_value        no_value
================================================================================
CPU  Runtime (h:m:s):        00:30:29        00:30:13
Real Runtime (h:m:s):        00:30:29        00:30:09
CPU  Elapsed (h:m:s):        00:30:31        00:30:44
Real Elapsed (h:m:s):        00:30:30        00:30:39
Memory (MB):                  1710.88         1732.74
================================================================================
================================================================================
Flow Settings:
================================================================================
Total Runtime (h:m:s): 00:30:38
Total Memory (MB):     1740.74
Executable Version:    21.10-p002_1
================================================================================
Total Cell Area =  Cell Area + Physical Cell Area
Total Instances =  Leaf Instances + Physical Instances


