

Working Directory = /home/redhat315bd/physical_design_nipun/Physical_design
QoS Summary for opact_int8
================================================================================
Metric                          opact_int8_syn_generic
================================================================================
Slack (ps):                      -222
  R2R (ps):                  no_value
  I2R (ps):                  no_value
  R2O (ps):                  no_value
  I2O (ps):                      -222
  CG  (ps):                  no_value
TNS (ps):                      -1,508
  R2R (ps):                  no_value
  I2R (ps):                  no_value
  R2O (ps):                  no_value
  I2O (ps):                    -1,508
  CG  (ps):                  no_value
Failing Paths:                     10
Cell Area:                      2,797
Total Cell Area:                2,797
Leaf Instances:                 1,048
Total Instances:                1,048
Utilization (%):                 0.00
Tot. Net Length (um):        no_value
Avg. Net Length (um):        no_value
Route Overflow H (%):        no_value
Route Overflow V (%):        no_value
MBCI(%) (bits/gate) :            0.00
Norm Cong Hotspot Area:
  Max Cong:                  no_value
  Tot Cong:                  no_value
================================================================================
CPU  Runtime (h:m:s):        00:30:18
Real Runtime (h:m:s):        00:30:19
CPU  Elapsed (h:m:s):        00:30:20
Real Elapsed (h:m:s):        00:30:20
Memory (MB):                  1645.66
================================================================================
================================================================================
Flow Settings:
================================================================================
Total Runtime (h:m:s): 00:30:19
Total Memory (MB):     1645.66
Executable Version:    21.10-p002_1
================================================================================
Total Cell Area =  Cell Area + Physical Cell Area
Total Instances =  Leaf Instances + Physical Instances


