============================================================
  Generated by:           Genus(TM) Synthesis Solution 21.10-p002_1
  Generated on:           Jun 19 2026  11:31:40 am
  Module:                 opact_int8
  Technology library:     fast_vdd1v0 1.0
  Operating conditions:   PVT_1P1V_0C (balanced_tree)
  Wireload mode:          enclosed
  Area mode:              timing library
============================================================

Timing
--------

Clock Period 
-------------
vclk  1000.0 


  Cost    Critical             Violating 
 Group   Path Slack    TNS       Paths   
-----------------------------------------
default    No paths       0.0            
vclk         -221.5   -1507.8         10 
-----------------------------------------
Total                 -1507.8         10 

Instance Count
--------------
Leaf Instance Count             1048 
Physical Instance count            0 
Sequential Instance Count          0 
Combinational Instance Count    1048 
Hierarchical Instance Count        6 

Area
----
Cell Area                          2797.426
Physical Cell Area                 0.000
Total Cell Area (Cell+Physical)    2797.426
Net Area                           0.000
Total Area (Cell+Physical+Net)     2797.426

Runtime                            0.0 seconds
Elapsed Runtime                    22 seconds
Genus peak memory usage            1645.66 
Innovus peak memory usage          no_value 
Hostname                           redhat315b
