============================================================
  Generated by:           Genus(TM) Synthesis Solution 21.10-p002_1
  Generated on:           Jun 19 2026  11:31:40 am
  Module:                 opact_int8
  Operating conditions:   PVT_1P1V_0C (balanced_tree)
  Wireload mode:          enclosed
  Area mode:              timing library
============================================================


Path 1: VIOLATED (-222 ps) Late External Delay Assertion at pin R[14]
          Group: vclk
     Startpoint: (R) A[1]
          Clock: (R) vclk
       Endpoint: (R) R[14]
          Clock: (R) vclk

                     Capture       Launch     
        Clock Edge:+    1000            0     
        Drv Adjust:+       0            0     
       Src Latency:+       0            0     
       Net Latency:+       0 (I)        0 (I) 
           Arrival:=    1000            0     
                                              
      Output Delay:-     200                  
       Uncertainty:-      50                  
     Required Time:=     750                  
      Launch Clock:-       0                  
       Input Delay:-     200                  
         Data Path:-     772                  
             Slack:=    -222                  

Exceptions/Constraints:
  input_delay              200             opact_int8.sdc_line_14_6_1  
  output_delay             200             opact_int8.sdc_line_15_21_1 

#---------------------------------------------------------------------------------------------------------------------
#           Timing Point             Flags    Arc    Edge       Cell         Fanout Load Trans Delay Arrival Instance 
#                                                                                   (fF)  (ps)  (ps)   (ps)  Location 
#---------------------------------------------------------------------------------------------------------------------
  A[1]                               (u)     -       R     (arrival)              3  3.3     0     0     200    (-,-) 
  g691/z                             (u)     in_1->z R     unmapped_or2           2  2.2     0    19     219    (-,-) 
  g678/z                             (u)     in_0->z R     unmapped_or2           2  2.2     0    19     238    (-,-) 
  g675/z                             (u)     in_0->z R     unmapped_or2           2  2.2     0    19     257    (-,-) 
  g666/z                             (u)     in_0->z R     unmapped_or2           2  2.2     0    19     276    (-,-) 
  g651/z                             (u)     in_0->z F     unmapped_nand2         2  2.0     0    19     294    (-,-) 
  g638/z                             (u)     in_0->z F     unmapped_or2           1  1.0     0    16     311    (-,-) 
  g639/z                             (u)     in_1->z R     unmapped_nand2         8  8.8     0    27     338    (-,-) 
  m_opact_uint/m_opact_core/g11835/z (u)     in_0->z F     unmapped_nand2         4  4.0     0    22     360    (-,-) 
  m_opact_uint/m_opact_core/g12021/z (u)     in_0->z F     unmapped_complex2      1  1.0     0    16     377    (-,-) 
  m_opact_uint/m_opact_core/g11709/z (u)     in_1->z R     unmapped_nand2         5  5.5     0    24     400    (-,-) 
  m_opact_uint/m_opact_core/g11642/z (u)     in_1->z F     unmapped_nand2         1  1.0     0    16     417    (-,-) 
  m_opact_uint/m_opact_core/g11643/z (u)     in_1->z R     unmapped_nand2         1  1.1     0    16     433    (-,-) 
  m_opact_uint/m_opact_core/g12057/z (u)     in_1->z F     unmapped_complex2      2  2.0     0    19     452    (-,-) 
  m_opact_uint/m_opact_core/g11999/z (u)     in_0->z F     unmapped_or2           1  1.0     0    16     469    (-,-) 
  m_opact_uint/m_opact_core/g11512/z (u)     in_1->z R     unmapped_nand2         2  2.2     0    19     488    (-,-) 
  m_opact_uint/m_opact_core/g11399/z (u)     in_0->z R     unmapped_complex2      1  1.1     0    16     504    (-,-) 
  m_opact_uint/m_opact_core/g11400/z (u)     in_1->z F     unmapped_nand2         2  2.0     0    19     523    (-,-) 
  m_opact_uint/m_opact_core/g11363/z (u)     in_0->z F     unmapped_complex2      1  1.0     0    16     539    (-,-) 
  m_opact_uint/m_opact_core/g11364/z (u)     in_1->z R     unmapped_nand2         2  2.2     0    19     558    (-,-) 
  m_opact_uint/m_opact_core/g11348/z (u)     in_0->z R     unmapped_complex2      1  1.1     0    16     575    (-,-) 
  m_opact_uint/m_opact_core/g11349/z (u)     in_1->z F     unmapped_nand2        15 15.0     0    33     608    (-,-) 
  m_opact_uint/m_opact_core/g11287/z (u)     in_0->z F     unmapped_complex2      1  1.0     0    16     624    (-,-) 
  m_opact_uint/m_opact_core/g11288/z (u)     in_1->z R     unmapped_nand2         1  1.1     0    16     641    (-,-) 
  m_opact_uint/m_opact_core/g11245/z (u)     in_1->z F     unmapped_nand2         2  2.0     0    19     660    (-,-) 
  m_opact_uint/m_opact_core/g11149/z (u)     in_1->z F     unmapped_or2           1  1.0     0    16     676    (-,-) 
  m_opact_uint/m_opact_core/g11150/z (u)     in_1->z R     unmapped_nand2         3  3.3     0    21     697    (-,-) 
  m_opact_uint/m_opact_core/g11076/z (u)     in_1->z F     unmapped_nand2         1  1.0     0    16     713    (-,-) 
  m_opact_uint/m_opact_core/g11051/z (u)     in_1->z R     unmapped_nand2         1  1.1     0    16     730    (-,-) 
  m_opact_uint/m_opact_core/g11001/z (u)     in_1->z R     unmapped_or2           2  2.2     0    19     749    (-,-) 
  m_opact_uint/m_opact_core/g12161/z (u)     in_0->z F     unmapped_complex2      1  1.0     0    16     765    (-,-) 
  m_opact_uint/m_opact_core/g10977/z (u)     in_1->z R     unmapped_nand2         1  1.1     0    16     782    (-,-) 
  m_opact_uint/m_opact_core/g12214/z (u)     in_1->z F     unmapped_nand2         1  1.0     0    16     798    (-,-) 
  m_opact_uint/m_opact_core/g10874/z (u)     in_1->z R     unmapped_nand2         1  1.1     0    16     815    (-,-) 
  m_opact_uint/m_opact_core/g10866/z (u)     in_1->z R     unmapped_or2           3  3.3     0    21     835    (-,-) 
  g978/z                             (u)     in_1->z R     unmapped_or2           2  2.2     0    19     854    (-,-) 
  g1429/z                            (u)     in_1->z R     unmapped_or2           2  2.2     0    19     873    (-,-) 
  g1380/z                            (u)     in_1->z R     unmapped_or2           1  1.1     0    16     890    (-,-) 
  g982/z                             (u)     in_0->z F     unmapped_nand2         2  2.0     0    19     909    (-,-) 
  g1366/z                            (u)     in_0->z F     unmapped_or2           1  1.0     0    16     925    (-,-) 
  g1367/z                            (u)     in_1->z R     unmapped_nand2         1 50.0     0    46     972    (-,-) 
  R[14]                              -       -       R     (port)                 -    -     -     0     972    (-,-) 
#---------------------------------------------------------------------------------------------------------------------

(u) : Net has unmapped pin(s).



Path 2: VIOLATED (-222 ps) Late External Delay Assertion at pin R[15]
          Group: vclk
     Startpoint: (R) A[1]
          Clock: (R) vclk
       Endpoint: (R) R[15]
          Clock: (R) vclk

                     Capture       Launch     
        Clock Edge:+    1000            0     
        Drv Adjust:+       0            0     
       Src Latency:+       0            0     
       Net Latency:+       0 (I)        0 (I) 
           Arrival:=    1000            0     
                                              
      Output Delay:-     200                  
       Uncertainty:-      50                  
     Required Time:=     750                  
      Launch Clock:-       0                  
       Input Delay:-     200                  
         Data Path:-     772                  
             Slack:=    -222                  

Exceptions/Constraints:
  input_delay              200             opact_int8.sdc_line_14_6_1 
  output_delay             200             opact_int8.sdc_line_15     

#---------------------------------------------------------------------------------------------------------------------
#           Timing Point             Flags    Arc    Edge       Cell         Fanout Load Trans Delay Arrival Instance 
#                                                                                   (fF)  (ps)  (ps)   (ps)  Location 
#---------------------------------------------------------------------------------------------------------------------
  A[1]                               (u)     -       R     (arrival)              3  3.3     0     0     200    (-,-) 
  g691/z                             (u)     in_1->z R     unmapped_or2           2  2.2     0    19     219    (-,-) 
  g678/z                             (u)     in_0->z R     unmapped_or2           2  2.2     0    19     238    (-,-) 
  g675/z                             (u)     in_0->z R     unmapped_or2           2  2.2     0    19     257    (-,-) 
  g666/z                             (u)     in_0->z R     unmapped_or2           2  2.2     0    19     276    (-,-) 
  g651/z                             (u)     in_0->z F     unmapped_nand2         2  2.0     0    19     294    (-,-) 
  g638/z                             (u)     in_0->z F     unmapped_or2           1  1.0     0    16     311    (-,-) 
  g639/z                             (u)     in_1->z R     unmapped_nand2         8  8.8     0    27     338    (-,-) 
  m_opact_uint/m_opact_core/g11835/z (u)     in_0->z F     unmapped_nand2         4  4.0     0    22     360    (-,-) 
  m_opact_uint/m_opact_core/g12021/z (u)     in_0->z F     unmapped_complex2      1  1.0     0    16     377    (-,-) 
  m_opact_uint/m_opact_core/g11709/z (u)     in_1->z R     unmapped_nand2         5  5.5     0    24     400    (-,-) 
  m_opact_uint/m_opact_core/g11642/z (u)     in_1->z F     unmapped_nand2         1  1.0     0    16     417    (-,-) 
  m_opact_uint/m_opact_core/g11643/z (u)     in_1->z R     unmapped_nand2         1  1.1     0    16     433    (-,-) 
  m_opact_uint/m_opact_core/g12057/z (u)     in_1->z F     unmapped_complex2      2  2.0     0    19     452    (-,-) 
  m_opact_uint/m_opact_core/g11999/z (u)     in_0->z F     unmapped_or2           1  1.0     0    16     469    (-,-) 
  m_opact_uint/m_opact_core/g11512/z (u)     in_1->z R     unmapped_nand2         2  2.2     0    19     488    (-,-) 
  m_opact_uint/m_opact_core/g11399/z (u)     in_0->z R     unmapped_complex2      1  1.1     0    16     504    (-,-) 
  m_opact_uint/m_opact_core/g11400/z (u)     in_1->z F     unmapped_nand2         2  2.0     0    19     523    (-,-) 
  m_opact_uint/m_opact_core/g11363/z (u)     in_0->z F     unmapped_complex2      1  1.0     0    16     539    (-,-) 
  m_opact_uint/m_opact_core/g11364/z (u)     in_1->z R     unmapped_nand2         2  2.2     0    19     558    (-,-) 
  m_opact_uint/m_opact_core/g11348/z (u)     in_0->z R     unmapped_complex2      1  1.1     0    16     575    (-,-) 
  m_opact_uint/m_opact_core/g11349/z (u)     in_1->z F     unmapped_nand2        15 15.0     0    33     608    (-,-) 
  m_opact_uint/m_opact_core/g11287/z (u)     in_0->z F     unmapped_complex2      1  1.0     0    16     624    (-,-) 
  m_opact_uint/m_opact_core/g11288/z (u)     in_1->z R     unmapped_nand2         1  1.1     0    16     641    (-,-) 
  m_opact_uint/m_opact_core/g11245/z (u)     in_1->z F     unmapped_nand2         2  2.0     0    19     660    (-,-) 
  m_opact_uint/m_opact_core/g11149/z (u)     in_1->z F     unmapped_or2           1  1.0     0    16     676    (-,-) 
  m_opact_uint/m_opact_core/g11150/z (u)     in_1->z R     unmapped_nand2         3  3.3     0    21     697    (-,-) 
  m_opact_uint/m_opact_core/g11076/z (u)     in_1->z F     unmapped_nand2         1  1.0     0    16     713    (-,-) 
  m_opact_uint/m_opact_core/g11051/z (u)     in_1->z R     unmapped_nand2         1  1.1     0    16     730    (-,-) 
  m_opact_uint/m_opact_core/g11001/z (u)     in_1->z R     unmapped_or2           2  2.2     0    19     749    (-,-) 
  m_opact_uint/m_opact_core/g12161/z (u)     in_0->z F     unmapped_complex2      1  1.0     0    16     765    (-,-) 
  m_opact_uint/m_opact_core/g10977/z (u)     in_1->z R     unmapped_nand2         1  1.1     0    16     782    (-,-) 
  m_opact_uint/m_opact_core/g12214/z (u)     in_1->z F     unmapped_nand2         1  1.0     0    16     798    (-,-) 
  m_opact_uint/m_opact_core/g10874/z (u)     in_1->z R     unmapped_nand2         1  1.1     0    16     815    (-,-) 
  m_opact_uint/m_opact_core/g10866/z (u)     in_1->z R     unmapped_or2           3  3.3     0    21     835    (-,-) 
  g978/z                             (u)     in_1->z R     unmapped_or2           2  2.2     0    19     854    (-,-) 
  g1429/z                            (u)     in_1->z R     unmapped_or2           2  2.2     0    19     873    (-,-) 
  g1379/z                            (u)     in_0->z R     unmapped_or2           1  1.1     0    16     890    (-,-) 
  g1375/z                            (u)     in_1->z F     unmapped_nand2         2  2.0     0    19     909    (-,-) 
  g1370/z                            (u)     in_0->z F     unmapped_or2           1  1.0     0    16     925    (-,-) 
  g1371/z                            (u)     in_1->z R     unmapped_nand2         1 50.0     0    46     972    (-,-) 
  R[15]                              -       -       R     (port)                 -    -     -     0     972    (-,-) 
#---------------------------------------------------------------------------------------------------------------------

(u) : Net has unmapped pin(s).



Path 3: VIOLATED (-203 ps) Late External Delay Assertion at pin R[13]
          Group: vclk
     Startpoint: (F) A[1]
          Clock: (R) vclk
       Endpoint: (R) R[13]
          Clock: (R) vclk

                     Capture       Launch     
        Clock Edge:+    1000            0     
        Drv Adjust:+       0            0     
       Src Latency:+       0            0     
       Net Latency:+       0 (I)        0 (I) 
           Arrival:=    1000            0     
                                              
      Output Delay:-     200                  
       Uncertainty:-      50                  
     Required Time:=     750                  
      Launch Clock:-       0                  
       Input Delay:-     200                  
         Data Path:-     753                  
             Slack:=    -203                  

Exceptions/Constraints:
  input_delay              200             opact_int8.sdc_line_14_6_1  
  output_delay             200             opact_int8.sdc_line_15_22_1 

#---------------------------------------------------------------------------------------------------------------------
#           Timing Point             Flags    Arc    Edge       Cell         Fanout Load Trans Delay Arrival Instance 
#                                                                                   (fF)  (ps)  (ps)   (ps)  Location 
#---------------------------------------------------------------------------------------------------------------------
  A[1]                               (u)     -       F     (arrival)              3  3.0     0     0     200    (-,-) 
  g691/z                             (u)     in_1->z F     unmapped_or2           2  2.0     0    19     219    (-,-) 
  g678/z                             (u)     in_0->z F     unmapped_or2           2  2.0     0    19     238    (-,-) 
  g675/z                             (u)     in_0->z F     unmapped_or2           2  2.0     0    19     257    (-,-) 
  g666/z                             (u)     in_0->z F     unmapped_or2           2  2.0     0    19     276    (-,-) 
  g651/z                             (u)     in_0->z R     unmapped_nand2         2  2.2     0    19     294    (-,-) 
  g638/z                             (u)     in_0->z R     unmapped_or2           1  1.1     0    16     311    (-,-) 
  g639/z                             (u)     in_1->z F     unmapped_nand2         8  8.0     0    27     338    (-,-) 
  m_opact_uint/m_opact_core/g11835/z (u)     in_0->z R     unmapped_nand2         4  4.4     0    22     360    (-,-) 
  m_opact_uint/m_opact_core/g12021/z (u)     in_0->z R     unmapped_complex2      1  1.1     0    16     377    (-,-) 
  m_opact_uint/m_opact_core/g11709/z (u)     in_1->z F     unmapped_nand2         5  5.0     0    24     400    (-,-) 
  m_opact_uint/m_opact_core/g11642/z (u)     in_1->z R     unmapped_nand2         1  1.1     0    16     417    (-,-) 
  m_opact_uint/m_opact_core/g11643/z (u)     in_1->z F     unmapped_nand2         1  1.0     0    16     433    (-,-) 
  m_opact_uint/m_opact_core/g12057/z (u)     in_1->z R     unmapped_complex2      2  2.2     0    19     452    (-,-) 
  m_opact_uint/m_opact_core/g11999/z (u)     in_0->z R     unmapped_or2           1  1.1     0    16     469    (-,-) 
  m_opact_uint/m_opact_core/g11512/z (u)     in_1->z F     unmapped_nand2         2  2.0     0    19     488    (-,-) 
  m_opact_uint/m_opact_core/g11399/z (u)     in_0->z F     unmapped_complex2      1  1.0     0    16     504    (-,-) 
  m_opact_uint/m_opact_core/g11400/z (u)     in_1->z R     unmapped_nand2         2  2.2     0    19     523    (-,-) 
  m_opact_uint/m_opact_core/g11363/z (u)     in_0->z R     unmapped_complex2      1  1.1     0    16     539    (-,-) 
  m_opact_uint/m_opact_core/g11364/z (u)     in_1->z F     unmapped_nand2         2  2.0     0    19     558    (-,-) 
  m_opact_uint/m_opact_core/g11348/z (u)     in_0->z F     unmapped_complex2      1  1.0     0    16     575    (-,-) 
  m_opact_uint/m_opact_core/g11349/z (u)     in_1->z R     unmapped_nand2        15 16.5     0    33     608    (-,-) 
  m_opact_uint/m_opact_core/g11287/z (u)     in_0->z R     unmapped_complex2      1  1.1     0    16     624    (-,-) 
  m_opact_uint/m_opact_core/g11288/z (u)     in_1->z F     unmapped_nand2         1  1.0     0    16     641    (-,-) 
  m_opact_uint/m_opact_core/g11245/z (u)     in_1->z R     unmapped_nand2         2  2.2     0    19     660    (-,-) 
  m_opact_uint/m_opact_core/g11149/z (u)     in_1->z R     unmapped_or2           1  1.1     0    16     676    (-,-) 
  m_opact_uint/m_opact_core/g11150/z (u)     in_1->z F     unmapped_nand2         3  3.0     0    21     697    (-,-) 
  m_opact_uint/m_opact_core/g11076/z (u)     in_1->z R     unmapped_nand2         1  1.1     0    16     713    (-,-) 
  m_opact_uint/m_opact_core/g11051/z (u)     in_1->z F     unmapped_nand2         1  1.0     0    16     730    (-,-) 
  m_opact_uint/m_opact_core/g11001/z (u)     in_1->z F     unmapped_or2           2  2.0     0    19     749    (-,-) 
  m_opact_uint/m_opact_core/g12161/z (u)     in_0->z R     unmapped_complex2      1  1.1     0    16     765    (-,-) 
  m_opact_uint/m_opact_core/g10977/z (u)     in_1->z F     unmapped_nand2         1  1.0     0    16     782    (-,-) 
  m_opact_uint/m_opact_core/g12214/z (u)     in_1->z R     unmapped_nand2         1  1.1     0    16     798    (-,-) 
  m_opact_uint/m_opact_core/g10874/z (u)     in_1->z F     unmapped_nand2         1  1.0     0    16     815    (-,-) 
  m_opact_uint/m_opact_core/g10866/z (u)     in_1->z F     unmapped_or2           3  3.0     0    21     835    (-,-) 
  g978/z                             (u)     in_1->z F     unmapped_or2           2  2.0     0    19     854    (-,-) 
  g1389/z                            (u)     in_0->z F     unmapped_or2           1  1.0     0    16     871    (-,-) 
  g1378/z                            (u)     in_1->z R     unmapped_nand2         2  2.2     0    19     890    (-,-) 
  g1377/z                            (u)     in_0->z F     unmapped_nand2         1  1.0     0    16     906    (-,-) 
  g1368/z                            (u)     in_1->z R     unmapped_nand2         1 50.0     0    46     953    (-,-) 
  R[13]                              -       -       R     (port)                 -    -     -     0     953    (-,-) 
#---------------------------------------------------------------------------------------------------------------------

(u) : Net has unmapped pin(s).



Path 4: VIOLATED (-194 ps) Late External Delay Assertion at pin R[12]
          Group: vclk
     Startpoint: (F) A[1]
          Clock: (R) vclk
       Endpoint: (R) R[12]
          Clock: (R) vclk

                     Capture       Launch     
        Clock Edge:+    1000            0     
        Drv Adjust:+       0            0     
       Src Latency:+       0            0     
       Net Latency:+       0 (I)        0 (I) 
           Arrival:=    1000            0     
                                              
      Output Delay:-     200                  
       Uncertainty:-      50                  
     Required Time:=     750                  
      Launch Clock:-       0                  
       Input Delay:-     200                  
         Data Path:-     744                  
             Slack:=    -194                  

Exceptions/Constraints:
  input_delay              200             opact_int8.sdc_line_14_6_1  
  output_delay             200             opact_int8.sdc_line_15_23_1 

#---------------------------------------------------------------------------------------------------------------------
#           Timing Point             Flags    Arc    Edge       Cell         Fanout Load Trans Delay Arrival Instance 
#                                                                                   (fF)  (ps)  (ps)   (ps)  Location 
#---------------------------------------------------------------------------------------------------------------------
  A[1]                               (u)     -       F     (arrival)              3  3.0     0     0     200    (-,-) 
  g691/z                             (u)     in_1->z F     unmapped_or2           2  2.0     0    19     219    (-,-) 
  g678/z                             (u)     in_0->z F     unmapped_or2           2  2.0     0    19     238    (-,-) 
  g675/z                             (u)     in_0->z F     unmapped_or2           2  2.0     0    19     257    (-,-) 
  g666/z                             (u)     in_0->z F     unmapped_or2           2  2.0     0    19     276    (-,-) 
  g651/z                             (u)     in_0->z R     unmapped_nand2         2  2.2     0    19     294    (-,-) 
  g638/z                             (u)     in_0->z R     unmapped_or2           1  1.1     0    16     311    (-,-) 
  g639/z                             (u)     in_1->z F     unmapped_nand2         8  8.0     0    27     338    (-,-) 
  m_opact_uint/m_opact_core/g11840/z (u)     in_0->z R     unmapped_nand2         4  4.4     0    22     360    (-,-) 
  m_opact_uint/m_opact_core/g12033/z (u)     in_0->z R     unmapped_complex2      1  1.1     0    16     377    (-,-) 
  m_opact_uint/m_opact_core/g11698/z (u)     in_1->z F     unmapped_nand2         3  3.0     0    21     397    (-,-) 
  m_opact_uint/m_opact_core/g11621/z (u)     in_1->z R     unmapped_nand2         1  1.1     0    16     414    (-,-) 
  m_opact_uint/m_opact_core/g11622/z (u)     in_1->z F     unmapped_nand2         5  5.0     0    24     437    (-,-) 
  m_opact_uint/m_opact_core/g11603/z (u)     in_0->z R     unmapped_complex2      2  2.2     0    19     456    (-,-) 
  m_opact_uint/m_opact_core/g11483/z (u)     in_1->z F     unmapped_complex2      1  1.0     0    16     473    (-,-) 
  m_opact_uint/m_opact_core/g11484/z (u)     in_1->z R     unmapped_nand2         2  2.2     0    19     492    (-,-) 
  m_opact_uint/m_opact_core/g11402/z (u)     in_0->z R     unmapped_complex2      1  1.1     0    16     508    (-,-) 
  m_opact_uint/m_opact_core/g11403/z (u)     in_1->z F     unmapped_nand2         2  2.0     0    19     527    (-,-) 
  m_opact_uint/m_opact_core/g11376/z (u)     in_0->z F     unmapped_complex2      1  1.0     0    16     544    (-,-) 
  m_opact_uint/m_opact_core/g11377/z (u)     in_1->z R     unmapped_nand2         2  2.2     0    19     562    (-,-) 
  m_opact_uint/m_opact_core/g11351/z (u)     in_0->z R     unmapped_complex2      1  1.1     0    16     579    (-,-) 
  m_opact_uint/m_opact_core/g11352/z (u)     in_1->z F     unmapped_nand2         2  2.0     0    19     598    (-,-) 
  m_opact_uint/m_opact_core/g11316/z (u)     in_0->z F     unmapped_complex2      1  1.0     0    16     614    (-,-) 
  m_opact_uint/m_opact_core/g11317/z (u)     in_1->z R     unmapped_nand2        17 18.7     0    34     649    (-,-) 
  m_opact_uint/m_opact_core/g12127/z (u)     in_1->z F     unmapped_complex2      1  1.0     0    16     665    (-,-) 
  m_opact_uint/m_opact_core/g11191/z (u)     in_1->z R     unmapped_nand2         4  4.4     0    22     687    (-,-) 
  m_opact_uint/m_opact_core/g12142/z (u)     in_0->z F     unmapped_complex2      1  1.0     0    16     704    (-,-) 
  m_opact_uint/m_opact_core/g11134/z (u)     in_1->z R     unmapped_nand2         2  2.2     0    19     723    (-,-) 
  m_opact_uint/m_opact_core/g11069/z (u)     in_1->z R     unmapped_or2           2  2.2     0    19     742    (-,-) 
  m_opact_uint/m_opact_core/g12207/z (u)     in_0->z F     unmapped_complex2      1  1.0     0    16     758    (-,-) 
  m_opact_uint/m_opact_core/g12209/z (u)     in_1->z F     unmapped_complex2      1  1.0     0    16     775    (-,-) 
  m_opact_uint/m_opact_core/g10870/z (u)     in_1->z R     unmapped_nand2         1  1.1     0    16     791    (-,-) 
  m_opact_uint/m_opact_core/g10865/z (u)     in_1->z R     unmapped_or2           1  1.1     0    16     808    (-,-) 
  m_opact_uint/m_opact_core/g10864/z (u)     in_0->z R     unmapped_or2           4  4.4     0    22     830    (-,-) 
  g1430/z                            (u)     in_1->z R     unmapped_or2           1  1.1     0    16     846    (-,-) 
  g1390/z                            (u)     in_1->z R     unmapped_or2           1  1.1     0    16     863    (-,-) 
  g1388/z                            (u)     in_1->z F     unmapped_nand2         2  2.0     0    19     882    (-,-) 
  g1382/z                            (u)     in_0->z F     unmapped_or2           1  1.0     0    16     898    (-,-) 
  g1383/z                            (u)     in_1->z R     unmapped_nand2         1 50.0     0    46     944    (-,-) 
  R[12]                              -       -       R     (port)                 -    -     -     0     944    (-,-) 
#---------------------------------------------------------------------------------------------------------------------

(u) : Net has unmapped pin(s).



Path 5: VIOLATED (-184 ps) Late External Delay Assertion at pin R[11]
          Group: vclk
     Startpoint: (F) A[1]
          Clock: (R) vclk
       Endpoint: (R) R[11]
          Clock: (R) vclk

                     Capture       Launch     
        Clock Edge:+    1000            0     
        Drv Adjust:+       0            0     
       Src Latency:+       0            0     
       Net Latency:+       0 (I)        0 (I) 
           Arrival:=    1000            0     
                                              
      Output Delay:-     200                  
       Uncertainty:-      50                  
     Required Time:=     750                  
      Launch Clock:-       0                  
       Input Delay:-     200                  
         Data Path:-     734                  
             Slack:=    -184                  

Exceptions/Constraints:
  input_delay              200             opact_int8.sdc_line_14_6_1  
  output_delay             200             opact_int8.sdc_line_15_24_1 

#---------------------------------------------------------------------------------------------------------------------
#           Timing Point             Flags    Arc    Edge       Cell         Fanout Load Trans Delay Arrival Instance 
#                                                                                   (fF)  (ps)  (ps)   (ps)  Location 
#---------------------------------------------------------------------------------------------------------------------
  A[1]                               (u)     -       F     (arrival)              3  3.0     0     0     200    (-,-) 
  g691/z                             (u)     in_1->z F     unmapped_or2           2  2.0     0    19     219    (-,-) 
  g678/z                             (u)     in_0->z F     unmapped_or2           2  2.0     0    19     238    (-,-) 
  g675/z                             (u)     in_0->z F     unmapped_or2           2  2.0     0    19     257    (-,-) 
  g666/z                             (u)     in_0->z F     unmapped_or2           2  2.0     0    19     276    (-,-) 
  g651/z                             (u)     in_0->z R     unmapped_nand2         2  2.2     0    19     294    (-,-) 
  g638/z                             (u)     in_0->z R     unmapped_or2           1  1.1     0    16     311    (-,-) 
  g639/z                             (u)     in_1->z F     unmapped_nand2         8  8.0     0    27     338    (-,-) 
  m_opact_uint/m_opact_core/g11840/z (u)     in_0->z R     unmapped_nand2         4  4.4     0    22     360    (-,-) 
  m_opact_uint/m_opact_core/g12033/z (u)     in_0->z R     unmapped_complex2      1  1.1     0    16     377    (-,-) 
  m_opact_uint/m_opact_core/g11698/z (u)     in_1->z F     unmapped_nand2         3  3.0     0    21     397    (-,-) 
  m_opact_uint/m_opact_core/g11621/z (u)     in_1->z R     unmapped_nand2         1  1.1     0    16     414    (-,-) 
  m_opact_uint/m_opact_core/g11622/z (u)     in_1->z F     unmapped_nand2         5  5.0     0    24     437    (-,-) 
  m_opact_uint/m_opact_core/g11603/z (u)     in_0->z R     unmapped_complex2      2  2.2     0    19     456    (-,-) 
  m_opact_uint/m_opact_core/g11483/z (u)     in_1->z F     unmapped_complex2      1  1.0     0    16     473    (-,-) 
  m_opact_uint/m_opact_core/g11484/z (u)     in_1->z R     unmapped_nand2         2  2.2     0    19     492    (-,-) 
  m_opact_uint/m_opact_core/g11402/z (u)     in_0->z R     unmapped_complex2      1  1.1     0    16     508    (-,-) 
  m_opact_uint/m_opact_core/g11403/z (u)     in_1->z F     unmapped_nand2         2  2.0     0    19     527    (-,-) 
  m_opact_uint/m_opact_core/g11376/z (u)     in_0->z F     unmapped_complex2      1  1.0     0    16     544    (-,-) 
  m_opact_uint/m_opact_core/g11377/z (u)     in_1->z R     unmapped_nand2         2  2.2     0    19     562    (-,-) 
  m_opact_uint/m_opact_core/g11351/z (u)     in_0->z R     unmapped_complex2      1  1.1     0    16     579    (-,-) 
  m_opact_uint/m_opact_core/g11352/z (u)     in_1->z F     unmapped_nand2         2  2.0     0    19     598    (-,-) 
  m_opact_uint/m_opact_core/g11316/z (u)     in_0->z F     unmapped_complex2      1  1.0     0    16     614    (-,-) 
  m_opact_uint/m_opact_core/g11317/z (u)     in_1->z R     unmapped_nand2        17 18.7     0    34     649    (-,-) 
  m_opact_uint/m_opact_core/g12127/z (u)     in_1->z F     unmapped_complex2      1  1.0     0    16     665    (-,-) 
  m_opact_uint/m_opact_core/g11191/z (u)     in_1->z R     unmapped_nand2         4  4.4     0    22     687    (-,-) 
  m_opact_uint/m_opact_core/g12142/z (u)     in_0->z F     unmapped_complex2      1  1.0     0    16     704    (-,-) 
  m_opact_uint/m_opact_core/g11134/z (u)     in_1->z R     unmapped_nand2         2  2.2     0    19     723    (-,-) 
  m_opact_uint/m_opact_core/g11069/z (u)     in_1->z R     unmapped_or2           2  2.2     0    19     742    (-,-) 
  m_opact_uint/m_opact_core/g12207/z (u)     in_0->z F     unmapped_complex2      1  1.0     0    16     758    (-,-) 
  m_opact_uint/m_opact_core/g12209/z (u)     in_1->z F     unmapped_complex2      1  1.0     0    16     775    (-,-) 
  m_opact_uint/m_opact_core/g10870/z (u)     in_1->z R     unmapped_nand2         1  1.1     0    16     791    (-,-) 
  m_opact_uint/m_opact_core/g10865/z (u)     in_1->z R     unmapped_or2           1  1.1     0    16     808    (-,-) 
  m_opact_uint/m_opact_core/g10864/z (u)     in_0->z R     unmapped_or2           4  4.4     0    22     830    (-,-) 
  g1391/z                            (u)     in_0->z R     unmapped_or2           4  4.4     0    22     852    (-,-) 
  g943/z                             (u)     in_1->z F     unmapped_nand2         2  2.0     0    19     871    (-,-) 
  g1373/z                            (u)     in_0->z F     unmapped_or2           1  1.0     0    16     887    (-,-) 
  g1374/z                            (u)     in_1->z R     unmapped_nand2         1 50.0     0    46     934    (-,-) 
  R[11]                              -       -       R     (port)                 -    -     -     0     934    (-,-) 
#---------------------------------------------------------------------------------------------------------------------

(u) : Net has unmapped pin(s).



Path 6: VIOLATED (-159 ps) Late External Delay Assertion at pin R[10]
          Group: vclk
     Startpoint: (R) A[1]
          Clock: (R) vclk
       Endpoint: (R) R[10]
          Clock: (R) vclk

                     Capture       Launch     
        Clock Edge:+    1000            0     
        Drv Adjust:+       0            0     
       Src Latency:+       0            0     
       Net Latency:+       0 (I)        0 (I) 
           Arrival:=    1000            0     
                                              
      Output Delay:-     200                  
       Uncertainty:-      50                  
     Required Time:=     750                  
      Launch Clock:-       0                  
       Input Delay:-     200                  
         Data Path:-     709                  
             Slack:=    -159                  

Exceptions/Constraints:
  input_delay              200             opact_int8.sdc_line_14_6_1  
  output_delay             200             opact_int8.sdc_line_15_25_1 

#---------------------------------------------------------------------------------------------------------------------
#           Timing Point             Flags    Arc    Edge       Cell         Fanout Load Trans Delay Arrival Instance 
#                                                                                   (fF)  (ps)  (ps)   (ps)  Location 
#---------------------------------------------------------------------------------------------------------------------
  A[1]                               (u)     -       R     (arrival)              3  3.3     0     0     200    (-,-) 
  g691/z                             (u)     in_1->z R     unmapped_or2           2  2.2     0    19     219    (-,-) 
  g678/z                             (u)     in_0->z R     unmapped_or2           2  2.2     0    19     238    (-,-) 
  g675/z                             (u)     in_0->z R     unmapped_or2           2  2.2     0    19     257    (-,-) 
  g666/z                             (u)     in_0->z R     unmapped_or2           2  2.2     0    19     276    (-,-) 
  g651/z                             (u)     in_0->z F     unmapped_nand2         2  2.0     0    19     294    (-,-) 
  g638/z                             (u)     in_0->z F     unmapped_or2           1  1.0     0    16     311    (-,-) 
  g639/z                             (u)     in_1->z R     unmapped_nand2         8  8.8     0    27     338    (-,-) 
  m_opact_uint/m_opact_core/g11840/z (u)     in_0->z F     unmapped_nand2         4  4.0     0    22     360    (-,-) 
  m_opact_uint/m_opact_core/g12033/z (u)     in_0->z F     unmapped_complex2      1  1.0     0    16     377    (-,-) 
  m_opact_uint/m_opact_core/g11698/z (u)     in_1->z R     unmapped_nand2         3  3.3     0    21     397    (-,-) 
  m_opact_uint/m_opact_core/g11621/z (u)     in_1->z F     unmapped_nand2         1  1.0     0    16     414    (-,-) 
  m_opact_uint/m_opact_core/g11622/z (u)     in_1->z R     unmapped_nand2         5  5.5     0    24     437    (-,-) 
  m_opact_uint/m_opact_core/g11603/z (u)     in_0->z F     unmapped_complex2      2  2.0     0    19     456    (-,-) 
  m_opact_uint/m_opact_core/g11483/z (u)     in_1->z R     unmapped_complex2      1  1.1     0    16     473    (-,-) 
  m_opact_uint/m_opact_core/g11484/z (u)     in_1->z F     unmapped_nand2         2  2.0     0    19     492    (-,-) 
  m_opact_uint/m_opact_core/g11402/z (u)     in_0->z F     unmapped_complex2      1  1.0     0    16     508    (-,-) 
  m_opact_uint/m_opact_core/g11403/z (u)     in_1->z R     unmapped_nand2         2  2.2     0    19     527    (-,-) 
  m_opact_uint/m_opact_core/g11376/z (u)     in_0->z R     unmapped_complex2      1  1.1     0    16     544    (-,-) 
  m_opact_uint/m_opact_core/g11377/z (u)     in_1->z F     unmapped_nand2         2  2.0     0    19     562    (-,-) 
  m_opact_uint/m_opact_core/g11351/z (u)     in_0->z F     unmapped_complex2      1  1.0     0    16     579    (-,-) 
  m_opact_uint/m_opact_core/g11352/z (u)     in_1->z R     unmapped_nand2         2  2.2     0    19     598    (-,-) 
  m_opact_uint/m_opact_core/g11316/z (u)     in_0->z R     unmapped_complex2      1  1.1     0    16     614    (-,-) 
  m_opact_uint/m_opact_core/g11317/z (u)     in_1->z F     unmapped_nand2        17 17.0     0    34     649    (-,-) 
  m_opact_uint/m_opact_core/g12127/z (u)     in_1->z R     unmapped_complex2      1  1.1     0    16     665    (-,-) 
  m_opact_uint/m_opact_core/g11191/z (u)     in_1->z F     unmapped_nand2         4  4.0     0    22     687    (-,-) 
  m_opact_uint/m_opact_core/g12007/z (u)     in_1->z F     unmapped_or2           1  1.0     0    16     704    (-,-) 
  m_opact_uint/m_opact_core/g11126/z (u)     in_1->z R     unmapped_nand2         1  1.1     0    16     720    (-,-) 
  m_opact_uint/m_opact_core/g11064/z (u)     in_0->z F     unmapped_complex2      1  1.0     0    16     737    (-,-) 
  m_opact_uint/m_opact_core/g11042/z (u)     in_0->z R     unmapped_nand2         1  1.1     0    16     753    (-,-) 
  m_opact_uint/m_opact_core/g10958/z (u)     in_0->z F     unmapped_nand2         1  1.0     0    16     770    (-,-) 
  m_opact_uint/m_opact_core/g10948/z (u)     in_0->z R     unmapped_nand2         3  3.3     0    21     790    (-,-) 
  g1403/z                            (u)     in_1->z R     unmapped_or2           1  1.1     0    16     807    (-,-) 
  g1399/z                            (u)     in_1->z R     unmapped_or2           3  3.3     0    21     828    (-,-) 
  g934/z                             (u)     in_1->z F     unmapped_nand2         2  2.0     0    19     846    (-,-) 
  g1386/z                            (u)     in_0->z F     unmapped_or2           1  1.0     0    16     863    (-,-) 
  g1387/z                            (u)     in_1->z R     unmapped_nand2         1 50.0     0    46     909    (-,-) 
  R[10]                              -       -       R     (port)                 -    -     -     0     909    (-,-) 
#---------------------------------------------------------------------------------------------------------------------

(u) : Net has unmapped pin(s).



Path 7: VIOLATED (-135 ps) Late External Delay Assertion at pin R[9]
          Group: vclk
     Startpoint: (R) A[1]
          Clock: (R) vclk
       Endpoint: (R) R[9]
          Clock: (R) vclk

                     Capture       Launch     
        Clock Edge:+    1000            0     
        Drv Adjust:+       0            0     
       Src Latency:+       0            0     
       Net Latency:+       0 (I)        0 (I) 
           Arrival:=    1000            0     
                                              
      Output Delay:-     200                  
       Uncertainty:-      50                  
     Required Time:=     750                  
      Launch Clock:-       0                  
       Input Delay:-     200                  
         Data Path:-     685                  
             Slack:=    -135                  

Exceptions/Constraints:
  input_delay              200             opact_int8.sdc_line_14_6_1  
  output_delay             200             opact_int8.sdc_line_15_26_1 

#---------------------------------------------------------------------------------------------------------------------
#           Timing Point             Flags    Arc    Edge       Cell         Fanout Load Trans Delay Arrival Instance 
#                                                                                   (fF)  (ps)  (ps)   (ps)  Location 
#---------------------------------------------------------------------------------------------------------------------
  A[1]                               (u)     -       R     (arrival)              3  3.3     0     0     200    (-,-) 
  g691/z                             (u)     in_1->z R     unmapped_or2           2  2.2     0    19     219    (-,-) 
  g678/z                             (u)     in_0->z R     unmapped_or2           2  2.2     0    19     238    (-,-) 
  g673/z                             (u)     in_1->z F     unmapped_nand2         2  2.0     0    19     257    (-,-) 
  g658/z                             (u)     in_1->z F     unmapped_or2           1  1.0     0    16     273    (-,-) 
  g659/z                             (u)     in_1->z R     unmapped_nand2         8  8.8     0    27     300    (-,-) 
  m_opact_uint/m_opact_core/g11861/z (u)     in_0->z F     unmapped_nand2         4  4.0     0    22     322    (-,-) 
  m_opact_uint/m_opact_core/g12019/z (u)     in_1->z R     unmapped_complex2      1  1.1     0    16     339    (-,-) 
  m_opact_uint/m_opact_core/g11689/z (u)     in_1->z F     unmapped_nand2         3  3.0     0    21     360    (-,-) 
  m_opact_uint/m_opact_core/g11646/z (u)     in_1->z R     unmapped_nand2         1  1.1     0    16     376    (-,-) 
  m_opact_uint/m_opact_core/g11647/z (u)     in_1->z F     unmapped_nand2         3  3.0     0    21     397    (-,-) 
  m_opact_uint/m_opact_core/g11601/z (u)     in_0->z F     unmapped_or2           1  1.0     0    16     413    (-,-) 
  m_opact_uint/m_opact_core/g11602/z (u)     in_1->z R     unmapped_nand2         3  3.3     0    21     434    (-,-) 
  m_opact_uint/m_opact_core/g11232/z (u)     in_0->z F     unmapped_nand2         1  1.0     0    16     450    (-,-) 
  m_opact_uint/m_opact_core/g12098/z (u)     in_0->z F     unmapped_complex2      2  2.0     0    19     469    (-,-) 
  m_opact_uint/m_opact_core/g11141/z (u)     in_1->z F     unmapped_or2           1  1.0     0    16     486    (-,-) 
  m_opact_uint/m_opact_core/g11075/z (u)     in_1->z R     unmapped_nand2         3  3.3     0    21     506    (-,-) 
  m_opact_uint/m_opact_core/g3576/z  (u)     in_1->z F     unmapped_nand2         2  2.0     0    19     525    (-,-) 
  m_opact_uint/m_opact_core/g12124/z (u)     in_0->z R     unmapped_complex2      1  1.1     0    16     542    (-,-) 
  m_opact_uint/m_opact_core/g11019/z (u)     in_1->z F     unmapped_nand2         3  3.0     0    21     562    (-,-) 
  m_opact_uint/m_opact_core/g5185/z  (u)     in_1->z R     unmapped_nand2         4  4.4     0    22     584    (-,-) 
  m_opact_uint/m_opact_core/g12146/z (u)     in_0->z F     unmapped_complex2      1  1.0     0    16     601    (-,-) 
  m_opact_uint/m_opact_core/g10974/z (u)     in_1->z R     unmapped_nand2         2  2.2     0    19     620    (-,-) 
  m_opact_uint/m_opact_core/g12157/z (u)     in_0->z F     unmapped_complex2      6  6.0     0    25     644    (-,-) 
  m_opact_uint/m_opact_core/g10952/z (u)     in_1->z F     unmapped_or2           1  1.0     0    16     661    (-,-) 
  m_opact_uint/m_opact_core/g10953/z (u)     in_1->z R     unmapped_nand2         8  8.8     0    27     688    (-,-) 
  m_opact_uint/m_opact_core/g12167/z (u)     in_0->z R     unmapped_complex2      3  3.3     0    21     709    (-,-) 
  m_opact_uint/m_opact_core/g10922/z (u)     in_1->z F     unmapped_complex2      2  2.0     0    19     728    (-,-) 
  m_opact_uint/m_opact_core/g10909/z (u)     in_0->z R     unmapped_nand2         3  3.3     0    21     748    (-,-) 
  m_opact_uint/m_opact_core/g12182/z (u)     in_0->z F     unmapped_complex2      1  1.0     0    16     765    (-,-) 
  m_opact_uint/m_opact_core/g10873/z (u)     in_1->z R     unmapped_complex2      4  4.4     0    22     787    (-,-) 
  g919/z                             (u)     in_1->z R     unmapped_or2           1  1.1     0    16     803    (-,-) 
  g989/z                             (u)     in_1->z F     unmapped_nand2         2  2.0     0    19     822    (-,-) 
  g1393/z                            (u)     in_0->z F     unmapped_or2           1  1.0     0    16     839    (-,-) 
  g1394/z                            (u)     in_1->z R     unmapped_nand2         1 50.0     0    46     885    (-,-) 
  R[9]                               -       -       R     (port)                 -    -     -     0     885    (-,-) 
#---------------------------------------------------------------------------------------------------------------------

(u) : Net has unmapped pin(s).



Path 8: VIOLATED (-110 ps) Late External Delay Assertion at pin R[8]
          Group: vclk
     Startpoint: (F) A[1]
          Clock: (R) vclk
       Endpoint: (R) R[8]
          Clock: (R) vclk

                     Capture       Launch     
        Clock Edge:+    1000            0     
        Drv Adjust:+       0            0     
       Src Latency:+       0            0     
       Net Latency:+       0 (I)        0 (I) 
           Arrival:=    1000            0     
                                              
      Output Delay:-     200                  
       Uncertainty:-      50                  
     Required Time:=     750                  
      Launch Clock:-       0                  
       Input Delay:-     200                  
         Data Path:-     660                  
             Slack:=    -110                  

Exceptions/Constraints:
  input_delay              200             opact_int8.sdc_line_14_6_1  
  output_delay             200             opact_int8.sdc_line_15_27_1 

#---------------------------------------------------------------------------------------------------------------------
#           Timing Point             Flags    Arc    Edge       Cell         Fanout Load Trans Delay Arrival Instance 
#                                                                                   (fF)  (ps)  (ps)   (ps)  Location 
#---------------------------------------------------------------------------------------------------------------------
  A[1]                               (u)     -       F     (arrival)              3  3.0     0     0     200    (-,-) 
  g691/z                             (u)     in_1->z F     unmapped_or2           2  2.0     0    19     219    (-,-) 
  g678/z                             (u)     in_0->z F     unmapped_or2           2  2.0     0    19     238    (-,-) 
  g673/z                             (u)     in_1->z R     unmapped_nand2         2  2.2     0    19     257    (-,-) 
  g658/z                             (u)     in_1->z R     unmapped_or2           1  1.1     0    16     273    (-,-) 
  g659/z                             (u)     in_1->z F     unmapped_nand2         8  8.0     0    27     300    (-,-) 
  m_opact_uint/m_opact_core/g11861/z (u)     in_0->z R     unmapped_nand2         4  4.4     0    22     322    (-,-) 
  m_opact_uint/m_opact_core/g12019/z (u)     in_1->z F     unmapped_complex2      1  1.0     0    16     339    (-,-) 
  m_opact_uint/m_opact_core/g11689/z (u)     in_1->z R     unmapped_nand2         3  3.3     0    21     360    (-,-) 
  m_opact_uint/m_opact_core/g11646/z (u)     in_1->z F     unmapped_nand2         1  1.0     0    16     376    (-,-) 
  m_opact_uint/m_opact_core/g11647/z (u)     in_1->z R     unmapped_nand2         3  3.3     0    21     397    (-,-) 
  m_opact_uint/m_opact_core/g11601/z (u)     in_0->z R     unmapped_or2           1  1.1     0    16     413    (-,-) 
  m_opact_uint/m_opact_core/g11602/z (u)     in_1->z F     unmapped_nand2         3  3.0     0    21     434    (-,-) 
  m_opact_uint/m_opact_core/g11232/z (u)     in_0->z R     unmapped_nand2         1  1.1     0    16     450    (-,-) 
  m_opact_uint/m_opact_core/g12098/z (u)     in_0->z R     unmapped_complex2      2  2.2     0    19     469    (-,-) 
  m_opact_uint/m_opact_core/g11141/z (u)     in_1->z R     unmapped_or2           1  1.1     0    16     486    (-,-) 
  m_opact_uint/m_opact_core/g11075/z (u)     in_1->z F     unmapped_nand2         3  3.0     0    21     506    (-,-) 
  m_opact_uint/m_opact_core/g3576/z  (u)     in_1->z R     unmapped_nand2         2  2.2     0    19     525    (-,-) 
  m_opact_uint/m_opact_core/g12124/z (u)     in_0->z F     unmapped_complex2      1  1.0     0    16     542    (-,-) 
  m_opact_uint/m_opact_core/g11019/z (u)     in_1->z R     unmapped_nand2         3  3.3     0    21     562    (-,-) 
  m_opact_uint/m_opact_core/g5185/z  (u)     in_1->z F     unmapped_nand2         4  4.0     0    22     584    (-,-) 
  m_opact_uint/m_opact_core/g12146/z (u)     in_0->z R     unmapped_complex2      1  1.1     0    16     601    (-,-) 
  m_opact_uint/m_opact_core/g10974/z (u)     in_1->z F     unmapped_nand2         2  2.0     0    19     620    (-,-) 
  m_opact_uint/m_opact_core/g12157/z (u)     in_0->z R     unmapped_complex2      6  6.6     0    25     644    (-,-) 
  m_opact_uint/m_opact_core/g10952/z (u)     in_1->z R     unmapped_or2           1  1.1     0    16     661    (-,-) 
  m_opact_uint/m_opact_core/g10953/z (u)     in_1->z F     unmapped_nand2         8  8.0     0    27     688    (-,-) 
  m_opact_uint/m_opact_core/g11870/z (u)     in_1->z F     unmapped_or2           1  1.0     0    16     704    (-,-) 
  m_opact_uint/m_opact_core/g10921/z (u)     in_1->z R     unmapped_nand2         1  1.1     0    16     721    (-,-) 
  m_opact_uint/m_opact_core/g10914/z (u)     in_0->z F     unmapped_complex2      1  1.0     0    16     738    (-,-) 
  m_opact_uint/m_opact_core/g10893/z (u)     in_0->z R     unmapped_nand2         3  3.3     0    21     758    (-,-) 
  g699/z                             (u)     in_1->z R     unmapped_or2           3  3.3     0    21     779    (-,-) 
  g931/z                             (u)     in_1->z F     unmapped_nand2         2  2.0     0    19     798    (-,-) 
  g1397/z                            (u)     in_0->z F     unmapped_or2           1  1.0     0    16     814    (-,-) 
  g1398/z                            (u)     in_1->z R     unmapped_nand2         1 50.0     0    46     860    (-,-) 
  R[8]                               -       -       R     (port)                 -    -     -     0     860    (-,-) 
#---------------------------------------------------------------------------------------------------------------------

(u) : Net has unmapped pin(s).



Path 9: VIOLATED (-71 ps) Late External Delay Assertion at pin R[7]
          Group: vclk
     Startpoint: (R) A[1]
          Clock: (R) vclk
       Endpoint: (R) R[7]
          Clock: (R) vclk

                     Capture       Launch     
        Clock Edge:+    1000            0     
        Drv Adjust:+       0            0     
       Src Latency:+       0            0     
       Net Latency:+       0 (I)        0 (I) 
           Arrival:=    1000            0     
                                              
      Output Delay:-     200                  
       Uncertainty:-      50                  
     Required Time:=     750                  
      Launch Clock:-       0                  
       Input Delay:-     200                  
         Data Path:-     621                  
             Slack:=     -71                  

Exceptions/Constraints:
  input_delay              200             opact_int8.sdc_line_14_6_1  
  output_delay             200             opact_int8.sdc_line_15_28_1 

#---------------------------------------------------------------------------------------------------------------------
#           Timing Point             Flags    Arc    Edge       Cell         Fanout Load Trans Delay Arrival Instance 
#                                                                                   (fF)  (ps)  (ps)   (ps)  Location 
#---------------------------------------------------------------------------------------------------------------------
  A[1]                               (u)     -       R     (arrival)              3  3.3     0     0     200    (-,-) 
  g691/z                             (u)     in_1->z R     unmapped_or2           2  2.2     0    19     219    (-,-) 
  g678/z                             (u)     in_0->z R     unmapped_or2           2  2.2     0    19     238    (-,-) 
  g673/z                             (u)     in_1->z F     unmapped_nand2         2  2.0     0    19     257    (-,-) 
  g658/z                             (u)     in_1->z F     unmapped_or2           1  1.0     0    16     273    (-,-) 
  g659/z                             (u)     in_1->z R     unmapped_nand2         8  8.8     0    27     300    (-,-) 
  m_opact_uint/m_opact_core/g11861/z (u)     in_0->z F     unmapped_nand2         4  4.0     0    22     322    (-,-) 
  m_opact_uint/m_opact_core/g12019/z (u)     in_1->z R     unmapped_complex2      1  1.1     0    16     339    (-,-) 
  m_opact_uint/m_opact_core/g11689/z (u)     in_1->z F     unmapped_nand2         3  3.0     0    21     360    (-,-) 
  m_opact_uint/m_opact_core/g11646/z (u)     in_1->z R     unmapped_nand2         1  1.1     0    16     376    (-,-) 
  m_opact_uint/m_opact_core/g11647/z (u)     in_1->z F     unmapped_nand2         3  3.0     0    21     397    (-,-) 
  m_opact_uint/m_opact_core/g11601/z (u)     in_0->z F     unmapped_or2           1  1.0     0    16     413    (-,-) 
  m_opact_uint/m_opact_core/g11602/z (u)     in_1->z R     unmapped_nand2         3  3.3     0    21     434    (-,-) 
  m_opact_uint/m_opact_core/g11232/z (u)     in_0->z F     unmapped_nand2         1  1.0     0    16     450    (-,-) 
  m_opact_uint/m_opact_core/g12098/z (u)     in_0->z F     unmapped_complex2      2  2.0     0    19     469    (-,-) 
  m_opact_uint/m_opact_core/g11141/z (u)     in_1->z F     unmapped_or2           1  1.0     0    16     486    (-,-) 
  m_opact_uint/m_opact_core/g11075/z (u)     in_1->z R     unmapped_nand2         3  3.3     0    21     506    (-,-) 
  m_opact_uint/m_opact_core/g3576/z  (u)     in_1->z F     unmapped_nand2         2  2.0     0    19     525    (-,-) 
  m_opact_uint/m_opact_core/g12124/z (u)     in_0->z R     unmapped_complex2      1  1.1     0    16     542    (-,-) 
  m_opact_uint/m_opact_core/g11019/z (u)     in_1->z F     unmapped_nand2         3  3.0     0    21     562    (-,-) 
  m_opact_uint/m_opact_core/g5185/z  (u)     in_1->z R     unmapped_nand2         4  4.4     0    22     584    (-,-) 
  m_opact_uint/m_opact_core/g12146/z (u)     in_0->z F     unmapped_complex2      1  1.0     0    16     601    (-,-) 
  m_opact_uint/m_opact_core/g10974/z (u)     in_1->z R     unmapped_nand2         2  2.2     0    19     620    (-,-) 
  m_opact_uint/m_opact_core/g12157/z (u)     in_0->z F     unmapped_complex2      6  6.0     0    25     644    (-,-) 
  m_opact_uint/m_opact_core/g10952/z (u)     in_1->z F     unmapped_or2           1  1.0     0    16     661    (-,-) 
  m_opact_uint/m_opact_core/g10953/z (u)     in_1->z R     unmapped_nand2         8  8.8     0    27     688    (-,-) 
  m_opact_uint/m_opact_core/g11870/z (u)     in_1->z R     unmapped_or2           1  1.1     0    16     704    (-,-) 
  m_opact_uint/m_opact_core/g10921/z (u)     in_1->z F     unmapped_nand2         1  1.0     0    16     721    (-,-) 
  m_opact_uint/m_opact_core/g10914/z (u)     in_0->z R     unmapped_complex2      1  1.1     0    16     738    (-,-) 
  m_opact_uint/m_opact_core/g10893/z (u)     in_0->z F     unmapped_nand2         3  3.0     0    21     758    (-,-) 
  g1401/z                            (u)     in_1->z F     unmapped_or2           1  1.0     0    16     775    (-,-) 
  g1402/z                            (u)     in_1->z R     unmapped_nand2         1 50.0     0    46     821    (-,-) 
  R[7]                               -       -       R     (port)                 -    -     -     0     821    (-,-) 
#---------------------------------------------------------------------------------------------------------------------

(u) : Net has unmapped pin(s).



Path 10: VIOLATED (-8 ps) Late External Delay Assertion at pin R[6]
          Group: vclk
     Startpoint: (F) A[1]
          Clock: (R) vclk
       Endpoint: (R) R[6]
          Clock: (R) vclk

                     Capture       Launch     
        Clock Edge:+    1000            0     
        Drv Adjust:+       0            0     
       Src Latency:+       0            0     
       Net Latency:+       0 (I)        0 (I) 
           Arrival:=    1000            0     
                                              
      Output Delay:-     200                  
       Uncertainty:-      50                  
     Required Time:=     750                  
      Launch Clock:-       0                  
       Input Delay:-     200                  
         Data Path:-     558                  
             Slack:=      -8                  

Exceptions/Constraints:
  input_delay              200             opact_int8.sdc_line_14_6_1  
  output_delay             200             opact_int8.sdc_line_15_29_1 

#---------------------------------------------------------------------------------------------------------------------
#           Timing Point             Flags    Arc    Edge       Cell         Fanout Load Trans Delay Arrival Instance 
#                                                                                   (fF)  (ps)  (ps)   (ps)  Location 
#---------------------------------------------------------------------------------------------------------------------
  A[1]                               (u)     -       F     (arrival)              3  3.0     0     0     200    (-,-) 
  g691/z                             (u)     in_1->z F     unmapped_or2           2  2.0     0    19     219    (-,-) 
  g678/z                             (u)     in_0->z F     unmapped_or2           2  2.0     0    19     238    (-,-) 
  g673/z                             (u)     in_1->z R     unmapped_nand2         2  2.2     0    19     257    (-,-) 
  g658/z                             (u)     in_1->z R     unmapped_or2           1  1.1     0    16     273    (-,-) 
  g659/z                             (u)     in_1->z F     unmapped_nand2         8  8.0     0    27     300    (-,-) 
  m_opact_uint/m_opact_core/g11861/z (u)     in_0->z R     unmapped_nand2         4  4.4     0    22     322    (-,-) 
  m_opact_uint/m_opact_core/g12019/z (u)     in_1->z F     unmapped_complex2      1  1.0     0    16     339    (-,-) 
  m_opact_uint/m_opact_core/g11689/z (u)     in_1->z R     unmapped_nand2         3  3.3     0    21     360    (-,-) 
  m_opact_uint/m_opact_core/g11646/z (u)     in_1->z F     unmapped_nand2         1  1.0     0    16     376    (-,-) 
  m_opact_uint/m_opact_core/g11647/z (u)     in_1->z R     unmapped_nand2         3  3.3     0    21     397    (-,-) 
  m_opact_uint/m_opact_core/g11601/z (u)     in_0->z R     unmapped_or2           1  1.1     0    16     413    (-,-) 
  m_opact_uint/m_opact_core/g11602/z (u)     in_1->z F     unmapped_nand2         3  3.0     0    21     434    (-,-) 
  m_opact_uint/m_opact_core/g11232/z (u)     in_0->z R     unmapped_nand2         1  1.1     0    16     450    (-,-) 
  m_opact_uint/m_opact_core/g12098/z (u)     in_0->z R     unmapped_complex2      2  2.2     0    19     469    (-,-) 
  m_opact_uint/m_opact_core/g11141/z (u)     in_1->z R     unmapped_or2           1  1.1     0    16     486    (-,-) 
  m_opact_uint/m_opact_core/g11075/z (u)     in_1->z F     unmapped_nand2         3  3.0     0    21     506    (-,-) 
  m_opact_uint/m_opact_core/g3576/z  (u)     in_1->z R     unmapped_nand2         2  2.2     0    19     525    (-,-) 
  m_opact_uint/m_opact_core/g12124/z (u)     in_0->z F     unmapped_complex2      1  1.0     0    16     542    (-,-) 
  m_opact_uint/m_opact_core/g11019/z (u)     in_1->z R     unmapped_nand2         3  3.3     0    21     562    (-,-) 
  m_opact_uint/m_opact_core/g5185/z  (u)     in_1->z F     unmapped_nand2         4  4.0     0    22     584    (-,-) 
  m_opact_uint/m_opact_core/g12146/z (u)     in_0->z R     unmapped_complex2      1  1.1     0    16     601    (-,-) 
  m_opact_uint/m_opact_core/g10974/z (u)     in_1->z F     unmapped_nand2         2  2.0     0    19     620    (-,-) 
  m_opact_uint/m_opact_core/g10960/z (u)     in_0->z R     unmapped_nand2         4  4.4     0    22     642    (-,-) 
  m_opact_uint/m_opact_core/g10955/z (u)     in_1->z R     unmapped_or2           1  1.1     0    16     658    (-,-) 
  m_opact_uint/m_opact_core/g10956/z (u)     in_1->z F     unmapped_nand2         1  1.0     0    16     675    (-,-) 
  m_opact_uint/m_opact_core/g12211/z (u)     in_0->z F     unmapped_complex2      3  3.0     0    21     695    (-,-) 
  g1405/z                            (u)     in_1->z F     unmapped_or2           1  1.0     0    16     712    (-,-) 
  g1406/z                            (u)     in_1->z R     unmapped_nand2         1 50.0     0    46     758    (-,-) 
  R[6]                               -       -       R     (port)                 -    -     -     0     758    (-,-) 
#---------------------------------------------------------------------------------------------------------------------

(u) : Net has unmapped pin(s).



Path 11: MET (55 ps) Late External Delay Assertion at pin R[5]
          Group: vclk
     Startpoint: (R) A[1]
          Clock: (R) vclk
       Endpoint: (R) R[5]
          Clock: (R) vclk

                     Capture       Launch     
        Clock Edge:+    1000            0     
        Drv Adjust:+       0            0     
       Src Latency:+       0            0     
       Net Latency:+       0 (I)        0 (I) 
           Arrival:=    1000            0     
                                              
      Output Delay:-     200                  
       Uncertainty:-      50                  
     Required Time:=     750                  
      Launch Clock:-       0                  
       Input Delay:-     200                  
         Data Path:-     495                  
             Slack:=      55                  

Exceptions/Constraints:
  input_delay              200             opact_int8.sdc_line_14_6_1  
  output_delay             200             opact_int8.sdc_line_15_30_1 

#---------------------------------------------------------------------------------------------------------------------
#           Timing Point             Flags    Arc    Edge       Cell         Fanout Load Trans Delay Arrival Instance 
#                                                                                   (fF)  (ps)  (ps)   (ps)  Location 
#---------------------------------------------------------------------------------------------------------------------
  A[1]                               (u)     -       R     (arrival)              3  3.3     0     0     200    (-,-) 
  g691/z                             (u)     in_1->z R     unmapped_or2           2  2.2     0    19     219    (-,-) 
  g678/z                             (u)     in_0->z R     unmapped_or2           2  2.2     0    19     238    (-,-) 
  g673/z                             (u)     in_1->z F     unmapped_nand2         2  2.0     0    19     257    (-,-) 
  g658/z                             (u)     in_1->z F     unmapped_or2           1  1.0     0    16     273    (-,-) 
  g659/z                             (u)     in_1->z R     unmapped_nand2         8  8.8     0    27     300    (-,-) 
  m_opact_uint/m_opact_core/g11861/z (u)     in_0->z F     unmapped_nand2         4  4.0     0    22     322    (-,-) 
  m_opact_uint/m_opact_core/g12019/z (u)     in_1->z R     unmapped_complex2      1  1.1     0    16     339    (-,-) 
  m_opact_uint/m_opact_core/g11689/z (u)     in_1->z F     unmapped_nand2         3  3.0     0    21     360    (-,-) 
  m_opact_uint/m_opact_core/g11646/z (u)     in_1->z R     unmapped_nand2         1  1.1     0    16     376    (-,-) 
  m_opact_uint/m_opact_core/g11647/z (u)     in_1->z F     unmapped_nand2         3  3.0     0    21     397    (-,-) 
  m_opact_uint/m_opact_core/g11601/z (u)     in_0->z F     unmapped_or2           1  1.0     0    16     413    (-,-) 
  m_opact_uint/m_opact_core/g11602/z (u)     in_1->z R     unmapped_nand2         3  3.3     0    21     434    (-,-) 
  m_opact_uint/m_opact_core/g11232/z (u)     in_0->z F     unmapped_nand2         1  1.0     0    16     450    (-,-) 
  m_opact_uint/m_opact_core/g12098/z (u)     in_0->z F     unmapped_complex2      2  2.0     0    19     469    (-,-) 
  m_opact_uint/m_opact_core/g11141/z (u)     in_1->z F     unmapped_or2           1  1.0     0    16     486    (-,-) 
  m_opact_uint/m_opact_core/g11075/z (u)     in_1->z R     unmapped_nand2         3  3.3     0    21     506    (-,-) 
  m_opact_uint/m_opact_core/g3576/z  (u)     in_1->z F     unmapped_nand2         2  2.0     0    19     525    (-,-) 
  m_opact_uint/m_opact_core/g12124/z (u)     in_0->z R     unmapped_complex2      1  1.1     0    16     542    (-,-) 
  m_opact_uint/m_opact_core/g11019/z (u)     in_1->z F     unmapped_nand2         3  3.0     0    21     562    (-,-) 
  m_opact_uint/m_opact_core/g12144/z (u)     in_0->z R     unmapped_complex2      1  1.1     0    16     579    (-,-) 
  m_opact_uint/m_opact_core/g10989/z (u)     in_1->z F     unmapped_nand2         1  1.0     0    16     595    (-,-) 
  m_opact_uint/m_opact_core/g10969/z (u)     in_0->z R     unmapped_nand2         1  1.1     0    16     612    (-,-) 
  m_opact_uint/m_opact_core/g10965/z (u)     in_0->z F     unmapped_nand2         3  3.0     0    21     632    (-,-) 
  g1409/z                            (u)     in_1->z F     unmapped_or2           1  1.0     0    16     649    (-,-) 
  g1410/z                            (u)     in_1->z R     unmapped_nand2         1 50.0     0    46     695    (-,-) 
  R[5]                               -       -       R     (port)                 -    -     -     0     695    (-,-) 
#---------------------------------------------------------------------------------------------------------------------

(u) : Net has unmapped pin(s).



Path 12: MET (127 ps) Late External Delay Assertion at pin R[4]
          Group: vclk
     Startpoint: (F) A[1]
          Clock: (R) vclk
       Endpoint: (R) R[4]
          Clock: (R) vclk

                     Capture       Launch     
        Clock Edge:+    1000            0     
        Drv Adjust:+       0            0     
       Src Latency:+       0            0     
       Net Latency:+       0 (I)        0 (I) 
           Arrival:=    1000            0     
                                              
      Output Delay:-     200                  
       Uncertainty:-      50                  
     Required Time:=     750                  
      Launch Clock:-       0                  
       Input Delay:-     200                  
         Data Path:-     423                  
             Slack:=     127                  

Exceptions/Constraints:
  input_delay              200             opact_int8.sdc_line_14_6_1  
  output_delay             200             opact_int8.sdc_line_15_31_1 

#---------------------------------------------------------------------------------------------------------------------
#           Timing Point             Flags    Arc    Edge       Cell         Fanout Load Trans Delay Arrival Instance 
#                                                                                   (fF)  (ps)  (ps)   (ps)  Location 
#---------------------------------------------------------------------------------------------------------------------
  A[1]                               (u)     -       F     (arrival)              3  3.0     0     0     200    (-,-) 
  g691/z                             (u)     in_1->z F     unmapped_or2           2  2.0     0    19     219    (-,-) 
  g678/z                             (u)     in_0->z F     unmapped_or2           2  2.0     0    19     238    (-,-) 
  g673/z                             (u)     in_1->z R     unmapped_nand2         2  2.2     0    19     257    (-,-) 
  g658/z                             (u)     in_1->z R     unmapped_or2           1  1.1     0    16     273    (-,-) 
  g659/z                             (u)     in_1->z F     unmapped_nand2         8  8.0     0    27     300    (-,-) 
  m_opact_uint/m_opact_core/g11861/z (u)     in_0->z R     unmapped_nand2         4  4.4     0    22     322    (-,-) 
  m_opact_uint/m_opact_core/g12019/z (u)     in_1->z F     unmapped_complex2      1  1.0     0    16     339    (-,-) 
  m_opact_uint/m_opact_core/g11689/z (u)     in_1->z R     unmapped_nand2         3  3.3     0    21     360    (-,-) 
  m_opact_uint/m_opact_core/g11646/z (u)     in_1->z F     unmapped_nand2         1  1.0     0    16     376    (-,-) 
  m_opact_uint/m_opact_core/g11647/z (u)     in_1->z R     unmapped_nand2         3  3.3     0    21     397    (-,-) 
  m_opact_uint/m_opact_core/g11601/z (u)     in_0->z R     unmapped_or2           1  1.1     0    16     413    (-,-) 
  m_opact_uint/m_opact_core/g11602/z (u)     in_1->z F     unmapped_nand2         3  3.0     0    21     434    (-,-) 
  m_opact_uint/m_opact_core/g11232/z (u)     in_0->z R     unmapped_nand2         1  1.1     0    16     450    (-,-) 
  m_opact_uint/m_opact_core/g12098/z (u)     in_0->z R     unmapped_complex2      2  2.2     0    19     469    (-,-) 
  m_opact_uint/m_opact_core/g11141/z (u)     in_1->z R     unmapped_or2           1  1.1     0    16     486    (-,-) 
  m_opact_uint/m_opact_core/g11075/z (u)     in_1->z F     unmapped_nand2         3  3.0     0    21     506    (-,-) 
  m_opact_uint/m_opact_core/g12122/z (u)     in_0->z R     unmapped_complex2      1  1.1     0    16     523    (-,-) 
  m_opact_uint/m_opact_core/g11047/z (u)     in_1->z F     unmapped_nand2         1  1.0     0    16     539    (-,-) 
  m_opact_uint/m_opact_core/g12199/z (u)     in_0->z F     unmapped_complex2      3  3.0     0    21     560    (-,-) 
  g1414/z                            (u)     in_1->z F     unmapped_or2           1  1.0     0    16     576    (-,-) 
  g1415/z                            (u)     in_1->z R     unmapped_nand2         1 50.0     0    46     623    (-,-) 
  R[4]                               -       -       R     (port)                 -    -     -     0     623    (-,-) 
#---------------------------------------------------------------------------------------------------------------------

(u) : Net has unmapped pin(s).



Path 13: MET (160 ps) Late External Delay Assertion at pin R[3]
          Group: vclk
     Startpoint: (R) Conf_Bit_Mask[1]
          Clock: (R) vclk
       Endpoint: (R) R[3]
          Clock: (R) vclk

                     Capture       Launch     
        Clock Edge:+    1000            0     
        Drv Adjust:+       0            0     
       Src Latency:+       0            0     
       Net Latency:+       0 (I)        0 (I) 
           Arrival:=    1000            0     
                                              
      Output Delay:-     200                  
       Uncertainty:-      50                  
     Required Time:=     750                  
      Launch Clock:-       0                  
       Input Delay:-     200                  
         Data Path:-     390                  
             Slack:=     160                  

Exceptions/Constraints:
  input_delay              200             opact_int8.sdc_line_14_20_1 
  output_delay             200             opact_int8.sdc_line_15_32_1 

#-------------------------------------------------------------------------------------------------------------------------------
#                Timing Point                  Flags    Arc    Edge       Cell         Fanout Load Trans Delay Arrival Instance 
#                                                                                             (fF)  (ps)  (ps)   (ps)  Location 
#-------------------------------------------------------------------------------------------------------------------------------
  Conf_Bit_Mask[1]                             (u)     -       R     (arrival)             20 22.0     0     0     200    (-,-) 
  m_opact_uint/m_opact_core/g1550_create/g92/z (u)     in_1->z R     unmapped_or2           2  2.2     0    19     219    (-,-) 
  m_opact_uint/m_opact_core/g1550_create/g95/z (u)     in_0->z F     unmapped_complex2      1  1.0     0    16     235    (-,-) 
  m_opact_uint/m_opact_core/g11786/z           (u)     in_1->z F     unmapped_or2           2  2.0     0    19     254    (-,-) 
  m_opact_uint/m_opact_core/g11775/z           (u)     in_1->z F     unmapped_or2           1  1.0     0    16     271    (-,-) 
  m_opact_uint/m_opact_core/g11685/z           (u)     in_0->z R     unmapped_complex2      1  1.1     0    16     287    (-,-) 
  m_opact_uint/m_opact_core/g11507/z           (u)     in_1->z F     unmapped_complex2      1  1.0     0    16     304    (-,-) 
  m_opact_uint/m_opact_core/g11430/z           (u)     in_1->z F     unmapped_or2           1  1.0     0    16     320    (-,-) 
  m_opact_uint/m_opact_core/g11374/z           (u)     in_0->z R     unmapped_complex2      1  1.1     0    16     337    (-,-) 
  m_opact_uint/m_opact_core/g11330/z           (u)     in_0->z F     unmapped_complex2      2  2.0     0    19     356    (-,-) 
  m_opact_uint/m_opact_core/g11325/z           (u)     in_0->z F     unmapped_or2           7  7.0     0    26     382    (-,-) 
  m_opact_uint/m_opact_core/g11265/z           (u)     in_0->z F     unmapped_or2           1  1.0     0    16     398    (-,-) 
  m_opact_uint/m_opact_core/g11229/z           (u)     in_1->z F     unmapped_or2           2  2.0     0    19     417    (-,-) 
  m_opact_uint/m_opact_core/g11198/z           (u)     in_1->z F     unmapped_or2           2  2.0     0    19     436    (-,-) 
  m_opact_uint/m_opact_core/g11080/z           (u)     in_1->z F     unmapped_or2           1  1.0     0    16     452    (-,-) 
  m_opact_uint/m_opact_core/g11063/z           (u)     in_1->z R     unmapped_nand2         1  1.1     0    16     469    (-,-) 
  m_opact_uint/m_opact_core/g12113/z           (u)     in_0->z R     unmapped_complex2      3  3.3     0    21     490    (-,-) 
  g700/z                                       (u)     in_0->z R     unmapped_or2           2  2.2     0    19     508    (-,-) 
  g946/z                                       (u)     in_1->z F     unmapped_nand2         2  2.0     0    19     527    (-,-) 
  g1419/z                                      (u)     in_0->z F     unmapped_or2           1  1.0     0    16     544    (-,-) 
  g1420/z                                      (u)     in_1->z R     unmapped_nand2         1 50.0     0    46     590    (-,-) 
  R[3]                                         -       -       R     (port)                 -    -     -     0     590    (-,-) 
#-------------------------------------------------------------------------------------------------------------------------------

(u) : Net has unmapped pin(s).



Path 14: MET (195 ps) Late External Delay Assertion at pin R[2]
          Group: vclk
     Startpoint: (F) Conf_Bit_Mask[1]
          Clock: (R) vclk
       Endpoint: (R) R[2]
          Clock: (R) vclk

                     Capture       Launch     
        Clock Edge:+    1000            0     
        Drv Adjust:+       0            0     
       Src Latency:+       0            0     
       Net Latency:+       0 (I)        0 (I) 
           Arrival:=    1000            0     
                                              
      Output Delay:-     200                  
       Uncertainty:-      50                  
     Required Time:=     750                  
      Launch Clock:-       0                  
       Input Delay:-     200                  
         Data Path:-     355                  
             Slack:=     195                  

Exceptions/Constraints:
  input_delay              200             opact_int8.sdc_line_14_20_1 
  output_delay             200             opact_int8.sdc_line_15_33_1 

#-------------------------------------------------------------------------------------------------------------------------------
#                Timing Point                  Flags    Arc    Edge       Cell         Fanout Load Trans Delay Arrival Instance 
#                                                                                             (fF)  (ps)  (ps)   (ps)  Location 
#-------------------------------------------------------------------------------------------------------------------------------
  Conf_Bit_Mask[1]                             (u)     -       F     (arrival)             20 20.0     0     0     200    (-,-) 
  m_opact_uint/m_opact_core/g1550_create/g92/z (u)     in_1->z F     unmapped_or2           2  2.0     0    19     219    (-,-) 
  m_opact_uint/m_opact_core/g1550_create/g95/z (u)     in_0->z R     unmapped_complex2      1  1.1     0    16     235    (-,-) 
  m_opact_uint/m_opact_core/g11786/z           (u)     in_1->z R     unmapped_or2           2  2.2     0    19     254    (-,-) 
  m_opact_uint/m_opact_core/g11775/z           (u)     in_1->z R     unmapped_or2           1  1.1     0    16     271    (-,-) 
  m_opact_uint/m_opact_core/g11685/z           (u)     in_0->z F     unmapped_complex2      1  1.0     0    16     287    (-,-) 
  m_opact_uint/m_opact_core/g11507/z           (u)     in_1->z R     unmapped_complex2      1  1.1     0    16     304    (-,-) 
  m_opact_uint/m_opact_core/g11430/z           (u)     in_1->z R     unmapped_or2           1  1.1     0    16     320    (-,-) 
  m_opact_uint/m_opact_core/g11374/z           (u)     in_0->z F     unmapped_complex2      1  1.0     0    16     337    (-,-) 
  m_opact_uint/m_opact_core/g11330/z           (u)     in_0->z R     unmapped_complex2      2  2.2     0    19     356    (-,-) 
  m_opact_uint/m_opact_core/g11325/z           (u)     in_0->z R     unmapped_or2           7  7.7     0    26     382    (-,-) 
  m_opact_uint/m_opact_core/g11265/z           (u)     in_0->z R     unmapped_or2           1  1.1     0    16     398    (-,-) 
  m_opact_uint/m_opact_core/g11229/z           (u)     in_1->z R     unmapped_or2           2  2.2     0    19     417    (-,-) 
  m_opact_uint/m_opact_core/g12097/z           (u)     in_0->z F     unmapped_complex2      1  1.0     0    16     434    (-,-) 
  m_opact_uint/m_opact_core/g11084/z           (u)     in_1->z R     unmapped_nand2         3  3.3     0    21     454    (-,-) 
  g622/z                                       (u)     in_0->z R     unmapped_or2           2  2.2     0    19     473    (-,-) 
  g952/z                                       (u)     in_1->z F     unmapped_nand2         2  2.0     0    19     492    (-,-) 
  g1423/z                                      (u)     in_0->z F     unmapped_or2           1  1.0     0    16     508    (-,-) 
  g1424/z                                      (u)     in_1->z R     unmapped_nand2         1 50.0     0    46     555    (-,-) 
  R[2]                                         -       -       R     (port)                 -    -     -     0     555    (-,-) 
#-------------------------------------------------------------------------------------------------------------------------------

(u) : Net has unmapped pin(s).



Path 15: MET (233 ps) Late External Delay Assertion at pin R[1]
          Group: vclk
     Startpoint: (R) Conf_Bit_Mask[1]
          Clock: (R) vclk
       Endpoint: (R) R[1]
          Clock: (R) vclk

                     Capture       Launch     
        Clock Edge:+    1000            0     
        Drv Adjust:+       0            0     
       Src Latency:+       0            0     
       Net Latency:+       0 (I)        0 (I) 
           Arrival:=    1000            0     
                                              
      Output Delay:-     200                  
       Uncertainty:-      50                  
     Required Time:=     750                  
      Launch Clock:-       0                  
       Input Delay:-     200                  
         Data Path:-     317                  
             Slack:=     233                  

Exceptions/Constraints:
  input_delay              200             opact_int8.sdc_line_14_20_1 
  output_delay             200             opact_int8.sdc_line_15_34_1 

#-------------------------------------------------------------------------------------------------------------------------------
#                Timing Point                  Flags    Arc    Edge       Cell         Fanout Load Trans Delay Arrival Instance 
#                                                                                             (fF)  (ps)  (ps)   (ps)  Location 
#-------------------------------------------------------------------------------------------------------------------------------
  Conf_Bit_Mask[1]                             (u)     -       R     (arrival)             20 22.0     0     0     200    (-,-) 
  m_opact_uint/m_opact_core/g1550_create/g92/z (u)     in_1->z R     unmapped_or2           2  2.2     0    19     219    (-,-) 
  m_opact_uint/m_opact_core/g1550_create/g95/z (u)     in_0->z F     unmapped_complex2      1  1.0     0    16     235    (-,-) 
  m_opact_uint/m_opact_core/g11786/z           (u)     in_1->z F     unmapped_or2           2  2.0     0    19     254    (-,-) 
  m_opact_uint/m_opact_core/g11775/z           (u)     in_1->z F     unmapped_or2           1  1.0     0    16     271    (-,-) 
  m_opact_uint/m_opact_core/g11685/z           (u)     in_0->z R     unmapped_complex2      1  1.1     0    16     287    (-,-) 
  m_opact_uint/m_opact_core/g11507/z           (u)     in_1->z F     unmapped_complex2      1  1.0     0    16     304    (-,-) 
  m_opact_uint/m_opact_core/g11430/z           (u)     in_1->z F     unmapped_or2           1  1.0     0    16     320    (-,-) 
  m_opact_uint/m_opact_core/g11374/z           (u)     in_0->z R     unmapped_complex2      1  1.1     0    16     337    (-,-) 
  m_opact_uint/m_opact_core/g11330/z           (u)     in_0->z F     unmapped_complex2      2  2.0     0    19     356    (-,-) 
  m_opact_uint/m_opact_core/g11325/z           (u)     in_0->z F     unmapped_or2           7  7.0     0    26     382    (-,-) 
  m_opact_uint/m_opact_core/g11265/z           (u)     in_0->z F     unmapped_or2           1  1.0     0    16     398    (-,-) 
  m_opact_uint/m_opact_core/g11229/z           (u)     in_1->z F     unmapped_or2           2  2.0     0    19     417    (-,-) 
  m_opact_uint/m_opact_core/g12097/z           (u)     in_0->z R     unmapped_complex2      1  1.1     0    16     434    (-,-) 
  m_opact_uint/m_opact_core/g11084/z           (u)     in_1->z F     unmapped_nand2         3  3.0     0    21     454    (-,-) 
  g1426/z                                      (u)     in_1->z F     unmapped_or2           1  1.0     0    16     471    (-,-) 
  g1427/z                                      (u)     in_1->z R     unmapped_nand2         1 50.0     0    46     517    (-,-) 
  R[1]                                         -       -       R     (port)                 -    -     -     0     517    (-,-) 
#-------------------------------------------------------------------------------------------------------------------------------

(u) : Net has unmapped pin(s).



Path 16: MET (503 ps) Late External Delay Assertion at pin R[0]
          Group: vclk
     Startpoint: (R) B[0]
          Clock: (R) vclk
       Endpoint: (R) R[0]
          Clock: (R) vclk

                     Capture       Launch     
        Clock Edge:+    1000            0     
        Drv Adjust:+       0            0     
       Src Latency:+       0            0     
       Net Latency:+       0 (I)        0 (I) 
           Arrival:=    1000            0     
                                              
      Output Delay:-     200                  
       Uncertainty:-      50                  
     Required Time:=     750                  
      Launch Clock:-       0                  
       Input Delay:-     200                  
         Data Path:-      47                  
             Slack:=     503                  

Exceptions/Constraints:
  input_delay              200             opact_int8.sdc_line_14_15_1 
  output_delay             200             opact_int8.sdc_line_15_35_1 

#-----------------------------------------------------------------------------------------------------------------
#           Timing Point             Flags    Arc    Edge     Cell       Fanout Load Trans Delay Arrival Instance 
#                                                                               (fF)  (ps)  (ps)   (ps)  Location 
#-----------------------------------------------------------------------------------------------------------------
  B[0]                               (u)     -       R     (arrival)         10 11.0     0     0     200    (-,-) 
  m_opact_uint/m_opact_core/g11871/z (u)     in_1->z R     unmapped_and2      3 52.2     0    47     247    (-,-) 
  R[0]                               -       -       R     (port)             -    -     -     0     247    (-,-) 
#-----------------------------------------------------------------------------------------------------------------

(u) : Net has unmapped pin(s).

