============================================================
  Generated by:           Genus(TM) Synthesis Solution 21.10-p002_1
  Generated on:           Jun 19 2026  11:26:41 am
  Module:                 opact_Fixed8
  Operating conditions:   PVT_1P1V_0C (balanced_tree)
  Wireload mode:          enclosed
  Area mode:              timing library
============================================================


Path 1: VIOLATED (-52 ps) Late External Delay Assertion at pin R[11]
          Group: vclk
     Startpoint: (F) B[0]
          Clock: (R) vclk
       Endpoint: (F) R[11]
          Clock: (R) vclk

                     Capture       Launch     
        Clock Edge:+    1000            0     
        Drv Adjust:+       0            0     
       Src Latency:+       0            0     
       Net Latency:+       0 (I)        0 (I) 
           Arrival:=    1000            0     
                                              
      Output Delay:-     200                  
       Uncertainty:-      50                  
     Required Time:=     750                  
      Launch Clock:-       0                  
       Input Delay:-     200                  
         Data Path:-     602                  
             Slack:=     -52                  

Exceptions/Constraints:
  input_delay              200             opact_Fixed8.sdc_line_14_15_1 
  output_delay             200             opact_Fixed8.sdc_line_15_24_1 

#------------------------------------------------------------------------------------------------------------------
#              Timing Point                Flags    Arc   Edge   Cell     Fanout Load Trans Delay Arrival Instance 
#                                                                                (fF)  (ps)  (ps)   (ps)  Location 
#------------------------------------------------------------------------------------------------------------------
  B[0]                                     -       -      F     (arrival)     12  9.2     0     0     200    (-,-) 
  g91/Y                                    -       A0->Y  R     OAI21X4        1  0.8    12    14     214    (-,-) 
  g90/Y                                    -       S0->Y  R     MXI2X1         2  0.6    21    23     237    (-,-) 
  m_opact_uint/m_opact_core/fopt12/Y       -       A->Y   F     INVXL          3  0.7    12    14     251    (-,-) 
  m_opact_uint/m_opact_core/g25179/Y       -       AN->Y  F     NAND2BX1       2  0.7    19    25     276    (-,-) 
  m_opact_uint/m_opact_core/fopt25129/Y    -       A->Y   R     INVX1          2  0.6     8    11     288    (-,-) 
  m_opact_uint/m_opact_core/g23323__1881/Y -       A->Y   F     MXI2XL         2  0.8    28    24     312    (-,-) 
  m_opact_uint/m_opact_core/g23232__8246/Y -       S0->Y  R     MXI2XL         1  0.5    26    23     335    (-,-) 
  m_opact_uint/m_opact_core/g146/Y         -       B->Y   F     NAND2X1        1  1.0    21    22     357    (-,-) 
  m_opact_uint/m_opact_core/g24888/Y       -       B->Y   F     XOR3X1         4  1.1    15    54     411    (-,-) 
  m_opact_uint/m_opact_core/g25192/Y       -       S0->Y  F     MXI2XL         1  0.4    21    22     432    (-,-) 
  m_opact_uint/m_opact_core/g25191/Y       -       B->Y   R     NOR2X1         2  1.2    24    22     454    (-,-) 
  m_opact_uint/m_opact_core/g24957/Y       -       B->Y   F     NOR2XL         2  0.5    12    15     469    (-,-) 
  m_opact_uint/m_opact_core/g25425/Y       -       B->Y   R     NOR2XL         3  1.1    31    23     492    (-,-) 
  m_opact_uint/m_opact_core/g25427/Y       -       A->Y   F     NOR2X1         3  0.8    15    19     511    (-,-) 
  m_opact_uint/m_opact_core/g25429/Y       -       B->Y   R     NOR2XL         1  0.5    18    17     528    (-,-) 
  m_opact_uint/m_opact_core/g25428/Y       -       A0->Y  F     OAI21X1        2  0.7    20    24     551    (-,-) 
  m_opact_uint/m_opact_core/g25125/Y       -       A1N->Y F     OAI2BB1XL      1  0.4    15    22     574    (-,-) 
  m_opact_uint/m_opact_core/g21/Y          -       B->Y   R     NAND2X1        1  0.9    11    12     586    (-,-) 
  m_opact_uint/m_opact_core/g20/Y          -       B->Y   F     NAND2X2        3  1.2    16    15     600    (-,-) 
  g3846/Y                                  -       A->Y   R     INVX1          2  0.8     9    11     612    (-,-) 
  g3845/Y                                  -       B->Y   F     NAND2BX1       1  0.8    17    15     627    (-,-) 
  g31/Y                                    -       B->Y   R     NOR2X2         1  0.5    11    13     640    (-,-) 
  g3744/Y                                  -       A1->Y  F     AOI21X1        1  0.7    20    20     660    (-,-) 
  g3388__2346/Y                            -       S0->Y  R     MXI2X1         2  0.8    24    20     679    (-,-) 
  g3381__6161/Y                            -       B->Y   F     NAND2X1        1  0.9    20    21     700    (-,-) 
  g3364__1705/Y                            -       A->Y   R     NOR2X2         3  1.8    20    20     720    (-,-) 
  g3753/Y                                  -       B->Y   F     XNOR2X1        1  2.5    21    39     760    (-,-) 
  g3752/Y                                  -       A->Y   R     CLKINVX6       2 11.4    18    16     775    (-,-) 
  g3754/Y                                  -       A->Y   F     CLKINVX12      1 50.0    38    27     802    (-,-) 
  R[11]                                    -       -      F     (port)         -    -     -     0     802    (-,-) 
#------------------------------------------------------------------------------------------------------------------



Path 2: VIOLATED (-52 ps) Late External Delay Assertion at pin R[13]
          Group: vclk
     Startpoint: (F) B[0]
          Clock: (R) vclk
       Endpoint: (F) R[13]
          Clock: (R) vclk

                     Capture       Launch     
        Clock Edge:+    1000            0     
        Drv Adjust:+       0            0     
       Src Latency:+       0            0     
       Net Latency:+       0 (I)        0 (I) 
           Arrival:=    1000            0     
                                              
      Output Delay:-     200                  
       Uncertainty:-      50                  
     Required Time:=     750                  
      Launch Clock:-       0                  
       Input Delay:-     200                  
         Data Path:-     602                  
             Slack:=     -52                  

Exceptions/Constraints:
  input_delay              200             opact_Fixed8.sdc_line_14_15_1 
  output_delay             200             opact_Fixed8.sdc_line_15_22_1 

#------------------------------------------------------------------------------------------------------------------
#              Timing Point                Flags    Arc   Edge   Cell     Fanout Load Trans Delay Arrival Instance 
#                                                                                (fF)  (ps)  (ps)   (ps)  Location 
#------------------------------------------------------------------------------------------------------------------
  B[0]                                     -       -      F     (arrival)     12  9.2     0     0     200    (-,-) 
  g91/Y                                    -       A0->Y  R     OAI21X4        1  0.8    12    14     214    (-,-) 
  g90/Y                                    -       S0->Y  R     MXI2X1         2  0.6    21    23     237    (-,-) 
  m_opact_uint/m_opact_core/fopt12/Y       -       A->Y   F     INVXL          3  0.7    12    14     251    (-,-) 
  m_opact_uint/m_opact_core/g25179/Y       -       AN->Y  F     NAND2BX1       2  0.7    19    25     276    (-,-) 
  m_opact_uint/m_opact_core/fopt25129/Y    -       A->Y   R     INVX1          2  0.6     8    11     288    (-,-) 
  m_opact_uint/m_opact_core/g23323__1881/Y -       A->Y   F     MXI2XL         2  0.8    28    24     312    (-,-) 
  m_opact_uint/m_opact_core/g23232__8246/Y -       S0->Y  R     MXI2XL         1  0.5    26    23     335    (-,-) 
  m_opact_uint/m_opact_core/g146/Y         -       B->Y   F     NAND2X1        1  1.0    21    22     357    (-,-) 
  m_opact_uint/m_opact_core/g24888/Y       -       B->Y   F     XOR3X1         4  1.1    15    54     411    (-,-) 
  m_opact_uint/m_opact_core/g25192/Y       -       S0->Y  F     MXI2XL         1  0.4    21    22     432    (-,-) 
  m_opact_uint/m_opact_core/g25191/Y       -       B->Y   R     NOR2X1         2  1.2    24    22     454    (-,-) 
  m_opact_uint/m_opact_core/g24957/Y       -       B->Y   F     NOR2XL         2  0.5    12    15     469    (-,-) 
  m_opact_uint/m_opact_core/g25425/Y       -       B->Y   R     NOR2XL         3  1.1    31    23     492    (-,-) 
  m_opact_uint/m_opact_core/g25427/Y       -       A->Y   F     NOR2X1         3  0.8    15    19     511    (-,-) 
  m_opact_uint/m_opact_core/g25429/Y       -       B->Y   R     NOR2XL         1  0.5    18    17     528    (-,-) 
  m_opact_uint/m_opact_core/g25428/Y       -       A0->Y  F     OAI21X1        2  0.7    20    24     551    (-,-) 
  m_opact_uint/m_opact_core/g25125/Y       -       A1N->Y F     OAI2BB1XL      1  0.4    15    22     574    (-,-) 
  m_opact_uint/m_opact_core/g21/Y          -       B->Y   R     NAND2X1        1  0.9    11    12     586    (-,-) 
  m_opact_uint/m_opact_core/g20/Y          -       B->Y   F     NAND2X2        3  1.2    16    15     600    (-,-) 
  g3846/Y                                  -       A->Y   R     INVX1          2  0.8     9    11     612    (-,-) 
  g3845/Y                                  -       B->Y   F     NAND2BX1       1  0.8    17    15     627    (-,-) 
  g31/Y                                    -       B->Y   R     NOR2X2         1  0.5    11    13     640    (-,-) 
  g3744/Y                                  -       A1->Y  F     AOI21X1        1  0.7    20    20     660    (-,-) 
  g3388__2346/Y                            -       S0->Y  R     MXI2X1         2  0.8    24    20     679    (-,-) 
  g3381__6161/Y                            -       B->Y   F     NAND2X1        1  0.9    20    21     700    (-,-) 
  g3364__1705/Y                            -       A->Y   R     NOR2X2         3  1.8    20    20     720    (-,-) 
  g3753/Y                                  -       B->Y   F     XNOR2X1        1  2.5    21    39     760    (-,-) 
  g3752/Y                                  -       A->Y   R     CLKINVX6       2 11.4    18    16     775    (-,-) 
  g3751/Y                                  -       A->Y   F     CLKINVX12      1 50.0    38    27     802    (-,-) 
  R[13]                                    -       -      F     (port)         -    -     -     0     802    (-,-) 
#------------------------------------------------------------------------------------------------------------------



Path 3: VIOLATED (-52 ps) Late External Delay Assertion at pin R[14]
          Group: vclk
     Startpoint: (F) B[0]
          Clock: (R) vclk
       Endpoint: (F) R[14]
          Clock: (R) vclk

                     Capture       Launch     
        Clock Edge:+    1000            0     
        Drv Adjust:+       0            0     
       Src Latency:+       0            0     
       Net Latency:+       0 (I)        0 (I) 
           Arrival:=    1000            0     
                                              
      Output Delay:-     200                  
       Uncertainty:-      50                  
     Required Time:=     750                  
      Launch Clock:-       0                  
       Input Delay:-     200                  
         Data Path:-     602                  
             Slack:=     -52                  

Exceptions/Constraints:
  input_delay              200             opact_Fixed8.sdc_line_14_15_1 
  output_delay             200             opact_Fixed8.sdc_line_15_21_1 

#------------------------------------------------------------------------------------------------------------------
#              Timing Point                Flags    Arc   Edge   Cell     Fanout Load Trans Delay Arrival Instance 
#                                                                                (fF)  (ps)  (ps)   (ps)  Location 
#------------------------------------------------------------------------------------------------------------------
  B[0]                                     -       -      F     (arrival)     12  9.2     0     0     200    (-,-) 
  g91/Y                                    -       A0->Y  R     OAI21X4        1  0.8    12    14     214    (-,-) 
  g90/Y                                    -       S0->Y  R     MXI2X1         2  0.6    21    23     237    (-,-) 
  m_opact_uint/m_opact_core/fopt12/Y       -       A->Y   F     INVXL          3  0.7    12    14     251    (-,-) 
  m_opact_uint/m_opact_core/g25179/Y       -       AN->Y  F     NAND2BX1       2  0.7    19    25     276    (-,-) 
  m_opact_uint/m_opact_core/fopt25129/Y    -       A->Y   R     INVX1          2  0.6     8    11     288    (-,-) 
  m_opact_uint/m_opact_core/g23323__1881/Y -       A->Y   F     MXI2XL         2  0.8    28    24     312    (-,-) 
  m_opact_uint/m_opact_core/g23232__8246/Y -       S0->Y  R     MXI2XL         1  0.5    26    23     335    (-,-) 
  m_opact_uint/m_opact_core/g146/Y         -       B->Y   F     NAND2X1        1  1.0    21    22     357    (-,-) 
  m_opact_uint/m_opact_core/g24888/Y       -       B->Y   F     XOR3X1         4  1.1    15    54     411    (-,-) 
  m_opact_uint/m_opact_core/g25192/Y       -       S0->Y  F     MXI2XL         1  0.4    21    22     432    (-,-) 
  m_opact_uint/m_opact_core/g25191/Y       -       B->Y   R     NOR2X1         2  1.2    24    22     454    (-,-) 
  m_opact_uint/m_opact_core/g24957/Y       -       B->Y   F     NOR2XL         2  0.5    12    15     469    (-,-) 
  m_opact_uint/m_opact_core/g25425/Y       -       B->Y   R     NOR2XL         3  1.1    31    23     492    (-,-) 
  m_opact_uint/m_opact_core/g25427/Y       -       A->Y   F     NOR2X1         3  0.8    15    19     511    (-,-) 
  m_opact_uint/m_opact_core/g25429/Y       -       B->Y   R     NOR2XL         1  0.5    18    17     528    (-,-) 
  m_opact_uint/m_opact_core/g25428/Y       -       A0->Y  F     OAI21X1        2  0.7    20    24     551    (-,-) 
  m_opact_uint/m_opact_core/g25125/Y       -       A1N->Y F     OAI2BB1XL      1  0.4    15    22     574    (-,-) 
  m_opact_uint/m_opact_core/g21/Y          -       B->Y   R     NAND2X1        1  0.9    11    12     586    (-,-) 
  m_opact_uint/m_opact_core/g20/Y          -       B->Y   F     NAND2X2        3  1.2    16    15     600    (-,-) 
  g3846/Y                                  -       A->Y   R     INVX1          2  0.8     9    11     612    (-,-) 
  g3845/Y                                  -       B->Y   F     NAND2BX1       1  0.8    17    15     627    (-,-) 
  g31/Y                                    -       B->Y   R     NOR2X2         1  0.5    11    13     640    (-,-) 
  g3744/Y                                  -       A1->Y  F     AOI21X1        1  0.7    20    20     660    (-,-) 
  g3388__2346/Y                            -       S0->Y  R     MXI2X1         2  0.8    24    20     679    (-,-) 
  g3381__6161/Y                            -       B->Y   F     NAND2X1        1  0.9    20    21     700    (-,-) 
  g3364__1705/Y                            -       A->Y   R     NOR2X2         3  1.8    20    20     720    (-,-) 
  g19/Y                                    -       B->Y   F     XNOR2X1        1  2.5    21    39     760    (-,-) 
  g18/Y                                    -       A->Y   R     CLKINVX6       2 11.4    18    16     775    (-,-) 
  g16/Y                                    -       A->Y   F     CLKINVX12      1 50.0    38    27     802    (-,-) 
  R[14]                                    -       -      F     (port)         -    -     -     0     802    (-,-) 
#------------------------------------------------------------------------------------------------------------------



Path 4: VIOLATED (-52 ps) Late External Delay Assertion at pin R[15]
          Group: vclk
     Startpoint: (F) B[0]
          Clock: (R) vclk
       Endpoint: (F) R[15]
          Clock: (R) vclk

                     Capture       Launch     
        Clock Edge:+    1000            0     
        Drv Adjust:+       0            0     
       Src Latency:+       0            0     
       Net Latency:+       0 (I)        0 (I) 
           Arrival:=    1000            0     
                                              
      Output Delay:-     200                  
       Uncertainty:-      50                  
     Required Time:=     750                  
      Launch Clock:-       0                  
       Input Delay:-     200                  
         Data Path:-     602                  
             Slack:=     -52                  

Exceptions/Constraints:
  input_delay              200             opact_Fixed8.sdc_line_14_15_1 
  output_delay             200             opact_Fixed8.sdc_line_15      

#------------------------------------------------------------------------------------------------------------------
#              Timing Point                Flags    Arc   Edge   Cell     Fanout Load Trans Delay Arrival Instance 
#                                                                                (fF)  (ps)  (ps)   (ps)  Location 
#------------------------------------------------------------------------------------------------------------------
  B[0]                                     -       -      F     (arrival)     12  9.2     0     0     200    (-,-) 
  g91/Y                                    -       A0->Y  R     OAI21X4        1  0.8    12    14     214    (-,-) 
  g90/Y                                    -       S0->Y  R     MXI2X1         2  0.6    21    23     237    (-,-) 
  m_opact_uint/m_opact_core/fopt12/Y       -       A->Y   F     INVXL          3  0.7    12    14     251    (-,-) 
  m_opact_uint/m_opact_core/g25179/Y       -       AN->Y  F     NAND2BX1       2  0.7    19    25     276    (-,-) 
  m_opact_uint/m_opact_core/fopt25129/Y    -       A->Y   R     INVX1          2  0.6     8    11     288    (-,-) 
  m_opact_uint/m_opact_core/g23323__1881/Y -       A->Y   F     MXI2XL         2  0.8    28    24     312    (-,-) 
  m_opact_uint/m_opact_core/g23232__8246/Y -       S0->Y  R     MXI2XL         1  0.5    26    23     335    (-,-) 
  m_opact_uint/m_opact_core/g146/Y         -       B->Y   F     NAND2X1        1  1.0    21    22     357    (-,-) 
  m_opact_uint/m_opact_core/g24888/Y       -       B->Y   F     XOR3X1         4  1.1    15    54     411    (-,-) 
  m_opact_uint/m_opact_core/g25192/Y       -       S0->Y  F     MXI2XL         1  0.4    21    22     432    (-,-) 
  m_opact_uint/m_opact_core/g25191/Y       -       B->Y   R     NOR2X1         2  1.2    24    22     454    (-,-) 
  m_opact_uint/m_opact_core/g24957/Y       -       B->Y   F     NOR2XL         2  0.5    12    15     469    (-,-) 
  m_opact_uint/m_opact_core/g25425/Y       -       B->Y   R     NOR2XL         3  1.1    31    23     492    (-,-) 
  m_opact_uint/m_opact_core/g25427/Y       -       A->Y   F     NOR2X1         3  0.8    15    19     511    (-,-) 
  m_opact_uint/m_opact_core/g25429/Y       -       B->Y   R     NOR2XL         1  0.5    18    17     528    (-,-) 
  m_opact_uint/m_opact_core/g25428/Y       -       A0->Y  F     OAI21X1        2  0.7    20    24     551    (-,-) 
  m_opact_uint/m_opact_core/g25125/Y       -       A1N->Y F     OAI2BB1XL      1  0.4    15    22     574    (-,-) 
  m_opact_uint/m_opact_core/g21/Y          -       B->Y   R     NAND2X1        1  0.9    11    12     586    (-,-) 
  m_opact_uint/m_opact_core/g20/Y          -       B->Y   F     NAND2X2        3  1.2    16    15     600    (-,-) 
  g3846/Y                                  -       A->Y   R     INVX1          2  0.8     9    11     612    (-,-) 
  g3845/Y                                  -       B->Y   F     NAND2BX1       1  0.8    17    15     627    (-,-) 
  g31/Y                                    -       B->Y   R     NOR2X2         1  0.5    11    13     640    (-,-) 
  g3744/Y                                  -       A1->Y  F     AOI21X1        1  0.7    20    20     660    (-,-) 
  g3388__2346/Y                            -       S0->Y  R     MXI2X1         2  0.8    24    20     679    (-,-) 
  g3381__6161/Y                            -       B->Y   F     NAND2X1        1  0.9    20    21     700    (-,-) 
  g3364__1705/Y                            -       A->Y   R     NOR2X2         3  1.8    20    20     720    (-,-) 
  g19/Y                                    -       B->Y   F     XNOR2X1        1  2.5    21    39     760    (-,-) 
  g18/Y                                    -       A->Y   R     CLKINVX6       2 11.4    18    16     775    (-,-) 
  g17/Y                                    -       A->Y   F     CLKINVX12      1 50.0    38    27     802    (-,-) 
  R[15]                                    -       -      F     (port)         -    -     -     0     802    (-,-) 
#------------------------------------------------------------------------------------------------------------------



Path 5: VIOLATED (-52 ps) Late External Delay Assertion at pin R[10]
          Group: vclk
     Startpoint: (F) B[0]
          Clock: (R) vclk
       Endpoint: (F) R[10]
          Clock: (R) vclk

                     Capture       Launch     
        Clock Edge:+    1000            0     
        Drv Adjust:+       0            0     
       Src Latency:+       0            0     
       Net Latency:+       0 (I)        0 (I) 
           Arrival:=    1000            0     
                                              
      Output Delay:-     200                  
       Uncertainty:-      50                  
     Required Time:=     750                  
      Launch Clock:-       0                  
       Input Delay:-     200                  
         Data Path:-     602                  
             Slack:=     -52                  

Exceptions/Constraints:
  input_delay              200             opact_Fixed8.sdc_line_14_15_1 
  output_delay             200             opact_Fixed8.sdc_line_15_25_1 

#------------------------------------------------------------------------------------------------------------------
#              Timing Point                Flags    Arc   Edge   Cell     Fanout Load Trans Delay Arrival Instance 
#                                                                                (fF)  (ps)  (ps)   (ps)  Location 
#------------------------------------------------------------------------------------------------------------------
  B[0]                                     -       -      F     (arrival)     12  9.2     0     0     200    (-,-) 
  g91/Y                                    -       A0->Y  R     OAI21X4        1  0.8    12    14     214    (-,-) 
  g90/Y                                    -       S0->Y  R     MXI2X1         2  0.6    21    23     237    (-,-) 
  m_opact_uint/m_opact_core/fopt12/Y       -       A->Y   F     INVXL          3  0.7    12    14     251    (-,-) 
  m_opact_uint/m_opact_core/g25179/Y       -       AN->Y  F     NAND2BX1       2  0.7    19    25     276    (-,-) 
  m_opact_uint/m_opact_core/fopt25129/Y    -       A->Y   R     INVX1          2  0.6     8    11     288    (-,-) 
  m_opact_uint/m_opact_core/g23323__1881/Y -       A->Y   F     MXI2XL         2  0.8    28    24     312    (-,-) 
  m_opact_uint/m_opact_core/g23232__8246/Y -       S0->Y  R     MXI2XL         1  0.5    26    23     335    (-,-) 
  m_opact_uint/m_opact_core/g146/Y         -       B->Y   F     NAND2X1        1  1.0    21    22     357    (-,-) 
  m_opact_uint/m_opact_core/g24888/Y       -       B->Y   F     XOR3X1         4  1.1    15    54     411    (-,-) 
  m_opact_uint/m_opact_core/g25192/Y       -       S0->Y  F     MXI2XL         1  0.4    21    22     432    (-,-) 
  m_opact_uint/m_opact_core/g25191/Y       -       B->Y   R     NOR2X1         2  1.2    24    22     454    (-,-) 
  m_opact_uint/m_opact_core/g24957/Y       -       B->Y   F     NOR2XL         2  0.5    12    15     469    (-,-) 
  m_opact_uint/m_opact_core/g25425/Y       -       B->Y   R     NOR2XL         3  1.1    31    23     492    (-,-) 
  m_opact_uint/m_opact_core/g25427/Y       -       A->Y   F     NOR2X1         3  0.8    15    19     511    (-,-) 
  m_opact_uint/m_opact_core/g25429/Y       -       B->Y   R     NOR2XL         1  0.5    18    17     528    (-,-) 
  m_opact_uint/m_opact_core/g25428/Y       -       A0->Y  F     OAI21X1        2  0.7    20    24     551    (-,-) 
  m_opact_uint/m_opact_core/g25125/Y       -       A1N->Y F     OAI2BB1XL      1  0.4    15    22     574    (-,-) 
  m_opact_uint/m_opact_core/g21/Y          -       B->Y   R     NAND2X1        1  0.9    11    12     586    (-,-) 
  m_opact_uint/m_opact_core/g20/Y          -       B->Y   F     NAND2X2        3  1.2    16    15     600    (-,-) 
  g3847/Y                                  -       A->Y   R     NOR2X1         2  0.6    17    18     618    (-,-) 
  g25/Y                                    -       B->Y   F     NAND2XL        1  0.4    15    16     634    (-,-) 
  g3842/Y                                  -       B->Y   R     NOR2X1         2  0.8    18    17     651    (-,-) 
  g4019/Y                                  -       B->Y   F     NOR2X1         2  1.0    12    14     665    (-,-) 
  g2305__4018/Y                            -       A->Y   R     XOR2XL         2  0.6    10    39     704    (-,-) 
  g4017/Y                                  -       A->Y   F     INVXL          2  0.4     7     9     713    (-,-) 
  g3362__1617/Y                            -       B->Y   R     NOR2XL         1  0.6    20    15     728    (-,-) 
  g4001/Y                                  -       B->Y   F     XNOR2X1        1  2.1    18    38     766    (-,-) 
  g4000/Y                                  -       A->Y   F     BUFX20         1 50.0    28    36     802    (-,-) 
  R[10]                                    -       -      F     (port)         -    -     -     0     802    (-,-) 
#------------------------------------------------------------------------------------------------------------------



Path 6: VIOLATED (-46 ps) Late External Delay Assertion at pin R[12]
          Group: vclk
     Startpoint: (F) B[0]
          Clock: (R) vclk
       Endpoint: (F) R[12]
          Clock: (R) vclk

                     Capture       Launch     
        Clock Edge:+    1000            0     
        Drv Adjust:+       0            0     
       Src Latency:+       0            0     
       Net Latency:+       0 (I)        0 (I) 
           Arrival:=    1000            0     
                                              
      Output Delay:-     200                  
       Uncertainty:-      50                  
     Required Time:=     750                  
      Launch Clock:-       0                  
       Input Delay:-     200                  
         Data Path:-     596                  
             Slack:=     -46                  

Exceptions/Constraints:
  input_delay              200             opact_Fixed8.sdc_line_14_15_1 
  output_delay             200             opact_Fixed8.sdc_line_15_23_1 

#------------------------------------------------------------------------------------------------------------------
#              Timing Point                Flags    Arc   Edge   Cell     Fanout Load Trans Delay Arrival Instance 
#                                                                                (fF)  (ps)  (ps)   (ps)  Location 
#------------------------------------------------------------------------------------------------------------------
  B[0]                                     -       -      F     (arrival)     12  9.2     0     0     200    (-,-) 
  g91/Y                                    -       A0->Y  R     OAI21X4        1  0.8    12    14     214    (-,-) 
  g90/Y                                    -       S0->Y  R     MXI2X1         2  0.6    21    23     237    (-,-) 
  m_opact_uint/m_opact_core/fopt12/Y       -       A->Y   F     INVXL          3  0.7    12    14     251    (-,-) 
  m_opact_uint/m_opact_core/g25179/Y       -       AN->Y  F     NAND2BX1       2  0.7    19    25     276    (-,-) 
  m_opact_uint/m_opact_core/fopt25129/Y    -       A->Y   R     INVX1          2  0.6     8    11     288    (-,-) 
  m_opact_uint/m_opact_core/g23323__1881/Y -       A->Y   F     MXI2XL         2  0.8    28    24     312    (-,-) 
  m_opact_uint/m_opact_core/g23232__8246/Y -       S0->Y  R     MXI2XL         1  0.5    26    23     335    (-,-) 
  m_opact_uint/m_opact_core/g146/Y         -       B->Y   F     NAND2X1        1  1.0    21    22     357    (-,-) 
  m_opact_uint/m_opact_core/g24888/Y       -       B->Y   F     XOR3X1         4  1.1    15    54     411    (-,-) 
  m_opact_uint/m_opact_core/g25192/Y       -       S0->Y  F     MXI2XL         1  0.4    21    22     432    (-,-) 
  m_opact_uint/m_opact_core/g25191/Y       -       B->Y   R     NOR2X1         2  1.2    24    22     454    (-,-) 
  m_opact_uint/m_opact_core/g24957/Y       -       B->Y   F     NOR2XL         2  0.5    12    15     469    (-,-) 
  m_opact_uint/m_opact_core/g25425/Y       -       B->Y   R     NOR2XL         3  1.1    31    23     492    (-,-) 
  m_opact_uint/m_opact_core/g25427/Y       -       A->Y   F     NOR2X1         3  0.8    15    19     511    (-,-) 
  m_opact_uint/m_opact_core/g25429/Y       -       B->Y   R     NOR2XL         1  0.5    18    17     528    (-,-) 
  m_opact_uint/m_opact_core/g25428/Y       -       A0->Y  F     OAI21X1        2  0.7    20    24     551    (-,-) 
  m_opact_uint/m_opact_core/g25125/Y       -       A1N->Y F     OAI2BB1XL      1  0.4    15    22     574    (-,-) 
  m_opact_uint/m_opact_core/g21/Y          -       B->Y   R     NAND2X1        1  0.9    11    12     586    (-,-) 
  m_opact_uint/m_opact_core/g20/Y          -       B->Y   F     NAND2X2        3  1.2    16    15     600    (-,-) 
  g3846/Y                                  -       A->Y   R     INVX1          2  0.8     9    11     612    (-,-) 
  g3845/Y                                  -       B->Y   F     NAND2BX1       1  0.8    17    15     627    (-,-) 
  g31/Y                                    -       B->Y   R     NOR2X2         1  0.5    11    13     640    (-,-) 
  g3744/Y                                  -       A1->Y  F     AOI21X1        1  0.7    20    20     660    (-,-) 
  g3388__2346/Y                            -       S0->Y  R     MXI2X1         2  0.8    24    20     679    (-,-) 
  g3381__6161/Y                            -       B->Y   F     NAND2X1        1  0.9    20    21     700    (-,-) 
  g3364__1705/Y                            -       A->Y   R     NOR2X2         3  1.8    20    20     720    (-,-) 
  g3462_0__5115/Y                          -       B->Y   F     XNOR2XL        1  1.3    17    34     754    (-,-) 
  g1315/Y                                  -       A->Y   F     BUFX12         1 50.0    39    42     796    (-,-) 
  R[12]                                    -       -      F     (port)         -    -     -     0     796    (-,-) 
#------------------------------------------------------------------------------------------------------------------



Path 7: VIOLATED (-41 ps) Late External Delay Assertion at pin R[9]
          Group: vclk
     Startpoint: (F) B[0]
          Clock: (R) vclk
       Endpoint: (F) R[9]
          Clock: (R) vclk

                     Capture       Launch     
        Clock Edge:+    1000            0     
        Drv Adjust:+       0            0     
       Src Latency:+       0            0     
       Net Latency:+       0 (I)        0 (I) 
           Arrival:=    1000            0     
                                              
      Output Delay:-     200                  
       Uncertainty:-      50                  
     Required Time:=     750                  
      Launch Clock:-       0                  
       Input Delay:-     200                  
         Data Path:-     591                  
             Slack:=     -41                  

Exceptions/Constraints:
  input_delay              200             opact_Fixed8.sdc_line_14_15_1 
  output_delay             200             opact_Fixed8.sdc_line_15_26_1 

#------------------------------------------------------------------------------------------------------------------
#              Timing Point                Flags    Arc   Edge   Cell     Fanout Load Trans Delay Arrival Instance 
#                                                                                (fF)  (ps)  (ps)   (ps)  Location 
#------------------------------------------------------------------------------------------------------------------
  B[0]                                     -       -      F     (arrival)     12  9.2     0     0     200    (-,-) 
  g91/Y                                    -       A0->Y  R     OAI21X4        1  0.8    12    14     214    (-,-) 
  g90/Y                                    -       S0->Y  R     MXI2X1         2  0.6    21    23     237    (-,-) 
  m_opact_uint/m_opact_core/fopt12/Y       -       A->Y   F     INVXL          3  0.7    12    14     251    (-,-) 
  m_opact_uint/m_opact_core/g25179/Y       -       AN->Y  F     NAND2BX1       2  0.7    19    25     276    (-,-) 
  m_opact_uint/m_opact_core/fopt25129/Y    -       A->Y   R     INVX1          2  0.6     8    11     288    (-,-) 
  m_opact_uint/m_opact_core/g23323__1881/Y -       A->Y   F     MXI2XL         2  0.8    28    24     312    (-,-) 
  m_opact_uint/m_opact_core/g23232__8246/Y -       S0->Y  R     MXI2XL         1  0.5    26    23     335    (-,-) 
  m_opact_uint/m_opact_core/g146/Y         -       B->Y   F     NAND2X1        1  1.0    21    22     357    (-,-) 
  m_opact_uint/m_opact_core/g24888/Y       -       B->Y   F     XOR3X1         4  1.1    15    54     411    (-,-) 
  m_opact_uint/m_opact_core/g25192/Y       -       S0->Y  F     MXI2XL         1  0.4    21    22     432    (-,-) 
  m_opact_uint/m_opact_core/g25191/Y       -       B->Y   R     NOR2X1         2  1.2    24    22     454    (-,-) 
  m_opact_uint/m_opact_core/g24957/Y       -       B->Y   F     NOR2XL         2  0.5    12    15     469    (-,-) 
  m_opact_uint/m_opact_core/g25425/Y       -       B->Y   R     NOR2XL         3  1.1    31    23     492    (-,-) 
  m_opact_uint/m_opact_core/g25427/Y       -       A->Y   F     NOR2X1         3  0.8    15    19     511    (-,-) 
  m_opact_uint/m_opact_core/g25429/Y       -       B->Y   R     NOR2XL         1  0.5    18    17     528    (-,-) 
  m_opact_uint/m_opact_core/g25428/Y       -       A0->Y  F     OAI21X1        2  0.7    20    24     551    (-,-) 
  m_opact_uint/m_opact_core/g25125/Y       -       A1N->Y F     OAI2BB1XL      1  0.4    15    22     574    (-,-) 
  m_opact_uint/m_opact_core/g21/Y          -       B->Y   R     NAND2X1        1  0.9    11    12     586    (-,-) 
  m_opact_uint/m_opact_core/g20/Y          -       B->Y   F     NAND2X2        3  1.2    16    15     600    (-,-) 
  g3847/Y                                  -       A->Y   R     NOR2X1         2  0.6    17    18     618    (-,-) 
  g25/Y                                    -       B->Y   F     NAND2XL        1  0.4    15    16     634    (-,-) 
  g3842/Y                                  -       B->Y   R     NOR2X1         2  0.8    18    17     651    (-,-) 
  g4019/Y                                  -       B->Y   F     NOR2X1         2  1.0    12    14     665    (-,-) 
  g2305__4018/Y                            -       A->Y   R     XOR2XL         2  0.6    10    39     704    (-,-) 
  g4017/Y                                  -       A->Y   F     INVXL          2  0.4     7     9     713    (-,-) 
  g4023/Y                                  -       A->Y   R     INVXL          1  0.5     8     9     722    (-,-) 
  g4021/Y                                  -       B->Y   F     MXI2X1         1  1.3    29    24     746    (-,-) 
  g1/Y                                     -       A->Y   F     BUFX12         1 50.0    39    44     791    (-,-) 
  R[9]                                     -       -      F     (port)         -    -     -     0     791    (-,-) 
#------------------------------------------------------------------------------------------------------------------



Path 8: VIOLATED (-38 ps) Late External Delay Assertion at pin R[8]
          Group: vclk
     Startpoint: (F) A[0]
          Clock: (R) vclk
       Endpoint: (F) R[8]
          Clock: (R) vclk

                     Capture       Launch     
        Clock Edge:+    1000            0     
        Drv Adjust:+       0            0     
       Src Latency:+       0            0     
       Net Latency:+       0 (I)        0 (I) 
           Arrival:=    1000            0     
                                              
      Output Delay:-     200                  
       Uncertainty:-      50                  
     Required Time:=     750                  
      Launch Clock:-       0                  
       Input Delay:-     200                  
         Data Path:-     588                  
             Slack:=     -38                  

Exceptions/Constraints:
  input_delay              200             opact_Fixed8.sdc_line_14_7_1  
  output_delay             200             opact_Fixed8.sdc_line_15_27_1 

#----------------------------------------------------------------------------------------------------------------------
#                Timing Point                  Flags    Arc   Edge   Cell     Fanout Load Trans Delay Arrival Instance 
#                                                                                    (fF)  (ps)  (ps)   (ps)  Location 
#----------------------------------------------------------------------------------------------------------------------
  A[0]                                         -       -      F     (arrival)     12 11.0     0     0     200    (-,-) 
  g4052/Y                                      -       A->Y   R     NOR2X8         3  2.4    10    13     213    (-,-) 
  g374/Y                                       -       B->Y   F     NAND2X2        2  1.7    18    16     229    (-,-) 
  g372/Y                                       -       B->Y   R     NOR2X2         1  1.0    15    15     244    (-,-) 
  g370/Y                                       -       A1->Y  F     OAI21X2        1  1.7    22    20     265    (-,-) 
  g369/Y                                       -       B->Y   R     NAND2X4        4  3.1    13    12     277    (-,-) 
  m_opact_uint/m_opact_core/g200/Y             -       B->Y   F     NAND2X2        6  2.1    22    19     296    (-,-) 
  m_opact_uint/m_opact_core/g198_0/Y           -       B->Y   R     XOR2XL         3  1.1    16    32     327    (-,-) 
  m_opact_uint/m_opact_core/g24917/Y           -       B->Y   F     NAND2BX1       2  1.0    20    19     346    (-,-) 
  m_opact_uint/m_opact_core/g24946/Y           -       B->Y   R     NAND2X2        1  1.0    10    12     358    (-,-) 
  m_opact_uint/m_opact_core/g24945/Y           -       B->Y   F     NOR2X2         2  0.5    11     8     366    (-,-) 
  m_opact_uint/m_opact_core/g24900/Y           -       A->Y   R     INVXL          1  0.3     6     9     375    (-,-) 
  m_opact_uint/m_opact_core/g24961/Y           -       A->Y   F     MXI2XL         1  0.5    24    20     395    (-,-) 
  m_opact_uint/m_opact_core/g99/Y              -       S0->Y  F     MXI2XL         2  0.4    22    23     418    (-,-) 
  m_opact_uint/m_opact_core/g23829/Y           -       A->Y   R     INVXL          2  0.8    14    16     434    (-,-) 
  m_opact_uint/m_opact_core/g513/Y             -       A->Y   F     INVX1          1  0.8     8    11     445    (-,-) 
  m_opact_uint/m_opact_core/g25321/Y           -       B->Y   R     NAND2X2        3  2.5    14    12     456    (-,-) 
  m_opact_uint/m_opact_core/g302/Y             -       B->Y   F     NAND2BX4      11  3.5    21    18     474    (-,-) 
  m_opact_uint/m_opact_core/g48/Y              -       A->Y   R     INVX2          5  1.5    10    12     486    (-,-) 
  m_opact_uint/m_opact_core/g22962__3680_dup/Y -       A1N->Y R     AOI2BB1XL      1  0.3    14    19     505    (-,-) 
  m_opact_uint/m_opact_core/g22935__23825/Y    -       B->Y   F     NAND2XL        1  0.3    13    14     519    (-,-) 
  m_opact_uint/m_opact_core/g134/Y             -       B0->Y  R     AOI2BB1XL      1  0.3    14    16     535    (-,-) 
  m_opact_uint/m_opact_core/g25401/Y           -       B->Y   F     NAND2XL        1  0.4    15    15     550    (-,-) 
  m_opact_uint/m_opact_core/g26/Y              -       B->Y   R     NAND3X1        1  1.0    15    15     565    (-,-) 
  m_opact_uint/m_opact_core/g25061/Y           -       A->Y   F     NAND2X2        2  1.1    15    17     582    (-,-) 
  g3441__6260/Y                                -       B->Y   R     NOR2X2         2  1.2    17    15     597    (-,-) 
  g4024/Y                                      -       B->Y   F     NAND2X2        4  1.1    16    16     613    (-,-) 
  g86/Y                                        -       A1N->Y F     AOI2BB1XL      2  0.8    13    27     640    (-,-) 
  fopt4067/Y                                   -       A->Y   F     CLKBUFX2       1  0.5     6    22     662    (-,-) 
  g4066/Y                                      -       S0->Y  F     MXI2XL         2  0.8    28    25     687    (-,-) 
  g50/Y                                        -       A->Y   F     AND2XL         2  0.8    11    23     710    (-,-) 
  g4032/Y                                      -       B->Y   F     CLKAND2X2      1  1.8    11    27     737    (-,-) 
  g4031/Y                                      -       B0->Y  R     AOI2BB1X4      1  5.7    26    23     760    (-,-) 
  g4030/Y                                      -       A->Y   F     CLKINVX12      1 50.0    39    28     788    (-,-) 
  R[8]                                         -       -      F     (port)         -    -     -     0     788    (-,-) 
#----------------------------------------------------------------------------------------------------------------------



Path 9: VIOLATED (-20 ps) Late External Delay Assertion at pin R[7]
          Group: vclk
     Startpoint: (F) B[0]
          Clock: (R) vclk
       Endpoint: (R) R[7]
          Clock: (R) vclk

                     Capture       Launch     
        Clock Edge:+    1000            0     
        Drv Adjust:+       0            0     
       Src Latency:+       0            0     
       Net Latency:+       0 (I)        0 (I) 
           Arrival:=    1000            0     
                                              
      Output Delay:-     200                  
       Uncertainty:-      50                  
     Required Time:=     750                  
      Launch Clock:-       0                  
       Input Delay:-     200                  
         Data Path:-     570                  
             Slack:=     -20                  

Exceptions/Constraints:
  input_delay              200             opact_Fixed8.sdc_line_14_15_1 
  output_delay             200             opact_Fixed8.sdc_line_15_28_1 

#-----------------------------------------------------------------------------------------------------------------
#              Timing Point                Flags   Arc   Edge   Cell     Fanout Load Trans Delay Arrival Instance 
#                                                                               (fF)  (ps)  (ps)   (ps)  Location 
#-----------------------------------------------------------------------------------------------------------------
  B[0]                                     -       -     F     (arrival)     12  9.2     0     0     200    (-,-) 
  g91/Y                                    -       A0->Y R     OAI21X4        1  0.8    12    14     214    (-,-) 
  g90/Y                                    -       S0->Y R     MXI2X1         2  0.6    21    23     237    (-,-) 
  m_opact_uint/m_opact_core/fopt12/Y       -       A->Y  F     INVXL          3  0.7    12    14     251    (-,-) 
  m_opact_uint/m_opact_core/g25179/Y       -       AN->Y F     NAND2BX1       2  0.7    19    25     276    (-,-) 
  m_opact_uint/m_opact_core/fopt25129/Y    -       A->Y  R     INVX1          2  0.6     8    11     288    (-,-) 
  m_opact_uint/m_opact_core/g23323__1881/Y -       A->Y  F     MXI2XL         2  0.8    28    24     312    (-,-) 
  m_opact_uint/m_opact_core/g35/Y          -       A->Y  R     XOR2XL         2  0.8    12    43     355    (-,-) 
  m_opact_uint/m_opact_core/g34/Y          -       B->Y  F     NAND2XL        1  0.7    21    18     373    (-,-) 
  m_opact_uint/m_opact_core/g24888/Y       -       C->Y  R     XOR3X1         4  1.5    15    39     412    (-,-) 
  m_opact_uint/m_opact_core/g25192/Y       -       S0->Y R     MXI2XL         1  0.5    24    22     434    (-,-) 
  m_opact_uint/m_opact_core/g25191/Y       -       B->Y  F     NOR2X1         2  1.1    14    16     450    (-,-) 
  m_opact_uint/m_opact_core/g24932/Y       -       A->Y  R     NOR2X2         8  2.7    26    22     472    (-,-) 
  m_opact_uint/m_opact_core/g25502/Y       -       AN->Y R     NOR2BX1        1  0.9    19    28     500    (-,-) 
  m_opact_uint/m_opact_core/g77/Y          -       B->Y  F     NAND2BX2       5  1.3    18    17     518    (-,-) 
  m_opact_uint/m_opact_core/g24988/Y       -       C->Y  R     NAND3XL        1  0.5    16    14     532    (-,-) 
  m_opact_uint/m_opact_core/g24482/Y       -       B->Y  F     NAND2X1        1  0.8    18    18     549    (-,-) 
  m_opact_uint/m_opact_core/g25106/Y       -       B->Y  R     NOR2X2         1  0.9    14    15     564    (-,-) 
  m_opact_uint/m_opact_core/g25104/Y       -       B->Y  F     NAND2X2        3  1.3    16    16     580    (-,-) 
  g4056/Y                                  -       C->Y  R     NOR3XL         1  0.3    24    20     599    (-,-) 
  g108/Y                                   -       B->Y  F     NOR2XL         1  0.5    12    15     614    (-,-) 
  g4050/Y                                  -       B->Y  R     CLKXOR2X1      3  1.6    15    33     647    (-,-) 
  g4048/Y                                  -       A->Y  F     NAND2X2        2  1.1    15    17     664    (-,-) 
  g38/Y                                    -       B->Y  R     NOR2X2         3  1.6    18    16     680    (-,-) 
  g4065/Y                                  -       A->Y  F     XNOR2X2        1  5.0    26    62     743    (-,-) 
  g3360/Y                                  -       A->Y  R     CLKINVX12      1 50.0    36    27     770    (-,-) 
  R[7]                                     -       -     R     (port)         -    -     -     0     770    (-,-) 
#-----------------------------------------------------------------------------------------------------------------



Path 10: VIOLATED (-5 ps) Late External Delay Assertion at pin R[6]
          Group: vclk
     Startpoint: (F) B[0]
          Clock: (R) vclk
       Endpoint: (F) R[6]
          Clock: (R) vclk

                     Capture       Launch     
        Clock Edge:+    1000            0     
        Drv Adjust:+       0            0     
       Src Latency:+       0            0     
       Net Latency:+       0 (I)        0 (I) 
           Arrival:=    1000            0     
                                              
      Output Delay:-     200                  
       Uncertainty:-      50                  
     Required Time:=     750                  
      Launch Clock:-       0                  
       Input Delay:-     200                  
         Data Path:-     555                  
             Slack:=      -5                  

Exceptions/Constraints:
  input_delay              200             opact_Fixed8.sdc_line_14_15_1 
  output_delay             200             opact_Fixed8.sdc_line_15_29_1 

#-----------------------------------------------------------------------------------------------------------------
#              Timing Point                Flags   Arc   Edge   Cell     Fanout Load Trans Delay Arrival Instance 
#                                                                               (fF)  (ps)  (ps)   (ps)  Location 
#-----------------------------------------------------------------------------------------------------------------
  B[0]                                     -       -     F     (arrival)     12  9.2     0     0     200    (-,-) 
  g91/Y                                    -       A0->Y R     OAI21X4        1  0.8    12    14     214    (-,-) 
  g90/Y                                    -       S0->Y R     MXI2X1         2  0.6    21    23     237    (-,-) 
  m_opact_uint/m_opact_core/fopt12/Y       -       A->Y  F     INVXL          3  0.7    12    14     251    (-,-) 
  m_opact_uint/m_opact_core/g25179/Y       -       AN->Y F     NAND2BX1       2  0.7    19    25     276    (-,-) 
  m_opact_uint/m_opact_core/fopt25129/Y    -       A->Y  R     INVX1          2  0.6     8    11     288    (-,-) 
  m_opact_uint/m_opact_core/g23323__1881/Y -       A->Y  F     MXI2XL         2  0.8    28    24     312    (-,-) 
  m_opact_uint/m_opact_core/g35/Y          -       A->Y  R     XOR2XL         2  0.8    12    43     355    (-,-) 
  m_opact_uint/m_opact_core/g34/Y          -       B->Y  F     NAND2XL        1  0.7    21    18     373    (-,-) 
  m_opact_uint/m_opact_core/g24888/Y       -       C->Y  R     XOR3X1         4  1.5    15    39     412    (-,-) 
  m_opact_uint/m_opact_core/g25192/Y       -       S0->Y R     MXI2XL         1  0.5    24    22     434    (-,-) 
  m_opact_uint/m_opact_core/g25191/Y       -       B->Y  F     NOR2X1         2  1.1    14    16     450    (-,-) 
  m_opact_uint/m_opact_core/g24932/Y       -       A->Y  R     NOR2X2         8  2.7    26    22     472    (-,-) 
  m_opact_uint/m_opact_core/g25502/Y       -       AN->Y R     NOR2BX1        1  0.9    19    28     500    (-,-) 
  m_opact_uint/m_opact_core/g77/Y          -       B->Y  F     NAND2BX2       5  1.3    18    17     518    (-,-) 
  m_opact_uint/m_opact_core/g24988/Y       -       C->Y  R     NAND3XL        1  0.5    16    14     532    (-,-) 
  m_opact_uint/m_opact_core/g24482/Y       -       B->Y  F     NAND2X1        1  0.8    18    18     549    (-,-) 
  m_opact_uint/m_opact_core/g25106/Y       -       B->Y  R     NOR2X2         1  0.9    14    15     564    (-,-) 
  m_opact_uint/m_opact_core/g25104/Y       -       B->Y  F     NAND2X2        3  1.3    16    16     580    (-,-) 
  g4056/Y                                  -       C->Y  R     NOR3XL         1  0.3    24    20     599    (-,-) 
  g108/Y                                   -       B->Y  F     NOR2XL         1  0.5    12    15     614    (-,-) 
  g4050/Y                                  -       B->Y  R     CLKXOR2X1      3  1.6    15    33     647    (-,-) 
  g4048/Y                                  -       A->Y  F     NAND2X2        2  1.1    15    17     664    (-,-) 
  g37/Y                                    -       A->Y  R     CLKXOR2X1      1  3.8    29    54     718    (-,-) 
  g3368/Y                                  -       A->Y  F     CLKINVX8       1 50.0    55    37     755    (-,-) 
  R[6]                                     -       -     F     (port)         -    -     -     0     755    (-,-) 
#-----------------------------------------------------------------------------------------------------------------



Path 11: MET (0 ps) Late External Delay Assertion at pin R[5]
          Group: vclk
     Startpoint: (F) B[0]
          Clock: (R) vclk
       Endpoint: (F) R[5]
          Clock: (R) vclk

                     Capture       Launch     
        Clock Edge:+    1000            0     
        Drv Adjust:+       0            0     
       Src Latency:+       0            0     
       Net Latency:+       0 (I)        0 (I) 
           Arrival:=    1000            0     
                                              
      Output Delay:-     200                  
       Uncertainty:-      50                  
     Required Time:=     750                  
      Launch Clock:-       0                  
       Input Delay:-     200                  
         Data Path:-     550                  
             Slack:=       0                  

Exceptions/Constraints:
  input_delay              200             opact_Fixed8.sdc_line_14_15_1 
  output_delay             200             opact_Fixed8.sdc_line_15_30_1 

#-----------------------------------------------------------------------------------------------------------------
#              Timing Point                Flags   Arc   Edge   Cell     Fanout Load Trans Delay Arrival Instance 
#                                                                               (fF)  (ps)  (ps)   (ps)  Location 
#-----------------------------------------------------------------------------------------------------------------
  B[0]                                     -       -     F     (arrival)     12  9.2     0     0     200    (-,-) 
  g91/Y                                    -       A0->Y R     OAI21X4        1  0.8    12    14     214    (-,-) 
  g90/Y                                    -       S0->Y R     MXI2X1         2  0.6    21    23     237    (-,-) 
  m_opact_uint/m_opact_core/fopt12/Y       -       A->Y  F     INVXL          3  0.7    12    14     251    (-,-) 
  m_opact_uint/m_opact_core/g25179/Y       -       AN->Y F     NAND2BX1       2  0.7    19    25     276    (-,-) 
  m_opact_uint/m_opact_core/fopt25129/Y    -       A->Y  R     INVX1          2  0.6     8    11     288    (-,-) 
  m_opact_uint/m_opact_core/g23323__1881/Y -       A->Y  F     MXI2XL         2  0.8    28    24     312    (-,-) 
  m_opact_uint/m_opact_core/g35/Y          -       A->Y  R     XOR2XL         2  0.8    12    43     355    (-,-) 
  m_opact_uint/m_opact_core/g34/Y          -       B->Y  F     NAND2XL        1  0.7    21    18     373    (-,-) 
  m_opact_uint/m_opact_core/g24888/Y       -       C->Y  R     XOR3X1         4  1.5    15    39     412    (-,-) 
  m_opact_uint/m_opact_core/g25192/Y       -       S0->Y R     MXI2XL         1  0.5    24    22     434    (-,-) 
  m_opact_uint/m_opact_core/g25191/Y       -       B->Y  F     NOR2X1         2  1.1    14    16     450    (-,-) 
  m_opact_uint/m_opact_core/g24932/Y       -       A->Y  R     NOR2X2         8  2.7    26    22     472    (-,-) 
  m_opact_uint/m_opact_core/g24933/Y       -       B->Y  R     OR2XL          1  0.9    13    20     493    (-,-) 
  m_opact_uint/m_opact_core/g25465/Y       -       B->Y  F     NAND2X2        4  1.2    16    15     508    (-,-) 
  m_opact_uint/m_opact_core/g25466/Y       -       A->Y  R     NOR2XL         1  0.3    14    17     525    (-,-) 
  m_opact_uint/m_opact_core/g24988/Y       -       B->Y  F     NAND3XL        1  0.4    25    24     549    (-,-) 
  m_opact_uint/m_opact_core/g24482/Y       -       B->Y  R     NAND2X1        1  1.0    14    16     565    (-,-) 
  m_opact_uint/m_opact_core/g25106/Y       -       B->Y  F     NOR2X2         1  0.8    12    10     575    (-,-) 
  m_opact_uint/m_opact_core/g25104/Y       -       B->Y  R     NAND2X2        3  1.6    12    11     586    (-,-) 
  g4056/Y                                  -       C->Y  F     NOR3XL         1  0.2    12    10     595    (-,-) 
  g108/Y                                   -       B->Y  R     NOR2XL         1  0.6    20    17     612    (-,-) 
  g4050/Y                                  -       B->Y  F     CLKXOR2X1      3  1.4    13    41     654    (-,-) 
  g3398/Y                                  -       A->Y  R     INVXL          1  0.3     7    10     663    (-,-) 
  g3374__1881/Y                            -       A->Y  F     MXI2X6         1 50.0    68    86     750    (-,-) 
  R[5]                                     -       -     F     (port)         -    -     -     0     750    (-,-) 
#-----------------------------------------------------------------------------------------------------------------



Path 12: MET (2 ps) Late External Delay Assertion at pin R[4]
          Group: vclk
     Startpoint: (F) A[0]
          Clock: (R) vclk
       Endpoint: (F) R[4]
          Clock: (R) vclk

                     Capture       Launch     
        Clock Edge:+    1000            0     
        Drv Adjust:+       0            0     
       Src Latency:+       0            0     
       Net Latency:+       0 (I)        0 (I) 
           Arrival:=    1000            0     
                                              
      Output Delay:-     200                  
       Uncertainty:-      50                  
     Required Time:=     750                  
      Launch Clock:-       0                  
       Input Delay:-     200                  
         Data Path:-     548                  
             Slack:=       2                  

Exceptions/Constraints:
  input_delay              200             opact_Fixed8.sdc_line_14_7_1  
  output_delay             200             opact_Fixed8.sdc_line_15_31_1 

#-----------------------------------------------------------------------------------------------------------------
#              Timing Point                Flags   Arc   Edge   Cell     Fanout Load Trans Delay Arrival Instance 
#                                                                               (fF)  (ps)  (ps)   (ps)  Location 
#-----------------------------------------------------------------------------------------------------------------
  A[0]                                     -       -     F     (arrival)     12 11.0     0     0     200    (-,-) 
  g4052/Y                                  -       A->Y  R     NOR2X8         3  2.4    10    13     213    (-,-) 
  g4054/Y                                  -       A1->Y F     AOI21X1        1  0.5    17    18     231    (-,-) 
  g3794/Y                                  -       B->Y  R     CLKXOR2X1      6  2.2    19    36     267    (-,-) 
  m_opact_uint/m_opact_core/g25295/Y       -       B->Y  F     NAND2X1        3  0.8    18    18     285    (-,-) 
  m_opact_uint/m_opact_core/g25299/Y       -       A->Y  R     INVXL          3  1.2    18    17     302    (-,-) 
  m_opact_uint/m_opact_core/g25303/Y       -       S0->Y R     MXI2XL         1  0.8    31    26     328    (-,-) 
  m_opact_uint/m_opact_core/g25449/Y       -       S0->Y R     MXI2X1         2  1.6    35    32     360    (-,-) 
  m_opact_uint/m_opact_core/g25451/Y       -       B->Y  F     NOR2X2         3  1.1    12    16     377    (-,-) 
  m_opact_uint/m_opact_core/g571/Y         -       A->Y  R     NAND2X1        1  0.5    10    11     388    (-,-) 
  m_opact_uint/m_opact_core/g569/Y         -       C0->Y F     OAI211X1       1  0.5    29    25     413    (-,-) 
  m_opact_uint/m_opact_core/g566/Y         -       B->Y  F     XOR2XL         2  1.0    14    30     443    (-,-) 
  m_opact_uint/m_opact_core/g66/Y          -       B->Y  R     NOR2X2         4  1.8    19    17     460    (-,-) 
  m_opact_uint/m_opact_core/g306_0/Y       -       S0->Y R     MXI2XL         2  0.6    26    24     484    (-,-) 
  m_opact_uint/m_opact_core/g24432/Y       -       B->Y  R     OR2XL          3  0.9    13    20     504    (-,-) 
  m_opact_uint/m_opact_core/g24645/Y       -       B->Y  F     NOR2XL         1  0.4    10    11     515    (-,-) 
  m_opact_uint/m_opact_core/g23/Y          -       B->Y  R     NOR2BX1        1  0.9    18    16     531    (-,-) 
  m_opact_uint/m_opact_core/g22785__7098/Y -       B->Y  F     NAND2X2        2  1.3    17    17     548    (-,-) 
  g3917/Y                                  -       B->Y  R     NOR2X2         2  0.8    13    14     562    (-,-) 
  g33/Y                                    -       A->Y  F     INVX1          3  1.5    13    13     575    (-,-) 
  g3854/Y                                  -       A1->Y R     OAI21XL        1  0.6    26    22     597    (-,-) 
  g3453__6783/Y                            -       B->Y  F     XNOR2XL        2  0.7    11    31     628    (-,-) 
  g49/Y                                    -       A->Y  F     BUFX2          1  0.7     6    22     650    (-,-) 
  g47/Y                                    -       B->Y  F     XOR2X4         1 50.0   106    97     748    (-,-) 
  R[4]                                     -       -     F     (port)         -    -     -     0     748    (-,-) 
#-----------------------------------------------------------------------------------------------------------------



Path 13: MET (31 ps) Late External Delay Assertion at pin R[2]
          Group: vclk
     Startpoint: (F) A[0]
          Clock: (R) vclk
       Endpoint: (F) R[2]
          Clock: (R) vclk

                     Capture       Launch     
        Clock Edge:+    1000            0     
        Drv Adjust:+       0            0     
       Src Latency:+       0            0     
       Net Latency:+       0 (I)        0 (I) 
           Arrival:=    1000            0     
                                              
      Output Delay:-     200                  
       Uncertainty:-      50                  
     Required Time:=     750                  
      Launch Clock:-       0                  
       Input Delay:-     200                  
         Data Path:-     519                  
             Slack:=      31                  

Exceptions/Constraints:
  input_delay              200             opact_Fixed8.sdc_line_14_7_1  
  output_delay             200             opact_Fixed8.sdc_line_15_33_1 

#-----------------------------------------------------------------------------------------------------------------
#              Timing Point                Flags   Arc   Edge   Cell     Fanout Load Trans Delay Arrival Instance 
#                                                                               (fF)  (ps)  (ps)   (ps)  Location 
#-----------------------------------------------------------------------------------------------------------------
  A[0]                                     -       -     F     (arrival)     12 11.0     0     0     200    (-,-) 
  g4052/Y                                  -       A->Y  R     NOR2X8         3  2.4    10    13     213    (-,-) 
  g4054/Y                                  -       A1->Y F     AOI21X1        1  0.5    17    18     231    (-,-) 
  g3794/Y                                  -       B->Y  R     CLKXOR2X1      6  2.2    19    36     267    (-,-) 
  m_opact_uint/m_opact_core/g25295/Y       -       B->Y  F     NAND2X1        3  0.8    18    18     285    (-,-) 
  m_opact_uint/m_opact_core/g25299/Y       -       A->Y  R     INVXL          3  1.2    18    17     302    (-,-) 
  m_opact_uint/m_opact_core/g25303/Y       -       S0->Y R     MXI2XL         1  0.8    31    26     328    (-,-) 
  m_opact_uint/m_opact_core/g25449/Y       -       S0->Y R     MXI2X1         2  1.6    35    32     360    (-,-) 
  m_opact_uint/m_opact_core/g25451/Y       -       B->Y  F     NOR2X2         3  1.1    12    16     377    (-,-) 
  m_opact_uint/m_opact_core/g571/Y         -       A->Y  R     NAND2X1        1  0.5    10    11     388    (-,-) 
  m_opact_uint/m_opact_core/g569/Y         -       C0->Y F     OAI211X1       1  0.5    29    25     413    (-,-) 
  m_opact_uint/m_opact_core/g566/Y         -       B->Y  F     XOR2XL         2  1.0    14    30     443    (-,-) 
  m_opact_uint/m_opact_core/g66/Y          -       B->Y  R     NOR2X2         4  1.8    19    17     460    (-,-) 
  m_opact_uint/m_opact_core/g306_0/Y       -       S0->Y R     MXI2XL         2  0.6    26    24     484    (-,-) 
  m_opact_uint/m_opact_core/g24432/Y       -       B->Y  R     OR2XL          3  0.9    13    20     504    (-,-) 
  m_opact_uint/m_opact_core/g24645/Y       -       B->Y  F     NOR2XL         1  0.4    10    11     515    (-,-) 
  m_opact_uint/m_opact_core/g23/Y          -       B->Y  R     NOR2BX1        1  0.9    18    16     531    (-,-) 
  m_opact_uint/m_opact_core/g22785__7098/Y -       B->Y  F     NAND2X2        2  1.3    17    17     548    (-,-) 
  g3458__5122/Y                            -       B->Y  R     XOR2XL         2  1.1    16    31     579    (-,-) 
  g3457__1705/Y                            -       B->Y  F     CLKXOR2X2      1 50.0   181   140     719    (-,-) 
  R[2]                                     -       -     F     (port)         -    -     -     0     719    (-,-) 
#-----------------------------------------------------------------------------------------------------------------



Path 14: MET (38 ps) Late External Delay Assertion at pin R[3]
          Group: vclk
     Startpoint: (F) B[0]
          Clock: (R) vclk
       Endpoint: (F) R[3]
          Clock: (R) vclk

                     Capture       Launch     
        Clock Edge:+    1000            0     
        Drv Adjust:+       0            0     
       Src Latency:+       0            0     
       Net Latency:+       0 (I)        0 (I) 
           Arrival:=    1000            0     
                                              
      Output Delay:-     200                  
       Uncertainty:-      50                  
     Required Time:=     750                  
      Launch Clock:-       0                  
       Input Delay:-     200                  
         Data Path:-     512                  
             Slack:=      38                  

Exceptions/Constraints:
  input_delay              200             opact_Fixed8.sdc_line_14_15_1 
  output_delay             200             opact_Fixed8.sdc_line_15_32_1 

#-------------------------------------------------------------------------------------------------------------------
#               Timing Point                Flags    Arc   Edge   Cell     Fanout Load Trans Delay Arrival Instance 
#                                                                                 (fF)  (ps)  (ps)   (ps)  Location 
#-------------------------------------------------------------------------------------------------------------------
  B[0]                                      -       -      F     (arrival)     12  9.2     0     0     200    (-,-) 
  g91/Y                                     -       A0->Y  R     OAI21X4        1  0.8    12    14     214    (-,-) 
  g90/Y                                     -       S0->Y  R     MXI2X1         2  0.6    21    23     237    (-,-) 
  m_opact_uint/m_opact_core/fopt12/Y        -       A->Y   F     INVXL          3  0.7    12    14     251    (-,-) 
  m_opact_uint/m_opact_core/g25179/Y        -       AN->Y  F     NAND2BX1       2  0.7    19    25     276    (-,-) 
  m_opact_uint/m_opact_core/fopt25129/Y     -       A->Y   R     INVX1          2  0.6     8    11     288    (-,-) 
  m_opact_uint/m_opact_core/g23323__1881/Y  -       A->Y   F     MXI2XL         2  0.8    28    24     312    (-,-) 
  m_opact_uint/m_opact_core/g35/Y           -       A->Y   R     XOR2XL         2  0.8    12    43     355    (-,-) 
  m_opact_uint/m_opact_core/g34/Y           -       B->Y   F     NAND2XL        1  0.7    21    18     373    (-,-) 
  m_opact_uint/m_opact_core/g24888/Y        -       C->Y   R     XOR3X1         4  1.5    15    39     412    (-,-) 
  m_opact_uint/m_opact_core/g25192/Y        -       S0->Y  R     MXI2XL         1  0.5    24    22     434    (-,-) 
  m_opact_uint/m_opact_core/g25191/Y        -       B->Y   F     NOR2X1         2  1.1    14    16     450    (-,-) 
  m_opact_uint/m_opact_core/g24932/Y        -       A->Y   R     NOR2X2         8  2.7    26    22     472    (-,-) 
  m_opact_uint/m_opact_core/g22938__23769/Y -       S0->Y  R     MXI2XL         1  0.3    20    21     494    (-,-) 
  m_opact_uint/m_opact_core/g23521__4733/Y  -       A->Y   F     XOR2XL         1  0.3     6    41     534    (-,-) 
  m_opact_uint/m_opact_core/g22772__2398/Y  -       A1N->Y F     OAI2BB1X1      4  1.8    31    31     565    (-,-) 
  g3412__2802/Y                             -       A->Y   R     XNOR2XL        2  1.3    18    47     612    (-,-) 
  g3455__1617/Y                             -       B->Y   F     XOR2X4         1 50.0   106   100     712    (-,-) 
  R[3]                                      -       -      F     (port)         -    -     -     0     712    (-,-) 
#-------------------------------------------------------------------------------------------------------------------



Path 15: MET (75 ps) Late External Delay Assertion at pin R[1]
          Group: vclk
     Startpoint: (F) A[2]
          Clock: (R) vclk
       Endpoint: (R) R[1]
          Clock: (R) vclk

                     Capture       Launch     
        Clock Edge:+    1000            0     
        Drv Adjust:+       0            0     
       Src Latency:+       0            0     
       Net Latency:+       0 (I)        0 (I) 
           Arrival:=    1000            0     
                                              
      Output Delay:-     200                  
       Uncertainty:-      50                  
     Required Time:=     750                  
      Launch Clock:-       0                  
       Input Delay:-     200                  
         Data Path:-     475                  
             Slack:=      75                  

Exceptions/Constraints:
  input_delay              200             opact_Fixed8.sdc_line_14_5_1  
  output_delay             200             opact_Fixed8.sdc_line_15_34_1 

#---------------------------------------------------------------------------------------------------------------------
#                Timing Point                  Flags   Arc   Edge   Cell     Fanout Load Trans Delay Arrival Instance 
#                                                                                   (fF)  (ps)  (ps)   (ps)  Location 
#---------------------------------------------------------------------------------------------------------------------
  A[2]                                         -       -     F     (arrival)      4  6.6     0     0     200    (-,-) 
  g29/Y                                        -       A->Y  R     NOR2X6         2  1.5     9    12     212    (-,-) 
  g302/Y                                       -       A0->Y F     AOI21X2        1  0.7    16    18     230    (-,-) 
  g301/Y                                       -       S0->Y F     MXI2X1         4  1.2    28    29     259    (-,-) 
  m_opact_uint/m_opact_core/fopt24010/Y        -       A->Y  R     INVXL          2  0.8    15    18     276    (-,-) 
  m_opact_uint/m_opact_core/fopt24009/Y        -       A->Y  F     INVX1          1  0.8     9    11     288    (-,-) 
  m_opact_uint/m_opact_core/g23475__23832/Y    -       B->Y  R     NAND2X2        5  1.8    10    10     298    (-,-) 
  m_opact_uint/m_opact_core/fopt23924/Y        -       A->Y  R     CLKBUFX2       3  1.2     8    21     319    (-,-) 
  m_opact_uint/m_opact_core/g23557__1666_dup/Y -       B->Y  F     XOR2XL         1  0.2     5    31     350    (-,-) 
  m_opact_uint/m_opact_core/g23246__23836/Y    -       B->Y  R     NAND2XL        1  0.3     9     8     358    (-,-) 
  m_opact_uint/m_opact_core/g23194__6131/Y     -       B->Y  F     NAND2BXL       2  0.5    17    15     373    (-,-) 
  m_opact_uint/m_opact_core/g24474/Y           -       A->Y  R     INVXL          1  0.3     7    11     384    (-,-) 
  m_opact_uint/m_opact_core/g24473/Y           -       A->Y  F     MXI2XL         1  0.3    18    19     403    (-,-) 
  m_opact_uint/m_opact_core/g566/Y             -       A->Y  R     XOR2XL         2  1.3    18    45     447    (-,-) 
  m_opact_uint/m_opact_core/g22930/Y           -       A->Y  F     INVXL          1  0.5     9    12     460    (-,-) 
  m_opact_uint/m_opact_core/g22890__1617/Y     -       S0->Y F     MXI2XL         1  0.4    20    21     481    (-,-) 
  m_opact_uint/m_opact_core/g22844__5107/Y     -       A1->Y R     OAI21X1        2  1.1    27    25     505    (-,-) 
  g3422__5115/Y                                -       B->Y  F     XNOR2X1        2  0.9    10    34     540    (-,-) 
  g3399__5107/Y                                -       B->Y  R     XNOR2X2        1 50.0   176   135     675    (-,-) 
  R[1]                                         -       -     R     (port)         -    -     -     0     675    (-,-) 
#---------------------------------------------------------------------------------------------------------------------



Path 16: MET (118 ps) Late External Delay Assertion at pin R[0]
          Group: vclk
     Startpoint: (F) A[0]
          Clock: (R) vclk
       Endpoint: (R) R[0]
          Clock: (R) vclk

                     Capture       Launch     
        Clock Edge:+    1000            0     
        Drv Adjust:+       0            0     
       Src Latency:+       0            0     
       Net Latency:+       0 (I)        0 (I) 
           Arrival:=    1000            0     
                                              
      Output Delay:-     200                  
       Uncertainty:-      50                  
     Required Time:=     750                  
      Launch Clock:-       0                  
       Input Delay:-     200                  
         Data Path:-     432                  
             Slack:=     118                  

Exceptions/Constraints:
  input_delay              200             opact_Fixed8.sdc_line_14_7_1  
  output_delay             200             opact_Fixed8.sdc_line_15_35_1 

#------------------------------------------------------------------------------------------------------------
#           Timing Point             Flags    Arc   Edge   Cell     Fanout Load Trans Delay Arrival Instance 
#                                                                          (fF)  (ps)  (ps)   (ps)  Location 
#------------------------------------------------------------------------------------------------------------
  A[0]                               -       -      F     (arrival)     12 11.0     0     0     200    (-,-) 
  g4052/Y                            -       A->Y   R     NOR2X8         3  2.4    10    13     213    (-,-) 
  g4054/Y                            -       A1->Y  F     AOI21X1        1  0.5    17    18     231    (-,-) 
  g3794/Y                            -       B->Y   R     CLKXOR2X1      6  2.2    19    36     267    (-,-) 
  m_opact_uint/m_opact_core/g25295/Y -       B->Y   F     NAND2X1        3  0.8    18    18     285    (-,-) 
  m_opact_uint/m_opact_core/g25299/Y -       A->Y   R     INVXL          3  1.2    18    17     302    (-,-) 
  m_opact_uint/m_opact_core/g25303/Y -       S0->Y  R     MXI2XL         1  0.8    31    26     328    (-,-) 
  m_opact_uint/m_opact_core/g25449/Y -       S0->Y  R     MXI2X1         2  1.6    35    32     360    (-,-) 
  m_opact_uint/m_opact_core/g25512/Y -       B->Y   F     XNOR2X1        1  0.3     6    33     394    (-,-) 
  m_opact_uint/m_opact_core/g24971/Y -       A1N->Y F     OAI2BB1X1      2  0.6    15    23     417    (-,-) 
  g3435__7410/Y                      -       AN->Y  F     NAND2BX1       2  0.5    17    24     441    (-,-) 
  g3433__2346/Y                      -       B->Y   R     NAND2XL        1  0.3    10    12     452    (-,-) 
  g3427__4733/Y                      -       A->Y   F     XNOR2X1        2  0.8    10    45     497    (-,-) 
  g3417__8246/Y                      -       B->Y   R     XNOR2X2        1 50.0   176   135     632    (-,-) 
  R[0]                               -       -      R     (port)         -    -     -     0     632    (-,-) 
#------------------------------------------------------------------------------------------------------------

