============================================================
  Generated by:           Genus(TM) Synthesis Solution 21.10-p002_1
  Generated on:           Jun 19 2026  11:26:41 am
  Module:                 opact_Fixed8
  Technology library:     fast_vdd1v0 1.0
  Operating conditions:   PVT_1P1V_0C (balanced_tree)
  Wireload mode:          enclosed
  Area mode:              timing library
============================================================

Timing
--------

Clock Period 
-------------
vclk  1000.0 


  Cost    Critical            Violating 
 Group   Path Slack    TNS      Paths   
----------------------------------------
default    No paths      0.0            
vclk          -52.0   -409.9         10 
----------------------------------------
Total                 -409.9         10 

Instance Count
--------------
Leaf Instance Count             1034 
Physical Instance count            0 
Sequential Instance Count          0 
Combinational Instance Count    1034 
Hierarchical Instance Count        2 

Area
----
Cell Area                          1561.298
Physical Cell Area                 0.000
Total Cell Area (Cell+Physical)    1561.298
Net Area                           0.000
Total Area (Cell+Physical+Net)     1561.298

Runtime                            0.0 seconds
Elapsed Runtime                    111 seconds
Genus peak memory usage            1632.28 
Innovus peak memory usage          no_value 
Hostname                           redhat315b
