============================================================
  Generated by:           Genus(TM) Synthesis Solution 21.10-p002_1
  Generated on:           Jun 19 2026  11:26:41 am
  Module:                 opact_Fixed8
  Technology library:     fast_vdd1v0 1.0
  Operating conditions:   PVT_1P1V_0C (balanced_tree)
  Wireload mode:          enclosed
  Area mode:              timing library
============================================================

                                 Leakage  
   Gate    Instances    Area   Power (nW)     Library    
---------------------------------------------------------
AND2X1             4     5.472      0.347    fast_vdd1v0 
AND2XL            22    30.096      1.651    fast_vdd1v0 
AND3XL             1     2.052      0.080    fast_vdd1v0 
AND4XL             2     4.788      0.244    fast_vdd1v0 
AO21XL             2     4.788      0.207    fast_vdd1v0 
AO22XL             2     5.472      0.235    fast_vdd1v0 
AOI21X1           23    39.330      2.432    fast_vdd1v0 
AOI21X2            1     2.736      0.210    fast_vdd1v0 
AOI21XL            8    13.680      0.525    fast_vdd1v0 
AOI221X1           1     2.394      0.108    fast_vdd1v0 
AOI22X1            2     4.104      0.259    fast_vdd1v0 
AOI2BB1X1          4     8.208      0.519    fast_vdd1v0 
AOI2BB1X4          1     4.104      0.403    fast_vdd1v0 
AOI2BB1XL         14    28.728      1.414    fast_vdd1v0 
AOI2BB2X1          1     3.420      0.193    fast_vdd1v0 
AOI31X1            6    12.312      0.795    fast_vdd1v0 
AOI31X2            1     3.420      0.222    fast_vdd1v0 
AOI31XL            1     2.736      0.077    fast_vdd1v0 
BUFX12             2    10.260      1.245    fast_vdd1v0 
BUFX2             10    17.100      1.176    fast_vdd1v0 
BUFX20             1     8.208      1.034    fast_vdd1v0 
BUFX3              2     4.104      0.342    fast_vdd1v0 
CLKAND2X2          3     6.156      0.359    fast_vdd1v0 
CLKBUFX2          11    18.810      1.303    fast_vdd1v0 
CLKINVX1           1     1.026      0.051    fast_vdd1v0 
CLKINVX12          6    24.624      2.980    fast_vdd1v0 
CLKINVX4           1     1.710      0.167    fast_vdd1v0 
CLKINVX6           2     4.788      0.500    fast_vdd1v0 
CLKINVX8           1     3.078      0.331    fast_vdd1v0 
CLKXOR2X1          6    16.416      1.069    fast_vdd1v0 
CLKXOR2X2          1     3.420      0.223    fast_vdd1v0 
INVX1             67    45.828      3.028    fast_vdd1v0 
INVX2             12    12.312      1.024    fast_vdd1v0 
INVX3              3     4.104      0.364    fast_vdd1v0 
INVXL            107    73.188      3.575    fast_vdd1v0 
MXI2X1            11    30.096      1.619    fast_vdd1v0 
MXI2X6             1     5.130      0.452    fast_vdd1v0 
MXI2XL            43   102.942      4.676    fast_vdd1v0 
NAND2BX1          14    19.152      1.491    fast_vdd1v0 
NAND2BX2           2     4.788      0.326    fast_vdd1v0 
NAND2BX4           1     3.762      0.332    fast_vdd1v0 
NAND2BXL          32    43.776      2.589    fast_vdd1v0 
NAND2X1           82    84.132      5.682    fast_vdd1v0 
NAND2X2           33    56.430      4.364    fast_vdd1v0 
NAND2X4            1     3.146      0.263    fast_vdd1v0 
NAND2XL           92    94.392      4.283    fast_vdd1v0 
NAND3BX1           2     4.104      0.243    fast_vdd1v0 
NAND3BXL           7    11.970      0.651    fast_vdd1v0 
NAND3X1            3     5.130      0.240    fast_vdd1v0 
NAND3X2            2     5.472      0.356    fast_vdd1v0 
NAND3XL            8    13.680      0.409    fast_vdd1v0 
NAND4BBXL          2     6.156      0.299    fast_vdd1v0 
NAND4XL            4     6.840      0.305    fast_vdd1v0 
NOR2BX1           35    47.880      3.495    fast_vdd1v0 
NOR2BXL            6    10.260      0.462    fast_vdd1v0 
NOR2X1            45    46.170      3.060    fast_vdd1v0 
NOR2X2            16    27.360      1.986    fast_vdd1v0 
NOR2X4             3     9.234      0.788    fast_vdd1v0 
NOR2X6             2     8.208      0.745    fast_vdd1v0 
NOR2X8             1     5.472      0.495    fast_vdd1v0 
NOR2XL            80    82.080      3.683    fast_vdd1v0 
NOR3BX1            1     2.052      0.119    fast_vdd1v0 
NOR3BXL            2     4.104      0.195    fast_vdd1v0 
NOR3X1             6    10.260      0.481    fast_vdd1v0 
NOR3X2             2     5.472      0.308    fast_vdd1v0 
NOR3X4             1     5.130      0.305    fast_vdd1v0 
NOR3XL             5     8.550      0.221    fast_vdd1v0 
OA22X1             2     4.788      0.258    fast_vdd1v0 
OAI211X1           5     8.550      0.595    fast_vdd1v0 
OAI21X1           13    22.230      1.291    fast_vdd1v0 
OAI21X2            4    12.312      0.740    fast_vdd1v0 
OAI21X4            1     4.788      0.376    fast_vdd1v0 
OAI21XL           16    27.360      1.013    fast_vdd1v0 
OAI221X1           1     2.394      0.147    fast_vdd1v0 
OAI22X1            3     6.156      0.324    fast_vdd1v0 
OAI2BB1X1         20    34.200      2.301    fast_vdd1v0 
OAI2BB1XL          4     8.208      0.359    fast_vdd1v0 
OAI31X1            3     6.156      0.335    fast_vdd1v0 
OR2X1              3     4.104      0.302    fast_vdd1v0 
OR2XL             17    23.256      1.462    fast_vdd1v0 
XNOR2X1           30    71.820      5.283    fast_vdd1v0 
XNOR2X2            3     9.234      0.665    fast_vdd1v0 
XNOR2XL            7    19.152      1.172    fast_vdd1v0 
XNOR3X1            1     7.524      0.377    fast_vdd1v0 
XOR2X1             1     2.736      0.183    fast_vdd1v0 
XOR2X4             2     8.208      0.650    fast_vdd1v0 
XOR2XL            18    49.248      3.070    fast_vdd1v0 
XOR3X1             1     7.524      0.370    fast_vdd1v0 
XOR3XL             2    15.048      0.710    fast_vdd1v0 
---------------------------------------------------------
total           1034  1561.298     95.596                


                                           Leakage  Leakage 
     Type      Instances   Area   Area % Power (nW) Power % 
------------------------------------------------------------
inverter             200  170.658   10.9     12.019    12.6 
buffer                26   58.482    3.7      5.100     5.3 
logic                808 1332.158   85.3     78.476    82.1 
physical_cells         0    0.000    0.0      0.000     0.0 
------------------------------------------------------------
total               1034 1561.298  100.0     95.596   100.0 

