============================================================
  Generated by:           Genus(TM) Synthesis Solution 21.10-p002_1
  Generated on:           Apr 11 2026  02:45:48 pm
  Module:                 unsigned_int_mul_p_2_L1
  Technology libraries:   fast_vdd1v0 1.0
                          physical_cells 
  Operating conditions:   PVT_1P1V_0C 
  Interconnect mode:      global
  Area mode:              physical library
============================================================

Timing
--------

Clock Period 
-------------
clk   1000.0 


  Cost    Critical         Violating 
 Group   Path Slack  TNS     Paths   
-------------------------------------
clk             0.1   0.0          0 
default    No paths   0.0            
-------------------------------------
Total                 0.0          0 

Instance Count
--------------
Leaf Instance Count             717 
Physical Instance count           0 
Sequential Instance Count        67 
Combinational Instance Count    650 
Hierarchical Instance Count       5 

Area
----
Cell Area                          1972.998
Physical Cell Area                 0.000
Total Cell Area (Cell+Physical)    1972.998
Net Area                           929.254
Total Area (Cell+Physical+Net)     2902.252

Runtime                            0.0 seconds
Elapsed Runtime                    24 seconds
Genus peak memory usage            1633.36 
Innovus peak memory usage          no_value 
Hostname                           redhat315b
