============================================================
  Generated by:           Genus(TM) Synthesis Solution 21.10-p002_1
  Generated on:           Apr 11 2026  04:23:46 pm
  Module:                 unsigned_int_mul_p_0_L2
  Technology libraries:   fast_vdd1v0 1.0
                          physical_cells 
  Operating conditions:   PVT_1P1V_0C 
  Interconnect mode:      global
  Area mode:              physical library
============================================================

Timing
--------

Clock Period 
-------------
VCLK  1000.0 


  Cost    Critical             Violating 
 Group   Path Slack    TNS       Paths   
-----------------------------------------
default    No paths       0.0            
VCLK         -467.9   -7312.0         16 
-----------------------------------------
Total                 -7312.0         16 

Instance Count
--------------
Leaf Instance Count             766 
Physical Instance count           0 
Sequential Instance Count         0 
Combinational Instance Count    766 
Hierarchical Instance Count       6 

Area
----
Cell Area                          2159.388
Physical Cell Area                 0.000
Total Cell Area (Cell+Physical)    2159.388
Net Area                           883.887
Total Area (Cell+Physical+Net)     3043.275

Runtime                            0.0 seconds
Elapsed Runtime                    23 seconds
Genus peak memory usage            1628.62 
Innovus peak memory usage          no_value 
Hostname                           redhat315b
