

Working Directory = /home/redhat315bd/physical_design_nipun/Physical_design
QoS Summary for opact_Fixed8
================================================================================
Metric                          opact_Fixed8_syn_generic opact_Fixed8_syn_map opact_Fixed8_syn_opt
================================================================================
Slack (ps):                      -299             -97             -52
  R2R (ps):                  no_value        no_value        no_value
  I2R (ps):                  no_value        no_value        no_value
  R2O (ps):                  no_value        no_value        no_value
  I2O (ps):                      -299             -97             -52
  CG  (ps):                  no_value        no_value        no_value
TNS (ps):                      -3,221            -917            -410
  R2R (ps):                  no_value        no_value        no_value
  I2R (ps):                  no_value        no_value        no_value
  R2O (ps):                  no_value        no_value        no_value
  I2O (ps):                    -3,221            -917            -410
  CG  (ps):                  no_value        no_value        no_value
Failing Paths:                     14              12              10
Cell Area:                      2,784           1,406           1,561
Total Cell Area:                2,784           1,406           1,561
Leaf Instances:                 1,043             929           1,034
Total Instances:                1,043             929           1,034
Utilization (%):                 0.00            0.00            0.00
Tot. Net Length (um):        no_value        no_value        no_value
Avg. Net Length (um):        no_value        no_value        no_value
Route Overflow H (%):        no_value        no_value        no_value
Route Overflow V (%):        no_value        no_value        no_value
MBCI(%) (bits/gate) :            0.00            0.00            0.00
Norm Cong Hotspot Area:
  Max Cong:                  no_value        no_value        no_value
  Tot Cong:                  no_value        no_value        no_value
================================================================================
CPU  Runtime (h:m:s):        00:30:19        00:30:09        00:31:22
Real Runtime (h:m:s):        00:30:18        00:30:08        00:31:23
CPU  Elapsed (h:m:s):        00:30:21        00:30:30        00:31:52
Real Elapsed (h:m:s):        00:30:19        00:30:27        00:31:50
Memory (MB):                  1642.24         1624.45         1624.27
================================================================================
================================================================================
Flow Settings:
================================================================================
Total Runtime (h:m:s): 00:31:49
Total Memory (MB):     1632.28
Executable Version:    21.10-p002_1
================================================================================
Total Cell Area =  Cell Area + Physical Cell Area
Total Instances =  Leaf Instances + Physical Instances


