============================================================
  Generated by:           Genus(TM) Synthesis Solution 21.10-p002_1
  Generated on:           Apr 11 2026  03:27:46 pm
  Module:                 signed_int_mul_p_0_L3
  Technology libraries:   fast_vdd1v0 1.0
                          physical_cells 
  Operating conditions:   PVT_1P1V_0C 
  Interconnect mode:      global
  Area mode:              physical library
============================================================

       Instance                   Module              Cell Count  Cell Area  Net Area   Total Area 
---------------------------------------------------------------------------------------------------
signed_int_mul_p_0_L3                                        975   2928.546  1095.404     4023.950 
  m_unsigned_int_mul  unsigned_int_mul                       842   2490.786   906.181     3396.967 
    lod_a             leading_one_detector_WIDTH8             22     75.924    15.889       91.813 
    lod_b             leading_one_detector_WIDTH8_89          19     67.032    12.943       79.975 
    m_approx_t        approx_t_WIDTH8                        524   1525.662   544.081     2069.743 
      bms0            bit_mask_sel_WIDTH16                   166    509.922   156.418      666.340 
      bms1            bit_mask_sel_WIDTH16_88                 28     71.478    23.548       95.026 
      bms2            bit_mask_sel_WIDTH16_87                 24     41.040    20.260       61.300 
