

Working Directory = /home/redhat315bd/physical_design_nipun/Physical_design
QoS Summary for opact_int8
================================================================================
Metric                          opact_int8_syn_generic opact_int8_syn_map
================================================================================
Slack (ps):                      -222             -47
  R2R (ps):                  no_value        no_value
  I2R (ps):                  no_value        no_value
  R2O (ps):                  no_value        no_value
  I2O (ps):                      -222             -47
  CG  (ps):                  no_value        no_value
TNS (ps):                      -1,508            -208
  R2R (ps):                  no_value        no_value
  I2R (ps):                  no_value        no_value
  R2O (ps):                  no_value        no_value
  I2O (ps):                    -1,508            -208
  CG  (ps):                  no_value        no_value
Failing Paths:                     10               6
Cell Area:                      2,797           1,241
Total Cell Area:                2,797           1,241
Leaf Instances:                 1,048             809
Total Instances:                1,048             809
Utilization (%):                 0.00            0.00
Tot. Net Length (um):        no_value        no_value
Avg. Net Length (um):        no_value        no_value
Route Overflow H (%):        no_value        no_value
Route Overflow V (%):        no_value        no_value
MBCI(%) (bits/gate) :            0.00            0.00
Norm Cong Hotspot Area:
  Max Cong:                  no_value        no_value
  Tot Cong:                  no_value        no_value
================================================================================
CPU  Runtime (h:m:s):        00:30:18        00:30:08
Real Runtime (h:m:s):        00:30:19        00:30:06
CPU  Elapsed (h:m:s):        00:30:20        00:30:28
Real Elapsed (h:m:s):        00:30:20        00:30:26
Memory (MB):                  1645.66         1627.40
================================================================================
================================================================================
Flow Settings:
================================================================================
Total Runtime (h:m:s): 00:30:25
Total Memory (MB):     1635.41
Executable Version:    21.10-p002_1
================================================================================
Total Cell Area =  Cell Area + Physical Cell Area
Total Instances =  Leaf Instances + Physical Instances


