============================================================
  Generated by:           Genus(TM) Synthesis Solution 21.10-p002_1
  Generated on:           Jun 19 2026  11:31:46 am
  Module:                 opact_int8
  Operating conditions:   PVT_1P1V_0C (balanced_tree)
  Wireload mode:          enclosed
  Area mode:              timing library
============================================================


Path 1: VIOLATED (-47 ps) Late External Delay Assertion at pin R[15]
          Group: vclk
     Startpoint: (F) A[0]
          Clock: (R) vclk
       Endpoint: (F) R[15]
          Clock: (R) vclk

                     Capture       Launch     
        Clock Edge:+    1000            0     
        Drv Adjust:+       0            0     
       Src Latency:+       0            0     
       Net Latency:+       0 (I)        0 (I) 
           Arrival:=    1000            0     
                                              
      Output Delay:-     200                  
       Uncertainty:-      50                  
     Required Time:=     750                  
      Launch Clock:-       0                  
       Input Delay:-     200                  
         Data Path:-     597                  
             Slack:=     -47                  

Exceptions/Constraints:
  input_delay              200             opact_int8.sdc_line_14_7_1 
  output_delay             200             opact_int8.sdc_line_15     

#------------------------------------------------------------------------------------------------------------------
#              Timing Point                Flags    Arc   Edge   Cell     Fanout Load Trans Delay Arrival Instance 
#                                                                                (fF)  (ps)  (ps)   (ps)  Location 
#------------------------------------------------------------------------------------------------------------------
  A[0]                                     -       -      F     (arrival)     12  7.6     0     0     200    (-,-) 
  g2578__2398/Y                            -       A->Y   R     NOR3X6         1  0.5    13    19     219    (-,-) 
  g2558__1705/Y                            -       A1->Y  F     AOI21X1        1  0.5    18    19     238    (-,-) 
  g2550__8428/Y                            -       B->Y   R     CLKXOR2X1      6  2.6    21    37     275    (-,-) 
  m_opact_uint/m_opact_core/g25237__6260/Y -       B->Y   R     CLKAND2X2      3  1.6    10    27     302    (-,-) 
  m_opact_uint/m_opact_core/g25070__9315/S -       B->S   F     ADDHXL         2  0.7    11    34     337    (-,-) 
  m_opact_uint/m_opact_core/g25052__1705/Y -       B->Y   R     NOR2X1         2  0.8    18    15     352    (-,-) 
  m_opact_uint/m_opact_core/g25033__2346/Y -       B->Y   F     NOR2XL         2  0.7    14    14     366    (-,-) 
  m_opact_uint/m_opact_core/g24976__7098/Y -       A0N->Y F     AOI2BB2X1      1  0.5    27    33     400    (-,-) 
  m_opact_uint/m_opact_core/g24945__2883/Y -       S0->Y  F     MXI2XL         1  0.5    24    24     424    (-,-) 
  m_opact_uint/m_opact_core/g24884__7098/Y -       B->Y   R     XNOR2XL        3  0.9    14    36     460    (-,-) 
  m_opact_uint/m_opact_core/g25292__8428/Y -       B->Y   R     AND2XL         1  0.5     9    23     484    (-,-) 
  m_opact_uint/m_opact_core/g24823__2398/Y -       AN->Y  R     NAND2BX4      10  4.8    15    27     511    (-,-) 
  m_opact_uint/m_opact_core/g24783__5107/Y -       B->Y   F     NAND2X4        3  1.5    16    14     525    (-,-) 
  m_opact_uint/m_opact_core/g24763__1881/Y -       B->Y   R     NOR2X2         1  0.5    11    13     538    (-,-) 
  m_opact_uint/m_opact_core/g24744__5107/Y -       B->Y   F     NOR2X1         1  0.4     9     9     547    (-,-) 
  m_opact_uint/m_opact_core/g24719__1881/Y -       B0->Y  R     OAI2BB1X1      3  1.3    14    13     560    (-,-) 
  m_opact_uint/m_opact_core/g25275__7482/Y -       AN->Y  R     NOR2BX1        1  0.3    12    22     582    (-,-) 
  m_opact_uint/m_opact_core/g24663__5526/Y -       AN->Y  R     NOR2BX1        1  0.5    13    23     606    (-,-) 
  m_opact_uint/m_opact_core/g24652__2346/Y -       B->Y   F     NOR2X1         1  0.4     9    10     615    (-,-) 
  m_opact_uint/m_opact_core/g24630__6783/Y -       B->Y   R     NAND2X1        3  0.9    12    10     626    (-,-) 
  m_opact_uint/m_opact_core/g24597__5122/Y -       B->Y   F     NOR2XL         1  0.3     8    10     635    (-,-) 
  m_opact_uint/m_opact_core/g24563__1705/Y -       AN->Y  F     NAND3BXL       1  0.2    19    28     663    (-,-) 
  g2043/Y                                  -       A->Y   R     INVXL          2  0.6    11    14     677    (-,-) 
  g2034__6417/Y                            -       B->Y   F     NAND2XL        1  0.2    11    12     689    (-,-) 
  g2032__1666/Y                            -       B->Y   R     NOR2XL         1  0.3    14    13     702    (-,-) 
  g1991__4733/Y                            -       A1->Y  F     AOI21XL        1  0.5    22    21     723    (-,-) 
  g1987__1881/Y                            -       B->Y   R     CLKXOR2X2      1  5.7    26    46     769    (-,-) 
  g1985/Y                                  -       A->Y   F     CLKINVX12      1 50.0    39    28     797    (-,-) 
  R[15]                                    -       -      F     (port)         -    -     -     0     797    (-,-) 
#------------------------------------------------------------------------------------------------------------------



Path 2: VIOLATED (-42 ps) Late External Delay Assertion at pin R[14]
          Group: vclk
     Startpoint: (F) B[1]
          Clock: (R) vclk
       Endpoint: (F) R[14]
          Clock: (R) vclk

                     Capture       Launch     
        Clock Edge:+    1000            0     
        Drv Adjust:+       0            0     
       Src Latency:+       0            0     
       Net Latency:+       0 (I)        0 (I) 
           Arrival:=    1000            0     
                                              
      Output Delay:-     200                  
       Uncertainty:-      50                  
     Required Time:=     750                  
      Launch Clock:-       0                  
       Input Delay:-     200                  
         Data Path:-     592                  
             Slack:=     -42                  

Exceptions/Constraints:
  input_delay              200             opact_int8.sdc_line_14_14_1 
  output_delay             200             opact_int8.sdc_line_15_21_1 

#-------------------------------------------------------------------------------------------------------------------
#               Timing Point                 Flags   Arc   Edge   Cell     Fanout Load Trans Delay Arrival Instance 
#                                                                                 (fF)  (ps)  (ps)   (ps)  Location 
#-------------------------------------------------------------------------------------------------------------------
  B[1]                                       -       -     F     (arrival)      4  4.4     0     0     200    (-,-) 
  g2581__4319/Y                              -       A->Y  R     NOR3X6         3  1.1    15    20     220    (-,-) 
  g2594__8246/Y                              -       B->Y  F     NOR2BX1        1  0.5     9    11     231    (-,-) 
  g2555__1617/Y                              -       S0->Y F     MXI2XL         1  0.4    21    21     252    (-,-) 
  m_opact_uint/m_opact_core/fopt7/Y          -       A->Y  R     INVX1          4  1.2    13    14     266    (-,-) 
  m_opact_uint/m_opact_core/fopt25334/Y      -       A->Y  F     INVXL          1  0.4     7    10     276    (-,-) 
  m_opact_uint/m_opact_core/g25237__6260/Y   -       A->Y  F     CLKAND2X2      3  1.3     9    28     305    (-,-) 
  m_opact_uint/m_opact_core/g25070__9315/S   -       B->S  R     ADDHXL         2  0.8    12    28     333    (-,-) 
  m_opact_uint/m_opact_core/g25041__5107/Y   -       A->Y  F     XNOR2X1        3  1.6    15    48     381    (-,-) 
  m_opact_uint/m_opact_core/g25014__2802/Y   -       B->Y  R     NOR2X1         2  0.6    15    15     396    (-,-) 
  m_opact_uint/m_opact_core/g24967/Y         -       A->Y  F     INVXL          1  0.3     6    10     407    (-,-) 
  m_opact_uint/m_opact_core/g24945__2883/Y   -       A->Y  R     MXI2XL         1  0.6    28    22     428    (-,-) 
  m_opact_uint/m_opact_core/g24884__7098/Y   -       B->Y  F     XNOR2XL        3  0.8    12    32     460    (-,-) 
  m_opact_uint/m_opact_core/g24837__2802/Y   -       B->Y  F     OR2X1          3  2.3    19    34     494    (-,-) 
  m_opact_uint/m_opact_core/g25288_0__7410/Y -       AN->Y F     NOR2BXL        1  0.5    11    19     513    (-,-) 
  m_opact_uint/m_opact_core/g24688__2883/Y   -       S0->Y F     MXI2XL         1  0.4    22    21     534    (-,-) 
  m_opact_uint/m_opact_core/g24676__1881/Y   -       B->Y  R     NOR2X1         3  0.9    20    20     554    (-,-) 
  m_opact_uint/m_opact_core/g24668/Y         -       A->Y  F     INVXL          2  0.4     8    12     566    (-,-) 
  m_opact_uint/m_opact_core/g24645__7482/Y   -       B->Y  R     NAND2XL        1  0.3    12     9     575    (-,-) 
  m_opact_uint/m_opact_core/g24622__6260/Y   -       AN->Y R     NOR2BX1        2  1.2    23    28     603    (-,-) 
  m_opact_uint/m_opact_core/g24585__6260/Y   -       S0->Y F     MXI2XL         1  0.4    22    20     623    (-,-) 
  m_opact_uint/m_opact_core/g24566__7098/Y   -       A1->Y R     AOI21X1        1  0.3    15    18     642    (-,-) 
  m_opact_uint/m_opact_core/g24560__3680/Y   -       B->Y  F     NAND2XL        2  0.4    15    16     657    (-,-) 
  g2037__5107/Y                              -       B->Y  F     OR2XL          2  0.8    12    26     683    (-,-) 
  g1992__6161/Y                              -       A1->Y R     OAI31X1        1  0.6    31    30     714    (-,-) 
  g1983__7098/Y                              -       B->Y  R     XNOR2X1        1  3.8    30    41     755    (-,-) 
  g1982/Y                                    -       A->Y  F     CLKINVX8       1 50.0    55    37     792    (-,-) 
  R[14]                                      -       -     F     (port)         -    -     -     0     792    (-,-) 
#-------------------------------------------------------------------------------------------------------------------



Path 3: VIOLATED (-38 ps) Late External Delay Assertion at pin R[11]
          Group: vclk
     Startpoint: (R) A[7]
          Clock: (R) vclk
       Endpoint: (F) R[11]
          Clock: (R) vclk

                     Capture       Launch     
        Clock Edge:+    1000            0     
        Drv Adjust:+       0            0     
       Src Latency:+       0            0     
       Net Latency:+       0 (I)        0 (I) 
           Arrival:=    1000            0     
                                              
      Output Delay:-     200                  
       Uncertainty:-      50                  
     Required Time:=     750                  
      Launch Clock:-       0                  
       Input Delay:-     200                  
         Data Path:-     588                  
             Slack:=     -38                  

Exceptions/Constraints:
  input_delay              200             opact_int8.sdc_line_14      
  output_delay             200             opact_int8.sdc_line_15_24_1 

#-----------------------------------------------------------------------------------------------------------------
#              Timing Point                Flags   Arc   Edge   Cell     Fanout Load Trans Delay Arrival Instance 
#                                                                               (fF)  (ps)  (ps)   (ps)  Location 
#-----------------------------------------------------------------------------------------------------------------
  A[7]                                     -       -     R     (arrival)      5  2.6     0     0     200    (-,-) 
  g2592/Y                                  -       A->Y  F     INVX1          4  1.7    12    10     210    (-,-) 
  g2575__6417/Y                            -       A->Y  R     NOR2X1         1  0.6    15    16     226    (-,-) 
  g2560__8246/Y                            -       B->Y  R     CLKXOR2X1      8  3.4    27    39     266    (-,-) 
  m_opact_uint/m_opact_core/g25223__5115/Y -       B->Y  F     NAND2X1        3  1.1    23    23     289    (-,-) 
  m_opact_uint/m_opact_core/g25106__4733/Y -       S0->Y F     MXI2XL         1  0.5    23    24     312    (-,-) 
  m_opact_uint/m_opact_core/g25046__8428/Y -       B->Y  R     XOR2XL         2  0.9    14    30     343    (-,-) 
  m_opact_uint/m_opact_core/g24990__1666/Y -       B->Y  F     NAND2XL        1  0.5    17    16     359    (-,-) 
  m_opact_uint/m_opact_core/g25301__7098/Y -       B->Y  R     XNOR2X1        2  1.0    11    38     397    (-,-) 
  m_opact_uint/m_opact_core/g24907__7410/Y -       B->Y  F     NOR2X1         2  0.4    10     9     406    (-,-) 
  m_opact_uint/m_opact_core/g24835__3680/Y -       B->Y  R     NOR2XL         1  0.5    18    15     421    (-,-) 
  m_opact_uint/m_opact_core/g24813__2883/Y -       C0->Y F     AOI211X1       1  0.5    23    12     434    (-,-) 
  m_opact_uint/m_opact_core/g24776__1666/Y -       B->Y  R     XNOR2X1        4  1.7    15    41     474    (-,-) 
  m_opact_uint/m_opact_core/g25293__5526/Y -       B->Y  F     NAND2BX1       2  0.8    18    17     492    (-,-) 
  m_opact_uint/m_opact_core/g24658__5107/Y -       B->Y  R     CLKXOR2X1      3  1.1    11    32     524    (-,-) 
  m_opact_uint/m_opact_core/g24651/Y       -       A->Y  F     INVXL          2  0.4     7    10     533    (-,-) 
  m_opact_uint/m_opact_core/g24632__3680/Y -       B->Y  R     NAND2XL        2  0.8    17    11     544    (-,-) 
  m_opact_uint/m_opact_core/g24625/Y       -       A->Y  F     INVX1          3  1.2    12    14     558    (-,-) 
  m_opact_uint/m_opact_core/g24600__6131/Y -       A1->Y R     AOI21X1        1  0.5    19    17     575    (-,-) 
  m_opact_uint/m_opact_core/g24581__6417/Y -       B->Y  F     NAND2X1        2  0.7    17    18     593    (-,-) 
  g2016__2802/Y                            -       B->Y  R     NOR2X1         2  0.8    18    17     610    (-,-) 
  g2013__6783/Y                            -       B->Y  F     NAND2BX1       2  0.7    17    18     627    (-,-) 
  g2011__5526/Y                            -       A->Y  R     NOR2X1         2  0.6    15    18     645    (-,-) 
  g2006__2398/Y                            -       B->Y  R     CLKAND2X2      3  1.5     9    26     671    (-,-) 
  g2001__6417/Y                            -       B->Y  F     NAND2X2        3  1.1    15    14     685    (-,-) 
  g1999/Y                                  -       A->Y  R     INVXL          1  0.3     7    10     695    (-,-) 
  g1998__1666/Y                            -       B->Y  F     NOR2XL         1  0.5    13     9     704    (-,-) 
  g1988__5115/Y                            -       S0->Y F     MXI2X8         1 50.0    55    84     788    (-,-) 
  R[11]                                    -       -     F     (port)         -    -     -     0     788    (-,-) 
#-----------------------------------------------------------------------------------------------------------------



Path 4: VIOLATED (-31 ps) Late External Delay Assertion at pin R[13]
          Group: vclk
     Startpoint: (R) A[7]
          Clock: (R) vclk
       Endpoint: (R) R[13]
          Clock: (R) vclk

                     Capture       Launch     
        Clock Edge:+    1000            0     
        Drv Adjust:+       0            0     
       Src Latency:+       0            0     
       Net Latency:+       0 (I)        0 (I) 
           Arrival:=    1000            0     
                                              
      Output Delay:-     200                  
       Uncertainty:-      50                  
     Required Time:=     750                  
      Launch Clock:-       0                  
       Input Delay:-     200                  
         Data Path:-     581                  
             Slack:=     -31                  

Exceptions/Constraints:
  input_delay              200             opact_int8.sdc_line_14      
  output_delay             200             opact_int8.sdc_line_15_22_1 

#-----------------------------------------------------------------------------------------------------------------
#              Timing Point                Flags   Arc   Edge   Cell     Fanout Load Trans Delay Arrival Instance 
#                                                                               (fF)  (ps)  (ps)   (ps)  Location 
#-----------------------------------------------------------------------------------------------------------------
  A[7]                                     -       -     R     (arrival)      5  2.6     0     0     200    (-,-) 
  g2592/Y                                  -       A->Y  F     INVX1          4  1.7    12    10     210    (-,-) 
  g2575__6417/Y                            -       A->Y  R     NOR2X1         1  0.6    15    16     226    (-,-) 
  g2560__8246/Y                            -       B->Y  R     CLKXOR2X1      8  3.4    27    39     266    (-,-) 
  m_opact_uint/m_opact_core/g25223__5115/Y -       B->Y  F     NAND2X1        3  1.1    23    23     289    (-,-) 
  m_opact_uint/m_opact_core/g25106__4733/Y -       S0->Y F     MXI2XL         1  0.5    23    24     312    (-,-) 
  m_opact_uint/m_opact_core/g25046__8428/Y -       B->Y  R     XOR2XL         2  0.9    14    30     343    (-,-) 
  m_opact_uint/m_opact_core/g24990__1666/Y -       B->Y  F     NAND2XL        1  0.5    17    16     359    (-,-) 
  m_opact_uint/m_opact_core/g25301__7098/Y -       B->Y  R     XNOR2X1        2  1.0    11    38     397    (-,-) 
  m_opact_uint/m_opact_core/g24907__7410/Y -       B->Y  F     NOR2X1         2  0.4    10     9     406    (-,-) 
  m_opact_uint/m_opact_core/g24835__3680/Y -       B->Y  R     NOR2XL         1  0.5    18    15     421    (-,-) 
  m_opact_uint/m_opact_core/g24813__2883/Y -       C0->Y F     AOI211X1       1  0.5    23    12     434    (-,-) 
  m_opact_uint/m_opact_core/g24776__1666/Y -       B->Y  R     XNOR2X1        4  1.7    15    41     474    (-,-) 
  m_opact_uint/m_opact_core/g25293__5526/Y -       B->Y  F     NAND2BX1       2  0.8    18    17     492    (-,-) 
  m_opact_uint/m_opact_core/g24658__5107/Y -       B->Y  R     CLKXOR2X1      3  1.1    11    32     524    (-,-) 
  m_opact_uint/m_opact_core/g24651/Y       -       A->Y  F     INVXL          2  0.4     7    10     533    (-,-) 
  m_opact_uint/m_opact_core/g24632__3680/Y -       B->Y  R     NAND2XL        2  0.8    17    11     544    (-,-) 
  m_opact_uint/m_opact_core/g24625/Y       -       A->Y  F     INVX1          3  1.2    12    14     558    (-,-) 
  m_opact_uint/m_opact_core/g24600__6131/Y -       A1->Y R     AOI21X1        1  0.5    19    17     575    (-,-) 
  m_opact_uint/m_opact_core/g24581__6417/Y -       B->Y  F     NAND2X1        2  0.7    17    18     593    (-,-) 
  g2016__2802/Y                            -       B->Y  R     NOR2X1         2  0.8    18    17     610    (-,-) 
  g2013__6783/Y                            -       B->Y  F     NAND2BX1       2  0.7    17    18     627    (-,-) 
  g2011__5526/Y                            -       A->Y  R     NOR2X1         2  0.6    15    18     645    (-,-) 
  g2006__2398/Y                            -       B->Y  R     CLKAND2X2      3  1.5     9    26     671    (-,-) 
  g2001__6417/Y                            -       B->Y  F     NAND2X2        3  1.1    15    14     685    (-,-) 
  g1995__9945/Y                            -       A0->Y R     OAI21X1        1  0.6    20    21     706    (-,-) 
  g1986__6131/Y                            -       B->Y  F     XNOR2X2        1  5.0    26    48     754    (-,-) 
  g1984/Y                                  -       A->Y  R     CLKINVX12      1 50.0    36    27     781    (-,-) 
  R[13]                                    -       -     R     (port)         -    -     -     0     781    (-,-) 
#-----------------------------------------------------------------------------------------------------------------



Path 5: VIOLATED (-28 ps) Late External Delay Assertion at pin R[12]
          Group: vclk
     Startpoint: (F) A[0]
          Clock: (R) vclk
       Endpoint: (F) R[12]
          Clock: (R) vclk

                     Capture       Launch     
        Clock Edge:+    1000            0     
        Drv Adjust:+       0            0     
       Src Latency:+       0            0     
       Net Latency:+       0 (I)        0 (I) 
           Arrival:=    1000            0     
                                              
      Output Delay:-     200                  
       Uncertainty:-      50                  
     Required Time:=     750                  
      Launch Clock:-       0                  
       Input Delay:-     200                  
         Data Path:-     578                  
             Slack:=     -28                  

Exceptions/Constraints:
  input_delay              200             opact_int8.sdc_line_14_7_1  
  output_delay             200             opact_int8.sdc_line_15_23_1 

#------------------------------------------------------------------------------------------------------------------
#              Timing Point                Flags    Arc   Edge   Cell     Fanout Load Trans Delay Arrival Instance 
#                                                                                (fF)  (ps)  (ps)   (ps)  Location 
#------------------------------------------------------------------------------------------------------------------
  A[0]                                     -       -      F     (arrival)     12  7.6     0     0     200    (-,-) 
  g2578__2398/Y                            -       A->Y   R     NOR3X6         1  0.5    13    19     219    (-,-) 
  g2558__1705/Y                            -       A1->Y  F     AOI21X1        1  0.5    18    19     238    (-,-) 
  g2550__8428/Y                            -       B->Y   F     CLKXOR2X1      6  2.3    19    36     274    (-,-) 
  m_opact_uint/m_opact_core/g25209__4319/Y -       B->Y   R     NAND2X1        1  0.6    12    12     286    (-,-) 
  m_opact_uint/m_opact_core/g25113__1666/Y -       B->Y   F     CLKXOR2X1      3  1.0    11    39     325    (-,-) 
  m_opact_uint/m_opact_core/g25101/Y       -       A->Y   R     INVXL          2  0.6    10    11     336    (-,-) 
  m_opact_uint/m_opact_core/g25076__2346/Y -       B->Y   F     NOR2XL         1  0.5    11    10     346    (-,-) 
  m_opact_uint/m_opact_core/g24992__7410/Y -       A->Y   R     NOR2X1         2  1.1    22    20     366    (-,-) 
  m_opact_uint/m_opact_core/g24961__5107/Y -       B->Y   F     XNOR2XL        1  0.5     8    29     395    (-,-) 
  m_opact_uint/m_opact_core/g24925__1705/Y -       B->Y   R     XNOR2X1        1  0.6     8    35     430    (-,-) 
  m_opact_uint/m_opact_core/g24878__3680/Y -       S0->Y  R     MXI2XL         1  0.6    26    23     453    (-,-) 
  m_opact_uint/m_opact_core/g24846__7098/Y -       S0->Y  R     MXI2XL         3  1.2    40    32     485    (-,-) 
  m_opact_uint/m_opact_core/g24794__3680/Y -       B->Y   F     XNOR2X2       12  4.2    23    49     534    (-,-) 
  m_opact_uint/m_opact_core/g24733__1666/Y -       B->Y   R     NOR2XL         2  0.6    21    21     555    (-,-) 
  m_opact_uint/m_opact_core/g24721/Y       -       A->Y   F     INVXL          1  0.3     8    12     567    (-,-) 
  m_opact_uint/m_opact_core/g24679__5115/Y -       A1->Y  R     OAI21XL        1  0.3    18    16     583    (-,-) 
  m_opact_uint/m_opact_core/g24675__6131/Y -       B->Y   F     NOR2XL         1  0.5    11    13     596    (-,-) 
  m_opact_uint/m_opact_core/g24636__1705/Y -       S0->Y  F     MXI2XL         1  0.2    18    19     616    (-,-) 
  m_opact_uint/m_opact_core/g24576__2883/Y -       A1N->Y F     AOI2BB1X1      1  0.4     8    29     644    (-,-) 
  m_opact_uint/m_opact_core/g24564__5122/Y -       B0->Y  R     OAI2BB1X1      4  1.2    13    13     657    (-,-) 
  g2036__2398/Y                            -       B->Y   F     NOR2XL         1  0.2     8    10     667    (-,-) 
  g2004__5477/Y                            -       B->Y   R     NAND2XL        2  0.6    12    10     677    (-,-) 
  g1996__2883/Y                            -       B->Y   F     NAND2XL        1  0.5    17    16     693    (-,-) 
  g1990__7482/Y                            -       B->Y   R     XNOR2X1        1  3.8    30    48     741    (-,-) 
  g1989/Y                                  -       A->Y   F     CLKINVX8       1 50.0    55    37     778    (-,-) 
  R[12]                                    -       -      F     (port)         -    -     -     0     778    (-,-) 
#------------------------------------------------------------------------------------------------------------------



Path 6: VIOLATED (-22 ps) Late External Delay Assertion at pin R[10]
          Group: vclk
     Startpoint: (R) A[7]
          Clock: (R) vclk
       Endpoint: (F) R[10]
          Clock: (R) vclk

                     Capture       Launch     
        Clock Edge:+    1000            0     
        Drv Adjust:+       0            0     
       Src Latency:+       0            0     
       Net Latency:+       0 (I)        0 (I) 
           Arrival:=    1000            0     
                                              
      Output Delay:-     200                  
       Uncertainty:-      50                  
     Required Time:=     750                  
      Launch Clock:-       0                  
       Input Delay:-     200                  
         Data Path:-     572                  
             Slack:=     -22                  

Exceptions/Constraints:
  input_delay              200             opact_int8.sdc_line_14      
  output_delay             200             opact_int8.sdc_line_15_25_1 

#-----------------------------------------------------------------------------------------------------------------
#              Timing Point                Flags   Arc   Edge   Cell     Fanout Load Trans Delay Arrival Instance 
#                                                                               (fF)  (ps)  (ps)   (ps)  Location 
#-----------------------------------------------------------------------------------------------------------------
  A[7]                                     -       -     R     (arrival)      5  2.6     0     0     200    (-,-) 
  g2592/Y                                  -       A->Y  F     INVX1          4  1.7    12    10     210    (-,-) 
  g2575__6417/Y                            -       A->Y  R     NOR2X1         1  0.6    15    16     226    (-,-) 
  g2560__8246/Y                            -       B->Y  R     CLKXOR2X1      8  3.4    27    39     266    (-,-) 
  m_opact_uint/m_opact_core/g25223__5115/Y -       B->Y  F     NAND2X1        3  1.1    23    23     289    (-,-) 
  m_opact_uint/m_opact_core/g25106__4733/Y -       S0->Y F     MXI2XL         1  0.5    23    24     312    (-,-) 
  m_opact_uint/m_opact_core/g25046__8428/Y -       B->Y  R     XOR2XL         2  0.9    14    30     343    (-,-) 
  m_opact_uint/m_opact_core/g24990__1666/Y -       B->Y  F     NAND2XL        1  0.5    17    16     359    (-,-) 
  m_opact_uint/m_opact_core/g25301__7098/Y -       B->Y  R     XNOR2X1        2  1.0    11    38     397    (-,-) 
  m_opact_uint/m_opact_core/g25295__3680/Y -       B->Y  F     NAND2BX1       2  0.7    16    15     412    (-,-) 
  m_opact_uint/m_opact_core/g24813__2883/Y -       A1->Y R     AOI211X1       1  0.6    31    29     441    (-,-) 
  m_opact_uint/m_opact_core/g24776__1666/Y -       B->Y  F     XNOR2X1        4  1.4    14    37     478    (-,-) 
  m_opact_uint/m_opact_core/g25293__5526/Y -       B->Y  R     NAND2BX1       2  0.9    12    12     490    (-,-) 
  m_opact_uint/m_opact_core/g24658__5107/Y -       B->Y  F     CLKXOR2X1      3  0.8    10    38     528    (-,-) 
  m_opact_uint/m_opact_core/g25290__6260/Y -       B->Y  R     NOR2BX1        3  1.1    21    17     545    (-,-) 
  m_opact_uint/m_opact_core/g24624/Y       -       A->Y  F     INVXL          2  0.6    11    14     559    (-,-) 
  m_opact_uint/m_opact_core/g24609__9315/Y -       B->Y  R     NAND2BXL       1  0.3     9    10     569    (-,-) 
  m_opact_uint/m_opact_core/g24599__7098/Y -       A->Y  F     NOR2XL         1  0.3     8    11     579    (-,-) 
  m_opact_uint/m_opact_core/g24582__5477/Y -       A->Y  R     NOR2XL         2  0.6    20    18     597    (-,-) 
  m_opact_uint/m_opact_core/g24574__9315/Y -       B->Y  F     NAND2XL        1  0.4    16    17     615    (-,-) 
  m_opact_uint/m_opact_core/g24562__2802/Y -       B0->Y R     OAI2BB1X1      2  0.8    12    14     628    (-,-) 
  g2011__5526/Y                            -       B->Y  F     NOR2X1         2  0.6    10    10     639    (-,-) 
  g2006__2398/Y                            -       B->Y  F     CLKAND2X2      3  1.3     9    26     664    (-,-) 
  g2005/Y                                  -       A->Y  R     INVXL          1  0.3     6     8     673    (-,-) 
  g2000__7410/Y                            -       B->Y  F     NAND2XL        1  0.5    17    14     686    (-,-) 
  g1994__9315/Y                            -       B->Y  R     XNOR2X1        1  3.8    30    48     734    (-,-) 
  g1993/Y                                  -       A->Y  F     CLKINVX8       1 50.0    55    37     772    (-,-) 
  R[10]                                    -       -     F     (port)         -    -     -     0     772    (-,-) 
#-----------------------------------------------------------------------------------------------------------------



Path 7: MET (4 ps) Late External Delay Assertion at pin R[6]
          Group: vclk
     Startpoint: (R) A[7]
          Clock: (R) vclk
       Endpoint: (F) R[6]
          Clock: (R) vclk

                     Capture       Launch     
        Clock Edge:+    1000            0     
        Drv Adjust:+       0            0     
       Src Latency:+       0            0     
       Net Latency:+       0 (I)        0 (I) 
           Arrival:=    1000            0     
                                              
      Output Delay:-     200                  
       Uncertainty:-      50                  
     Required Time:=     750                  
      Launch Clock:-       0                  
       Input Delay:-     200                  
         Data Path:-     546                  
             Slack:=       4                  

Exceptions/Constraints:
  input_delay              200             opact_int8.sdc_line_14      
  output_delay             200             opact_int8.sdc_line_15_29_1 

#-----------------------------------------------------------------------------------------------------------------
#              Timing Point                Flags   Arc   Edge   Cell     Fanout Load Trans Delay Arrival Instance 
#                                                                               (fF)  (ps)  (ps)   (ps)  Location 
#-----------------------------------------------------------------------------------------------------------------
  A[7]                                     -       -     R     (arrival)      5  2.6     0     0     200    (-,-) 
  g2592/Y                                  -       A->Y  F     INVX1          4  1.7    12    10     210    (-,-) 
  g2575__6417/Y                            -       A->Y  R     NOR2X1         1  0.6    15    16     226    (-,-) 
  g2560__8246/Y                            -       B->Y  R     CLKXOR2X1      8  3.4    27    39     266    (-,-) 
  m_opact_uint/m_opact_core/g25223__5115/Y -       B->Y  F     NAND2X1        3  1.1    23    23     289    (-,-) 
  m_opact_uint/m_opact_core/g25106__4733/Y -       S0->Y F     MXI2XL         1  0.5    23    24     312    (-,-) 
  m_opact_uint/m_opact_core/g25046__8428/Y -       B->Y  R     XOR2XL         2  0.9    14    30     343    (-,-) 
  m_opact_uint/m_opact_core/g24990__1666/Y -       B->Y  F     NAND2XL        1  0.5    17    16     359    (-,-) 
  m_opact_uint/m_opact_core/g25301__7098/Y -       B->Y  R     XNOR2X1        2  1.0    11    38     397    (-,-) 
  m_opact_uint/m_opact_core/g25295__3680/Y -       B->Y  F     NAND2BX1       2  0.7    16    15     412    (-,-) 
  m_opact_uint/m_opact_core/g24813__2883/Y -       A1->Y R     AOI211X1       1  0.6    31    29     441    (-,-) 
  m_opact_uint/m_opact_core/g24776__1666/Y -       B->Y  F     XNOR2X1        4  1.4    14    37     478    (-,-) 
  m_opact_uint/m_opact_core/g25293__5526/Y -       B->Y  R     NAND2BX1       2  0.9    12    12     490    (-,-) 
  m_opact_uint/m_opact_core/g24658__5107/Y -       B->Y  F     CLKXOR2X1      3  0.8    10    38     528    (-,-) 
  m_opact_uint/m_opact_core/g24651/Y       -       A->Y  R     INVXL          2  0.6    10    10     538    (-,-) 
  m_opact_uint/m_opact_core/g24632__3680/Y -       B->Y  F     NAND2XL        2  0.6    20    16     554    (-,-) 
  m_opact_uint/m_opact_core/g24625/Y       -       A->Y  R     INVX1          3  1.3    13    14     569    (-,-) 
  m_opact_uint/m_opact_core/g24600__6131/Y -       A1->Y F     AOI21X1        1  0.4    17    18     587    (-,-) 
  m_opact_uint/m_opact_core/g24581__6417/Y -       B->Y  R     NAND2X1        2  0.8    12    13     600    (-,-) 
  g2010__8428/Y                            -       A->Y  F     XNOR2X2        1 50.0   181   147     746    (-,-) 
  R[6]                                     -       -     F     (port)         -    -     -     0     746    (-,-) 
#-----------------------------------------------------------------------------------------------------------------



Path 8: MET (4 ps) Late External Delay Assertion at pin R[8]
          Group: vclk
     Startpoint: (F) B[1]
          Clock: (R) vclk
       Endpoint: (F) R[8]
          Clock: (R) vclk

                     Capture       Launch     
        Clock Edge:+    1000            0     
        Drv Adjust:+       0            0     
       Src Latency:+       0            0     
       Net Latency:+       0 (I)        0 (I) 
           Arrival:=    1000            0     
                                              
      Output Delay:-     200                  
       Uncertainty:-      50                  
     Required Time:=     750                  
      Launch Clock:-       0                  
       Input Delay:-     200                  
         Data Path:-     546                  
             Slack:=       4                  

Exceptions/Constraints:
  input_delay              200             opact_int8.sdc_line_14_14_1 
  output_delay             200             opact_int8.sdc_line_15_27_1 

#------------------------------------------------------------------------------------------------------------------
#              Timing Point                Flags    Arc   Edge   Cell     Fanout Load Trans Delay Arrival Instance 
#                                                                                (fF)  (ps)  (ps)   (ps)  Location 
#------------------------------------------------------------------------------------------------------------------
  B[1]                                     -       -      F     (arrival)      4  4.4     0     0     200    (-,-) 
  g2581__4319/Y                            -       A->Y   R     NOR3X6         3  1.1    15    20     220    (-,-) 
  g2594__8246/Y                            -       B->Y   F     NOR2BX1        1  0.5     9    11     231    (-,-) 
  g2555__1617/Y                            -       S0->Y  F     MXI2XL         1  0.4    21    21     252    (-,-) 
  m_opact_uint/m_opact_core/fopt7/Y        -       A->Y   R     INVX1          4  1.2    13    14     266    (-,-) 
  m_opact_uint/m_opact_core/fopt5/Y        -       A->Y   F     INVXL          2  0.4     7    10     276    (-,-) 
  m_opact_uint/m_opact_core/fopt4/Y        -       A->Y   R     INVXL          2  0.6     9     9     286    (-,-) 
  m_opact_uint/m_opact_core/fopt25335/Y    -       A->Y   F     INVXL          1  0.3     5     8     294    (-,-) 
  m_opact_uint/m_opact_core/g25183__2883/Y -       A->Y   F     AND2XL         4  1.1    14    21     315    (-,-) 
  m_opact_uint/m_opact_core/g25095__1705/Y -       A->Y   R     XOR2XL         2  1.3    18    44     360    (-,-) 
  m_opact_uint/m_opact_core/g24963__6260/Y -       B->Y   F     XNOR3XL        2  0.6    10    48     408    (-,-) 
  m_opact_uint/m_opact_core/g24934/Y       -       A->Y   R     INVX1          2  1.4    12    12     420    (-,-) 
  m_opact_uint/m_opact_core/g24847__6131/Y -       C->Y   F     XNOR3X1        6  1.9    21    43     463    (-,-) 
  m_opact_uint/m_opact_core/g24815/Y       -       A->Y   R     INVX1          8  2.8    24    20     483    (-,-) 
  m_opact_uint/m_opact_core/g24797__2802/Y -       B->Y   F     NAND2XL        1  0.2    12    16     500    (-,-) 
  m_opact_uint/m_opact_core/g24714__1705/Y -       B->Y   R     NOR2XL         1  0.5    18    16     516    (-,-) 
  m_opact_uint/m_opact_core/g24673__8246/Y -       B->Y   F     NOR4X1         1  0.3    17    16     532    (-,-) 
  m_opact_uint/m_opact_core/g24621__5107/Y -       A->Y   R     NOR2XL         2  0.9    26    24     556    (-,-) 
  m_opact_uint/m_opact_core/g24594__1617/Y -       A->Y   F     NOR2XL         2  0.5    13    18     573    (-,-) 
  m_opact_uint/m_opact_core/g2__1705/Y     -       AN->Y  F     NAND3BXL       1  0.3    23    30     603    (-,-) 
  m_opact_uint/m_opact_core/g24562__2802/Y -       A1N->Y F     OAI2BB1X1      2  0.6    15    25     628    (-,-) 
  g2045/Y                                  -       A->Y   R     INVXL          1  0.3     7    10     639    (-,-) 
  g2595__6260/Y                            -       A->Y   F     XNOR2X4        1 50.0   106   107     746    (-,-) 
  R[8]                                     -       -      F     (port)         -    -     -     0     746    (-,-) 
#------------------------------------------------------------------------------------------------------------------



Path 9: MET (9 ps) Late External Delay Assertion at pin R[9]
          Group: vclk
     Startpoint: (R) A[7]
          Clock: (R) vclk
       Endpoint: (F) R[9]
          Clock: (R) vclk

                     Capture       Launch     
        Clock Edge:+    1000            0     
        Drv Adjust:+       0            0     
       Src Latency:+       0            0     
       Net Latency:+       0 (I)        0 (I) 
           Arrival:=    1000            0     
                                              
      Output Delay:-     200                  
       Uncertainty:-      50                  
     Required Time:=     750                  
      Launch Clock:-       0                  
       Input Delay:-     200                  
         Data Path:-     541                  
             Slack:=       9                  

Exceptions/Constraints:
  input_delay              200             opact_int8.sdc_line_14      
  output_delay             200             opact_int8.sdc_line_15_26_1 

#-----------------------------------------------------------------------------------------------------------------
#              Timing Point                Flags   Arc   Edge   Cell     Fanout Load Trans Delay Arrival Instance 
#                                                                               (fF)  (ps)  (ps)   (ps)  Location 
#-----------------------------------------------------------------------------------------------------------------
  A[7]                                     -       -     R     (arrival)      5  2.6     0     0     200    (-,-) 
  g2592/Y                                  -       A->Y  F     INVX1          4  1.7    12    10     210    (-,-) 
  g2575__6417/Y                            -       A->Y  R     NOR2X1         1  0.6    15    16     226    (-,-) 
  g2560__8246/Y                            -       B->Y  R     CLKXOR2X1      8  3.4    27    39     266    (-,-) 
  m_opact_uint/m_opact_core/g25223__5115/Y -       B->Y  F     NAND2X1        3  1.1    23    23     289    (-,-) 
  m_opact_uint/m_opact_core/g25106__4733/Y -       S0->Y F     MXI2XL         1  0.5    23    24     312    (-,-) 
  m_opact_uint/m_opact_core/g25046__8428/Y -       B->Y  R     XOR2XL         2  0.9    14    30     343    (-,-) 
  m_opact_uint/m_opact_core/g24990__1666/Y -       B->Y  F     NAND2XL        1  0.5    17    16     359    (-,-) 
  m_opact_uint/m_opact_core/g25301__7098/Y -       B->Y  R     XNOR2X1        2  1.0    11    38     397    (-,-) 
  m_opact_uint/m_opact_core/g24907__7410/Y -       B->Y  F     NOR2X1         2  0.4    10     9     406    (-,-) 
  m_opact_uint/m_opact_core/g24835__3680/Y -       B->Y  R     NOR2XL         1  0.5    18    15     421    (-,-) 
  m_opact_uint/m_opact_core/g24813__2883/Y -       C0->Y F     AOI211X1       1  0.5    23    12     434    (-,-) 
  m_opact_uint/m_opact_core/g24776__1666/Y -       B->Y  R     XNOR2X1        4  1.7    15    41     474    (-,-) 
  m_opact_uint/m_opact_core/g25293__5526/Y -       B->Y  F     NAND2BX1       2  0.8    18    17     492    (-,-) 
  m_opact_uint/m_opact_core/g24658__5107/Y -       B->Y  R     CLKXOR2X1      3  1.1    11    32     524    (-,-) 
  m_opact_uint/m_opact_core/g24651/Y       -       A->Y  F     INVXL          2  0.4     7    10     533    (-,-) 
  m_opact_uint/m_opact_core/g24632__3680/Y -       B->Y  R     NAND2XL        2  0.8    17    11     544    (-,-) 
  m_opact_uint/m_opact_core/g24625/Y       -       A->Y  F     INVX1          3  1.2    12    14     558    (-,-) 
  m_opact_uint/m_opact_core/g24600__6131/Y -       A1->Y R     AOI21X1        1  0.5    19    17     575    (-,-) 
  m_opact_uint/m_opact_core/g24581__6417/Y -       B->Y  F     NAND2X1        2  0.7    17    18     593    (-,-) 
  g2016__2802/Y                            -       B->Y  R     NOR2X1         2  0.8    18    17     610    (-,-) 
  g2013__6783/Y                            -       B->Y  F     NAND2BX1       2  0.7    17    18     627    (-,-) 
  g2011__5526/Y                            -       A->Y  R     NOR2X1         2  0.6    15    18     645    (-,-) 
  g2008__6260/Y                            -       B->Y  F     NOR2XL         1  0.5    13    12     657    (-,-) 
  g1997__2346/Y                            -       S0->Y F     MXI2X8         1 50.0    55    84     741    (-,-) 
  R[9]                                     -       -     F     (port)         -    -     -     0     741    (-,-) 
#-----------------------------------------------------------------------------------------------------------------



Path 10: MET (18 ps) Late External Delay Assertion at pin R[7]
          Group: vclk
     Startpoint: (R) A[7]
          Clock: (R) vclk
       Endpoint: (R) R[7]
          Clock: (R) vclk

                     Capture       Launch     
        Clock Edge:+    1000            0     
        Drv Adjust:+       0            0     
       Src Latency:+       0            0     
       Net Latency:+       0 (I)        0 (I) 
           Arrival:=    1000            0     
                                              
      Output Delay:-     200                  
       Uncertainty:-      50                  
     Required Time:=     750                  
      Launch Clock:-       0                  
       Input Delay:-     200                  
         Data Path:-     532                  
             Slack:=      18                  

Exceptions/Constraints:
  input_delay              200             opact_int8.sdc_line_14      
  output_delay             200             opact_int8.sdc_line_15_28_1 

#-----------------------------------------------------------------------------------------------------------------
#              Timing Point                Flags   Arc   Edge   Cell     Fanout Load Trans Delay Arrival Instance 
#                                                                               (fF)  (ps)  (ps)   (ps)  Location 
#-----------------------------------------------------------------------------------------------------------------
  A[7]                                     -       -     R     (arrival)      5  2.6     0     0     200    (-,-) 
  g2592/Y                                  -       A->Y  F     INVX1          4  1.7    12    10     210    (-,-) 
  g2575__6417/Y                            -       A->Y  R     NOR2X1         1  0.6    15    16     226    (-,-) 
  g2560__8246/Y                            -       B->Y  R     CLKXOR2X1      8  3.4    27    39     266    (-,-) 
  m_opact_uint/m_opact_core/g25223__5115/Y -       B->Y  F     NAND2X1        3  1.1    23    23     289    (-,-) 
  m_opact_uint/m_opact_core/g25106__4733/Y -       S0->Y F     MXI2XL         1  0.5    23    24     312    (-,-) 
  m_opact_uint/m_opact_core/g25046__8428/Y -       B->Y  R     XOR2XL         2  0.9    14    30     343    (-,-) 
  m_opact_uint/m_opact_core/g24990__1666/Y -       B->Y  F     NAND2XL        1  0.5    17    16     359    (-,-) 
  m_opact_uint/m_opact_core/g25301__7098/Y -       B->Y  R     XNOR2X1        2  1.0    11    38     397    (-,-) 
  m_opact_uint/m_opact_core/g25295__3680/Y -       B->Y  F     NAND2BX1       2  0.7    16    15     412    (-,-) 
  m_opact_uint/m_opact_core/g24813__2883/Y -       A1->Y R     AOI211X1       1  0.6    31    29     441    (-,-) 
  m_opact_uint/m_opact_core/g24776__1666/Y -       B->Y  F     XNOR2X1        4  1.4    14    37     478    (-,-) 
  m_opact_uint/m_opact_core/g25293__5526/Y -       B->Y  R     NAND2BX1       2  0.9    12    12     490    (-,-) 
  m_opact_uint/m_opact_core/g24658__5107/Y -       B->Y  F     CLKXOR2X1      3  0.8    10    38     528    (-,-) 
  m_opact_uint/m_opact_core/g24651/Y       -       A->Y  R     INVXL          2  0.6    10    10     538    (-,-) 
  m_opact_uint/m_opact_core/g24632__3680/Y -       B->Y  F     NAND2XL        2  0.6    20    16     554    (-,-) 
  m_opact_uint/m_opact_core/g24625/Y       -       A->Y  R     INVX1          3  1.3    13    14     569    (-,-) 
  m_opact_uint/m_opact_core/g24600__6131/Y -       A1->Y F     AOI21X1        1  0.4    17    18     587    (-,-) 
  m_opact_uint/m_opact_core/g24581__6417/Y -       B->Y  R     NAND2X1        2  0.8    12    13     600    (-,-) 
  g2016__2802/Y                            -       B->Y  F     NOR2X1         2  0.6    10    10     610    (-,-) 
  g2015__1617/Y                            -       B->Y  F     OR2X1          1  0.7     8    28     638    (-,-) 
  g2007__5107/Y                            -       B->Y  R     XNOR2X4        1 50.0    98    94     732    (-,-) 
  R[7]                                     -       -     R     (port)         -    -     -     0     732    (-,-) 
#-----------------------------------------------------------------------------------------------------------------



Path 11: MET (73 ps) Late External Delay Assertion at pin R[5]
          Group: vclk
     Startpoint: (R) A[7]
          Clock: (R) vclk
       Endpoint: (F) R[5]
          Clock: (R) vclk

                     Capture       Launch     
        Clock Edge:+    1000            0     
        Drv Adjust:+       0            0     
       Src Latency:+       0            0     
       Net Latency:+       0 (I)        0 (I) 
           Arrival:=    1000            0     
                                              
      Output Delay:-     200                  
       Uncertainty:-      50                  
     Required Time:=     750                  
      Launch Clock:-       0                  
       Input Delay:-     200                  
         Data Path:-     477                  
             Slack:=      73                  

Exceptions/Constraints:
  input_delay              200             opact_int8.sdc_line_14      
  output_delay             200             opact_int8.sdc_line_15_30_1 

#-----------------------------------------------------------------------------------------------------------------
#              Timing Point                Flags   Arc   Edge   Cell     Fanout Load Trans Delay Arrival Instance 
#                                                                               (fF)  (ps)  (ps)   (ps)  Location 
#-----------------------------------------------------------------------------------------------------------------
  A[7]                                     -       -     R     (arrival)      5  2.6     0     0     200    (-,-) 
  g2592/Y                                  -       A->Y  F     INVX1          4  1.7    12    10     210    (-,-) 
  g2575__6417/Y                            -       A->Y  R     NOR2X1         1  0.6    15    16     226    (-,-) 
  g2560__8246/Y                            -       B->Y  R     CLKXOR2X1      8  3.4    27    39     266    (-,-) 
  m_opact_uint/m_opact_core/g25223__5115/Y -       B->Y  F     NAND2X1        3  1.1    23    23     289    (-,-) 
  m_opact_uint/m_opact_core/g25106__4733/Y -       S0->Y F     MXI2XL         1  0.5    23    24     312    (-,-) 
  m_opact_uint/m_opact_core/g25046__8428/Y -       B->Y  R     XOR2XL         2  0.9    14    30     343    (-,-) 
  m_opact_uint/m_opact_core/g24990__1666/Y -       B->Y  F     NAND2XL        1  0.5    17    16     359    (-,-) 
  m_opact_uint/m_opact_core/g25301__7098/Y -       B->Y  R     XNOR2X1        2  1.0    11    38     397    (-,-) 
  m_opact_uint/m_opact_core/g25295__3680/Y -       B->Y  F     NAND2BX1       2  0.7    16    15     412    (-,-) 
  m_opact_uint/m_opact_core/g24813__2883/Y -       A1->Y R     AOI211X1       1  0.6    31    29     441    (-,-) 
  m_opact_uint/m_opact_core/g24776__1666/Y -       B->Y  F     XNOR2X1        4  1.4    14    37     478    (-,-) 
  m_opact_uint/m_opact_core/g24709__3680/Y -       B->Y  R     XNOR2X1        1  0.3     6    35     513    (-,-) 
  m_opact_uint/m_opact_core/g24654__7410/Y -       B->Y  R     MX2XL          2  0.9    14    32     544    (-,-) 
  g2014__3680/Y                            -       B->Y  F     XNOR2X2        1 50.0   181   132     677    (-,-) 
  R[5]                                     -       -     F     (port)         -    -     -     0     677    (-,-) 
#-----------------------------------------------------------------------------------------------------------------



Path 12: MET (119 ps) Late External Delay Assertion at pin R[4]
          Group: vclk
     Startpoint: (R) A[7]
          Clock: (R) vclk
       Endpoint: (F) R[4]
          Clock: (R) vclk

                     Capture       Launch     
        Clock Edge:+    1000            0     
        Drv Adjust:+       0            0     
       Src Latency:+       0            0     
       Net Latency:+       0 (I)        0 (I) 
           Arrival:=    1000            0     
                                              
      Output Delay:-     200                  
       Uncertainty:-      50                  
     Required Time:=     750                  
      Launch Clock:-       0                  
       Input Delay:-     200                  
         Data Path:-     431                  
             Slack:=     119                  

Exceptions/Constraints:
  input_delay              200             opact_int8.sdc_line_14      
  output_delay             200             opact_int8.sdc_line_15_31_1 

#-----------------------------------------------------------------------------------------------------------------
#              Timing Point                Flags   Arc   Edge   Cell     Fanout Load Trans Delay Arrival Instance 
#                                                                               (fF)  (ps)  (ps)   (ps)  Location 
#-----------------------------------------------------------------------------------------------------------------
  A[7]                                     -       -     R     (arrival)      5  2.6     0     0     200    (-,-) 
  g2592/Y                                  -       A->Y  F     INVX1          4  1.7    12    10     210    (-,-) 
  g2575__6417/Y                            -       A->Y  R     NOR2X1         1  0.6    15    16     226    (-,-) 
  g2560__8246/Y                            -       B->Y  F     CLKXOR2X1      8  2.9    23    46     272    (-,-) 
  m_opact_uint/m_opact_core/g25223__5115/Y -       B->Y  R     NAND2X1        3  1.2    17    16     288    (-,-) 
  m_opact_uint/m_opact_core/g25106__4733/Y -       S0->Y R     MXI2XL         1  0.6    27    24     312    (-,-) 
  m_opact_uint/m_opact_core/g25046__8428/Y -       B->Y  F     XOR2XL         2  0.7    11    36     348    (-,-) 
  m_opact_uint/m_opact_core/g24990__1666/Y -       B->Y  R     NAND2XL        1  0.6    12    11     360    (-,-) 
  m_opact_uint/m_opact_core/g25301__7098/Y -       B->Y  F     XNOR2X1        2  0.8    10    32     392    (-,-) 
  m_opact_uint/m_opact_core/g24907__7410/Y -       B->Y  R     NOR2X1         2  0.6    16    14     406    (-,-) 
  m_opact_uint/m_opact_core/g24900/Y       -       A->Y  F     INVXL          1  0.3     7    10     416    (-,-) 
  m_opact_uint/m_opact_core/g24828__5526/Y -       A->Y  R     MXI2XL         2  1.0    35    27     443    (-,-) 
  m_opact_uint/m_opact_core/g24789__4319/Y -       A1->Y F     AOI22X1        1  0.4    28    30     473    (-,-) 
  m_opact_uint/m_opact_core/g24772__9945/Y -       B0->Y R     OAI21X1        2  0.9    26    16     490    (-,-) 
  g2017__1705/Y                            -       B->Y  F     CLKXOR2X2      1 50.0   181   141     631    (-,-) 
  R[4]                                     -       -     F     (port)         -    -     -     0     631    (-,-) 
#-----------------------------------------------------------------------------------------------------------------



Path 13: MET (149 ps) Late External Delay Assertion at pin R[3]
          Group: vclk
     Startpoint: (F) B[0]
          Clock: (R) vclk
       Endpoint: (F) R[3]
          Clock: (R) vclk

                     Capture       Launch     
        Clock Edge:+    1000            0     
        Drv Adjust:+       0            0     
       Src Latency:+       0            0     
       Net Latency:+       0 (I)        0 (I) 
           Arrival:=    1000            0     
                                              
      Output Delay:-     200                  
       Uncertainty:-      50                  
     Required Time:=     750                  
      Launch Clock:-       0                  
       Input Delay:-     200                  
         Data Path:-     401                  
             Slack:=     149                  

Exceptions/Constraints:
  input_delay              200             opact_int8.sdc_line_14_15_1 
  output_delay             200             opact_int8.sdc_line_15_32_1 

#-----------------------------------------------------------------------------------------------------------------
#              Timing Point                Flags   Arc   Edge   Cell     Fanout Load Trans Delay Arrival Instance 
#                                                                               (fF)  (ps)  (ps)   (ps)  Location 
#-----------------------------------------------------------------------------------------------------------------
  B[0]                                     -       -     F     (arrival)     11  7.2     0     0     200    (-,-) 
  g2580__6260/Y                            -       A0->Y R     OAI21X2        1  0.6    14    15     215    (-,-) 
  g2561__7098/Y                            -       B->Y  F     CLKXOR2X1      8  3.3    26    47     262    (-,-) 
  m_opact_uint/m_opact_core/fopt25355/Y    -       A->Y  R     INVXL          2  0.6    12    16     278    (-,-) 
  m_opact_uint/m_opact_core/fopt25354/Y    -       A->Y  F     INVXL          1  0.2     5     9     286    (-,-) 
  m_opact_uint/m_opact_core/g25216__1705/Y -       B->Y  R     NAND2XL        2  0.6    11    10     296    (-,-) 
  m_opact_uint/m_opact_core/g25114__7410/Y -       A->Y  F     XNOR2X1        2  0.8    10    45     341    (-,-) 
  m_opact_uint/m_opact_core/g24997__6417/Y -       A1->Y R     OAI21XL        1  0.3    19    17     358    (-,-) 
  m_opact_uint/m_opact_core/g25327/Y       -       A->Y  R     CLKBUFX2       2  0.8     6    22     380    (-,-) 
  m_opact_uint/m_opact_core/g24923/Y       -       A->Y  F     INVXL          1  0.5     7     8     388    (-,-) 
  m_opact_uint/m_opact_core/g24875__8428/Y -       B->Y  R     XNOR2X1        1  0.3     6    34     422    (-,-) 
  m_opact_uint/m_opact_core/g24826__4319/Y -       A->Y  R     MX2XL          2  0.8    12    32     454    (-,-) 
  g2022__1881/Y                            -       A->Y  F     XNOR2X2        1 50.0   181   147     601    (-,-) 
  R[3]                                     -       -     F     (port)         -    -     -     0     601    (-,-) 
#-----------------------------------------------------------------------------------------------------------------



Path 14: MET (187 ps) Late External Delay Assertion at pin R[2]
          Group: vclk
     Startpoint: (R) B[0]
          Clock: (R) vclk
       Endpoint: (F) R[2]
          Clock: (R) vclk

                     Capture       Launch     
        Clock Edge:+    1000            0     
        Drv Adjust:+       0            0     
       Src Latency:+       0            0     
       Net Latency:+       0 (I)        0 (I) 
           Arrival:=    1000            0     
                                              
      Output Delay:-     200                  
       Uncertainty:-      50                  
     Required Time:=     750                  
      Launch Clock:-       0                  
       Input Delay:-     200                  
         Data Path:-     363                  
             Slack:=     187                  

Exceptions/Constraints:
  input_delay              200             opact_int8.sdc_line_14_15_1 
  output_delay             200             opact_int8.sdc_line_15_33_1 

#-----------------------------------------------------------------------------------------------------------------
#              Timing Point                Flags   Arc   Edge   Cell     Fanout Load Trans Delay Arrival Instance 
#                                                                               (fF)  (ps)  (ps)   (ps)  Location 
#-----------------------------------------------------------------------------------------------------------------
  B[0]                                     -       -     R     (arrival)     11  8.3     0     0     200    (-,-) 
  m_opact_uint/m_opact_core/g25149__7482/Y -       A->Y  R     AND2X2         3 50.8   178   127     327    (-,-) 
  g2035__5477/Y                            -       A->Y  F     NOR2X1         2  0.6    41    65     392    (-,-) 
  g2028__9945/Y                            -       B->Y  R     NOR2XL         1  0.3    17    24     415    (-,-) 
  g2023__5115/Y                            -       A->Y  F     CLKXOR2X2      1 50.0   181   148     563    (-,-) 
  R[2]                                     -       -     F     (port)         -    -     -     0     563    (-,-) 
#-----------------------------------------------------------------------------------------------------------------



Path 15: MET (214 ps) Late External Delay Assertion at pin R[1]
          Group: vclk
     Startpoint: (F) B[0]
          Clock: (R) vclk
       Endpoint: (F) R[1]
          Clock: (R) vclk

                     Capture       Launch     
        Clock Edge:+    1000            0     
        Drv Adjust:+       0            0     
       Src Latency:+       0            0     
       Net Latency:+       0 (I)        0 (I) 
           Arrival:=    1000            0     
                                              
      Output Delay:-     200                  
       Uncertainty:-      50                  
     Required Time:=     750                  
      Launch Clock:-       0                  
       Input Delay:-     200                  
         Data Path:-     336                  
             Slack:=     214                  

Exceptions/Constraints:
  input_delay              200             opact_int8.sdc_line_14_15_1 
  output_delay             200             opact_int8.sdc_line_15_34_1 

#-----------------------------------------------------------------------------------------------------------------
#              Timing Point                Flags   Arc   Edge   Cell     Fanout Load Trans Delay Arrival Instance 
#                                                                               (fF)  (ps)  (ps)   (ps)  Location 
#-----------------------------------------------------------------------------------------------------------------
  B[0]                                     -       -     F     (arrival)     11  7.2     0     0     200    (-,-) 
  m_opact_uint/m_opact_core/g25149__7482/Y -       A->Y  F     AND2X2         3 50.8   180   118     318    (-,-) 
  g2026__6161/Y                            -       A->Y  R     NAND2XL        1  0.3    35    67     386    (-,-) 
  g2021__6131/Y                            -       A->Y  F     XNOR2X2        1 50.0   181   150     536    (-,-) 
  R[1]                                     -       -     F     (port)         -    -     -     0     536    (-,-) 
#-----------------------------------------------------------------------------------------------------------------



Path 16: MET (423 ps) Late External Delay Assertion at pin R[0]
          Group: vclk
     Startpoint: (R) B[0]
          Clock: (R) vclk
       Endpoint: (R) R[0]
          Clock: (R) vclk

                     Capture       Launch     
        Clock Edge:+    1000            0     
        Drv Adjust:+       0            0     
       Src Latency:+       0            0     
       Net Latency:+       0 (I)        0 (I) 
           Arrival:=    1000            0     
                                              
      Output Delay:-     200                  
       Uncertainty:-      50                  
     Required Time:=     750                  
      Launch Clock:-       0                  
       Input Delay:-     200                  
         Data Path:-     127                  
             Slack:=     423                  

Exceptions/Constraints:
  input_delay              200             opact_int8.sdc_line_14_15_1 
  output_delay             200             opact_int8.sdc_line_15_35_1 

#-----------------------------------------------------------------------------------------------------------------
#              Timing Point                Flags   Arc   Edge   Cell     Fanout Load Trans Delay Arrival Instance 
#                                                                               (fF)  (ps)  (ps)   (ps)  Location 
#-----------------------------------------------------------------------------------------------------------------
  B[0]                                     -       -     R     (arrival)     11  8.3     0     0     200    (-,-) 
  m_opact_uint/m_opact_core/g25149__7482/Y -       A->Y  R     AND2X2         3 50.8   178   127     327    (-,-) 
  R[0]                                     -       -     R     (port)         -    -     -     0     327    (-,-) 
#-----------------------------------------------------------------------------------------------------------------

