============================================================
  Generated by:           Genus(TM) Synthesis Solution 21.10-p002_1
  Generated on:           Jun 19 2026  11:31:46 am
  Module:                 opact_int8
  Technology library:     fast_vdd1v0 1.0
  Operating conditions:   PVT_1P1V_0C (balanced_tree)
  Wireload mode:          enclosed
  Area mode:              timing library
============================================================

Timing
--------

Clock Period 
-------------
vclk  1000.0 


  Cost    Critical            Violating 
 Group   Path Slack    TNS      Paths   
----------------------------------------
default    No paths      0.0            
vclk          -47.1   -207.6          6 
----------------------------------------
Total                 -207.6          6 

Instance Count
--------------
Leaf Instance Count             809 
Physical Instance count           0 
Sequential Instance Count         0 
Combinational Instance Count    809 
Hierarchical Instance Count       2 

Area
----
Cell Area                          1240.844
Physical Cell Area                 0.000
Total Cell Area (Cell+Physical)    1240.844
Net Area                           0.000
Total Area (Cell+Physical+Net)     1240.844

Runtime                            0.0 seconds
Elapsed Runtime                    28 seconds
Genus peak memory usage            1635.41 
Innovus peak memory usage          no_value 
Hostname                           redhat315b
