============================================================
  Generated by:           Genus(TM) Synthesis Solution 21.10-p002_1
  Generated on:           Jun 19 2026  11:31:46 am
  Module:                 opact_int8
  Technology library:     fast_vdd1v0 1.0
  Operating conditions:   PVT_1P1V_0C (balanced_tree)
  Wireload mode:          enclosed
  Area mode:              timing library
============================================================

                                 Leakage  
   Gate    Instances    Area   Power (nW)     Library    
---------------------------------------------------------
ADDFX1             1     5.130      0.314    fast_vdd1v0 
ADDFXL             1     6.840      0.287    fast_vdd1v0 
ADDHXL             1     4.788      0.240    fast_vdd1v0 
AND2X1             4     5.472      0.353    fast_vdd1v0 
AND2X2             1     1.710      0.125    fast_vdd1v0 
AND2XL            14    19.152      1.044    fast_vdd1v0 
AND3XL             2     4.104      0.163    fast_vdd1v0 
AO21XL             2     4.788      0.197    fast_vdd1v0 
AOI211X1           1     2.394      0.077    fast_vdd1v0 
AOI21X1           15    25.650      1.622    fast_vdd1v0 
AOI21XL           14    23.940      0.935    fast_vdd1v0 
AOI22X1            2     4.104      0.261    fast_vdd1v0 
AOI22XL            1     2.052      0.083    fast_vdd1v0 
AOI2BB1X1          6    12.312      0.770    fast_vdd1v0 
AOI2BB1XL          1     2.052      0.119    fast_vdd1v0 
AOI2BB2X1          2     6.840      0.400    fast_vdd1v0 
AOI31X1            2     4.104      0.272    fast_vdd1v0 
AOI32X1            1     2.394      0.172    fast_vdd1v0 
BUFX2              1     1.710      0.118    fast_vdd1v0 
BUFX3              3     6.156      0.516    fast_vdd1v0 
CLKAND2X2          2     4.104      0.255    fast_vdd1v0 
CLKAND2X3          1     3.078      0.202    fast_vdd1v0 
CLKBUFX2          13    22.230      1.529    fast_vdd1v0 
CLKINVX1           5     5.130      0.236    fast_vdd1v0 
CLKINVX12          2     8.208      0.993    fast_vdd1v0 
CLKINVX8           3     9.234      0.993    fast_vdd1v0 
CLKXOR2X1         15    41.040      2.713    fast_vdd1v0 
CLKXOR2X2          3    10.260      0.659    fast_vdd1v0 
INVX1             32    21.888      1.429    fast_vdd1v0 
INVX2              3     3.078      0.250    fast_vdd1v0 
INVX3              1     1.368      0.119    fast_vdd1v0 
INVXL             99    67.716      3.409    fast_vdd1v0 
MX2XL              4     9.576      0.558    fast_vdd1v0 
MXI2X8             2    12.312      1.049    fast_vdd1v0 
MXI2XL            27    64.638      2.906    fast_vdd1v0 
NAND2BX1          14    19.152      1.462    fast_vdd1v0 
NAND2BX2           1     2.394      0.178    fast_vdd1v0 
NAND2BX4           1     3.762      0.332    fast_vdd1v0 
NAND2BXL          14    19.152      1.172    fast_vdd1v0 
NAND2X1           80    82.080      5.610    fast_vdd1v0 
NAND2X2            4     6.840      0.531    fast_vdd1v0 
NAND2X4            1     3.146      0.244    fast_vdd1v0 
NAND2XL           76    77.976      3.470    fast_vdd1v0 
NAND3BXL           4     6.840      0.395    fast_vdd1v0 
NAND3X1            1     1.710      0.094    fast_vdd1v0 
NAND3XL            3     5.130      0.172    fast_vdd1v0 
NAND4BX1           2     4.788      0.294    fast_vdd1v0 
NAND4BXL           1     2.394      0.130    fast_vdd1v0 
NAND4XL            7    11.970      0.516    fast_vdd1v0 
NOR2BX1           18    24.624      1.829    fast_vdd1v0 
NOR2BXL            3     5.130      0.240    fast_vdd1v0 
NOR2X1            44    45.144      2.898    fast_vdd1v0 
NOR2X2             5     8.550      0.595    fast_vdd1v0 
NOR2XL            72    73.872      3.291    fast_vdd1v0 
NOR3BX1            2     4.104      0.229    fast_vdd1v0 
NOR3BXL            1     2.052      0.083    fast_vdd1v0 
NOR3X1             2     3.420      0.143    fast_vdd1v0 
NOR3X2             1     2.736      0.154    fast_vdd1v0 
NOR3X6             2    14.364      0.912    fast_vdd1v0 
NOR3XL             4     6.840      0.235    fast_vdd1v0 
NOR4X1             4     6.840      0.618    fast_vdd1v0 
OAI211X1           4     6.840      0.467    fast_vdd1v0 
OAI21X1           18    30.780      1.719    fast_vdd1v0 
OAI21X2            1     3.078      0.190    fast_vdd1v0 
OAI21XL           18    30.780      1.167    fast_vdd1v0 
OAI222X1           1     2.736      0.182    fast_vdd1v0 
OAI22X1            7    14.364      0.841    fast_vdd1v0 
OAI22XL            2     4.104      0.134    fast_vdd1v0 
OAI2BB1X1         12    20.520      1.424    fast_vdd1v0 
OAI31X1            6    12.312      0.756    fast_vdd1v0 
OR2X1              3     4.104      0.302    fast_vdd1v0 
OR2XL             11    15.048      0.899    fast_vdd1v0 
XNOR2X1           38    90.972      6.593    fast_vdd1v0 
XNOR2X2            6    18.468      1.299    fast_vdd1v0 
XNOR2X4            2     7.524      0.649    fast_vdd1v0 
XNOR2XL            4    10.944      0.691    fast_vdd1v0 
XNOR3X1            1     7.524      0.376    fast_vdd1v0 
XNOR3XL            5    37.620      1.809    fast_vdd1v0 
XOR2XL            15    41.040      2.523    fast_vdd1v0 
XOR3XL             1     7.524      0.361    fast_vdd1v0 
---------------------------------------------------------
total            809  1240.844     73.577                


                                           Leakage  Leakage 
     Type      Instances   Area   Area % Power (nW) Power % 
------------------------------------------------------------
inverter             145  116.622    9.4      7.429    10.1 
buffer                17   30.096    2.4      2.163     2.9 
logic                647 1094.126   88.2     63.984    87.0 
physical_cells         0    0.000    0.0      0.000     0.0 
------------------------------------------------------------
total                809 1240.844  100.0     73.577   100.0 

