Command: report datapath -all -print_inferred > ./genus/reports/unsigned_int_mul_p_0_L2/cadence_45nm/post_elaboration/syn_generic_datapath_report.rpt
============================================================
  Generated by:           Genus(TM) Synthesis Solution 21.10-p002_1
  Generated on:           Apr 11 2026  04:23:31 pm
  Module:                 unsigned_int_mul_p_0_L2
  Technology libraries:   fast_vdd1v0 1.0
                          physical_cells 
  Operating conditions:   PVT_1P1V_0C 
  Interconnect mode:      global
  Area mode:              physical library
============================================================


Inferred components

                     Operator  Signedness   Inputs   Outputs CellArea Line Col       Filename       
====================================================================================================
unsigned_int_mul_p_0_L2
 add_23_33
  
  module:add_unsigned_82
   very_fast             +     unsigned   3x3        4          41.40   23  33 unsigned_int_mul_p_0 
                                                                               _L2.v                
====================================================================================================
unsigned_int_mul_p_0_L2
 lod_a
  mux_reg_position_61_29
   
   module:mux
    very_fast           mux    n/a        8x3x3x3x3x 3          64.10   61  29 unsigned_int_mul_p_0 
                                          3x3x3x3                              _L2.v                
====================================================================================================
unsigned_int_mul_p_0_L2
 lod_b
  mux_reg_position_61_29
   
   module:mux
    very_fast           mux    n/a        8x3x3x3x3x 3          64.10   61  29 unsigned_int_mul_p_0 
                                          3x3x3x3                              _L2.v                
====================================================================================================
unsigned_int_mul_p_0_L2
 m_approx_t
  add_138_54
   
   module:add_unsigned_24
    very_fast            +     unsigned   16x1       16        166.92  138  54 unsigned_int_mul_p_0 
                                                                               _L2.v                
====================================================================================================
unsigned_int_mul_p_0_L2
 m_approx_t
  add_138_63
   
   module:add_unsigned_24
    very_fast            +     unsigned   16x1       16        166.92  138  63 unsigned_int_mul_p_0 
                                                                               _L2.v                
====================================================================================================
unsigned_int_mul_p_0_L2
 m_approx_t
  add_156_58
   
   module:add_unsigned_24
    very_fast            +     unsigned   16x1       16        166.92  156  58 unsigned_int_mul_p_0 
                                                                               _L2.v                
====================================================================================================
unsigned_int_mul_p_0_L2
 m_approx_t
  add_157_60
   
   module:add_unsigned_24
    very_fast            +     unsigned   16x1       16        166.92  157  60 unsigned_int_mul_p_0 
                                                                               _L2.v                
====================================================================================================
unsigned_int_mul_p_0_L2
 m_approx_t
  add_176_52
   
   module:add_unsigned_24
    very_fast            +     unsigned   16x1       16        166.92  176  52 unsigned_int_mul_p_0 
                                                                               _L2.v                
====================================================================================================
unsigned_int_mul_p_0_L2
 m_approx_t
  add_176_61
   
   module:add_unsigned_24
    very_fast            +     unsigned   16x1       16        166.92  176  61 unsigned_int_mul_p_0 
                                                                               _L2.v                
====================================================================================================
unsigned_int_mul_p_0_L2
 m_approx_t
  add_187_24
   
   module:add_unsigned
    very_fast            +     unsigned   16x16      16        401.94  187  24 unsigned_int_mul_p_0 
                                                                               _L2.v                
====================================================================================================
unsigned_int_mul_p_0_L2
 m_approx_t
  add_187_34
   
   module:add_unsigned
    very_fast            +     unsigned   16x16      16        401.94  187  34 unsigned_int_mul_p_0 
                                                                               _L2.v                
====================================================================================================
unsigned_int_mul_p_0_L2
 m_approx_t
  add_89_44
   
   module:add_unsigned_6
    very_fast            +     unsigned   8x8        9         178.94   89  44 unsigned_int_mul_p_0 
                                                                               _L2.v                
====================================================================================================
unsigned_int_mul_p_0_L2
 m_approx_t
  add_90_21
   
   module:add_unsigned_8
    very_fast            +     unsigned   9x8        10        186.95   90  21 unsigned_int_mul_p_0 
                                                                               _L2.v                
====================================================================================================
unsigned_int_mul_p_0_L2
 m_approx_t
  bms0
   add_217_31
    
    module:add_unsigned
     very_fast           +     unsigned   16x16      16        401.94  217  31 unsigned_int_mul_p_0 
                                                                               _L2.v                
====================================================================================================
unsigned_int_mul_p_0_L2
 m_approx_t
  bms0
   mux_reg_r_209_19
    
    module:bmux
     very_fast      binary_mux n/a        2x16x16x16 16        170.93  209  19 unsigned_int_mul_p_0 
                                          x16                                  _L2.v                
====================================================================================================
unsigned_int_mul_p_0_L2
 m_approx_t
  bms1
   add_217_31
    
    module:add_unsigned
     very_fast           +     unsigned   16x16      16        401.94  217  31 unsigned_int_mul_p_0 
                                                                               _L2.v                
====================================================================================================
unsigned_int_mul_p_0_L2
 m_approx_t
  bms1
   mux_reg_r_209_19
    
    module:bmux
     very_fast      binary_mux n/a        2x16x16x16 16        170.93  209  19 unsigned_int_mul_p_0 
                                          x16                                  _L2.v                
====================================================================================================
unsigned_int_mul_p_0_L2
 m_approx_t
  bms2
   add_217_31
    
    module:add_unsigned
     very_fast           +     unsigned   16x16      16        401.94  217  31 unsigned_int_mul_p_0 
                                                                               _L2.v                
====================================================================================================
unsigned_int_mul_p_0_L2
 m_approx_t
  bms2
   mux_reg_r_209_19
    
    module:bmux
     very_fast      binary_mux n/a        2x16x16x16 16        170.93  209  19 unsigned_int_mul_p_0 
                                          x16                                  _L2.v                
====================================================================================================
unsigned_int_mul_p_0_L2
 m_approx_t
  mux_100_23
   
   module:bmux_52
    very_fast       binary_mux n/a        1x16x16    16         85.46  100  23 unsigned_int_mul_p_0 
                                                                               _L2.v                
====================================================================================================
unsigned_int_mul_p_0_L2
 m_approx_t
  mux_111_39
   
   module:bmux_55
    very_fast       binary_mux n/a        1x13x13    13         69.44  111  39 unsigned_int_mul_p_0 
                                                                               _L2.v                
====================================================================================================
unsigned_int_mul_p_0_L2
 m_approx_t
  mux_112_39
   
   module:bmux_53
    very_fast       binary_mux n/a        1x2x2      2          10.68  112  39 unsigned_int_mul_p_0 
                                                                               _L2.v                
====================================================================================================
unsigned_int_mul_p_0_L2
 m_approx_t
  mux_113_39
   
   module:bmux_53
    very_fast       binary_mux n/a        1x2x2      2          10.68  113  39 unsigned_int_mul_p_0 
                                                                               _L2.v                
====================================================================================================
unsigned_int_mul_p_0_L2
 m_approx_t
  mux_115_41
   
   module:bmux_55
    very_fast       binary_mux n/a        1x13x13    13         69.44  115  41 unsigned_int_mul_p_0 
                                                                               _L2.v                
====================================================================================================
unsigned_int_mul_p_0_L2
 m_approx_t
  mux_120_23
   
   module:bmux_52
    very_fast       binary_mux n/a        1x16x16    16         85.46  120  23 unsigned_int_mul_p_0 
                                                                               _L2.v                
====================================================================================================
unsigned_int_mul_p_0_L2
 m_approx_t
  mux_120_35
   
   module:bmux_52
    very_fast       binary_mux n/a        1x16x16    16         85.46  120  35 unsigned_int_mul_p_0 
                                                                               _L2.v                
====================================================================================================
unsigned_int_mul_p_0_L2
 m_approx_t
  mux_121_37
   
   module:bmux_52
    very_fast       binary_mux n/a        1x16x16    16         85.46  121  37 unsigned_int_mul_p_0 
                                                                               _L2.v                
====================================================================================================
unsigned_int_mul_p_0_L2
 m_approx_t
  mux_130_39
   
   module:bmux_62
    very_fast       binary_mux n/a        1x14x14    14         74.78  130  39 unsigned_int_mul_p_0 
                                                                               _L2.v                
====================================================================================================
unsigned_int_mul_p_0_L2
 m_approx_t
  mux_131_39
   
   module:bmux_53
    very_fast       binary_mux n/a        1x2x2      2          10.68  131  39 unsigned_int_mul_p_0 
                                                                               _L2.v                
====================================================================================================
unsigned_int_mul_p_0_L2
 m_approx_t
  mux_132_39
   
   module:bmux_53
    very_fast       binary_mux n/a        1x2x2      2          10.68  132  39 unsigned_int_mul_p_0 
                                                                               _L2.v                
====================================================================================================
unsigned_int_mul_p_0_L2
 m_approx_t
  mux_134_42
   
   module:bmux_62
    very_fast       binary_mux n/a        1x14x14    14         74.78  134  42 unsigned_int_mul_p_0 
                                                                               _L2.v                
====================================================================================================
unsigned_int_mul_p_0_L2
 m_approx_t
  mux_137_23
   
   module:bmux_52
    very_fast       binary_mux n/a        1x16x16    16         85.46  137  23 unsigned_int_mul_p_0 
                                                                               _L2.v                
====================================================================================================
unsigned_int_mul_p_0_L2
 m_approx_t
  mux_137_35
   
   module:bmux_62
    very_fast       binary_mux n/a        1x14x14    14         74.78  137  35 unsigned_int_mul_p_0 
                                                                               _L2.v                
====================================================================================================
unsigned_int_mul_p_0_L2
 m_approx_t
  mux_138_37
   
   module:bmux_52
    very_fast       binary_mux n/a        1x16x16    16         85.46  138  37 unsigned_int_mul_p_0 
                                                                               _L2.v                
====================================================================================================
unsigned_int_mul_p_0_L2
 m_approx_t
  mux_149_39
   
   module:bmux_69
    very_fast       binary_mux n/a        1x15x15    15         80.12  149  39 unsigned_int_mul_p_0 
                                                                               _L2.v                
====================================================================================================
unsigned_int_mul_p_0_L2
 m_approx_t
  mux_150_39
   
   module:bmux_53
    very_fast       binary_mux n/a        1x2x2      2          10.68  150  39 unsigned_int_mul_p_0 
                                                                               _L2.v                
====================================================================================================
unsigned_int_mul_p_0_L2
 m_approx_t
  mux_151_39
   
   module:bmux_53
    very_fast       binary_mux n/a        1x2x2      2          10.68  151  39 unsigned_int_mul_p_0 
                                                                               _L2.v                
====================================================================================================
unsigned_int_mul_p_0_L2
 m_approx_t
  mux_153_42
   
   module:bmux_69
    very_fast       binary_mux n/a        1x15x15    15         80.12  153  42 unsigned_int_mul_p_0 
                                                                               _L2.v                
====================================================================================================
unsigned_int_mul_p_0_L2
 m_approx_t
  mux_156_23
   
   module:bmux_52
    very_fast       binary_mux n/a        1x16x16    16         85.46  156  23 unsigned_int_mul_p_0 
                                                                               _L2.v                
====================================================================================================
unsigned_int_mul_p_0_L2
 m_approx_t
  mux_156_35
   
   module:bmux_52
    very_fast       binary_mux n/a        1x16x16    16         85.46  156  35 unsigned_int_mul_p_0 
                                                                               _L2.v                
====================================================================================================
unsigned_int_mul_p_0_L2
 m_approx_t
  mux_157_37
   
   module:bmux_52
    very_fast       binary_mux n/a        1x16x16    16         85.46  157  37 unsigned_int_mul_p_0 
                                                                               _L2.v                
====================================================================================================
unsigned_int_mul_p_0_L2
 m_approx_t
  mux_168_39
   
   module:bmux_52
    very_fast       binary_mux n/a        1x16x16    16         85.46  168  39 unsigned_int_mul_p_0 
                                                                               _L2.v                
====================================================================================================
unsigned_int_mul_p_0_L2
 m_approx_t
  mux_169_39
   
   module:bmux_53
    very_fast       binary_mux n/a        1x2x2      2          10.68  169  39 unsigned_int_mul_p_0 
                                                                               _L2.v                
====================================================================================================
unsigned_int_mul_p_0_L2
 m_approx_t
  mux_170_39
   
   module:bmux_53
    very_fast       binary_mux n/a        1x2x2      2          10.68  170  39 unsigned_int_mul_p_0 
                                                                               _L2.v                
====================================================================================================
unsigned_int_mul_p_0_L2
 m_approx_t
  mux_172_42
   
   module:bmux_52
    very_fast       binary_mux n/a        1x16x16    16         85.46  172  42 unsigned_int_mul_p_0 
                                                                               _L2.v                
====================================================================================================
unsigned_int_mul_p_0_L2
 m_approx_t
  mux_175_23
   
   module:bmux_52
    very_fast       binary_mux n/a        1x16x16    16         85.46  175  23 unsigned_int_mul_p_0 
                                                                               _L2.v                
====================================================================================================
unsigned_int_mul_p_0_L2
 m_approx_t
  mux_175_35
   
   module:bmux_52
    very_fast       binary_mux n/a        1x16x16    16         85.46  175  35 unsigned_int_mul_p_0 
                                                                               _L2.v                
====================================================================================================
unsigned_int_mul_p_0_L2
 m_approx_t
  mux_176_35
   
   module:bmux_52
    very_fast       binary_mux n/a        1x16x16    16         85.46  176  35 unsigned_int_mul_p_0 
                                                                               _L2.v                
====================================================================================================
unsigned_int_mul_p_0_L2
 m_approx_t
  mux_98_19
   
   module:bmux_51
    very_fast       binary_mux n/a        1x12x12    12         64.10   98  19 unsigned_int_mul_p_0 
                                                                               _L2.v                
====================================================================================================
unsigned_int_mul_p_0_L2
 m_approx_t
  sub_91_21
   
   module:sub_unsigned
    very_fast            -     unsigned   10x9       16        220.34   91  21 unsigned_int_mul_p_0 
                                                                               _L2.v                
====================================================================================================
unsigned_int_mul_p_0_L2
 mux_35_21
  
  module:bmux_52
   very_fast        binary_mux n/a        1x16x16    16         85.46   35  21 unsigned_int_mul_p_0 
                                                                               _L2.v                
====================================================================================================
unsigned_int_mul_p_0_L2
 mux_36_29
  
  module:bmux_52
   very_fast        binary_mux n/a        1x16x16    16         85.46   36  29 unsigned_int_mul_p_0 
                                                                               _L2.v                
====================================================================================================
unsigned_int_mul_p_0_L2
 sll_27_20
  
  module:shift_left_vlog_unsigned_204
   very_fast/barrel     <<     x          7x3        7          97.48   27  20 unsigned_int_mul_p_0 
                                                                               _L2.v                
====================================================================================================
unsigned_int_mul_p_0_L2
 sll_28_20
  
  module:shift_left_vlog_unsigned_204
   very_fast/barrel     <<     x          7x3        7          97.48   28  20 unsigned_int_mul_p_0 
                                                                               _L2.v                
====================================================================================================
unsigned_int_mul_p_0_L2
 sll_36_65
  
  module:shift_left_vlog_unsigned
   very_fast/barrel     <<     x          16x3       16        241.70   36  65 unsigned_int_mul_p_0 
                                                                               _L2.v                
====================================================================================================
unsigned_int_mul_p_0_L2
 srl_37_64
  
  module:shift_right_vlog_unsigned_83
   very_fast/barrel     >>     x          17x3       16        271.08   37  64 unsigned_int_mul_p_0 
                                                                               _L2.v                
====================================================================================================

      Type       CellArea Percentage 
-------------------------------------
datapath modules  4346.61      58.00 
external muxes    2681.41      35.78 
others             466.04       6.22 
-------------------------------------
total             7494.06     100.00 

