============================================================
  Generated by:           Genus(TM) Synthesis Solution 21.10-p002_1
  Generated on:           Jun 19 2026  11:32:44 am
  Module:                 opact_UINT8
  Operating conditions:   PVT_1P1V_0C (balanced_tree)
  Wireload mode:          enclosed
  Area mode:              timing library
============================================================


Path 1: MET (0 ps) Late External Delay Assertion at pin R[9]
          Group: vclk
     Startpoint: (R) B[2]
          Clock: (R) vclk
       Endpoint: (F) R[9]
          Clock: (R) vclk

                     Capture       Launch     
        Clock Edge:+    1000            0     
        Drv Adjust:+       0            0     
       Src Latency:+       0            0     
       Net Latency:+       0 (I)        0 (I) 
           Arrival:=    1000            0     
                                              
      Output Delay:-     200                  
       Uncertainty:-      50                  
     Required Time:=     750                  
      Launch Clock:-       0                  
       Input Delay:-     200                  
         Data Path:-     550                  
             Slack:=       0                  

Exceptions/Constraints:
  input_delay              200             opact_UINT8.sdc_line_14_13_1 
  output_delay             200             opact_UINT8.sdc_line_15_26_1 

#----------------------------------------------------------------------------------------------------
#        Timing Point         Flags   Arc   Edge   Cell     Fanout Load Trans Delay Arrival Instance 
#                                                                  (fF)  (ps)  (ps)   (ps)  Location 
#----------------------------------------------------------------------------------------------------
  B[2]                        -       -     R     (arrival)      8  4.0     0     0     200    (-,-) 
  m_opact_core/g16441__1617/Y -       A->Y  F     NAND2X1        3  0.9    17    15     215    (-,-) 
  m_opact_core/g16397__5477/Y -       A->Y  R     XNOR2X1        3  1.2    12    45     260    (-,-) 
  m_opact_core/g16351__1881/Y -       B->Y  F     NOR2XL         2  0.6    12    11     271    (-,-) 
  m_opact_core/g16573/Y       -       B0->Y R     AOI2BB1XL      1  0.3    14    16     287    (-,-) 
  m_opact_core/g16296__1666/Y -       A->Y  F     XNOR2X1        1  0.5     8    44     332    (-,-) 
  m_opact_core/g16277__1705/Y -       S0->Y F     MXI2XL         1  0.5    22    22     354    (-,-) 
  m_opact_core/g16219__2346/Y -       B->Y  R     XNOR2X1        1  0.6     8    37     390    (-,-) 
  m_opact_core/g16186__7410/Y -       B->Y  F     XNOR2X1        1  0.5     8    31     421    (-,-) 
  m_opact_core/g16154__5477/Y -       B->Y  R     XNOR2X1       11  4.3    33    49     470    (-,-) 
  m_opact_core/g16147/Y       -       A->Y  F     INVX1          4  1.3    16    19     488    (-,-) 
  m_opact_core/g16119__2883/Y -       A->Y  R     NAND2XL        1  0.5    12    14     502    (-,-) 
  m_opact_core/g16107__1705/Y -       C0->Y F     OAI211X1       2  0.5    29    26     528    (-,-) 
  m_opact_core/g16097__5107/Y -       B->Y  R     NOR2XL         2  0.9    28    27     555    (-,-) 
  m_opact_core/g16061__2883/Y -       B->Y  F     XNOR2X1        1  0.3     6    32     587    (-,-) 
  m_opact_core/g16040__6260/Y -       B->Y  F     MX3X2          1 50.0   186   162     750    (-,-) 
  R[9]                        -       -     F     (port)         -    -     -     0     750    (-,-) 
#----------------------------------------------------------------------------------------------------



Path 2: MET (1 ps) Late External Delay Assertion at pin R[14]
          Group: vclk
     Startpoint: (R) Conf_Bit_Mask[0]
          Clock: (R) vclk
       Endpoint: (F) R[14]
          Clock: (R) vclk

                     Capture       Launch     
        Clock Edge:+    1000            0     
        Drv Adjust:+       0            0     
       Src Latency:+       0            0     
       Net Latency:+       0 (I)        0 (I) 
           Arrival:=    1000            0     
                                              
      Output Delay:-     200                  
       Uncertainty:-      50                  
     Required Time:=     750                  
      Launch Clock:-       0                  
       Input Delay:-     200                  
         Data Path:-     549                  
             Slack:=       1                  

Exceptions/Constraints:
  input_delay              200             opact_UINT8.sdc_line_14_21_1 
  output_delay             200             opact_UINT8.sdc_line_15_21_1 

#---------------------------------------------------------------------------------------------------------------
#             Timing Point               Flags   Arc   Edge   Cell     Fanout Load Trans Delay Arrival Instance 
#                                                                             (fF)  (ps)  (ps)   (ps)  Location 
#---------------------------------------------------------------------------------------------------------------
  Conf_Bit_Mask[0]                       -       -     R     (arrival)      9  3.7     0     0     200    (-,-) 
  m_opact_core/drc_buf_sp16538/Y         -       A->Y  R     BUFX2          9  4.2    18    25     225    (-,-) 
  m_opact_core/g1550_create_g198__4319/Y -       AN->Y R     NAND2BX1       2  0.6    10    19     244    (-,-) 
  m_opact_core/g16530/Y                  -       A1->Y R     AO21XL         2  0.6    10    28     272    (-,-) 
  m_opact_core/g16517__6131/Y            -       AN->Y R     NOR3BXL        1  0.5    29    34     307    (-,-) 
  m_opact_core/g16572/Y                  -       A1->Y F     OAI211X1       1  0.4    28    30     336    (-,-) 
  m_opact_core/g16280__8246/Y            -       A1->Y R     AOI21X1        2  1.0    25    25     362    (-,-) 
  m_opact_core/g16250__1881/Y            -       B->Y  F     NAND2BX1       1  0.4    14    18     379    (-,-) 
  m_opact_core/g16246__7098/Y            -       B->Y  R     NAND2X1        4  1.9    22    16     395    (-,-) 
  m_opact_core/g16238/Y                  -       A->Y  F     INVX1          2  0.8    10    13     408    (-,-) 
  m_opact_core/g16218__2883/Y            -       B->Y  R     NOR2X1         4  1.6    28    21     429    (-,-) 
  m_opact_core/g16127__6260/Y            -       B0->Y F     OAI211X1       2  0.8    35    37     466    (-,-) 
  m_opact_core/g16113__5115/Y            -       B->Y  R     NAND2X1        1  0.5    12    17     483    (-,-) 
  m_opact_core/g16102__5526/Y            -       C0->Y F     OAI211X1       4  1.3    43    34     518    (-,-) 
  m_opact_core/g16579/Y                  -       C->Y  R     NOR3BXL        1  0.3    26    29     546    (-,-) 
  m_opact_core/g166/Y                    -       B0->Y F     AOI21XL        1  0.4    22    15     561    (-,-) 
  m_opact_core/g165/Y                    -       A1->Y R     AOI21X1        2  0.9    22    23     584    (-,-) 
  m_opact_core/g16038__2398/Y            -       S0->Y F     MX3X2          1 50.0   186   165     749    (-,-) 
  R[14]                                  -       -     F     (port)         -    -     -     0     749    (-,-) 
#---------------------------------------------------------------------------------------------------------------



Path 3: MET (6 ps) Late External Delay Assertion at pin R[11]
          Group: vclk
     Startpoint: (F) Conf_Bit_Mask[2]
          Clock: (R) vclk
       Endpoint: (F) R[11]
          Clock: (R) vclk

                     Capture       Launch     
        Clock Edge:+    1000            0     
        Drv Adjust:+       0            0     
       Src Latency:+       0            0     
       Net Latency:+       0 (I)        0 (I) 
           Arrival:=    1000            0     
                                              
      Output Delay:-     200                  
       Uncertainty:-      50                  
     Required Time:=     750                  
      Launch Clock:-       0                  
       Input Delay:-     200                  
         Data Path:-     544                  
             Slack:=       6                  

Exceptions/Constraints:
  input_delay              200             opact_UINT8.sdc_line_14_19_1 
  output_delay             200             opact_UINT8.sdc_line_15_24_1 

#-------------------------------------------------------------------------------------------------------
#         Timing Point           Flags   Arc   Edge   Cell     Fanout Load Trans Delay Arrival Instance 
#                                                                     (fF)  (ps)  (ps)   (ps)  Location 
#-------------------------------------------------------------------------------------------------------
  Conf_Bit_Mask[2]               -       -     F     (arrival)      7  2.6     0     0     200    (-,-) 
  m_opact_core/drc_buf_sp16561/Y -       A->Y  F     BUFX2          7  2.6    13    24     224    (-,-) 
  m_opact_core/g16434__5107/Y    -       A->Y  R     NOR2X1         3  1.3    24    22     246    (-,-) 
  m_opact_core/g16404__8428/Y    -       B->Y  R     AND2XL         3  1.1    16    28     274    (-,-) 
  m_opact_core/g16371__6260/Y    -       B->Y  F     NOR2XL         1  0.4    10    12     286    (-,-) 
  m_opact_core/g16326__2883/Y    -       C0->Y R     AOI221X1       1  0.3    29    23     309    (-,-) 
  m_opact_core/g16309__2802/Y    -       B0->Y F     OAI21XL        2  0.5    23    26     334    (-,-) 
  m_opact_core/g16290__6161/Y    -       B->Y  F     OR2XL          1  0.5     8    25     360    (-,-) 
  m_opact_core/g16273__1617/Y    -       A->Y  R     NOR2X1         3  1.4    27    21     381    (-,-) 
  m_opact_core/g16187__6417/Y    -       B0->Y F     OAI211X1       3  0.8    35    37     418    (-,-) 
  m_opact_core/g16170__5122/Y    -       B->Y  R     NOR2XL         1  0.6    22    25     443    (-,-) 
  m_opact_core/g16153__6417/Y    -       B->Y  R     XNOR2X1        2  0.9    10    29     472    (-,-) 
  m_opact_core/g16133__1617/Y    -       B->Y  R     AND2XL         2  1.2    17    27     499    (-,-) 
  m_opact_core/g16100__4319/Y    -       B->Y  F     XNOR2X1        3  1.3    13    34     533    (-,-) 
  m_opact_core/g16086__4733/Y    -       B->Y  R     NOR2X1         3  1.2    22    19     552    (-,-) 
  m_opact_core/g16071__8428/Y    -       B->Y  F     XNOR2X1        3  1.1    12    35     587    (-,-) 
  m_opact_core/g16059__9315/Y    -       B->Y  R     NOR2XL         1  0.6    20    17     604    (-,-) 
  m_opact_core/g16047__1617/Y    -       S0->Y F     CLKMX2X2       1 50.0   181   141     744    (-,-) 
  R[11]                          -       -     F     (port)         -    -     -     0     744    (-,-) 
#-------------------------------------------------------------------------------------------------------



Path 4: MET (7 ps) Late External Delay Assertion at pin R[10]
          Group: vclk
     Startpoint: (R) B[2]
          Clock: (R) vclk
       Endpoint: (F) R[10]
          Clock: (R) vclk

                     Capture       Launch     
        Clock Edge:+    1000            0     
        Drv Adjust:+       0            0     
       Src Latency:+       0            0     
       Net Latency:+       0 (I)        0 (I) 
           Arrival:=    1000            0     
                                              
      Output Delay:-     200                  
       Uncertainty:-      50                  
     Required Time:=     750                  
      Launch Clock:-       0                  
       Input Delay:-     200                  
         Data Path:-     543                  
             Slack:=       7                  

Exceptions/Constraints:
  input_delay              200             opact_UINT8.sdc_line_14_13_1 
  output_delay             200             opact_UINT8.sdc_line_15_25_1 

#----------------------------------------------------------------------------------------------------
#        Timing Point         Flags   Arc   Edge   Cell     Fanout Load Trans Delay Arrival Instance 
#                                                                  (fF)  (ps)  (ps)   (ps)  Location 
#----------------------------------------------------------------------------------------------------
  B[2]                        -       -     R     (arrival)      8  4.0     0     0     200    (-,-) 
  m_opact_core/g16441__1617/Y -       A->Y  F     NAND2X1        3  0.9    17    15     215    (-,-) 
  m_opact_core/g16397__5477/Y -       A->Y  R     XNOR2X1        3  1.2    12    45     260    (-,-) 
  m_opact_core/g16351__1881/Y -       B->Y  F     NOR2XL         2  0.6    12    11     271    (-,-) 
  m_opact_core/g16573/Y       -       B0->Y R     AOI2BB1XL      1  0.3    14    16     287    (-,-) 
  m_opact_core/g16296__1666/Y -       A->Y  F     XNOR2X1        1  0.5     8    44     332    (-,-) 
  m_opact_core/g16277__1705/Y -       S0->Y F     MXI2XL         1  0.5    22    22     354    (-,-) 
  m_opact_core/g16219__2346/Y -       B->Y  R     XNOR2X1        1  0.6     8    37     390    (-,-) 
  m_opact_core/g16186__7410/Y -       B->Y  F     XNOR2X1        1  0.5     8    31     421    (-,-) 
  m_opact_core/g16154__5477/Y -       B->Y  R     XNOR2X1       11  4.3    33    49     470    (-,-) 
  m_opact_core/g16140__6131/Y -       B->Y  F     NOR2BX1        3  0.9    14    18     487    (-,-) 
  m_opact_core/g16122__7410/Y -       B->Y  R     NAND2XL        2  1.0    18    15     502    (-,-) 
  m_opact_core/g16108__5122/Y -       A1->Y F     OAI221X1       1  0.4    34    35     537    (-,-) 
  m_opact_core/g16101__8428/Y -       B0->Y R     AOI21X1        3  1.4    31    30     567    (-,-) 
  m_opact_core/g16077__1705/Y -       S0->Y R     MX2XL          1  0.3     7    27     595    (-,-) 
  m_opact_core/g16054__1881/Y -       B->Y  F     MXI2XL         1  0.2    17    17     612    (-,-) 
  m_opact_core/g16044__6783/Y -       B->Y  F     OR2X2          1 50.0   180   132     743    (-,-) 
  R[10]                       -       -     F     (port)         -    -     -     0     743    (-,-) 
#----------------------------------------------------------------------------------------------------



Path 5: MET (19 ps) Late External Delay Assertion at pin R[8]
          Group: vclk
     Startpoint: (R) B[2]
          Clock: (R) vclk
       Endpoint: (F) R[8]
          Clock: (R) vclk

                     Capture       Launch     
        Clock Edge:+    1000            0     
        Drv Adjust:+       0            0     
       Src Latency:+       0            0     
       Net Latency:+       0 (I)        0 (I) 
           Arrival:=    1000            0     
                                              
      Output Delay:-     200                  
       Uncertainty:-      50                  
     Required Time:=     750                  
      Launch Clock:-       0                  
       Input Delay:-     200                  
         Data Path:-     531                  
             Slack:=      19                  

Exceptions/Constraints:
  input_delay              200             opact_UINT8.sdc_line_14_13_1 
  output_delay             200             opact_UINT8.sdc_line_15_27_1 

#----------------------------------------------------------------------------------------------------
#        Timing Point         Flags   Arc   Edge   Cell     Fanout Load Trans Delay Arrival Instance 
#                                                                  (fF)  (ps)  (ps)   (ps)  Location 
#----------------------------------------------------------------------------------------------------
  B[2]                        -       -     R     (arrival)      8  4.0     0     0     200    (-,-) 
  m_opact_core/g16441__1617/Y -       A->Y  F     NAND2X1        3  0.9    17    15     215    (-,-) 
  m_opact_core/g16397__5477/Y -       A->Y  R     XNOR2X1        3  1.2    12    45     260    (-,-) 
  m_opact_core/g16351__1881/Y -       B->Y  F     NOR2XL         2  0.6    12    11     271    (-,-) 
  m_opact_core/g16573/Y       -       B0->Y R     AOI2BB1XL      1  0.3    14    16     287    (-,-) 
  m_opact_core/g16296__1666/Y -       A->Y  F     XNOR2X1        1  0.5     8    44     332    (-,-) 
  m_opact_core/g16277__1705/Y -       S0->Y F     MXI2XL         1  0.5    22    22     354    (-,-) 
  m_opact_core/g16219__2346/Y -       B->Y  R     XNOR2X1        1  0.6     8    37     390    (-,-) 
  m_opact_core/g16186__7410/Y -       B->Y  F     XNOR2X1        1  0.5     8    31     421    (-,-) 
  m_opact_core/g16154__5477/Y -       B->Y  R     XNOR2X1       11  4.3    33    49     470    (-,-) 
  m_opact_core/g16147/Y       -       A->Y  F     INVX1          4  1.3    16    19     488    (-,-) 
  m_opact_core/g16119__2883/Y -       A->Y  R     NAND2XL        1  0.5    12    14     502    (-,-) 
  m_opact_core/g16107__1705/Y -       C0->Y F     OAI211X1       2  0.5    29    26     528    (-,-) 
  m_opact_core/g16097__5107/Y -       B->Y  R     NOR2XL         2  0.9    28    27     555    (-,-) 
  m_opact_core/g16085__7482/Y -       B0->Y F     AOI21XL        1  0.2    17    15     570    (-,-) 
  m_opact_core/g16065__6417/Y -       B->Y  F     OR2XL          1  0.3     6    23     593    (-,-) 
  m_opact_core/g16055__5115/Y -       B->Y  F     CLKMX2X2       1 50.0   181   138     731    (-,-) 
  R[8]                        -       -     F     (port)         -    -     -     0     731    (-,-) 
#----------------------------------------------------------------------------------------------------



Path 6: MET (21 ps) Late External Delay Assertion at pin R[13]
          Group: vclk
     Startpoint: (R) B[3]
          Clock: (R) vclk
       Endpoint: (F) R[13]
          Clock: (R) vclk

                     Capture       Launch     
        Clock Edge:+    1000            0     
        Drv Adjust:+       0            0     
       Src Latency:+       0            0     
       Net Latency:+       0 (I)        0 (I) 
           Arrival:=    1000            0     
                                              
      Output Delay:-     200                  
       Uncertainty:-      50                  
     Required Time:=     750                  
      Launch Clock:-       0                  
       Input Delay:-     200                  
         Data Path:-     529                  
             Slack:=      21                  

Exceptions/Constraints:
  input_delay              200             opact_UINT8.sdc_line_14_12_1 
  output_delay             200             opact_UINT8.sdc_line_15_22_1 

#-----------------------------------------------------------------------------------------------------
#        Timing Point         Flags    Arc   Edge   Cell     Fanout Load Trans Delay Arrival Instance 
#                                                                   (fF)  (ps)  (ps)   (ps)  Location 
#-----------------------------------------------------------------------------------------------------
  B[3]                        -       -      R     (arrival)      9  4.5     0     0     200    (-,-) 
  m_opact_core/g16427__2883/Y -       A->Y   F     NAND2X1        1  0.3    10    11     211    (-,-) 
  m_opact_core/g16396__6417/Y -       A->Y   R     XNOR2X1        3  1.4    13    45     256    (-,-) 
  m_opact_core/g16348__8246/Y -       A1N->Y R     OAI2BB1X1      1  0.5     8    27     282    (-,-) 
  m_opact_core/g16335__6260/Y -       B->Y   F     NOR2X1         1  0.5    10     9     291    (-,-) 
  m_opact_core/g16316__1881/Y -       B->Y   R     XNOR2X1        1  0.6     8    35     327    (-,-) 
  m_opact_core/g16286__5115/Y -       B->Y   F     XNOR2X1        1  0.5     8    31     357    (-,-) 
  m_opact_core/g16243__5122/Y -       B->Y   R     XNOR2X1        2  1.1    11    37     394    (-,-) 
  m_opact_core/g16199__6783/Y -       B->Y   F     XNOR2X1        6  2.0    17    36     431    (-,-) 
  m_opact_core/g16182__9945/Y -       B->Y   R     NAND2XL        2  0.6    13    14     444    (-,-) 
  m_opact_core/g16141__1881/Y -       B->Y   F     NAND2XL        1  0.3    14    14     458    (-,-) 
  m_opact_core/g16115__4733/Y -       A1N->Y F     OAI2BB1X1      2  0.6    16    24     483    (-,-) 
  m_opact_core/g16103__6783/Y -       B->Y   R     NAND2XL        1  0.5    13    13     495    (-,-) 
  m_opact_core/g16093__7410/Y -       C0->Y  F     OAI211X1       2  1.0    38    31     527    (-,-) 
  m_opact_core/g16069__6260/Y -       B->Y   F     XNOR2X1        2  0.7     9    36     563    (-,-) 
  m_opact_core/g16057__4733/Y -       B0->Y  R     OAI2BB1X1      1  0.3     7    10     573    (-,-) 
  m_opact_core/g16050__5122/Y -       B0->Y  F     OAI21XL        1  0.3    17    16     588    (-,-) 
  m_opact_core/g16043__5526/Y -       C->Y   F     MX3X2          1 50.0   186   140     729    (-,-) 
  R[13]                       -       -      F     (port)         -    -     -     0     729    (-,-) 
#-----------------------------------------------------------------------------------------------------



Path 7: MET (32 ps) Late External Delay Assertion at pin R[12]
          Group: vclk
     Startpoint: (F) B[2]
          Clock: (R) vclk
       Endpoint: (F) R[12]
          Clock: (R) vclk

                     Capture       Launch     
        Clock Edge:+    1000            0     
        Drv Adjust:+       0            0     
       Src Latency:+       0            0     
       Net Latency:+       0 (I)        0 (I) 
           Arrival:=    1000            0     
                                              
      Output Delay:-     200                  
       Uncertainty:-      50                  
     Required Time:=     750                  
      Launch Clock:-       0                  
       Input Delay:-     200                  
         Data Path:-     518                  
             Slack:=      32                  

Exceptions/Constraints:
  input_delay              200             opact_UINT8.sdc_line_14_13_1 
  output_delay             200             opact_UINT8.sdc_line_15_23_1 

#-----------------------------------------------------------------------------------------------------
#        Timing Point          Flags   Arc   Edge   Cell     Fanout Load Trans Delay Arrival Instance 
#                                                                   (fF)  (ps)  (ps)   (ps)  Location 
#-----------------------------------------------------------------------------------------------------
  B[2]                         -       -     F     (arrival)      8  3.2     0     0     200    (-,-) 
  m_opact_core/g16442__2802/Y  -       A->Y  R     NAND2X1        3  1.1    11    10     210    (-,-) 
  m_opact_core/g16393__2346/Y  -       A->Y  F     CLKXOR2X1      3  1.6    15    48     258    (-,-) 
  m_opact_core/g16300__16581/S -       CI->S R     ADDFX1         3  1.2    14    65     323    (-,-) 
  m_opact_core/g16252__7482/Y  -       A1->Y F     AOI21XL        1  0.3    18    19     342    (-,-) 
  m_opact_core/g16578/Y        -       B0->Y R     AOI2BB1XL      1  0.3    14    17     360    (-,-) 
  m_opact_core/g16531/Y        -       A->Y  F     XOR2XL         1  0.5     8    41     400    (-,-) 
  m_opact_core/g16178__7482/Y  -       B->Y  R     XNOR2X1        8  3.2    26    45     445    (-,-) 
  m_opact_core/g16174/Y        -       A->Y  F     INVX1          2  0.7    10    14     459    (-,-) 
  m_opact_core/g16165__1617/Y  -       B->Y  R     NAND2BX1       3  1.3    14    12     472    (-,-) 
  m_opact_core/g16126__5107/Y  -       A1->Y F     OAI211X1       1  0.5    31    27     499    (-,-) 
  m_opact_core/g16105__1617/Y  -       S0->Y F     MXI2XL         1  0.3    20    22     521    (-,-) 
  m_opact_core/g16090__2883/Y  -       B->Y  R     MXI2XL         2  0.8    31    28     549    (-,-) 
  m_opact_core/g16082__1881/Y  -       A->Y  R     AND2X1         4  1.8    16    34     583    (-,-) 
  m_opact_core/g16064__7410/Y  -       B->Y  F     NOR2XL         1  0.4    10    12     595    (-,-) 
  m_opact_core/g16048__2802/Y  -       B1->Y R     AOI32X1        1  0.3    23    18     613    (-,-) 
  m_opact_core/g16046/Y        -       A->Y  F     INVXL          1  0.5    10    14     627    (-,-) 
  m_opact_core/g16041__4319/Y  -       A->Y  F     OR2X4          1 50.0   102    91     718    (-,-) 
  R[12]                        -       -     F     (port)         -    -     -     0     718    (-,-) 
#-----------------------------------------------------------------------------------------------------



Path 8: MET (32 ps) Late External Delay Assertion at pin R[15]
          Group: vclk
     Startpoint: (F) B[2]
          Clock: (R) vclk
       Endpoint: (F) R[15]
          Clock: (R) vclk

                     Capture       Launch     
        Clock Edge:+    1000            0     
        Drv Adjust:+       0            0     
       Src Latency:+       0            0     
       Net Latency:+       0 (I)        0 (I) 
           Arrival:=    1000            0     
                                              
      Output Delay:-     200                  
       Uncertainty:-      50                  
     Required Time:=     750                  
      Launch Clock:-       0                  
       Input Delay:-     200                  
         Data Path:-     518                  
             Slack:=      32                  

Exceptions/Constraints:
  input_delay              200             opact_UINT8.sdc_line_14_13_1 
  output_delay             200             opact_UINT8.sdc_line_15      

#-----------------------------------------------------------------------------------------------------
#        Timing Point          Flags   Arc   Edge   Cell     Fanout Load Trans Delay Arrival Instance 
#                                                                   (fF)  (ps)  (ps)   (ps)  Location 
#-----------------------------------------------------------------------------------------------------
  B[2]                         -       -     F     (arrival)      8  3.2     0     0     200    (-,-) 
  m_opact_core/g16442__2802/Y  -       A->Y  R     NAND2X1        3  1.1    11    10     210    (-,-) 
  m_opact_core/g16393__2346/Y  -       A->Y  F     CLKXOR2X1      3  1.6    15    48     258    (-,-) 
  m_opact_core/g16300__16581/S -       CI->S R     ADDFX1         3  1.2    14    65     323    (-,-) 
  m_opact_core/g16252__7482/Y  -       A1->Y F     AOI21XL        1  0.3    18    19     342    (-,-) 
  m_opact_core/g16578/Y        -       B0->Y R     AOI2BB1XL      1  0.3    14    17     360    (-,-) 
  m_opact_core/g16531/Y        -       A->Y  F     XOR2XL         1  0.5     8    41     400    (-,-) 
  m_opact_core/g16178__7482/Y  -       B->Y  R     XNOR2X1        8  3.2    26    45     445    (-,-) 
  m_opact_core/g16174/Y        -       A->Y  F     INVX1          2  0.7    10    14     459    (-,-) 
  m_opact_core/g16165__1617/Y  -       B->Y  R     NAND2BX1       3  1.3    14    12     472    (-,-) 
  m_opact_core/g16126__5107/Y  -       A1->Y F     OAI211X1       1  0.5    31    27     499    (-,-) 
  m_opact_core/g16105__1617/Y  -       S0->Y F     MXI2XL         1  0.3    20    22     521    (-,-) 
  m_opact_core/g16090__2883/Y  -       B->Y  R     MXI2XL         2  0.8    31    28     549    (-,-) 
  m_opact_core/g16076__2802/Y  -       B->Y  F     NAND2X1        4  1.5    28    27     576    (-,-) 
  m_opact_core/g16049__1705/Y  -       C->Y  R     NAND3BXL       1  0.3    12    16     592    (-,-) 
  m_opact_core/g16042__8428/Y  -       C0->Y F     OAI211XL       1  0.7    40    31     624    (-,-) 
  m_opact_core/g16039__16583/Y -       B->Y  F     CLKAND2X3      1 50.0   124    94     718    (-,-) 
  R[15]                        -       -     F     (port)         -    -     -     0     718    (-,-) 
#-----------------------------------------------------------------------------------------------------



Path 9: MET (33 ps) Late External Delay Assertion at pin R[7]
          Group: vclk
     Startpoint: (F) Conf_Bit_Mask[2]
          Clock: (R) vclk
       Endpoint: (F) R[7]
          Clock: (R) vclk

                     Capture       Launch     
        Clock Edge:+    1000            0     
        Drv Adjust:+       0            0     
       Src Latency:+       0            0     
       Net Latency:+       0 (I)        0 (I) 
           Arrival:=    1000            0     
                                              
      Output Delay:-     200                  
       Uncertainty:-      50                  
     Required Time:=     750                  
      Launch Clock:-       0                  
       Input Delay:-     200                  
         Data Path:-     517                  
             Slack:=      33                  

Exceptions/Constraints:
  input_delay              200             opact_UINT8.sdc_line_14_19_1 
  output_delay             200             opact_UINT8.sdc_line_15_28_1 

#-------------------------------------------------------------------------------------------------------
#         Timing Point           Flags   Arc   Edge   Cell     Fanout Load Trans Delay Arrival Instance 
#                                                                     (fF)  (ps)  (ps)   (ps)  Location 
#-------------------------------------------------------------------------------------------------------
  Conf_Bit_Mask[2]               -       -     F     (arrival)      7  2.6     0     0     200    (-,-) 
  m_opact_core/drc_buf_sp16561/Y -       A->Y  F     BUFX2          7  2.6    13    24     224    (-,-) 
  m_opact_core/g16434__5107/Y    -       A->Y  R     NOR2X1         3  1.3    24    22     246    (-,-) 
  m_opact_core/g16404__8428/Y    -       B->Y  R     AND2XL         3  1.1    16    28     274    (-,-) 
  m_opact_core/g16371__6260/Y    -       B->Y  F     NOR2XL         1  0.4    10    12     286    (-,-) 
  m_opact_core/g16326__2883/Y    -       C0->Y R     AOI221X1       1  0.3    29    23     309    (-,-) 
  m_opact_core/g16309__2802/Y    -       B0->Y F     OAI21XL        2  0.5    23    26     334    (-,-) 
  m_opact_core/g16290__6161/Y    -       B->Y  F     OR2XL          1  0.5     8    25     360    (-,-) 
  m_opact_core/g16273__1617/Y    -       A->Y  R     NOR2X1         3  1.4    27    21     381    (-,-) 
  m_opact_core/g16187__6417/Y    -       B0->Y F     OAI211X1       3  0.8    35    37     418    (-,-) 
  m_opact_core/g16170__5122/Y    -       B->Y  R     NOR2XL         1  0.6    22    25     443    (-,-) 
  m_opact_core/g16153__6417/Y    -       B->Y  R     XNOR2X1        2  0.9    10    29     472    (-,-) 
  m_opact_core/g16133__1617/Y    -       B->Y  R     AND2XL         2  1.2    17    27     499    (-,-) 
  m_opact_core/g16100__4319/Y    -       B->Y  F     XNOR2X1        3  1.3    13    34     533    (-,-) 
  m_opact_core/g16086__4733/Y    -       B->Y  R     NOR2X1         3  1.2    22    19     552    (-,-) 
  m_opact_core/g16068__5107/Y    -       A1->Y F     AOI21XL        1  0.3    19    22     574    (-,-) 
  m_opact_core/g16051__8246/Y    -       A1->Y F     AO22X2         1 50.0   181   143     717    (-,-) 
  R[7]                           -       -     F     (port)         -    -     -     0     717    (-,-) 
#-------------------------------------------------------------------------------------------------------



Path 10: MET (50 ps) Late External Delay Assertion at pin R[6]
          Group: vclk
     Startpoint: (F) Conf_Bit_Mask[2]
          Clock: (R) vclk
       Endpoint: (F) R[6]
          Clock: (R) vclk

                     Capture       Launch     
        Clock Edge:+    1000            0     
        Drv Adjust:+       0            0     
       Src Latency:+       0            0     
       Net Latency:+       0 (I)        0 (I) 
           Arrival:=    1000            0     
                                              
      Output Delay:-     200                  
       Uncertainty:-      50                  
     Required Time:=     750                  
      Launch Clock:-       0                  
       Input Delay:-     200                  
         Data Path:-     500                  
             Slack:=      50                  

Exceptions/Constraints:
  input_delay              200             opact_UINT8.sdc_line_14_19_1 
  output_delay             200             opact_UINT8.sdc_line_15_29_1 

#--------------------------------------------------------------------------------------------------------
#         Timing Point           Flags    Arc   Edge   Cell     Fanout Load Trans Delay Arrival Instance 
#                                                                      (fF)  (ps)  (ps)   (ps)  Location 
#--------------------------------------------------------------------------------------------------------
  Conf_Bit_Mask[2]               -       -      F     (arrival)      7  2.6     0     0     200    (-,-) 
  m_opact_core/drc_buf_sp16561/Y -       A->Y   F     BUFX2          7  2.6    13    24     224    (-,-) 
  m_opact_core/g16434__5107/Y    -       A->Y   R     NOR2X1         3  1.3    24    22     246    (-,-) 
  m_opact_core/g16404__8428/Y    -       B->Y   R     AND2XL         3  1.1    16    28     274    (-,-) 
  m_opact_core/g16371__6260/Y    -       B->Y   F     NOR2XL         1  0.4    10    12     286    (-,-) 
  m_opact_core/g16326__2883/Y    -       C0->Y  R     AOI221X1       1  0.3    29    23     309    (-,-) 
  m_opact_core/g16309__2802/Y    -       B0->Y  F     OAI21XL        2  0.5    23    26     334    (-,-) 
  m_opact_core/g16290__6161/Y    -       B->Y   F     OR2XL          1  0.5     8    25     360    (-,-) 
  m_opact_core/g16273__1617/Y    -       A->Y   R     NOR2X1         3  1.4    27    21     381    (-,-) 
  m_opact_core/g16187__6417/Y    -       B0->Y  F     OAI211X1       3  0.8    35    37     418    (-,-) 
  m_opact_core/g16170__5122/Y    -       B->Y   R     NOR2XL         1  0.6    22    25     443    (-,-) 
  m_opact_core/g16153__6417/Y    -       B->Y   F     XNOR2X1        2  0.8    10    34     476    (-,-) 
  m_opact_core/g16133__1617/Y    -       B->Y   F     AND2XL         2  1.0    13    20     496    (-,-) 
  m_opact_core/g16100__4319/Y    -       B->Y   R     XNOR2X1        3  1.6    15    39     536    (-,-) 
  m_opact_core/g16087__6161/Y    -       B->Y   F     NOR2X1         3  1.0    14    12     548    (-,-) 
  m_opact_core/g16067__2398/Y    -       A1N->Y F     OAI2BB1X1      1  0.2    12    22     570    (-,-) 
  m_opact_core/g16062__2346/Y    -       B->Y   F     OR2X2          1 50.0   180   131     700    (-,-) 
  R[6]                           -       -      F     (port)         -    -     -     0     700    (-,-) 
#--------------------------------------------------------------------------------------------------------



Path 11: MET (115 ps) Late External Delay Assertion at pin R[5]
          Group: vclk
     Startpoint: (F) Conf_Bit_Mask[2]
          Clock: (R) vclk
       Endpoint: (F) R[5]
          Clock: (R) vclk

                     Capture       Launch     
        Clock Edge:+    1000            0     
        Drv Adjust:+       0            0     
       Src Latency:+       0            0     
       Net Latency:+       0 (I)        0 (I) 
           Arrival:=    1000            0     
                                              
      Output Delay:-     200                  
       Uncertainty:-      50                  
     Required Time:=     750                  
      Launch Clock:-       0                  
       Input Delay:-     200                  
         Data Path:-     435                  
             Slack:=     115                  

Exceptions/Constraints:
  input_delay              200             opact_UINT8.sdc_line_14_19_1 
  output_delay             200             opact_UINT8.sdc_line_15_30_1 

#-------------------------------------------------------------------------------------------------------
#         Timing Point           Flags   Arc   Edge   Cell     Fanout Load Trans Delay Arrival Instance 
#                                                                     (fF)  (ps)  (ps)   (ps)  Location 
#-------------------------------------------------------------------------------------------------------
  Conf_Bit_Mask[2]               -       -     F     (arrival)      7  2.6     0     0     200    (-,-) 
  m_opact_core/drc_buf_sp16561/Y -       A->Y  F     BUFX2          7  2.6    13    24     224    (-,-) 
  m_opact_core/g16434__5107/Y    -       A->Y  R     NOR2X1         3  1.3    24    22     246    (-,-) 
  m_opact_core/g16404__8428/Y    -       B->Y  R     AND2XL         3  1.1    16    28     274    (-,-) 
  m_opact_core/g16371__6260/Y    -       B->Y  F     NOR2XL         1  0.4    10    12     286    (-,-) 
  m_opact_core/g16326__2883/Y    -       C0->Y R     AOI221X1       1  0.3    29    23     309    (-,-) 
  m_opact_core/g16309__2802/Y    -       B0->Y F     OAI21XL        2  0.5    23    26     334    (-,-) 
  m_opact_core/g16290__6161/Y    -       B->Y  F     OR2XL          1  0.5     8    25     360    (-,-) 
  m_opact_core/g16273__1617/Y    -       A->Y  R     NOR2X1         3  1.4    27    21     381    (-,-) 
  m_opact_core/g16187__6417/Y    -       B0->Y F     OAI211X1       3  0.8    35    37     418    (-,-) 
  m_opact_core/g16170__5122/Y    -       B->Y  R     NOR2XL         1  0.6    22    25     443    (-,-) 
  m_opact_core/g16153__6417/Y    -       B->Y  R     XNOR2X1        2  0.9    10    29     472    (-,-) 
  m_opact_core/g16099__6260/Y    -       S0->Y F     MX3X2          1 50.0   186   164     635    (-,-) 
  R[5]                           -       -     F     (port)         -    -     -     0     635    (-,-) 
#-------------------------------------------------------------------------------------------------------



Path 12: MET (180 ps) Late External Delay Assertion at pin R[4]
          Group: vclk
     Startpoint: (F) Conf_Bit_Mask[2]
          Clock: (R) vclk
       Endpoint: (F) R[4]
          Clock: (R) vclk

                     Capture       Launch     
        Clock Edge:+    1000            0     
        Drv Adjust:+       0            0     
       Src Latency:+       0            0     
       Net Latency:+       0 (I)        0 (I) 
           Arrival:=    1000            0     
                                              
      Output Delay:-     200                  
       Uncertainty:-      50                  
     Required Time:=     750                  
      Launch Clock:-       0                  
       Input Delay:-     200                  
         Data Path:-     370                  
             Slack:=     180                  

Exceptions/Constraints:
  input_delay              200             opact_UINT8.sdc_line_14_19_1 
  output_delay             200             opact_UINT8.sdc_line_15_31_1 

#-------------------------------------------------------------------------------------------------------
#         Timing Point           Flags   Arc   Edge   Cell     Fanout Load Trans Delay Arrival Instance 
#                                                                     (fF)  (ps)  (ps)   (ps)  Location 
#-------------------------------------------------------------------------------------------------------
  Conf_Bit_Mask[2]               -       -     F     (arrival)      7  2.6     0     0     200    (-,-) 
  m_opact_core/drc_buf_sp16561/Y -       A->Y  F     BUFX2          7  2.6    13    24     224    (-,-) 
  m_opact_core/g16434__5107/Y    -       A->Y  R     NOR2X1         3  1.3    24    22     246    (-,-) 
  m_opact_core/g16404__8428/Y    -       B->Y  R     AND2XL         3  1.1    16    28     274    (-,-) 
  m_opact_core/g16371__6260/Y    -       B->Y  F     NOR2XL         1  0.4    10    12     286    (-,-) 
  m_opact_core/g16326__2883/Y    -       C0->Y R     AOI221X1       1  0.3    29    23     309    (-,-) 
  m_opact_core/g16309__2802/Y    -       B0->Y F     OAI21XL        2  0.5    23    26     334    (-,-) 
  m_opact_core/g16527/Y          -       AN->Y F     NAND2BX2       8  2.8    29    38     372    (-,-) 
  m_opact_core/g16526/Y          -       A->Y  F     OR2XL          4  1.4    18    34     406    (-,-) 
  m_opact_core/g16213__7482/Y    -       B->Y  R     NAND2XL        1  0.3    13    12     418    (-,-) 
  m_opact_core/g16164__3680/Y    -       B0->Y F     OAI21XL        1  0.2    15    17     434    (-,-) 
  m_opact_core/g16150__2346/Y    -       B0->Y F     AO21X2         1 50.0   180   135     570    (-,-) 
  R[4]                           -       -     F     (port)         -    -     -     0     570    (-,-) 
#-------------------------------------------------------------------------------------------------------



Path 13: MET (220 ps) Late External Delay Assertion at pin R[2]
          Group: vclk
     Startpoint: (F) Conf_Bit_Mask[2]
          Clock: (R) vclk
       Endpoint: (F) R[2]
          Clock: (R) vclk

                     Capture       Launch     
        Clock Edge:+    1000            0     
        Drv Adjust:+       0            0     
       Src Latency:+       0            0     
       Net Latency:+       0 (I)        0 (I) 
           Arrival:=    1000            0     
                                              
      Output Delay:-     200                  
       Uncertainty:-      50                  
     Required Time:=     750                  
      Launch Clock:-       0                  
       Input Delay:-     200                  
         Data Path:-     330                  
             Slack:=     220                  

Exceptions/Constraints:
  input_delay              200             opact_UINT8.sdc_line_14_19_1 
  output_delay             200             opact_UINT8.sdc_line_15_33_1 

#-------------------------------------------------------------------------------------------------------
#         Timing Point           Flags   Arc   Edge   Cell     Fanout Load Trans Delay Arrival Instance 
#                                                                     (fF)  (ps)  (ps)   (ps)  Location 
#-------------------------------------------------------------------------------------------------------
  Conf_Bit_Mask[2]               -       -     F     (arrival)      7  2.6     0     0     200    (-,-) 
  m_opact_core/drc_buf_sp16561/Y -       A->Y  F     BUFX2          7  2.6    13    24     224    (-,-) 
  m_opact_core/g16434__5107/Y    -       A->Y  R     NOR2X1         3  1.3    24    22     246    (-,-) 
  m_opact_core/g16404__8428/Y    -       B->Y  R     AND2XL         3  1.1    16    28     274    (-,-) 
  m_opact_core/g16371__6260/Y    -       B->Y  F     NOR2XL         1  0.4    10    12     286    (-,-) 
  m_opact_core/g16326__2883/Y    -       C0->Y R     AOI221X1       1  0.3    29    23     309    (-,-) 
  m_opact_core/g16309__2802/Y    -       B0->Y F     OAI21XL        2  0.5    23    26     334    (-,-) 
  m_opact_core/g16290__6161/Y    -       B->Y  F     OR2XL          1  0.5     8    25     360    (-,-) 
  m_opact_core/g16273__1617/Y    -       A->Y  R     NOR2X1         3  1.4    27    21     381    (-,-) 
  m_opact_core/g16251__5115/Y    -       B0->Y F     AOI21XL        1  0.3    18    15     396    (-,-) 
  m_opact_core/g2/Y              -       A->Y  F     OR2X2          1 50.0   180   134     530    (-,-) 
  R[2]                           -       -     F     (port)         -    -     -     0     530    (-,-) 
#-------------------------------------------------------------------------------------------------------



Path 14: MET (228 ps) Late External Delay Assertion at pin R[3]
          Group: vclk
     Startpoint: (F) Conf_Bit_Mask[2]
          Clock: (R) vclk
       Endpoint: (F) R[3]
          Clock: (R) vclk

                     Capture       Launch     
        Clock Edge:+    1000            0     
        Drv Adjust:+       0            0     
       Src Latency:+       0            0     
       Net Latency:+       0 (I)        0 (I) 
           Arrival:=    1000            0     
                                              
      Output Delay:-     200                  
       Uncertainty:-      50                  
     Required Time:=     750                  
      Launch Clock:-       0                  
       Input Delay:-     200                  
         Data Path:-     322                  
             Slack:=     228                  

Exceptions/Constraints:
  input_delay              200             opact_UINT8.sdc_line_14_19_1 
  output_delay             200             opact_UINT8.sdc_line_15_32_1 

#-------------------------------------------------------------------------------------------------------
#         Timing Point           Flags   Arc   Edge   Cell     Fanout Load Trans Delay Arrival Instance 
#                                                                     (fF)  (ps)  (ps)   (ps)  Location 
#-------------------------------------------------------------------------------------------------------
  Conf_Bit_Mask[2]               -       -     F     (arrival)      7  2.6     0     0     200    (-,-) 
  m_opact_core/drc_buf_sp16561/Y -       A->Y  F     BUFX2          7  2.6    13    24     224    (-,-) 
  m_opact_core/g16434__5107/Y    -       A->Y  R     NOR2X1         3  1.3    24    22     246    (-,-) 
  m_opact_core/g16404__8428/Y    -       B->Y  R     AND2XL         3  1.1    16    28     274    (-,-) 
  m_opact_core/g16371__6260/Y    -       B->Y  F     NOR2XL         1  0.4    10    12     286    (-,-) 
  m_opact_core/g16326__2883/Y    -       C0->Y R     AOI221X1       1  0.3    29    23     309    (-,-) 
  m_opact_core/g16309__2802/Y    -       B0->Y F     OAI21XL        2  0.5    23    26     334    (-,-) 
  m_opact_core/g16290__6161/Y    -       B->Y  F     OR2XL          1  0.5     8    25     360    (-,-) 
  m_opact_core/g16273__1617/Y    -       A->Y  R     NOR2X1         3  1.4    27    21     381    (-,-) 
  m_opact_core/g16196__8428/Y    -       S0->Y F     CLKMX2X2       1 50.0   181   142     522    (-,-) 
  R[3]                           -       -     F     (port)         -    -     -     0     522    (-,-) 
#-------------------------------------------------------------------------------------------------------



Path 15: MET (408 ps) Late External Delay Assertion at pin R[1]
          Group: vclk
     Startpoint: (F) B[1]
          Clock: (R) vclk
       Endpoint: (F) R[1]
          Clock: (R) vclk

                     Capture       Launch     
        Clock Edge:+    1000            0     
        Drv Adjust:+       0            0     
       Src Latency:+       0            0     
       Net Latency:+       0 (I)        0 (I) 
           Arrival:=    1000            0     
                                              
      Output Delay:-     200                  
       Uncertainty:-      50                  
     Required Time:=     750                  
      Launch Clock:-       0                  
       Input Delay:-     200                  
         Data Path:-     142                  
             Slack:=     408                  

Exceptions/Constraints:
  input_delay              200             opact_UINT8.sdc_line_14_14_1 
  output_delay             200             opact_UINT8.sdc_line_15_34_1 

#----------------------------------------------------------------------------------------------
#     Timing Point      Flags   Arc   Edge   Cell     Fanout Load Trans Delay Arrival Instance 
#                                                            (fF)  (ps)  (ps)   (ps)  Location 
#----------------------------------------------------------------------------------------------
  B[1]                  -       -     F     (arrival)      9  3.5     0     0     200    (-,-) 
  m_opact_core/g16577/Y -       A0->Y F     AO22X2         1 50.0   181   142     342    (-,-) 
  R[1]                  -       -     F     (port)         -    -     -     0     342    (-,-) 
#----------------------------------------------------------------------------------------------



Path 16: MET (425 ps) Late External Delay Assertion at pin R[0]
          Group: vclk
     Startpoint: (R) B[0]
          Clock: (R) vclk
       Endpoint: (R) R[0]
          Clock: (R) vclk

                     Capture       Launch     
        Clock Edge:+    1000            0     
        Drv Adjust:+       0            0     
       Src Latency:+       0            0     
       Net Latency:+       0 (I)        0 (I) 
           Arrival:=    1000            0     
                                              
      Output Delay:-     200                  
       Uncertainty:-      50                  
     Required Time:=     750                  
      Launch Clock:-       0                  
       Input Delay:-     200                  
         Data Path:-     125                  
             Slack:=     425                  

Exceptions/Constraints:
  input_delay              200             opact_UINT8.sdc_line_14_15_1 
  output_delay             200             opact_UINT8.sdc_line_15_35_1 

#----------------------------------------------------------------------------------------------------
#        Timing Point         Flags   Arc   Edge   Cell     Fanout Load Trans Delay Arrival Instance 
#                                                                  (fF)  (ps)  (ps)   (ps)  Location 
#----------------------------------------------------------------------------------------------------
  B[0]                        -       -     R     (arrival)      8  3.6     0     0     200    (-,-) 
  m_opact_core/g16421__5115/Y -       A->Y  R     AND2X2         1 50.0   176   125     325    (-,-) 
  R[0]                        -       -     R     (port)         -    -     -     0     325    (-,-) 
#----------------------------------------------------------------------------------------------------

