============================================================
  Generated by:           Genus(TM) Synthesis Solution 21.10-p002_1
  Generated on:           Jun 19 2026  11:32:44 am
  Module:                 opact_UINT8
  Technology library:     fast_vdd1v0 1.0
  Operating conditions:   PVT_1P1V_0C (balanced_tree)
  Wireload mode:          enclosed
  Area mode:              timing library
============================================================

                                Leakage  
   Gate    Instances   Area   Power (nW)     Library    
--------------------------------------------------------
ADDFX1             1    5.130      0.321    fast_vdd1v0 
ADDHX1             1    3.762      0.261    fast_vdd1v0 
AND2X1             1    1.368      0.085    fast_vdd1v0 
AND2X2             1    1.710      0.125    fast_vdd1v0 
AND2XL             5    6.840      0.382    fast_vdd1v0 
AND3XL             1    2.052      0.081    fast_vdd1v0 
AO21X2             1    2.736      0.151    fast_vdd1v0 
AO21XL             3    7.182      0.299    fast_vdd1v0 
AO22X2             2    6.156      0.341    fast_vdd1v0 
AOI211XL           2    4.104      0.160    fast_vdd1v0 
AOI21X1            6   10.260      0.644    fast_vdd1v0 
AOI21XL            8   13.680      0.527    fast_vdd1v0 
AOI221X1           3    7.182      0.446    fast_vdd1v0 
AOI22X1            6   12.312      0.792    fast_vdd1v0 
AOI22XL            1    2.052      0.083    fast_vdd1v0 
AOI2BB1XL          3    6.156      0.336    fast_vdd1v0 
AOI31X1            1    2.052      0.123    fast_vdd1v0 
AOI32X1            2    4.788      0.319    fast_vdd1v0 
BUFX2              2    3.420      0.237    fast_vdd1v0 
CLKAND2X3          1    3.078      0.189    fast_vdd1v0 
CLKMX2X2           3    9.234      0.590    fast_vdd1v0 
CLKXOR2X1          2    5.472      0.358    fast_vdd1v0 
INVX1             25   17.100      1.122    fast_vdd1v0 
INVXL             16   10.944      0.562    fast_vdd1v0 
MX2XL              2    4.788      0.284    fast_vdd1v0 
MX3X2              4   21.888      1.135    fast_vdd1v0 
MXI2XL            16   38.304      1.730    fast_vdd1v0 
NAND2BX1           5    6.840      0.524    fast_vdd1v0 
NAND2BX2           1    2.394      0.160    fast_vdd1v0 
NAND2BXL           4    5.472      0.309    fast_vdd1v0 
NAND2X1           85   87.210      5.896    fast_vdd1v0 
NAND2XL           23   23.598      1.075    fast_vdd1v0 
NAND3BXL           5    8.550      0.422    fast_vdd1v0 
NAND4XL            9   15.390      0.638    fast_vdd1v0 
NOR2BX1            7    9.576      0.694    fast_vdd1v0 
NOR2X1            26   26.676      1.672    fast_vdd1v0 
NOR2XL            28   28.728      1.246    fast_vdd1v0 
NOR3BX1            2    4.104      0.229    fast_vdd1v0 
NOR3BXL            3    6.156      0.317    fast_vdd1v0 
NOR3X1             1    1.710      0.130    fast_vdd1v0 
NOR4X1             1    1.710      0.144    fast_vdd1v0 
OAI211X1          19   32.490      2.247    fast_vdd1v0 
OAI211XL           1    2.052      0.082    fast_vdd1v0 
OAI21X1            6   10.260      0.596    fast_vdd1v0 
OAI21XL            5    8.550      0.318    fast_vdd1v0 
OAI221X1           1    2.394      0.140    fast_vdd1v0 
OAI222X1           1    2.736      0.182    fast_vdd1v0 
OAI22X1            7   14.364      0.785    fast_vdd1v0 
OAI22XL            7   14.364      0.498    fast_vdd1v0 
OAI2BB1X1          9   15.390      1.066    fast_vdd1v0 
OAI31X1            3    6.156      0.357    fast_vdd1v0 
OAI32X1            1    2.394      0.141    fast_vdd1v0 
OR2X1              1    1.368      0.095    fast_vdd1v0 
OR2X2              3    5.130      0.424    fast_vdd1v0 
OR2X4              1    2.736      0.252    fast_vdd1v0 
OR2XL              8   10.944      0.653    fast_vdd1v0 
XNOR2X1           63  150.822     11.278    fast_vdd1v0 
XNOR3X1            1    7.524      0.375    fast_vdd1v0 
XOR2XL             6   16.416      1.003    fast_vdd1v0 
--------------------------------------------------------
total            462  747.954     45.630                


                                          Leakage  Leakage 
     Type      Instances   Area  Area % Power (nW) Power % 
-----------------------------------------------------------
inverter              41  28.044    3.7      1.684     3.7 
buffer                 2   3.420    0.5      0.237     0.5 
logic                419 716.490   95.8     43.709    95.8 
physical_cells         0   0.000    0.0      0.000     0.0 
-----------------------------------------------------------
total                462 747.954  100.0     45.630   100.0 

