============================================================
  Generated by:           Genus(TM) Synthesis Solution 21.10-p002_1
  Generated on:           Apr 11 2026  03:54:49 pm
  Module:                 floating_point_mul_p_0_L2
  Technology libraries:   fast_vdd1v0 1.0
                          physical_cells 
  Operating conditions:   PVT_1P1V_0C 
  Interconnect mode:      global
  Area mode:              physical library
============================================================

Timing
--------

Clock Period 
-------------
VCLK  1000.0 


  Cost    Critical              Violating 
 Group   Path Slack     TNS       Paths   
------------------------------------------
default    No paths        0.0            
VCLK         -377.5   -11560.6         31 
------------------------------------------
Total                 -11560.6         31 

Instance Count
--------------
Leaf Instance Count             2247 
Physical Instance count            0 
Sequential Instance Count          0 
Combinational Instance Count    2247 
Hierarchical Instance Count        4 

Area
----
Cell Area                          6457.302
Physical Cell Area                 0.000
Total Cell Area (Cell+Physical)    6457.302
Net Area                           2621.500
Total Area (Cell+Physical+Net)     9078.802

Runtime                            0.0 seconds
Elapsed Runtime                    180 seconds
Genus peak memory usage            1748.38 
Innovus peak memory usage          no_value 
Hostname                           redhat315b
