

Working Directory = /home/redhat315bd/physical_design_nipun/Physical_design
QoS Summary for fplns_UINT8
================================================================================
Metric                          fplns_UINT8_syn_generic fplns_UINT8_syn_map fplns_UINT8_syn_opt
================================================================================
Slack (ps):                      -272              -8               0
  R2R (ps):                  no_value        no_value        no_value
  I2R (ps):                  no_value        no_value        no_value
  R2O (ps):                  no_value        no_value        no_value
  I2O (ps):                      -272              -8               0
  CG  (ps):                  no_value        no_value        no_value
TNS (ps):                      -3,581             -29               0
  R2R (ps):                  no_value        no_value        no_value
  I2R (ps):                  no_value        no_value        no_value
  R2O (ps):                  no_value        no_value        no_value
  I2O (ps):                    -3,581             -29               0
  CG  (ps):                  no_value        no_value        no_value
Failing Paths:                     16               5               0
Cell Area:                      2,097             931             728
Total Cell Area:                2,097             931             728
Leaf Instances:                   786             621             465
Total Instances:                  786             621             465
Utilization (%):                 0.00            0.00            0.00
Tot. Net Length (um):        no_value        no_value        no_value
Avg. Net Length (um):        no_value        no_value        no_value
Route Overflow H (%):        no_value        no_value        no_value
Route Overflow V (%):        no_value        no_value        no_value
MBCI(%) (bits/gate) :            0.00            0.00            0.00
Norm Cong Hotspot Area:
  Max Cong:                  no_value        no_value        no_value
  Tot Cong:                  no_value        no_value        no_value
================================================================================
CPU  Runtime (h:m:s):        00:30:15        00:30:06        00:30:01
Real Runtime (h:m:s):        00:30:15        00:30:05        00:30:02
CPU  Elapsed (h:m:s):        00:30:17        00:30:23        00:30:24
Real Elapsed (h:m:s):        00:30:16        00:30:21        00:30:23
Memory (MB):                  1646.01         1625.03         1624.86
================================================================================
================================================================================
Flow Settings:
================================================================================
Total Runtime (h:m:s): 00:30:22
Total Memory (MB):     1632.86
Executable Version:    21.10-p002_1
================================================================================
Total Cell Area =  Cell Area + Physical Cell Area
Total Instances =  Leaf Instances + Physical Instances


