============================================================
  Generated by:           Genus(TM) Synthesis Solution 21.10-p002_1
  Generated on:           Jun 19 2026  11:24:46 am
  Module:                 fplns_UINT8
  Technology library:     fast_vdd1v0 1.0
  Operating conditions:   PVT_1P1V_0C (balanced_tree)
  Wireload mode:          enclosed
  Area mode:              timing library
============================================================

                                 Leakage  
   Gate     Instances   Area   Power (nW)     Library    
---------------------------------------------------------
AND2X1              2    2.736      0.168    fast_vdd1v0 
AND2X6              2    7.524      0.751    fast_vdd1v0 
AND2X8              1    4.446      0.451    fast_vdd1v0 
AND2XL             10   13.680      0.733    fast_vdd1v0 
AND3XL              2    4.104      0.158    fast_vdd1v0 
AO21X4              4   13.680      1.085    fast_vdd1v0 
AO21XL              2    4.788      0.210    fast_vdd1v0 
AO22X4              1    3.762      0.282    fast_vdd1v0 
AO22XL              1    2.736      0.123    fast_vdd1v0 
AOI211X1            1    2.394      0.147    fast_vdd1v0 
AOI21X1            15   25.650      1.649    fast_vdd1v0 
AOI21XL             5    8.550      0.382    fast_vdd1v0 
AOI221X1            3    7.182      0.537    fast_vdd1v0 
AOI22X1             6   12.312      0.809    fast_vdd1v0 
AOI22XL             3    6.156      0.251    fast_vdd1v0 
AOI2BB1X1           2    4.104      0.246    fast_vdd1v0 
AOI2BB1XL           3    6.156      0.315    fast_vdd1v0 
AOI31X1             2    4.104      0.283    fast_vdd1v0 
BUFX2               3    5.130      0.354    fast_vdd1v0 
CLKAND2X12          2   15.048      1.535    fast_vdd1v0 
CLKAND2X8           1    5.814      0.513    fast_vdd1v0 
CLKBUFX2            4    6.840      0.479    fast_vdd1v0 
CLKINVX4            1    1.710      0.166    fast_vdd1v0 
CLKXOR2X1           3    8.208      0.548    fast_vdd1v0 
INVX1              45   30.780      2.069    fast_vdd1v0 
INVX2               4    4.104      0.343    fast_vdd1v0 
INVX3               1    1.368      0.123    fast_vdd1v0 
INVXL              22   15.048      0.754    fast_vdd1v0 
MX2X1               1    2.394      0.156    fast_vdd1v0 
MX2XL               4    9.576      0.570    fast_vdd1v0 
MXI2X1              2    5.472      0.291    fast_vdd1v0 
MXI2XL             10   23.940      1.066    fast_vdd1v0 
NAND2BX1           12   16.416      1.222    fast_vdd1v0 
NAND2BX2            1    2.394      0.160    fast_vdd1v0 
NAND2BXL           12   16.416      0.952    fast_vdd1v0 
NAND2X1            31   31.806      2.149    fast_vdd1v0 
NAND2X2             6   10.260      0.791    fast_vdd1v0 
NAND2X4             1    3.146      0.266    fast_vdd1v0 
NAND2XL            23   23.598      1.057    fast_vdd1v0 
NAND3BX1            1    2.052      0.147    fast_vdd1v0 
NAND3BXL            1    1.710      0.108    fast_vdd1v0 
NAND3X1             7   11.970      0.648    fast_vdd1v0 
NAND4BX1            1    2.394      0.163    fast_vdd1v0 
NOR2BX1            24   32.832      2.490    fast_vdd1v0 
NOR2BXL             1    1.710      0.078    fast_vdd1v0 
NOR2X1             41   42.066      2.677    fast_vdd1v0 
NOR2X2              9   15.390      1.286    fast_vdd1v0 
NOR2X4              5   15.390      1.246    fast_vdd1v0 
NOR2XL             25   25.650      1.179    fast_vdd1v0 
NOR3BXL             3    6.156      0.276    fast_vdd1v0 
NOR3X1              5    8.550      0.443    fast_vdd1v0 
NOR3X2              3    8.208      0.568    fast_vdd1v0 
NOR3XL              1    1.710      0.093    fast_vdd1v0 
NOR4BBX1            1    2.736      0.204    fast_vdd1v0 
NOR4X1              2    3.420      0.200    fast_vdd1v0 
OA21X4              3   11.286      0.780    fast_vdd1v0 
OAI211X1            2    3.420      0.253    fast_vdd1v0 
OAI21X1            22   37.620      2.171    fast_vdd1v0 
OAI21X2             1    3.078      0.188    fast_vdd1v0 
OAI21XL             4    6.840      0.256    fast_vdd1v0 
OAI221XL            1    3.078      0.099    fast_vdd1v0 
OAI222X1            1    2.736      0.179    fast_vdd1v0 
OAI22X1             4    8.208      0.434    fast_vdd1v0 
OAI22XL             2    4.104      0.129    fast_vdd1v0 
OAI2BB1X1          12   20.520      1.364    fast_vdd1v0 
OAI2BB1XL           3    6.156      0.293    fast_vdd1v0 
OR2X4               1    2.736      0.251    fast_vdd1v0 
OR2X6               1    3.762      0.410    fast_vdd1v0 
OR2XL               3    4.104      0.262    fast_vdd1v0 
XNOR2X1            10   23.940      1.755    fast_vdd1v0 
XNOR2X2             1    3.078      0.225    fast_vdd1v0 
XNOR2XL             1    2.736      0.158    fast_vdd1v0 
XOR2XL              9   24.624      1.506    fast_vdd1v0 
---------------------------------------------------------
total             465  727.502     46.665                


                                          Leakage  Leakage 
     Type      Instances   Area  Area % Power (nW) Power % 
-----------------------------------------------------------
inverter              73  53.010    7.3      3.454     7.4 
buffer                 7  11.970    1.6      0.833     1.8 
logic                385 662.522   91.1     42.378    90.8 
physical_cells         0   0.000    0.0      0.000     0.0 
-----------------------------------------------------------
total                465 727.502  100.0     46.665   100.0 

