============================================================
  Generated by:           Genus(TM) Synthesis Solution 21.10-p002_1
  Generated on:           Jun 19 2026  11:24:46 am
  Module:                 fplns_UINT8
  Operating conditions:   PVT_1P1V_0C (balanced_tree)
  Wireload mode:          enclosed
  Area mode:              timing library
============================================================


Path 1: MET (0 ps) Late External Delay Assertion at pin R[13]
          Group: vclk
     Startpoint: (R) A[6]
          Clock: (R) vclk
       Endpoint: (R) R[13]
          Clock: (R) vclk

                     Capture       Launch     
        Clock Edge:+    1000            0     
        Drv Adjust:+       0            0     
       Src Latency:+       0            0     
       Net Latency:+       0 (I)        0 (I) 
           Arrival:=    1000            0     
                                              
      Output Delay:-     200                  
       Uncertainty:-      50                  
     Required Time:=     750                  
      Launch Clock:-       0                  
       Input Delay:-     200                  
         Data Path:-     550                  
             Slack:=       0                  

Exceptions/Constraints:
  input_delay              200             fplns_UINT8.sdc_line_14_1_1  
  output_delay             200             fplns_UINT8.sdc_line_15_22_1 

#-----------------------------------------------------------------------------------------------------------------
#             Timing Point               Flags    Arc   Edge    Cell     Fanout Load Trans Delay Arrival Instance 
#                                                                               (fF)  (ps)  (ps)   (ps)  Location 
#-----------------------------------------------------------------------------------------------------------------
  A[6]                                   -       -      R     (arrival)       4  3.2     0     0     200    (-,-) 
  m_core/g15213__7482/Y                  -       A->Y   F     NOR2X4          4  2.0     8     9     209    (-,-) 
  m_core/g15184__5477/Y                  -       B->Y   R     NAND2X1         5  1.9    16    14     223    (-,-) 
  m_core/g15153__6260/Y                  -       B->Y   F     NOR2X1          1  0.4     9    11     234    (-,-) 
  m_core/g15133__5115/Y                  -       C0->Y  R     AOI211X1        1  0.5    28    22     255    (-,-) 
  m_core/g15099__5122/Y                  -       C->Y   F     NAND3BX1        3  0.8    30    28     283    (-,-) 
  m_core/g15076__2883/Y                  -       B->Y   R     NAND2XL         1  0.3    11    16     299    (-,-) 
  m_core/g16396/Y                        -       AN->Y  R     NOR3BXL         1  0.6    32    36     336    (-,-) 
  m_core/g15010__4319/Y                  -       B->Y   F     CLKXOR2X1       3  1.5    14    43     379    (-,-) 
  m_core/g14976__6783/Y                  -       C->Y   R     NAND3X1         1  0.5    14    11     390    (-,-) 
  m_core/g14950__2883/Y                  -       A1->Y  F     OAI21X1         1  0.4    17    17     407    (-,-) 
  m_core/g14941__7482/Y                  -       B0->Y  R     AOI31X1         1  0.5    20    20     427    (-,-) 
  m_core/g14938__6131/Y                  -       B0->Y  F     OAI2BB1X1       3  1.2    23    23     451    (-,-) 
  m_core/g14933__1705/Y                  -       B->Y   R     NAND2X2         2  1.0    10    12     463    (-,-) 
  m_core/g14931/Y                        -       A->Y   F     INVX1           3  1.1    10    11     474    (-,-) 
  m_core/g14898_0__2398/Y                -       A1N->Y F     OAI2BB1XL       1  0.5    17    22     496    (-,-) 
  m_core/g14855__6417/Y                  -       B->Y   R     XNOR2X2        10  5.3    25    52     548    (-,-) 
  m_core/fopt16312/Y                     -       A->Y   F     CLKINVX4        8  3.0    12    13     561    (-,-) 
  m_core/g14811__5477/Y                  -       A->Y   R     NOR2XL          1  0.5    18    18     579    (-,-) 
  m_core/g14808__7410/Y                  -       B0->Y  F     AOI21X1         2  0.6    20    12     591    (-,-) 
  m_core/g15264__1705/Y                  -       AN->Y  F     NAND2BX1        1  0.4    12    24     615    (-,-) 
  m_core/g14776__4319/Y                  -       B0->Y  R     OAI2BB1X1       2  0.8    11    12     627    (-,-) 
  m_core/add_139_41_spec0_g16224__7098/Y -       B->Y   F     NAND2X1         2  0.6    15    15     642    (-,-) 
  m_core/add_139_41_spec0_g16180__8428/Y -       AN->Y  F     NOR2BX1         1  0.3     8    19     661    (-,-) 
  m_core/add_139_41_spec0_g16098__2398/Y -       A->Y   R     XNOR2X1         1  1.8    16    46     707    (-,-) 
  m_core/g16355/Y                        -       B->Y   R     CLKAND2X12      1 50.0    37    43     750    (-,-) 
  R[13]                                  -       -      R     (port)          -    -     -     0     750    (-,-) 
#-----------------------------------------------------------------------------------------------------------------



Path 2: MET (1 ps) Late External Delay Assertion at pin R[10]
          Group: vclk
     Startpoint: (F) Conf_Bit_Mask[2]
          Clock: (R) vclk
       Endpoint: (R) R[10]
          Clock: (R) vclk

                     Capture       Launch     
        Clock Edge:+    1000            0     
        Drv Adjust:+       0            0     
       Src Latency:+       0            0     
       Net Latency:+       0 (I)        0 (I) 
           Arrival:=    1000            0     
                                              
      Output Delay:-     200                  
       Uncertainty:-      50                  
     Required Time:=     750                  
      Launch Clock:-       0                  
       Input Delay:-     200                  
         Data Path:-     549                  
             Slack:=       1                  

Exceptions/Constraints:
  input_delay              200             fplns_UINT8.sdc_line_14_19_1 
  output_delay             200             fplns_UINT8.sdc_line_15_25_1 

#----------------------------------------------------------------------------------------------------------------
#             Timing Point               Flags    Arc   Edge   Cell     Fanout Load Trans Delay Arrival Instance 
#                                                                              (fF)  (ps)  (ps)   (ps)  Location 
#----------------------------------------------------------------------------------------------------------------
  Conf_Bit_Mask[2]                       -       -      F     (arrival)      6  4.6     0     0     200    (-,-) 
  m_core/g15246/Y                        -       A->Y   R     INVX2          1  0.5     3     5     205    (-,-) 
  m_core/g15191__8428/Y                  -       A->Y   F     MXI2X1         2  0.9    24    21     226    (-,-) 
  m_core/g15127__5122/Y                  -       A->Y   R     NAND2X1        1  0.5    11    15     241    (-,-) 
  m_core/g16403/Y                        -       B0->Y  F     OAI21X1        2  1.0    24    21     262    (-,-) 
  m_core/g16344__2346/Y                  -       S0->Y  F     MXI2XL         2  0.4    22    23     285    (-,-) 
  m_core/g15047__6417/Y                  -       A1N->Y F     AOI2BB1X1      3  0.8    12    31     316    (-,-) 
  m_core/fopt16339/Y                     -       A->Y   R     INVXL          2  1.0    14    14     330    (-,-) 
  m_core/g15021__5122/Y                  -       B->Y   F     NAND2X1        3  0.6    18    16     345    (-,-) 
  m_core/g15005__2398/Y                  -       B->Y   R     NAND2XL        1  0.5    12    13     358    (-,-) 
  m_core/g14991__5115/Y                  -       A1->Y  F     AOI21X1        2  0.8    21    21     379    (-,-) 
  m_core/g14975__5526/Y                  -       A->Y   R     NOR2X1         2  0.8    19    20     399    (-,-) 
  m_core/g14941__7482/Y                  -       A1->Y  F     AOI31X1        1  0.4    27    31     431    (-,-) 
  m_core/g14938__6131/Y                  -       B0->Y  R     OAI2BB1X1      3  1.5    19    19     450    (-,-) 
  m_core/g14932__2802/Y                  -       B->Y   F     NOR2XL         1  0.3    10    12     462    (-,-) 
  m_core/g14927__3680/Y                  -       AN->Y  F     NAND2BX1       1  0.8    17    25     487    (-,-) 
  m_core/fopt37/Y                        -       A->Y   R     INVX2          5  2.8    14    13     501    (-,-) 
  m_core/fopt33/Y                        -       A->Y   F     INVX3          7  3.1    11    12     512    (-,-) 
  m_core/fopt32/Y                        -       A->Y   R     INVX2          5  2.1    10    11     523    (-,-) 
  m_core/g14907__2883/Y                  -       B->Y   F     NOR2X1         2  0.5     9     9     533    (-,-) 
  m_core/g14860__2398/Y                  -       B->Y   R     NAND2XL        1  0.5    12    10     543    (-,-) 
  m_core/g14854__7410/Y                  -       B0->Y  F     OAI21X1        2  0.6    19    19     562    (-,-) 
  m_core/fopt1/Y                         -       A->Y   R     INVXL          2  0.8    13    14     576    (-,-) 
  m_core/g14789__6131/Y                  -       AN->Y  R     NAND2BXL       1  0.5    14    17     593    (-,-) 
  m_core/g14773__2398/Y                  -       C->Y   F     NAND3X1        2  0.6    25    21     615    (-,-) 
  m_core/add_139_41_spec0_g16208__2802/Y -       B->Y   R     NAND2XL        2  1.1    19    19     634    (-,-) 
  m_core/g16416/Y                        -       B0->Y  F     OAI21X1        1  0.5    18    20     654    (-,-) 
  m_core/g16389/Y                        -       B->Y   R     XOR2XL         1  1.0    15    31     685    (-,-) 
  m_core/g16375/Y                        -       B->Y   R     AND2X6         1 50.0    66    64     749    (-,-) 
  R[10]                                  -       -      R     (port)         -    -     -     0     749    (-,-) 
#----------------------------------------------------------------------------------------------------------------



Path 3: MET (1 ps) Late External Delay Assertion at pin R[15]
          Group: vclk
     Startpoint: (R) A[6]
          Clock: (R) vclk
       Endpoint: (R) R[15]
          Clock: (R) vclk

                     Capture       Launch     
        Clock Edge:+    1000            0     
        Drv Adjust:+       0            0     
       Src Latency:+       0            0     
       Net Latency:+       0 (I)        0 (I) 
           Arrival:=    1000            0     
                                              
      Output Delay:-     200                  
       Uncertainty:-      50                  
     Required Time:=     750                  
      Launch Clock:-       0                  
       Input Delay:-     200                  
         Data Path:-     549                  
             Slack:=       1                  

Exceptions/Constraints:
  input_delay              200             fplns_UINT8.sdc_line_14_1_1 
  output_delay             200             fplns_UINT8.sdc_line_15     

#---------------------------------------------------------------------------------------------------------------
#             Timing Point               Flags   Arc   Edge   Cell     Fanout Load Trans Delay Arrival Instance 
#                                                                             (fF)  (ps)  (ps)   (ps)  Location 
#---------------------------------------------------------------------------------------------------------------
  A[6]                                   -       -     R     (arrival)      4  3.2     0     0     200    (-,-) 
  m_core/g15213__7482/Y                  -       A->Y  F     NOR2X4         4  2.0     8     9     209    (-,-) 
  m_core/g15184__5477/Y                  -       B->Y  R     NAND2X1        5  1.9    16    14     223    (-,-) 
  m_core/g15153__6260/Y                  -       B->Y  F     NOR2X1         1  0.4     9    11     234    (-,-) 
  m_core/g15133__5115/Y                  -       C0->Y R     AOI211X1       1  0.5    28    22     255    (-,-) 
  m_core/g15099__5122/Y                  -       C->Y  F     NAND3BX1       3  0.8    30    28     283    (-,-) 
  m_core/g15076__2883/Y                  -       B->Y  R     NAND2XL        1  0.3    11    16     299    (-,-) 
  m_core/g16396/Y                        -       AN->Y R     NOR3BXL        1  0.6    32    36     336    (-,-) 
  m_core/g15010__4319/Y                  -       B->Y  F     CLKXOR2X1      3  1.5    14    43     379    (-,-) 
  m_core/g14976__6783/Y                  -       C->Y  R     NAND3X1        1  0.5    14    11     390    (-,-) 
  m_core/g14950__2883/Y                  -       A1->Y F     OAI21X1        1  0.4    17    17     407    (-,-) 
  m_core/g14941__7482/Y                  -       B0->Y R     AOI31X1        1  0.5    20    20     427    (-,-) 
  m_core/g14938__6131/Y                  -       B0->Y F     OAI2BB1X1      3  1.2    23    23     451    (-,-) 
  m_core/g14932__2802/Y                  -       B->Y  R     NOR2XL         1  0.3    15    17     468    (-,-) 
  m_core/g14927__3680/Y                  -       AN->Y R     NAND2BX1       1  1.0    12    20     488    (-,-) 
  m_core/fopt37/Y                        -       A->Y  F     INVX2          5  2.3    11    12     500    (-,-) 
  m_core/fopt35/Y                        -       A->Y  R     INVXL          2  0.6    10    11     511    (-,-) 
  m_core/g14916__6417/Y                  -       B->Y  F     NAND2XL        1  0.3    13    13     524    (-,-) 
  m_core/g14890__8246/Y                  -       AN->Y F     NOR2BX1        3  0.9    12    21     545    (-,-) 
  m_core/g16392/Y                        -       B->Y  F     MX2XL          3  0.7    11    34     579    (-,-) 
  m_core/g14812__2398/Y                  -       B->Y  R     NOR2XL         1  0.5    18    16     594    (-,-) 
  m_core/g14806__2346/Y                  -       B0->Y F     AOI21X1        2  0.6    21    12     606    (-,-) 
  m_core/g14787__8246/Y                  -       B->Y  R     NOR2X1         1  0.6    16    17     624    (-,-) 
  m_core/add_139_41_spec0_g16188__6783/Y -       B->Y  F     XOR2XL         1  0.3     6    33     657    (-,-) 
  m_core/g16384/Y                        -       A->Y  R     XOR2XL         1  1.2    17    42     699    (-,-) 
  m_core/g16357/Y                        -       B->Y  R     CLKAND2X8      1 50.0    50    50     749    (-,-) 
  R[15]                                  -       -     R     (port)         -    -     -     0     749    (-,-) 
#---------------------------------------------------------------------------------------------------------------



Path 4: MET (2 ps) Late External Delay Assertion at pin R[11]
          Group: vclk
     Startpoint: (F) Conf_Bit_Mask[2]
          Clock: (R) vclk
       Endpoint: (R) R[11]
          Clock: (R) vclk

                     Capture       Launch     
        Clock Edge:+    1000            0     
        Drv Adjust:+       0            0     
       Src Latency:+       0            0     
       Net Latency:+       0 (I)        0 (I) 
           Arrival:=    1000            0     
                                              
      Output Delay:-     200                  
       Uncertainty:-      50                  
     Required Time:=     750                  
      Launch Clock:-       0                  
       Input Delay:-     200                  
         Data Path:-     548                  
             Slack:=       2                  

Exceptions/Constraints:
  input_delay              200             fplns_UINT8.sdc_line_14_19_1 
  output_delay             200             fplns_UINT8.sdc_line_15_24_1 

#----------------------------------------------------------------------------------------------------------------
#             Timing Point               Flags    Arc   Edge   Cell     Fanout Load Trans Delay Arrival Instance 
#                                                                              (fF)  (ps)  (ps)   (ps)  Location 
#----------------------------------------------------------------------------------------------------------------
  Conf_Bit_Mask[2]                       -       -      F     (arrival)      6  4.6     0     0     200    (-,-) 
  m_core/g15246/Y                        -       A->Y   R     INVX2          1  0.5     3     5     205    (-,-) 
  m_core/g15191__8428/Y                  -       A->Y   F     MXI2X1         2  0.9    24    21     226    (-,-) 
  m_core/g15127__5122/Y                  -       A->Y   R     NAND2X1        1  0.5    11    15     241    (-,-) 
  m_core/g16403/Y                        -       B0->Y  F     OAI21X1        2  1.0    24    21     262    (-,-) 
  m_core/g16344__2346/Y                  -       S0->Y  F     MXI2XL         2  0.4    22    23     285    (-,-) 
  m_core/g15047__6417/Y                  -       A1N->Y F     AOI2BB1X1      3  0.8    12    31     316    (-,-) 
  m_core/fopt16339/Y                     -       A->Y   R     INVXL          2  1.0    14    14     330    (-,-) 
  m_core/g15021__5122/Y                  -       B->Y   F     NAND2X1        3  0.6    18    16     345    (-,-) 
  m_core/g15005__2398/Y                  -       B->Y   R     NAND2XL        1  0.5    12    13     358    (-,-) 
  m_core/g14991__5115/Y                  -       A1->Y  F     AOI21X1        2  0.8    21    21     379    (-,-) 
  m_core/g14975__5526/Y                  -       A->Y   R     NOR2X1         2  0.8    19    20     399    (-,-) 
  m_core/g14941__7482/Y                  -       A1->Y  F     AOI31X1        1  0.4    27    31     431    (-,-) 
  m_core/g14938__6131/Y                  -       B0->Y  R     OAI2BB1X1      3  1.5    19    19     450    (-,-) 
  m_core/g14932__2802/Y                  -       B->Y   F     NOR2XL         1  0.3    10    12     462    (-,-) 
  m_core/g14927__3680/Y                  -       AN->Y  F     NAND2BX1       1  0.8    17    25     487    (-,-) 
  m_core/fopt37/Y                        -       A->Y   R     INVX2          5  2.8    14    13     501    (-,-) 
  m_core/fopt35/Y                        -       A->Y   F     INVXL          2  0.4     7    10     511    (-,-) 
  m_core/g14916__6417/Y                  -       B->Y   R     NAND2XL        1  0.3     9     8     519    (-,-) 
  m_core/g14890__8246/Y                  -       AN->Y  R     NOR2BX1        3  0.9    18    26     545    (-,-) 
  m_core/g16392/Y                        -       B->Y   R     MX2XL          3  0.9    14    34     579    (-,-) 
  m_core/g14788__7098/Y                  -       AN->Y  R     NAND2BXL       1  0.5    14    17     597    (-,-) 
  m_core/g14779__5526/Y                  -       B0->Y  F     OAI2BB1X1      2  0.8    18    19     615    (-,-) 
  m_core/add_139_41_spec0_g16222__5122/Y -       B->Y   R     NAND2X1        2  0.8    11    13     628    (-,-) 
  m_core/g16414/Y                        -       B0->Y  F     OAI21X1        1  0.3    16    17     645    (-,-) 
  m_core/g16386/Y                        -       A->Y   R     XOR2XL         1  1.0    15    42     687    (-,-) 
  m_core/g16358/Y                        -       B->Y   R     AND2X8         1 50.0    54    61     748    (-,-) 
  R[11]                                  -       -      R     (port)         -    -     -     0     748    (-,-) 
#----------------------------------------------------------------------------------------------------------------



Path 5: MET (2 ps) Late External Delay Assertion at pin R[1]
          Group: vclk
     Startpoint: (F) Conf_Bit_Mask[2]
          Clock: (R) vclk
       Endpoint: (F) R[1]
          Clock: (R) vclk

                     Capture       Launch     
        Clock Edge:+    1000            0     
        Drv Adjust:+       0            0     
       Src Latency:+       0            0     
       Net Latency:+       0 (I)        0 (I) 
           Arrival:=    1000            0     
                                              
      Output Delay:-     200                  
       Uncertainty:-      50                  
     Required Time:=     750                  
      Launch Clock:-       0                  
       Input Delay:-     200                  
         Data Path:-     548                  
             Slack:=       2                  

Exceptions/Constraints:
  input_delay              200             fplns_UINT8.sdc_line_14_19_1 
  output_delay             200             fplns_UINT8.sdc_line_15_34_1 

#-----------------------------------------------------------------------------------------------
#     Timing Point      Flags    Arc   Edge   Cell     Fanout Load Trans Delay Arrival Instance 
#                                                             (fF)  (ps)  (ps)   (ps)  Location 
#-----------------------------------------------------------------------------------------------
  Conf_Bit_Mask[2]      -       -      F     (arrival)      6  4.6     0     0     200    (-,-) 
  m_core/g15246/Y       -       A->Y   R     INVX2          1  0.5     3     5     205    (-,-) 
  m_core/g15191__8428/Y -       A->Y   F     MXI2X1         2  0.9    24    21     226    (-,-) 
  m_core/g15127__5122/Y -       A->Y   R     NAND2X1        1  0.5    11    15     241    (-,-) 
  m_core/g16403/Y       -       B0->Y  F     OAI21X1        2  1.0    24    21     262    (-,-) 
  m_core/g16344__2346/Y -       S0->Y  F     MXI2XL         2  0.4    22    23     285    (-,-) 
  m_core/g15047__6417/Y -       A1N->Y F     AOI2BB1X1      3  0.8    12    31     316    (-,-) 
  m_core/fopt16339/Y    -       A->Y   R     INVXL          2  1.0    14    14     330    (-,-) 
  m_core/g15021__5122/Y -       B->Y   F     NAND2X1        3  0.6    18    16     345    (-,-) 
  m_core/g15005__2398/Y -       B->Y   R     NAND2XL        1  0.5    12    13     358    (-,-) 
  m_core/g14991__5115/Y -       A1->Y  F     AOI21X1        2  0.8    21    21     379    (-,-) 
  m_core/g14975__5526/Y -       A->Y   R     NOR2X1         2  0.8    19    20     399    (-,-) 
  m_core/g14941__7482/Y -       A1->Y  F     AOI31X1        1  0.4    27    31     431    (-,-) 
  m_core/g14938__6131/Y -       B0->Y  R     OAI2BB1X1      3  1.5    19    19     450    (-,-) 
  m_core/g14932__2802/Y -       B->Y   F     NOR2XL         1  0.3    10    12     462    (-,-) 
  m_core/g14927__3680/Y -       AN->Y  F     NAND2BX1       1  0.8    17    25     487    (-,-) 
  m_core/fopt37/Y       -       A->Y   R     INVX2          5  2.8    14    13     501    (-,-) 
  m_core/fopt33/Y       -       A->Y   F     INVX3          7  3.1    11    12     512    (-,-) 
  m_core/fopt32/Y       -       A->Y   R     INVX2          5  2.1    10    11     523    (-,-) 
  m_core/fopt24/Y       -       A->Y   F     INVX1          9  3.5    25    20     543    (-,-) 
  m_core/g16378/Y       -       A1->Y  F     AO21XL         2  0.7    11    31     574    (-,-) 
  m_core/g16363/Y       -       A->Y   F     MX2XL          1  0.3     6    31     605    (-,-) 
  m_core/g16408/Y       -       A0->Y  R     AOI22XL        1  0.3    24    24     628    (-,-) 
  m_core/g8538__3680/Y  -       B1->Y  F     OAI22XL        1  0.5    27    25     653    (-,-) 
  m_core/g8530__5107/Y  -       A->Y   F     OR2X4          1 50.0   102    95     748    (-,-) 
  R[1]                  -       -      F     (port)         -    -     -     0     748    (-,-) 
#-----------------------------------------------------------------------------------------------



Path 6: MET (3 ps) Late External Delay Assertion at pin R[14]
          Group: vclk
     Startpoint: (R) A[6]
          Clock: (R) vclk
       Endpoint: (R) R[14]
          Clock: (R) vclk

                     Capture       Launch     
        Clock Edge:+    1000            0     
        Drv Adjust:+       0            0     
       Src Latency:+       0            0     
       Net Latency:+       0 (I)        0 (I) 
           Arrival:=    1000            0     
                                              
      Output Delay:-     200                  
       Uncertainty:-      50                  
     Required Time:=     750                  
      Launch Clock:-       0                  
       Input Delay:-     200                  
         Data Path:-     547                  
             Slack:=       3                  

Exceptions/Constraints:
  input_delay              200             fplns_UINT8.sdc_line_14_1_1  
  output_delay             200             fplns_UINT8.sdc_line_15_21_1 

#----------------------------------------------------------------------------------------------------------------
#             Timing Point               Flags   Arc   Edge    Cell     Fanout Load Trans Delay Arrival Instance 
#                                                                              (fF)  (ps)  (ps)   (ps)  Location 
#----------------------------------------------------------------------------------------------------------------
  A[6]                                   -       -     R     (arrival)       4  3.2     0     0     200    (-,-) 
  m_core/g15213__7482/Y                  -       A->Y  F     NOR2X4          4  2.0     8     9     209    (-,-) 
  m_core/g15184__5477/Y                  -       B->Y  R     NAND2X1         5  1.9    16    14     223    (-,-) 
  m_core/g15153__6260/Y                  -       B->Y  F     NOR2X1          1  0.4     9    11     234    (-,-) 
  m_core/g15133__5115/Y                  -       C0->Y R     AOI211X1        1  0.5    28    22     255    (-,-) 
  m_core/g15099__5122/Y                  -       C->Y  F     NAND3BX1        3  0.8    30    28     283    (-,-) 
  m_core/g15076__2883/Y                  -       B->Y  R     NAND2XL         1  0.3    11    16     299    (-,-) 
  m_core/g16396/Y                        -       AN->Y R     NOR3BXL         1  0.6    32    36     336    (-,-) 
  m_core/g15010__4319/Y                  -       B->Y  F     CLKXOR2X1       3  1.5    14    43     379    (-,-) 
  m_core/g14976__6783/Y                  -       C->Y  R     NAND3X1         1  0.5    14    11     390    (-,-) 
  m_core/g14950__2883/Y                  -       A1->Y F     OAI21X1         1  0.4    17    17     407    (-,-) 
  m_core/g14941__7482/Y                  -       B0->Y R     AOI31X1         1  0.5    20    20     427    (-,-) 
  m_core/g14938__6131/Y                  -       B0->Y F     OAI2BB1X1       3  1.2    23    23     451    (-,-) 
  m_core/g14932__2802/Y                  -       B->Y  R     NOR2XL          1  0.3    15    17     468    (-,-) 
  m_core/g14927__3680/Y                  -       AN->Y R     NAND2BX1        1  1.0    12    20     488    (-,-) 
  m_core/fopt37/Y                        -       A->Y  F     INVX2           5  2.3    11    12     500    (-,-) 
  m_core/fopt33/Y                        -       A->Y  R     INVX3           7  3.8    12    11     512    (-,-) 
  m_core/g16381/Y                        -       B->Y  F     NAND2BX1        2  0.7    16    16     527    (-,-) 
  m_core/g14892__6131/Y                  -       AN->Y F     NOR2BX1         2  0.6    10    20     548    (-,-) 
  m_core/g14851__2883/Y                  -       B->Y  R     MXI2XL          2  0.8    30    26     573    (-,-) 
  m_core/g14807__1666/Y                  -       B1->Y F     AOI22X1         2  0.6    29    22     595    (-,-) 
  m_core/g14777__8428/Y                  -       A1->Y R     OAI21X1         2  0.6    22    24     619    (-,-) 
  m_core/add_139_41_spec0_g16225__6131/Y -       B->Y  R     AND2XL          2  0.9    13    27     646    (-,-) 
  m_core/g16417/Y                        -       B0->Y F     AOI2BB1XL       1  0.3     9    12     658    (-,-) 
  m_core/add_139_41_spec0_g16097__5477/Y -       A->Y  R     XNOR2X1         1  1.8    16    46     704    (-,-) 
  m_core/g16359/Y                        -       B->Y  R     CLKAND2X12      1 50.0    37    43     747    (-,-) 
  R[14]                                  -       -     R     (port)          -    -     -     0     747    (-,-) 
#----------------------------------------------------------------------------------------------------------------



Path 7: MET (7 ps) Late External Delay Assertion at pin R[2]
          Group: vclk
     Startpoint: (F) Conf_Bit_Mask[2]
          Clock: (R) vclk
       Endpoint: (F) R[2]
          Clock: (R) vclk

                     Capture       Launch     
        Clock Edge:+    1000            0     
        Drv Adjust:+       0            0     
       Src Latency:+       0            0     
       Net Latency:+       0 (I)        0 (I) 
           Arrival:=    1000            0     
                                              
      Output Delay:-     200                  
       Uncertainty:-      50                  
     Required Time:=     750                  
      Launch Clock:-       0                  
       Input Delay:-     200                  
         Data Path:-     543                  
             Slack:=       7                  

Exceptions/Constraints:
  input_delay              200             fplns_UINT8.sdc_line_14_19_1 
  output_delay             200             fplns_UINT8.sdc_line_15_33_1 

#-----------------------------------------------------------------------------------------------
#     Timing Point      Flags    Arc   Edge   Cell     Fanout Load Trans Delay Arrival Instance 
#                                                             (fF)  (ps)  (ps)   (ps)  Location 
#-----------------------------------------------------------------------------------------------
  Conf_Bit_Mask[2]      -       -      F     (arrival)      6  4.6     0     0     200    (-,-) 
  m_core/g15246/Y       -       A->Y   R     INVX2          1  0.5     3     5     205    (-,-) 
  m_core/g15191__8428/Y -       A->Y   F     MXI2X1         2  0.9    24    21     226    (-,-) 
  m_core/g15127__5122/Y -       A->Y   R     NAND2X1        1  0.5    11    15     241    (-,-) 
  m_core/g16403/Y       -       B0->Y  F     OAI21X1        2  1.0    24    21     262    (-,-) 
  m_core/g16344__2346/Y -       S0->Y  F     MXI2XL         2  0.4    22    23     285    (-,-) 
  m_core/g15047__6417/Y -       A1N->Y F     AOI2BB1X1      3  0.8    12    31     316    (-,-) 
  m_core/fopt16339/Y    -       A->Y   R     INVXL          2  1.0    14    14     330    (-,-) 
  m_core/g15021__5122/Y -       B->Y   F     NAND2X1        3  0.6    18    16     345    (-,-) 
  m_core/g15005__2398/Y -       B->Y   R     NAND2XL        1  0.5    12    13     358    (-,-) 
  m_core/g14991__5115/Y -       A1->Y  F     AOI21X1        2  0.8    21    21     379    (-,-) 
  m_core/g14975__5526/Y -       A->Y   R     NOR2X1         2  0.8    19    20     399    (-,-) 
  m_core/g14941__7482/Y -       A1->Y  F     AOI31X1        1  0.4    27    31     431    (-,-) 
  m_core/g14938__6131/Y -       B0->Y  R     OAI2BB1X1      3  1.5    19    19     450    (-,-) 
  m_core/g14936/Y       -       A->Y   F     INVXL          1  0.2     6    11     461    (-,-) 
  m_core/g14926__6783/Y -       A1N->Y F     AOI2BB1X1      2  0.9    12    29     490    (-,-) 
  m_core/g14909__1666/Y -       A1->Y  R     OAI21X1        2  0.9    23    20     510    (-,-) 
  m_core/g14887__5122/Y -       B->Y   F     CLKXOR2X1      5  1.8    16    43     553    (-,-) 
  m_core/g16245/Y       -       A->Y   R     INVX1          6  2.6    21    18     571    (-,-) 
  m_core/g8606__6161/Y  -       B->Y   F     NOR2X1         3  1.0    16    15     586    (-,-) 
  m_core/g8590__6783/Y  -       A1->Y  R     AOI221X1       1  0.3    29    34     620    (-,-) 
  m_core/g8545__8246/Y  -       A1->Y  F     OAI22XL        1  0.4    25    28     647    (-,-) 
  m_core/g8541__2802/Y  -       B0->Y  F     AO21X4         1 50.0   102    96     743    (-,-) 
  R[2]                  -       -      F     (port)         -    -     -     0     743    (-,-) 
#-----------------------------------------------------------------------------------------------



Path 8: MET (8 ps) Late External Delay Assertion at pin R[12]
          Group: vclk
     Startpoint: (R) A[6]
          Clock: (R) vclk
       Endpoint: (R) R[12]
          Clock: (R) vclk

                     Capture       Launch     
        Clock Edge:+    1000            0     
        Drv Adjust:+       0            0     
       Src Latency:+       0            0     
       Net Latency:+       0 (I)        0 (I) 
           Arrival:=    1000            0     
                                              
      Output Delay:-     200                  
       Uncertainty:-      50                  
     Required Time:=     750                  
      Launch Clock:-       0                  
       Input Delay:-     200                  
         Data Path:-     542                  
             Slack:=       8                  

Exceptions/Constraints:
  input_delay              200             fplns_UINT8.sdc_line_14_1_1  
  output_delay             200             fplns_UINT8.sdc_line_15_23_1 

#-------------------------------------------------------------------------------------------------
#      Timing Point       Flags    Arc   Edge   Cell     Fanout Load Trans Delay Arrival Instance 
#                                                               (fF)  (ps)  (ps)   (ps)  Location 
#-------------------------------------------------------------------------------------------------
  A[6]                    -       -      R     (arrival)      4  3.2     0     0     200    (-,-) 
  m_core/g15213__7482/Y   -       A->Y   F     NOR2X4         4  2.0     8     9     209    (-,-) 
  m_core/g15184__5477/Y   -       B->Y   R     NAND2X1        5  1.9    16    14     223    (-,-) 
  m_core/g15153__6260/Y   -       B->Y   F     NOR2X1         1  0.4     9    11     234    (-,-) 
  m_core/g15133__5115/Y   -       C0->Y  R     AOI211X1       1  0.5    28    22     255    (-,-) 
  m_core/g15099__5122/Y   -       C->Y   F     NAND3BX1       3  0.8    30    28     283    (-,-) 
  m_core/g15076__2883/Y   -       B->Y   R     NAND2XL        1  0.3    11    16     299    (-,-) 
  m_core/g16396/Y         -       AN->Y  R     NOR3BXL        1  0.6    32    36     336    (-,-) 
  m_core/g15010__4319/Y   -       B->Y   F     CLKXOR2X1      3  1.5    14    43     379    (-,-) 
  m_core/g14976__6783/Y   -       C->Y   R     NAND3X1        1  0.5    14    11     390    (-,-) 
  m_core/g14950__2883/Y   -       A1->Y  F     OAI21X1        1  0.4    17    17     407    (-,-) 
  m_core/g14941__7482/Y   -       B0->Y  R     AOI31X1        1  0.5    20    20     427    (-,-) 
  m_core/g14938__6131/Y   -       B0->Y  F     OAI2BB1X1      3  1.2    23    23     451    (-,-) 
  m_core/g14932__2802/Y   -       B->Y   R     NOR2XL         1  0.3    15    17     468    (-,-) 
  m_core/g14927__3680/Y   -       AN->Y  R     NAND2BX1       1  1.0    12    20     488    (-,-) 
  m_core/fopt37/Y         -       A->Y   F     INVX2          5  2.3    11    12     500    (-,-) 
  m_core/fopt33/Y         -       A->Y   R     INVX3          7  3.8    12    11     512    (-,-) 
  m_core/g16381/Y         -       B->Y   F     NAND2BX1       2  0.7    16    16     527    (-,-) 
  m_core/g14892__6131/Y   -       AN->Y  F     NOR2BX1        2  0.6    10    20     548    (-,-) 
  m_core/g14850__9945/Y   -       A->Y   R     MXI2XL         2  0.6    26    23     570    (-,-) 
  m_core/g16365/Y         -       A->Y   R     MX2XL          2  0.6    10    34     605    (-,-) 
  m_core/g14778_0__6260/Y -       A1N->Y R     OAI2BB1X1      1  0.5    11    26     631    (-,-) 
  m_core/g16415/Y         -       A1->Y  F     OAI21X1        1  0.5    18    16     647    (-,-) 
  m_core/g16385/Y         -       B->Y   R     XOR2XL         1  1.0    15    31     678    (-,-) 
  m_core/g16356/Y         -       B->Y   R     AND2X6         1 50.0    66    64     742    (-,-) 
  R[12]                   -       -      R     (port)         -    -     -     0     742    (-,-) 
#-------------------------------------------------------------------------------------------------



Path 9: MET (8 ps) Late External Delay Assertion at pin R[0]
          Group: vclk
     Startpoint: (F) Conf_Bit_Mask[2]
          Clock: (R) vclk
       Endpoint: (R) R[0]
          Clock: (R) vclk

                     Capture       Launch     
        Clock Edge:+    1000            0     
        Drv Adjust:+       0            0     
       Src Latency:+       0            0     
       Net Latency:+       0 (I)        0 (I) 
           Arrival:=    1000            0     
                                              
      Output Delay:-     200                  
       Uncertainty:-      50                  
     Required Time:=     750                  
      Launch Clock:-       0                  
       Input Delay:-     200                  
         Data Path:-     542                  
             Slack:=       8                  

Exceptions/Constraints:
  input_delay              200             fplns_UINT8.sdc_line_14_19_1 
  output_delay             200             fplns_UINT8.sdc_line_15_35_1 

#-----------------------------------------------------------------------------------------------
#     Timing Point      Flags    Arc   Edge   Cell     Fanout Load Trans Delay Arrival Instance 
#                                                             (fF)  (ps)  (ps)   (ps)  Location 
#-----------------------------------------------------------------------------------------------
  Conf_Bit_Mask[2]      -       -      F     (arrival)      6  4.6     0     0     200    (-,-) 
  m_core/g15246/Y       -       A->Y   R     INVX2          1  0.5     3     5     205    (-,-) 
  m_core/g15191__8428/Y -       A->Y   F     MXI2X1         2  0.9    24    21     226    (-,-) 
  m_core/g15127__5122/Y -       A->Y   R     NAND2X1        1  0.5    11    15     241    (-,-) 
  m_core/g16403/Y       -       B0->Y  F     OAI21X1        2  1.0    24    21     262    (-,-) 
  m_core/g16344__2346/Y -       S0->Y  F     MXI2XL         2  0.4    22    23     285    (-,-) 
  m_core/g15047__6417/Y -       A1N->Y F     AOI2BB1X1      3  0.8    12    31     316    (-,-) 
  m_core/fopt16339/Y    -       A->Y   R     INVXL          2  1.0    14    14     330    (-,-) 
  m_core/g15021__5122/Y -       B->Y   F     NAND2X1        3  0.6    18    16     345    (-,-) 
  m_core/g15005__2398/Y -       B->Y   R     NAND2XL        1  0.5    12    13     358    (-,-) 
  m_core/g14991__5115/Y -       A1->Y  F     AOI21X1        2  0.8    21    21     379    (-,-) 
  m_core/g14975__5526/Y -       A->Y   R     NOR2X1         2  0.8    19    20     399    (-,-) 
  m_core/g14941__7482/Y -       A1->Y  F     AOI31X1        1  0.4    27    31     431    (-,-) 
  m_core/g14938__6131/Y -       B0->Y  R     OAI2BB1X1      3  1.5    19    19     450    (-,-) 
  m_core/g14936/Y       -       A->Y   F     INVXL          1  0.2     6    11     461    (-,-) 
  m_core/g14926__6783/Y -       A1N->Y F     AOI2BB1X1      2  0.9    12    29     490    (-,-) 
  m_core/g14909__1666/Y -       A1->Y  R     OAI21X1        2  0.9    23    20     510    (-,-) 
  m_core/g14887__5122/Y -       B->Y   F     CLKXOR2X1      5  1.8    16    43     553    (-,-) 
  m_core/g16245/Y       -       A->Y   R     INVX1          6  2.6    21    18     571    (-,-) 
  m_core/g8620__2346/Y  -       B->Y   F     NOR2BX1        3  1.2    14    15     587    (-,-) 
  m_core/g8604/Y        -       A->Y   R     INVX1          2  0.8     9    11     597    (-,-) 
  m_core/g16364/Y       -       B->Y   F     NOR2BX1        1  0.4     8     9     606    (-,-) 
  m_core/g8575__6260/Y  -       C0->Y  R     AOI221X1       1  0.6    34    26     632    (-,-) 
  m_core/g8543__5122/Y  -       B->Y   F     XOR2XL         1  0.2     5    34     666    (-,-) 
  m_core/g8539__1617/Y  -       B->Y   R     NOR2XL         1  1.0    28    20     686    (-,-) 
  m_core/g8536__5526/Y  -       B->Y   R     OR2X6          1 50.0    63    56     742    (-,-) 
  R[0]                  -       -      R     (port)         -    -     -     0     742    (-,-) 
#-----------------------------------------------------------------------------------------------



Path 10: MET (13 ps) Late External Delay Assertion at pin R[3]
          Group: vclk
     Startpoint: (R) A[6]
          Clock: (R) vclk
       Endpoint: (R) R[3]
          Clock: (R) vclk

                     Capture       Launch     
        Clock Edge:+    1000            0     
        Drv Adjust:+       0            0     
       Src Latency:+       0            0     
       Net Latency:+       0 (I)        0 (I) 
           Arrival:=    1000            0     
                                              
      Output Delay:-     200                  
       Uncertainty:-      50                  
     Required Time:=     750                  
      Launch Clock:-       0                  
       Input Delay:-     200                  
         Data Path:-     537                  
             Slack:=      13                  

Exceptions/Constraints:
  input_delay              200             fplns_UINT8.sdc_line_14_1_1  
  output_delay             200             fplns_UINT8.sdc_line_15_32_1 

#-----------------------------------------------------------------------------------------------
#     Timing Point      Flags    Arc   Edge   Cell     Fanout Load Trans Delay Arrival Instance 
#                                                             (fF)  (ps)  (ps)   (ps)  Location 
#-----------------------------------------------------------------------------------------------
  A[6]                  -       -      R     (arrival)      4  3.2     0     0     200    (-,-) 
  m_core/g15213__7482/Y -       A->Y   F     NOR2X4         4  2.0     8     9     209    (-,-) 
  m_core/g15184__5477/Y -       B->Y   R     NAND2X1        5  1.9    16    14     223    (-,-) 
  m_core/g15153__6260/Y -       B->Y   F     NOR2X1         1  0.4     9    11     234    (-,-) 
  m_core/g15133__5115/Y -       C0->Y  R     AOI211X1       1  0.5    28    22     255    (-,-) 
  m_core/g15099__5122/Y -       C->Y   F     NAND3BX1       3  0.8    30    28     283    (-,-) 
  m_core/g15076__2883/Y -       B->Y   R     NAND2XL        1  0.3    11    16     299    (-,-) 
  m_core/g16396/Y       -       AN->Y  R     NOR3BXL        1  0.6    32    36     336    (-,-) 
  m_core/g15010__4319/Y -       B->Y   F     CLKXOR2X1      3  1.5    14    43     379    (-,-) 
  m_core/g14976__6783/Y -       C->Y   R     NAND3X1        1  0.5    14    11     390    (-,-) 
  m_core/g14950__2883/Y -       A1->Y  F     OAI21X1        1  0.4    17    17     407    (-,-) 
  m_core/g14941__7482/Y -       B0->Y  R     AOI31X1        1  0.5    20    20     427    (-,-) 
  m_core/g14938__6131/Y -       B0->Y  F     OAI2BB1X1      3  1.2    23    23     451    (-,-) 
  m_core/g14933__1705/Y -       B->Y   R     NAND2X2        2  1.0    10    12     463    (-,-) 
  m_core/g14931/Y       -       A->Y   F     INVX1          3  1.1    10    11     474    (-,-) 
  m_core/g16347__5477/Y -       A1N->Y F     OAI2BB1X1      2  0.6    15    24     497    (-,-) 
  m_core/g14863__6260/Y -       B->Y   R     NAND2BXL       1  0.3     9    11     508    (-,-) 
  m_core/g16413/Y       -       A->Y   R     AND3XL         2  0.8    13    39     548    (-,-) 
  m_core/g8588__8428/Y  -       B->Y   R     AND2X1         5  2.3    19    34     582    (-,-) 
  m_core/g8576__4319/Y  -       B->Y   F     NAND2XL        2  0.5    18    18     600    (-,-) 
  m_core/g8553__5115/Y  -       B->Y   R     NOR2XL         1  0.5    18    18     618    (-,-) 
  m_core/g8546__7098/Y  -       B0->Y  F     AOI31X1        3  1.0    37    14     632    (-,-) 
  m_core/g8537__6783/Y  -       A1->Y  R     OAI22X1        1  0.5    32    29     661    (-,-) 
  m_core/g16369/Y       -       B0->Y  R     AO21X4         1 50.0    95    76     737    (-,-) 
  R[3]                  -       -      R     (port)         -    -     -     0     737    (-,-) 
#-----------------------------------------------------------------------------------------------



Path 11: MET (15 ps) Late External Delay Assertion at pin R[5]
          Group: vclk
     Startpoint: (R) A[6]
          Clock: (R) vclk
       Endpoint: (R) R[5]
          Clock: (R) vclk

                     Capture       Launch     
        Clock Edge:+    1000            0     
        Drv Adjust:+       0            0     
       Src Latency:+       0            0     
       Net Latency:+       0 (I)        0 (I) 
           Arrival:=    1000            0     
                                              
      Output Delay:-     200                  
       Uncertainty:-      50                  
     Required Time:=     750                  
      Launch Clock:-       0                  
       Input Delay:-     200                  
         Data Path:-     535                  
             Slack:=      15                  

Exceptions/Constraints:
  input_delay              200             fplns_UINT8.sdc_line_14_1_1  
  output_delay             200             fplns_UINT8.sdc_line_15_30_1 

#-----------------------------------------------------------------------------------------------
#     Timing Point      Flags    Arc   Edge   Cell     Fanout Load Trans Delay Arrival Instance 
#                                                             (fF)  (ps)  (ps)   (ps)  Location 
#-----------------------------------------------------------------------------------------------
  A[6]                  -       -      R     (arrival)      4  3.2     0     0     200    (-,-) 
  m_core/g15213__7482/Y -       A->Y   F     NOR2X4         4  2.0     8     9     209    (-,-) 
  m_core/g15184__5477/Y -       B->Y   R     NAND2X1        5  1.9    16    14     223    (-,-) 
  m_core/g15153__6260/Y -       B->Y   F     NOR2X1         1  0.4     9    11     234    (-,-) 
  m_core/g15133__5115/Y -       C0->Y  R     AOI211X1       1  0.5    28    22     255    (-,-) 
  m_core/g15099__5122/Y -       C->Y   F     NAND3BX1       3  0.8    30    28     283    (-,-) 
  m_core/g15076__2883/Y -       B->Y   R     NAND2XL        1  0.3    11    16     299    (-,-) 
  m_core/g16396/Y       -       AN->Y  R     NOR3BXL        1  0.6    32    36     336    (-,-) 
  m_core/g15010__4319/Y -       B->Y   F     CLKXOR2X1      3  1.5    14    43     379    (-,-) 
  m_core/g14976__6783/Y -       C->Y   R     NAND3X1        1  0.5    14    11     390    (-,-) 
  m_core/g14950__2883/Y -       A1->Y  F     OAI21X1        1  0.4    17    17     407    (-,-) 
  m_core/g14941__7482/Y -       B0->Y  R     AOI31X1        1  0.5    20    20     427    (-,-) 
  m_core/g14938__6131/Y -       B0->Y  F     OAI2BB1X1      3  1.2    23    23     451    (-,-) 
  m_core/g14933__1705/Y -       B->Y   R     NAND2X2        2  1.0    10    12     463    (-,-) 
  m_core/g14931/Y       -       A->Y   F     INVX1          3  1.1    10    11     474    (-,-) 
  m_core/g16347__5477/Y -       A1N->Y F     OAI2BB1X1      2  0.6    15    24     497    (-,-) 
  m_core/g14863__6260/Y -       B->Y   R     NAND2BXL       1  0.3     9    11     508    (-,-) 
  m_core/g16413/Y       -       A->Y   R     AND3XL         2  0.8    13    39     548    (-,-) 
  m_core/g8588__8428/Y  -       B->Y   R     AND2X1         5  2.3    19    34     582    (-,-) 
  m_core/g8576__4319/Y  -       B->Y   F     NAND2XL        2  0.5    18    18     600    (-,-) 
  m_core/g8553__5115/Y  -       B->Y   R     NOR2XL         1  0.5    18    18     618    (-,-) 
  m_core/g8546__7098/Y  -       B0->Y  F     AOI31X1        3  1.0    37    14     632    (-,-) 
  m_core/g8535__8428/Y  -       A1->Y  R     OAI21XL        1  0.5    26    29     660    (-,-) 
  m_core/g16368/Y       -       B0->Y  R     AO21X4         1 50.0    95    75     735    (-,-) 
  R[5]                  -       -      R     (port)         -    -     -     0     735    (-,-) 
#-----------------------------------------------------------------------------------------------



Path 12: MET (18 ps) Late External Delay Assertion at pin R[4]
          Group: vclk
     Startpoint: (F) Conf_Bit_Mask[2]
          Clock: (R) vclk
       Endpoint: (F) R[4]
          Clock: (R) vclk

                     Capture       Launch     
        Clock Edge:+    1000            0     
        Drv Adjust:+       0            0     
       Src Latency:+       0            0     
       Net Latency:+       0 (I)        0 (I) 
           Arrival:=    1000            0     
                                              
      Output Delay:-     200                  
       Uncertainty:-      50                  
     Required Time:=     750                  
      Launch Clock:-       0                  
       Input Delay:-     200                  
         Data Path:-     532                  
             Slack:=      18                  

Exceptions/Constraints:
  input_delay              200             fplns_UINT8.sdc_line_14_19_1 
  output_delay             200             fplns_UINT8.sdc_line_15_31_1 

#-----------------------------------------------------------------------------------------------
#     Timing Point      Flags    Arc   Edge   Cell     Fanout Load Trans Delay Arrival Instance 
#                                                             (fF)  (ps)  (ps)   (ps)  Location 
#-----------------------------------------------------------------------------------------------
  Conf_Bit_Mask[2]      -       -      F     (arrival)      6  4.6     0     0     200    (-,-) 
  m_core/g15246/Y       -       A->Y   R     INVX2          1  0.5     3     5     205    (-,-) 
  m_core/g15191__8428/Y -       A->Y   F     MXI2X1         2  0.9    24    21     226    (-,-) 
  m_core/g15127__5122/Y -       A->Y   R     NAND2X1        1  0.5    11    15     241    (-,-) 
  m_core/g16403/Y       -       B0->Y  F     OAI21X1        2  1.0    24    21     262    (-,-) 
  m_core/g16344__2346/Y -       S0->Y  F     MXI2XL         2  0.4    22    23     285    (-,-) 
  m_core/g15047__6417/Y -       A1N->Y F     AOI2BB1X1      3  0.8    12    31     316    (-,-) 
  m_core/fopt16339/Y    -       A->Y   R     INVXL          2  1.0    14    14     330    (-,-) 
  m_core/g15021__5122/Y -       B->Y   F     NAND2X1        3  0.6    18    16     345    (-,-) 
  m_core/g15005__2398/Y -       B->Y   R     NAND2XL        1  0.5    12    13     358    (-,-) 
  m_core/g14991__5115/Y -       A1->Y  F     AOI21X1        2  0.8    21    21     379    (-,-) 
  m_core/g14975__5526/Y -       A->Y   R     NOR2X1         2  0.8    19    20     399    (-,-) 
  m_core/g14941__7482/Y -       A1->Y  F     AOI31X1        1  0.4    27    31     431    (-,-) 
  m_core/g14938__6131/Y -       B0->Y  R     OAI2BB1X1      3  1.5    19    19     450    (-,-) 
  m_core/g14936/Y       -       A->Y   F     INVXL          1  0.2     6    11     461    (-,-) 
  m_core/g14926__6783/Y -       A1N->Y F     AOI2BB1X1      2  0.9    12    29     490    (-,-) 
  m_core/g14909__1666/Y -       A1->Y  R     OAI21X1        2  0.9    23    20     510    (-,-) 
  m_core/g14887__5122/Y -       B->Y   F     CLKXOR2X1      5  1.8    16    43     553    (-,-) 
  m_core/g16245/Y       -       A->Y   R     INVX1          6  2.6    21    18     571    (-,-) 
  m_core/g14877__3680/Y -       B->Y   F     NOR2X1         3  1.0    16    15     586    (-,-) 
  m_core/g16426/Y       -       AN->Y  F     NOR2BX1        3  1.1    14    22     608    (-,-) 
  m_core/g8589__5526/Y  -       B0->Y  R     AOI21XL        1  0.5    22    20     628    (-,-) 
  m_core/g8574__5107/Y  -       B->Y   F     NOR2X1         1  0.4     9    13     640    (-,-) 
  m_core/g16371/Y       -       B0->Y  F     AO21X4         1 50.0   102    92     732    (-,-) 
  R[4]                  -       -      F     (port)         -    -     -     0     732    (-,-) 
#-----------------------------------------------------------------------------------------------



Path 13: MET (31 ps) Late External Delay Assertion at pin R[9]
          Group: vclk
     Startpoint: (F) Conf_Bit_Mask[2]
          Clock: (R) vclk
       Endpoint: (F) R[9]
          Clock: (R) vclk

                     Capture       Launch     
        Clock Edge:+    1000            0     
        Drv Adjust:+       0            0     
       Src Latency:+       0            0     
       Net Latency:+       0 (I)        0 (I) 
           Arrival:=    1000            0     
                                              
      Output Delay:-     200                  
       Uncertainty:-      50                  
     Required Time:=     750                  
      Launch Clock:-       0                  
       Input Delay:-     200                  
         Data Path:-     519                  
             Slack:=      31                  

Exceptions/Constraints:
  input_delay              200             fplns_UINT8.sdc_line_14_19_1 
  output_delay             200             fplns_UINT8.sdc_line_15_26_1 

#----------------------------------------------------------------------------------------------------------------
#             Timing Point               Flags    Arc   Edge   Cell     Fanout Load Trans Delay Arrival Instance 
#                                                                              (fF)  (ps)  (ps)   (ps)  Location 
#----------------------------------------------------------------------------------------------------------------
  Conf_Bit_Mask[2]                       -       -      F     (arrival)      6  4.6     0     0     200    (-,-) 
  m_core/g15246/Y                        -       A->Y   R     INVX2          1  0.5     3     5     205    (-,-) 
  m_core/g15191__8428/Y                  -       A->Y   F     MXI2X1         2  0.9    24    21     226    (-,-) 
  m_core/g15127__5122/Y                  -       A->Y   R     NAND2X1        1  0.5    11    15     241    (-,-) 
  m_core/g16403/Y                        -       B0->Y  F     OAI21X1        2  1.0    24    21     262    (-,-) 
  m_core/g16344__2346/Y                  -       S0->Y  F     MXI2XL         2  0.4    22    23     285    (-,-) 
  m_core/g15047__6417/Y                  -       A1N->Y F     AOI2BB1X1      3  0.8    12    31     316    (-,-) 
  m_core/fopt16339/Y                     -       A->Y   R     INVXL          2  1.0    14    14     330    (-,-) 
  m_core/g15021__5122/Y                  -       B->Y   F     NAND2X1        3  0.6    18    16     345    (-,-) 
  m_core/g15005__2398/Y                  -       B->Y   R     NAND2XL        1  0.5    12    13     358    (-,-) 
  m_core/g14991__5115/Y                  -       A1->Y  F     AOI21X1        2  0.8    21    21     379    (-,-) 
  m_core/g14975__5526/Y                  -       A->Y   R     NOR2X1         2  0.8    19    20     399    (-,-) 
  m_core/g14941__7482/Y                  -       A1->Y  F     AOI31X1        1  0.4    27    31     431    (-,-) 
  m_core/g14938__6131/Y                  -       B0->Y  R     OAI2BB1X1      3  1.5    19    19     450    (-,-) 
  m_core/g14932__2802/Y                  -       B->Y   F     NOR2XL         1  0.3    10    12     462    (-,-) 
  m_core/g14927__3680/Y                  -       AN->Y  F     NAND2BX1       1  0.8    17    25     487    (-,-) 
  m_core/fopt37/Y                        -       A->Y   R     INVX2          5  2.8    14    13     501    (-,-) 
  m_core/fopt34/Y                        -       A->Y   F     INVX1          4  1.6    14    14     514    (-,-) 
  m_core/g14915__7410/Y                  -       B->Y   R     NOR2BX1        1  0.3    11    13     527    (-,-) 
  m_core/g14895__5115/Y                  -       B0->Y  F     AOI21XL        2  0.6    24    11     539    (-,-) 
  m_core/g15268__6131/Y                  -       AN->Y  F     NAND2BX1       2  0.4    12    25     563    (-,-) 
  m_core/g14824__6260/Y                  -       B->Y   R     NOR2XL         1  0.3    14    14     577    (-,-) 
  m_core/g3/Y                            -       B0->Y  F     AOI21XL        1  0.3    18    10     588    (-,-) 
  m_core/g2/Y                            -       A->Y   R     MXI2XL         2  0.8    30    28     615    (-,-) 
  m_core/add_139_41_spec0_g16223__8246/Y -       B->Y   F     NAND2XL        2  0.7    23    24     639    (-,-) 
  m_core/g16391/Y                        -       B0->Y  F     OA21X4         1 50.0   102    80     719    (-,-) 
  R[9]                                   -       -      F     (port)         -    -     -     0     719    (-,-) 
#----------------------------------------------------------------------------------------------------------------



Path 14: MET (33 ps) Late External Delay Assertion at pin R[8]
          Group: vclk
     Startpoint: (R) A[6]
          Clock: (R) vclk
       Endpoint: (F) R[8]
          Clock: (R) vclk

                     Capture       Launch     
        Clock Edge:+    1000            0     
        Drv Adjust:+       0            0     
       Src Latency:+       0            0     
       Net Latency:+       0 (I)        0 (I) 
           Arrival:=    1000            0     
                                              
      Output Delay:-     200                  
       Uncertainty:-      50                  
     Required Time:=     750                  
      Launch Clock:-       0                  
       Input Delay:-     200                  
         Data Path:-     517                  
             Slack:=      33                  

Exceptions/Constraints:
  input_delay              200             fplns_UINT8.sdc_line_14_1_1  
  output_delay             200             fplns_UINT8.sdc_line_15_27_1 

#----------------------------------------------------------------------------------------------
#     Timing Point      Flags   Arc   Edge   Cell     Fanout Load Trans Delay Arrival Instance 
#                                                            (fF)  (ps)  (ps)   (ps)  Location 
#----------------------------------------------------------------------------------------------
  A[6]                  -       -     R     (arrival)      4  3.2     0     0     200    (-,-) 
  m_core/g15213__7482/Y -       A->Y  F     NOR2X4         4  2.0     8     9     209    (-,-) 
  m_core/g15184__5477/Y -       B->Y  R     NAND2X1        5  1.9    16    14     223    (-,-) 
  m_core/g15153__6260/Y -       B->Y  F     NOR2X1         1  0.4     9    11     234    (-,-) 
  m_core/g15133__5115/Y -       C0->Y R     AOI211X1       1  0.5    28    22     255    (-,-) 
  m_core/g15099__5122/Y -       C->Y  F     NAND3BX1       3  0.8    30    28     283    (-,-) 
  m_core/g15076__2883/Y -       B->Y  R     NAND2XL        1  0.3    11    16     299    (-,-) 
  m_core/g16396/Y       -       AN->Y R     NOR3BXL        1  0.6    32    36     336    (-,-) 
  m_core/g15010__4319/Y -       B->Y  F     CLKXOR2X1      3  1.5    14    43     379    (-,-) 
  m_core/g14976__6783/Y -       C->Y  R     NAND3X1        1  0.5    14    11     390    (-,-) 
  m_core/g14950__2883/Y -       A1->Y F     OAI21X1        1  0.4    17    17     407    (-,-) 
  m_core/g14941__7482/Y -       B0->Y R     AOI31X1        1  0.5    20    20     427    (-,-) 
  m_core/g14938__6131/Y -       B0->Y F     OAI2BB1X1      3  1.2    23    23     451    (-,-) 
  m_core/g14933__1705/Y -       B->Y  R     NAND2X2        2  1.0    10    12     463    (-,-) 
  m_core/g14931/Y       -       A->Y  F     INVX1          3  1.1    10    11     474    (-,-) 
  m_core/g14899__6161/Y -       B->Y  R     XNOR2X1        4  1.6    15    39     513    (-,-) 
  m_core/fopt16319/Y    -       A->Y  R     CLKBUFX2       4  2.2    11    24     537    (-,-) 
  m_core/fopt16317/Y    -       A->Y  F     INVX1          3  1.0     9    11     548    (-,-) 
  m_core/g14872__5526/Y -       A->Y  R     NAND2XL        1  0.3     9    10     558    (-,-) 
  m_core/g14852__2346/Y -       B0->Y F     OAI21XL        2  0.6    22    20     578    (-,-) 
  m_core/g16421/Y       -       B->Y  R     MXI2XL         1  0.5    24    25     603    (-,-) 
  m_core/g14774__5107/Y -       B0->Y F     OAI2BB1X1      1  0.4    14    19     622    (-,-) 
  m_core/g16418/Y       -       A1->Y F     OA21X4         1 50.0   102    95     717    (-,-) 
  R[8]                  -       -     F     (port)         -    -     -     0     717    (-,-) 
#----------------------------------------------------------------------------------------------



Path 15: MET (35 ps) Late External Delay Assertion at pin R[7]
          Group: vclk
     Startpoint: (F) Conf_Bit_Mask[2]
          Clock: (R) vclk
       Endpoint: (F) R[7]
          Clock: (R) vclk

                     Capture       Launch     
        Clock Edge:+    1000            0     
        Drv Adjust:+       0            0     
       Src Latency:+       0            0     
       Net Latency:+       0 (I)        0 (I) 
           Arrival:=    1000            0     
                                              
      Output Delay:-     200                  
       Uncertainty:-      50                  
     Required Time:=     750                  
      Launch Clock:-       0                  
       Input Delay:-     200                  
         Data Path:-     515                  
             Slack:=      35                  

Exceptions/Constraints:
  input_delay              200             fplns_UINT8.sdc_line_14_19_1 
  output_delay             200             fplns_UINT8.sdc_line_15_28_1 

#-----------------------------------------------------------------------------------------------
#     Timing Point      Flags    Arc   Edge   Cell     Fanout Load Trans Delay Arrival Instance 
#                                                             (fF)  (ps)  (ps)   (ps)  Location 
#-----------------------------------------------------------------------------------------------
  Conf_Bit_Mask[2]      -       -      F     (arrival)      6  4.6     0     0     200    (-,-) 
  m_core/g15246/Y       -       A->Y   R     INVX2          1  0.5     3     5     205    (-,-) 
  m_core/g15191__8428/Y -       A->Y   F     MXI2X1         2  0.9    24    21     226    (-,-) 
  m_core/g15127__5122/Y -       A->Y   R     NAND2X1        1  0.5    11    15     241    (-,-) 
  m_core/g16403/Y       -       B0->Y  F     OAI21X1        2  1.0    24    21     262    (-,-) 
  m_core/g16344__2346/Y -       S0->Y  F     MXI2XL         2  0.4    22    23     285    (-,-) 
  m_core/g15047__6417/Y -       A1N->Y F     AOI2BB1X1      3  0.8    12    31     316    (-,-) 
  m_core/fopt16339/Y    -       A->Y   R     INVXL          2  1.0    14    14     330    (-,-) 
  m_core/g15021__5122/Y -       B->Y   F     NAND2X1        3  0.6    18    16     345    (-,-) 
  m_core/g15005__2398/Y -       B->Y   R     NAND2XL        1  0.5    12    13     358    (-,-) 
  m_core/g14991__5115/Y -       A1->Y  F     AOI21X1        2  0.8    21    21     379    (-,-) 
  m_core/g14975__5526/Y -       A->Y   R     NOR2X1         2  0.8    19    20     399    (-,-) 
  m_core/g14941__7482/Y -       A1->Y  F     AOI31X1        1  0.4    27    31     431    (-,-) 
  m_core/g14938__6131/Y -       B0->Y  R     OAI2BB1X1      3  1.5    19    19     450    (-,-) 
  m_core/g14932__2802/Y -       B->Y   F     NOR2XL         1  0.3    10    12     462    (-,-) 
  m_core/g14927__3680/Y -       AN->Y  F     NAND2BX1       1  0.8    17    25     487    (-,-) 
  m_core/fopt37/Y       -       A->Y   R     INVX2          5  2.8    14    13     501    (-,-) 
  m_core/fopt35/Y       -       A->Y   F     INVXL          2  0.4     7    10     511    (-,-) 
  m_core/g14916__6417/Y -       B->Y   R     NAND2XL        1  0.3     9     8     519    (-,-) 
  m_core/g14890__8246/Y -       AN->Y  R     NOR2BX1        3  0.9    18    26     545    (-,-) 
  m_core/g16392/Y       -       B->Y   R     MX2XL          3  0.9    14    34     579    (-,-) 
  m_core/g14812__2398/Y -       B->Y   F     NOR2XL         1  0.4    10    11     590    (-,-) 
  m_core/g14806__2346/Y -       B0->Y  R     AOI21X1        2  0.8    20    18     608    (-,-) 
  m_core/g14794__4733/Y -       B->Y   F     NOR2XL         1  0.4    10    13     621    (-,-) 
  m_core/g16419/Y       -       A1->Y  F     OA21X4         1 50.0   102    94     715    (-,-) 
  R[7]                  -       -      F     (port)         -    -     -     0     715    (-,-) 
#-----------------------------------------------------------------------------------------------



Path 16: MET (36 ps) Late External Delay Assertion at pin R[6]
          Group: vclk
     Startpoint: (R) A[6]
          Clock: (R) vclk
       Endpoint: (R) R[6]
          Clock: (R) vclk

                     Capture       Launch     
        Clock Edge:+    1000            0     
        Drv Adjust:+       0            0     
       Src Latency:+       0            0     
       Net Latency:+       0 (I)        0 (I) 
           Arrival:=    1000            0     
                                              
      Output Delay:-     200                  
       Uncertainty:-      50                  
     Required Time:=     750                  
      Launch Clock:-       0                  
       Input Delay:-     200                  
         Data Path:-     514                  
             Slack:=      36                  

Exceptions/Constraints:
  input_delay              200             fplns_UINT8.sdc_line_14_1_1  
  output_delay             200             fplns_UINT8.sdc_line_15_29_1 

#----------------------------------------------------------------------------------------------
#     Timing Point      Flags   Arc   Edge   Cell     Fanout Load Trans Delay Arrival Instance 
#                                                            (fF)  (ps)  (ps)   (ps)  Location 
#----------------------------------------------------------------------------------------------
  A[6]                  -       -     R     (arrival)      4  3.2     0     0     200    (-,-) 
  m_core/g15213__7482/Y -       A->Y  F     NOR2X4         4  2.0     8     9     209    (-,-) 
  m_core/g15184__5477/Y -       B->Y  R     NAND2X1        5  1.9    16    14     223    (-,-) 
  m_core/g15153__6260/Y -       B->Y  F     NOR2X1         1  0.4     9    11     234    (-,-) 
  m_core/g15133__5115/Y -       C0->Y R     AOI211X1       1  0.5    28    22     255    (-,-) 
  m_core/g15099__5122/Y -       C->Y  F     NAND3BX1       3  0.8    30    28     283    (-,-) 
  m_core/g15076__2883/Y -       B->Y  R     NAND2XL        1  0.3    11    16     299    (-,-) 
  m_core/g16396/Y       -       AN->Y R     NOR3BXL        1  0.6    32    36     336    (-,-) 
  m_core/g15010__4319/Y -       B->Y  F     CLKXOR2X1      3  1.5    14    43     379    (-,-) 
  m_core/g14976__6783/Y -       C->Y  R     NAND3X1        1  0.5    14    11     390    (-,-) 
  m_core/g14950__2883/Y -       A1->Y F     OAI21X1        1  0.4    17    17     407    (-,-) 
  m_core/g14941__7482/Y -       B0->Y R     AOI31X1        1  0.5    20    20     427    (-,-) 
  m_core/g14938__6131/Y -       B0->Y F     OAI2BB1X1      3  1.2    23    23     451    (-,-) 
  m_core/g14932__2802/Y -       B->Y  R     NOR2XL         1  0.3    15    17     468    (-,-) 
  m_core/g14927__3680/Y -       AN->Y R     NAND2BX1       1  1.0    12    20     488    (-,-) 
  m_core/fopt37/Y       -       A->Y  F     INVX2          5  2.3    11    12     500    (-,-) 
  m_core/fopt33/Y       -       A->Y  R     INVX3          7  3.8    12    11     512    (-,-) 
  m_core/g16381/Y       -       B->Y  F     NAND2BX1       2  0.7    16    16     527    (-,-) 
  m_core/g14892__6131/Y -       AN->Y F     NOR2BX1        2  0.6    10    20     548    (-,-) 
  m_core/g14851__2883/Y -       B->Y  R     MXI2XL         2  0.8    30    26     573    (-,-) 
  m_core/g14807__1666/Y -       B1->Y F     AOI22X1        2  0.6    29    22     595    (-,-) 
  m_core/g14784__2802/Y -       B->Y  R     NOR2XL         1  0.5    20    22     617    (-,-) 
  m_core/g16420/Y       -       A1->Y R     AO22X4         1 50.0    97    96     714    (-,-) 
  R[6]                  -       -     R     (port)         -    -     -     0     714    (-,-) 
#----------------------------------------------------------------------------------------------

