============================================================
  Generated by:           Genus(TM) Synthesis Solution 21.10-p002_1
  Generated on:           Apr 11 2026  03:09:25 pm
  Module:                 fixed_point_mul_p_1_L0
  Technology libraries:   fast_vdd1v0 1.0
                          physical_cells 
  Operating conditions:   PVT_1P1V_0C 
  Interconnect mode:      global
  Area mode:              physical library
============================================================

Timing
--------

Clock Period 
-------------
VCLK  1000.0 


  Cost    Critical              Violating 
 Group   Path Slack     TNS       Paths   
------------------------------------------
default    No paths        0.0            
VCLK         -940.4   -14593.2         16 
------------------------------------------
Total                 -14593.2         16 

Instance Count
--------------
Leaf Instance Count             1902 
Physical Instance count            0 
Sequential Instance Count          0 
Combinational Instance Count    1902 
Hierarchical Instance Count       12 

Area
----
Cell Area                          5067.705
Physical Cell Area                 0.000
Total Cell Area (Cell+Physical)    5067.705
Net Area                           10.340
Total Area (Cell+Physical+Net)     5078.045

Runtime                            0.0 seconds
Elapsed Runtime                    24 seconds
Genus peak memory usage            1651.98 
Innovus peak memory usage          no_value 
Hostname                           redhat315b
