

Working Directory = /home/redhat315bd/physical_design_nipun/Physical_design
QoS Summary for scaletrim_FP32
================================================================================
Metric                          scaletrim_FP32_syn_generic scaletrim_FP32_syn_map scaletrim_FP32_syn_opt
================================================================================
Slack (ps):                      -820            -460            -377
  R2R (ps):                  no_value        no_value        no_value
  I2R (ps):                  no_value        no_value        no_value
  R2O (ps):                  no_value        no_value        no_value
  I2O (ps):                      -820            -460            -377
  CG  (ps):                  no_value        no_value        no_value
TNS (ps):                     -24,465         -14,069         -11,566
  R2R (ps):                  no_value        no_value        no_value
  I2R (ps):                  no_value        no_value        no_value
  R2O (ps):                  no_value        no_value        no_value
  I2O (ps):                   -24,465         -14,069         -11,566
  CG  (ps):                  no_value        no_value        no_value
Failing Paths:                     31              31              31
Cell Area:                      2,286           1,184           1,365
Total Cell Area:                2,286           1,184           1,365
Leaf Instances:                   857             685             806
Total Instances:                  857             685             806
Utilization (%):                 0.00            0.00            0.00
Tot. Net Length (um):        no_value        no_value        no_value
Avg. Net Length (um):        no_value        no_value        no_value
Route Overflow H (%):        no_value        no_value        no_value
Route Overflow V (%):        no_value        no_value        no_value
MBCI(%) (bits/gate) :            0.00            0.00            0.00
Norm Cong Hotspot Area:
  Max Cong:                  no_value        no_value        no_value
  Tot Cong:                  no_value        no_value        no_value
================================================================================
CPU  Runtime (h:m:s):        00:30:19        00:30:05        00:32:12
Real Runtime (h:m:s):        00:30:19        00:30:06        00:32:14
CPU  Elapsed (h:m:s):        00:30:21        00:30:27        00:32:38
Real Elapsed (h:m:s):        00:30:20        00:30:26        00:32:40
Memory (MB):                  1684.57         1667.05         1665.88
================================================================================
================================================================================
Flow Settings:
================================================================================
Total Runtime (h:m:s): 00:32:39
Total Memory (MB):     1673.89
Executable Version:    21.10-p002_1
================================================================================
Total Cell Area =  Cell Area + Physical Cell Area
Total Instances =  Leaf Instances + Physical Instances


