Command: report datapath -all -print_inferred > ./genus/reports/unsigned_int_mul_p_2_L2/cadence_45nm/post_elaboration/syn_generic_datapath_report.rpt
============================================================
  Generated by:           Genus(TM) Synthesis Solution 21.10-p002_1
  Generated on:           Apr 11 2026  02:45:03 pm
  Module:                 unsigned_int_mul_p_2_L2
  Technology libraries:   fast_vdd1v0 1.0
                          physical_cells 
  Operating conditions:   PVT_1P1V_0C 
  Interconnect mode:      global
  Area mode:              physical library
============================================================


Inferred components

                     Operator  Signedness   Inputs   Outputs CellArea Line Col       Filename       
====================================================================================================
unsigned_int_mul_p_2_L2
 add_46_38
  
  module:add_unsigned_173
   very_fast             +     unsigned   3x3        4          41.40   46  38 unsigned_int_mul_p_2 
                                                                               _L2.v                
====================================================================================================
unsigned_int_mul_p_2_L2
 lod_a
  mux_reg_position_117_29
   
   module:mux
    very_fast           mux    n/a        8x3x3x3x3x 3          64.10  117  29 unsigned_int_mul_p_2 
                                          3x3x3x3                              _L2.v                
====================================================================================================
unsigned_int_mul_p_2_L2
 lod_b
  mux_reg_position_117_29
   
   module:mux
    very_fast           mux    n/a        8x3x3x3x3x 3          64.10  117  29 unsigned_int_mul_p_2 
                                          3x3x3x3                              _L2.v                
====================================================================================================
unsigned_int_mul_p_2_L2
 m_approx_t
  add_180_37
   
   module:add_unsigned_11
    very_fast            +     unsigned   8x6        9         150.90  180  37 unsigned_int_mul_p_2 
                                                                               _L2.v                
====================================================================================================
unsigned_int_mul_p_2_L2
 m_approx_t
  add_181_24
   
   module:add_unsigned_13
    very_fast            +     unsigned   9x9        10        196.30  181  24 unsigned_int_mul_p_2 
                                                                               _L2.v                
====================================================================================================
unsigned_int_mul_p_2_L2
 m_approx_t
  add_181_37
   
   module:add_unsigned_11
    very_fast            +     unsigned   8x6        9         150.90  181  37 unsigned_int_mul_p_2 
                                                                               _L2.v                
====================================================================================================
unsigned_int_mul_p_2_L2
 m_approx_t
  add_184_37
   
   module:add_unsigned_29
    very_fast            +     unsigned   8x7        9         165.59  184  37 unsigned_int_mul_p_2 
                                                                               _L2.v                
====================================================================================================
unsigned_int_mul_p_2_L2
 m_approx_t
  add_184_56
   
   module:add_unsigned_19
    very_fast            +     unsigned   9x6        9         154.90  184  56 unsigned_int_mul_p_2 
                                                                               _L2.v                
====================================================================================================
unsigned_int_mul_p_2_L2
 m_approx_t
  add_185_24
   
   module:add_unsigned_13
    very_fast            +     unsigned   9x9        10        196.30  185  24 unsigned_int_mul_p_2 
                                                                               _L2.v                
====================================================================================================
unsigned_int_mul_p_2_L2
 m_approx_t
  add_189_24
   
   module:add_unsigned_13
    very_fast            +     unsigned   9x9        10        196.30  189  24 unsigned_int_mul_p_2 
                                                                               _L2.v                
====================================================================================================
unsigned_int_mul_p_2_L2
 m_approx_t
  add_189_37
   
   module:add_unsigned_29
    very_fast            +     unsigned   8x7        9         165.59  189  37 unsigned_int_mul_p_2 
                                                                               _L2.v                
====================================================================================================
unsigned_int_mul_p_2_L2
 m_approx_t
  add_189_56
   
   module:add_unsigned_19
    very_fast            +     unsigned   9x6        9         154.90  189  56 unsigned_int_mul_p_2 
                                                                               _L2.v                
====================================================================================================
unsigned_int_mul_p_2_L2
 m_approx_t
  add_193_24
   
   module:add_unsigned_13
    very_fast            +     unsigned   9x9        10        196.30  193  24 unsigned_int_mul_p_2 
                                                                               _L2.v                
====================================================================================================
unsigned_int_mul_p_2_L2
 m_approx_t
  add_279_29
   
   module:add_unsigned
    very_fast            +     unsigned   16x16      16        401.94  279  29 unsigned_int_mul_p_2 
                                                                               _L2.v                
====================================================================================================
unsigned_int_mul_p_2_L2
 m_approx_t
  bms0
   add_312_31
    
    module:add_unsigned
     very_fast           +     unsigned   16x16      16        401.94  312  31 unsigned_int_mul_p_2 
                                                                               _L2.v                
====================================================================================================
unsigned_int_mul_p_2_L2
 m_approx_t
  bms0
   mux_reg_r_304_19
    
    module:bmux
     very_fast      binary_mux n/a        2x16x16x16 16        170.93  304  19 unsigned_int_mul_p_2 
                                          x16                                  _L2.v                
====================================================================================================
unsigned_int_mul_p_2_L2
 m_approx_t
  bms1
   add_312_31
    
    module:add_unsigned
     very_fast           +     unsigned   16x16      16        401.94  312  31 unsigned_int_mul_p_2 
                                                                               _L2.v                
====================================================================================================
unsigned_int_mul_p_2_L2
 m_approx_t
  bms1
   mux_reg_r_304_19
    
    module:bmux
     very_fast      binary_mux n/a        2x16x16x16 16        170.93  304  19 unsigned_int_mul_p_2 
                                          x16                                  _L2.v                
====================================================================================================
unsigned_int_mul_p_2_L2
 m_approx_t
  minus_219_68
   
   module:sub_signed
    very_fast            -     signed     1x9        9         202.98  219  68 unsigned_int_mul_p_2 
                                                                               _L2.v                
====================================================================================================
unsigned_int_mul_p_2_L2
 m_approx_t
  minus_220_68
   
   module:sub_signed
    very_fast            -     signed     1x9        9         202.98  220  68 unsigned_int_mul_p_2 
                                                                               _L2.v                
====================================================================================================
unsigned_int_mul_p_2_L2
 m_approx_t
  mux_196_55
   
   module:bmux_63
    very_fast       binary_mux n/a        1x16x16    16         85.46  196  55 unsigned_int_mul_p_2 
                                                                               _L2.v                
====================================================================================================
unsigned_int_mul_p_2_L2
 m_approx_t
  mux_197_55
   
   module:bmux_63
    very_fast       binary_mux n/a        1x16x16    16         85.46  197  55 unsigned_int_mul_p_2 
                                                                               _L2.v                
====================================================================================================
unsigned_int_mul_p_2_L2
 m_approx_t
  mux_198_55
   
   module:bmux_63
    very_fast       binary_mux n/a        1x16x16    16         85.46  198  55 unsigned_int_mul_p_2 
                                                                               _L2.v                
====================================================================================================
unsigned_int_mul_p_2_L2
 m_approx_t
  mux_203_26
   
   module:bmux_52
    very_fast       binary_mux n/a        1x1x1      1           5.34  203  26 unsigned_int_mul_p_2 
                                                                               _L2.v                
====================================================================================================
unsigned_int_mul_p_2_L2
 m_approx_t
  mux_204_49
   
   module:bmux_60
    very_fast       binary_mux n/a        1x2x2      2          10.68  204  49 unsigned_int_mul_p_2 
                                                                               _L2.v                
====================================================================================================
unsigned_int_mul_p_2_L2
 m_approx_t
  mux_205_49
   
   module:bmux_60
    very_fast       binary_mux n/a        1x2x2      2          10.68  205  49 unsigned_int_mul_p_2 
                                                                               _L2.v                
====================================================================================================
unsigned_int_mul_p_2_L2
 m_approx_t
  mux_206_49
   
   module:bmux_52
    very_fast       binary_mux n/a        1x1x1      1           5.34  206  49 unsigned_int_mul_p_2 
                                                                               _L2.v                
====================================================================================================
unsigned_int_mul_p_2_L2
 m_approx_t
  mux_219_30
   
   module:bmux_62
    very_fast       binary_mux n/a        1x9x9      9          48.07  219  30 unsigned_int_mul_p_2 
                                                                               _L2.v                
====================================================================================================
unsigned_int_mul_p_2_L2
 m_approx_t
  mux_220_30
   
   module:bmux_62
    very_fast       binary_mux n/a        1x9x9      9          48.07  220  30 unsigned_int_mul_p_2 
                                                                               _L2.v                
====================================================================================================
unsigned_int_mul_p_2_L2
 m_approx_t
  mux_233_49
   
   module:bmux_54
    very_fast       binary_mux n/a        1x4x4      4          21.37  233  49 unsigned_int_mul_p_2 
                                                                               _L2.v                
====================================================================================================
unsigned_int_mul_p_2_L2
 m_approx_t
  mux_234_49
   
   module:bmux_54
    very_fast       binary_mux n/a        1x4x4      4          21.37  234  49 unsigned_int_mul_p_2 
                                                                               _L2.v                
====================================================================================================
unsigned_int_mul_p_2_L2
 m_approx_t
  mux_235_49
   
   module:bmux_54
    very_fast       binary_mux n/a        1x4x4      4          21.37  235  49 unsigned_int_mul_p_2 
                                                                               _L2.v                
====================================================================================================
unsigned_int_mul_p_2_L2
 m_approx_t
  mux_257_39
   
   module:bmux_63
    very_fast       binary_mux n/a        1x16x16    16         85.46  257  39 unsigned_int_mul_p_2 
                                                                               _L2.v                
====================================================================================================
unsigned_int_mul_p_2_L2
 m_approx_t
  mux_258_40
   
   module:bmux_63
    very_fast       binary_mux n/a        1x16x16    16         85.46  258  40 unsigned_int_mul_p_2 
                                                                               _L2.v                
====================================================================================================
unsigned_int_mul_p_2_L2
 m_approx_t
  mux_Region_Enable_238_31
   
   module:mux_1
    very_fast           mux    n/a        4x1x1x1x1  1          10.68  238  31 unsigned_int_mul_p_2 
                                                                               _L2.v                
====================================================================================================
unsigned_int_mul_p_2_L2
 m_approx_t
  sub_182_24
   
   module:sub_unsigned
    very_fast            -     unsigned   10x8       16        208.32  182  24 unsigned_int_mul_p_2 
                                                                               _L2.v                
====================================================================================================
unsigned_int_mul_p_2_L2
 m_approx_t
  sub_186_24
   
   module:sub_unsigned_17
    very_fast            -     unsigned   10x9       16        220.34  186  24 unsigned_int_mul_p_2 
                                                                               _L2.v                
====================================================================================================
unsigned_int_mul_p_2_L2
 m_approx_t
  sub_190_24
   
   module:sub_unsigned_17
    very_fast            -     unsigned   10x9       16        220.34  190  24 unsigned_int_mul_p_2 
                                                                               _L2.v                
====================================================================================================
unsigned_int_mul_p_2_L2
 m_approx_t
  sub_194_24
   
   module:sub_unsigned_17
    very_fast            -     unsigned   10x9       16        220.34  194  24 unsigned_int_mul_p_2 
                                                                               _L2.v                
====================================================================================================
unsigned_int_mul_p_2_L2
 m_approx_t
  sub_211_53
   
   module:sub_unsigned_41
    very_fast            -     unsigned   8x8        9         192.29  211  53 unsigned_int_mul_p_2 
                                                                               _L2.v                
====================================================================================================
unsigned_int_mul_p_2_L2
 m_approx_t
  sub_212_53
   
   module:sub_unsigned_41
    very_fast            -     unsigned   8x8        9         192.29  212  53 unsigned_int_mul_p_2 
                                                                               _L2.v                
====================================================================================================
unsigned_int_mul_p_2_L2
 scale_result_92_16:mux_scale_result_26_17
  
  module:bmux_63
   very_fast        binary_mux n/a        1x16x16    16         85.46   26  17 unsigned_int_mul_p_2 
                                                                               _L2.v                
====================================================================================================
unsigned_int_mul_p_2_L2
 scale_result_92_16:mux_scale_result_28_26
  
  module:bmux_63
   very_fast        binary_mux n/a        1x16x16    16         85.46   28  26 unsigned_int_mul_p_2 
                                                                               _L2.v                
====================================================================================================
unsigned_int_mul_p_2_L2
 scale_result_92_16:sll_29_46
  
  module:shift_left_vlog_unsigned
   very_fast/barrel     <<     x          16x3       16        241.70   29  46 unsigned_int_mul_p_2 
                                                                               _L2.v                
====================================================================================================
unsigned_int_mul_p_2_L2
 scale_result_92_16:srl_31_38
  
  module:shift_right_vlog_unsigned
   very_fast/barrel     >>     x          16x3       16        241.70   31  38 unsigned_int_mul_p_2 
                                                                               _L2.v                
====================================================================================================
unsigned_int_mul_p_2_L2
 sll_47_25
  
  module:shift_left_vlog_unsigned_196
   very_fast/barrel     <<     x          7x3        7          97.48   47  25 unsigned_int_mul_p_2 
                                                                               _L2.v                
====================================================================================================
unsigned_int_mul_p_2_L2
 sll_48_25
  
  module:shift_left_vlog_unsigned_196
   very_fast/barrel     <<     x          7x3        7          97.48   48  25 unsigned_int_mul_p_2 
                                                                               _L2.v                
====================================================================================================

      Type       CellArea Percentage 
-------------------------------------
datapath modules  5313.41      70.09 
external muxes    1271.27      16.77 
others             996.18      13.14 
-------------------------------------
total             7580.86     100.00 

