

Working Directory = /home/redhat315bd/physical_design_nipun/Physical_design
QoS Summary for fixed_point_mul_p_1_L1
================================================================================
Metric                          fixed_point_mul_p_1_L1_syn_generic fixed_point_mul_p_1_L1_syn_map fixed_point_mul_p_1_L1_syn_opt
================================================================================
Slack (ps):                      -940            -769            -617
  R2R (ps):                  no_value        no_value        no_value
  I2R (ps):                  no_value        no_value        no_value
  R2O (ps):                  no_value        no_value        no_value
  I2O (ps):                      -940            -769            -617
  CG  (ps):                  no_value        no_value        no_value
TNS (ps):                     -14,593         -12,114          -9,777
  R2R (ps):                  no_value        no_value        no_value
  I2R (ps):                  no_value        no_value        no_value
  R2O (ps):                  no_value        no_value        no_value
  I2O (ps):                   -14,593         -12,114          -9,777
  CG  (ps):                  no_value        no_value        no_value
Failing Paths:                     16              16              16
Cell Area:                      5,078           4,195           5,388
Total Cell Area:                5,078           4,195           5,388
Leaf Instances:                 1,902           1,348           1,586
Total Instances:                1,902           1,348           1,586
Utilization (%):                 0.00            0.00            0.00
Tot. Net Length (um):        no_value        no_value        no_value
Avg. Net Length (um):        no_value        no_value        no_value
Route Overflow H (%):        no_value        no_value        no_value
Route Overflow V (%):        no_value        no_value        no_value
MBCI(%) (bits/gate) :            0.00            0.00            0.00
Norm Cong Hotspot Area:
  Max Cong:                  no_value        no_value        no_value
  Tot Cong:                  no_value        no_value        no_value
================================================================================
CPU  Runtime (h:m:s):        00:30:20        00:30:12        00:32:25
Real Runtime (h:m:s):        00:30:21        00:30:09        00:32:28
CPU  Elapsed (h:m:s):        00:30:23        00:30:34        00:32:59
Real Elapsed (h:m:s):        00:30:21        00:30:30        00:32:58
Memory (MB):                  1652.70         1636.02         1634.86
================================================================================
================================================================================
Flow Settings:
================================================================================
Total Runtime (h:m:s): 00:32:58
Total Memory (MB):     1642.86
Executable Version:    21.10-p002_1
================================================================================
Total Cell Area =  Cell Area + Physical Cell Area
Total Instances =  Leaf Instances + Physical Instances


