============================================================
  Generated by:           Genus(TM) Synthesis Solution 21.10-p002_1
  Generated on:           Apr 11 2026  03:15:03 pm
  Module:                 fixed_point_mul_p_1_L1
  Technology libraries:   fast_vdd1v0 1.0
                          physical_cells 
  Operating conditions:   PVT_1P1V_0C 
  Interconnect mode:      global
  Area mode:              physical library
============================================================

                                  Leakage  
   Gate     Instances    Area   Power (nW)     Library    
----------------------------------------------------------
ACHCONX2            2    25.308      1.350    fast_vdd1v0 
ADDFHX1             2    15.048      0.824    fast_vdd1v0 
ADDFHX2             1     8.208      0.489    fast_vdd1v0 
ADDFX1              3    15.390      1.029    fast_vdd1v0 
ADDFX2              1     7.866      0.404    fast_vdd1v0 
ADDHX1              4    15.048      1.058    fast_vdd1v0 
AND2X1             23    31.464      1.972    fast_vdd1v0 
AND2X2              1     1.710      0.117    fast_vdd1v0 
AND2X4              1     2.736      0.215    fast_vdd1v0 
AND2X6             17    63.954      5.982    fast_vdd1v0 
AND2X8              5    22.230      2.144    fast_vdd1v0 
AND3X1              1     2.394      0.091    fast_vdd1v0 
AND3X4              1     3.078      0.229    fast_vdd1v0 
AND3XL              1     2.052      0.069    fast_vdd1v0 
AO21X4              1     3.420      0.290    fast_vdd1v0 
AO22X1              2     5.472      0.253    fast_vdd1v0 
AOI21X1             3     5.130      0.312    fast_vdd1v0 
AOI21X2            15    41.040      2.961    fast_vdd1v0 
AOI21X4            39   200.070     15.988    fast_vdd1v0 
AOI222X2            1     5.472      0.391    fast_vdd1v0 
AOI22X1             1     2.052      0.136    fast_vdd1v0 
AOI22X2             4    15.048      1.028    fast_vdd1v0 
AOI22X4             5    30.780      2.488    fast_vdd1v0 
AOI2BB1X1           1     2.052      0.143    fast_vdd1v0 
AOI2BB1X2           3     9.234      0.597    fast_vdd1v0 
AOI2BB1X4          13    53.352      5.523    fast_vdd1v0 
AOI2BB2X2           2    10.260      0.670    fast_vdd1v0 
AOI2BB2X4           1     7.524      0.605    fast_vdd1v0 
AOI31X4             3    19.494      1.380    fast_vdd1v0 
BMXIX2              2    15.048      0.809    fast_vdd1v0 
BUFX12              3    15.390      1.741    fast_vdd1v0 
BUFX16              1     6.840      0.755    fast_vdd1v0 
BUFX2              40    68.400      4.697    fast_vdd1v0 
BUFX3              15    30.780      2.544    fast_vdd1v0 
BUFX4               1     2.394      0.214    fast_vdd1v0 
BUFX6              25    76.950      8.185    fast_vdd1v0 
BUFX8               1     3.762      0.383    fast_vdd1v0 
CLKAND2X12          4    30.096      2.825    fast_vdd1v0 
CLKAND2X2          11    22.572      1.608    fast_vdd1v0 
CLKAND2X3           7    21.546      1.506    fast_vdd1v0 
CLKAND2X6          13    62.244      5.762    fast_vdd1v0 
CLKBUFX2            2     3.420      0.236    fast_vdd1v0 
CLKBUFX3            1     2.052      0.179    fast_vdd1v0 
CLKINVX12          20    82.080     10.267    fast_vdd1v0 
CLKINVX16           1     5.472      0.754    fast_vdd1v0 
CLKINVX2            1     1.368      0.071    fast_vdd1v0 
CLKINVX20           1     6.498      0.911    fast_vdd1v0 
CLKINVX3            2     3.420      0.224    fast_vdd1v0 
CLKINVX4           22    37.620      3.665    fast_vdd1v0 
CLKINVX6           39    93.366      9.957    fast_vdd1v0 
CLKINVX8           31    95.418     10.594    fast_vdd1v0 
CLKMX2X3            6    24.624      1.647    fast_vdd1v0 
CLKXOR2X1          15    41.040      2.705    fast_vdd1v0 
CLKXOR2X2           1     3.420      0.225    fast_vdd1v0 
INVX1              24    16.416      1.154    fast_vdd1v0 
INVX2              53    54.378      4.422    fast_vdd1v0 
INVX3              54    73.872      7.039    fast_vdd1v0 
INVX4               4     6.840      0.747    fast_vdd1v0 
INVX6               5    11.970      1.241    fast_vdd1v0 
INVX8               2     6.156      0.662    fast_vdd1v0 
INVXL               7     4.788      0.241    fast_vdd1v0 
MX2X1               2     4.788      0.312    fast_vdd1v0 
MXI2X1              2     5.472      0.280    fast_vdd1v0 
MXI2X2              1     4.446      0.241    fast_vdd1v0 
MXI2XL              2     4.788      0.219    fast_vdd1v0 
NAND2BX1           17    23.256      1.710    fast_vdd1v0 
NAND2BX2           18    43.092      2.989    fast_vdd1v0 
NAND2BX4           15    56.430      4.533    fast_vdd1v0 
NAND2X1            26    26.676      1.842    fast_vdd1v0 
NAND2X2            65   111.150      8.453    fast_vdd1v0 
NAND2X4            90   307.800     23.535    fast_vdd1v0 
NAND2X6            92   440.496     36.415    fast_vdd1v0 
NAND2X8            94   514.368     49.873    fast_vdd1v0 
NAND2XL             3     3.078      0.132    fast_vdd1v0 
NAND3BX1            1     2.052      0.117    fast_vdd1v0 
NAND3BX2            4    12.312      0.841    fast_vdd1v0 
NAND3BX4            6    30.780      2.093    fast_vdd1v0 
NAND3X1             1     1.710      0.092    fast_vdd1v0 
NAND3X2             6    16.416      0.994    fast_vdd1v0 
NAND3X4             8    38.304      2.532    fast_vdd1v0 
NAND3X6            11    79.002      5.575    fast_vdd1v0 
NAND3X8             5    41.040      3.718    fast_vdd1v0 
NAND4X6             1     8.550      0.491    fast_vdd1v0 
NOR2BX1            10    13.680      1.055    fast_vdd1v0 
NOR2BX2            18    49.248      2.670    fast_vdd1v0 
NOR2BX4            11    41.382      2.947    fast_vdd1v0 
NOR2X1             15    15.390      1.024    fast_vdd1v0 
NOR2X2             39    66.690      5.583    fast_vdd1v0 
NOR2X4             76   233.928     21.964    fast_vdd1v0 
NOR2X6             67   274.968     29.013    fast_vdd1v0 
NOR2X8             37   202.464     21.696    fast_vdd1v0 
NOR3BX1             2     4.104      0.247    fast_vdd1v0 
NOR3BX4             7    40.698      2.484    fast_vdd1v0 
NOR3X1              1     1.710      0.081    fast_vdd1v0 
NOR3X2              5    13.680      0.687    fast_vdd1v0 
NOR3X4              8    41.040      2.823    fast_vdd1v0 
NOR3X6              4    28.728      1.730    fast_vdd1v0 
NOR3X8              8    71.136      7.126    fast_vdd1v0 
NOR4BX4             1     7.524      0.378    fast_vdd1v0 
NOR4X1              2     3.420      0.275    fast_vdd1v0 
OA21X1              4     8.208      0.445    fast_vdd1v0 
OA21X4              3    11.286      0.776    fast_vdd1v0 
OA22X1              2     4.788      0.244    fast_vdd1v0 
OAI211X1            2     3.420      0.230    fast_vdd1v0 
OAI211X2            1     4.104      0.227    fast_vdd1v0 
OAI211X4            3    19.494      1.340    fast_vdd1v0 
OAI21X1             9    15.390      0.851    fast_vdd1v0 
OAI21X2            15    46.170      2.797    fast_vdd1v0 
OAI21X4            61   292.068     22.447    fast_vdd1v0 
OAI22X1             2     4.104      0.237    fast_vdd1v0 
OAI22X2             5    17.100      1.138    fast_vdd1v0 
OAI22X4             6    38.988      2.462    fast_vdd1v0 
OAI2BB1X1           7    11.970      0.845    fast_vdd1v0 
OAI2BB1X2           7    21.546      1.286    fast_vdd1v0 
OAI2BB1X4          17    75.582      5.599    fast_vdd1v0 
OAI2BB2X2           1     5.472      0.347    fast_vdd1v0 
OAI2BB2X4           2    17.100      0.972    fast_vdd1v0 
OAI31X2             2     7.524      0.357    fast_vdd1v0 
OAI31X4             2    13.680      1.045    fast_vdd1v0 
OR2X1              15    20.520      1.430    fast_vdd1v0 
OR2X2               3     5.130      0.408    fast_vdd1v0 
OR2X6              11    41.382      4.370    fast_vdd1v0 
OR2XL               2     2.736      0.189    fast_vdd1v0 
OR3X1               1     2.052      0.147    fast_vdd1v0 
OR3X6               1     4.788      0.435    fast_vdd1v0 
OR4X1               2     4.104      0.271    fast_vdd1v0 
XNOR2X1            18    43.092      3.399    fast_vdd1v0 
XNOR2X2             5    15.390      0.966    fast_vdd1v0 
XNOR3X1             7    52.668      2.678    fast_vdd1v0 
XNOR3XL             7    52.668      2.547    fast_vdd1v0 
XOR3X1              9    67.716      3.517    fast_vdd1v0 
XOR3XL              2    15.048      0.713    fast_vdd1v0 
----------------------------------------------------------
total            1586  5388.210    450.199                


                                           Leakage  Leakage 
     Type      Instances   Area   Area % Power (nW) Power % 
------------------------------------------------------------
inverter             266  499.662    9.3     51.950    11.5 
buffer                89  209.988    3.9     18.936     4.2 
logic               1231 4678.560   86.8    379.313    84.3 
physical_cells         0    0.000    0.0      0.000     0.0 
------------------------------------------------------------
total               1586 5388.210  100.0    450.199   100.0 

