

Working Directory = /home/redhat315bd/physical_design_nipun/Physical_design
QoS Summary for scaletrim_int8
================================================================================
Metric                          scaletrim_int8_syn_generic scaletrim_int8_syn_map
================================================================================
Slack (ps):                      -700            -388
  R2R (ps):                  no_value        no_value
  I2R (ps):                  no_value        no_value
  R2O (ps):                  no_value        no_value
  I2O (ps):                      -700            -388
  CG  (ps):                  no_value        no_value
TNS (ps):                      -9,854          -5,519
  R2R (ps):                  no_value        no_value
  I2R (ps):                  no_value        no_value
  R2O (ps):                  no_value        no_value
  I2O (ps):                    -9,854          -5,519
  CG  (ps):                  no_value        no_value
Failing Paths:                     16              16
Cell Area:                      2,971           1,418
Total Cell Area:                2,971           1,418
Leaf Instances:                 1,113           1,028
Total Instances:                1,113           1,028
Utilization (%):                 0.00            0.00
Tot. Net Length (um):        no_value        no_value
Avg. Net Length (um):        no_value        no_value
Route Overflow H (%):        no_value        no_value
Route Overflow V (%):        no_value        no_value
MBCI(%) (bits/gate) :            0.00            0.00
Norm Cong Hotspot Area:
  Max Cong:                  no_value        no_value
  Tot Cong:                  no_value        no_value
================================================================================
CPU  Runtime (h:m:s):        00:30:16        00:30:10
Real Runtime (h:m:s):        00:30:17        00:30:08
CPU  Elapsed (h:m:s):        00:30:18        00:30:28
Real Elapsed (h:m:s):        00:30:18        00:30:26
Memory (MB):                  1643.87         1626.89
================================================================================
================================================================================
Flow Settings:
================================================================================
Total Runtime (h:m:s): 00:30:25
Total Memory (MB):     1634.90
Executable Version:    21.10-p002_1
================================================================================
Total Cell Area =  Cell Area + Physical Cell Area
Total Instances =  Leaf Instances + Physical Instances


