============================================================
  Generated by:           Genus(TM) Synthesis Solution 21.10-p002_1
  Generated on:           Jun 19 2026  11:38:24 am
  Module:                 scaletrim_int8
  Technology library:     fast_vdd1v0 1.0
  Operating conditions:   PVT_1P1V_0C (balanced_tree)
  Wireload mode:          enclosed
  Area mode:              timing library
============================================================

                                 Leakage  
   Gate    Instances    Area   Power (nW)     Library    
---------------------------------------------------------
ADDFX1             2    10.260      0.643    fast_vdd1v0 
AND2X1            10    13.680      0.928    fast_vdd1v0 
AND2XL            15    20.520      1.185    fast_vdd1v0 
AND3XL             1     2.052      0.081    fast_vdd1v0 
AO21XL             2     4.788      0.201    fast_vdd1v0 
AOI21X1           31    53.010      3.504    fast_vdd1v0 
AOI21X2            1     2.736      0.200    fast_vdd1v0 
AOI21X4            1     5.130      0.362    fast_vdd1v0 
AOI21XL           10    17.100      0.752    fast_vdd1v0 
AOI22X1            3     6.156      0.374    fast_vdd1v0 
AOI22XL            2     4.104      0.172    fast_vdd1v0 
AOI2BB1X1         16    32.832      2.156    fast_vdd1v0 
AOI2BB1X4          1     4.104      0.333    fast_vdd1v0 
AOI2BB1XL          5    10.260      0.572    fast_vdd1v0 
BUFX2              1     1.710      0.124    fast_vdd1v0 
BUFX6              1     3.078      0.315    fast_vdd1v0 
CLKBUFX2          34    58.140      4.058    fast_vdd1v0 
CLKINVX1          10    10.260      0.448    fast_vdd1v0 
CLKINVX12          4    16.416      1.947    fast_vdd1v0 
CLKINVX2           2     2.736      0.165    fast_vdd1v0 
CLKINVX6           2     4.788      0.450    fast_vdd1v0 
CLKINVX8           3     9.234      0.980    fast_vdd1v0 
CLKXOR2X1          3     8.208      0.538    fast_vdd1v0 
CLKXOR2X2          2     6.840      0.429    fast_vdd1v0 
INVX1             44    30.096      2.076    fast_vdd1v0 
INVX2              2     2.052      0.179    fast_vdd1v0 
INVX3              1     1.368      0.126    fast_vdd1v0 
INVXL            201   137.484      6.833    fast_vdd1v0 
MXI2X1             4    10.944      0.585    fast_vdd1v0 
MXI2X8             5    30.780      2.577    fast_vdd1v0 
MXI2XL            26    62.244      2.820    fast_vdd1v0 
NAND2BX1          23    31.464      2.353    fast_vdd1v0 
NAND2BX2           3     7.182      0.525    fast_vdd1v0 
NAND2BXL          14    19.152      1.145    fast_vdd1v0 
NAND2X1           64    65.664      4.484    fast_vdd1v0 
NAND2X2           17    29.070      2.271    fast_vdd1v0 
NAND2X4            1     3.146      0.264    fast_vdd1v0 
NAND2XL           83    85.158      3.874    fast_vdd1v0 
NAND3BXL           3     5.130      0.257    fast_vdd1v0 
NAND3X1            3     5.130      0.257    fast_vdd1v0 
NAND3XL            2     3.420      0.142    fast_vdd1v0 
NOR2BX1           41    56.088      4.419    fast_vdd1v0 
NOR2BX2            3     8.208      0.530    fast_vdd1v0 
NOR2BX4            1     3.762      0.330    fast_vdd1v0 
NOR2BXL            4     6.840      0.333    fast_vdd1v0 
NOR2X1            73    74.898      5.364    fast_vdd1v0 
NOR2X2            14    23.940      2.010    fast_vdd1v0 
NOR2X4             5    15.390      1.328    fast_vdd1v0 
NOR2X6             2     8.208      0.745    fast_vdd1v0 
NOR2XL            84    86.184      3.713    fast_vdd1v0 
NOR3BX1            2     4.104      0.207    fast_vdd1v0 
NOR3X1             4     6.840      0.358    fast_vdd1v0 
NOR3X4             1     5.130      0.305    fast_vdd1v0 
NOR3XL             4     6.840      0.214    fast_vdd1v0 
OA21X1             2     4.104      0.230    fast_vdd1v0 
OA22X1             1     2.394      0.120    fast_vdd1v0 
OAI21X1           22    37.620      2.121    fast_vdd1v0 
OAI21X2            4    12.312      0.731    fast_vdd1v0 
OAI21XL           22    37.620      1.379    fast_vdd1v0 
OAI22XL            3     6.156      0.215    fast_vdd1v0 
OAI2BB1X1         22    37.620      2.587    fast_vdd1v0 
OAI2BB1X4          1     4.446      0.339    fast_vdd1v0 
OAI2BB1XL          3     6.156      0.274    fast_vdd1v0 
OAI2BB2XL          1     3.762      0.126    fast_vdd1v0 
OAI31X1            1     2.052      0.114    fast_vdd1v0 
OR2X1              1     1.368      0.118    fast_vdd1v0 
OR2X8              1     4.446      0.493    fast_vdd1v0 
OR2XL             11    15.048      0.949    fast_vdd1v0 
OR4X1              2     4.104      0.223    fast_vdd1v0 
XNOR2X1           19    45.486      3.464    fast_vdd1v0 
XNOR2X2            1     3.078      0.240    fast_vdd1v0 
XNOR2XL            4    10.944      0.662    fast_vdd1v0 
XOR2XL            10    27.360      1.668    fast_vdd1v0 
XOR3XL             1     7.524      0.361    fast_vdd1v0 
---------------------------------------------------------
total           1028  1417.658     87.954                


                                           Leakage  Leakage 
     Type      Instances   Area   Area % Power (nW) Power % 
------------------------------------------------------------
inverter             269  214.434   15.1     13.205    15.0 
buffer                36   62.928    4.4      4.497     5.1 
logic                723 1140.296   80.4     70.252    79.9 
physical_cells         0    0.000    0.0      0.000     0.0 
------------------------------------------------------------
total               1028 1417.658  100.0     87.954   100.0 

