

Working Directory = /home/redhat315bd/physical_design_nipun/Physical_design
QoS Summary for scaletrim_UINT8
================================================================================
Metric                          scaletrim_UINT8_syn_generic scaletrim_UINT8_syn_map
================================================================================
Slack (ps):                      -499            -231
  R2R (ps):                  no_value        no_value
  I2R (ps):                  no_value        no_value
  R2O (ps):                  no_value        no_value
  I2O (ps):                      -499            -231
  CG  (ps):                  no_value        no_value
TNS (ps):                      -7,244          -3,430
  R2R (ps):                  no_value        no_value
  I2R (ps):                  no_value        no_value
  R2O (ps):                  no_value        no_value
  I2O (ps):                    -7,244          -3,430
  CG  (ps):                  no_value        no_value
Failing Paths:                     16              16
Cell Area:                      2,501           1,143
Total Cell Area:                2,501           1,143
Leaf Instances:                   937             797
Total Instances:                  937             797
Utilization (%):                 0.00            0.00
Tot. Net Length (um):        no_value        no_value
Avg. Net Length (um):        no_value        no_value
Route Overflow H (%):        no_value        no_value
Route Overflow V (%):        no_value        no_value
MBCI(%) (bits/gate) :            0.00            0.00
Norm Cong Hotspot Area:
  Max Cong:                  no_value        no_value
  Tot Cong:                  no_value        no_value
================================================================================
CPU  Runtime (h:m:s):        00:30:16        00:30:08
Real Runtime (h:m:s):        00:30:16        00:30:06
CPU  Elapsed (h:m:s):        00:30:18        00:30:26
Real Elapsed (h:m:s):        00:30:17        00:30:23
Memory (MB):                  1640.83         1623.85
================================================================================
================================================================================
Flow Settings:
================================================================================
Total Runtime (h:m:s): 00:30:22
Total Memory (MB):     1631.85
Executable Version:    21.10-p002_1
================================================================================
Total Cell Area =  Cell Area + Physical Cell Area
Total Instances =  Leaf Instances + Physical Instances


