============================================================
  Generated by:           Genus(TM) Synthesis Solution 21.10-p002_1
  Generated on:           Jun 19 2026  11:41:12 am
  Module:                 scaletrim_UINT8
  Technology library:     fast_vdd1v0 1.0
  Operating conditions:   PVT_1P1V_0C (balanced_tree)
  Wireload mode:          enclosed
  Area mode:              timing library
============================================================

                                  Leakage  
   Gate     Instances    Area   Power (nW)     Library    
----------------------------------------------------------
ADDFX1              2    10.260      0.626    fast_vdd1v0 
AND2X1              1     1.368      0.080    fast_vdd1v0 
AND2X8              2     8.892      0.863    fast_vdd1v0 
AND2XL             12    16.416      0.862    fast_vdd1v0 
AND3XL              1     2.052      0.081    fast_vdd1v0 
AOI21X1            27    46.170      2.993    fast_vdd1v0 
AOI21X2             3     8.208      0.625    fast_vdd1v0 
AOI21XL            10    17.100      0.800    fast_vdd1v0 
AOI22X1             5    10.260      0.618    fast_vdd1v0 
AOI22X2             1     3.762      0.248    fast_vdd1v0 
AOI22XL             1     2.052      0.085    fast_vdd1v0 
AOI2BB1X1          15    30.780      2.011    fast_vdd1v0 
AOI2BB1XL           1     2.052      0.113    fast_vdd1v0 
AOI32X1             1     2.394      0.149    fast_vdd1v0 
BUFX2               1     1.710      0.124    fast_vdd1v0 
CLKAND2X12         10    75.240      7.645    fast_vdd1v0 
CLKAND2X2           1     2.052      0.135    fast_vdd1v0 
CLKAND2X6           1     4.788      0.420    fast_vdd1v0 
CLKAND2X8           3    17.442      1.546    fast_vdd1v0 
CLKBUFX2           11    18.810      1.298    fast_vdd1v0 
CLKINVX1            8     8.208      0.354    fast_vdd1v0 
CLKINVX2            2     2.736      0.177    fast_vdd1v0 
CLKINVX3            1     1.710      0.133    fast_vdd1v0 
CLKXOR2X1           4    10.944      0.705    fast_vdd1v0 
INVX1              27    18.468      1.273    fast_vdd1v0 
INVX2               8     8.208      0.684    fast_vdd1v0 
INVXL             129    88.236      4.299    fast_vdd1v0 
MXI2X1              1     2.736      0.132    fast_vdd1v0 
MXI2XL              6    14.364      0.637    fast_vdd1v0 
NAND2BX1           15    20.520      1.602    fast_vdd1v0 
NAND2BX2            1     2.394      0.165    fast_vdd1v0 
NAND2BXL           22    30.096      1.751    fast_vdd1v0 
NAND2X1            63    64.638      4.404    fast_vdd1v0 
NAND2X2             6    10.260      0.798    fast_vdd1v0 
NAND2X4             2     6.293      0.519    fast_vdd1v0 
NAND2XL            76    77.976      3.578    fast_vdd1v0 
NAND3BX2            1     3.078      0.188    fast_vdd1v0 
NAND3BXL            1     1.710      0.072    fast_vdd1v0 
NAND3X1             2     3.420      0.180    fast_vdd1v0 
NAND3X2             4    10.944      0.726    fast_vdd1v0 
NAND3XL             3     5.130      0.204    fast_vdd1v0 
NOR2BX1            34    46.512      3.496    fast_vdd1v0 
NOR2BX2             3     8.208      0.511    fast_vdd1v0 
NOR2BXL             2     3.420      0.164    fast_vdd1v0 
NOR2X1             57    58.482      4.276    fast_vdd1v0 
NOR2X2             13    22.230      1.894    fast_vdd1v0 
NOR2X4              1     3.078      0.249    fast_vdd1v0 
NOR2XL             71    72.846      3.247    fast_vdd1v0 
NOR3X1              4     6.840      0.307    fast_vdd1v0 
NOR3X2              1     2.736      0.210    fast_vdd1v0 
NOR4X1              2     3.420      0.200    fast_vdd1v0 
OA21X1              2     4.104      0.229    fast_vdd1v0 
OAI21X1            23    39.330      2.227    fast_vdd1v0 
OAI21X2             8    24.624      1.474    fast_vdd1v0 
OAI21XL            16    27.360      1.011    fast_vdd1v0 
OAI22X1             1     2.052      0.126    fast_vdd1v0 
OAI22XL             1     2.052      0.072    fast_vdd1v0 
OAI2BB1X1          19    32.490      2.275    fast_vdd1v0 
OAI2BB1X2           2     6.156      0.336    fast_vdd1v0 
OAI2BB1XL           1     2.052      0.098    fast_vdd1v0 
OAI31X1             1     2.052      0.118    fast_vdd1v0 
OAI32XL             1     3.078      0.089    fast_vdd1v0 
OR2X1               3     4.104      0.328    fast_vdd1v0 
OR2XL               7     9.576      0.628    fast_vdd1v0 
OR3XL               1     2.052      0.093    fast_vdd1v0 
XNOR2X1            22    52.668      3.984    fast_vdd1v0 
XOR2XL             10    27.360      1.665    fast_vdd1v0 
----------------------------------------------------------
total             797  1142.759     73.208                


                                           Leakage  Leakage 
     Type      Instances   Area   Area % Power (nW) Power % 
------------------------------------------------------------
inverter             175  127.566   11.2      6.920     9.5 
buffer                12   20.520    1.8      1.422     1.9 
logic                610  994.673   87.0     64.865    88.6 
physical_cells         0    0.000    0.0      0.000     0.0 
------------------------------------------------------------
total                797 1142.759  100.0     73.208   100.0 

