============================================================
  Generated by:           Genus(TM) Synthesis Solution 21.10-p002_1
  Generated on:           Apr 11 2026  03:29:56 pm
  Module:                 signed_int_mul_p_0_L3
  Technology libraries:   fast_vdd1v0 1.0
                          physical_cells 
  Operating conditions:   PVT_1P1V_0C 
  Interconnect mode:      global
  Area mode:              physical library
============================================================

       Instance                   Module              Cell Count  Cell Area  Net Area   Total Area 
---------------------------------------------------------------------------------------------------
signed_int_mul_p_0_L3                                       1145   3755.502  1298.938     5054.440 
  m_unsigned_int_mul  unsigned_int_mul                       928   2968.218  1014.952     3983.170 
    lod_a             leading_one_detector_WIDTH8             19     71.136    12.943       84.079 
    lod_b             leading_one_detector_WIDTH8_89          14     52.668     8.876       61.544 
    m_approx_t        approx_t_WIDTH8                        585   1855.008   620.960     2475.968 
      bms0            bit_mask_sel_WIDTH16                   162    554.724   159.231      713.955 
      bms1            bit_mask_sel_WIDTH16_88                 39    100.206    34.952      135.158 
      bms2            bit_mask_sel_WIDTH16_87                 30     49.590    25.050       74.640 
