============================================================
  Generated by:           Genus(TM) Synthesis Solution 21.10-p002_1
  Generated on:           Jun 19 2026  11:12:40 am
  Module:                 acbam_FP32
  Technology library:     fast_vdd1v0 1.0
  Operating conditions:   PVT_1P1V_0C (balanced_tree)
  Wireload mode:          enclosed
  Area mode:              timing library
============================================================

             Instance                          Module               Cell Count  Cell Area  Net Area   Combinational   Buffer   Inverter   Flop   Latch   Clock-Gate   Memory   Macro   Total Area   Wireload  
--------------------------------------------------------------------------------------------------------------------------------------------------------------------------------------------------------------
acbam_FP32                                                                2993   7982.542     0.000           0.000    0.000      0.000  0.000   0.000        0.000    0.000   0.000     7982.542 <none> (D)  
  m_core                          acbam_core_WIDTH24                      2715   7240.476     0.000           0.000    0.000      0.000  0.000   0.000        0.000    0.000   0.000     7240.476 <none> (D)  
    WALLACE_CSA_DUMMY_OP          csa_tree_2898                            264    704.695     0.000           0.000    0.000      0.000  0.000   0.000        0.000    0.000   0.000      704.695 <none> (D)  
    WALLACE_CSA_DUMMY_OP3_groupi  WALLACE_CSA_DUMMY_OP3_group_4744         965   2575.874     0.000           0.000    0.000      0.000  0.000   0.000        0.000    0.000   0.000     2575.874 <none> (D)  
    WALLACE_CSA_DUMMY_OP96_groupi WALLACE_CSA_DUMMY_OP96_group_298         150    400.395     0.000           0.000    0.000      0.000  0.000   0.000        0.000    0.000   0.000      400.395 <none> (D)  
    add_157_27                    add_unsigned_339                         269    718.042     0.000           0.000    0.000      0.000  0.000   0.000        0.000    0.000   0.000      718.042 <none> (D)  
    g2768_create                  decode_116                                12     32.032     0.000           0.000    0.000      0.000  0.000   0.000        0.000    0.000   0.000       32.032 <none> (D)  
    g2770_create                  decode_119                                10     26.693     0.000           0.000    0.000      0.000  0.000   0.000        0.000    0.000   0.000       26.693 <none> (D)  
    g2776_create                  decode_128                                 2      5.339     0.000           0.000    0.000      0.000  0.000   0.000        0.000    0.000   0.000        5.339 <none> (D)  
    g2778_create                  decode_131                                 2      5.339     0.000           0.000    0.000      0.000  0.000   0.000        0.000    0.000   0.000        5.339 <none> (D)  
  (D) = wireload is default in technology library
