

Working Directory = /home/redhat315bd/physical_design_nipun/Physical_design
QoS Summary for acbam_FP32
================================================================================
Metric                          acbam_FP32_syn_generic
================================================================================
Slack (ps):                      -839
  R2R (ps):                  no_value
  I2R (ps):                  no_value
  R2O (ps):                  no_value
  I2O (ps):                      -839
  CG  (ps):                  no_value
TNS (ps):                     -25,836
  R2R (ps):                  no_value
  I2R (ps):                  no_value
  R2O (ps):                  no_value
  I2O (ps):                   -25,836
  CG  (ps):                  no_value
Failing Paths:                     31
Cell Area:                      7,983
Total Cell Area:                7,983
Leaf Instances:                 2,993
Total Instances:                2,993
Utilization (%):                 0.00
Tot. Net Length (um):        no_value
Avg. Net Length (um):        no_value
Route Overflow H (%):        no_value
Route Overflow V (%):        no_value
MBCI(%) (bits/gate) :            0.00
Norm Cong Hotspot Area:
  Max Cong:                  no_value
  Tot Cong:                  no_value
================================================================================
CPU  Runtime (h:m:s):        00:30:23
Real Runtime (h:m:s):        00:30:22
CPU  Elapsed (h:m:s):        00:30:25
Real Elapsed (h:m:s):        00:30:23
Memory (MB):                  1763.17
================================================================================
================================================================================
Flow Settings:
================================================================================
Total Runtime (h:m:s): 00:30:22
Total Memory (MB):     1763.17
Executable Version:    21.10-p002_1
================================================================================
Total Cell Area =  Cell Area + Physical Cell Area
Total Instances =  Leaf Instances + Physical Instances


