============================================================
  Generated by:           Genus(TM) Synthesis Solution 21.10-p002_1
  Generated on:           Jun 19 2026  11:31:10 am
  Module:                 opact_FP32
  Technology library:     fast_vdd1v0 1.0
  Operating conditions:   PVT_1P1V_0C (balanced_tree)
  Wireload mode:          enclosed
  Area mode:              timing library
============================================================

                                  Leakage  
   Gate     Instances    Area   Power (nW)     Library    
----------------------------------------------------------
ACHCONX2            1    12.654      0.629    fast_vdd1v0 
ADDFX1            189   969.570     63.502    fast_vdd1v0 
ADDHX1             21    79.002      5.693    fast_vdd1v0 
AND2X1              4     5.472      0.346    fast_vdd1v0 
AND2X2              2     3.420      0.267    fast_vdd1v0 
AND2XL             36    49.248      2.794    fast_vdd1v0 
AND3XL              4     8.208      0.364    fast_vdd1v0 
AO21XL              5    11.970      0.505    fast_vdd1v0 
AOI211X1            1     2.394      0.149    fast_vdd1v0 
AOI21X1            23    39.330      2.351    fast_vdd1v0 
AOI21X2             2     5.472      0.405    fast_vdd1v0 
AOI21X4             1     5.130      0.348    fast_vdd1v0 
AOI21XL            20    34.200      1.432    fast_vdd1v0 
AOI221X1            5    11.970      0.722    fast_vdd1v0 
AOI222X1            1     3.078      0.160    fast_vdd1v0 
AOI22X1             7    14.364      0.880    fast_vdd1v0 
AOI22XL             9    18.468      0.761    fast_vdd1v0 
AOI2BB1X1           8    16.416      0.950    fast_vdd1v0 
AOI2BB1XL           5    10.260      0.421    fast_vdd1v0 
AOI2BB2X1           1     3.420      0.194    fast_vdd1v0 
AOI31X1             6    12.312      0.698    fast_vdd1v0 
AOI31XL             1     2.736      0.082    fast_vdd1v0 
BUFX12              4    20.520      2.476    fast_vdd1v0 
BUFX16              2    13.680      1.655    fast_vdd1v0 
BUFX2              20    34.200      2.377    fast_vdd1v0 
BUFX3               1     2.052      0.166    fast_vdd1v0 
CLKAND2X12          1     7.524      0.773    fast_vdd1v0 
CLKAND2X2          10    20.520      1.462    fast_vdd1v0 
CLKAND2X3           3     9.234      0.667    fast_vdd1v0 
CLKBUFX2            2     3.420      0.238    fast_vdd1v0 
CLKINVX1            1     1.026      0.047    fast_vdd1v0 
CLKINVX12          15    61.560      7.462    fast_vdd1v0 
CLKINVX16           3    16.416      1.966    fast_vdd1v0 
CLKINVX2            3     4.104      0.246    fast_vdd1v0 
CLKINVX4            1     1.710      0.167    fast_vdd1v0 
CLKINVX6            1     2.394      0.250    fast_vdd1v0 
CLKINVX8            8    24.624      2.644    fast_vdd1v0 
CLKXOR2X1           9    24.624      1.623    fast_vdd1v0 
CLKXOR2X2           1     3.420      0.219    fast_vdd1v0 
INVX1             100    68.400      4.612    fast_vdd1v0 
INVX2              20    20.520      1.678    fast_vdd1v0 
INVX3               4     5.472      0.513    fast_vdd1v0 
INVXL             165   112.860      5.503    fast_vdd1v0 
MX2XL              11    26.334      1.572    fast_vdd1v0 
MXI2X1              3     8.208      0.431    fast_vdd1v0 
MXI2XL             44   105.336      4.676    fast_vdd1v0 
NAND2BX1           13    17.784      1.317    fast_vdd1v0 
NAND2BX4            1     3.762      0.310    fast_vdd1v0 
NAND2BXL           52    71.136      4.205    fast_vdd1v0 
NAND2X1           189   193.914     13.069    fast_vdd1v0 
NAND2X2            16    27.360      2.078    fast_vdd1v0 
NAND2X4             2     6.293      0.517    fast_vdd1v0 
NAND2XL           246   252.396     11.460    fast_vdd1v0 
NAND3BX1            1     2.052      0.146    fast_vdd1v0 
NAND3BXL           22    37.620      2.011    fast_vdd1v0 
NAND3X1             4     6.840      0.334    fast_vdd1v0 
NAND3XL            11    18.810      0.588    fast_vdd1v0 
NAND4BX1            2     4.788      0.242    fast_vdd1v0 
NAND4XL             1     1.710      0.062    fast_vdd1v0 
NOR2BX1            32    43.776      3.291    fast_vdd1v0 
NOR2BX4             1     3.762      0.251    fast_vdd1v0 
NOR2BXL            12    20.520      0.934    fast_vdd1v0 
NOR2X1            440   451.440     29.503    fast_vdd1v0 
NOR2X2             10    17.100      1.412    fast_vdd1v0 
NOR2X4              3     9.234      0.866    fast_vdd1v0 
NOR2X6              3    12.312      1.404    fast_vdd1v0 
NOR2X8              1     5.472      0.616    fast_vdd1v0 
NOR2XL            112   114.912      5.370    fast_vdd1v0 
NOR3BX1             3     6.156      0.400    fast_vdd1v0 
NOR3BX2             1     3.420      0.188    fast_vdd1v0 
NOR3BXL             2     4.104      0.177    fast_vdd1v0 
NOR3X1              7    11.970      0.611    fast_vdd1v0 
NOR3X2              3     8.208      0.575    fast_vdd1v0 
NOR3XL              6    10.260      0.338    fast_vdd1v0 
OA21X1              4     8.208      0.445    fast_vdd1v0 
OA22X1              1     2.394      0.121    fast_vdd1v0 
OAI211X1          130   222.300     15.458    fast_vdd1v0 
OAI211XL            1     2.052      0.080    fast_vdd1v0 
OAI21X1            18    30.780      1.769    fast_vdd1v0 
OAI21X2             2     6.156      0.394    fast_vdd1v0 
OAI21XL            15    25.650      0.990    fast_vdd1v0 
OAI221X1            6    14.364      0.903    fast_vdd1v0 
OAI221XL            1     3.078      0.091    fast_vdd1v0 
OAI222XL            1     2.736      0.118    fast_vdd1v0 
OAI22X1            21    43.092      2.362    fast_vdd1v0 
OAI22XL             7    14.364      0.513    fast_vdd1v0 
OAI2BB1X1          40    68.400      4.629    fast_vdd1v0 
OAI2BB1X2           4    12.312      0.715    fast_vdd1v0 
OAI2BB1XL          13    26.676      1.226    fast_vdd1v0 
OAI31X1             3     6.156      0.374    fast_vdd1v0 
OR2X1               7     9.576      0.649    fast_vdd1v0 
OR2XL              29    39.672      2.415    fast_vdd1v0 
OR3XL               1     2.052      0.104    fast_vdd1v0 
XNOR2X1           393   940.842     71.538    fast_vdd1v0 
XNOR2XL             4    10.944      0.643    fast_vdd1v0 
XNOR3XL             5    37.620      1.830    fast_vdd1v0 
XOR2XL             39   106.704      6.503    fast_vdd1v0 
XOR3XL              1     7.524      0.351    fast_vdd1v0 
----------------------------------------------------------
total            2726  4928.015    323.575                


                                           Leakage  Leakage 
     Type      Instances   Area   Area % Power (nW) Power % 
------------------------------------------------------------
inverter             321  319.086    6.5     25.088     7.8 
buffer                29   73.872    1.5      6.912     2.1 
logic               2376 4535.057   92.0    291.575    90.1 
physical_cells         0    0.000    0.0      0.000     0.0 
------------------------------------------------------------
total               2726 4928.015  100.0    323.575   100.0 

