Command: report datapath -all -print_inferred > ./genus/reports/unsigned_int_mul_p_1_L0/cadence_45nm/post_elaboration/syn_generic_datapath_report.rpt
============================================================
  Generated by:           Genus(TM) Synthesis Solution 21.10-p002_1
  Generated on:           Apr 11 2026  02:51:53 pm
  Module:                 unsigned_int_mul_p_1_L0
  Technology libraries:   fast_vdd1v0 1.0
                          physical_cells 
  Operating conditions:   PVT_1P1V_0C 
  Interconnect mode:      global
  Area mode:              physical library
============================================================


Inferred components

                     Operator  Signedness   Inputs   Outputs CellArea Line Col       Filename       
====================================================================================================
unsigned_int_mul_p_1_L0
 add_23_33
  
  module:add_unsigned_55
   very_fast             +     unsigned   3x3        4          41.40   23  33 unsigned_int_mul_p_1 
                                                                               _L0.v                
====================================================================================================
unsigned_int_mul_p_1_L0
 lod_a
  mux_reg_position_61_29
   
   module:mux
    very_fast           mux    n/a        8x3x3x3x3x 3          64.10   61  29 unsigned_int_mul_p_1 
                                          3x3x3x3                              _L0.v                
====================================================================================================
unsigned_int_mul_p_1_L0
 lod_b
  mux_reg_position_61_29
   
   module:mux
    very_fast           mux    n/a        8x3x3x3x3x 3          64.10   61  29 unsigned_int_mul_p_1 
                                          3x3x3x3                              _L0.v                
====================================================================================================
unsigned_int_mul_p_1_L0
 m_approx_t
  add_116_34
   
   module:add_unsigned_4
    very_fast            +     unsigned   8x6        9         150.90  116  34 unsigned_int_mul_p_1 
                                                                               _L0.v                
====================================================================================================
unsigned_int_mul_p_1_L0
 m_approx_t
  add_117_24
   
   module:add_unsigned_6
    very_fast            +     unsigned   9x9        10        196.30  117  24 unsigned_int_mul_p_1 
                                                                               _L0.v                
====================================================================================================
unsigned_int_mul_p_1_L0
 m_approx_t
  add_117_34
   
   module:add_unsigned_4
    very_fast            +     unsigned   8x6        9         150.90  117  34 unsigned_int_mul_p_1 
                                                                               _L0.v                
====================================================================================================
unsigned_int_mul_p_1_L0
 m_approx_t
  add_121_34
   
   module:add_unsigned_22
    very_fast            +     unsigned   8x7        9         165.59  121  34 unsigned_int_mul_p_1 
                                                                               _L0.v                
====================================================================================================
unsigned_int_mul_p_1_L0
 m_approx_t
  add_121_50
   
   module:add_unsigned_12
    very_fast            +     unsigned   9x6        9         154.90  121  50 unsigned_int_mul_p_1 
                                                                               _L0.v                
====================================================================================================
unsigned_int_mul_p_1_L0
 m_approx_t
  add_122_24
   
   module:add_unsigned_6
    very_fast            +     unsigned   9x9        10        196.30  122  24 unsigned_int_mul_p_1 
                                                                               _L0.v                
====================================================================================================
unsigned_int_mul_p_1_L0
 m_approx_t
  add_127_24
   
   module:add_unsigned_6
    very_fast            +     unsigned   9x9        10        196.30  127  24 unsigned_int_mul_p_1 
                                                                               _L0.v                
====================================================================================================
unsigned_int_mul_p_1_L0
 m_approx_t
  add_127_34
   
   module:add_unsigned_22
    very_fast            +     unsigned   8x7        9         165.59  127  34 unsigned_int_mul_p_1 
                                                                               _L0.v                
====================================================================================================
unsigned_int_mul_p_1_L0
 m_approx_t
  add_127_50
   
   module:add_unsigned_12
    very_fast            +     unsigned   9x6        9         154.90  127  50 unsigned_int_mul_p_1 
                                                                               _L0.v                
====================================================================================================
unsigned_int_mul_p_1_L0
 m_approx_t
  add_132_24
   
   module:add_unsigned_6
    very_fast            +     unsigned   9x9        10        196.30  132  24 unsigned_int_mul_p_1 
                                                                               _L0.v                
====================================================================================================
unsigned_int_mul_p_1_L0
 m_approx_t
  add_178_24
   
   module:add_unsigned
    very_fast            +     unsigned   16x16      16        401.94  178  24 unsigned_int_mul_p_1 
                                                                               _L0.v                
====================================================================================================
unsigned_int_mul_p_1_L0
 m_approx_t
  bms0
   add_208_31
    
    module:add_unsigned
     very_fast           +     unsigned   16x16      16        401.94  208  31 unsigned_int_mul_p_1 
                                                                               _L0.v                
====================================================================================================
unsigned_int_mul_p_1_L0
 m_approx_t
  bms0
   mux_reg_r_200_19
    
    module:bmux
     very_fast      binary_mux n/a        2x16x16x16 16        170.93  200  19 unsigned_int_mul_p_1 
                                          x16                                  _L0.v                
====================================================================================================
unsigned_int_mul_p_1_L0
 m_approx_t
  bms1
   add_208_31
    
    module:add_unsigned
     very_fast           +     unsigned   16x16      16        401.94  208  31 unsigned_int_mul_p_1 
                                                                               _L0.v                
====================================================================================================
unsigned_int_mul_p_1_L0
 m_approx_t
  bms1
   mux_reg_r_200_19
    
    module:bmux
     very_fast      binary_mux n/a        2x16x16x16 16        170.93  200  19 unsigned_int_mul_p_1 
                                          x16                                  _L0.v                
====================================================================================================
unsigned_int_mul_p_1_L0
 m_approx_t
  minus_162_65
   
   module:sub_signed
    very_fast            -     signed     1x9        9         202.98  162  65 unsigned_int_mul_p_1 
                                                                               _L0.v                
====================================================================================================
unsigned_int_mul_p_1_L0
 m_approx_t
  minus_169_65
   
   module:sub_signed
    very_fast            -     signed     1x9        9         202.98  169  65 unsigned_int_mul_p_1 
                                                                               _L0.v                
====================================================================================================
unsigned_int_mul_p_1_L0
 m_approx_t
  mux_135_49
   
   module:bmux_45
    very_fast       binary_mux n/a        1x16x16    16         85.46  135  49 unsigned_int_mul_p_1 
                                                                               _L0.v                
====================================================================================================
unsigned_int_mul_p_1_L0
 m_approx_t
  mux_136_49
   
   module:bmux_45
    very_fast       binary_mux n/a        1x16x16    16         85.46  136  49 unsigned_int_mul_p_1 
                                                                               _L0.v                
====================================================================================================
unsigned_int_mul_p_1_L0
 m_approx_t
  mux_137_49
   
   module:bmux_45
    very_fast       binary_mux n/a        1x16x16    16         85.46  137  49 unsigned_int_mul_p_1 
                                                                               _L0.v                
====================================================================================================
unsigned_int_mul_p_1_L0
 m_approx_t
  mux_147_26
   
   module:bmux_48
    very_fast       binary_mux n/a        1x1x1      1           5.34  147  26 unsigned_int_mul_p_1 
                                                                               _L0.v                
====================================================================================================
unsigned_int_mul_p_1_L0
 m_approx_t
  mux_148_46
   
   module:bmux_51
    very_fast       binary_mux n/a        1x2x2      2          10.68  148  46 unsigned_int_mul_p_1 
                                                                               _L0.v                
====================================================================================================
unsigned_int_mul_p_1_L0
 m_approx_t
  mux_149_46
   
   module:bmux_51
    very_fast       binary_mux n/a        1x2x2      2          10.68  149  46 unsigned_int_mul_p_1 
                                                                               _L0.v                
====================================================================================================
unsigned_int_mul_p_1_L0
 m_approx_t
  mux_150_46
   
   module:bmux_48
    very_fast       binary_mux n/a        1x1x1      1           5.34  150  46 unsigned_int_mul_p_1 
                                                                               _L0.v                
====================================================================================================
unsigned_int_mul_p_1_L0
 m_approx_t
  mux_162_30
   
   module:bmux_49
    very_fast       binary_mux n/a        1x9x9      9          48.07  162  30 unsigned_int_mul_p_1 
                                                                               _L0.v                
====================================================================================================
unsigned_int_mul_p_1_L0
 m_approx_t
  mux_169_30
   
   module:bmux_49
    very_fast       binary_mux n/a        1x9x9      9          48.07  169  30 unsigned_int_mul_p_1 
                                                                               _L0.v                
====================================================================================================
unsigned_int_mul_p_1_L0
 m_approx_t
  sub_118_24
   
   module:sub_unsigned
    very_fast            -     unsigned   10x8       16        208.32  118  24 unsigned_int_mul_p_1 
                                                                               _L0.v                
====================================================================================================
unsigned_int_mul_p_1_L0
 m_approx_t
  sub_123_24
   
   module:sub_unsigned_10
    very_fast            -     unsigned   10x9       16        220.34  123  24 unsigned_int_mul_p_1 
                                                                               _L0.v                
====================================================================================================
unsigned_int_mul_p_1_L0
 m_approx_t
  sub_128_24
   
   module:sub_unsigned_10
    very_fast            -     unsigned   10x9       16        220.34  128  24 unsigned_int_mul_p_1 
                                                                               _L0.v                
====================================================================================================
unsigned_int_mul_p_1_L0
 m_approx_t
  sub_133_24
   
   module:sub_unsigned_10
    very_fast            -     unsigned   10x9       16        220.34  133  24 unsigned_int_mul_p_1 
                                                                               _L0.v                
====================================================================================================
unsigned_int_mul_p_1_L0
 m_approx_t
  sub_155_50
   
   module:sub_unsigned_34
    very_fast            -     unsigned   8x8        9         192.29  155  50 unsigned_int_mul_p_1 
                                                                               _L0.v                
====================================================================================================
unsigned_int_mul_p_1_L0
 m_approx_t
  sub_156_50
   
   module:sub_unsigned_34
    very_fast            -     unsigned   8x8        9         192.29  156  50 unsigned_int_mul_p_1 
                                                                               _L0.v                
====================================================================================================
unsigned_int_mul_p_1_L0
 mux_35_21
  
  module:bmux_45
   very_fast        binary_mux n/a        1x16x16    16         85.46   35  21 unsigned_int_mul_p_1 
                                                                               _L0.v                
====================================================================================================
unsigned_int_mul_p_1_L0
 mux_36_29
  
  module:bmux_45
   very_fast        binary_mux n/a        1x16x16    16         85.46   36  29 unsigned_int_mul_p_1 
                                                                               _L0.v                
====================================================================================================
unsigned_int_mul_p_1_L0
 sll_27_20
  
  module:shift_left_vlog_unsigned_177
   very_fast/barrel     <<     x          7x3        7          97.48   27  20 unsigned_int_mul_p_1 
                                                                               _L0.v                
====================================================================================================
unsigned_int_mul_p_1_L0
 sll_28_20
  
  module:shift_left_vlog_unsigned_177
   very_fast/barrel     <<     x          7x3        7          97.48   28  20 unsigned_int_mul_p_1 
                                                                               _L0.v                
====================================================================================================
unsigned_int_mul_p_1_L0
 sll_36_65
  
  module:shift_left_vlog_unsigned
   very_fast/barrel     <<     x          16x3       16        241.70   36  65 unsigned_int_mul_p_1 
                                                                               _L0.v                
====================================================================================================
unsigned_int_mul_p_1_L0
 srl_37_64
  
  module:shift_right_vlog_unsigned_60
   very_fast/barrel     >>     x          17x3       16        271.08   37  64 unsigned_int_mul_p_1 
                                                                               _L0.v                
====================================================================================================

      Type       CellArea Percentage 
-------------------------------------
datapath modules  5342.79      81.11 
external muxes    1025.56      15.57 
others             219.00       3.32 
-------------------------------------
total             6587.35     100.00 

