Command: report datapath -all -print_inferred > ./genus/reports/scaletrim_FP32/cadence_45nm/post_elaboration/syn_generic_datapath_report.rpt
============================================================
  Generated by:           Genus(TM) Synthesis Solution 21.10-p002_1
  Generated on:           Jun 19 2026  11:35:14 am
  Module:                 scaletrim_FP32
  Technology library:     fast_vdd1v0 1.0
  Operating conditions:   PVT_1P1V_0C (balanced_tree)
  Wireload mode:          enclosed
  Area mode:              timing library
============================================================


Inferred components

                      Operator  Signedness   Inputs   Outputs CellArea Line Col     Filename     
=================================================================================================
scaletrim_FP32
 add_252_41
  
  module:add_unsigned_1936
   very_fast              +     unsigned   10x10      10        208.21  252  41 scaletrim_FP32.v 
=================================================================================================
scaletrim_FP32
 add_253_25
  
  module:add_unsigned_1936
   very_fast              +     unsigned   10x10      10        208.21  253  25 scaletrim_FP32.v 
=================================================================================================
scaletrim_FP32
 m_core
  add_117_32
   
   module:add_unsigned_1212
    very_fast             +     unsigned   24x24      25        694.02  117  32 scaletrim_FP32.v 
=================================================================================================
scaletrim_FP32
 m_core
  add_123_38
   
   module:add_unsigned_1316
    very_fast             +     unsigned   25x25      26        722.05  123  38 scaletrim_FP32.v 
=================================================================================================
scaletrim_FP32
 m_core
  add_181_37
   
   module:add_unsigned_1318
    very_fast             +     unsigned   26x25      26        726.05  181  37 scaletrim_FP32.v 
=================================================================================================
scaletrim_FP32
 m_core
  add_185_37
   
   module:add_unsigned_4
    very_fast             +     unsigned   5x5        6          85.42  185  37 scaletrim_FP32.v 
=================================================================================================
scaletrim_FP32
 m_core
  add_206_58
   
   module:add_unsigned
    very_fast             +     unsigned   48x48      48       1604.25  206  58 scaletrim_FP32.v 
=================================================================================================
scaletrim_FP32
 m_core
  add_64_31_I10
   
   module:add_unsigned_1170
    very_fast             +     unsigned   4x1        4          26.69   64  31 scaletrim_FP32.v 
=================================================================================================
scaletrim_FP32
 m_core
  add_64_31_I11
   
   module:add_unsigned_1170
    very_fast             +     unsigned   4x1        4          26.69   64  31 scaletrim_FP32.v 
=================================================================================================
scaletrim_FP32
 m_core
  add_64_31_I12
   
   module:add_unsigned_1170
    very_fast             +     unsigned   4x1        4          26.69   64  31 scaletrim_FP32.v 
=================================================================================================
scaletrim_FP32
 m_core
  add_64_31_I13
   
   module:add_unsigned_1170
    very_fast             +     unsigned   4x1        4          26.69   64  31 scaletrim_FP32.v 
=================================================================================================
scaletrim_FP32
 m_core
  add_64_31_I14
   
   module:add_unsigned_1170
    very_fast             +     unsigned   4x1        4          26.69   64  31 scaletrim_FP32.v 
=================================================================================================
scaletrim_FP32
 m_core
  add_64_31_I15
   
   module:add_unsigned_1170
    very_fast             +     unsigned   4x1        4          26.69   64  31 scaletrim_FP32.v 
=================================================================================================
scaletrim_FP32
 m_core
  add_64_31_I16
   
   module:add_unsigned_1170
    very_fast             +     unsigned   4x1        4          26.69   64  31 scaletrim_FP32.v 
=================================================================================================
scaletrim_FP32
 m_core
  add_64_31_I17
   
   module:add_unsigned_1170
    very_fast             +     unsigned   4x1        4          26.69   64  31 scaletrim_FP32.v 
=================================================================================================
scaletrim_FP32
 m_core
  add_64_31_I18
   
   module:add_unsigned_1170
    very_fast             +     unsigned   4x1        4          26.69   64  31 scaletrim_FP32.v 
=================================================================================================
scaletrim_FP32
 m_core
  add_64_31_I19
   
   module:add_unsigned_1170
    very_fast             +     unsigned   4x1        4          26.69   64  31 scaletrim_FP32.v 
=================================================================================================
scaletrim_FP32
 m_core
  add_64_31_I2
   
   module:add_unsigned_1170
    very_fast             +     unsigned   4x1        4          26.69   64  31 scaletrim_FP32.v 
=================================================================================================
scaletrim_FP32
 m_core
  add_64_31_I20
   
   module:add_unsigned_1170
    very_fast             +     unsigned   4x1        4          26.69   64  31 scaletrim_FP32.v 
=================================================================================================
scaletrim_FP32
 m_core
  add_64_31_I21
   
   module:add_unsigned_1170
    very_fast             +     unsigned   4x1        4          26.69   64  31 scaletrim_FP32.v 
=================================================================================================
scaletrim_FP32
 m_core
  add_64_31_I22
   
   module:add_unsigned_1170
    very_fast             +     unsigned   4x1        4          26.69   64  31 scaletrim_FP32.v 
=================================================================================================
scaletrim_FP32
 m_core
  add_64_31_I3
   
   module:add_unsigned_1170
    very_fast             +     unsigned   4x1        4          26.69   64  31 scaletrim_FP32.v 
=================================================================================================
scaletrim_FP32
 m_core
  add_64_31_I4
   
   module:add_unsigned_1170
    very_fast             +     unsigned   4x1        4          26.69   64  31 scaletrim_FP32.v 
=================================================================================================
scaletrim_FP32
 m_core
  add_64_31_I5
   
   module:add_unsigned_1170
    very_fast             +     unsigned   4x1        4          26.69   64  31 scaletrim_FP32.v 
=================================================================================================
scaletrim_FP32
 m_core
  add_64_31_I6
   
   module:add_unsigned_1170
    very_fast             +     unsigned   4x1        4          26.69   64  31 scaletrim_FP32.v 
=================================================================================================
scaletrim_FP32
 m_core
  add_64_31_I7
   
   module:add_unsigned_1170
    very_fast             +     unsigned   4x1        4          26.69   64  31 scaletrim_FP32.v 
=================================================================================================
scaletrim_FP32
 m_core
  add_64_31_I8
   
   module:add_unsigned_1170
    very_fast             +     unsigned   4x1        4          26.69   64  31 scaletrim_FP32.v 
=================================================================================================
scaletrim_FP32
 m_core
  add_64_31_I9
   
   module:add_unsigned_1170
    very_fast             +     unsigned   4x1        4          26.69   64  31 scaletrim_FP32.v 
=================================================================================================
scaletrim_FP32
 m_core
  eq_82_24
   
   module:equal_unsigned
    very_fast            ==     unsigned   24x1       1          45.38   82  24 scaletrim_FP32.v 
=================================================================================================
scaletrim_FP32
 m_core
  eq_83_24
   
   module:equal_unsigned
    very_fast            ==     unsigned   24x1       1          45.38   83  24 scaletrim_FP32.v 
=================================================================================================
scaletrim_FP32
 m_core
  gte_194_25
   
   module:geq_unsigned
    very_fast            >=     unsigned   6x4        1          52.05  194  25 scaletrim_FP32.v 
=================================================================================================
scaletrim_FP32
 m_core
  gte_202_40
   
   module:geq_unsigned_6
    very_fast            >=     unsigned   6x5        1          62.73  202  40 scaletrim_FP32.v 
=================================================================================================
scaletrim_FP32
 m_core
  lod_88_17:mux_lod_44_28
   
   module:mux
    very_fast            mux    n/a        24x5x5x5x5 5         320.32   44  28 scaletrim_FP32.v 
                                           x5x5x5x5x5                                            
                                           x5x5x5x5x5                                            
                                           x5x5x5x5x5                                            
                                           x5x5x5x5x5                                            
=================================================================================================
scaletrim_FP32
 m_core
  lod_89_17:mux_lod_44_28
   
   module:mux
    very_fast            mux    n/a        24x5x5x5x5 5         320.32   44  28 scaletrim_FP32.v 
                                           x5x5x5x5x5                                            
                                           x5x5x5x5x5                                            
                                           x5x5x5x5x5                                            
                                           x5x5x5x5x5                                            
=================================================================================================
scaletrim_FP32
 m_core
  mux_111_22
   
   module:bmux_1920
    very_fast        binary_mux n/a        1x32x32    32        170.84  111  22 scaletrim_FP32.v 
=================================================================================================
scaletrim_FP32
 m_core
  mux_112_22
   
   module:bmux_1920
    very_fast        binary_mux n/a        1x32x32    32        170.84  112  22 scaletrim_FP32.v 
=================================================================================================
scaletrim_FP32
 m_core
  mux_172_32
   
   module:bmux_1927
    very_fast        binary_mux n/a        1x3x3      3          16.02  172  32 scaletrim_FP32.v 
=================================================================================================
scaletrim_FP32
 m_core
  mux_175_32
   
   module:bmux_1928
    very_fast        binary_mux n/a        1x2x2      2          10.68  175  32 scaletrim_FP32.v 
=================================================================================================
scaletrim_FP32
 m_core
  mux_202_40
   
   module:bmux_1930
    very_fast        binary_mux n/a        1x48x48    48        256.25  202  40 scaletrim_FP32.v 
=================================================================================================
scaletrim_FP32
 m_core
  mux_203_38
   
   module:bmux_1930
    very_fast        binary_mux n/a        1x48x48    48        256.25  203  38 scaletrim_FP32.v 
=================================================================================================
scaletrim_FP32
 m_core
  mux_204_53
   
   module:bmux_1930
    very_fast        binary_mux n/a        1x48x48    48        256.25  204  53 scaletrim_FP32.v 
=================================================================================================
scaletrim_FP32
 m_core
  mux_206_16
   
   module:bmux_1930
    very_fast        binary_mux n/a        1x48x48    48        256.25  206  16 scaletrim_FP32.v 
=================================================================================================
scaletrim_FP32
 m_core
  mux_93_23
   
   module:bmux_1919
    very_fast        binary_mux n/a        1x24x24    24        128.13   93  23 scaletrim_FP32.v 
=================================================================================================
scaletrim_FP32
 m_core
  mux_94_23
   
   module:bmux_1919
    very_fast        binary_mux n/a        1x24x24    24        128.13   94  23 scaletrim_FP32.v 
=================================================================================================
scaletrim_FP32
 m_core
  mux_cmbsop_h_val_69_15
   
   module:mux_1918
    very_fast            mux    n/a        7x5x5x5x5x 5          93.43   69  15 scaletrim_FP32.v 
                                           5x5x5                                                 
=================================================================================================
scaletrim_FP32
 m_core
  mux_compensation_130_15
   
   module:mux_1929
    very_fast            mux    n/a        6x5x5x5x5x 5          80.08  130  15 scaletrim_FP32.v 
                                           5x5                                                   
=================================================================================================
scaletrim_FP32
 m_core
  mux_compensation_132_23
   
   module:mux_1923
    very_fast            mux    n/a        8x3x3x3x3x 3          64.06  132  23 scaletrim_FP32.v 
                                           3x3x3x3                                               
=================================================================================================
scaletrim_FP32
 m_core
  mux_compensation_144_23
   
   module:mux_1923
    very_fast            mux    n/a        8x3x3x3x3x 3          64.06  144  23 scaletrim_FP32.v 
                                           3x3x3x3                                               
=================================================================================================
scaletrim_FP32
 m_core
  mux_compensation_156_23
   
   module:mux_1925
    very_fast            mux    n/a        4x4x4x4x4  4          42.71  156  23 scaletrim_FP32.v 
=================================================================================================
scaletrim_FP32
 m_core
  mux_compensation_164_23
   
   module:mux_1925
    very_fast            mux    n/a        4x4x4x4x4  4          42.71  164  23 scaletrim_FP32.v 
=================================================================================================
scaletrim_FP32
 m_core
  mux_level_63_17
   
   module:bmux
    very_fast        binary_mux n/a        1x1x1      1           5.34   63  17 scaletrim_FP32.v 
=================================================================================================
scaletrim_FP32
 m_core
  mux_level_63_34
   
   module:bmux_1897
    very_fast        binary_mux n/a        1x4x4      4          21.35   63  17 scaletrim_FP32.v 
=================================================================================================
scaletrim_FP32
 m_core
  mux_level_63_35
   
   module:bmux_1897
    very_fast        binary_mux n/a        1x4x4      4          21.35   63  17 scaletrim_FP32.v 
=================================================================================================
scaletrim_FP32
 m_core
  mux_level_63_36
   
   module:bmux_1897
    very_fast        binary_mux n/a        1x4x4      4          21.35   63  17 scaletrim_FP32.v 
=================================================================================================
scaletrim_FP32
 m_core
  mux_level_63_37
   
   module:bmux_1897
    very_fast        binary_mux n/a        1x4x4      4          21.35   63  17 scaletrim_FP32.v 
=================================================================================================
scaletrim_FP32
 m_core
  mux_level_63_38
   
   module:bmux_1897
    very_fast        binary_mux n/a        1x4x4      4          21.35   63  17 scaletrim_FP32.v 
=================================================================================================
scaletrim_FP32
 m_core
  mux_level_63_39
   
   module:bmux_1897
    very_fast        binary_mux n/a        1x4x4      4          21.35   63  17 scaletrim_FP32.v 
=================================================================================================
scaletrim_FP32
 m_core
  mux_level_63_40
   
   module:bmux_1897
    very_fast        binary_mux n/a        1x4x4      4          21.35   63  17 scaletrim_FP32.v 
=================================================================================================
scaletrim_FP32
 m_core
  mux_level_63_41
   
   module:bmux_1897
    very_fast        binary_mux n/a        1x4x4      4          21.35   63  17 scaletrim_FP32.v 
=================================================================================================
scaletrim_FP32
 m_core
  mux_level_63_42
   
   module:bmux_1897
    very_fast        binary_mux n/a        1x4x4      4          21.35   63  17 scaletrim_FP32.v 
=================================================================================================
scaletrim_FP32
 m_core
  mux_level_63_43
   
   module:bmux_1897
    very_fast        binary_mux n/a        1x4x4      4          21.35   63  17 scaletrim_FP32.v 
=================================================================================================
scaletrim_FP32
 m_core
  mux_level_63_44
   
   module:bmux_1897
    very_fast        binary_mux n/a        1x4x4      4          21.35   63  17 scaletrim_FP32.v 
=================================================================================================
scaletrim_FP32
 m_core
  mux_level_63_45
   
   module:bmux_1897
    very_fast        binary_mux n/a        1x4x4      4          21.35   63  17 scaletrim_FP32.v 
=================================================================================================
scaletrim_FP32
 m_core
  mux_level_63_46
   
   module:bmux_1897
    very_fast        binary_mux n/a        1x4x4      4          21.35   63  17 scaletrim_FP32.v 
=================================================================================================
scaletrim_FP32
 m_core
  mux_level_63_47
   
   module:bmux_1897
    very_fast        binary_mux n/a        1x4x4      4          21.35   63  17 scaletrim_FP32.v 
=================================================================================================
scaletrim_FP32
 m_core
  mux_level_63_48
   
   module:bmux_1897
    very_fast        binary_mux n/a        1x4x4      4          21.35   63  17 scaletrim_FP32.v 
=================================================================================================
scaletrim_FP32
 m_core
  mux_level_63_49
   
   module:bmux_1897
    very_fast        binary_mux n/a        1x4x4      4          21.35   63  17 scaletrim_FP32.v 
=================================================================================================
scaletrim_FP32
 m_core
  mux_level_63_50
   
   module:bmux_1897
    very_fast        binary_mux n/a        1x4x4      4          21.35   63  17 scaletrim_FP32.v 
=================================================================================================
scaletrim_FP32
 m_core
  mux_level_63_51
   
   module:bmux_1897
    very_fast        binary_mux n/a        1x4x4      4          21.35   63  17 scaletrim_FP32.v 
=================================================================================================
scaletrim_FP32
 m_core
  mux_level_63_52
   
   module:bmux_1897
    very_fast        binary_mux n/a        1x4x4      4          21.35   63  17 scaletrim_FP32.v 
=================================================================================================
scaletrim_FP32
 m_core
  mux_level_63_53
   
   module:bmux_1897
    very_fast        binary_mux n/a        1x4x4      4          21.35   63  17 scaletrim_FP32.v 
=================================================================================================
scaletrim_FP32
 m_core
  mux_level_63_54
   
   module:bmux_1897
    very_fast        binary_mux n/a        1x4x4      4          21.35   63  17 scaletrim_FP32.v 
=================================================================================================
scaletrim_FP32
 m_core
  mux_p_shifted_194_25
   
   module:bmux_1930
    very_fast        binary_mux n/a        1x48x48    48        256.25  194  25 scaletrim_FP32.v 
=================================================================================================
scaletrim_FP32
 m_core
  sll_111_52
   
   module:shift_left_vlog_unsigned_1646
    very_fast            <<     x          1x4        17         69.40  111  52 scaletrim_FP32.v 
=================================================================================================
scaletrim_FP32
 m_core
  sll_195_41
   
   module:shift_left_vlog_unsigned
    very_fast/barrel     <<     x          48x6       48       1377.36  195  41 scaletrim_FP32.v 
=================================================================================================
scaletrim_FP32
 m_core
  sll_93_23
   
   module:shift_left_vlog_unsigned_1770
    very_fast/barrel     <<     x          24x5       24        564.56    0   0 a                
=================================================================================================
scaletrim_FP32
 m_core
  sll_94_23
   
   module:shift_left_vlog_unsigned_1770
    very_fast/barrel     <<     x          24x5       24        564.56    0   0 a                
=================================================================================================
scaletrim_FP32
 m_core
  srl_111_22
   
   module:shift_right_vlog_unsigned_1480
    very_fast/barrel     >>     x          32x5       32        778.10    0   0 a                
=================================================================================================
scaletrim_FP32
 m_core
  srl_112_22
   
   module:shift_right_vlog_unsigned_1480
    very_fast/barrel     >>     x          32x5       32        778.10    0   0 a                
=================================================================================================
scaletrim_FP32
 m_core
  srl_120_33
   
   module:shift_right_vlog_unsigned_1314
    very_fast/barrel     >>     x          25x4       25        499.16  120  33 scaletrim_FP32.v 
=================================================================================================
scaletrim_FP32
 m_core
  srl_197_40
   
   module:shift_right_vlog_unsigned
    very_fast/barrel     >>     x          48x6       48       1377.36  197  40 scaletrim_FP32.v 
=================================================================================================
scaletrim_FP32
 m_core
  srl_203_38
   
   module:shift_right_vlog_unsigned
    very_fast/barrel     >>     x          48x6       48       1377.36    0   0 a                
=================================================================================================
scaletrim_FP32
 m_core
  srl_204_53
   
   module:shift_right_vlog_unsigned
    very_fast/barrel     >>     x          48x6       48       1377.36    0   0 a                
=================================================================================================
scaletrim_FP32
 m_core
  sub_111_36
   
   module:sub_unsigned_1482
    very_fast             -     unsigned   5x4        32         84.08  111  36 scaletrim_FP32.v 
=================================================================================================
scaletrim_FP32
 m_core
  sub_111_62
   
   module:sub_unsigned_1648
    very_fast             -     unsigned   17x1       24        166.83  111  62 scaletrim_FP32.v 
=================================================================================================
scaletrim_FP32
 m_core
  sub_195_57
   
   module:sub_unsigned
    very_fast             -     unsigned   6x4        6          85.42  195  57 scaletrim_FP32.v 
=================================================================================================
scaletrim_FP32
 m_core
  sub_197_50
   
   module:sub_unsigned_584
    very_fast             -     unsigned   4x6        6          85.42  197  50 scaletrim_FP32.v 
=================================================================================================
scaletrim_FP32
 m_core
  sub_203_54
   
   module:sub_unsigned_586
    very_fast             -     unsigned   6x6        32        122.79  203  54 scaletrim_FP32.v 
=================================================================================================
scaletrim_FP32
 m_core
  sub_204_67
   
   module:sub_unsigned_878
    very_fast             -     unsigned   5x6        32        109.44  204  67 scaletrim_FP32.v 
=================================================================================================
scaletrim_FP32
 m_core
  sub_93_37
   
   module:sub_unsigned_1772
    very_fast             -     unsigned   5x5        32         94.76   93  37 scaletrim_FP32.v 
=================================================================================================
scaletrim_FP32
 m_core
  sub_94_37
   
   module:sub_unsigned_1772
    very_fast             -     unsigned   5x5        32         94.76   94  37 scaletrim_FP32.v 
=================================================================================================
scaletrim_FP32
 mux_247_27
  
  module:bmux_1939
   very_fast         binary_mux n/a        1x23x23    23        122.79  247  27 scaletrim_FP32.v 
=================================================================================================
scaletrim_FP32
 mux_248_27
  
  module:bmux_1939
   very_fast         binary_mux n/a        1x23x23    23        122.79  248  27 scaletrim_FP32.v 
=================================================================================================
scaletrim_FP32
 mux_263_25
  
  module:bmux_1939
   very_fast         binary_mux n/a        1x23x23    23        122.79  263  25 scaletrim_FP32.v 
=================================================================================================
scaletrim_FP32
 mux_263_50
  
  module:bmux_1939
   very_fast         binary_mux n/a        1x23x23    23        122.79  263  50 scaletrim_FP32.v 
=================================================================================================
scaletrim_FP32
 mux_264_20
  
  module:bmux_1943
   very_fast         binary_mux n/a        1x8x8      8          42.71  264  20 scaletrim_FP32.v 
=================================================================================================
scaletrim_FP32
 mux_264_40
  
  module:bmux_1943
   very_fast         binary_mux n/a        1x8x8      8          42.71  264  40 scaletrim_FP32.v 
=================================================================================================

      Type       CellArea Percentage 
-------------------------------------
datapath modules 14621.09      74.02 
external muxes    3963.91      20.07 
others            1167.82       5.91 
-------------------------------------
total            19752.82     100.00 

