

Working Directory = /home/redhat315bd/physical_design_nipun/Physical_design
QoS Summary for scaletrim_UINT8
================================================================================
Metric                          scaletrim_UINT8_syn_generic
================================================================================
Slack (ps):                      -499
  R2R (ps):                  no_value
  I2R (ps):                  no_value
  R2O (ps):                  no_value
  I2O (ps):                      -499
  CG  (ps):                  no_value
TNS (ps):                      -7,244
  R2R (ps):                  no_value
  I2R (ps):                  no_value
  R2O (ps):                  no_value
  I2O (ps):                    -7,244
  CG  (ps):                  no_value
Failing Paths:                     16
Cell Area:                      2,501
Total Cell Area:                2,501
Leaf Instances:                   937
Total Instances:                  937
Utilization (%):                 0.00
Tot. Net Length (um):        no_value
Avg. Net Length (um):        no_value
Route Overflow H (%):        no_value
Route Overflow V (%):        no_value
MBCI(%) (bits/gate) :            0.00
Norm Cong Hotspot Area:
  Max Cong:                  no_value
  Tot Cong:                  no_value
================================================================================
CPU  Runtime (h:m:s):        00:30:16
Real Runtime (h:m:s):        00:30:16
CPU  Elapsed (h:m:s):        00:30:18
Real Elapsed (h:m:s):        00:30:17
Memory (MB):                  1640.83
================================================================================
================================================================================
Flow Settings:
================================================================================
Total Runtime (h:m:s): 00:30:16
Total Memory (MB):     1640.83
Executable Version:    21.10-p002_1
================================================================================
Total Cell Area =  Cell Area + Physical Cell Area
Total Instances =  Leaf Instances + Physical Instances


