============================================================
  Generated by:           Genus(TM) Synthesis Solution 21.10-p002_1
  Generated on:           Jun 19 2026  11:41:05 am
  Module:                 scaletrim_UINT8
  Technology library:     fast_vdd1v0 1.0
  Operating conditions:   PVT_1P1V_0C (balanced_tree)
  Wireload mode:          enclosed
  Area mode:              timing library
============================================================

Timing
--------

Clock Period 
-------------
vclk  1000.0 


  Cost    Critical             Violating 
 Group   Path Slack    TNS       Paths   
-----------------------------------------
default    No paths       0.0            
vclk         -498.9   -7244.0         16 
-----------------------------------------
Total                 -7244.0         16 

Instance Count
--------------
Leaf Instance Count             937 
Physical Instance count           0 
Sequential Instance Count         0 
Combinational Instance Count    937 
Hierarchical Instance Count       2 

Area
----
Cell Area                          2501.134
Physical Cell Area                 0.000
Total Cell Area (Cell+Physical)    2501.134
Net Area                           0.000
Total Area (Cell+Physical+Net)     2501.134

Runtime                            0.0 seconds
Elapsed Runtime                    19 seconds
Genus peak memory usage            1640.83 
Innovus peak memory usage          no_value 
Hostname                           redhat315b
