============================================================
  Generated by:           Genus(TM) Synthesis Solution 21.10-p002_1
  Generated on:           Apr 11 2026  04:17:56 pm
  Module:                 floating_point_mul_p_2_L1
  Technology libraries:   fast_vdd1v0 1.0
                          physical_cells 
  Operating conditions:   PVT_1P1V_0C 
  Interconnect mode:      global
  Area mode:              physical library
============================================================

                                 Leakage  
   Gate    Instances    Area   Power (nW)     Library    
---------------------------------------------------------
ADDFHX2            2    16.416      0.945    fast_vdd1v0 
ADDFX1             5    25.650      1.662    fast_vdd1v0 
ADDHX1            18    67.716      4.921    fast_vdd1v0 
AND2X1           106   145.008      9.214    fast_vdd1v0 
AND2X2             7    11.970      0.881    fast_vdd1v0 
AND2X4             3     8.208      0.667    fast_vdd1v0 
AND2X6             1     3.762      0.361    fast_vdd1v0 
AND2X8             1     4.446      0.435    fast_vdd1v0 
AND3XL             2     4.104      0.207    fast_vdd1v0 
AO21X1             9    21.546      1.053    fast_vdd1v0 
AO21X2             1     2.736      0.163    fast_vdd1v0 
AO22X1            20    54.720      2.569    fast_vdd1v0 
AOI211X2           3    10.260      0.736    fast_vdd1v0 
AOI211X4           1     6.498      0.504    fast_vdd1v0 
AOI21X1           50    85.500      5.300    fast_vdd1v0 
AOI21X2           33    90.288      6.268    fast_vdd1v0 
AOI21X4           30   153.900     11.391    fast_vdd1v0 
AOI221X1           3     7.182      0.485    fast_vdd1v0 
AOI221X4           1     7.866      0.596    fast_vdd1v0 
AOI22X1           27    55.404      3.439    fast_vdd1v0 
AOI22X2           15    56.430      3.571    fast_vdd1v0 
AOI22X4           13    80.028      6.117    fast_vdd1v0 
AOI2BB1X1          4     8.208      0.466    fast_vdd1v0 
AOI2BB1X2          6    18.468      1.077    fast_vdd1v0 
AOI2BB1X4         12    49.248      4.424    fast_vdd1v0 
AOI31X2            3    10.260      0.695    fast_vdd1v0 
BUFX2             16    27.360      1.881    fast_vdd1v0 
BUFX3              8    16.416      1.371    fast_vdd1v0 
BUFX4              1     2.394      0.205    fast_vdd1v0 
BUFX6              7    21.546      2.279    fast_vdd1v0 
BUFX8              1     3.762      0.398    fast_vdd1v0 
CLKAND2X2         11    22.572      1.478    fast_vdd1v0 
CLKAND2X3          9    27.702      1.810    fast_vdd1v0 
CLKAND2X6          2     9.576      0.873    fast_vdd1v0 
CLKINVX4          22    37.620      3.670    fast_vdd1v0 
CLKINVX6           8    19.152      2.039    fast_vdd1v0 
CLKINVX8           2     6.156      0.694    fast_vdd1v0 
CLKMX2X3           1     4.104      0.270    fast_vdd1v0 
CLKXOR2X1         80   218.880     14.401    fast_vdd1v0 
CLKXOR2X2         20    68.400      4.361    fast_vdd1v0 
DFFRHQX1         116   714.096     44.937    fast_vdd1v0 
DFFRHQX2          11    86.526      4.669    fast_vdd1v0 
DFFRHQX4          34   325.584     18.923    fast_vdd1v0 
DFFRHQX8           2    22.572      1.634    fast_vdd1v0 
DFFRX1             4    27.360      1.614    fast_vdd1v0 
DFFRX2             1     7.524      0.502    fast_vdd1v0 
DFFRXL             1     8.550      0.379    fast_vdd1v0 
INVX1            100    68.400      4.634    fast_vdd1v0 
INVX2             45    46.170      3.830    fast_vdd1v0 
INVX3             30    41.040      3.788    fast_vdd1v0 
INVX6              1     2.394      0.250    fast_vdd1v0 
INVXL              1     0.684      0.035    fast_vdd1v0 
MX2X1              1     2.394      0.154    fast_vdd1v0 
NAND2BX1          99   135.432     10.563    fast_vdd1v0 
NAND2BX2          28    67.032      4.734    fast_vdd1v0 
NAND2BX4          13    48.906      4.003    fast_vdd1v0 
NAND2X1          160   164.160     11.196    fast_vdd1v0 
NAND2X2           90   153.900     11.814    fast_vdd1v0 
NAND2X4           39   133.380     10.166    fast_vdd1v0 
NAND2X6           14    67.032      5.475    fast_vdd1v0 
NAND2X8            3    16.416      1.599    fast_vdd1v0 
NAND3BX1           3     6.156      0.369    fast_vdd1v0 
NAND3BX2           3     9.234      0.652    fast_vdd1v0 
NAND3BX4           1     5.130      0.370    fast_vdd1v0 
NAND3BXL           4     6.840      0.374    fast_vdd1v0 
NAND3X1            1     1.710      0.078    fast_vdd1v0 
NAND3X2            1     2.736      0.182    fast_vdd1v0 
NAND3X4            2     9.576      0.685    fast_vdd1v0 
NOR2BX1          136   186.048     15.018    fast_vdd1v0 
NOR2BX2           11    30.096      1.686    fast_vdd1v0 
NOR2BX4            5    18.810      1.475    fast_vdd1v0 
NOR2X1           118   121.068      8.666    fast_vdd1v0 
NOR2X2            92   157.320     12.361    fast_vdd1v0 
NOR2X4            89   273.942     22.897    fast_vdd1v0 
NOR2X6            23    94.392      8.711    fast_vdd1v0 
NOR2X8            10    54.720      5.233    fast_vdd1v0 
NOR3BX2            1     3.420      0.225    fast_vdd1v0 
NOR3X2             5    13.680      0.849    fast_vdd1v0 
NOR3X4             7    35.910      2.649    fast_vdd1v0 
NOR3X6             1     7.182      0.591    fast_vdd1v0 
NOR3X8             1     8.892      0.774    fast_vdd1v0 
NOR4X2             1     3.420      0.192    fast_vdd1v0 
NOR4X4             1     6.498      0.385    fast_vdd1v0 
OA21X1            11    22.572      1.235    fast_vdd1v0 
OA21X2             1     3.078      0.149    fast_vdd1v0 
OA21X4             1     3.762      0.267    fast_vdd1v0 
OAI211X1           5     8.550      0.617    fast_vdd1v0 
OAI21X1           43    73.530      4.267    fast_vdd1v0 
OAI21X2           85   261.630     15.832    fast_vdd1v0 
OAI21X4           52   248.976     19.023    fast_vdd1v0 
OAI221X2           2     9.576      0.549    fast_vdd1v0 
OAI22X1            1     2.052      0.118    fast_vdd1v0 
OAI22X2            1     3.420      0.234    fast_vdd1v0 
OAI22X4            5    32.490      2.284    fast_vdd1v0 
OAI2BB1X1         34    58.140      4.048    fast_vdd1v0 
OAI2BB1X2         22    67.716      3.957    fast_vdd1v0 
OAI2BB1X4          1     4.446      0.324    fast_vdd1v0 
OAI31X1            3     6.156      0.363    fast_vdd1v0 
OAI31X2            3    11.286      0.750    fast_vdd1v0 
OR2X1             51    69.768      5.145    fast_vdd1v0 
OR2X2              4     6.840      0.553    fast_vdd1v0 
OR2X4              6    16.416      1.488    fast_vdd1v0 
OR2X6              7    26.334      2.777    fast_vdd1v0 
OR2XL              6     8.208      0.533    fast_vdd1v0 
OR4X1              1     2.052      0.125    fast_vdd1v0 
XNOR2X1          142   339.948     25.589    fast_vdd1v0 
XNOR2X2           17    52.326      3.722    fast_vdd1v0 
XNOR2X4            2     7.524      0.656    fast_vdd1v0 
XNOR3X1            1     7.524      0.375    fast_vdd1v0 
XNOR3XL            2    15.048      0.735    fast_vdd1v0 
XOR2X2             1     3.420      0.218    fast_vdd1v0 
XOR2X4             4    16.416      1.295    fast_vdd1v0 
XOR3XL             1     7.524      0.375    fast_vdd1v0 
---------------------------------------------------------
total           2388  6084.522    430.801                


                                           Leakage  Leakage 
     Type      Instances   Area   Area % Power (nW) Power % 
------------------------------------------------------------
sequential           169 1192.212   19.6     72.658    16.9 
inverter             209  221.616    3.6     18.940     4.4 
buffer                33   71.478    1.2      6.134     1.4 
logic               1977 4599.216   75.6    333.069    77.3 
physical_cells         0    0.000    0.0      0.000     0.0 
------------------------------------------------------------
total               2388 6084.522  100.0    430.801   100.0 

