============================================================
  Generated by:           Genus(TM) Synthesis Solution 21.10-p002_1
  Generated on:           Jun 19 2026  11:24:44 am
  Module:                 fplns_UINT8
  Technology library:     fast_vdd1v0 1.0
  Operating conditions:   PVT_1P1V_0C (balanced_tree)
  Wireload mode:          enclosed
  Area mode:              timing library
============================================================

Timing
--------

Clock Period 
-------------
vclk  1000.0 


  Cost    Critical           Violating 
 Group   Path Slack   TNS      Paths   
---------------------------------------
default    No paths     0.0            
vclk           -7.9   -28.6          5 
---------------------------------------
Total                 -28.6          5 

Instance Count
--------------
Leaf Instance Count             621 
Physical Instance count           0 
Sequential Instance Count         0 
Combinational Instance Count    621 
Hierarchical Instance Count       1 

Area
----
Cell Area                          931.061
Physical Cell Area                 0.000
Total Cell Area (Cell+Physical)    931.061
Net Area                           0.000
Total Area (Cell+Physical+Net)     931.061

Runtime                            0.0 seconds
Elapsed Runtime                    23 seconds
Genus peak memory usage            1633.04 
Innovus peak memory usage          no_value 
Hostname                           redhat315b
