============================================================
  Generated by:           Genus(TM) Synthesis Solution 21.10-p002_1
  Generated on:           Jun 19 2026  11:24:44 am
  Module:                 fplns_UINT8
  Technology library:     fast_vdd1v0 1.0
  Operating conditions:   PVT_1P1V_0C (balanced_tree)
  Wireload mode:          enclosed
  Area mode:              timing library
============================================================

                                Leakage  
   Gate    Instances   Area   Power (nW)     Library    
--------------------------------------------------------
AND2X1             4    5.472      0.338    fast_vdd1v0 
AND2X6             1    3.762      0.359    fast_vdd1v0 
AND2XL            15   20.520      1.113    fast_vdd1v0 
AO21X4             1    3.420      0.272    fast_vdd1v0 
AOI211X1           1    2.394      0.147    fast_vdd1v0 
AOI21X1           19   32.490      2.100    fast_vdd1v0 
AOI21X2            3    8.208      0.658    fast_vdd1v0 
AOI21X4            2   10.260      0.847    fast_vdd1v0 
AOI21XL            8   13.680      0.587    fast_vdd1v0 
AOI221X1           3    7.182      0.537    fast_vdd1v0 
AOI22X1            3    6.156      0.417    fast_vdd1v0 
AOI22X4            7   43.092      3.918    fast_vdd1v0 
AOI22XL            2    4.104      0.174    fast_vdd1v0 
AOI2BB1X1          2    4.104      0.246    fast_vdd1v0 
AOI31X1            3    6.156      0.392    fast_vdd1v0 
BUFX2              3    5.130      0.354    fast_vdd1v0 
BUFX3              3    6.156      0.536    fast_vdd1v0 
CLKBUFX2          32   54.720      3.792    fast_vdd1v0 
CLKINVX1           9    9.234      0.402    fast_vdd1v0 
CLKINVX12          6   24.624      2.787    fast_vdd1v0 
CLKINVX2           2    2.736      0.166    fast_vdd1v0 
CLKINVX3           1    1.710      0.126    fast_vdd1v0 
CLKINVX8           7   21.546      2.125    fast_vdd1v0 
CLKXOR2X1          3    8.208      0.548    fast_vdd1v0 
INVX1             46   31.464      2.136    fast_vdd1v0 
INVX2              6    6.156      0.527    fast_vdd1v0 
INVX3              2    2.736      0.251    fast_vdd1v0 
INVXL             79   54.036      2.652    fast_vdd1v0 
MX2XL              1    2.394      0.142    fast_vdd1v0 
MXI2X1             4   10.944      0.580    fast_vdd1v0 
MXI2XL             7   16.758      0.744    fast_vdd1v0 
NAND2BX1          10   13.680      1.007    fast_vdd1v0 
NAND2BX2           2    4.788      0.329    fast_vdd1v0 
NAND2BXL          16   21.888      1.248    fast_vdd1v0 
NAND2X1           33   33.858      2.292    fast_vdd1v0 
NAND2X2            9   15.390      1.198    fast_vdd1v0 
NAND2X4            2    6.293      0.532    fast_vdd1v0 
NAND2XL           35   35.910      1.613    fast_vdd1v0 
NAND3BX1           2    4.104      0.287    fast_vdd1v0 
NAND3BXL           1    1.710      0.107    fast_vdd1v0 
NAND3X1            5    8.550      0.461    fast_vdd1v0 
NAND3X2            1    2.736      0.179    fast_vdd1v0 
NOR2BX1           20   27.360      2.112    fast_vdd1v0 
NOR2BX2            2    5.472      0.316    fast_vdd1v0 
NOR2BXL            3    5.130      0.237    fast_vdd1v0 
NOR2X1            51   52.326      3.470    fast_vdd1v0 
NOR2X2            12   20.520      1.685    fast_vdd1v0 
NOR2X4             4   12.312      0.997    fast_vdd1v0 
NOR2X6             2    8.208      0.745    fast_vdd1v0 
NOR2XL            35   35.910      1.689    fast_vdd1v0 
NOR3X1             5    8.550      0.443    fast_vdd1v0 
NOR3X2             3    8.208      0.568    fast_vdd1v0 
NOR3XL             1    1.710      0.093    fast_vdd1v0 
NOR4X1             2    3.420      0.200    fast_vdd1v0 
OAI211X1           3    5.130      0.377    fast_vdd1v0 
OAI21X1           19   32.490      1.867    fast_vdd1v0 
OAI21X2            1    3.078      0.188    fast_vdd1v0 
OAI21XL            5    8.550      0.320    fast_vdd1v0 
OAI222X1           1    2.736      0.179    fast_vdd1v0 
OAI22X1            4    8.208      0.434    fast_vdd1v0 
OAI22XL            2    4.104      0.128    fast_vdd1v0 
OAI2BB1X1         10   17.100      1.134    fast_vdd1v0 
OAI2BB1X2          1    3.078      0.187    fast_vdd1v0 
OAI2BB1XL          5   10.260      0.487    fast_vdd1v0 
OR2X1              1    1.368      0.111    fast_vdd1v0 
OR2X6              1    3.762      0.410    fast_vdd1v0 
OR2X8              1    4.446      0.485    fast_vdd1v0 
OR2XL              5    6.840      0.437    fast_vdd1v0 
XNOR2X1           15   35.910      2.643    fast_vdd1v0 
XNOR2XL            1    2.736      0.183    fast_vdd1v0 
XOR2XL             5   13.680      0.852    fast_vdd1v0 
--------------------------------------------------------
total            621  931.061     62.205                


                                          Leakage  Leakage 
     Type      Instances   Area  Area % Power (nW) Power % 
-----------------------------------------------------------
inverter             158 154.242   16.6     11.172    18.0 
buffer                38  66.006    7.1      4.681     7.5 
logic                425 710.813   76.3     46.351    74.5 
physical_cells         0   0.000    0.0      0.000     0.0 
-----------------------------------------------------------
total                621 931.061  100.0     62.205   100.0 

