============================================================
  Generated by:           Genus(TM) Synthesis Solution 21.10-p002_1
  Generated on:           Jun 19 2026  11:24:44 am
  Module:                 fplns_UINT8
  Operating conditions:   PVT_1P1V_0C (balanced_tree)
  Wireload mode:          enclosed
  Area mode:              timing library
============================================================


Path 1: VIOLATED (-8 ps) Late External Delay Assertion at pin R[13]
          Group: vclk
     Startpoint: (R) Conf_Bit_Mask[2]
          Clock: (R) vclk
       Endpoint: (F) R[13]
          Clock: (R) vclk

                     Capture       Launch     
        Clock Edge:+    1000            0     
        Drv Adjust:+       0            0     
       Src Latency:+       0            0     
       Net Latency:+       0 (I)        0 (I) 
           Arrival:=    1000            0     
                                              
      Output Delay:-     200                  
       Uncertainty:-      50                  
     Required Time:=     750                  
      Launch Clock:-       0                  
       Input Delay:-     200                  
         Data Path:-     558                  
             Slack:=      -8                  

Exceptions/Constraints:
  input_delay              200             fplns_UINT8.sdc_line_14_19_1 
  output_delay             200             fplns_UINT8.sdc_line_15_22_1 

#----------------------------------------------------------------------------------------------------------------
#             Timing Point               Flags    Arc   Edge   Cell     Fanout Load Trans Delay Arrival Instance 
#                                                                              (fF)  (ps)  (ps)   (ps)  Location 
#----------------------------------------------------------------------------------------------------------------
  Conf_Bit_Mask[2]                       -       -      R     (arrival)      6  6.1     0     0     200    (-,-) 
  m_core/g15246/Y                        -       A->Y   F     CLKINVX3       1  0.5     2     5     205    (-,-) 
  m_core/g15191__8428/Y                  -       A->Y   R     MXI2X1         2  0.8    23    19     224    (-,-) 
  m_core/g15120__8428/Y                  -       A->Y   F     NOR2XL         1  0.3    11    15     240    (-,-) 
  m_core/g15117__5107/Y                  -       AN->Y  F     NAND2BX1       2  1.0    19    27     267    (-,-) 
  m_core/g16344__2346/Y                  -       S0->Y  F     MXI2XL         2  0.4    22    22     289    (-,-) 
  m_core/g15047__6417/Y                  -       A1N->Y F     AOI2BB1X1      4  1.0    13    32     321    (-,-) 
  m_core/g15020__1705/Y                  -       B->Y   R     NOR2X1         2  0.6    16    15     336    (-,-) 
  m_core/g15000__1666/Y                  -       A->Y   F     XNOR2XL        2  0.6    10    41     377    (-,-) 
  m_core/g14979__2802/Y                  -       A1->Y  R     OAI21X1        2  0.6    20    18     394    (-,-) 
  m_core/g14948__9315/Y                  -       A1N->Y R     OAI2BB1XL      2  0.6    13    25     420    (-,-) 
  m_core/g14938__6131/Y                  -       A1N->Y R     OAI2BB1X1      3  1.5    19    30     450    (-,-) 
  m_core/g14932__2802/Y                  -       B->Y   F     NOR2XL         1  0.3    10    12     462    (-,-) 
  m_core/g14927__3680/Y                  -       AN->Y  F     NAND2BX1       1  0.8    17    25     488    (-,-) 
  m_core/fopt37/Y                        -       A->Y   R     INVX2          6  2.9    14    14     501    (-,-) 
  m_core/fopt35/Y                        -       A->Y   F     INVXL          2  0.4     7    10     512    (-,-) 
  m_core/g14916__6417/Y                  -       B->Y   R     NAND2XL        1  0.3     9     8     520    (-,-) 
  m_core/g14890__8246/Y                  -       AN->Y  R     NOR2BX1        3  0.9    18    26     546    (-,-) 
  m_core/g14848_0__6417/Y                -       B->Y   F     MXI2XL         1  0.4    21    23     568    (-,-) 
  m_core/g14808__7410/Y                  -       A1->Y  R     AOI21X1        2  0.6    18    20     589    (-,-) 
  m_core/g15264__1705/Y                  -       AN->Y  R     NAND2BX1       1  0.5     9    19     608    (-,-) 
  m_core/g14776__4319/Y                  -       B0->Y  F     OAI2BB1X1      2  0.6    15    16     624    (-,-) 
  m_core/add_139_41_spec0_g16224__7098/Y -       B->Y   R     NAND2X1        2  0.6     9    11     635    (-,-) 
  m_core/add_139_41_spec0_g16180__8428/Y -       AN->Y  R     NOR2BX1        1  0.3    11    21     656    (-,-) 
  m_core/add_139_41_spec0_g16098__2398/Y -       A->Y   F     XNOR2X1        1  1.7    15    48     704    (-,-) 
  m_core/g8551__6131/Y                   -       B1->Y  R     AOI22X4        1  5.7    33    24     728    (-,-) 
  m_core/g8547/Y                         -       A->Y   F     CLKINVX12      1 50.0    40    30     758    (-,-) 
  R[13]                                  -       -      F     (port)         -    -     -     0     758    (-,-) 
#----------------------------------------------------------------------------------------------------------------



Path 2: VIOLATED (-7 ps) Late External Delay Assertion at pin R[12]
          Group: vclk
     Startpoint: (R) Conf_Bit_Mask[2]
          Clock: (R) vclk
       Endpoint: (F) R[12]
          Clock: (R) vclk

                     Capture       Launch     
        Clock Edge:+    1000            0     
        Drv Adjust:+       0            0     
       Src Latency:+       0            0     
       Net Latency:+       0 (I)        0 (I) 
           Arrival:=    1000            0     
                                              
      Output Delay:-     200                  
       Uncertainty:-      50                  
     Required Time:=     750                  
      Launch Clock:-       0                  
       Input Delay:-     200                  
         Data Path:-     557                  
             Slack:=      -7                  

Exceptions/Constraints:
  input_delay              200             fplns_UINT8.sdc_line_14_19_1 
  output_delay             200             fplns_UINT8.sdc_line_15_23_1 

#----------------------------------------------------------------------------------------------------------------
#             Timing Point               Flags    Arc   Edge   Cell     Fanout Load Trans Delay Arrival Instance 
#                                                                              (fF)  (ps)  (ps)   (ps)  Location 
#----------------------------------------------------------------------------------------------------------------
  Conf_Bit_Mask[2]                       -       -      R     (arrival)      6  6.1     0     0     200    (-,-) 
  m_core/g15246/Y                        -       A->Y   F     CLKINVX3       1  0.5     2     5     205    (-,-) 
  m_core/g15191__8428/Y                  -       A->Y   R     MXI2X1         2  0.8    23    19     224    (-,-) 
  m_core/g15120__8428/Y                  -       A->Y   F     NOR2XL         1  0.3    11    15     240    (-,-) 
  m_core/g15117__5107/Y                  -       AN->Y  F     NAND2BX1       2  1.0    19    27     267    (-,-) 
  m_core/g16344__2346/Y                  -       S0->Y  F     MXI2XL         2  0.4    22    22     289    (-,-) 
  m_core/g15047__6417/Y                  -       A1N->Y F     AOI2BB1X1      4  1.0    13    32     321    (-,-) 
  m_core/g15020__1705/Y                  -       B->Y   R     NOR2X1         2  0.6    16    15     336    (-,-) 
  m_core/g15000__1666/Y                  -       A->Y   F     XNOR2XL        2  0.6    10    41     377    (-,-) 
  m_core/g14979__2802/Y                  -       A1->Y  R     OAI21X1        2  0.6    20    18     394    (-,-) 
  m_core/g14948__9315/Y                  -       A1N->Y R     OAI2BB1XL      2  0.6    13    25     420    (-,-) 
  m_core/g14938__6131/Y                  -       A1N->Y R     OAI2BB1X1      3  1.5    19    30     450    (-,-) 
  m_core/g14933__1705/Y                  -       B->Y   F     NAND2X2        2  0.8    14    16     466    (-,-) 
  m_core/g14931/Y                        -       A->Y   R     INVX1          3  1.2    12    12     478    (-,-) 
  m_core/g16347__5477/Y                  -       A1N->Y R     OAI2BB1XL      2  0.8    15    25     504    (-,-) 
  m_core/g14881/Y                        -       A->Y   F     INVX1          2  0.8     9    11     515    (-,-) 
  m_core/g14839__1881/Y                  -       C->Y   R     NOR3X1         2  0.6    26    18     533    (-,-) 
  m_core/g14826__8428/Y                  -       AN->Y  R     NAND2BX2       5  1.9    13    27     560    (-,-) 
  m_core/g16250/Y                        -       A->Y   R     CLKBUFX2       3  0.9     7    21     582    (-,-) 
  m_core/g14788__7098/Y                  -       B->Y   F     NAND2BXL       1  0.4    15    13     595    (-,-) 
  m_core/g14779__5526/Y                  -       B0->Y  R     OAI2BB1X1      2  1.0    13    14     609    (-,-) 
  m_core/add_139_41_spec0_g16222__5122/Y -       B->Y   F     NAND2X1        2  0.5    14    14     623    (-,-) 
  m_core/g16278/Y                        -       A->Y   F     CLKBUFX2       1  0.2     5    22     645    (-,-) 
  m_core/g16285/Y                        -       A->Y   R     INVXL          1  0.3     5     7     652    (-,-) 
  m_core/add_139_41_spec0_g16099__5107/Y -       A->Y   F     XNOR2X1        1  1.7    15    47     699    (-,-) 
  m_core/g8552__1881/Y                   -       B1->Y  R     AOI22X4        1  3.8    28    21     720    (-,-) 
  m_core/g8548/Y                         -       A->Y   F     CLKINVX8       1 50.0    55    37     757    (-,-) 
  R[12]                                  -       -      F     (port)         -    -     -     0     757    (-,-) 
#----------------------------------------------------------------------------------------------------------------



Path 3: VIOLATED (-7 ps) Late External Delay Assertion at pin R[15]
          Group: vclk
     Startpoint: (F) Conf_Bit_Mask[0]
          Clock: (R) vclk
       Endpoint: (R) R[15]
          Clock: (R) vclk

                     Capture       Launch     
        Clock Edge:+    1000            0     
        Drv Adjust:+       0            0     
       Src Latency:+       0            0     
       Net Latency:+       0 (I)        0 (I) 
           Arrival:=    1000            0     
                                              
      Output Delay:-     200                  
       Uncertainty:-      50                  
     Required Time:=     750                  
      Launch Clock:-       0                  
       Input Delay:-     200                  
         Data Path:-     557                  
             Slack:=      -7                  

Exceptions/Constraints:
  input_delay              200             fplns_UINT8.sdc_line_14_21_1 
  output_delay             200             fplns_UINT8.sdc_line_15      

#----------------------------------------------------------------------------------------------------------------
#             Timing Point               Flags    Arc   Edge   Cell     Fanout Load Trans Delay Arrival Instance 
#                                                                              (fF)  (ps)  (ps)   (ps)  Location 
#----------------------------------------------------------------------------------------------------------------
  Conf_Bit_Mask[0]                       -       -      F     (arrival)      3  3.4     0     0     200    (-,-) 
  m_core/g15214__4733/Y                  -       A->Y   R     NOR2X4         4  2.4    13    14     214    (-,-) 
  m_core/g15128__8246/Y                  -       A->Y   F     NOR2X2         2  1.2    10    12     226    (-,-) 
  m_core/g15109__9945/Y                  -       B0->Y  R     AOI21X1        2  1.3    27    22     248    (-,-) 
  m_core/g15082__6417/Y                  -       C->Y   F     NOR3X2         1  0.9    12    14     262    (-,-) 
  m_core/g15072__4733/Y                  -       A->Y   R     NOR2X2         3  1.8    20    19     280    (-,-) 
  m_core/g15055__4319/Y                  -       B->Y   F     NAND2X1        3  0.8    18    19     299    (-,-) 
  m_core/g15036__9315/Y                  -       B->Y   R     NAND2X1        3  1.1    16    14     313    (-,-) 
  m_core/g15016__6783/Y                  -       AN->Y  R     NAND2BXL       1  0.3    10    16     330    (-,-) 
  m_core/g15008__6260/Y                  -       AN->Y  R     NOR2BX1        1  0.8    17    25     354    (-,-) 
  m_core/g14992__7482/Y                  -       S0->Y  R     MXI2X1         2  0.8    23    25     379    (-,-) 
  m_core/g15273__4733/Y                  -       A->Y   R     AND2XL         3  1.1    16    30     409    (-,-) 
  m_core/g14951__2346/Y                  -       C->Y   F     NOR3X1         1  0.3    11    11     420    (-,-) 
  m_core/g14938__6131/Y                  -       A0N->Y F     OAI2BB1X1      3  1.2    23    29     449    (-,-) 
  m_core/g14932__2802/Y                  -       B->Y   R     NOR2XL         1  0.3    15    17     466    (-,-) 
  m_core/g14927__3680/Y                  -       AN->Y  R     NAND2BX1       1  1.0    12    20     487    (-,-) 
  m_core/fopt37/Y                        -       A->Y   F     INVX2          6  2.2    11    12     498    (-,-) 
  m_core/fopt33/Y                        -       A->Y   R     INVX2          5  2.4    11    11     510    (-,-) 
  m_core/fopt16328/Y                     -       A->Y   F     INVXL          1  0.4     7     9     519    (-,-) 
  m_core/g14907__2883/Y                  -       B->Y   R     NOR2X1         2  0.6    14    13     532    (-,-) 
  m_core/g14860__2398/Y                  -       B->Y   F     NAND2XL        1  0.4    15    16     547    (-,-) 
  m_core/g14854__7410/Y                  -       B0->Y  R     OAI21X1        2  0.8    23    12     559    (-,-) 
  m_core/g14807__1666/Y                  -       A1->Y  F     AOI22X1        2  0.6    29    28     587    (-,-) 
  m_core/g14777__8428/Y                  -       A1->Y  R     OAI21X1        2  0.6    22    24     611    (-,-) 
  m_core/add_139_41_spec0_g16225__6131/Y -       B->Y   R     AND2XL         2  0.6    10    25     636    (-,-) 
  m_core/g16270/Y                        -       A->Y   R     CLKBUFX2       1  0.5     5    20     656    (-,-) 
  m_core/g16279/Y                        -       A->Y   F     INVX1          1  0.5     5     7     663    (-,-) 
  m_core/add_139_41_spec0_g16093__1666/Y -       B->Y   R     XNOR2X1        1  1.9    17    40     703    (-,-) 
  m_core/g8554__7482/Y                   -       A1->Y  F     AOI21X4        1  5.0    30    26     729    (-,-) 
  m_core/g8549/Y                         -       A->Y   R     CLKINVX12      1 50.0    36    28     757    (-,-) 
  R[15]                                  -       -      R     (port)         -    -     -     0     757    (-,-) 
#----------------------------------------------------------------------------------------------------------------



Path 4: VIOLATED (-5 ps) Late External Delay Assertion at pin R[14]
          Group: vclk
     Startpoint: (R) Conf_Bit_Mask[2]
          Clock: (R) vclk
       Endpoint: (R) R[14]
          Clock: (R) vclk

                     Capture       Launch     
        Clock Edge:+    1000            0     
        Drv Adjust:+       0            0     
       Src Latency:+       0            0     
       Net Latency:+       0 (I)        0 (I) 
           Arrival:=    1000            0     
                                              
      Output Delay:-     200                  
       Uncertainty:-      50                  
     Required Time:=     750                  
      Launch Clock:-       0                  
       Input Delay:-     200                  
         Data Path:-     555                  
             Slack:=      -5                  

Exceptions/Constraints:
  input_delay              200             fplns_UINT8.sdc_line_14_19_1 
  output_delay             200             fplns_UINT8.sdc_line_15_21_1 

#----------------------------------------------------------------------------------------------------------------
#             Timing Point               Flags    Arc   Edge   Cell     Fanout Load Trans Delay Arrival Instance 
#                                                                              (fF)  (ps)  (ps)   (ps)  Location 
#----------------------------------------------------------------------------------------------------------------
  Conf_Bit_Mask[2]                       -       -      R     (arrival)      6  6.1     0     0     200    (-,-) 
  m_core/g15246/Y                        -       A->Y   F     CLKINVX3       1  0.5     2     5     205    (-,-) 
  m_core/g15191__8428/Y                  -       A->Y   R     MXI2X1         2  0.8    23    19     224    (-,-) 
  m_core/g15120__8428/Y                  -       A->Y   F     NOR2XL         1  0.3    11    15     240    (-,-) 
  m_core/g15117__5107/Y                  -       AN->Y  F     NAND2BX1       2  1.0    19    27     267    (-,-) 
  m_core/g16344__2346/Y                  -       S0->Y  F     MXI2XL         2  0.4    22    22     289    (-,-) 
  m_core/g15047__6417/Y                  -       A1N->Y F     AOI2BB1X1      4  1.0    13    32     321    (-,-) 
  m_core/g15020__1705/Y                  -       B->Y   R     NOR2X1         2  0.6    16    15     336    (-,-) 
  m_core/g15000__1666/Y                  -       A->Y   F     XNOR2XL        2  0.6    10    41     377    (-,-) 
  m_core/g14979__2802/Y                  -       A1->Y  R     OAI21X1        2  0.6    20    18     394    (-,-) 
  m_core/g14948__9315/Y                  -       A1N->Y R     OAI2BB1XL      2  0.6    13    25     420    (-,-) 
  m_core/g14938__6131/Y                  -       A1N->Y R     OAI2BB1X1      3  1.5    19    30     450    (-,-) 
  m_core/g14932__2802/Y                  -       B->Y   F     NOR2XL         1  0.3    10    12     462    (-,-) 
  m_core/g14927__3680/Y                  -       AN->Y  F     NAND2BX1       1  0.8    17    25     488    (-,-) 
  m_core/fopt37/Y                        -       A->Y   R     INVX2          6  2.9    14    14     501    (-,-) 
  m_core/fopt33/Y                        -       A->Y   F     INVX2          5  1.9    10    12     513    (-,-) 
  m_core/g14918__2398/Y                  -       B->Y   R     NAND2X1        2  0.6     9    10     522    (-,-) 
  m_core/g14892__6131/Y                  -       AN->Y  R     NOR2BX1        2  0.8    17    25     547    (-,-) 
  m_core/g14851__2883/Y                  -       B->Y   F     MXI2X1         2  0.6    21    23     570    (-,-) 
  m_core/g14807__1666/Y                  -       B1->Y  R     AOI22X1        2  0.8    26    23     593    (-,-) 
  m_core/g14777__8428/Y                  -       A1->Y  F     OAI21X1        2  0.5    17    21     613    (-,-) 
  m_core/add_139_41_spec0_g16212__1705/Y -       B->Y   F     OR2X1          1  0.3     6    28     641    (-,-) 
  m_core/add_139_41_spec0_g16241__2883/Y -       AN->Y  F     NOR2BXL        1  0.3     8    16     657    (-,-) 
  m_core/add_139_41_spec0_g16097__5477/Y -       A->Y   R     XNOR2X1        1  1.9    17    47     704    (-,-) 
  m_core/g8563__9315/Y                   -       B1->Y  F     AOI22X4        1  5.0    32    23     727    (-,-) 
  m_core/g8557/Y                         -       A->Y   R     CLKINVX12      1 50.0    37    28     755    (-,-) 
  R[14]                                  -       -      R     (port)         -    -     -     0     755    (-,-) 
#----------------------------------------------------------------------------------------------------------------



Path 5: VIOLATED (-2 ps) Late External Delay Assertion at pin R[10]
          Group: vclk
     Startpoint: (F) Conf_Bit_Mask[0]
          Clock: (R) vclk
       Endpoint: (R) R[10]
          Clock: (R) vclk

                     Capture       Launch     
        Clock Edge:+    1000            0     
        Drv Adjust:+       0            0     
       Src Latency:+       0            0     
       Net Latency:+       0 (I)        0 (I) 
           Arrival:=    1000            0     
                                              
      Output Delay:-     200                  
       Uncertainty:-      50                  
     Required Time:=     750                  
      Launch Clock:-       0                  
       Input Delay:-     200                  
         Data Path:-     552                  
             Slack:=      -2                  

Exceptions/Constraints:
  input_delay              200             fplns_UINT8.sdc_line_14_21_1 
  output_delay             200             fplns_UINT8.sdc_line_15_25_1 

#----------------------------------------------------------------------------------------------------------------
#             Timing Point               Flags    Arc   Edge   Cell     Fanout Load Trans Delay Arrival Instance 
#                                                                              (fF)  (ps)  (ps)   (ps)  Location 
#----------------------------------------------------------------------------------------------------------------
  Conf_Bit_Mask[0]                       -       -      F     (arrival)      3  3.4     0     0     200    (-,-) 
  m_core/g15214__4733/Y                  -       A->Y   R     NOR2X4         4  2.4    13    14     214    (-,-) 
  m_core/g15128__8246/Y                  -       A->Y   F     NOR2X2         2  1.2    10    12     226    (-,-) 
  m_core/g15109__9945/Y                  -       B0->Y  R     AOI21X1        2  1.3    27    22     248    (-,-) 
  m_core/g15082__6417/Y                  -       C->Y   F     NOR3X2         1  0.9    12    14     262    (-,-) 
  m_core/g15072__4733/Y                  -       A->Y   R     NOR2X2         3  1.8    20    19     280    (-,-) 
  m_core/g15055__4319/Y                  -       B->Y   F     NAND2X1        3  0.8    18    19     299    (-,-) 
  m_core/g15036__9315/Y                  -       B->Y   R     NAND2X1        3  1.1    16    14     313    (-,-) 
  m_core/g15016__6783/Y                  -       AN->Y  R     NAND2BXL       1  0.3    10    16     330    (-,-) 
  m_core/g15008__6260/Y                  -       AN->Y  R     NOR2BX1        1  0.8    17    25     354    (-,-) 
  m_core/g14992__7482/Y                  -       S0->Y  R     MXI2X1         2  0.8    23    25     379    (-,-) 
  m_core/g15273__4733/Y                  -       A->Y   R     AND2XL         3  1.1    16    30     409    (-,-) 
  m_core/g14951__2346/Y                  -       C->Y   F     NOR3X1         1  0.3    11    11     420    (-,-) 
  m_core/g14938__6131/Y                  -       A0N->Y F     OAI2BB1X1      3  1.2    23    29     449    (-,-) 
  m_core/g14932__2802/Y                  -       B->Y   R     NOR2XL         1  0.3    15    17     466    (-,-) 
  m_core/g14927__3680/Y                  -       AN->Y  R     NAND2BX1       1  1.0    12    20     487    (-,-) 
  m_core/fopt37/Y                        -       A->Y   F     INVX2          6  2.2    11    12     498    (-,-) 
  m_core/fopt33/Y                        -       A->Y   R     INVX2          5  2.4    11    11     510    (-,-) 
  m_core/fopt16328/Y                     -       A->Y   F     INVXL          1  0.4     7     9     519    (-,-) 
  m_core/g14907__2883/Y                  -       B->Y   R     NOR2X1         2  0.6    14    13     532    (-,-) 
  m_core/g14860__2398/Y                  -       B->Y   F     NAND2XL        1  0.4    15    16     547    (-,-) 
  m_core/g14854__7410/Y                  -       B0->Y  R     OAI21X1        2  0.8    23    12     559    (-,-) 
  m_core/fopt1/Y                         -       A->Y   F     INVXL          2  0.6    11    15     574    (-,-) 
  m_core/g14789__6131/Y                  -       AN->Y  F     NAND2BXL       1  0.4    15    22     596    (-,-) 
  m_core/g14773__2398/Y                  -       C->Y   R     NAND3X1        2  0.6    13    12     608    (-,-) 
  m_core/add_139_41_spec0_g16236__9315/Y -       B->Y   F     NOR2XL         1  0.3     9    10     618    (-,-) 
  m_core/add_139_41_spec0_g16221/Y       -       A->Y   F     CLKBUFX2       1  0.2     5    21     639    (-,-) 
  m_core/add_139_41_spec0_g16240__9945/Y -       B->Y   F     OR2XL          1  0.5     8    23     662    (-,-) 
  m_core/add_139_41_spec0_g16095__6417/Y -       B->Y   R     XNOR2X1        1  1.9    17    40     702    (-,-) 
  m_core/g8564__9945/Y                   -       B1->Y  F     AOI22X4        1  5.0    32    23     724    (-,-) 
  m_core/fopt/Y                          -       A->Y   R     CLKINVX12      1 50.0    37    28     752    (-,-) 
  R[10]                                  -       -      R     (port)         -    -     -     0     752    (-,-) 
#----------------------------------------------------------------------------------------------------------------



Path 6: MET (2 ps) Late External Delay Assertion at pin R[11]
          Group: vclk
     Startpoint: (R) Conf_Bit_Mask[2]
          Clock: (R) vclk
       Endpoint: (F) R[11]
          Clock: (R) vclk

                     Capture       Launch     
        Clock Edge:+    1000            0     
        Drv Adjust:+       0            0     
       Src Latency:+       0            0     
       Net Latency:+       0 (I)        0 (I) 
           Arrival:=    1000            0     
                                              
      Output Delay:-     200                  
       Uncertainty:-      50                  
     Required Time:=     750                  
      Launch Clock:-       0                  
       Input Delay:-     200                  
         Data Path:-     548                  
             Slack:=       2                  

Exceptions/Constraints:
  input_delay              200             fplns_UINT8.sdc_line_14_19_1 
  output_delay             200             fplns_UINT8.sdc_line_15_24_1 

#----------------------------------------------------------------------------------------------------------------
#             Timing Point               Flags    Arc   Edge   Cell     Fanout Load Trans Delay Arrival Instance 
#                                                                              (fF)  (ps)  (ps)   (ps)  Location 
#----------------------------------------------------------------------------------------------------------------
  Conf_Bit_Mask[2]                       -       -      R     (arrival)      6  6.1     0     0     200    (-,-) 
  m_core/g15246/Y                        -       A->Y   F     CLKINVX3       1  0.5     2     5     205    (-,-) 
  m_core/g15191__8428/Y                  -       A->Y   R     MXI2X1         2  0.8    23    19     224    (-,-) 
  m_core/g15120__8428/Y                  -       A->Y   F     NOR2XL         1  0.3    11    15     240    (-,-) 
  m_core/g15117__5107/Y                  -       AN->Y  F     NAND2BX1       2  1.0    19    27     267    (-,-) 
  m_core/g16344__2346/Y                  -       S0->Y  F     MXI2XL         2  0.4    22    22     289    (-,-) 
  m_core/g15047__6417/Y                  -       A1N->Y F     AOI2BB1X1      4  1.0    13    32     321    (-,-) 
  m_core/g15020__1705/Y                  -       B->Y   R     NOR2X1         2  0.6    16    15     336    (-,-) 
  m_core/g15000__1666/Y                  -       A->Y   F     XNOR2XL        2  0.6    10    41     377    (-,-) 
  m_core/g14979__2802/Y                  -       A1->Y  R     OAI21X1        2  0.6    20    18     394    (-,-) 
  m_core/g14948__9315/Y                  -       A1N->Y R     OAI2BB1XL      2  0.6    13    25     420    (-,-) 
  m_core/g14938__6131/Y                  -       A1N->Y R     OAI2BB1X1      3  1.5    19    30     450    (-,-) 
  m_core/g14932__2802/Y                  -       B->Y   F     NOR2XL         1  0.3    10    12     462    (-,-) 
  m_core/g14927__3680/Y                  -       AN->Y  F     NAND2BX1       1  0.8    17    25     488    (-,-) 
  m_core/fopt37/Y                        -       A->Y   R     INVX2          6  2.9    14    14     501    (-,-) 
  m_core/fopt35/Y                        -       A->Y   F     INVXL          2  0.4     7    10     512    (-,-) 
  m_core/g14916__6417/Y                  -       B->Y   R     NAND2XL        1  0.3     9     8     520    (-,-) 
  m_core/g14890__8246/Y                  -       AN->Y  R     NOR2BX1        3  0.9    18    26     546    (-,-) 
  m_core/g14888/Y                        -       A->Y   F     INVXL          1  0.4     8    12     558    (-,-) 
  m_core/g14853__1666/Y                  -       A1->Y  R     AOI21X1        3  0.9    22    19     576    (-,-) 
  m_core/g14788__7098/Y                  -       AN->Y  R     NAND2BXL       1  0.5    11    18     595    (-,-) 
  m_core/g14779__5526/Y                  -       B0->Y  F     OAI2BB1X1      2  0.8    17    18     613    (-,-) 
  m_core/add_139_41_spec0_g16231__7482/Y -       B->Y   R     NOR2X1         1  0.3    12    14     627    (-,-) 
  m_core/add_139_41_spec0_g16168__4319/Y -       AN->Y  R     NAND2BXL       1  0.3     9    16     643    (-,-) 
  m_core/add_139_41_spec0_g16094__7410/Y -       A->Y   F     XNOR2X1        1  1.7    15    48     691    (-,-) 
  m_core/g8555__4733/Y                   -       B1->Y  R     AOI22X4        1  3.8    28    21     711    (-,-) 
  m_core/g8550/Y                         -       A->Y   F     CLKINVX8       1 50.0    55    37     748    (-,-) 
  R[11]                                  -       -      F     (port)         -    -     -     0     748    (-,-) 
#----------------------------------------------------------------------------------------------------------------



Path 7: MET (6 ps) Late External Delay Assertion at pin R[2]
          Group: vclk
     Startpoint: (F) Conf_Bit_Mask[0]
          Clock: (R) vclk
       Endpoint: (F) R[2]
          Clock: (R) vclk

                     Capture       Launch     
        Clock Edge:+    1000            0     
        Drv Adjust:+       0            0     
       Src Latency:+       0            0     
       Net Latency:+       0 (I)        0 (I) 
           Arrival:=    1000            0     
                                              
      Output Delay:-     200                  
       Uncertainty:-      50                  
     Required Time:=     750                  
      Launch Clock:-       0                  
       Input Delay:-     200                  
         Data Path:-     544                  
             Slack:=       6                  

Exceptions/Constraints:
  input_delay              200             fplns_UINT8.sdc_line_14_21_1 
  output_delay             200             fplns_UINT8.sdc_line_15_33_1 

#-----------------------------------------------------------------------------------------------
#     Timing Point      Flags    Arc   Edge   Cell     Fanout Load Trans Delay Arrival Instance 
#                                                             (fF)  (ps)  (ps)   (ps)  Location 
#-----------------------------------------------------------------------------------------------
  Conf_Bit_Mask[0]      -       -      F     (arrival)      3  3.4     0     0     200    (-,-) 
  m_core/g15214__4733/Y -       A->Y   R     NOR2X4         4  2.4    13    14     214    (-,-) 
  m_core/g15128__8246/Y -       A->Y   F     NOR2X2         2  1.2    10    12     226    (-,-) 
  m_core/g15109__9945/Y -       B0->Y  R     AOI21X1        2  1.3    27    22     248    (-,-) 
  m_core/g15082__6417/Y -       C->Y   F     NOR3X2         1  0.9    12    14     262    (-,-) 
  m_core/g15072__4733/Y -       A->Y   R     NOR2X2         3  1.8    20    19     280    (-,-) 
  m_core/g15055__4319/Y -       B->Y   F     NAND2X1        3  0.8    18    19     299    (-,-) 
  m_core/g15036__9315/Y -       B->Y   R     NAND2X1        3  1.1    16    14     313    (-,-) 
  m_core/g15016__6783/Y -       AN->Y  R     NAND2BXL       1  0.3    10    16     330    (-,-) 
  m_core/g15008__6260/Y -       AN->Y  R     NOR2BX1        1  0.8    17    25     354    (-,-) 
  m_core/g14992__7482/Y -       S0->Y  R     MXI2X1         2  0.8    23    25     379    (-,-) 
  m_core/g15273__4733/Y -       A->Y   R     AND2XL         3  1.1    16    30     409    (-,-) 
  m_core/g14951__2346/Y -       C->Y   F     NOR3X1         1  0.3    11    11     420    (-,-) 
  m_core/g14938__6131/Y -       A0N->Y F     OAI2BB1X1      3  1.2    23    29     449    (-,-) 
  m_core/g14932__2802/Y -       B->Y   R     NOR2XL         1  0.3    15    17     466    (-,-) 
  m_core/g14927__3680/Y -       AN->Y  R     NAND2BX1       1  1.0    12    20     487    (-,-) 
  m_core/fopt37/Y       -       A->Y   F     INVX2          6  2.2    11    12     498    (-,-) 
  m_core/fopt33/Y       -       A->Y   R     INVX2          5  2.4    11    11     510    (-,-) 
  m_core/fopt32/Y       -       A->Y   F     INVXL          2  0.5     8    10     520    (-,-) 
  m_core/fopt31/Y       -       A->Y   F     CLKBUFX2       3  0.7     6    22     542    (-,-) 
  m_core/fopt30/Y       -       A->Y   F     CLKBUFX2       2  0.8     7    22     563    (-,-) 
  m_core/fopt29/Y       -       A->Y   R     CLKINVX1       2  0.6     6     8     571    (-,-) 
  m_core/fopt28/Y       -       A->Y   F     INVXL          2  0.5     7     8     579    (-,-) 
  m_core/g14829__5526/Y -       B->Y   F     AND2X1         1  0.4     6    19     599    (-,-) 
  m_core/g8590__6783/Y  -       C0->Y  R     AOI221X1       1  0.3    29    22     621    (-,-) 
  m_core/g8545__8246/Y  -       A1->Y  F     OAI22XL        1  0.4    25    28     649    (-,-) 
  m_core/g8541__2802/Y  -       B0->Y  F     AO21X4         1 50.0   102    96     744    (-,-) 
  R[2]                  -       -      F     (port)         -    -     -     0     744    (-,-) 
#-----------------------------------------------------------------------------------------------



Path 8: MET (7 ps) Late External Delay Assertion at pin R[1]
          Group: vclk
     Startpoint: (R) Conf_Bit_Mask[2]
          Clock: (R) vclk
       Endpoint: (F) R[1]
          Clock: (R) vclk

                     Capture       Launch     
        Clock Edge:+    1000            0     
        Drv Adjust:+       0            0     
       Src Latency:+       0            0     
       Net Latency:+       0 (I)        0 (I) 
           Arrival:=    1000            0     
                                              
      Output Delay:-     200                  
       Uncertainty:-      50                  
     Required Time:=     750                  
      Launch Clock:-       0                  
       Input Delay:-     200                  
         Data Path:-     543                  
             Slack:=       7                  

Exceptions/Constraints:
  input_delay              200             fplns_UINT8.sdc_line_14_19_1 
  output_delay             200             fplns_UINT8.sdc_line_15_34_1 

#-----------------------------------------------------------------------------------------------
#     Timing Point      Flags    Arc   Edge   Cell     Fanout Load Trans Delay Arrival Instance 
#                                                             (fF)  (ps)  (ps)   (ps)  Location 
#-----------------------------------------------------------------------------------------------
  Conf_Bit_Mask[2]      -       -      R     (arrival)      6  6.1     0     0     200    (-,-) 
  m_core/g15246/Y       -       A->Y   F     CLKINVX3       1  0.5     2     5     205    (-,-) 
  m_core/g15191__8428/Y -       A->Y   R     MXI2X1         2  0.8    23    19     224    (-,-) 
  m_core/g15120__8428/Y -       A->Y   F     NOR2XL         1  0.3    11    15     240    (-,-) 
  m_core/g15117__5107/Y -       AN->Y  F     NAND2BX1       2  1.0    19    27     267    (-,-) 
  m_core/g16344__2346/Y -       S0->Y  F     MXI2XL         2  0.4    22    22     289    (-,-) 
  m_core/g15047__6417/Y -       A1N->Y F     AOI2BB1X1      4  1.0    13    32     321    (-,-) 
  m_core/g15020__1705/Y -       B->Y   R     NOR2X1         2  0.6    16    15     336    (-,-) 
  m_core/g15000__1666/Y -       A->Y   F     XNOR2XL        2  0.6    10    41     377    (-,-) 
  m_core/g14979__2802/Y -       A1->Y  R     OAI21X1        2  0.6    20    18     394    (-,-) 
  m_core/g14948__9315/Y -       A1N->Y R     OAI2BB1XL      2  0.6    13    25     420    (-,-) 
  m_core/g14938__6131/Y -       A1N->Y R     OAI2BB1X1      3  1.5    19    30     450    (-,-) 
  m_core/g14932__2802/Y -       B->Y   F     NOR2XL         1  0.3    10    12     462    (-,-) 
  m_core/g14927__3680/Y -       AN->Y  F     NAND2BX1       1  0.8    17    25     488    (-,-) 
  m_core/fopt37/Y       -       A->Y   R     INVX2          6  2.9    14    14     501    (-,-) 
  m_core/fopt33/Y       -       A->Y   F     INVX2          5  1.9    10    12     513    (-,-) 
  m_core/fopt32/Y       -       A->Y   R     INVXL          2  0.6    10    10     523    (-,-) 
  m_core/fopt31/Y       -       A->Y   R     CLKBUFX2       3  0.9     7    21     544    (-,-) 
  m_core/fopt30/Y       -       A->Y   R     CLKBUFX2       2  1.0     7    20     564    (-,-) 
  m_core/fopt29/Y       -       A->Y   F     CLKINVX1       2  0.5     5     8     572    (-,-) 
  m_core/g8601__7482/Y  -       A1N->Y F     OAI2BB1X1      2  0.5    14    22     594    (-,-) 
  m_core/g8594__1705/Y  -       B->Y   R     NOR2XL         1  0.5    18    16     611    (-,-) 
  m_core/g8593__2802/Y  -       B0->Y  F     AOI31X1        1  0.3    25    11     622    (-,-) 
  m_core/g8569__7410/Y  -       A0->Y  R     AOI21XL        1  0.3    18    23     645    (-,-) 
  m_core/g8538__3680/Y  -       B1->Y  F     OAI22XL        1  0.9    35    27     672    (-,-) 
  m_core/g8530__5107/Y  -       A->Y   F     OR2X8          1 50.0    58    71     743    (-,-) 
  R[1]                  -       -      F     (port)         -    -     -     0     743    (-,-) 
#-----------------------------------------------------------------------------------------------



Path 9: MET (9 ps) Late External Delay Assertion at pin R[0]
          Group: vclk
     Startpoint: (R) Conf_Bit_Mask[2]
          Clock: (R) vclk
       Endpoint: (R) R[0]
          Clock: (R) vclk

                     Capture       Launch     
        Clock Edge:+    1000            0     
        Drv Adjust:+       0            0     
       Src Latency:+       0            0     
       Net Latency:+       0 (I)        0 (I) 
           Arrival:=    1000            0     
                                              
      Output Delay:-     200                  
       Uncertainty:-      50                  
     Required Time:=     750                  
      Launch Clock:-       0                  
       Input Delay:-     200                  
         Data Path:-     541                  
             Slack:=       9                  

Exceptions/Constraints:
  input_delay              200             fplns_UINT8.sdc_line_14_19_1 
  output_delay             200             fplns_UINT8.sdc_line_15_35_1 

#-----------------------------------------------------------------------------------------------
#     Timing Point      Flags    Arc   Edge   Cell     Fanout Load Trans Delay Arrival Instance 
#                                                             (fF)  (ps)  (ps)   (ps)  Location 
#-----------------------------------------------------------------------------------------------
  Conf_Bit_Mask[2]      -       -      R     (arrival)      6  6.1     0     0     200    (-,-) 
  m_core/g15246/Y       -       A->Y   F     CLKINVX3       1  0.5     2     5     205    (-,-) 
  m_core/g15191__8428/Y -       A->Y   R     MXI2X1         2  0.8    23    19     224    (-,-) 
  m_core/g15120__8428/Y -       A->Y   F     NOR2XL         1  0.3    11    15     240    (-,-) 
  m_core/g15117__5107/Y -       AN->Y  F     NAND2BX1       2  1.0    19    27     267    (-,-) 
  m_core/g16344__2346/Y -       S0->Y  F     MXI2XL         2  0.4    22    22     289    (-,-) 
  m_core/g15047__6417/Y -       A1N->Y F     AOI2BB1X1      4  1.0    13    32     321    (-,-) 
  m_core/g15020__1705/Y -       B->Y   R     NOR2X1         2  0.6    16    15     336    (-,-) 
  m_core/g15000__1666/Y -       A->Y   F     XNOR2XL        2  0.6    10    41     377    (-,-) 
  m_core/g14979__2802/Y -       A1->Y  R     OAI21X1        2  0.6    20    18     394    (-,-) 
  m_core/g14948__9315/Y -       A1N->Y R     OAI2BB1XL      2  0.6    13    25     420    (-,-) 
  m_core/g14938__6131/Y -       A1N->Y R     OAI2BB1X1      3  1.5    19    30     450    (-,-) 
  m_core/g14936/Y       -       A->Y   F     INVXL          1  0.2     6    11     461    (-,-) 
  m_core/g14926__6783/Y -       A1N->Y F     AOI2BB1X1      2  0.9    12    29     490    (-,-) 
  m_core/g14909__1666/Y -       A1->Y  R     OAI21X1        2  0.9    23    20     510    (-,-) 
  m_core/g14887__5122/Y -       B->Y   F     CLKXOR2X1      5  1.6    15    42     553    (-,-) 
  m_core/g16246/Y       -       A->Y   R     INVXL          3  1.3    18    16     569    (-,-) 
  m_core/g8620__2346/Y  -       B->Y   F     NOR2BX1        3  1.1    13    14     583    (-,-) 
  m_core/g8604/Y        -       A->Y   R     INVX1          2  0.6     7    10     593    (-,-) 
  m_core/g8595__5122/Y  -       B0->Y  F     AOI21XL        1  0.4    19     9     602    (-,-) 
  m_core/g8575__6260/Y  -       C0->Y  R     AOI221X1       1  0.6    35    30     631    (-,-) 
  m_core/g8543__5122/Y  -       B->Y   F     XOR2XL         1  0.2     5    34     666    (-,-) 
  m_core/g8539__1617/Y  -       B->Y   R     NOR2XL         1  1.0    28    20     686    (-,-) 
  m_core/g8536__5526/Y  -       B->Y   R     OR2X6          1 50.0    63    56     741    (-,-) 
  R[0]                  -       -      R     (port)         -    -     -     0     741    (-,-) 
#-----------------------------------------------------------------------------------------------



Path 10: MET (12 ps) Late External Delay Assertion at pin R[8]
          Group: vclk
     Startpoint: (F) Conf_Bit_Mask[0]
          Clock: (R) vclk
       Endpoint: (F) R[8]
          Clock: (R) vclk

                     Capture       Launch     
        Clock Edge:+    1000            0     
        Drv Adjust:+       0            0     
       Src Latency:+       0            0     
       Net Latency:+       0 (I)        0 (I) 
           Arrival:=    1000            0     
                                              
      Output Delay:-     200                  
       Uncertainty:-      50                  
     Required Time:=     750                  
      Launch Clock:-       0                  
       Input Delay:-     200                  
         Data Path:-     538                  
             Slack:=      12                  

Exceptions/Constraints:
  input_delay              200             fplns_UINT8.sdc_line_14_21_1 
  output_delay             200             fplns_UINT8.sdc_line_15_27_1 

#----------------------------------------------------------------------------------------------------------------
#             Timing Point               Flags    Arc   Edge   Cell     Fanout Load Trans Delay Arrival Instance 
#                                                                              (fF)  (ps)  (ps)   (ps)  Location 
#----------------------------------------------------------------------------------------------------------------
  Conf_Bit_Mask[0]                       -       -      F     (arrival)      3  3.4     0     0     200    (-,-) 
  m_core/g15214__4733/Y                  -       A->Y   R     NOR2X4         4  2.4    13    14     214    (-,-) 
  m_core/g15128__8246/Y                  -       A->Y   F     NOR2X2         2  1.2    10    12     226    (-,-) 
  m_core/g15109__9945/Y                  -       B0->Y  R     AOI21X1        2  1.3    27    22     248    (-,-) 
  m_core/g15082__6417/Y                  -       C->Y   F     NOR3X2         1  0.9    12    14     262    (-,-) 
  m_core/g15072__4733/Y                  -       A->Y   R     NOR2X2         3  1.8    20    19     280    (-,-) 
  m_core/g15055__4319/Y                  -       B->Y   F     NAND2X1        3  0.8    18    19     299    (-,-) 
  m_core/g15036__9315/Y                  -       B->Y   R     NAND2X1        3  1.1    16    14     313    (-,-) 
  m_core/g15016__6783/Y                  -       AN->Y  R     NAND2BXL       1  0.3    10    16     330    (-,-) 
  m_core/g15008__6260/Y                  -       AN->Y  R     NOR2BX1        1  0.8    17    25     354    (-,-) 
  m_core/g14992__7482/Y                  -       S0->Y  R     MXI2X1         2  0.8    23    25     379    (-,-) 
  m_core/g15273__4733/Y                  -       A->Y   R     AND2XL         3  1.1    16    30     409    (-,-) 
  m_core/g14951__2346/Y                  -       C->Y   F     NOR3X1         1  0.3    11    11     420    (-,-) 
  m_core/g14938__6131/Y                  -       A0N->Y F     OAI2BB1X1      3  1.2    23    29     449    (-,-) 
  m_core/g14933__1705/Y                  -       B->Y   R     NAND2X2        2  1.0    10    12     461    (-,-) 
  m_core/g14931/Y                        -       A->Y   F     INVX1          3  1.1    10    11     472    (-,-) 
  m_core/g14898_0__2398/Y                -       A1N->Y F     OAI2BB1XL      1  0.5    17    22     494    (-,-) 
  m_core/g14855__6417/Y                  -       B->Y   R     XNOR2X1        1  1.4    13    39     534    (-,-) 
  m_core/fopt16312/Y                     -       A->Y   F     INVX3          5  2.5    10    11     544    (-,-) 
  m_core/fopt16304/Y                     -       A->Y   R     INVX3          7  2.7     9    10     554    (-,-) 
  m_core/fopt16302/Y                     -       A->Y   F     INVXL          2  0.5     8     9     563    (-,-) 
  m_core/fopt16301/Y                     -       A->Y   R     INVXL          2  0.6     9    10     573    (-,-) 
  m_core/fopt16300/Y                     -       A->Y   R     CLKBUFX2       2  0.6     6    20     593    (-,-) 
  m_core/fopt16299/Y                     -       A->Y   F     INVXL          2  0.6     8     9     602    (-,-) 
  m_core/g14823__5107/Y                  -       A->Y   R     NAND2XL        1  0.3     9    10     612    (-,-) 
  m_core/g14805__2883/Y                  -       B0->Y  F     OAI21XL        1  0.2    15    15     627    (-,-) 
  m_core/g16254/Y                        -       A->Y   R     INVXL          1  0.5     9    11     638    (-,-) 
  m_core/g14774__5107/Y                  -       B0->Y  F     OAI2BB1X1      1  0.2    10    13     652    (-,-) 
  m_core/add_139_41_spec0_g16205__1617/Y -       B->Y   R     NOR2XL         1  0.3    13    13     665    (-,-) 
  m_core/g16290/Y                        -       A->Y   F     INVXL          1  1.7    21    18     682    (-,-) 
  m_core/g8566__2883/Y                   -       B1->Y  R     AOI22X4        1  5.7    34    25     708    (-,-) 
  m_core/g8560/Y                         -       A->Y   F     CLKINVX12      1 50.0    40    30     738    (-,-) 
  R[8]                                   -       -      F     (port)         -    -     -     0     738    (-,-) 
#----------------------------------------------------------------------------------------------------------------



Path 11: MET (19 ps) Late External Delay Assertion at pin R[3]
          Group: vclk
     Startpoint: (F) Conf_Bit_Mask[0]
          Clock: (R) vclk
       Endpoint: (R) R[3]
          Clock: (R) vclk

                     Capture       Launch     
        Clock Edge:+    1000            0     
        Drv Adjust:+       0            0     
       Src Latency:+       0            0     
       Net Latency:+       0 (I)        0 (I) 
           Arrival:=    1000            0     
                                              
      Output Delay:-     200                  
       Uncertainty:-      50                  
     Required Time:=     750                  
      Launch Clock:-       0                  
       Input Delay:-     200                  
         Data Path:-     531                  
             Slack:=      19                  

Exceptions/Constraints:
  input_delay              200             fplns_UINT8.sdc_line_14_21_1 
  output_delay             200             fplns_UINT8.sdc_line_15_32_1 

#-----------------------------------------------------------------------------------------------
#     Timing Point      Flags    Arc   Edge   Cell     Fanout Load Trans Delay Arrival Instance 
#                                                             (fF)  (ps)  (ps)   (ps)  Location 
#-----------------------------------------------------------------------------------------------
  Conf_Bit_Mask[0]      -       -      F     (arrival)      3  3.4     0     0     200    (-,-) 
  m_core/g15214__4733/Y -       A->Y   R     NOR2X4         4  2.4    13    14     214    (-,-) 
  m_core/g15128__8246/Y -       A->Y   F     NOR2X2         2  1.2    10    12     226    (-,-) 
  m_core/g15109__9945/Y -       B0->Y  R     AOI21X1        2  1.3    27    22     248    (-,-) 
  m_core/g15082__6417/Y -       C->Y   F     NOR3X2         1  0.9    12    14     262    (-,-) 
  m_core/g15072__4733/Y -       A->Y   R     NOR2X2         3  1.8    20    19     280    (-,-) 
  m_core/g15055__4319/Y -       B->Y   F     NAND2X1        3  0.8    18    19     299    (-,-) 
  m_core/g15036__9315/Y -       B->Y   R     NAND2X1        3  1.1    16    14     313    (-,-) 
  m_core/g15016__6783/Y -       AN->Y  R     NAND2BXL       1  0.3    10    16     330    (-,-) 
  m_core/g15008__6260/Y -       AN->Y  R     NOR2BX1        1  0.8    17    25     354    (-,-) 
  m_core/g14992__7482/Y -       S0->Y  R     MXI2X1         2  0.8    23    25     379    (-,-) 
  m_core/g15273__4733/Y -       A->Y   R     AND2XL         3  1.1    16    30     409    (-,-) 
  m_core/g14951__2346/Y -       C->Y   F     NOR3X1         1  0.3    11    11     420    (-,-) 
  m_core/g14938__6131/Y -       A0N->Y F     OAI2BB1X1      3  1.2    23    29     449    (-,-) 
  m_core/g14933__1705/Y -       B->Y   R     NAND2X2        2  1.0    10    12     461    (-,-) 
  m_core/g14931/Y       -       A->Y   F     INVX1          3  1.1    10    11     472    (-,-) 
  m_core/g16347__5477/Y -       A1N->Y F     OAI2BB1XL      2  0.6    19    23     496    (-,-) 
  m_core/g14863__6260/Y -       B->Y   R     NAND2BXL       1  0.3     9    12     508    (-,-) 
  m_core/g8605__4733/Y  -       AN->Y  R     NOR2BX1        2  1.5    27    30     538    (-,-) 
  m_core/g8588__8428/Y  -       B->Y   R     AND2X6         3  1.3    10    36     573    (-,-) 
  m_core/drc_bufs8619/Y -       A->Y   R     CLKBUFX2       3  0.9     7    21     594    (-,-) 
  m_core/g8576__4319/Y  -       B->Y   F     NAND2XL        2  0.5    16    14     608    (-,-) 
  m_core/g8553__5115/Y  -       B->Y   R     NOR2XL         1  0.5    18    18     625    (-,-) 
  m_core/g8546__7098/Y  -       B0->Y  F     AOI31X1        3  1.0    36    14     639    (-,-) 
  m_core/g8537__6783/Y  -       A1->Y  R     OAI22X1        1  1.9    50    39     678    (-,-) 
  m_core/g8534__4319/Y  -       B0->Y  F     AOI21X4        1  3.3    25    19     697    (-,-) 
  m_core/g8532/Y        -       A->Y   R     CLKINVX8       1 50.0    50    34     731    (-,-) 
  R[3]                  -       -      R     (port)         -    -     -     0     731    (-,-) 
#-----------------------------------------------------------------------------------------------



Path 12: MET (21 ps) Late External Delay Assertion at pin R[5]
          Group: vclk
     Startpoint: (F) Conf_Bit_Mask[0]
          Clock: (R) vclk
       Endpoint: (R) R[5]
          Clock: (R) vclk

                     Capture       Launch     
        Clock Edge:+    1000            0     
        Drv Adjust:+       0            0     
       Src Latency:+       0            0     
       Net Latency:+       0 (I)        0 (I) 
           Arrival:=    1000            0     
                                              
      Output Delay:-     200                  
       Uncertainty:-      50                  
     Required Time:=     750                  
      Launch Clock:-       0                  
       Input Delay:-     200                  
         Data Path:-     529                  
             Slack:=      21                  

Exceptions/Constraints:
  input_delay              200             fplns_UINT8.sdc_line_14_21_1 
  output_delay             200             fplns_UINT8.sdc_line_15_30_1 

#-----------------------------------------------------------------------------------------------
#     Timing Point      Flags    Arc   Edge   Cell     Fanout Load Trans Delay Arrival Instance 
#                                                             (fF)  (ps)  (ps)   (ps)  Location 
#-----------------------------------------------------------------------------------------------
  Conf_Bit_Mask[0]      -       -      F     (arrival)      3  3.4     0     0     200    (-,-) 
  m_core/g15214__4733/Y -       A->Y   R     NOR2X4         4  2.4    13    14     214    (-,-) 
  m_core/g15128__8246/Y -       A->Y   F     NOR2X2         2  1.2    10    12     226    (-,-) 
  m_core/g15109__9945/Y -       B0->Y  R     AOI21X1        2  1.3    27    22     248    (-,-) 
  m_core/g15082__6417/Y -       C->Y   F     NOR3X2         1  0.9    12    14     262    (-,-) 
  m_core/g15072__4733/Y -       A->Y   R     NOR2X2         3  1.8    20    19     280    (-,-) 
  m_core/g15055__4319/Y -       B->Y   F     NAND2X1        3  0.8    18    19     299    (-,-) 
  m_core/g15036__9315/Y -       B->Y   R     NAND2X1        3  1.1    16    14     313    (-,-) 
  m_core/g15016__6783/Y -       AN->Y  R     NAND2BXL       1  0.3    10    16     330    (-,-) 
  m_core/g15008__6260/Y -       AN->Y  R     NOR2BX1        1  0.8    17    25     354    (-,-) 
  m_core/g14992__7482/Y -       S0->Y  R     MXI2X1         2  0.8    23    25     379    (-,-) 
  m_core/g15273__4733/Y -       A->Y   R     AND2XL         3  1.1    16    30     409    (-,-) 
  m_core/g14951__2346/Y -       C->Y   F     NOR3X1         1  0.3    11    11     420    (-,-) 
  m_core/g14938__6131/Y -       A0N->Y F     OAI2BB1X1      3  1.2    23    29     449    (-,-) 
  m_core/g14933__1705/Y -       B->Y   R     NAND2X2        2  1.0    10    12     461    (-,-) 
  m_core/g14931/Y       -       A->Y   F     INVX1          3  1.1    10    11     472    (-,-) 
  m_core/g16347__5477/Y -       A1N->Y F     OAI2BB1XL      2  0.6    19    23     496    (-,-) 
  m_core/g14863__6260/Y -       B->Y   R     NAND2BXL       1  0.3     9    12     508    (-,-) 
  m_core/g8605__4733/Y  -       AN->Y  R     NOR2BX1        2  1.5    27    30     538    (-,-) 
  m_core/g8588__8428/Y  -       B->Y   R     AND2X6         3  1.3    10    36     573    (-,-) 
  m_core/drc_bufs8619/Y -       A->Y   R     CLKBUFX2       3  0.9     7    21     594    (-,-) 
  m_core/g8576__4319/Y  -       B->Y   F     NAND2XL        2  0.5    16    14     608    (-,-) 
  m_core/g8553__5115/Y  -       B->Y   R     NOR2XL         1  0.5    18    18     625    (-,-) 
  m_core/g8546__7098/Y  -       B0->Y  F     AOI31X1        3  1.0    36    14     639    (-,-) 
  m_core/g8535__8428/Y  -       A1->Y  R     OAI21XL        1  1.0    36    34     673    (-,-) 
  m_core/g8533__6260/Y  -       B0->Y  F     AOI21X2        1  3.3    34    21     694    (-,-) 
  m_core/g8531/Y        -       A->Y   R     CLKINVX8       1 50.0    51    35     729    (-,-) 
  R[5]                  -       -      R     (port)         -    -     -     0     729    (-,-) 
#-----------------------------------------------------------------------------------------------



Path 13: MET (23 ps) Late External Delay Assertion at pin R[4]
          Group: vclk
     Startpoint: (F) Conf_Bit_Mask[0]
          Clock: (R) vclk
       Endpoint: (R) R[4]
          Clock: (R) vclk

                     Capture       Launch     
        Clock Edge:+    1000            0     
        Drv Adjust:+       0            0     
       Src Latency:+       0            0     
       Net Latency:+       0 (I)        0 (I) 
           Arrival:=    1000            0     
                                              
      Output Delay:-     200                  
       Uncertainty:-      50                  
     Required Time:=     750                  
      Launch Clock:-       0                  
       Input Delay:-     200                  
         Data Path:-     527                  
             Slack:=      23                  

Exceptions/Constraints:
  input_delay              200             fplns_UINT8.sdc_line_14_21_1 
  output_delay             200             fplns_UINT8.sdc_line_15_31_1 

#-----------------------------------------------------------------------------------------------
#     Timing Point      Flags    Arc   Edge   Cell     Fanout Load Trans Delay Arrival Instance 
#                                                             (fF)  (ps)  (ps)   (ps)  Location 
#-----------------------------------------------------------------------------------------------
  Conf_Bit_Mask[0]      -       -      F     (arrival)      3  3.4     0     0     200    (-,-) 
  m_core/g15214__4733/Y -       A->Y   R     NOR2X4         4  2.4    13    14     214    (-,-) 
  m_core/g15128__8246/Y -       A->Y   F     NOR2X2         2  1.2    10    12     226    (-,-) 
  m_core/g15109__9945/Y -       B0->Y  R     AOI21X1        2  1.3    27    22     248    (-,-) 
  m_core/g15082__6417/Y -       C->Y   F     NOR3X2         1  0.9    12    14     262    (-,-) 
  m_core/g15072__4733/Y -       A->Y   R     NOR2X2         3  1.8    20    19     280    (-,-) 
  m_core/g15055__4319/Y -       B->Y   F     NAND2X1        3  0.8    18    19     299    (-,-) 
  m_core/g15036__9315/Y -       B->Y   R     NAND2X1        3  1.1    16    14     313    (-,-) 
  m_core/g15016__6783/Y -       AN->Y  R     NAND2BXL       1  0.3    10    16     330    (-,-) 
  m_core/g15008__6260/Y -       AN->Y  R     NOR2BX1        1  0.8    17    25     354    (-,-) 
  m_core/g14992__7482/Y -       S0->Y  R     MXI2X1         2  0.8    23    25     379    (-,-) 
  m_core/g15273__4733/Y -       A->Y   R     AND2XL         3  1.1    16    30     409    (-,-) 
  m_core/g14951__2346/Y -       C->Y   F     NOR3X1         1  0.3    11    11     420    (-,-) 
  m_core/g14938__6131/Y -       A0N->Y F     OAI2BB1X1      3  1.2    23    29     449    (-,-) 
  m_core/g14932__2802/Y -       B->Y   R     NOR2XL         1  0.3    15    17     466    (-,-) 
  m_core/g14927__3680/Y -       AN->Y  R     NAND2BX1       1  1.0    12    20     487    (-,-) 
  m_core/fopt37/Y       -       A->Y   F     INVX2          6  2.2    11    12     498    (-,-) 
  m_core/fopt33/Y       -       A->Y   R     INVX2          5  2.4    11    11     510    (-,-) 
  m_core/g14918__2398/Y -       B->Y   F     NAND2X1        2  0.5    13    14     524    (-,-) 
  m_core/g14892__6131/Y -       AN->Y  F     NOR2BX1        2  0.8    11    21     544    (-,-) 
  m_core/g14850__9945/Y -       A->Y   R     MXI2XL         2  0.6    26    23     568    (-,-) 
  m_core/g14809__6417/Y -       B1->Y  F     AOI22XL        1  0.2    24    19     587    (-,-) 
  m_core/fopt16337/Y    -       A->Y   R     INVXL          3  0.9    15    17     604    (-,-) 
  m_core/fopt16336/Y    -       A->Y   F     INVXL          1  0.4     8    11     614    (-,-) 
  m_core/g14781__6783/Y -       B->Y   R     NOR2X1         1  0.3    11    11     625    (-,-) 
  m_core/g16260/Y       -       A->Y   F     INVXL          1  0.3     6     9     634    (-,-) 
  m_core/g16271/Y       -       A->Y   F     CLKBUFX2       1  0.2     5    20     654    (-,-) 
  m_core/g16281/Y       -       A->Y   R     INVXL          1  0.9    12    10     665    (-,-) 
  m_core/g8562__6161/Y  -       A1->Y  F     AOI21X2        1  3.3    34    27     692    (-,-) 
  m_core/g8556/Y        -       A->Y   R     CLKINVX8       1 50.0    51    35     727    (-,-) 
  R[4]                  -       -      R     (port)         -    -     -     0     727    (-,-) 
#-----------------------------------------------------------------------------------------------



Path 14: MET (26 ps) Late External Delay Assertion at pin R[7]
          Group: vclk
     Startpoint: (R) Conf_Bit_Mask[2]
          Clock: (R) vclk
       Endpoint: (R) R[7]
          Clock: (R) vclk

                     Capture       Launch     
        Clock Edge:+    1000            0     
        Drv Adjust:+       0            0     
       Src Latency:+       0            0     
       Net Latency:+       0 (I)        0 (I) 
           Arrival:=    1000            0     
                                              
      Output Delay:-     200                  
       Uncertainty:-      50                  
     Required Time:=     750                  
      Launch Clock:-       0                  
       Input Delay:-     200                  
         Data Path:-     524                  
             Slack:=      26                  

Exceptions/Constraints:
  input_delay              200             fplns_UINT8.sdc_line_14_19_1 
  output_delay             200             fplns_UINT8.sdc_line_15_28_1 

#----------------------------------------------------------------------------------------------------------------
#             Timing Point               Flags    Arc   Edge   Cell     Fanout Load Trans Delay Arrival Instance 
#                                                                              (fF)  (ps)  (ps)   (ps)  Location 
#----------------------------------------------------------------------------------------------------------------
  Conf_Bit_Mask[2]                       -       -      R     (arrival)      6  6.1     0     0     200    (-,-) 
  m_core/g15246/Y                        -       A->Y   F     CLKINVX3       1  0.5     2     5     205    (-,-) 
  m_core/g15191__8428/Y                  -       A->Y   R     MXI2X1         2  0.8    23    19     224    (-,-) 
  m_core/g15120__8428/Y                  -       A->Y   F     NOR2XL         1  0.3    11    15     240    (-,-) 
  m_core/g15117__5107/Y                  -       AN->Y  F     NAND2BX1       2  1.0    19    27     267    (-,-) 
  m_core/g16344__2346/Y                  -       S0->Y  F     MXI2XL         2  0.4    22    22     289    (-,-) 
  m_core/g15047__6417/Y                  -       A1N->Y F     AOI2BB1X1      4  1.0    13    32     321    (-,-) 
  m_core/g15020__1705/Y                  -       B->Y   R     NOR2X1         2  0.6    16    15     336    (-,-) 
  m_core/g15000__1666/Y                  -       A->Y   F     XNOR2XL        2  0.6    10    41     377    (-,-) 
  m_core/g14979__2802/Y                  -       A1->Y  R     OAI21X1        2  0.6    20    18     394    (-,-) 
  m_core/g14948__9315/Y                  -       A1N->Y R     OAI2BB1XL      2  0.6    13    25     420    (-,-) 
  m_core/g14938__6131/Y                  -       A1N->Y R     OAI2BB1X1      3  1.5    19    30     450    (-,-) 
  m_core/g14933__1705/Y                  -       B->Y   F     NAND2X2        2  0.8    14    16     466    (-,-) 
  m_core/g14931/Y                        -       A->Y   R     INVX1          3  1.2    12    12     478    (-,-) 
  m_core/g14898_0__2398/Y                -       A1N->Y R     OAI2BB1XL      1  0.6    13    24     502    (-,-) 
  m_core/g14855__6417/Y                  -       B->Y   F     XNOR2X1        1  1.3    13    34     536    (-,-) 
  m_core/fopt16312/Y                     -       A->Y   R     INVX3          5  2.8    10    10     547    (-,-) 
  m_core/fopt16309/Y                     -       A->Y   R     CLKBUFX2       2  0.6     6    20     567    (-,-) 
  m_core/fopt16308/Y                     -       A->Y   F     INVXL          2  0.5     7     8     575    (-,-) 
  m_core/fopt16307/Y                     -       A->Y   R     INVXL          1  0.5     8     9     584    (-,-) 
  m_core/g14806__2346/Y                  -       A0->Y  F     AOI21X1        2  0.6    21    20     603    (-,-) 
  m_core/g14794__4733/Y                  -       B->Y   R     NOR2XL         1  0.5    19    19     622    (-,-) 
  m_core/add_139_41_spec0_g16204__3680/Y -       B->Y   F     NOR2X1         1  0.3     7    11     634    (-,-) 
  m_core/g16284/Y                        -       A->Y   F     CLKBUFX2       1  0.2     5    21     655    (-,-) 
  m_core/g16291/Y                        -       A->Y   R     INVXL          1  1.9    24    17     671    (-,-) 
  m_core/g8567__2346/Y                   -       B1->Y  F     AOI22X4        1  5.0    34    24     696    (-,-) 
  m_core/g8561/Y                         -       A->Y   R     CLKINVX12      1 50.0    37    28     724    (-,-) 
  R[7]                                   -       -      R     (port)         -    -     -     0     724    (-,-) 
#----------------------------------------------------------------------------------------------------------------



Path 15: MET (30 ps) Late External Delay Assertion at pin R[9]
          Group: vclk
     Startpoint: (R) Conf_Bit_Mask[2]
          Clock: (R) vclk
       Endpoint: (F) R[9]
          Clock: (R) vclk

                     Capture       Launch     
        Clock Edge:+    1000            0     
        Drv Adjust:+       0            0     
       Src Latency:+       0            0     
       Net Latency:+       0 (I)        0 (I) 
           Arrival:=    1000            0     
                                              
      Output Delay:-     200                  
       Uncertainty:-      50                  
     Required Time:=     750                  
      Launch Clock:-       0                  
       Input Delay:-     200                  
         Data Path:-     520                  
             Slack:=      30                  

Exceptions/Constraints:
  input_delay              200             fplns_UINT8.sdc_line_14_19_1 
  output_delay             200             fplns_UINT8.sdc_line_15_26_1 

#----------------------------------------------------------------------------------------------------------------
#             Timing Point               Flags    Arc   Edge   Cell     Fanout Load Trans Delay Arrival Instance 
#                                                                              (fF)  (ps)  (ps)   (ps)  Location 
#----------------------------------------------------------------------------------------------------------------
  Conf_Bit_Mask[2]                       -       -      R     (arrival)      6  6.1     0     0     200    (-,-) 
  m_core/g15246/Y                        -       A->Y   F     CLKINVX3       1  0.5     2     5     205    (-,-) 
  m_core/g15191__8428/Y                  -       A->Y   R     MXI2X1         2  0.8    23    19     224    (-,-) 
  m_core/g15120__8428/Y                  -       A->Y   F     NOR2XL         1  0.3    11    15     240    (-,-) 
  m_core/g15117__5107/Y                  -       AN->Y  F     NAND2BX1       2  1.0    19    27     267    (-,-) 
  m_core/g16344__2346/Y                  -       S0->Y  F     MXI2XL         2  0.4    22    22     289    (-,-) 
  m_core/g15047__6417/Y                  -       A1N->Y F     AOI2BB1X1      4  1.0    13    32     321    (-,-) 
  m_core/g15020__1705/Y                  -       B->Y   R     NOR2X1         2  0.6    16    15     336    (-,-) 
  m_core/g15000__1666/Y                  -       A->Y   F     XNOR2XL        2  0.6    10    41     377    (-,-) 
  m_core/g14979__2802/Y                  -       A1->Y  R     OAI21X1        2  0.6    20    18     394    (-,-) 
  m_core/g14948__9315/Y                  -       A1N->Y R     OAI2BB1XL      2  0.6    13    25     420    (-,-) 
  m_core/g14938__6131/Y                  -       A1N->Y R     OAI2BB1X1      3  1.5    19    30     450    (-,-) 
  m_core/g14932__2802/Y                  -       B->Y   F     NOR2XL         1  0.3    10    12     462    (-,-) 
  m_core/g14927__3680/Y                  -       AN->Y  F     NAND2BX1       1  0.8    17    25     488    (-,-) 
  m_core/fopt37/Y                        -       A->Y   R     INVX2          6  2.9    14    14     501    (-,-) 
  m_core/g14904__9945/Y                  -       B->Y   F     NAND2XL        1  0.3    13    14     516    (-,-) 
  m_core/g14891__7098/Y                  -       AN->Y  F     NOR2BX1        2  0.5     9    20     535    (-,-) 
  m_core/g15267__7098/Y                  -       AN->Y  F     NAND2BX1       2  0.5    14    23     559    (-,-) 
  m_core/g15266__8246/Y                  -       AN->Y  F     NAND2BX1       2  0.5    13    24     582    (-,-) 
  m_core/g15265__5122/Y                  -       AN->Y  F     NAND2BX1       1  0.4    12    23     606    (-,-) 
  m_core/g14775__6260/Y                  -       B0->Y  R     OAI21X1        2  0.8    23    11     617    (-,-) 
  m_core/add_139_41_spec0_g16223__8246/Y -       B->Y   F     NAND2XL        1  0.2    12    16     633    (-,-) 
  m_core/fopt16331/Y                     -       A->Y   R     INVXL          2  0.6    10    11     644    (-,-) 
  m_core/fopt16330/Y                     -       A->Y   F     INVXL          1  0.2     4     8     652    (-,-) 
  m_core/add_139_41_spec0_g16167__6260/Y -       B->Y   R     NAND2BXL       1  0.3     9     8     660    (-,-) 
  m_core/g16289/Y                        -       A->Y   R     CLKBUFX2       1  3.8    16    26     686    (-,-) 
  m_core/g8559/Y                         -       A->Y   F     CLKINVX8       1 50.0    53    35     720    (-,-) 
  R[9]                                   -       -      F     (port)         -    -     -     0     720    (-,-) 
#----------------------------------------------------------------------------------------------------------------



Path 16: MET (36 ps) Late External Delay Assertion at pin R[6]
          Group: vclk
     Startpoint: (R) Conf_Bit_Mask[2]
          Clock: (R) vclk
       Endpoint: (F) R[6]
          Clock: (R) vclk

                     Capture       Launch     
        Clock Edge:+    1000            0     
        Drv Adjust:+       0            0     
       Src Latency:+       0            0     
       Net Latency:+       0 (I)        0 (I) 
           Arrival:=    1000            0     
                                              
      Output Delay:-     200                  
       Uncertainty:-      50                  
     Required Time:=     750                  
      Launch Clock:-       0                  
       Input Delay:-     200                  
         Data Path:-     514                  
             Slack:=      36                  

Exceptions/Constraints:
  input_delay              200             fplns_UINT8.sdc_line_14_19_1 
  output_delay             200             fplns_UINT8.sdc_line_15_29_1 

#-----------------------------------------------------------------------------------------------
#     Timing Point      Flags    Arc   Edge   Cell     Fanout Load Trans Delay Arrival Instance 
#                                                             (fF)  (ps)  (ps)   (ps)  Location 
#-----------------------------------------------------------------------------------------------
  Conf_Bit_Mask[2]      -       -      R     (arrival)      6  6.1     0     0     200    (-,-) 
  m_core/g15246/Y       -       A->Y   F     CLKINVX3       1  0.5     2     5     205    (-,-) 
  m_core/g15191__8428/Y -       A->Y   R     MXI2X1         2  0.8    23    19     224    (-,-) 
  m_core/g15120__8428/Y -       A->Y   F     NOR2XL         1  0.3    11    15     240    (-,-) 
  m_core/g15117__5107/Y -       AN->Y  F     NAND2BX1       2  1.0    19    27     267    (-,-) 
  m_core/g16344__2346/Y -       S0->Y  F     MXI2XL         2  0.4    22    22     289    (-,-) 
  m_core/g15047__6417/Y -       A1N->Y F     AOI2BB1X1      4  1.0    13    32     321    (-,-) 
  m_core/g15020__1705/Y -       B->Y   R     NOR2X1         2  0.6    16    15     336    (-,-) 
  m_core/g15000__1666/Y -       A->Y   F     XNOR2XL        2  0.6    10    41     377    (-,-) 
  m_core/g14979__2802/Y -       A1->Y  R     OAI21X1        2  0.6    20    18     394    (-,-) 
  m_core/g14948__9315/Y -       A1N->Y R     OAI2BB1XL      2  0.6    13    25     420    (-,-) 
  m_core/g14938__6131/Y -       A1N->Y R     OAI2BB1X1      3  1.5    19    30     450    (-,-) 
  m_core/g14932__2802/Y -       B->Y   F     NOR2XL         1  0.3    10    12     462    (-,-) 
  m_core/g14927__3680/Y -       AN->Y  F     NAND2BX1       1  0.8    17    25     488    (-,-) 
  m_core/fopt37/Y       -       A->Y   R     INVX2          6  2.9    14    14     501    (-,-) 
  m_core/fopt33/Y       -       A->Y   F     INVX2          5  1.9    10    12     513    (-,-) 
  m_core/g14918__2398/Y -       B->Y   R     NAND2X1        2  0.6     9    10     522    (-,-) 
  m_core/g14892__6131/Y -       AN->Y  R     NOR2BX1        2  0.8    17    25     547    (-,-) 
  m_core/g14851__2883/Y -       B->Y   F     MXI2X1         2  0.6    21    23     570    (-,-) 
  m_core/g14807__1666/Y -       B1->Y  R     AOI22X1        2  0.8    26    23     593    (-,-) 
  m_core/g14784__2802/Y -       B->Y   F     NOR2XL         1  0.3     9    14     607    (-,-) 
  m_core/g16263/Y       -       A->Y   F     CLKBUFX2       1  0.3     5    21     628    (-,-) 
  m_core/g16276/Y       -       A->Y   F     CLKBUFX2       1  0.9     7    22     650    (-,-) 
  m_core/g8542__1705/Y  -       A1->Y  R     AOI21X2        1  3.8    35    26     676    (-,-) 
  m_core/g8540/Y        -       A->Y   F     CLKINVX8       1 50.0    56    38     714    (-,-) 
  R[6]                  -       -      F     (port)         -    -     -     0     714    (-,-) 
#-----------------------------------------------------------------------------------------------

