

Working Directory = /home/redhat315bd/physical_design_nipun/Physical_design
QoS Summary for unsigned_int_mul_p_2_L1
================================================================================
Metric                          unsigned_int_mul_p_2_L1_syn_generic unsigned_int_mul_p_2_L1_syn_map unsigned_int_mul_p_2_L1_syn_opt
================================================================================
Slack (ps):                         5               5               0
  R2R (ps):                         5              26               0
  I2R (ps):                       277               5               1
  R2O (ps):                       465             253             302
  I2O (ps):                  no_value        no_value        no_value
  CG  (ps):                  no_value        no_value        no_value
TNS (ps):                           0               0               0
  R2R (ps):                         0               0               0
  I2R (ps):                         0               0               0
  R2O (ps):                         0               0               0
  I2O (ps):                  no_value        no_value        no_value
  CG  (ps):                  no_value        no_value        no_value
Failing Paths:                      0               0               0
Cell Area:                      5,055           2,232           1,973
Total Cell Area:                5,055           2,232           1,973
Leaf Instances:                 1,725             812             717
Total Instances:                1,725             812             717
Utilization (%):                 0.00            0.00            0.00
Tot. Net Length (um):        no_value        no_value        no_value
Avg. Net Length (um):        no_value        no_value        no_value
Route Overflow H (%):        no_value        no_value        no_value
Route Overflow V (%):        no_value        no_value        no_value
MBCI(%) (bits/gate) :            0.00            0.00            0.00
Norm Cong Hotspot Area:
  Max Cong:                  no_value        no_value        no_value
  Tot Cong:                  no_value        no_value        no_value
================================================================================
CPU  Runtime (h:m:s):        00:30:15        00:30:07        00:30:02
Real Runtime (h:m:s):        00:30:15        00:30:05        00:30:02
CPU  Elapsed (h:m:s):        00:30:17        00:30:24        00:30:26
Real Elapsed (h:m:s):        00:30:16        00:30:22        00:30:23
Memory (MB):                  1646.23         1616.52         1625.36
================================================================================
================================================================================
Flow Settings:
================================================================================
Total Runtime (h:m:s): 00:30:22
Total Memory (MB):     1633.36
Executable Version:    21.10-p002_1
================================================================================
Total Cell Area =  Cell Area + Physical Cell Area
Total Instances =  Leaf Instances + Physical Instances


