

Working Directory = /home/redhat315bd/physical_design_nipun/Physical_design
QoS Summary for acbam_int8
================================================================================
Metric                          acbam_int8_syn_generic acbam_int8_syn_map acbam_int8_syn_opt
================================================================================
Slack (ps):                      -200             -67               0
  R2R (ps):                  no_value        no_value        no_value
  I2R (ps):                  no_value        no_value        no_value
  R2O (ps):                  no_value        no_value        no_value
  I2O (ps):                      -200             -67               0
  CG  (ps):                  no_value        no_value        no_value
TNS (ps):                      -1,210            -329               0
  R2R (ps):                  no_value        no_value        no_value
  I2R (ps):                  no_value        no_value        no_value
  R2O (ps):                  no_value        no_value        no_value
  I2O (ps):                    -1,210            -329               0
  CG  (ps):                  no_value        no_value        no_value
Failing Paths:                      9               9               0
Cell Area:                      2,620           1,063           1,389
Total Cell Area:                2,620           1,063           1,389
Leaf Instances:                   982             667             882
Total Instances:                  982             667             882
Utilization (%):                 0.00            0.00            0.00
Tot. Net Length (um):        no_value        no_value        no_value
Avg. Net Length (um):        no_value        no_value        no_value
Route Overflow H (%):        no_value        no_value        no_value
Route Overflow V (%):        no_value        no_value        no_value
MBCI(%) (bits/gate) :            0.00            0.00            0.00
Norm Cong Hotspot Area:
  Max Cong:                  no_value        no_value        no_value
  Tot Cong:                  no_value        no_value        no_value
================================================================================
CPU  Runtime (h:m:s):        00:30:09        00:30:06        00:31:20
Real Runtime (h:m:s):        00:30:10        00:30:05        00:31:22
CPU  Elapsed (h:m:s):        00:30:11        00:30:17        00:31:37
Real Elapsed (h:m:s):        00:30:11        00:30:16        00:31:38
Memory (MB):                  1631.51         1611.53         1612.37
================================================================================
================================================================================
Flow Settings:
================================================================================
Total Runtime (h:m:s): 00:31:37
Total Memory (MB):     1620.37
Executable Version:    21.10-p002_1
================================================================================
Total Cell Area =  Cell Area + Physical Cell Area
Total Instances =  Leaf Instances + Physical Instances


