============================================================
  Generated by:           Genus(TM) Synthesis Solution 21.10-p002_1
  Generated on:           Apr 11 2026  03:45:17 pm
  Module:                 signed_int_mul_p_2_L1
  Technology libraries:   fast_vdd1v0 1.0
                          physical_cells 
  Operating conditions:   PVT_1P1V_0C 
  Interconnect mode:      global
  Area mode:              physical library
============================================================

Timing
--------

Clock Period 
-------------
clk   1000.0 


  Cost    Critical         Violating 
 Group   Path Slack  TNS     Paths   
-------------------------------------
clk             0.1   0.0          0 
default    No paths   0.0            
-------------------------------------
Total                 0.0          0 

Instance Count
--------------
Leaf Instance Count             808 
Physical Instance count           0 
Sequential Instance Count        70 
Combinational Instance Count    738 
Hierarchical Instance Count       6 

Area
----
Cell Area                          2166.228
Physical Cell Area                 0.000
Total Cell Area (Cell+Physical)    2166.228
Net Area                           1054.959
Total Area (Cell+Physical+Net)     3221.187

Runtime                            0.0 seconds
Elapsed Runtime                    26 seconds
Genus peak memory usage            1633.02 
Innovus peak memory usage          no_value 
Hostname                           redhat315b
