============================================================
  Generated by:           Genus(TM) Synthesis Solution 21.10-p002_1
  Generated on:           Apr 11 2026  04:18:36 pm
  Module:                 floating_point_mul_p_2_L2
  Technology libraries:   fast_vdd1v0 1.0
                          physical_cells 
  Operating conditions:   PVT_1P1V_0C 
  Interconnect mode:      global
  Area mode:              physical library
============================================================

             Instance                          Module               Cell Count  Cell Area  Net Area   Combinational   Buffer   Inverter   Flop   Latch   Clock-Gate   Memory   Macro   Total Area 
--------------------------------------------------------------------------------------------------------------------------------------------------------------------------------------------------
floating_point_mul_p_2_L2                                                 3360  10099.356    24.461           0.000    0.000      0.000  0.000   0.000        0.000    0.000   0.000    10123.817 
  m_approx_t                      approx_t_WIDTH24                        3082   9017.711     0.000           0.000    0.000      0.000  0.000   0.000        0.000    0.000   0.000     9017.711 
    WALLACE_CSA_DUMMY_OP1_groupi  WALLACE_CSA_DUMMY_OP1_group_7841         224    598.243     0.000           0.000    0.000      0.000  0.000   0.000        0.000    0.000   0.000      598.243 
    WALLACE_CSA_DUMMY_OP9_groupi  WALLACE_CSA_DUMMY_OP9_group_21           244    651.658     0.000           0.000    0.000      0.000  0.000   0.000        0.000    0.000   0.000      651.658 
    WALLACE_CSA_DUMMY_OP11_groupi WALLACE_CSA_DUMMY_OP11_group_19          251    670.353     0.000           0.000    0.000      0.000  0.000   0.000        0.000    0.000   0.000      670.353 
    WALLACE_CSA_DUMMY_OP13_groupi WALLACE_CSA_DUMMY_OP13_group_17          251    670.353     0.000           0.000    0.000      0.000  0.000   0.000        0.000    0.000   0.000      670.353 
    WALLACE_CSA_DUMMY_OP15_groupi WALLACE_CSA_DUMMY_OP15_group_11          254    678.365     0.000           0.000    0.000      0.000  0.000   0.000        0.000    0.000   0.000      678.365 
    WALLACE_CSA_DUMMY_OP_groupi   WALLACE_CSA_DUMMY_OP_group_7838          224    598.243     0.000           0.000    0.000      0.000  0.000   0.000        0.000    0.000   0.000      598.243 
    add_161_37                    add_unsigned_100                         243    648.987     0.000           0.000    0.000      0.000  0.000   0.000        0.000    0.000   0.000      648.987 
    add_162_37                    add_unsigned_100                         243    648.987     0.000           0.000    0.000      0.000  0.000   0.000        0.000    0.000   0.000      648.987 
    add_260_29                    add_unsigned_24                          224    598.243     0.000           0.000    0.000      0.000  0.000   0.000        0.000    0.000   0.000      598.243 
    bms0                          bit_mask_sel_WIDTH48                     349    932.084     0.000           0.000    0.000      0.000  0.000   0.000        0.000    0.000   0.000      932.084 
      add_293_31                  add_unsigned_24_108                      272    726.438     0.000           0.000    0.000      0.000  0.000   0.000        0.000    0.000   0.000      726.438 
    bms1                          bit_mask_sel_WIDTH48_1                    19     50.744     0.000           0.000    0.000      0.000  0.000   0.000        0.000    0.000   0.000       50.744 
