

Working Directory = /home/redhat315bd/physical_design_nipun/Physical_design
QoS Summary for floating_point_mul_p_1_L2
================================================================================
Metric                          floating_point_mul_p_1_L2_syn_generic floating_point_mul_p_1_L2_syn_map floating_point_mul_p_1_L2_syn_opt
================================================================================
Slack (ps):                      -842            -589            -462
  R2R (ps):                  no_value        no_value        no_value
  I2R (ps):                  no_value        no_value        no_value
  R2O (ps):                  no_value        no_value        no_value
  I2O (ps):                      -842            -589            -462
  CG  (ps):                  no_value        no_value        no_value
TNS (ps):                     -25,895         -17,993         -14,049
  R2R (ps):                  no_value        no_value        no_value
  I2R (ps):                  no_value        no_value        no_value
  R2O (ps):                  no_value        no_value        no_value
  I2O (ps):                   -25,895         -17,993         -14,049
  CG  (ps):                  no_value        no_value        no_value
Failing Paths:                     31              31              31
Cell Area:                      8,810           6,657          10,239
Total Cell Area:                8,810           6,657          10,239
Leaf Instances:                 3,290           2,445           3,277
Total Instances:                3,290           2,445           3,277
Utilization (%):                 0.00            0.00            0.00
Tot. Net Length (um):        no_value        no_value        no_value
Avg. Net Length (um):        no_value        no_value        no_value
Route Overflow H (%):        no_value        no_value        no_value
Route Overflow V (%):        no_value        no_value        no_value
MBCI(%) (bits/gate) :            0.00            0.00            0.00
Norm Cong Hotspot Area:
  Max Cong:                  no_value        no_value        no_value
  Tot Cong:                  no_value        no_value        no_value
================================================================================
CPU  Runtime (h:m:s):        00:30:32        00:30:19        00:33:15
Real Runtime (h:m:s):        00:30:32        00:30:14        00:33:17
CPU  Elapsed (h:m:s):        00:30:34        00:30:53        00:34:08
Real Elapsed (h:m:s):        00:30:33        00:30:47        00:34:04
Memory (MB):                  1758.10         1752.43         1758.27
================================================================================
================================================================================
Flow Settings:
================================================================================
Total Runtime (h:m:s): 00:34:03
Total Memory (MB):     1758.27
Executable Version:    21.10-p002_1
================================================================================
Total Cell Area =  Cell Area + Physical Cell Area
Total Instances =  Leaf Instances + Physical Instances


