============================================================
  Generated by:           Genus(TM) Synthesis Solution 21.10-p002_1
  Generated on:           Apr 11 2026  04:27:55 pm
  Module:                 unsigned_int_mul_p_0_L3
  Technology libraries:   fast_vdd1v0 1.0
                          physical_cells 
  Operating conditions:   PVT_1P1V_0C 
  Interconnect mode:      global
  Area mode:              physical library
============================================================

                                 Leakage  
   Gate    Instances    Area   Power (nW)     Library    
---------------------------------------------------------
ACHCONX2           1    12.654      0.627    fast_vdd1v0 
ADDFHX4            1     9.576      0.685    fast_vdd1v0 
ADDFX1             1     5.130      0.343    fast_vdd1v0 
ADDHX1             4    15.048      1.072    fast_vdd1v0 
ADDHX2             1     5.130      0.330    fast_vdd1v0 
AND2X1            30    41.040      2.601    fast_vdd1v0 
AND2X2             7    11.970      0.840    fast_vdd1v0 
AND2X4             4    10.944      0.924    fast_vdd1v0 
AND2X6             3    11.286      1.064    fast_vdd1v0 
AND2X8             1     4.446      0.458    fast_vdd1v0 
AND2XL             1     1.368      0.075    fast_vdd1v0 
AND3X6             1     4.446      0.381    fast_vdd1v0 
AO21X1             2     4.788      0.244    fast_vdd1v0 
AO21X4             2     6.840      0.558    fast_vdd1v0 
AO22X1             3     8.208      0.383    fast_vdd1v0 
AO22X4             2     7.524      0.548    fast_vdd1v0 
AOI211X2           1     3.420      0.199    fast_vdd1v0 
AOI21X1            1     1.710      0.101    fast_vdd1v0 
AOI21X2            6    16.416      1.257    fast_vdd1v0 
AOI21X4           31   159.030     11.985    fast_vdd1v0 
AOI221X4           1     7.866      0.632    fast_vdd1v0 
AOI22X1            2     4.104      0.252    fast_vdd1v0 
AOI22X2            1     3.762      0.263    fast_vdd1v0 
AOI22X4            5    30.780      2.430    fast_vdd1v0 
AOI2BB1X1          3     6.156      0.404    fast_vdd1v0 
AOI2BB1X2          8    24.624      1.676    fast_vdd1v0 
AOI2BB1X4          3    12.312      1.201    fast_vdd1v0 
AOI2BB2X2          1     5.130      0.292    fast_vdd1v0 
AOI2BB2X4          1     7.524      0.565    fast_vdd1v0 
AOI31X2            1     3.420      0.258    fast_vdd1v0 
AOI31X4            3    19.494      1.337    fast_vdd1v0 
AOI33X1            1     2.736      0.163    fast_vdd1v0 
BUFX12             2    10.260      1.217    fast_vdd1v0 
BUFX2             13    22.230      1.542    fast_vdd1v0 
BUFX3             17    34.884      2.857    fast_vdd1v0 
BUFX6             17    52.326      5.670    fast_vdd1v0 
CLKAND2X2         11    22.572      1.386    fast_vdd1v0 
CLKAND2X3          8    24.624      1.585    fast_vdd1v0 
CLKAND2X6          9    43.092      3.839    fast_vdd1v0 
CLKBUFX2           1     1.710      0.117    fast_vdd1v0 
CLKINVX12          8    32.832      4.143    fast_vdd1v0 
CLKINVX16          4    21.888      2.783    fast_vdd1v0 
CLKINVX2           2     2.736      0.169    fast_vdd1v0 
CLKINVX20          1     6.498      0.884    fast_vdd1v0 
CLKINVX3           4     6.840      0.529    fast_vdd1v0 
CLKINVX4          14    23.940      2.315    fast_vdd1v0 
CLKINVX6          25    59.850      6.473    fast_vdd1v0 
CLKINVX8          16    49.248      5.191    fast_vdd1v0 
CLKMX2X2           1     3.078      0.203    fast_vdd1v0 
CLKMX2X3           1     4.104      0.283    fast_vdd1v0 
CLKXOR2X1          9    24.624      1.634    fast_vdd1v0 
CLKXOR2X2          2     6.840      0.436    fast_vdd1v0 
INVX1             32    21.888      1.458    fast_vdd1v0 
INVX2             39    40.014      3.316    fast_vdd1v0 
INVX3             36    49.248      4.560    fast_vdd1v0 
INVX4              5     8.550      0.808    fast_vdd1v0 
INVX6              4     9.576      1.069    fast_vdd1v0 
INVX8              1     3.078      0.329    fast_vdd1v0 
INVXL              1     0.684      0.029    fast_vdd1v0 
MX2X1              7    16.758      1.072    fast_vdd1v0 
MXI2X1             1     2.736      0.146    fast_vdd1v0 
MXI2X2             2     8.892      0.476    fast_vdd1v0 
NAND2BX1          11    15.048      1.178    fast_vdd1v0 
NAND2BX2          12    28.728      2.008    fast_vdd1v0 
NAND2BX4          23    86.526      7.134    fast_vdd1v0 
NAND2X1           22    22.572      1.514    fast_vdd1v0 
NAND2X2           30    51.300      4.012    fast_vdd1v0 
NAND2X4           48   164.160     12.648    fast_vdd1v0 
NAND2X6           49   234.612     19.000    fast_vdd1v0 
NAND2X8           52   284.544     27.413    fast_vdd1v0 
NAND2XL            5     5.130      0.222    fast_vdd1v0 
NAND3BX2           4    12.312      0.824    fast_vdd1v0 
NAND3BX4           2    10.260      0.773    fast_vdd1v0 
NAND3BXL           3     5.130      0.246    fast_vdd1v0 
NAND3X1            2     3.420      0.155    fast_vdd1v0 
NAND3X2            2     5.472      0.348    fast_vdd1v0 
NAND3X4            1     4.788      0.362    fast_vdd1v0 
NAND3X6            6    43.092      3.104    fast_vdd1v0 
NAND3X8            8    65.664      5.886    fast_vdd1v0 
NAND4X4            1     6.840      0.423    fast_vdd1v0 
NOR2BX1           16    21.888      1.651    fast_vdd1v0 
NOR2BX2            5    13.680      0.773    fast_vdd1v0 
NOR2BX4            7    26.334      2.001    fast_vdd1v0 
NOR2X1            15    15.390      1.131    fast_vdd1v0 
NOR2X2            27    46.170      3.486    fast_vdd1v0 
NOR2X4            59   181.602     16.033    fast_vdd1v0 
NOR2X6            40   164.160     16.473    fast_vdd1v0 
NOR2X8            33   180.576     18.030    fast_vdd1v0 
NOR2XL             1     1.026      0.060    fast_vdd1v0 
NOR3BX2            3    10.260      0.541    fast_vdd1v0 
NOR3BX4            2    11.628      0.844    fast_vdd1v0 
NOR3X2             2     5.472      0.401    fast_vdd1v0 
NOR3X4             4    20.520      1.608    fast_vdd1v0 
NOR3X6             3    21.546      1.810    fast_vdd1v0 
NOR3X8             5    44.460      3.928    fast_vdd1v0 
OA21X1             2     4.104      0.232    fast_vdd1v0 
OA21X4             1     3.762      0.263    fast_vdd1v0 
OA22X1             1     2.394      0.124    fast_vdd1v0 
OAI211X2           1     4.104      0.224    fast_vdd1v0 
OAI21X1            6    10.260      0.584    fast_vdd1v0 
OAI21X2           10    30.780      1.909    fast_vdd1v0 
OAI21X4           34   162.792     12.720    fast_vdd1v0 
OAI21XL            2     3.420      0.138    fast_vdd1v0 
OAI22X2            4    13.680      0.965    fast_vdd1v0 
OAI22X4            3    19.494      1.349    fast_vdd1v0 
OAI2BB1X1          5     8.550      0.559    fast_vdd1v0 
OAI2BB1X2          4    12.312      0.662    fast_vdd1v0 
OAI2BB1X4          7    31.122      2.357    fast_vdd1v0 
OAI2BB2X2          2    10.944      0.614    fast_vdd1v0 
OAI31X1            1     2.052      0.117    fast_vdd1v0 
OAI31X4            2    13.680      0.982    fast_vdd1v0 
OAI32X4            1     8.208      0.624    fast_vdd1v0 
OR2X1             10    13.680      0.988    fast_vdd1v0 
OR2X4              6    16.416      1.485    fast_vdd1v0 
OR2X6              4    15.048      1.588    fast_vdd1v0 
OR4X1              4     8.208      0.549    fast_vdd1v0 
XNOR2X1           15    35.910      2.806    fast_vdd1v0 
XNOR2X2            7    21.546      1.554    fast_vdd1v0 
XNOR3X1            2    15.048      0.765    fast_vdd1v0 
XNOR3XL            4    30.096      1.477    fast_vdd1v0 
XOR2X2             1     3.420      0.213    fast_vdd1v0 
XOR3X1             5    37.620      1.963    fast_vdd1v0 
XOR3XL             1     7.524      0.365    fast_vdd1v0 
---------------------------------------------------------
total           1074  3444.966    284.862                


                                           Leakage  Leakage 
     Type      Instances   Area   Area % Power (nW) Power % 
------------------------------------------------------------
inverter             192  336.870    9.8     34.058    12.0 
buffer                50  121.410    3.5     11.403     4.0 
logic                832 2986.686   86.7    239.402    84.0 
physical_cells         0    0.000    0.0      0.000     0.0 
------------------------------------------------------------
total               1074 3444.966  100.0    284.862   100.0 

