============================================================
  Generated by:           Genus(TM) Synthesis Solution 21.10-p002_1
  Generated on:           Jun 19 2026  11:33:19 am
  Module:                 scaletrim_Fixed8
  Technology library:     fast_vdd1v0 1.0
  Operating conditions:   PVT_1P1V_0C (balanced_tree)
  Wireload mode:          enclosed
  Area mode:              timing library
============================================================

                                 Leakage  
   Gate    Instances    Area   Power (nW)     Library    
---------------------------------------------------------
ADDFX1             2    10.260      0.641    fast_vdd1v0 
ADDHX1             1     3.762      0.262    fast_vdd1v0 
AND2X1            15    20.520      1.381    fast_vdd1v0 
AND2XL            16    21.888      1.209    fast_vdd1v0 
AND3XL             1     2.052      0.079    fast_vdd1v0 
AO21XL             1     2.394      0.112    fast_vdd1v0 
AOI211X1           1     2.394      0.152    fast_vdd1v0 
AOI21X1           37    63.270      4.074    fast_vdd1v0 
AOI21X2            4    10.944      0.780    fast_vdd1v0 
AOI21XL            9    15.390      0.679    fast_vdd1v0 
AOI22X1            3     6.156      0.390    fast_vdd1v0 
AOI22XL            1     2.052      0.089    fast_vdd1v0 
AOI2BB1X1         15    30.780      2.036    fast_vdd1v0 
AOI2BB1X2          2     6.156      0.446    fast_vdd1v0 
AOI2BB1XL          4     8.208      0.426    fast_vdd1v0 
BUFX12             5    25.650      3.108    fast_vdd1v0 
BUFX2              1     1.710      0.119    fast_vdd1v0 
BUFX3              1     2.052      0.183    fast_vdd1v0 
CLKAND2X2          3     6.156      0.372    fast_vdd1v0 
CLKBUFX2          35    59.850      4.145    fast_vdd1v0 
CLKINVX1          15    15.390      0.708    fast_vdd1v0 
CLKINVX12          3    12.312      1.482    fast_vdd1v0 
CLKINVX2           1     1.368      0.085    fast_vdd1v0 
CLKINVX3           5     8.550      0.620    fast_vdd1v0 
CLKINVX4           1     1.710      0.167    fast_vdd1v0 
CLKINVX8           2     6.156      0.655    fast_vdd1v0 
CLKXOR2X1          3     8.208      0.538    fast_vdd1v0 
CLKXOR2X2          4    13.680      0.906    fast_vdd1v0 
INVX1             45    30.780      2.110    fast_vdd1v0 
INVX2              8     8.208      0.673    fast_vdd1v0 
INVXL            150   102.600      5.059    fast_vdd1v0 
MXI2X1             9    24.624      1.297    fast_vdd1v0 
MXI2X6             3    15.390      1.318    fast_vdd1v0 
MXI2X8             3    18.468      1.552    fast_vdd1v0 
MXI2XL            21    50.274      2.286    fast_vdd1v0 
NAND2BX1          24    32.832      2.507    fast_vdd1v0 
NAND2BX2           2     4.788      0.357    fast_vdd1v0 
NAND2BXL          16    21.888      1.251    fast_vdd1v0 
NAND2X1           66    67.716      4.630    fast_vdd1v0 
NAND2X2           24    41.040      3.154    fast_vdd1v0 
NAND2XL           96    98.496      4.403    fast_vdd1v0 
NAND3BXL           4     6.840      0.344    fast_vdd1v0 
NAND3X1            2     3.420      0.188    fast_vdd1v0 
NAND3X2            3     8.208      0.567    fast_vdd1v0 
NAND3X4            1     4.788      0.308    fast_vdd1v0 
NAND3XL            2     3.420      0.111    fast_vdd1v0 
NOR2BX1           46    62.928      4.730    fast_vdd1v0 
NOR2BX2            1     2.736      0.151    fast_vdd1v0 
NOR2BXL            7    11.970      0.574    fast_vdd1v0 
NOR2X1            85    87.210      6.323    fast_vdd1v0 
NOR2X2            21    35.910      3.209    fast_vdd1v0 
NOR2X4             6    18.468      1.496    fast_vdd1v0 
NOR2X6             2     8.208      0.802    fast_vdd1v0 
NOR2X8             1     5.472      0.495    fast_vdd1v0 
NOR2XL            85    87.210      3.866    fast_vdd1v0 
NOR3BX1            2     4.104      0.283    fast_vdd1v0 
NOR3X1             1     1.710      0.093    fast_vdd1v0 
NOR3XL             2     3.420      0.091    fast_vdd1v0 
OA21X1             1     2.052      0.112    fast_vdd1v0 
OA22X1             1     2.394      0.121    fast_vdd1v0 
OAI21X1           34    58.140      3.292    fast_vdd1v0 
OAI21X2            4    12.312      0.741    fast_vdd1v0 
OAI21XL           22    37.620      1.367    fast_vdd1v0 
OAI22XL            4     8.208      0.294    fast_vdd1v0 
OAI2BB1X1         21    35.910      2.466    fast_vdd1v0 
OR2X1              2     2.736      0.209    fast_vdd1v0 
OR2XL              5     6.840      0.463    fast_vdd1v0 
OR4X1              2     4.104      0.223    fast_vdd1v0 
XNOR2X1           18    43.092      3.255    fast_vdd1v0 
XNOR2XL            3     8.208      0.524    fast_vdd1v0 
XOR2XL            16    43.776      2.679    fast_vdd1v0 
XOR3X1             1     7.524      0.394    fast_vdd1v0 
---------------------------------------------------------
total           1063  1515.060     96.209                


                                           Leakage  Leakage 
     Type      Instances   Area   Area % Power (nW) Power % 
------------------------------------------------------------
inverter             230  187.074   12.3     11.558    12.0 
buffer                42   89.262    5.9      7.554     7.9 
logic                791 1238.724   81.8     77.097    80.1 
physical_cells         0    0.000    0.0      0.000     0.0 
------------------------------------------------------------
total               1063 1515.060  100.0     96.209   100.0 

