

Working Directory = /home/redhat315bd/physical_design_nipun/Physical_design
QoS Summary for floating_point_mul_p_1_L1
================================================================================
Metric                          floating_point_mul_p_1_L1_syn_generic
================================================================================
Slack (ps):                      -842
  R2R (ps):                  no_value
  I2R (ps):                  no_value
  R2O (ps):                  no_value
  I2O (ps):                      -842
  CG  (ps):                  no_value
TNS (ps):                     -25,895
  R2R (ps):                  no_value
  I2R (ps):                  no_value
  R2O (ps):                  no_value
  I2O (ps):                   -25,895
  CG  (ps):                  no_value
Failing Paths:                     31
Cell Area:                      8,810
Total Cell Area:                8,810
Leaf Instances:                 3,290
Total Instances:                3,290
Utilization (%):                 0.00
Tot. Net Length (um):        no_value
Avg. Net Length (um):        no_value
Route Overflow H (%):        no_value
Route Overflow V (%):        no_value
MBCI(%) (bits/gate) :            0.00
Norm Cong Hotspot Area:
  Max Cong:                  no_value
  Tot Cong:                  no_value
================================================================================
CPU  Runtime (h:m:s):        00:30:32
Real Runtime (h:m:s):        00:30:32
CPU  Elapsed (h:m:s):        00:30:34
Real Elapsed (h:m:s):        00:30:33
Memory (MB):                  1758.52
================================================================================
================================================================================
Flow Settings:
================================================================================
Total Runtime (h:m:s): 00:30:32
Total Memory (MB):     1758.52
Executable Version:    21.10-p002_1
================================================================================
Total Cell Area =  Cell Area + Physical Cell Area
Total Instances =  Leaf Instances + Physical Instances


