============================================================
  Generated by:           Genus(TM) Synthesis Solution 21.10-p002_1
  Generated on:           Apr 11 2026  03:15:28 pm
  Module:                 fixed_point_mul_p_1_L2
  Technology libraries:   fast_vdd1v0 1.0
                          physical_cells 
  Operating conditions:   PVT_1P1V_0C 
  Interconnect mode:      global
  Area mode:              physical library
============================================================

                            Instance                                        Module              Cell Count  Cell Area  Net Area   Combinational   Buffer   Inverter   Flop   Latch   Clock-Gate   Memory   Macro   Total Area 
------------------------------------------------------------------------------------------------------------------------------------------------------------------------------------------------------------------------------
fixed_point_mul_p_1_L2                                                                                1902   5067.705    10.339           0.000    0.000      0.000  0.000   0.000        0.000    0.000   0.000     5078.045 
  m_unsigned_int_mul                                            unsigned_int_mul                      1726   4597.657     0.000           0.000    0.000      0.000  0.000   0.000        0.000    0.000   0.000     4597.657 
    lod_a                                                       leading_one_detector_WIDTH8             14     37.390     0.000           0.000    0.000      0.000  0.000   0.000        0.000    0.000   0.000       37.390 
    lod_b                                                       leading_one_detector_WIDTH8_66          14     37.390     0.000           0.000    0.000      0.000  0.000   0.000        0.000    0.000   0.000       37.390 
    m_approx_t                                                  approx_t_WIDTH8                       1330   3540.049     0.000           0.000    0.000      0.000  0.000   0.000        0.000    0.000   0.000     3540.049 
      ADD_TC_OP250_Y_ADD_TC_OP228_Y_ADD_TC_OP226_Y_ADD_TC_OP224 add_signed_rtlopto_model_76            170    454.024     0.000           0.000    0.000      0.000  0.000   0.000        0.000    0.000   0.000      454.024 
      DPOPT_INTERNAL_INSTi                                      DPOPT_INTERNAL_INST                    112    299.121     0.000           0.000    0.000      0.000  0.000   0.000        0.000    0.000   0.000      299.121 
      DPOPT_INTERNAL_INSTi213                                   DPOPT_INTERNAL_INST_277                112    299.121     0.000           0.000    0.000      0.000  0.000   0.000        0.000    0.000   0.000      299.121 
      add_215_24                                                add_unsigned_2                         155    413.963     0.000           0.000    0.000      0.000  0.000   0.000        0.000    0.000   0.000      413.963 
      bms0                                                      bit_mask_sel_WIDTH16                   213    568.865     0.000           0.000    0.000      0.000  0.000   0.000        0.000    0.000   0.000      568.865 
        add_245_31                                              add_unsigned_2_258                     163    435.329     0.000           0.000    0.000      0.000  0.000   0.000        0.000    0.000   0.000      435.329 
      bms1                                                      bit_mask_sel_WIDTH16_1                   3      8.012     0.000           0.000    0.000      0.000  0.000   0.000        0.000    0.000   0.000        8.012 
      csa_tree_fac1316                                          csa_tree_4265                          142    377.908     0.000           0.000    0.000      0.000  0.000   0.000        0.000    0.000   0.000      377.908 
