============================================================
  Generated by:           Genus(TM) Synthesis Solution 21.10-p002_1
  Generated on:           Apr 11 2026  04:12:47 pm
  Module:                 floating_point_mul_p_1_L2
  Technology libraries:   fast_vdd1v0 1.0
                          physical_cells 
  Operating conditions:   PVT_1P1V_0C 
  Interconnect mode:      global
  Area mode:              physical library
============================================================

Timing
--------

Clock Period 
-------------
VCLK  1000.0 


  Cost    Critical              Violating 
 Group   Path Slack     TNS       Paths   
------------------------------------------
default    No paths        0.0            
VCLK         -842.1   -25895.4         31 
------------------------------------------
Total                 -25895.4         31 

Instance Count
--------------
Leaf Instance Count             3290 
Physical Instance count            0 
Sequential Instance Count          0 
Combinational Instance Count    3290 
Hierarchical Instance Count       13 

Area
----
Cell Area                          8786.693
Physical Cell Area                 0.000
Total Cell Area (Cell+Physical)    8786.693
Net Area                           23.720
Total Area (Cell+Physical+Net)     8810.413

Runtime                            0.0 seconds
Elapsed Runtime                    34 seconds
Genus peak memory usage            1758.10 
Innovus peak memory usage          no_value 
Hostname                           redhat315b
