

Working Directory = /home/redhat315bd/physical_design_nipun/Physical_design
QoS Summary for signed_int_mul_p_1_L0
================================================================================
Metric                          signed_int_mul_p_1_L0_syn_generic signed_int_mul_p_1_L0_syn_map
================================================================================
Slack (ps):                      -935            -758
  R2R (ps):                  no_value        no_value
  I2R (ps):                  no_value        no_value
  R2O (ps):                  no_value        no_value
  I2O (ps):                      -935            -758
  CG  (ps):                  no_value        no_value
TNS (ps):                     -13,826         -11,446
  R2R (ps):                  no_value        no_value
  I2R (ps):                  no_value        no_value
  R2O (ps):                  no_value        no_value
  I2O (ps):                   -13,826         -11,446
  CG  (ps):                  no_value        no_value
Failing Paths:                     16              16
Cell Area:                      5,144           4,461
Total Cell Area:                5,144           4,461
Leaf Instances:                 1,926           1,431
Total Instances:                1,926           1,431
Utilization (%):                 0.00            0.00
Tot. Net Length (um):        no_value        no_value
Avg. Net Length (um):        no_value        no_value
Route Overflow H (%):        no_value        no_value
Route Overflow V (%):        no_value        no_value
MBCI(%) (bits/gate) :            0.00            0.00
Norm Cong Hotspot Area:
  Max Cong:                  no_value        no_value
  Tot Cong:                  no_value        no_value
================================================================================
CPU  Runtime (h:m:s):        00:30:21        00:30:12
Real Runtime (h:m:s):        00:30:22        00:30:09
CPU  Elapsed (h:m:s):        00:30:24        00:30:35
Real Elapsed (h:m:s):        00:30:23        00:30:32
Memory (MB):                  1654.70         1638.02
================================================================================
================================================================================
Flow Settings:
================================================================================
Total Runtime (h:m:s): 00:30:31
Total Memory (MB):     1646.02
Executable Version:    21.10-p002_1
================================================================================
Total Cell Area =  Cell Area + Physical Cell Area
Total Instances =  Leaf Instances + Physical Instances


