============================================================
  Generated by:           Genus(TM) Synthesis Solution 21.10-p002_1
  Generated on:           Jun 19 2026  11:12:49 am
  Module:                 acbam_FP32
  Technology library:     fast_vdd1v0 1.0
  Operating conditions:   PVT_1P1V_0C (balanced_tree)
  Wireload mode:          enclosed
  Area mode:              timing library
============================================================

                                  Leakage  
   Gate     Instances    Area   Power (nW)     Library    
----------------------------------------------------------
ACHCONX2            2    25.308      1.263    fast_vdd1v0 
ADDFHXL             1     7.524      0.377    fast_vdd1v0 
ADDFX1             26   133.380      8.648    fast_vdd1v0 
ADDFXL             28   191.520      8.728    fast_vdd1v0 
ADDHX1              4    15.048      1.054    fast_vdd1v0 
AND2X1             20    27.360      1.717    fast_vdd1v0 
AND2X4              1     2.736      0.223    fast_vdd1v0 
AND2X6              2     7.524      0.702    fast_vdd1v0 
AND2XL             40    54.720      3.006    fast_vdd1v0 
AND3XL              3     6.156      0.247    fast_vdd1v0 
AO21XL              2     4.788      0.208    fast_vdd1v0 
AOI211XL            1     2.052      0.083    fast_vdd1v0 
AOI21X1            76   129.960      8.286    fast_vdd1v0 
AOI21X2             3     8.208      0.679    fast_vdd1v0 
AOI21X4             1     5.130      0.349    fast_vdd1v0 
AOI21XL            39    66.690      2.764    fast_vdd1v0 
AOI221X1            1     2.394      0.151    fast_vdd1v0 
AOI22X1            51   104.652      6.827    fast_vdd1v0 
AOI22X2             1     3.762      0.237    fast_vdd1v0 
AOI22XL             1     2.052      0.088    fast_vdd1v0 
AOI2BB1X1          11    22.572      1.451    fast_vdd1v0 
AOI2BB1XL           8    16.416      0.864    fast_vdd1v0 
AOI31X1            10    20.520      1.326    fast_vdd1v0 
BUFX2               3     5.130      0.357    fast_vdd1v0 
BUFX3               3     6.156      0.525    fast_vdd1v0 
BUFX6               3     9.234      0.957    fast_vdd1v0 
CLKAND2X12          1     7.524      0.771    fast_vdd1v0 
CLKAND2X2           3     6.156      0.379    fast_vdd1v0 
CLKAND2X3           1     3.078      0.203    fast_vdd1v0 
CLKAND2X4           1     3.420      0.216    fast_vdd1v0 
CLKAND2X6           1     4.788      0.404    fast_vdd1v0 
CLKBUFX2           19    32.490      2.244    fast_vdd1v0 
CLKBUFX6            1     3.078      0.331    fast_vdd1v0 
CLKINVX1           22    22.572      0.968    fast_vdd1v0 
CLKINVX2            5     6.840      0.415    fast_vdd1v0 
CLKINVX3            4     6.840      0.515    fast_vdd1v0 
CLKINVX4            4     6.840      0.673    fast_vdd1v0 
CLKINVX6            1     2.394      0.250    fast_vdd1v0 
CLKINVX8            1     3.078      0.331    fast_vdd1v0 
CLKXOR2X1           4    10.944      0.704    fast_vdd1v0 
CLKXOR2X2           1     3.420      0.219    fast_vdd1v0 
INVX1              77    52.668      3.593    fast_vdd1v0 
INVX2              25    25.650      2.123    fast_vdd1v0 
INVX3               7     9.576      0.886    fast_vdd1v0 
INVXL             191   130.644      6.487    fast_vdd1v0 
MXI2X1              8    21.888      1.171    fast_vdd1v0 
MXI2XL             23    55.062      2.544    fast_vdd1v0 
NAND2BX1           30    41.040      3.154    fast_vdd1v0 
NAND2BXL           44    60.192      3.671    fast_vdd1v0 
NAND2X1            82    84.132      5.753    fast_vdd1v0 
NAND2X2            16    27.360      2.095    fast_vdd1v0 
NAND2X4             6    18.878      1.582    fast_vdd1v0 
NAND2X6             1     4.566      0.384    fast_vdd1v0 
NAND2XL           192   196.992      9.078    fast_vdd1v0 
NAND3BX1            4     8.208      0.463    fast_vdd1v0 
NAND3BXL            5     8.550      0.455    fast_vdd1v0 
NAND3X1            30    51.300      2.881    fast_vdd1v0 
NAND3X2             3     8.208      0.533    fast_vdd1v0 
NAND3X4             1     4.788      0.344    fast_vdd1v0 
NAND3XL             5     8.550      0.281    fast_vdd1v0 
NAND4XL             3     5.130      0.202    fast_vdd1v0 
NOR2BX1            62    84.816      6.363    fast_vdd1v0 
NOR2BX2             6    16.416      0.917    fast_vdd1v0 
NOR2BXL             5     8.550      0.386    fast_vdd1v0 
NOR2X1             84    86.184      5.849    fast_vdd1v0 
NOR2X2             23    39.330      3.164    fast_vdd1v0 
NOR2X4              5    15.390      1.195    fast_vdd1v0 
NOR2X6              1     4.104      0.372    fast_vdd1v0 
NOR2X8              1     5.472      0.495    fast_vdd1v0 
NOR2XL            163   167.238      7.722    fast_vdd1v0 
NOR3BX1             3     6.156      0.358    fast_vdd1v0 
NOR3BXL             4     8.208      0.350    fast_vdd1v0 
NOR3X1              8    13.680      0.672    fast_vdd1v0 
NOR3X2              2     5.472      0.398    fast_vdd1v0 
NOR3X4              2    10.260      0.967    fast_vdd1v0 
NOR3XL              1     1.710      0.061    fast_vdd1v0 
OA21X1              2     4.104      0.227    fast_vdd1v0 
OAI211X1            3     5.130      0.364    fast_vdd1v0 
OAI21X1            40    68.400      3.886    fast_vdd1v0 
OAI21X2             5    15.390      0.912    fast_vdd1v0 
OAI21X4             1     4.788      0.377    fast_vdd1v0 
OAI21XL            22    37.620      1.417    fast_vdd1v0 
OAI22X1             3     6.156      0.372    fast_vdd1v0 
OAI22X4             1     6.498      0.396    fast_vdd1v0 
OAI22XL             4     8.208      0.310    fast_vdd1v0 
OAI2BB1X1          35    59.850      4.026    fast_vdd1v0 
OAI2BB1X2           1     3.078      0.186    fast_vdd1v0 
OAI2BB1XL           2     4.104      0.195    fast_vdd1v0 
OAI31X1             2     4.104      0.236    fast_vdd1v0 
OAI31X2             1     3.762      0.262    fast_vdd1v0 
OR2X1               4     5.472      0.400    fast_vdd1v0 
OR2X6              23    86.526      9.425    fast_vdd1v0 
OR2X8               7    31.122      3.330    fast_vdd1v0 
OR2XL              22    30.096      1.884    fast_vdd1v0 
OR3XL               1     2.052      0.084    fast_vdd1v0 
XNOR2X1           135   323.190     24.306    fast_vdd1v0 
XNOR2XL             7    19.152      1.173    fast_vdd1v0 
XNOR3XL             9    67.716      3.305    fast_vdd1v0 
XOR2XL             40   109.440      6.679    fast_vdd1v0 
XOR3XL              9    67.716      3.329    fast_vdd1v0 
----------------------------------------------------------
total            1912  3274.496    203.768                


                                           Leakage  Leakage 
     Type      Instances   Area   Area % Power (nW) Power % 
------------------------------------------------------------
inverter             337  267.102    8.2     16.242     8.0 
buffer                29   56.088    1.7      4.414     2.2 
logic               1546 2951.306   90.1    183.112    89.9 
physical_cells         0    0.000    0.0      0.000     0.0 
------------------------------------------------------------
total               1912 3274.496  100.0    203.768   100.0 

