============================================================
  Generated by:           Genus(TM) Synthesis Solution 21.10-p002_1
  Generated on:           Apr 11 2026  02:49:18 pm
  Module:                 unsigned_int_mul_p_1_L1
  Technology libraries:   fast_vdd1v0 1.0
                          physical_cells 
  Operating conditions:   PVT_1P1V_0C 
  Interconnect mode:      global
  Area mode:              physical library
============================================================

Timing
--------

Clock Period 
-------------
VCLK  1000.0 


  Cost    Critical             Violating 
 Group   Path Slack    TNS       Paths   
-----------------------------------------
default    No paths       0.0            
VCLK         -518.2   -8026.1         16 
-----------------------------------------
Total                 -8026.1         16 

Instance Count
--------------
Leaf Instance Count             1124 
Physical Instance count            0 
Sequential Instance Count          0 
Combinational Instance Count    1124 
Hierarchical Instance Count        5 

Area
----
Cell Area                          3508.920
Physical Cell Area                 0.000
Total Cell Area (Cell+Physical)    3508.920
Net Area                           1270.087
Total Area (Cell+Physical+Net)     4779.007

Runtime                            0.0 seconds
Elapsed Runtime                    31 seconds
Genus peak memory usage            1643.84 
Innovus peak memory usage          no_value 
Hostname                           redhat315b
