============================================================
  Generated by:           Genus(TM) Synthesis Solution 21.10-p002_1
  Generated on:           Jun 19 2026  11:19:32 am
  Module:                 fplns_Fixed8
  Technology library:     fast_vdd1v0 1.0
  Operating conditions:   PVT_1P1V_0C (balanced_tree)
  Wireload mode:          enclosed
  Area mode:              timing library
============================================================

                                 Leakage  
   Gate    Instances    Area   Power (nW)     Library    
---------------------------------------------------------
AND2X1             7     9.576      0.649    fast_vdd1v0 
AND2XL            25    34.200      1.894    fast_vdd1v0 
AND3XL             2     4.104      0.176    fast_vdd1v0 
AO21X1             1     2.394      0.123    fast_vdd1v0 
AOI21X1           13    22.230      1.444    fast_vdd1v0 
AOI21X2            4    10.944      0.825    fast_vdd1v0 
AOI21X4            1     5.130      0.415    fast_vdd1v0 
AOI21XL           15    25.650      1.118    fast_vdd1v0 
AOI22XL            1     2.052      0.087    fast_vdd1v0 
AOI2BB1X1         14    28.728      1.874    fast_vdd1v0 
AOI2BB1XL          7    14.364      0.830    fast_vdd1v0 
AOI31X1            1     2.052      0.142    fast_vdd1v0 
AOI31XL            1     2.736      0.078    fast_vdd1v0 
AOI32X1            1     2.394      0.145    fast_vdd1v0 
BUFX16             4    27.360      3.277    fast_vdd1v0 
BUFX2              8    13.680      0.949    fast_vdd1v0 
BUFX3              3     6.156      0.499    fast_vdd1v0 
CLKAND2X2          2     4.104      0.246    fast_vdd1v0 
CLKBUFX2           8    13.680      0.959    fast_vdd1v0 
CLKINVX1           2     2.052      0.090    fast_vdd1v0 
CLKINVX12          5    20.520      2.460    fast_vdd1v0 
CLKINVX16          2    10.944      1.309    fast_vdd1v0 
CLKINVX4           2     3.420      0.337    fast_vdd1v0 
CLKINVX6           1     2.394      0.251    fast_vdd1v0 
CLKINVX8           3     9.234      0.981    fast_vdd1v0 
CLKXOR2X1          8    21.888      1.466    fast_vdd1v0 
CLKXOR2X2          1     3.420      0.227    fast_vdd1v0 
INVX1             63    43.092      2.920    fast_vdd1v0 
INVX2             16    16.416      1.395    fast_vdd1v0 
INVXL            108    73.872      3.647    fast_vdd1v0 
MXI2X1             2     5.472      0.294    fast_vdd1v0 
MXI2X8             2    12.312      1.019    fast_vdd1v0 
MXI2XL            15    35.910      1.592    fast_vdd1v0 
NAND2BX1          14    19.152      1.482    fast_vdd1v0 
NAND2BX2           3     7.182      0.470    fast_vdd1v0 
NAND2BX4           1     3.762      0.333    fast_vdd1v0 
NAND2BXL          24    32.832      1.995    fast_vdd1v0 
NAND2X1           39    40.014      2.761    fast_vdd1v0 
NAND2X2           35    59.850      4.732    fast_vdd1v0 
NAND2X4            6    18.878      1.597    fast_vdd1v0 
NAND2X6            2     9.131      0.776    fast_vdd1v0 
NAND2XL           68    69.768      3.158    fast_vdd1v0 
NAND3BXL           8    13.680      0.742    fast_vdd1v0 
NAND3X1            6    10.260      0.583    fast_vdd1v0 
NAND3XL            2     3.420      0.102    fast_vdd1v0 
NAND4XL            1     1.710      0.059    fast_vdd1v0 
NOR2BX1           33    45.144      3.398    fast_vdd1v0 
NOR2BX2            2     5.472      0.360    fast_vdd1v0 
NOR2BXL            5     8.550      0.399    fast_vdd1v0 
NOR2X1            57    58.482      4.147    fast_vdd1v0 
NOR2X2            30    51.300      4.098    fast_vdd1v0 
NOR2X4            16    49.248      3.997    fast_vdd1v0 
NOR2X6             7    28.728      2.606    fast_vdd1v0 
NOR2X8             1     5.472      0.662    fast_vdd1v0 
NOR2XL            72    73.872      3.365    fast_vdd1v0 
NOR3BX1            4     8.208      0.499    fast_vdd1v0 
NOR3BXL            3     6.156      0.264    fast_vdd1v0 
NOR3X1             2     3.420      0.149    fast_vdd1v0 
NOR3X2             1     2.736      0.175    fast_vdd1v0 
NOR3X6             1     7.182      0.456    fast_vdd1v0 
NOR3XL             6    10.260      0.300    fast_vdd1v0 
OA21X1             5    10.260      0.560    fast_vdd1v0 
OAI211X1           1     1.710      0.132    fast_vdd1v0 
OAI21X1           13    22.230      1.267    fast_vdd1v0 
OAI21X2            7    21.546      1.233    fast_vdd1v0 
OAI21X4            1     4.788      0.370    fast_vdd1v0 
OAI21XL            7    11.970      0.461    fast_vdd1v0 
OAI22X1            2     4.104      0.231    fast_vdd1v0 
OAI2BB1X1         14    23.940      1.678    fast_vdd1v0 
OAI2BB1XL          4     8.208      0.384    fast_vdd1v0 
OAI31X1            1     2.052      0.134    fast_vdd1v0 
OAI31X4            1     6.840      0.464    fast_vdd1v0 
OR2X1              9    12.312      0.862    fast_vdd1v0 
OR2XL             31    42.408      2.673    fast_vdd1v0 
OR3XL              2     4.104      0.211    fast_vdd1v0 
OR4X1              2     4.104      0.223    fast_vdd1v0 
XNOR2X1           17    40.698      3.075    fast_vdd1v0 
XNOR2XL            5    13.680      0.808    fast_vdd1v0 
XNOR3XL            1     7.524      0.357    fast_vdd1v0 
XOR2XL             5    13.680      0.828    fast_vdd1v0 
XOR3XL             1     7.524      0.357    fast_vdd1v0 
---------------------------------------------------------
total            926  1410.032     93.693                


                                           Leakage  Leakage 
     Type      Instances   Area   Area % Power (nW) Power % 
------------------------------------------------------------
inverter             202  181.944   12.9     13.390    14.3 
buffer                23   60.876    4.3      5.684     6.1 
logic                701 1167.212   82.8     74.620    79.6 
physical_cells         0    0.000    0.0      0.000     0.0 
------------------------------------------------------------
total                926 1410.032  100.0     93.693   100.0 

