============================================================
  Generated by:           Genus(TM) Synthesis Solution 21.10-p002_1
  Generated on:           Jun 19 2026  11:19:32 am
  Module:                 fplns_Fixed8
  Operating conditions:   PVT_1P1V_0C (balanced_tree)
  Wireload mode:          enclosed
  Area mode:              timing library
============================================================


Path 1: VIOLATED (-132 ps) Late External Delay Assertion at pin R[11]
          Group: vclk
     Startpoint: (F) B[5]
          Clock: (R) vclk
       Endpoint: (F) R[11]
          Clock: (R) vclk

                     Capture       Launch     
        Clock Edge:+    1000            0     
        Drv Adjust:+       0            0     
       Src Latency:+       0            0     
       Net Latency:+       0 (I)        0 (I) 
           Arrival:=    1000            0     
                                              
      Output Delay:-     200                  
       Uncertainty:-      50                  
     Required Time:=     750                  
      Launch Clock:-       0                  
       Input Delay:-     200                  
         Data Path:-     682                  
             Slack:=    -132                  

Exceptions/Constraints:
  input_delay              200             fplns_Fixed8.sdc_line_14_10_1 
  output_delay             200             fplns_Fixed8.sdc_line_15_24_1 

#----------------------------------------------------------------------------------------------------
#       Timing Point         Flags    Arc   Edge   Cell     Fanout Load Trans Delay Arrival Instance 
#                                                                  (fF)  (ps)  (ps)   (ps)  Location 
#----------------------------------------------------------------------------------------------------
  B[5]                       -       -      F     (arrival)      6  7.1     0     0     200    (-,-) 
  g71/Y                      -       A->Y   R     NOR2X6         1  2.0    10    13     213    (-,-) 
  g10459/Y                   -       A->Y   F     NAND2X4        1  1.7    13    15     228    (-,-) 
  g10382/Y                   -       A1->Y  R     OAI21X4        1  2.8    20    18     246    (-,-) 
  g10374/Y                   -       B->Y   F     NAND2X6        6  3.0    17    16     263    (-,-) 
  m_uint/m_core/g16751/Y     -       A->Y   R     INVX2          3  1.5     9    11     274    (-,-) 
  m_uint/m_core/g16750/Y     -       B->Y   F     NAND2X2        3  1.1    14    14     288    (-,-) 
  m_uint/m_core/g17141/Y     -       C->Y   R     NOR3BX1        2  0.6    25    20     308    (-,-) 
  m_uint/m_core/g16997_dup/Y -       AN->Y  R     NAND2BXL       1  0.5    11    19     326    (-,-) 
  m_uint/m_core/g17143/Y     -       B->Y   F     NAND2X1        2  1.0    19    17     344    (-,-) 
  m_uint/m_core/g1356/Y      -       A->Y   F     BUFX2          1  0.9     7    24     368    (-,-) 
  m_uint/m_core/g16941/Y     -       A0->Y  R     OAI21X2        3  1.1    18    18     386    (-,-) 
  m_uint/m_core/g268/Y       -       A->Y   F     NOR2XL         1  0.2     9    13     400    (-,-) 
  m_uint/m_core/g165/Y       -       A1N->Y F     AOI2BB1X1      1  0.9    12    29     429    (-,-) 
  m_uint/m_core/g16672/Y     -       A->Y   R     NAND2X2        3  1.3    10    11     440    (-,-) 
  m_uint/m_core/g170/Y       -       A1->Y  F     AOI21XL        2  0.6    23    21     461    (-,-) 
  m_uint/m_core/g169/Y       -       B->Y   R     NOR2X1         1  1.9    33    27     488    (-,-) 
  m_uint/m_core/g126/Y       -       B->Y   F     NOR2X4         8  2.4    13    15     503    (-,-) 
  m_uint/m_core/fopt16976/Y  -       A->Y   R     INVXL          1  0.3     7    10     512    (-,-) 
  m_uint/m_core/g17024/Y     -       A1N->Y R     OAI2BB1X1      2  1.2    16    28     540    (-,-) 
  m_uint/m_core/g17317/Y     -       A1->Y  F     AOI21X2        2  0.6    16    18     559    (-,-) 
  m_uint/m_core/g17028/Y     -       B->Y   R     NOR2X1         1  0.5    14    15     574    (-,-) 
  m_uint/m_core/g48/Y        -       B0->Y  F     AOI21X1        2  0.4    18    10     584    (-,-) 
  m_uint/m_core/g16647/Y     -       C->Y   R     NAND3XL        1  0.5    14    14     598    (-,-) 
  m_uint/m_core/g16733/Y     -       B->Y   F     NAND3X1        2  0.4    21    23     621    (-,-) 
  g98/Y                      -       B->Y   F     OR2XL          1  0.4     7    25     646    (-,-) 
  g10582/Y                   -       B->Y   R     NOR2BX1        2  0.8    17    14     660    (-,-) 
  g10580/Y                   -       B->Y   F     NOR2XL         1  0.5    13    12     672    (-,-) 
  g126/Y                     -       B->Y   R     CLKXOR2X1      2  1.2    12    32     704    (-,-) 
  g10545/Y                   -       B->Y   F     NAND2X2        3  1.5    17    16     720    (-,-) 
  g10544/Y                   -       B->Y   R     NOR2X2         1  0.9    14    14     734    (-,-) 
  g10542/Y                   -       B->Y   F     NAND2X2        1  0.9    14    14     749    (-,-) 
  g10400/Y                   -       A->Y   R     NOR2X2         2  1.0    14    16     765    (-,-) 
  g10418/Y                   -       B->Y   F     NAND2X1        1  0.9    18    18     782    (-,-) 
  g25/Y                      -       A->Y   R     NOR2X2         3  1.4    17    19     801    (-,-) 
  g22/Y                      -       B->Y   F     XNOR2X1        1  2.5    21    39     840    (-,-) 
  fopt24/Y                   -       A->Y   R     CLKINVX6       2 15.0    22    18     858    (-,-) 
  fopt10396/Y                -       A->Y   F     CLKINVX16      1 50.0    31    24     882    (-,-) 
  R[11]                      -       -      F     (port)         -    -     -     0     882    (-,-) 
#----------------------------------------------------------------------------------------------------



Path 2: VIOLATED (-132 ps) Late External Delay Assertion at pin R[13]
          Group: vclk
     Startpoint: (F) B[5]
          Clock: (R) vclk
       Endpoint: (F) R[13]
          Clock: (R) vclk

                     Capture       Launch     
        Clock Edge:+    1000            0     
        Drv Adjust:+       0            0     
       Src Latency:+       0            0     
       Net Latency:+       0 (I)        0 (I) 
           Arrival:=    1000            0     
                                              
      Output Delay:-     200                  
       Uncertainty:-      50                  
     Required Time:=     750                  
      Launch Clock:-       0                  
       Input Delay:-     200                  
         Data Path:-     682                  
             Slack:=    -132                  

Exceptions/Constraints:
  input_delay              200             fplns_Fixed8.sdc_line_14_10_1 
  output_delay             200             fplns_Fixed8.sdc_line_15_22_1 

#----------------------------------------------------------------------------------------------------
#       Timing Point         Flags    Arc   Edge   Cell     Fanout Load Trans Delay Arrival Instance 
#                                                                  (fF)  (ps)  (ps)   (ps)  Location 
#----------------------------------------------------------------------------------------------------
  B[5]                       -       -      F     (arrival)      6  7.1     0     0     200    (-,-) 
  g71/Y                      -       A->Y   R     NOR2X6         1  2.0    10    13     213    (-,-) 
  g10459/Y                   -       A->Y   F     NAND2X4        1  1.7    13    15     228    (-,-) 
  g10382/Y                   -       A1->Y  R     OAI21X4        1  2.8    20    18     246    (-,-) 
  g10374/Y                   -       B->Y   F     NAND2X6        6  3.0    17    16     263    (-,-) 
  m_uint/m_core/g16751/Y     -       A->Y   R     INVX2          3  1.5     9    11     274    (-,-) 
  m_uint/m_core/g16750/Y     -       B->Y   F     NAND2X2        3  1.1    14    14     288    (-,-) 
  m_uint/m_core/g17141/Y     -       C->Y   R     NOR3BX1        2  0.6    25    20     308    (-,-) 
  m_uint/m_core/g16997_dup/Y -       AN->Y  R     NAND2BXL       1  0.5    11    19     326    (-,-) 
  m_uint/m_core/g17143/Y     -       B->Y   F     NAND2X1        2  1.0    19    17     344    (-,-) 
  m_uint/m_core/g1356/Y      -       A->Y   F     BUFX2          1  0.9     7    24     368    (-,-) 
  m_uint/m_core/g16941/Y     -       A0->Y  R     OAI21X2        3  1.1    18    18     386    (-,-) 
  m_uint/m_core/g268/Y       -       A->Y   F     NOR2XL         1  0.2     9    13     400    (-,-) 
  m_uint/m_core/g165/Y       -       A1N->Y F     AOI2BB1X1      1  0.9    12    29     429    (-,-) 
  m_uint/m_core/g16672/Y     -       A->Y   R     NAND2X2        3  1.3    10    11     440    (-,-) 
  m_uint/m_core/g170/Y       -       A1->Y  F     AOI21XL        2  0.6    23    21     461    (-,-) 
  m_uint/m_core/g169/Y       -       B->Y   R     NOR2X1         1  1.9    33    27     488    (-,-) 
  m_uint/m_core/g126/Y       -       B->Y   F     NOR2X4         8  2.4    13    15     503    (-,-) 
  m_uint/m_core/fopt16976/Y  -       A->Y   R     INVXL          1  0.3     7    10     512    (-,-) 
  m_uint/m_core/g17024/Y     -       A1N->Y R     OAI2BB1X1      2  1.2    16    28     540    (-,-) 
  m_uint/m_core/g17317/Y     -       A1->Y  F     AOI21X2        2  0.6    16    18     559    (-,-) 
  m_uint/m_core/g17028/Y     -       B->Y   R     NOR2X1         1  0.5    14    15     574    (-,-) 
  m_uint/m_core/g48/Y        -       B0->Y  F     AOI21X1        2  0.4    18    10     584    (-,-) 
  m_uint/m_core/g16647/Y     -       C->Y   R     NAND3XL        1  0.5    14    14     598    (-,-) 
  m_uint/m_core/g16733/Y     -       B->Y   F     NAND3X1        2  0.4    21    23     621    (-,-) 
  g98/Y                      -       B->Y   F     OR2XL          1  0.4     7    25     646    (-,-) 
  g10582/Y                   -       B->Y   R     NOR2BX1        2  0.8    17    14     660    (-,-) 
  g10580/Y                   -       B->Y   F     NOR2XL         1  0.5    13    12     672    (-,-) 
  g126/Y                     -       B->Y   R     CLKXOR2X1      2  1.2    12    32     704    (-,-) 
  g10545/Y                   -       B->Y   F     NAND2X2        3  1.5    17    16     720    (-,-) 
  g10544/Y                   -       B->Y   R     NOR2X2         1  0.9    14    14     734    (-,-) 
  g10542/Y                   -       B->Y   F     NAND2X2        1  0.9    14    14     749    (-,-) 
  g10400/Y                   -       A->Y   R     NOR2X2         2  1.0    14    16     765    (-,-) 
  g10418/Y                   -       B->Y   F     NAND2X1        1  0.9    18    18     782    (-,-) 
  g25/Y                      -       A->Y   R     NOR2X2         3  1.4    17    19     801    (-,-) 
  g22/Y                      -       B->Y   F     XNOR2X1        1  2.5    21    39     840    (-,-) 
  fopt24/Y                   -       A->Y   R     CLKINVX6       2 15.0    22    18     858    (-,-) 
  fopt23/Y                   -       A->Y   F     CLKINVX16      1 50.0    31    24     882    (-,-) 
  R[13]                      -       -      F     (port)         -    -     -     0     882    (-,-) 
#----------------------------------------------------------------------------------------------------



Path 3: VIOLATED (-131 ps) Late External Delay Assertion at pin R[10]
          Group: vclk
     Startpoint: (F) B[5]
          Clock: (R) vclk
       Endpoint: (R) R[10]
          Clock: (R) vclk

                     Capture       Launch     
        Clock Edge:+    1000            0     
        Drv Adjust:+       0            0     
       Src Latency:+       0            0     
       Net Latency:+       0 (I)        0 (I) 
           Arrival:=    1000            0     
                                              
      Output Delay:-     200                  
       Uncertainty:-      50                  
     Required Time:=     750                  
      Launch Clock:-       0                  
       Input Delay:-     200                  
         Data Path:-     681                  
             Slack:=    -131                  

Exceptions/Constraints:
  input_delay              200             fplns_Fixed8.sdc_line_14_10_1 
  output_delay             200             fplns_Fixed8.sdc_line_15_25_1 

#------------------------------------------------------------------------------------------------------
#        Timing Point          Flags    Arc   Edge   Cell     Fanout Load Trans Delay Arrival Instance 
#                                                                    (fF)  (ps)  (ps)   (ps)  Location 
#------------------------------------------------------------------------------------------------------
  B[5]                         -       -      F     (arrival)      6  7.1     0     0     200    (-,-) 
  g71/Y                        -       A->Y   R     NOR2X6         1  2.0    10    13     213    (-,-) 
  g10459/Y                     -       A->Y   F     NAND2X4        1  1.7    13    15     228    (-,-) 
  g10382/Y                     -       A1->Y  R     OAI21X4        1  2.8    20    18     246    (-,-) 
  g10374/Y                     -       B->Y   F     NAND2X6        6  3.0    17    16     263    (-,-) 
  m_uint/m_core/g16751/Y       -       A->Y   R     INVX2          3  1.5     9    11     274    (-,-) 
  m_uint/m_core/g16750/Y       -       B->Y   F     NAND2X2        3  1.1    14    14     288    (-,-) 
  m_uint/m_core/g17141/Y       -       C->Y   R     NOR3BX1        2  0.6    25    20     308    (-,-) 
  m_uint/m_core/g16997_dup/Y   -       AN->Y  R     NAND2BXL       1  0.5    11    19     326    (-,-) 
  m_uint/m_core/g17143/Y       -       B->Y   F     NAND2X1        2  1.0    19    17     344    (-,-) 
  m_uint/m_core/g1356/Y        -       A->Y   F     BUFX2          1  0.9     7    24     368    (-,-) 
  m_uint/m_core/g16941/Y       -       A0->Y  R     OAI21X2        3  1.1    18    18     386    (-,-) 
  m_uint/m_core/g268/Y         -       A->Y   F     NOR2XL         1  0.2     9    13     400    (-,-) 
  m_uint/m_core/g165/Y         -       A1N->Y F     AOI2BB1X1      1  0.9    12    29     429    (-,-) 
  m_uint/m_core/g16672/Y       -       A->Y   R     NAND2X2        3  1.3    10    11     440    (-,-) 
  m_uint/m_core/g16888/Y       -       B->Y   F     NAND2X1        3  0.9    18    16     456    (-,-) 
  m_uint/m_core/g40/Y          -       B->Y   R     NAND2BX1       2  0.8    11    13     469    (-,-) 
  m_uint/m_core/g14983__1705/Y -       A1N->Y R     AOI2BB1X1      3  1.1    21    25     495    (-,-) 
  m_uint/m_core/g14978/Y       -       A->Y   F     INVX1          6  1.7    16    16     511    (-,-) 
  m_uint/m_core/g17338/Y       -       A1->Y  R     OAI21XL        4  1.2    38    30     541    (-,-) 
  m_uint/m_core/g16644/Y       -       B->Y   R     OR2X1          6  2.0    17    27     568    (-,-) 
  m_uint/m_core/g16789/Y       -       AN->Y  R     NAND3BXL       1  0.5    14    20     588    (-,-) 
  m_uint/m_core/g16788/Y       -       A->Y   F     NAND3X1        2  0.7    27    28     615    (-,-) 
  g10101/Y                     -       A->Y   F     BUFX3          3  1.3     7    24     639    (-,-) 
  g9774__1617/Y                -       B->Y   R     NOR2X2         2  1.2    16    13     652    (-,-) 
  g10388/Y                     -       B->Y   F     NAND2X2        2  0.8    14    15     667    (-,-) 
  g10392/Y                     -       B->Y   R     NOR2X1         2  0.8    18    16     683    (-,-) 
  g10539/Y                     -       B->Y   F     NAND2X1        1  0.8    18    18     701    (-,-) 
  g845/Y                       -       B->Y   R     NOR2X2         3  0.9    14    15     716    (-,-) 
  g78/Y                        -       A1N->Y R     OAI2BB1XL      1  0.6    14    24     740    (-,-) 
  g83/Y                        -       B->Y   R     XNOR2XL        2  0.8    12    25     765    (-,-) 
  fopt10242/Y                  -       A->Y   F     INVXL          2  0.8    11    12     777    (-,-) 
  g10241/Y                     -       A->Y   R     NOR2X1         1  0.5    14    16     793    (-,-) 
  g10281/Y                     -       A->Y   F     NAND2X1        1  0.5    13    16     809    (-,-) 
  g10280/Y                     -       B->Y   R     CLKXOR2X1      1  1.9    17    34     843    (-,-) 
  fopt/Y                       -       A->Y   R     BUFX16         1 50.0    30    38     881    (-,-) 
  R[10]                        -       -      R     (port)         -    -     -     0     881    (-,-) 
#------------------------------------------------------------------------------------------------------



Path 4: VIOLATED (-131 ps) Late External Delay Assertion at pin R[12]
          Group: vclk
     Startpoint: (F) B[5]
          Clock: (R) vclk
       Endpoint: (F) R[12]
          Clock: (R) vclk

                     Capture       Launch     
        Clock Edge:+    1000            0     
        Drv Adjust:+       0            0     
       Src Latency:+       0            0     
       Net Latency:+       0 (I)        0 (I) 
           Arrival:=    1000            0     
                                              
      Output Delay:-     200                  
       Uncertainty:-      50                  
     Required Time:=     750                  
      Launch Clock:-       0                  
       Input Delay:-     200                  
         Data Path:-     681                  
             Slack:=    -131                  

Exceptions/Constraints:
  input_delay              200             fplns_Fixed8.sdc_line_14_10_1 
  output_delay             200             fplns_Fixed8.sdc_line_15_23_1 

#------------------------------------------------------------------------------------------------------
#        Timing Point          Flags    Arc   Edge   Cell     Fanout Load Trans Delay Arrival Instance 
#                                                                    (fF)  (ps)  (ps)   (ps)  Location 
#------------------------------------------------------------------------------------------------------
  B[5]                         -       -      F     (arrival)      6  7.1     0     0     200    (-,-) 
  g71/Y                        -       A->Y   R     NOR2X6         1  2.0    10    13     213    (-,-) 
  g10459/Y                     -       A->Y   F     NAND2X4        1  1.7    13    15     228    (-,-) 
  g10382/Y                     -       A1->Y  R     OAI21X4        1  2.8    20    18     246    (-,-) 
  g10374/Y                     -       B->Y   F     NAND2X6        6  3.0    17    16     263    (-,-) 
  m_uint/m_core/g16751/Y       -       A->Y   R     INVX2          3  1.5     9    11     274    (-,-) 
  m_uint/m_core/g16750/Y       -       B->Y   F     NAND2X2        3  1.1    14    14     288    (-,-) 
  m_uint/m_core/g17141/Y       -       C->Y   R     NOR3BX1        2  0.6    25    20     308    (-,-) 
  m_uint/m_core/g16997_dup/Y   -       AN->Y  R     NAND2BXL       1  0.5    11    19     326    (-,-) 
  m_uint/m_core/g17143/Y       -       B->Y   F     NAND2X1        2  1.0    19    17     344    (-,-) 
  m_uint/m_core/g1356/Y        -       A->Y   F     BUFX2          1  0.9     7    24     368    (-,-) 
  m_uint/m_core/g16941/Y       -       A0->Y  R     OAI21X2        3  1.1    18    18     386    (-,-) 
  m_uint/m_core/g268/Y         -       A->Y   F     NOR2XL         1  0.2     9    13     400    (-,-) 
  m_uint/m_core/g165/Y         -       A1N->Y F     AOI2BB1X1      1  0.9    12    29     429    (-,-) 
  m_uint/m_core/g16672/Y       -       A->Y   R     NAND2X2        3  1.3    10    11     440    (-,-) 
  m_uint/m_core/g16888/Y       -       B->Y   F     NAND2X1        3  0.9    18    16     456    (-,-) 
  m_uint/m_core/g40/Y          -       B->Y   R     NAND2BX1       2  0.8    11    13     469    (-,-) 
  m_uint/m_core/g14983__1705/Y -       A1N->Y R     AOI2BB1X1      3  1.1    21    25     495    (-,-) 
  m_uint/m_core/g14978/Y       -       A->Y   F     INVX1          6  1.7    16    16     511    (-,-) 
  m_uint/m_core/g17338/Y       -       A1->Y  R     OAI21XL        4  1.2    38    30     541    (-,-) 
  m_uint/m_core/g16644/Y       -       B->Y   R     OR2X1          6  2.0    17    27     568    (-,-) 
  m_uint/m_core/g16789/Y       -       AN->Y  R     NAND3BXL       1  0.5    14    20     588    (-,-) 
  m_uint/m_core/g16788/Y       -       A->Y   F     NAND3X1        2  0.7    27    28     615    (-,-) 
  g10101/Y                     -       A->Y   F     BUFX3          3  1.3     7    24     639    (-,-) 
  g9774__1617/Y                -       B->Y   R     NOR2X2         2  1.2    16    13     652    (-,-) 
  g10388/Y                     -       B->Y   F     NAND2X2        2  0.8    14    15     667    (-,-) 
  g10392/Y                     -       B->Y   R     NOR2X1         2  0.8    18    16     683    (-,-) 
  g10539/Y                     -       B->Y   F     NAND2X1        1  0.8    18    18     701    (-,-) 
  g845/Y                       -       B->Y   R     NOR2X2         3  0.9    14    15     716    (-,-) 
  g78/Y                        -       A1N->Y R     OAI2BB1XL      1  0.6    14    24     740    (-,-) 
  g83/Y                        -       B->Y   F     XNOR2XL        2  0.6    10    29     769    (-,-) 
  g10419/Y                     -       B->Y   R     NAND2X1        1  1.0    12    11     780    (-,-) 
  g25/Y                        -       B->Y   F     NOR2X2         3  1.3    10    11     791    (-,-) 
  g10209/Y                     -       B->Y   F     CLKAND2X2      1  3.5    17    30     821    (-,-) 
  g10208/Y                     -       A->Y   R     NOR2X8         3 17.1    38    30     851    (-,-) 
  fopt9814/Y                   -       A->Y   F     CLKINVX12      1 50.0    41    31     881    (-,-) 
  R[12]                        -       -      F     (port)         -    -     -     0     881    (-,-) 
#------------------------------------------------------------------------------------------------------



Path 5: VIOLATED (-131 ps) Late External Delay Assertion at pin R[14]
          Group: vclk
     Startpoint: (F) B[5]
          Clock: (R) vclk
       Endpoint: (F) R[14]
          Clock: (R) vclk

                     Capture       Launch     
        Clock Edge:+    1000            0     
        Drv Adjust:+       0            0     
       Src Latency:+       0            0     
       Net Latency:+       0 (I)        0 (I) 
           Arrival:=    1000            0     
                                              
      Output Delay:-     200                  
       Uncertainty:-      50                  
     Required Time:=     750                  
      Launch Clock:-       0                  
       Input Delay:-     200                  
         Data Path:-     681                  
             Slack:=    -131                  

Exceptions/Constraints:
  input_delay              200             fplns_Fixed8.sdc_line_14_10_1 
  output_delay             200             fplns_Fixed8.sdc_line_15_21_1 

#------------------------------------------------------------------------------------------------------
#        Timing Point          Flags    Arc   Edge   Cell     Fanout Load Trans Delay Arrival Instance 
#                                                                    (fF)  (ps)  (ps)   (ps)  Location 
#------------------------------------------------------------------------------------------------------
  B[5]                         -       -      F     (arrival)      6  7.1     0     0     200    (-,-) 
  g71/Y                        -       A->Y   R     NOR2X6         1  2.0    10    13     213    (-,-) 
  g10459/Y                     -       A->Y   F     NAND2X4        1  1.7    13    15     228    (-,-) 
  g10382/Y                     -       A1->Y  R     OAI21X4        1  2.8    20    18     246    (-,-) 
  g10374/Y                     -       B->Y   F     NAND2X6        6  3.0    17    16     263    (-,-) 
  m_uint/m_core/g16751/Y       -       A->Y   R     INVX2          3  1.5     9    11     274    (-,-) 
  m_uint/m_core/g16750/Y       -       B->Y   F     NAND2X2        3  1.1    14    14     288    (-,-) 
  m_uint/m_core/g17141/Y       -       C->Y   R     NOR3BX1        2  0.6    25    20     308    (-,-) 
  m_uint/m_core/g16997_dup/Y   -       AN->Y  R     NAND2BXL       1  0.5    11    19     326    (-,-) 
  m_uint/m_core/g17143/Y       -       B->Y   F     NAND2X1        2  1.0    19    17     344    (-,-) 
  m_uint/m_core/g1356/Y        -       A->Y   F     BUFX2          1  0.9     7    24     368    (-,-) 
  m_uint/m_core/g16941/Y       -       A0->Y  R     OAI21X2        3  1.1    18    18     386    (-,-) 
  m_uint/m_core/g268/Y         -       A->Y   F     NOR2XL         1  0.2     9    13     400    (-,-) 
  m_uint/m_core/g165/Y         -       A1N->Y F     AOI2BB1X1      1  0.9    12    29     429    (-,-) 
  m_uint/m_core/g16672/Y       -       A->Y   R     NAND2X2        3  1.3    10    11     440    (-,-) 
  m_uint/m_core/g16888/Y       -       B->Y   F     NAND2X1        3  0.9    18    16     456    (-,-) 
  m_uint/m_core/g40/Y          -       B->Y   R     NAND2BX1       2  0.8    11    13     469    (-,-) 
  m_uint/m_core/g14983__1705/Y -       A1N->Y R     AOI2BB1X1      3  1.1    21    25     495    (-,-) 
  m_uint/m_core/g14978/Y       -       A->Y   F     INVX1          6  1.7    16    16     511    (-,-) 
  m_uint/m_core/g17338/Y       -       A1->Y  R     OAI21XL        4  1.2    38    30     541    (-,-) 
  m_uint/m_core/g16644/Y       -       B->Y   R     OR2X1          6  2.0    17    27     568    (-,-) 
  m_uint/m_core/g16789/Y       -       AN->Y  R     NAND3BXL       1  0.5    14    20     588    (-,-) 
  m_uint/m_core/g16788/Y       -       A->Y   F     NAND3X1        2  0.7    27    28     615    (-,-) 
  g10101/Y                     -       A->Y   F     BUFX3          3  1.3     7    24     639    (-,-) 
  g9774__1617/Y                -       B->Y   R     NOR2X2         2  1.2    16    13     652    (-,-) 
  g10388/Y                     -       B->Y   F     NAND2X2        2  0.8    14    15     667    (-,-) 
  g10392/Y                     -       B->Y   R     NOR2X1         2  0.8    18    16     683    (-,-) 
  g10539/Y                     -       B->Y   F     NAND2X1        1  0.8    18    18     701    (-,-) 
  g845/Y                       -       B->Y   R     NOR2X2         3  0.9    14    15     716    (-,-) 
  g78/Y                        -       A1N->Y R     OAI2BB1XL      1  0.6    14    24     740    (-,-) 
  g83/Y                        -       B->Y   F     XNOR2XL        2  0.6    10    29     769    (-,-) 
  g10419/Y                     -       B->Y   R     NAND2X1        1  1.0    12    11     780    (-,-) 
  g25/Y                        -       B->Y   F     NOR2X2         3  1.3    10    11     791    (-,-) 
  g10209/Y                     -       B->Y   F     CLKAND2X2      1  3.5    17    30     821    (-,-) 
  g10208/Y                     -       A->Y   R     NOR2X8         3 17.1    38    30     851    (-,-) 
  fopt9813/Y                   -       A->Y   F     CLKINVX12      1 50.0    41    31     881    (-,-) 
  R[14]                        -       -      F     (port)         -    -     -     0     881    (-,-) 
#------------------------------------------------------------------------------------------------------



Path 6: VIOLATED (-131 ps) Late External Delay Assertion at pin R[15]
          Group: vclk
     Startpoint: (F) B[5]
          Clock: (R) vclk
       Endpoint: (F) R[15]
          Clock: (R) vclk

                     Capture       Launch     
        Clock Edge:+    1000            0     
        Drv Adjust:+       0            0     
       Src Latency:+       0            0     
       Net Latency:+       0 (I)        0 (I) 
           Arrival:=    1000            0     
                                              
      Output Delay:-     200                  
       Uncertainty:-      50                  
     Required Time:=     750                  
      Launch Clock:-       0                  
       Input Delay:-     200                  
         Data Path:-     681                  
             Slack:=    -131                  

Exceptions/Constraints:
  input_delay              200             fplns_Fixed8.sdc_line_14_10_1 
  output_delay             200             fplns_Fixed8.sdc_line_15      

#------------------------------------------------------------------------------------------------------
#        Timing Point          Flags    Arc   Edge   Cell     Fanout Load Trans Delay Arrival Instance 
#                                                                    (fF)  (ps)  (ps)   (ps)  Location 
#------------------------------------------------------------------------------------------------------
  B[5]                         -       -      F     (arrival)      6  7.1     0     0     200    (-,-) 
  g71/Y                        -       A->Y   R     NOR2X6         1  2.0    10    13     213    (-,-) 
  g10459/Y                     -       A->Y   F     NAND2X4        1  1.7    13    15     228    (-,-) 
  g10382/Y                     -       A1->Y  R     OAI21X4        1  2.8    20    18     246    (-,-) 
  g10374/Y                     -       B->Y   F     NAND2X6        6  3.0    17    16     263    (-,-) 
  m_uint/m_core/g16751/Y       -       A->Y   R     INVX2          3  1.5     9    11     274    (-,-) 
  m_uint/m_core/g16750/Y       -       B->Y   F     NAND2X2        3  1.1    14    14     288    (-,-) 
  m_uint/m_core/g17141/Y       -       C->Y   R     NOR3BX1        2  0.6    25    20     308    (-,-) 
  m_uint/m_core/g16997_dup/Y   -       AN->Y  R     NAND2BXL       1  0.5    11    19     326    (-,-) 
  m_uint/m_core/g17143/Y       -       B->Y   F     NAND2X1        2  1.0    19    17     344    (-,-) 
  m_uint/m_core/g1356/Y        -       A->Y   F     BUFX2          1  0.9     7    24     368    (-,-) 
  m_uint/m_core/g16941/Y       -       A0->Y  R     OAI21X2        3  1.1    18    18     386    (-,-) 
  m_uint/m_core/g268/Y         -       A->Y   F     NOR2XL         1  0.2     9    13     400    (-,-) 
  m_uint/m_core/g165/Y         -       A1N->Y F     AOI2BB1X1      1  0.9    12    29     429    (-,-) 
  m_uint/m_core/g16672/Y       -       A->Y   R     NAND2X2        3  1.3    10    11     440    (-,-) 
  m_uint/m_core/g16888/Y       -       B->Y   F     NAND2X1        3  0.9    18    16     456    (-,-) 
  m_uint/m_core/g40/Y          -       B->Y   R     NAND2BX1       2  0.8    11    13     469    (-,-) 
  m_uint/m_core/g14983__1705/Y -       A1N->Y R     AOI2BB1X1      3  1.1    21    25     495    (-,-) 
  m_uint/m_core/g14978/Y       -       A->Y   F     INVX1          6  1.7    16    16     511    (-,-) 
  m_uint/m_core/g17338/Y       -       A1->Y  R     OAI21XL        4  1.2    38    30     541    (-,-) 
  m_uint/m_core/g16644/Y       -       B->Y   R     OR2X1          6  2.0    17    27     568    (-,-) 
  m_uint/m_core/g16789/Y       -       AN->Y  R     NAND3BXL       1  0.5    14    20     588    (-,-) 
  m_uint/m_core/g16788/Y       -       A->Y   F     NAND3X1        2  0.7    27    28     615    (-,-) 
  g10101/Y                     -       A->Y   F     BUFX3          3  1.3     7    24     639    (-,-) 
  g9774__1617/Y                -       B->Y   R     NOR2X2         2  1.2    16    13     652    (-,-) 
  g10388/Y                     -       B->Y   F     NAND2X2        2  0.8    14    15     667    (-,-) 
  g10392/Y                     -       B->Y   R     NOR2X1         2  0.8    18    16     683    (-,-) 
  g10539/Y                     -       B->Y   F     NAND2X1        1  0.8    18    18     701    (-,-) 
  g845/Y                       -       B->Y   R     NOR2X2         3  0.9    14    15     716    (-,-) 
  g78/Y                        -       A1N->Y R     OAI2BB1XL      1  0.6    14    24     740    (-,-) 
  g83/Y                        -       B->Y   F     XNOR2XL        2  0.6    10    29     769    (-,-) 
  g10419/Y                     -       B->Y   R     NAND2X1        1  1.0    12    11     780    (-,-) 
  g25/Y                        -       B->Y   F     NOR2X2         3  1.3    10    11     791    (-,-) 
  g10209/Y                     -       B->Y   F     CLKAND2X2      1  3.5    17    30     821    (-,-) 
  g10208/Y                     -       A->Y   R     NOR2X8         3 17.1    38    30     851    (-,-) 
  g10207/Y                     -       A->Y   F     CLKINVX12      1 50.0    41    31     881    (-,-) 
  R[15]                        -       -      F     (port)         -    -     -     0     881    (-,-) 
#------------------------------------------------------------------------------------------------------



Path 7: VIOLATED (-130 ps) Late External Delay Assertion at pin R[9]
          Group: vclk
     Startpoint: (R) Conf_Bit_Mask[5]
          Clock: (R) vclk
       Endpoint: (F) R[9]
          Clock: (R) vclk

                     Capture       Launch     
        Clock Edge:+    1000            0     
        Drv Adjust:+       0            0     
       Src Latency:+       0            0     
       Net Latency:+       0 (I)        0 (I) 
           Arrival:=    1000            0     
                                              
      Output Delay:-     200                  
       Uncertainty:-      50                  
     Required Time:=     750                  
      Launch Clock:-       0                  
       Input Delay:-     200                  
         Data Path:-     680                  
             Slack:=    -130                  

Exceptions/Constraints:
  input_delay              200             fplns_Fixed8.sdc_line_14_16_1 
  output_delay             200             fplns_Fixed8.sdc_line_15_26_1 

#------------------------------------------------------------------------------------------------------
#        Timing Point          Flags    Arc   Edge   Cell     Fanout Load Trans Delay Arrival Instance 
#                                                                    (fF)  (ps)  (ps)   (ps)  Location 
#------------------------------------------------------------------------------------------------------
  Conf_Bit_Mask[5]             -       -      R     (arrival)      4  3.8     0     0     200    (-,-) 
  m_uint/m_core/g16835/Y       -       A->Y   F     CLKINVX4       2  2.0     5     7     207    (-,-) 
  m_uint/m_core/g17095/Y       -       B->Y   R     NOR2X4         3  2.0    12    12     218    (-,-) 
  m_uint/m_core/g154/Y         -       A->Y   F     INVX1          1  0.5     6     9     228    (-,-) 
  m_uint/m_core/g697/Y         -       A->Y   R     NOR3X1         1  0.5    23    25     252    (-,-) 
  m_uint/m_core/g694/Y         -       A->Y   F     NOR2X1         1  0.8    13    16     268    (-,-) 
  m_uint/m_core/g693/Y         -       B->Y   R     NAND2X2        1  1.0    11    10     278    (-,-) 
  m_uint/m_core/g692/Y         -       B->Y   F     NOR2X2         2  1.0    10    10     288    (-,-) 
  m_uint/m_core/g16984/Y       -       A->Y   R     INVX2          3  2.4    11    11     299    (-,-) 
  m_uint/m_core/g17366/Y       -       B->Y   F     NAND2BX2       6  3.0    27    21     320    (-,-) 
  m_uint/m_core/g242/Y         -       A->Y   R     NAND2X2        2  1.3    13    15     336    (-,-) 
  m_uint/m_core/g241/Y         -       B->Y   F     XNOR3XL        3  0.9    12    49     384    (-,-) 
  m_uint/m_core/g268/Y         -       B->Y   R     NOR2XL         1  0.3    14    14     398    (-,-) 
  m_uint/m_core/g165/Y         -       A1N->Y R     AOI2BB1X1      1  1.0    20    25     423    (-,-) 
  m_uint/m_core/g16672/Y       -       A->Y   F     NAND2X2        3  1.1    16    18     442    (-,-) 
  m_uint/m_core/g16888/Y       -       B->Y   R     NAND2X1        3  1.1    13    13     455    (-,-) 
  m_uint/m_core/g40/Y          -       B->Y   F     NAND2BX1       2  0.6    15    15     470    (-,-) 
  m_uint/m_core/g14983__1705/Y -       A1N->Y F     AOI2BB1X1      3  0.8    11    30     500    (-,-) 
  m_uint/m_core/g14978/Y       -       A->Y   R     INVX1          6  2.2    18    15     515    (-,-) 
  m_uint/m_core/g38/Y          -       B->Y   R     OR2X1          2  0.6     7    18     534    (-,-) 
  m_uint/m_core/g17244/Y       -       AN->Y  R     NOR2BX1        1  0.9    20    25     559    (-,-) 
  m_uint/m_core/g17008/Y       -       B->Y   F     NAND2X2        2  1.3    17    18     576    (-,-) 
  m_uint/m_core/g16801/Y       -       A->Y   R     INVX2          8  2.6    13    13     590    (-,-) 
  m_uint/m_core/g166/Y         -       B->Y   F     NAND2XL        1  0.4    16    15     605    (-,-) 
  m_uint/m_core/g105/Y         -       A->Y   R     NAND2X1        1  0.6    11    13     618    (-,-) 
  m_uint/m_core/g16791/Y       -       B->Y   F     CLKXOR2X1      5  1.5    14    41     658    (-,-) 
  g10243/Y                     -       A->Y   R     NOR2X1         3  0.9    21    19     677    (-,-) 
  g10245/Y                     -       B->Y   F     NAND2XL        1  0.3    14    17     694    (-,-) 
  g62/Y                        -       A0->Y  R     OAI21XL        2  0.9    32    28     722    (-,-) 
  g10119/Y                     -       A->Y   F     XNOR2X1        4  1.1    12    49     771    (-,-) 
  g10506/Y                     -       AN->Y  F     NOR2BX1        1  0.3     8    19     790    (-,-) 
  g10130/Y                     -       A->Y   R     NAND2XL        1  0.6    12    12     801    (-,-) 
  g79/Y                        -       B->Y   F     CLKXOR2X1      1  1.7    15    42     843    (-,-) 
  g46/Y                        -       A->Y   F     BUFX16         1 50.0    32    38     880    (-,-) 
  R[9]                         -       -      F     (port)         -    -     -     0     880    (-,-) 
#------------------------------------------------------------------------------------------------------



Path 8: VIOLATED (-128 ps) Late External Delay Assertion at pin R[8]
          Group: vclk
     Startpoint: (F) B[5]
          Clock: (R) vclk
       Endpoint: (F) R[8]
          Clock: (R) vclk

                     Capture       Launch     
        Clock Edge:+    1000            0     
        Drv Adjust:+       0            0     
       Src Latency:+       0            0     
       Net Latency:+       0 (I)        0 (I) 
           Arrival:=    1000            0     
                                              
      Output Delay:-     200                  
       Uncertainty:-      50                  
     Required Time:=     750                  
      Launch Clock:-       0                  
       Input Delay:-     200                  
         Data Path:-     678                  
             Slack:=    -128                  

Exceptions/Constraints:
  input_delay              200             fplns_Fixed8.sdc_line_14_10_1 
  output_delay             200             fplns_Fixed8.sdc_line_15_27_1 

#----------------------------------------------------------------------------------------------------
#       Timing Point         Flags    Arc   Edge   Cell     Fanout Load Trans Delay Arrival Instance 
#                                                                  (fF)  (ps)  (ps)   (ps)  Location 
#----------------------------------------------------------------------------------------------------
  B[5]                       -       -      F     (arrival)      6  7.1     0     0     200    (-,-) 
  g71/Y                      -       A->Y   R     NOR2X6         1  2.0    10    13     213    (-,-) 
  g10459/Y                   -       A->Y   F     NAND2X4        1  1.7    13    15     228    (-,-) 
  g10382/Y                   -       A1->Y  R     OAI21X4        1  2.8    20    18     246    (-,-) 
  g10374/Y                   -       B->Y   F     NAND2X6        6  3.0    17    16     263    (-,-) 
  m_uint/m_core/g16751/Y     -       A->Y   R     INVX2          3  1.5     9    11     274    (-,-) 
  m_uint/m_core/g16750/Y     -       B->Y   F     NAND2X2        3  1.1    14    14     288    (-,-) 
  m_uint/m_core/g17141/Y     -       C->Y   R     NOR3BX1        2  0.6    25    20     308    (-,-) 
  m_uint/m_core/g16997_dup/Y -       AN->Y  R     NAND2BXL       1  0.5    11    19     326    (-,-) 
  m_uint/m_core/g17143/Y     -       B->Y   F     NAND2X1        2  1.0    19    17     344    (-,-) 
  m_uint/m_core/g1356/Y      -       A->Y   F     BUFX2          1  0.9     7    24     368    (-,-) 
  m_uint/m_core/g16941/Y     -       A0->Y  R     OAI21X2        3  1.1    18    18     386    (-,-) 
  m_uint/m_core/g268/Y       -       A->Y   F     NOR2XL         1  0.2     9    13     400    (-,-) 
  m_uint/m_core/g165/Y       -       A1N->Y F     AOI2BB1X1      1  0.9    12    29     429    (-,-) 
  m_uint/m_core/g16672/Y     -       A->Y   R     NAND2X2        3  1.3    10    11     440    (-,-) 
  m_uint/m_core/g170/Y       -       A1->Y  F     AOI21XL        2  0.6    23    21     461    (-,-) 
  m_uint/m_core/g169/Y       -       B->Y   R     NOR2X1         1  1.9    33    27     488    (-,-) 
  m_uint/m_core/g126/Y       -       B->Y   F     NOR2X4         8  2.4    13    15     503    (-,-) 
  m_uint/m_core/fopt16976/Y  -       A->Y   R     INVXL          1  0.3     7    10     512    (-,-) 
  m_uint/m_core/g17024/Y     -       A1N->Y R     OAI2BB1X1      2  1.2    16    28     540    (-,-) 
  m_uint/m_core/g17317/Y     -       A1->Y  F     AOI21X2        2  0.6    16    18     559    (-,-) 
  m_uint/m_core/g17028/Y     -       B->Y   R     NOR2X1         1  0.5    14    15     574    (-,-) 
  m_uint/m_core/g48/Y        -       B0->Y  F     AOI21X1        2  0.4    18    10     584    (-,-) 
  m_uint/m_core/g16647/Y     -       C->Y   R     NAND3XL        1  0.5    14    14     598    (-,-) 
  m_uint/m_core/g16733/Y     -       B->Y   F     NAND3X1        2  0.4    21    23     621    (-,-) 
  g98/Y                      -       B->Y   F     OR2XL          1  0.4     7    25     646    (-,-) 
  g10582/Y                   -       B->Y   R     NOR2BX1        2  0.8    17    14     660    (-,-) 
  g10580/Y                   -       B->Y   F     NOR2XL         1  0.5    13    12     672    (-,-) 
  g126/Y                     -       B->Y   R     CLKXOR2X1      2  1.2    12    32     704    (-,-) 
  g10545/Y                   -       B->Y   F     NAND2X2        3  1.5    17    16     720    (-,-) 
  g10544/Y                   -       B->Y   R     NOR2X2         1  0.9    14    14     734    (-,-) 
  g10542/Y                   -       B->Y   F     NAND2X2        1  0.9    14    14     749    (-,-) 
  g10400/Y                   -       A->Y   R     NOR2X2         2  1.0    14    16     765    (-,-) 
  g10403/Y                   -       B->Y   F     NAND2X1        3  0.9    18    18     782    (-,-) 
  g9668__7098/Y              -       B->Y   R     NOR2BXL        1  0.6    21    19     802    (-,-) 
  g9658__1617/Y              -       B->Y   R     XNOR2X1        1  3.8    30    39     841    (-,-) 
  g9657/Y                    -       A->Y   F     CLKINVX8       1 50.0    55    37     878    (-,-) 
  R[8]                       -       -      F     (port)         -    -     -     0     878    (-,-) 
#----------------------------------------------------------------------------------------------------



Path 9: VIOLATED (-121 ps) Late External Delay Assertion at pin R[5]
          Group: vclk
     Startpoint: (F) B[5]
          Clock: (R) vclk
       Endpoint: (F) R[5]
          Clock: (R) vclk

                     Capture       Launch     
        Clock Edge:+    1000            0     
        Drv Adjust:+       0            0     
       Src Latency:+       0            0     
       Net Latency:+       0 (I)        0 (I) 
           Arrival:=    1000            0     
                                              
      Output Delay:-     200                  
       Uncertainty:-      50                  
     Required Time:=     750                  
      Launch Clock:-       0                  
       Input Delay:-     200                  
         Data Path:-     671                  
             Slack:=    -121                  

Exceptions/Constraints:
  input_delay              200             fplns_Fixed8.sdc_line_14_10_1 
  output_delay             200             fplns_Fixed8.sdc_line_15_30_1 

#----------------------------------------------------------------------------------------------------
#       Timing Point         Flags    Arc   Edge   Cell     Fanout Load Trans Delay Arrival Instance 
#                                                                  (fF)  (ps)  (ps)   (ps)  Location 
#----------------------------------------------------------------------------------------------------
  B[5]                       -       -      F     (arrival)      6  7.1     0     0     200    (-,-) 
  g71/Y                      -       A->Y   R     NOR2X6         1  2.0    10    13     213    (-,-) 
  g10459/Y                   -       A->Y   F     NAND2X4        1  1.7    13    15     228    (-,-) 
  g10382/Y                   -       A1->Y  R     OAI21X4        1  2.8    20    18     246    (-,-) 
  g10374/Y                   -       B->Y   F     NAND2X6        6  3.0    17    16     263    (-,-) 
  m_uint/m_core/g16751/Y     -       A->Y   R     INVX2          3  1.5     9    11     274    (-,-) 
  m_uint/m_core/g16750/Y     -       B->Y   F     NAND2X2        3  1.1    14    14     288    (-,-) 
  m_uint/m_core/g17141/Y     -       C->Y   R     NOR3BX1        2  0.6    25    20     308    (-,-) 
  m_uint/m_core/g16997_dup/Y -       AN->Y  R     NAND2BXL       1  0.5    11    19     326    (-,-) 
  m_uint/m_core/g17143/Y     -       B->Y   F     NAND2X1        2  1.0    19    17     344    (-,-) 
  m_uint/m_core/g1356/Y      -       A->Y   F     BUFX2          1  0.9     7    24     368    (-,-) 
  m_uint/m_core/g16941/Y     -       A0->Y  R     OAI21X2        3  1.1    18    18     386    (-,-) 
  m_uint/m_core/g268/Y       -       A->Y   F     NOR2XL         1  0.2     9    13     400    (-,-) 
  m_uint/m_core/g165/Y       -       A1N->Y F     AOI2BB1X1      1  0.9    12    29     429    (-,-) 
  m_uint/m_core/g16672/Y     -       A->Y   R     NAND2X2        3  1.3    10    11     440    (-,-) 
  m_uint/m_core/g170/Y       -       A1->Y  F     AOI21XL        2  0.6    23    21     461    (-,-) 
  m_uint/m_core/g169/Y       -       B->Y   R     NOR2X1         1  1.9    33    27     488    (-,-) 
  m_uint/m_core/g126/Y       -       B->Y   F     NOR2X4         8  2.4    13    15     503    (-,-) 
  m_uint/m_core/fopt16976/Y  -       A->Y   R     INVXL          1  0.3     7    10     512    (-,-) 
  m_uint/m_core/g17024/Y     -       A1N->Y R     OAI2BB1X1      2  1.2    16    28     540    (-,-) 
  m_uint/m_core/g17317/Y     -       A1->Y  F     AOI21X2        2  0.6    16    18     559    (-,-) 
  m_uint/m_core/g17028/Y     -       B->Y   R     NOR2X1         1  0.5    14    15     574    (-,-) 
  m_uint/m_core/g48/Y        -       B0->Y  F     AOI21X1        2  0.4    18    10     584    (-,-) 
  m_uint/m_core/g16647/Y     -       C->Y   R     NAND3XL        1  0.5    14    14     598    (-,-) 
  m_uint/m_core/g16733/Y     -       B->Y   F     NAND3X1        2  0.4    21    23     621    (-,-) 
  g98/Y                      -       B->Y   F     OR2XL          1  0.4     7    25     646    (-,-) 
  g10582/Y                   -       B->Y   R     NOR2BX1        2  0.8    17    14     660    (-,-) 
  g10580/Y                   -       B->Y   F     NOR2XL         1  0.5    13    12     672    (-,-) 
  g126/Y                     -       B->Y   R     CLKXOR2X1      2  1.2    12    32     704    (-,-) 
  g10545/Y                   -       B->Y   F     NAND2X2        3  1.5    17    16     720    (-,-) 
  g178/Y                     -       B->Y   R     NOR2X1         2  0.6    16    16     736    (-,-) 
  g10503/Y                   -       B->Y   R     CLKAND2X2      2  1.4     9    26     762    (-,-) 
  g10498/Y                   -       B->Y   F     NAND2X2        4  1.1    14    14     776    (-,-) 
  g8/Y                       -       B->Y   F     OR2XL          2  0.4     7    24     799    (-,-) 
  g49/Y                      -       B->Y   R     NOR2XL         1  0.5    18    14     814    (-,-) 
  g53/Y                      -       AN->Y  R     NAND2BX4       1  5.7    20    30     844    (-,-) 
  g9651/Y                    -       A->Y   F     CLKINVX12      1 50.0    38    27     871    (-,-) 
  R[5]                       -       -      F     (port)         -    -     -     0     871    (-,-) 
#----------------------------------------------------------------------------------------------------



Path 10: VIOLATED (-118 ps) Late External Delay Assertion at pin R[6]
          Group: vclk
     Startpoint: (F) B[5]
          Clock: (R) vclk
       Endpoint: (R) R[6]
          Clock: (R) vclk

                     Capture       Launch     
        Clock Edge:+    1000            0     
        Drv Adjust:+       0            0     
       Src Latency:+       0            0     
       Net Latency:+       0 (I)        0 (I) 
           Arrival:=    1000            0     
                                              
      Output Delay:-     200                  
       Uncertainty:-      50                  
     Required Time:=     750                  
      Launch Clock:-       0                  
       Input Delay:-     200                  
         Data Path:-     668                  
             Slack:=    -118                  

Exceptions/Constraints:
  input_delay              200             fplns_Fixed8.sdc_line_14_10_1 
  output_delay             200             fplns_Fixed8.sdc_line_15_29_1 

#----------------------------------------------------------------------------------------------------
#       Timing Point         Flags    Arc   Edge   Cell     Fanout Load Trans Delay Arrival Instance 
#                                                                  (fF)  (ps)  (ps)   (ps)  Location 
#----------------------------------------------------------------------------------------------------
  B[5]                       -       -      F     (arrival)      6  7.1     0     0     200    (-,-) 
  g71/Y                      -       A->Y   R     NOR2X6         1  2.0    10    13     213    (-,-) 
  g10459/Y                   -       A->Y   F     NAND2X4        1  1.7    13    15     228    (-,-) 
  g10382/Y                   -       A1->Y  R     OAI21X4        1  2.8    20    18     246    (-,-) 
  g10374/Y                   -       B->Y   F     NAND2X6        6  3.0    17    16     263    (-,-) 
  m_uint/m_core/g16751/Y     -       A->Y   R     INVX2          3  1.5     9    11     274    (-,-) 
  m_uint/m_core/g16750/Y     -       B->Y   F     NAND2X2        3  1.1    14    14     288    (-,-) 
  m_uint/m_core/g17141/Y     -       C->Y   R     NOR3BX1        2  0.6    25    20     308    (-,-) 
  m_uint/m_core/g16997_dup/Y -       AN->Y  R     NAND2BXL       1  0.5    11    19     326    (-,-) 
  m_uint/m_core/g17143/Y     -       B->Y   F     NAND2X1        2  1.0    19    17     344    (-,-) 
  m_uint/m_core/g1356/Y      -       A->Y   F     BUFX2          1  0.9     7    24     368    (-,-) 
  m_uint/m_core/g16941/Y     -       A0->Y  R     OAI21X2        3  1.1    18    18     386    (-,-) 
  m_uint/m_core/g268/Y       -       A->Y   F     NOR2XL         1  0.2     9    13     400    (-,-) 
  m_uint/m_core/g165/Y       -       A1N->Y F     AOI2BB1X1      1  0.9    12    29     429    (-,-) 
  m_uint/m_core/g16672/Y     -       A->Y   R     NAND2X2        3  1.3    10    11     440    (-,-) 
  m_uint/m_core/g170/Y       -       A1->Y  F     AOI21XL        2  0.6    23    21     461    (-,-) 
  m_uint/m_core/g169/Y       -       B->Y   R     NOR2X1         1  1.9    33    27     488    (-,-) 
  m_uint/m_core/g126/Y       -       B->Y   F     NOR2X4         8  2.4    13    15     503    (-,-) 
  m_uint/m_core/fopt16976/Y  -       A->Y   R     INVXL          1  0.3     7    10     512    (-,-) 
  m_uint/m_core/g17024/Y     -       A1N->Y R     OAI2BB1X1      2  1.2    16    28     540    (-,-) 
  m_uint/m_core/g17317/Y     -       A1->Y  F     AOI21X2        2  0.6    16    18     559    (-,-) 
  m_uint/m_core/g17028/Y     -       B->Y   R     NOR2X1         1  0.5    14    15     574    (-,-) 
  m_uint/m_core/g48/Y        -       B0->Y  F     AOI21X1        2  0.4    18    10     584    (-,-) 
  m_uint/m_core/g16647/Y     -       C->Y   R     NAND3XL        1  0.5    14    14     598    (-,-) 
  m_uint/m_core/g16733/Y     -       B->Y   F     NAND3X1        2  0.4    21    23     621    (-,-) 
  g98/Y                      -       B->Y   F     OR2XL          1  0.4     7    25     646    (-,-) 
  g10582/Y                   -       B->Y   R     NOR2BX1        2  0.8    17    14     660    (-,-) 
  fopt1/Y                    -       A->Y   F     INVX1          4  1.1    11    13     673    (-,-) 
  g167/Y                     -       B->Y   R     NOR2XL         2  0.6    20    17     690    (-,-) 
  g10248/Y                   -       A2->Y  F     AOI31XL        1  0.3    29    28     718    (-,-) 
  g10272/Y                   -       AN->Y  F     NAND2BX1       2  0.6    16    27     744    (-,-) 
  g10273/Y                   -       A->Y   R     INVXL          3  0.9    14    14     759    (-,-) 
  g50/Y                      -       AN->Y  R     NAND2BX1       2  0.6    10    19     778    (-,-) 
  g187/Y                     -       A->Y   F     NOR2XL         1  0.5    11    12     790    (-,-) 
  g10121/Y                   -       B->Y   R     XNOR2X1        1  1.9    17    40     830    (-,-) 
  fopt10472/Y                -       A->Y   R     BUFX16         1 50.0    30    38     868    (-,-) 
  R[6]                       -       -      R     (port)         -    -     -     0     868    (-,-) 
#----------------------------------------------------------------------------------------------------



Path 11: VIOLATED (-112 ps) Late External Delay Assertion at pin R[3]
          Group: vclk
     Startpoint: (F) B[5]
          Clock: (R) vclk
       Endpoint: (R) R[3]
          Clock: (R) vclk

                     Capture       Launch     
        Clock Edge:+    1000            0     
        Drv Adjust:+       0            0     
       Src Latency:+       0            0     
       Net Latency:+       0 (I)        0 (I) 
           Arrival:=    1000            0     
                                              
      Output Delay:-     200                  
       Uncertainty:-      50                  
     Required Time:=     750                  
      Launch Clock:-       0                  
       Input Delay:-     200                  
         Data Path:-     662                  
             Slack:=    -112                  

Exceptions/Constraints:
  input_delay              200             fplns_Fixed8.sdc_line_14_10_1 
  output_delay             200             fplns_Fixed8.sdc_line_15_32_1 

#----------------------------------------------------------------------------------------------------
#       Timing Point         Flags    Arc   Edge   Cell     Fanout Load Trans Delay Arrival Instance 
#                                                                  (fF)  (ps)  (ps)   (ps)  Location 
#----------------------------------------------------------------------------------------------------
  B[5]                       -       -      F     (arrival)      6  7.1     0     0     200    (-,-) 
  g71/Y                      -       A->Y   R     NOR2X6         1  2.0    10    13     213    (-,-) 
  g10459/Y                   -       A->Y   F     NAND2X4        1  1.7    13    15     228    (-,-) 
  g10382/Y                   -       A1->Y  R     OAI21X4        1  2.8    20    18     246    (-,-) 
  g10374/Y                   -       B->Y   F     NAND2X6        6  3.0    17    16     263    (-,-) 
  m_uint/m_core/g16751/Y     -       A->Y   R     INVX2          3  1.5     9    11     274    (-,-) 
  m_uint/m_core/g16750/Y     -       B->Y   F     NAND2X2        3  1.1    14    14     288    (-,-) 
  m_uint/m_core/g17141/Y     -       C->Y   R     NOR3BX1        2  0.6    25    20     308    (-,-) 
  m_uint/m_core/g16997_dup/Y -       AN->Y  R     NAND2BXL       1  0.5    11    19     326    (-,-) 
  m_uint/m_core/g17143/Y     -       B->Y   F     NAND2X1        2  1.0    19    17     344    (-,-) 
  m_uint/m_core/g1356/Y      -       A->Y   F     BUFX2          1  0.9     7    24     368    (-,-) 
  m_uint/m_core/g16941/Y     -       A0->Y  R     OAI21X2        3  1.1    18    18     386    (-,-) 
  m_uint/m_core/g268/Y       -       A->Y   F     NOR2XL         1  0.2     9    13     400    (-,-) 
  m_uint/m_core/g165/Y       -       A1N->Y F     AOI2BB1X1      1  0.9    12    29     429    (-,-) 
  m_uint/m_core/g16672/Y     -       A->Y   R     NAND2X2        3  1.3    10    11     440    (-,-) 
  m_uint/m_core/g170/Y       -       A1->Y  F     AOI21XL        2  0.6    23    21     461    (-,-) 
  m_uint/m_core/g169/Y       -       B->Y   R     NOR2X1         1  1.9    33    27     488    (-,-) 
  m_uint/m_core/g126/Y       -       B->Y   F     NOR2X4         8  2.4    13    15     503    (-,-) 
  m_uint/m_core/fopt16976/Y  -       A->Y   R     INVXL          1  0.3     7    10     512    (-,-) 
  m_uint/m_core/g17024/Y     -       A1N->Y R     OAI2BB1X1      2  1.2    16    28     540    (-,-) 
  m_uint/m_core/g17317/Y     -       A1->Y  F     AOI21X2        2  0.6    16    18     559    (-,-) 
  m_uint/m_core/g17028/Y     -       B->Y   R     NOR2X1         1  0.5    14    15     574    (-,-) 
  m_uint/m_core/g48/Y        -       B0->Y  F     AOI21X1        2  0.4    18    10     584    (-,-) 
  m_uint/m_core/g16647/Y     -       C->Y   R     NAND3XL        1  0.5    14    14     598    (-,-) 
  m_uint/m_core/g16733/Y     -       B->Y   F     NAND3X1        2  0.4    21    23     621    (-,-) 
  g98/Y                      -       B->Y   F     OR2XL          1  0.4     7    25     646    (-,-) 
  g10582/Y                   -       B->Y   R     NOR2BX1        2  0.8    17    14     660    (-,-) 
  fopt1/Y                    -       A->Y   F     INVX1          4  1.1    11    13     673    (-,-) 
  fopt10631/Y                -       A->Y   R     INVXL          1  0.3     6     9     682    (-,-) 
  g359/Y                     -       B->Y   F     NAND2XL        2  0.4    15    13     694    (-,-) 
  g39/Y                      -       B->Y   R     NAND2XL        1  0.3    10    11     705    (-,-) 
  g10297/Y                   -       B->Y   F     NAND2XL        2  0.6    19    16     722    (-,-) 
  g2/Y                       -       B->Y   F     AND2XL         2  0.6     9    19     740    (-,-) 
  g10503/Y                   -       A->Y   F     CLKAND2X2      2  1.2     9    28     769    (-,-) 
  fopt10218/Y                -       A->Y   R     INVX1          2  1.5    12    12     781    (-,-) 
  g129/Y                     -       B->Y   F     CLKXOR2X1      1  3.3    26    47     828    (-,-) 
  g9661/Y                    -       A->Y   R     CLKINVX8       1 50.0    50    34     862    (-,-) 
  R[3]                       -       -      R     (port)         -    -     -     0     862    (-,-) 
#----------------------------------------------------------------------------------------------------



Path 12: VIOLATED (-111 ps) Late External Delay Assertion at pin R[7]
          Group: vclk
     Startpoint: (R) Conf_Bit_Mask[5]
          Clock: (R) vclk
       Endpoint: (R) R[7]
          Clock: (R) vclk

                     Capture       Launch     
        Clock Edge:+    1000            0     
        Drv Adjust:+       0            0     
       Src Latency:+       0            0     
       Net Latency:+       0 (I)        0 (I) 
           Arrival:=    1000            0     
                                              
      Output Delay:-     200                  
       Uncertainty:-      50                  
     Required Time:=     750                  
      Launch Clock:-       0                  
       Input Delay:-     200                  
         Data Path:-     661                  
             Slack:=    -111                  

Exceptions/Constraints:
  input_delay              200             fplns_Fixed8.sdc_line_14_16_1 
  output_delay             200             fplns_Fixed8.sdc_line_15_28_1 

#------------------------------------------------------------------------------------------------------
#        Timing Point          Flags    Arc   Edge   Cell     Fanout Load Trans Delay Arrival Instance 
#                                                                    (fF)  (ps)  (ps)   (ps)  Location 
#------------------------------------------------------------------------------------------------------
  Conf_Bit_Mask[5]             -       -      R     (arrival)      4  3.8     0     0     200    (-,-) 
  m_uint/m_core/g16835/Y       -       A->Y   F     CLKINVX4       2  2.0     5     7     207    (-,-) 
  m_uint/m_core/g17095/Y       -       B->Y   R     NOR2X4         3  2.0    12    12     218    (-,-) 
  m_uint/m_core/g154/Y         -       A->Y   F     INVX1          1  0.5     6     9     228    (-,-) 
  m_uint/m_core/g697/Y         -       A->Y   R     NOR3X1         1  0.5    23    25     252    (-,-) 
  m_uint/m_core/g694/Y         -       A->Y   F     NOR2X1         1  0.8    13    16     268    (-,-) 
  m_uint/m_core/g693/Y         -       B->Y   R     NAND2X2        1  1.0    11    10     278    (-,-) 
  m_uint/m_core/g692/Y         -       B->Y   F     NOR2X2         2  1.0    10    10     288    (-,-) 
  m_uint/m_core/g16984/Y       -       A->Y   R     INVX2          3  2.4    11    11     299    (-,-) 
  m_uint/m_core/g17366/Y       -       B->Y   F     NAND2BX2       6  3.0    27    21     320    (-,-) 
  m_uint/m_core/g242/Y         -       A->Y   R     NAND2X2        2  1.3    13    15     336    (-,-) 
  m_uint/m_core/g241/Y         -       B->Y   F     XNOR3XL        3  0.9    12    49     384    (-,-) 
  m_uint/m_core/g268/Y         -       B->Y   R     NOR2XL         1  0.3    14    14     398    (-,-) 
  m_uint/m_core/g165/Y         -       A1N->Y R     AOI2BB1X1      1  1.0    20    25     423    (-,-) 
  m_uint/m_core/g16672/Y       -       A->Y   F     NAND2X2        3  1.1    16    18     442    (-,-) 
  m_uint/m_core/g16888/Y       -       B->Y   R     NAND2X1        3  1.1    13    13     455    (-,-) 
  m_uint/m_core/g40/Y          -       B->Y   F     NAND2BX1       2  0.6    15    15     470    (-,-) 
  m_uint/m_core/g14983__1705/Y -       A1N->Y F     AOI2BB1X1      3  0.8    11    30     500    (-,-) 
  m_uint/m_core/g14978/Y       -       A->Y   R     INVX1          6  2.2    18    15     515    (-,-) 
  m_uint/m_core/g38/Y          -       B->Y   R     OR2X1          2  0.6     7    18     534    (-,-) 
  m_uint/m_core/g17244/Y       -       AN->Y  R     NOR2BX1        1  0.9    20    25     559    (-,-) 
  m_uint/m_core/g17008/Y       -       B->Y   F     NAND2X2        2  1.3    17    18     576    (-,-) 
  m_uint/m_core/g16801/Y       -       A->Y   R     INVX2          8  2.6    13    13     590    (-,-) 
  m_uint/m_core/g166/Y         -       B->Y   F     NAND2XL        1  0.4    16    15     605    (-,-) 
  m_uint/m_core/g105/Y         -       A->Y   R     NAND2X1        1  0.6    11    13     618    (-,-) 
  m_uint/m_core/g16791/Y       -       B->Y   F     CLKXOR2X1      5  1.5    14    41     658    (-,-) 
  g241/Y                       -       A->Y   F     OR2XL          1  0.3     6    26     684    (-,-) 
  g237/Y                       -       B->Y   R     NOR3XL         1  0.5    29    25     709    (-,-) 
  g10355/Y                     -       B->Y   F     NOR2X1         2  0.9    14    17     726    (-,-) 
  g10356/Y                     -       B->Y   R     NOR2X1         1  0.3    11    13     739    (-,-) 
  g10402/Y                     -       AN->Y  R     NAND2BX1       1  1.0    12    20     759    (-,-) 
  g10400/Y                     -       B->Y   F     NOR2X2         2  0.8     8    10     768    (-,-) 
  g10403/Y                     -       B->Y   R     NAND2X1        3  1.2    13    11     780    (-,-) 
  g9666__5122/Y                -       B->Y   F     CLKXOR2X2      1  5.0    26    54     834    (-,-) 
  g9660/Y                      -       A->Y   R     CLKINVX12      1 50.0    36    27     861    (-,-) 
  R[7]                         -       -      R     (port)         -    -     -     0     861    (-,-) 
#------------------------------------------------------------------------------------------------------



Path 13: VIOLATED (-107 ps) Late External Delay Assertion at pin R[4]
          Group: vclk
     Startpoint: (F) B[5]
          Clock: (R) vclk
       Endpoint: (F) R[4]
          Clock: (R) vclk

                     Capture       Launch     
        Clock Edge:+    1000            0     
        Drv Adjust:+       0            0     
       Src Latency:+       0            0     
       Net Latency:+       0 (I)        0 (I) 
           Arrival:=    1000            0     
                                              
      Output Delay:-     200                  
       Uncertainty:-      50                  
     Required Time:=     750                  
      Launch Clock:-       0                  
       Input Delay:-     200                  
         Data Path:-     657                  
             Slack:=    -107                  

Exceptions/Constraints:
  input_delay              200             fplns_Fixed8.sdc_line_14_10_1 
  output_delay             200             fplns_Fixed8.sdc_line_15_31_1 

#----------------------------------------------------------------------------------------------------
#       Timing Point         Flags    Arc   Edge   Cell     Fanout Load Trans Delay Arrival Instance 
#                                                                  (fF)  (ps)  (ps)   (ps)  Location 
#----------------------------------------------------------------------------------------------------
  B[5]                       -       -      F     (arrival)      6  7.1     0     0     200    (-,-) 
  g71/Y                      -       A->Y   R     NOR2X6         1  2.0    10    13     213    (-,-) 
  g10459/Y                   -       A->Y   F     NAND2X4        1  1.7    13    15     228    (-,-) 
  g10382/Y                   -       A1->Y  R     OAI21X4        1  2.8    20    18     246    (-,-) 
  g10374/Y                   -       B->Y   F     NAND2X6        6  3.0    17    16     263    (-,-) 
  m_uint/m_core/g16751/Y     -       A->Y   R     INVX2          3  1.5     9    11     274    (-,-) 
  m_uint/m_core/g16750/Y     -       B->Y   F     NAND2X2        3  1.1    14    14     288    (-,-) 
  m_uint/m_core/g17141/Y     -       C->Y   R     NOR3BX1        2  0.6    25    20     308    (-,-) 
  m_uint/m_core/g16997_dup/Y -       AN->Y  R     NAND2BXL       1  0.5    11    19     326    (-,-) 
  m_uint/m_core/g17143/Y     -       B->Y   F     NAND2X1        2  1.0    19    17     344    (-,-) 
  m_uint/m_core/g1356/Y      -       A->Y   F     BUFX2          1  0.9     7    24     368    (-,-) 
  m_uint/m_core/g16941/Y     -       A0->Y  R     OAI21X2        3  1.1    18    18     386    (-,-) 
  m_uint/m_core/g268/Y       -       A->Y   F     NOR2XL         1  0.2     9    13     400    (-,-) 
  m_uint/m_core/g165/Y       -       A1N->Y F     AOI2BB1X1      1  0.9    12    29     429    (-,-) 
  m_uint/m_core/g16672/Y     -       A->Y   R     NAND2X2        3  1.3    10    11     440    (-,-) 
  m_uint/m_core/g170/Y       -       A1->Y  F     AOI21XL        2  0.6    23    21     461    (-,-) 
  m_uint/m_core/g169/Y       -       B->Y   R     NOR2X1         1  1.9    33    27     488    (-,-) 
  m_uint/m_core/g126/Y       -       B->Y   F     NOR2X4         8  2.4    13    15     503    (-,-) 
  m_uint/m_core/fopt16976/Y  -       A->Y   R     INVXL          1  0.3     7    10     512    (-,-) 
  m_uint/m_core/g17024/Y     -       A1N->Y R     OAI2BB1X1      2  1.2    16    28     540    (-,-) 
  m_uint/m_core/g17317/Y     -       A1->Y  F     AOI21X2        2  0.6    16    18     559    (-,-) 
  m_uint/m_core/g17028/Y     -       B->Y   R     NOR2X1         1  0.5    14    15     574    (-,-) 
  m_uint/m_core/g48/Y        -       B0->Y  F     AOI21X1        2  0.4    18    10     584    (-,-) 
  m_uint/m_core/g16647/Y     -       C->Y   R     NAND3XL        1  0.5    14    14     598    (-,-) 
  m_uint/m_core/g16733/Y     -       B->Y   F     NAND3X1        2  0.4    21    23     621    (-,-) 
  g98/Y                      -       B->Y   F     OR2XL          1  0.4     7    25     646    (-,-) 
  g10582/Y                   -       B->Y   R     NOR2BX1        2  0.8    17    14     660    (-,-) 
  fopt1/Y                    -       A->Y   F     INVX1          4  1.1    11    13     673    (-,-) 
  fopt10631/Y                -       A->Y   R     INVXL          1  0.3     6     9     682    (-,-) 
  g359/Y                     -       B->Y   F     NAND2XL        2  0.4    15    13     694    (-,-) 
  g39/Y                      -       B->Y   R     NAND2XL        1  0.3    10    11     705    (-,-) 
  g10297/Y                   -       B->Y   F     NAND2XL        2  0.6    19    16     722    (-,-) 
  g2/Y                       -       B->Y   F     AND2XL         2  0.6     9    19     740    (-,-) 
  g10503/Y                   -       A->Y   F     CLKAND2X2      2  1.2     9    28     769    (-,-) 
  g10498/Y                   -       B->Y   R     NAND2X2        4  1.5    10    10     779    (-,-) 
  g10508/Y                   -       B->Y   F     CLKXOR2X1      1  1.7    15    41     820    (-,-) 
  g17/Y                      -       A->Y   F     BUFX16         1 50.0    32    38     857    (-,-) 
  R[4]                       -       -      F     (port)         -    -     -     0     857    (-,-) 
#----------------------------------------------------------------------------------------------------



Path 14: VIOLATED (-88 ps) Late External Delay Assertion at pin R[2]
          Group: vclk
     Startpoint: (F) B[5]
          Clock: (R) vclk
       Endpoint: (R) R[2]
          Clock: (R) vclk

                     Capture       Launch     
        Clock Edge:+    1000            0     
        Drv Adjust:+       0            0     
       Src Latency:+       0            0     
       Net Latency:+       0 (I)        0 (I) 
           Arrival:=    1000            0     
                                              
      Output Delay:-     200                  
       Uncertainty:-      50                  
     Required Time:=     750                  
      Launch Clock:-       0                  
       Input Delay:-     200                  
         Data Path:-     638                  
             Slack:=     -88                  

Exceptions/Constraints:
  input_delay              200             fplns_Fixed8.sdc_line_14_10_1 
  output_delay             200             fplns_Fixed8.sdc_line_15_33_1 

#----------------------------------------------------------------------------------------------------
#       Timing Point         Flags    Arc   Edge   Cell     Fanout Load Trans Delay Arrival Instance 
#                                                                  (fF)  (ps)  (ps)   (ps)  Location 
#----------------------------------------------------------------------------------------------------
  B[5]                       -       -      F     (arrival)      6  7.1     0     0     200    (-,-) 
  g71/Y                      -       A->Y   R     NOR2X6         1  2.0    10    13     213    (-,-) 
  g10459/Y                   -       A->Y   F     NAND2X4        1  1.7    13    15     228    (-,-) 
  g10382/Y                   -       A1->Y  R     OAI21X4        1  2.8    20    18     246    (-,-) 
  g10374/Y                   -       B->Y   F     NAND2X6        6  3.0    17    16     263    (-,-) 
  m_uint/m_core/g16751/Y     -       A->Y   R     INVX2          3  1.5     9    11     274    (-,-) 
  m_uint/m_core/g16750/Y     -       B->Y   F     NAND2X2        3  1.1    14    14     288    (-,-) 
  m_uint/m_core/g17141/Y     -       C->Y   R     NOR3BX1        2  0.6    25    20     308    (-,-) 
  m_uint/m_core/g16997_dup/Y -       AN->Y  R     NAND2BXL       1  0.5    11    19     326    (-,-) 
  m_uint/m_core/g17143/Y     -       B->Y   F     NAND2X1        2  1.0    19    17     344    (-,-) 
  m_uint/m_core/g1356/Y      -       A->Y   F     BUFX2          1  0.9     7    24     368    (-,-) 
  m_uint/m_core/g16941/Y     -       A0->Y  R     OAI21X2        3  1.1    18    18     386    (-,-) 
  m_uint/m_core/g268/Y       -       A->Y   F     NOR2XL         1  0.2     9    13     400    (-,-) 
  m_uint/m_core/g165/Y       -       A1N->Y F     AOI2BB1X1      1  0.9    12    29     429    (-,-) 
  m_uint/m_core/g16672/Y     -       A->Y   R     NAND2X2        3  1.3    10    11     440    (-,-) 
  m_uint/m_core/g170/Y       -       A1->Y  F     AOI21XL        2  0.6    23    21     461    (-,-) 
  m_uint/m_core/g169/Y       -       B->Y   R     NOR2X1         1  1.9    33    27     488    (-,-) 
  m_uint/m_core/g126/Y       -       B->Y   F     NOR2X4         8  2.4    13    15     503    (-,-) 
  m_uint/m_core/fopt16976/Y  -       A->Y   R     INVXL          1  0.3     7    10     512    (-,-) 
  m_uint/m_core/g17024/Y     -       A1N->Y R     OAI2BB1X1      2  1.2    16    28     540    (-,-) 
  m_uint/m_core/g17317/Y     -       A1->Y  F     AOI21X2        2  0.6    16    18     559    (-,-) 
  m_uint/m_core/g17028/Y     -       B->Y   R     NOR2X1         1  0.5    14    15     574    (-,-) 
  m_uint/m_core/g48/Y        -       B0->Y  F     AOI21X1        2  0.4    18    10     584    (-,-) 
  m_uint/m_core/g16647/Y     -       C->Y   R     NAND3XL        1  0.5    14    14     598    (-,-) 
  m_uint/m_core/g16733/Y     -       B->Y   F     NAND3X1        2  0.4    21    23     621    (-,-) 
  g98/Y                      -       B->Y   F     OR2XL          1  0.4     7    25     646    (-,-) 
  g10582/Y                   -       B->Y   R     NOR2BX1        2  0.8    17    14     660    (-,-) 
  fopt1/Y                    -       A->Y   F     INVX1          4  1.1    11    13     673    (-,-) 
  fopt10631/Y                -       A->Y   R     INVXL          1  0.3     6     9     682    (-,-) 
  g359/Y                     -       B->Y   F     NAND2XL        2  0.4    15    13     694    (-,-) 
  g39/Y                      -       B->Y   R     NAND2XL        1  0.3    10    11     705    (-,-) 
  g10297/Y                   -       B->Y   F     NAND2XL        2  0.6    19    16     722    (-,-) 
  g2/Y                       -       B->Y   F     AND2XL         2  0.6     9    19     740    (-,-) 
  g10503/Y                   -       A->Y   F     CLKAND2X2      2  1.2     9    28     769    (-,-) 
  fopt10218/Y                -       A->Y   R     INVX1          2  1.5    12    12     781    (-,-) 
  g132/Y                     -       B->Y   F     NAND2BX2       1  3.3    29    23     803    (-,-) 
  g9672/Y                    -       A->Y   R     CLKINVX8       1 50.0    50    34     838    (-,-) 
  R[2]                       -       -      R     (port)         -    -     -     0     838    (-,-) 
#----------------------------------------------------------------------------------------------------



Path 15: VIOLATED (-76 ps) Late External Delay Assertion at pin R[1]
          Group: vclk
     Startpoint: (F) B[5]
          Clock: (R) vclk
       Endpoint: (F) R[1]
          Clock: (R) vclk

                     Capture       Launch     
        Clock Edge:+    1000            0     
        Drv Adjust:+       0            0     
       Src Latency:+       0            0     
       Net Latency:+       0 (I)        0 (I) 
           Arrival:=    1000            0     
                                              
      Output Delay:-     200                  
       Uncertainty:-      50                  
     Required Time:=     750                  
      Launch Clock:-       0                  
       Input Delay:-     200                  
         Data Path:-     626                  
             Slack:=     -76                  

Exceptions/Constraints:
  input_delay              200             fplns_Fixed8.sdc_line_14_10_1 
  output_delay             200             fplns_Fixed8.sdc_line_15_34_1 

#----------------------------------------------------------------------------------------------------
#       Timing Point         Flags    Arc   Edge   Cell     Fanout Load Trans Delay Arrival Instance 
#                                                                  (fF)  (ps)  (ps)   (ps)  Location 
#----------------------------------------------------------------------------------------------------
  B[5]                       -       -      F     (arrival)      6  7.1     0     0     200    (-,-) 
  g71/Y                      -       A->Y   R     NOR2X6         1  2.0    10    13     213    (-,-) 
  g10459/Y                   -       A->Y   F     NAND2X4        1  1.7    13    15     228    (-,-) 
  g10382/Y                   -       A1->Y  R     OAI21X4        1  2.8    20    18     246    (-,-) 
  g10374/Y                   -       B->Y   F     NAND2X6        6  3.0    17    16     263    (-,-) 
  m_uint/m_core/g16751/Y     -       A->Y   R     INVX2          3  1.5     9    11     274    (-,-) 
  m_uint/m_core/g16750/Y     -       B->Y   F     NAND2X2        3  1.1    14    14     288    (-,-) 
  m_uint/m_core/g17141/Y     -       C->Y   R     NOR3BX1        2  0.6    25    20     308    (-,-) 
  m_uint/m_core/g16997_dup/Y -       AN->Y  R     NAND2BXL       1  0.5    11    19     326    (-,-) 
  m_uint/m_core/g17143/Y     -       B->Y   F     NAND2X1        2  1.0    19    17     344    (-,-) 
  m_uint/m_core/g1356/Y      -       A->Y   F     BUFX2          1  0.9     7    24     368    (-,-) 
  m_uint/m_core/g16941/Y     -       A0->Y  R     OAI21X2        3  1.1    18    18     386    (-,-) 
  m_uint/m_core/g268/Y       -       A->Y   F     NOR2XL         1  0.2     9    13     400    (-,-) 
  m_uint/m_core/g165/Y       -       A1N->Y F     AOI2BB1X1      1  0.9    12    29     429    (-,-) 
  m_uint/m_core/g16672/Y     -       A->Y   R     NAND2X2        3  1.3    10    11     440    (-,-) 
  m_uint/m_core/g170/Y       -       A1->Y  F     AOI21XL        2  0.6    23    21     461    (-,-) 
  m_uint/m_core/g169/Y       -       B->Y   R     NOR2X1         1  1.9    33    27     488    (-,-) 
  m_uint/m_core/g126/Y       -       B->Y   F     NOR2X4         8  2.4    13    15     503    (-,-) 
  m_uint/m_core/fopt16976/Y  -       A->Y   R     INVXL          1  0.3     7    10     512    (-,-) 
  m_uint/m_core/g17024/Y     -       A1N->Y R     OAI2BB1X1      2  1.2    16    28     540    (-,-) 
  m_uint/m_core/g17317/Y     -       A1->Y  F     AOI21X2        2  0.6    16    18     559    (-,-) 
  m_uint/m_core/g17028/Y     -       B->Y   R     NOR2X1         1  0.5    14    15     574    (-,-) 
  m_uint/m_core/g48/Y        -       B0->Y  F     AOI21X1        2  0.4    18    10     584    (-,-) 
  m_uint/m_core/g16647/Y     -       C->Y   R     NAND3XL        1  0.5    14    14     598    (-,-) 
  m_uint/m_core/g16733/Y     -       B->Y   F     NAND3X1        2  0.4    21    23     621    (-,-) 
  g98/Y                      -       B->Y   F     OR2XL          1  0.4     7    25     646    (-,-) 
  g10582/Y                   -       B->Y   R     NOR2BX1        2  0.8    17    14     660    (-,-) 
  g10580/Y                   -       B->Y   F     NOR2XL         1  0.5    13    12     672    (-,-) 
  g126/Y                     -       B->Y   R     CLKXOR2X1      2  1.2    12    32     704    (-,-) 
  g10545/Y                   -       B->Y   F     NAND2X2        3  1.5    17    16     720    (-,-) 
  fopt10154/Y                -       A->Y   F     CLKBUFX2       1  0.5     6    23     743    (-,-) 
  g10153/Y                   -       S0->Y  F     MXI2X8         1 50.0    55    83     826    (-,-) 
  R[1]                       -       -      F     (port)         -    -     -     0     826    (-,-) 
#----------------------------------------------------------------------------------------------------



Path 16: VIOLATED (-60 ps) Late External Delay Assertion at pin R[0]
          Group: vclk
     Startpoint: (F) B[5]
          Clock: (R) vclk
       Endpoint: (R) R[0]
          Clock: (R) vclk

                     Capture       Launch     
        Clock Edge:+    1000            0     
        Drv Adjust:+       0            0     
       Src Latency:+       0            0     
       Net Latency:+       0 (I)        0 (I) 
           Arrival:=    1000            0     
                                              
      Output Delay:-     200                  
       Uncertainty:-      50                  
     Required Time:=     750                  
      Launch Clock:-       0                  
       Input Delay:-     200                  
         Data Path:-     610                  
             Slack:=     -60                  

Exceptions/Constraints:
  input_delay              200             fplns_Fixed8.sdc_line_14_10_1 
  output_delay             200             fplns_Fixed8.sdc_line_15_35_1 

#----------------------------------------------------------------------------------------------------
#       Timing Point         Flags    Arc   Edge   Cell     Fanout Load Trans Delay Arrival Instance 
#                                                                  (fF)  (ps)  (ps)   (ps)  Location 
#----------------------------------------------------------------------------------------------------
  B[5]                       -       -      F     (arrival)      6  7.1     0     0     200    (-,-) 
  g71/Y                      -       A->Y   R     NOR2X6         1  2.0    10    13     213    (-,-) 
  g10459/Y                   -       A->Y   F     NAND2X4        1  1.7    13    15     228    (-,-) 
  g10382/Y                   -       A1->Y  R     OAI21X4        1  2.8    20    18     246    (-,-) 
  g10374/Y                   -       B->Y   F     NAND2X6        6  3.0    17    16     263    (-,-) 
  m_uint/m_core/g16751/Y     -       A->Y   R     INVX2          3  1.5     9    11     274    (-,-) 
  m_uint/m_core/g16750/Y     -       B->Y   F     NAND2X2        3  1.1    14    14     288    (-,-) 
  m_uint/m_core/g17141/Y     -       C->Y   R     NOR3BX1        2  0.6    25    20     308    (-,-) 
  m_uint/m_core/g16997_dup/Y -       AN->Y  R     NAND2BXL       1  0.5    11    19     326    (-,-) 
  m_uint/m_core/g17143/Y     -       B->Y   F     NAND2X1        2  1.0    19    17     344    (-,-) 
  m_uint/m_core/g1356/Y      -       A->Y   F     BUFX2          1  0.9     7    24     368    (-,-) 
  m_uint/m_core/g16941/Y     -       A0->Y  R     OAI21X2        3  1.1    18    18     386    (-,-) 
  m_uint/m_core/g268/Y       -       A->Y   F     NOR2XL         1  0.2     9    13     400    (-,-) 
  m_uint/m_core/g165/Y       -       A1N->Y F     AOI2BB1X1      1  0.9    12    29     429    (-,-) 
  m_uint/m_core/g16672/Y     -       A->Y   R     NAND2X2        3  1.3    10    11     440    (-,-) 
  m_uint/m_core/g16888/Y     -       B->Y   F     NAND2X1        3  0.9    18    16     456    (-,-) 
  m_uint/m_core/g40/Y        -       B->Y   R     NAND2BX1       2  0.8    11    13     469    (-,-) 
  m_uint/m_core/g16887/Y     -       A->Y   F     INVX1          3  1.2    11    12     481    (-,-) 
  m_uint/m_core/g17023/Y     -       B->Y   R     NAND2X2        2  1.2    10    10     490    (-,-) 
  m_uint/m_core/g114/Y       -       B->Y   F     NAND2X2        1  0.8    13    13     503    (-,-) 
  m_uint/m_core/fopt118/Y    -       A->Y   R     INVX2          3  2.7    12    12     515    (-,-) 
  m_uint/m_core/g17318/Y     -       B->Y   F     NAND2X4       10  4.0    23    19     534    (-,-) 
  m_uint/m_core/g16570/Y     -       A->Y   R     INVX1          2  0.6     9    13     547    (-,-) 
  m_uint/m_core/fopt16568/Y  -       A->Y   F     INVXL          2  0.7    10    10     557    (-,-) 
  m_uint/m_core/g65/Y        -       A0->Y  R     AOI21X1        1  0.3    15    18     575    (-,-) 
  m_uint/m_core/g17344/Y     -       B->Y   F     NOR2XL         1  0.4    10    11     586    (-,-) 
  m_uint/m_core/g142/Y       -       B0->Y  R     AOI21X1        1  0.5    16    16     602    (-,-) 
  m_uint/m_core/g139/Y       -       B->Y   F     NAND2X1        2  0.7    16    17     619    (-,-) 
  g10217/Y                   -       A->Y   R     NOR2X1         1  0.9    19    20     639    (-,-) 
  g10549/Y                   -       B->Y   F     NAND2X2        5  2.0    22    20     658    (-,-) 
  g10235/Y                   -       B->Y   R     NAND2XL        1  0.3     9    13     672    (-,-) 
  g10/Y                      -       B->Y   F     NOR2XL         1  0.2     7     8     680    (-,-) 
  g9/Y                       -       B->Y   F     OR2X1          2  1.1    11    29     709    (-,-) 
  g9739/Y                    -       A->Y   R     INVXL          2  0.6    10    11     720    (-,-) 
  g9738/Y                    -       A->Y   F     INVXL          1  0.3     6     8     728    (-,-) 
  g9712__4733/Y              -       A->Y   R     MXI2X8         1 50.0    50    82     810    (-,-) 
  R[0]                       -       -      R     (port)         -    -     -     0     810    (-,-) 
#----------------------------------------------------------------------------------------------------

