============================================================
  Generated by:           Genus(TM) Synthesis Solution 21.10-p002_1
  Generated on:           Apr 11 2026  03:46:26 pm
  Module:                 floating_point_mul_p_0_L0
  Technology libraries:   fast_vdd1v0 1.0
                          physical_cells 
  Operating conditions:   PVT_1P1V_0C 
  Interconnect mode:      global
  Area mode:              physical library
============================================================

Timing
--------

Clock Period 
-------------
VCLK  1000.0 


  Cost    Critical              Violating 
 Group   Path Slack     TNS       Paths   
------------------------------------------
default    No paths        0.0            
VCLK         -589.1   -18115.4         31 
------------------------------------------
Total                 -18115.4         31 

Instance Count
--------------
Leaf Instance Count             1450 
Physical Instance count            0 
Sequential Instance Count          0 
Combinational Instance Count    1450 
Hierarchical Instance Count        4 

Area
----
Cell Area                          3661.794
Physical Cell Area                 0.000
Total Cell Area (Cell+Physical)    3661.794
Net Area                           1767.147
Total Area (Cell+Physical+Net)     5428.941

Runtime                            0.0 seconds
Elapsed Runtime                    40 seconds
Genus peak memory usage            1745.92 
Innovus peak memory usage          no_value 
Hostname                           redhat315b
