

Working Directory = /home/redhat315bd/physical_design_nipun/Physical_design
QoS Summary for acbam_Fixed8
================================================================================
Metric                          acbam_Fixed8_syn_generic
================================================================================
Slack (ps):                      -269
  R2R (ps):                  no_value
  I2R (ps):                  no_value
  R2O (ps):                  no_value
  I2O (ps):                      -269
  CG  (ps):                  no_value
TNS (ps):                      -2,732
  R2R (ps):                  no_value
  I2R (ps):                  no_value
  R2O (ps):                  no_value
  I2O (ps):                    -2,732
  CG  (ps):                  no_value
Failing Paths:                     14
Cell Area:                      2,727
Total Cell Area:                2,727
Leaf Instances:                 1,022
Total Instances:                1,022
Utilization (%):                 0.00
Tot. Net Length (um):        no_value
Avg. Net Length (um):        no_value
Route Overflow H (%):        no_value
Route Overflow V (%):        no_value
MBCI(%) (bits/gate) :            0.00
Norm Cong Hotspot Area:
  Max Cong:                  no_value
  Tot Cong:                  no_value
================================================================================
CPU  Runtime (h:m:s):        00:30:10
Real Runtime (h:m:s):        00:30:10
CPU  Elapsed (h:m:s):        00:30:12
Real Elapsed (h:m:s):        00:30:11
Memory (MB):                  1630.13
================================================================================
================================================================================
Flow Settings:
================================================================================
Total Runtime (h:m:s): 00:30:10
Total Memory (MB):     1630.13
Executable Version:    21.10-p002_1
================================================================================
Total Cell Area =  Cell Area + Physical Cell Area
Total Instances =  Leaf Instances + Physical Instances


