============================================================
  Generated by:           Genus(TM) Synthesis Solution 21.10-p002_1
  Generated on:           Jun 19 2026  11:17:22 am
  Module:                 acbam_int8
  Technology library:     fast_vdd1v0 1.0
  Operating conditions:   PVT_1P1V_0C (balanced_tree)
  Wireload mode:          enclosed
  Area mode:              timing library
============================================================

                                 Leakage  
   Gate    Instances    Area   Power (nW)     Library    
---------------------------------------------------------
ADDFX1             3    15.390      0.945    fast_vdd1v0 
ADDFXL             1     6.840      0.305    fast_vdd1v0 
AND2X1             2     2.736      0.165    fast_vdd1v0 
AND2XL            16    21.888      1.183    fast_vdd1v0 
AND3XL             2     4.104      0.164    fast_vdd1v0 
AO21XL             3     7.182      0.321    fast_vdd1v0 
AO22X1             1     2.736      0.124    fast_vdd1v0 
AOI21X1           14    23.940      1.511    fast_vdd1v0 
AOI21X2            8    21.888      1.686    fast_vdd1v0 
AOI21X4            1     5.130      0.377    fast_vdd1v0 
AOI21XL            8    13.680      0.577    fast_vdd1v0 
AOI22X1            2     4.104      0.272    fast_vdd1v0 
AOI22XL            1     2.052      0.085    fast_vdd1v0 
AOI2BB1X1         15    30.780      1.874    fast_vdd1v0 
AOI2BB1XL          9    18.468      1.011    fast_vdd1v0 
AOI2BB2X4          1     7.524      0.560    fast_vdd1v0 
BUFX12             1     5.130      0.622    fast_vdd1v0 
BUFX16             1     6.840      0.825    fast_vdd1v0 
BUFX2             11    18.810      1.306    fast_vdd1v0 
BUFX20             1     8.208      1.034    fast_vdd1v0 
BUFX3              2     4.104      0.344    fast_vdd1v0 
CLKAND2X2          3     6.156      0.387    fast_vdd1v0 
CLKAND2X3          1     3.078      0.217    fast_vdd1v0 
CLKBUFX2           5     8.550      0.593    fast_vdd1v0 
CLKINVX1           2     2.052      0.096    fast_vdd1v0 
CLKINVX12          1     4.104      0.488    fast_vdd1v0 
CLKINVX4           1     1.710      0.167    fast_vdd1v0 
CLKINVX6           1     2.394      0.250    fast_vdd1v0 
CLKXOR2X1         10    27.360      1.798    fast_vdd1v0 
CLKXOR2X2          2     6.840      0.438    fast_vdd1v0 
INVX1             49    33.516      2.292    fast_vdd1v0 
INVX2             10    10.260      0.880    fast_vdd1v0 
INVX3              1     1.368      0.126    fast_vdd1v0 
INVXL            117    80.028      3.891    fast_vdd1v0 
MXI2X1             8    21.888      1.168    fast_vdd1v0 
MXI2X6             1     5.130      0.443    fast_vdd1v0 
MXI2XL            33    79.002      3.601    fast_vdd1v0 
NAND2BX1          19    25.992      2.033    fast_vdd1v0 
NAND2BX2           1     2.394      0.176    fast_vdd1v0 
NAND2BXL          24    32.832      1.954    fast_vdd1v0 
NAND2X1           63    64.638      4.371    fast_vdd1v0 
NAND2X2           22    37.620      2.857    fast_vdd1v0 
NAND2X4            5    15.732      1.284    fast_vdd1v0 
NAND2X8            1     5.250      0.511    fast_vdd1v0 
NAND2XL           66    67.716      3.103    fast_vdd1v0 
NAND3BX1           1     2.052      0.110    fast_vdd1v0 
NAND3BXL           7    11.970      0.635    fast_vdd1v0 
NAND3X1            6    10.260      0.552    fast_vdd1v0 
NAND3X2            2     5.472      0.367    fast_vdd1v0 
NAND3X4            1     4.788      0.307    fast_vdd1v0 
NAND3XL            7    11.970      0.421    fast_vdd1v0 
NOR2BX1           17    23.256      1.801    fast_vdd1v0 
NOR2BX2            3     8.208      0.534    fast_vdd1v0 
NOR2BXL           11    18.810      0.933    fast_vdd1v0 
NOR2X1            47    48.222      3.255    fast_vdd1v0 
NOR2X2            23    39.330      3.041    fast_vdd1v0 
NOR2X4             4    12.312      0.997    fast_vdd1v0 
NOR2X8             1     5.472      0.495    fast_vdd1v0 
NOR2XL            56    57.456      2.567    fast_vdd1v0 
NOR3X1             3     5.130      0.273    fast_vdd1v0 
NOR3X2             1     2.736      0.146    fast_vdd1v0 
NOR3X4             1     5.130      0.305    fast_vdd1v0 
NOR3X6             1     7.182      0.456    fast_vdd1v0 
NOR3XL             3     5.130      0.161    fast_vdd1v0 
OA21X1             1     2.052      0.112    fast_vdd1v0 
OA21XL             1     2.736      0.095    fast_vdd1v0 
OAI21X1           10    17.100      0.972    fast_vdd1v0 
OAI21X2            5    15.390      0.911    fast_vdd1v0 
OAI21X4            2     9.576      0.710    fast_vdd1v0 
OAI21XL           11    18.810      0.758    fast_vdd1v0 
OAI22X1            2     4.104      0.233    fast_vdd1v0 
OAI2BB1X1         30    51.300      3.449    fast_vdd1v0 
OAI2BB1XL          3     6.156      0.279    fast_vdd1v0 
OAI31X1            1     2.052      0.123    fast_vdd1v0 
OR2X1              1     1.368      0.109    fast_vdd1v0 
OR2XL             19    25.992      1.544    fast_vdd1v0 
OR3XL              1     2.052      0.088    fast_vdd1v0 
OR4X1              1     2.052      0.105    fast_vdd1v0 
XNOR2X1           21    50.274      3.817    fast_vdd1v0 
XNOR2X2            7    21.546      1.534    fast_vdd1v0 
XNOR2X4            1     3.762      0.325    fast_vdd1v0 
XNOR2XL            6    16.416      1.006    fast_vdd1v0 
XNOR3XL            1     7.524      0.375    fast_vdd1v0 
XOR2XL             8    21.888      1.323    fast_vdd1v0 
XOR3X1             3    22.572      1.172    fast_vdd1v0 
XOR3XL             3    22.572      1.090    fast_vdd1v0 
---------------------------------------------------------
total            882  1389.324     85.899                


                                           Leakage  Leakage 
     Type      Instances   Area   Area % Power (nW) Power % 
------------------------------------------------------------
inverter             182  135.432    9.7      8.189     9.5 
buffer                21   51.642    3.7      4.724     5.5 
logic                679 1202.250   86.5     72.986    85.0 
physical_cells         0    0.000    0.0      0.000     0.0 
------------------------------------------------------------
total                882 1389.324  100.0     85.899   100.0 

