============================================================
  Generated by:           Genus(TM) Synthesis Solution 21.10-p002_1
  Generated on:           Jun 19 2026  11:17:22 am
  Module:                 acbam_int8
  Operating conditions:   PVT_1P1V_0C (balanced_tree)
  Wireload mode:          enclosed
  Area mode:              timing library
============================================================


Path 1: MET (0 ps) Late External Delay Assertion at pin R[15]
          Group: vclk
     Startpoint: (F) B[0]
          Clock: (R) vclk
       Endpoint: (R) R[15]
          Clock: (R) vclk

                     Capture       Launch     
        Clock Edge:+    1000            0     
        Drv Adjust:+       0            0     
       Src Latency:+       0            0     
       Net Latency:+       0 (I)        0 (I) 
           Arrival:=    1000            0     
                                              
      Output Delay:-     200                  
       Uncertainty:-      50                  
     Required Time:=     750                  
      Launch Clock:-       0                  
       Input Delay:-     200                  
         Data Path:-     550                  
             Slack:=       0                  

Exceptions/Constraints:
  input_delay              200             acbam_int8.sdc_line_14_15_1 
  output_delay             200             acbam_int8.sdc_line_15      

#-----------------------------------------------------------------------------------------------------------------------------------
#                       Timing Point                        Flags    Arc   Edge   Cell     Fanout Load Trans Delay Arrival Instance 
#                                                                                                 (fF)  (ps)  (ps)   (ps)  Location 
#-----------------------------------------------------------------------------------------------------------------------------------
  B[0]                                                      -       -      F     (arrival)     12 14.5     0     0     200    (-,-) 
  g45/Y                                                     -       A->Y   R     NOR2X8         4  2.6    10    13     213    (-,-) 
  g2868/Y                                                   -       A1->Y  F     AOI21X2        1  0.5    15    16     230    (-,-) 
  g331/Y                                                    -       B->Y   R     CLKXOR2X1      4  1.6    15    33     263    (-,-) 
  m_uint/m_core/g16076/Y                                    -       A->Y   F     INVXL          1  0.4     7    11     274    (-,-) 
  m_uint/m_core/g16075/Y                                    -       B->Y   R     NOR2X1         1  1.0    20    16     289    (-,-) 
  m_uint/m_core/g14688__16074/Y                             -       B->Y   F     NOR2X2         7  2.0    16    14     303    (-,-) 
  m_uint/m_core/g14638__14940/Y                             -       B->Y   R     NOR2X1         3  1.1    22    19     322    (-,-) 
  m_uint/m_core/g97/Y                                       -       B->Y   F     NOR2BXL        1  0.4    10    14     336    (-,-) 
  m_uint/m_core/g93/Y                                       -       B->Y   R     NOR2X1         1  0.8    18    15     351    (-,-) 
  m_uint/m_core/g15749/Y                                    -       S0->Y  R     MXI2X1         2  0.6    21    23     374    (-,-) 
  m_uint/m_core/g15384/Y                                    -       A->Y   F     INVXL          2  0.5    10    13     388    (-,-) 
  m_uint/m_core/g15558/Y                                    -       AN->Y  F     NOR2BXL        1  0.2     9    16     404    (-,-) 
  m_uint/m_core/g15206/Y                                    -       A1N->Y F     AOI2BB1X1      2  0.7    12    28     432    (-,-) 
  m_uint/m_core/g15204/Y                                    -       S0->Y  F     MXI2XL         1  0.3    19    20     452    (-,-) 
  m_uint/m_core/g15203/Y                                    -       A->Y   R     CLKXOR2X1      2  1.5    14    46     499    (-,-) 
  m_uint/m_core/WALLACE_CSA_DUMMY_OP7_groupi_g5476__15081/Y -       B->Y   F     NOR2X2         2  1.2    10    11     509    (-,-) 
  m_uint/m_core/g90/Y                                       -       AN->Y  F     NAND2BXL       1  0.5    17    23     532    (-,-) 
  m_uint/m_core/g116/Y                                      -       S0->Y  F     MXI2XL         2  0.5    22    23     555    (-,-) 
  g27/Y                                                     -       B->Y   F     OR2XL          2  1.0    14    28     583    (-,-) 
  g26/Y                                                     -       B->Y   R     NOR2X2         2  1.2    15    15     598    (-,-) 
  g25/Y                                                     -       B->Y   F     NAND2X2        3  0.8    13    14     612    (-,-) 
  g2859/Y                                                   -       B->Y   R     NOR2XL         1  0.3    14    14     626    (-,-) 
  g2858/Y                                                   -       B->Y   F     NAND2XL        1  0.4    15    15     642    (-,-) 
  g16/Y                                                     -       B->Y   R     NOR2X1         1  0.5    14    15     656    (-,-) 
  g2750/Y                                                   -       A0->Y  F     AOI21X1        1  0.5    18    21     677    (-,-) 
  g2743/Y                                                   -       B->Y   R     CLKXOR2X1      1  1.9    17    35     712    (-,-) 
  g28/Y                                                     -       A->Y   R     BUFX16         1 50.0    30    38     750    (-,-) 
  R[15]                                                     -       -      R     (port)         -    -     -     0     750    (-,-) 
#-----------------------------------------------------------------------------------------------------------------------------------



Path 2: MET (2 ps) Late External Delay Assertion at pin R[14]
          Group: vclk
     Startpoint: (F) B[0]
          Clock: (R) vclk
       Endpoint: (F) R[14]
          Clock: (R) vclk

                     Capture       Launch     
        Clock Edge:+    1000            0     
        Drv Adjust:+       0            0     
       Src Latency:+       0            0     
       Net Latency:+       0 (I)        0 (I) 
           Arrival:=    1000            0     
                                              
      Output Delay:-     200                  
       Uncertainty:-      50                  
     Required Time:=     750                  
      Launch Clock:-       0                  
       Input Delay:-     200                  
         Data Path:-     548                  
             Slack:=       2                  

Exceptions/Constraints:
  input_delay              200             acbam_int8.sdc_line_14_15_1 
  output_delay             200             acbam_int8.sdc_line_15_21_1 

#--------------------------------------------------------------------------------------------------
#       Timing Point        Flags   Arc   Edge   Cell     Fanout Load Trans Delay Arrival Instance 
#                                                                (fF)  (ps)  (ps)   (ps)  Location 
#--------------------------------------------------------------------------------------------------
  B[0]                      -       -     F     (arrival)     12 14.5     0     0     200    (-,-) 
  g358/Y                    -       A->Y  R     NOR3X6         1  0.9    14    20     220    (-,-) 
  g335/Y                    -       A1->Y F     AOI21X2        1  0.5    15    18     238    (-,-) 
  g356/Y                    -       B->Y  R     CLKXOR2X1      5  1.9    17    34     272    (-,-) 
  m_uint/m_core/g15648/Y    -       B->Y  F     NAND3XL        1  0.4    26    25     297    (-,-) 
  m_uint/m_core/g16090/Y    -       A->Y  R     NAND2X1        6  2.2    23    22     319    (-,-) 
  m_uint/m_core/g16092/Y    -       B->Y  F     NAND2BX1       1  0.4    14    17     336    (-,-) 
  m_uint/m_core/g16091/Y    -       B->Y  R     NAND2X1        3  1.1    14    13     349    (-,-) 
  m_uint/m_core/g71/Y       -       B->Y  F     NAND2X1        2  1.0    20    18     367    (-,-) 
  m_uint/m_core/g16088/Y    -       S0->Y F     MXI2XL         1  0.4    21    22     389    (-,-) 
  m_uint/m_core/fopt16290/Y -       A->Y  R     CLKINVX1       4  1.2    13    14     404    (-,-) 
  m_uint/m_core/g16086/Y    -       A->Y  F     MXI2XL         1  0.5    22    22     426    (-,-) 
  m_uint/m_core/g327/Y      -       B->Y  R     XNOR2X1        3  1.2    12    39     465    (-,-) 
  m_uint/m_core/g16221/Y    -       S0->Y R     MXI2XL         1  0.6    26    23     488    (-,-) 
  m_uint/m_core/g320/Y      -       S0->Y F     MXI2XL         1  0.4    22    21     509    (-,-) 
  m_uint/m_core/g319/Y      -       B->Y  R     NAND2X1        3  1.1    14    15     524    (-,-) 
  m_uint/m_core/g45/Y       -       A1->Y F     AOI21X1        2  0.5    18    19     544    (-,-) 
  m_uint/m_core/g16061/Y    -       B0->Y R     AOI21XL        2  0.6    24    22     566    (-,-) 
  m_uint/m_core/g292/Y      -       A->Y  F     XNOR2XL        3  1.0    14    45     610    (-,-) 
  g2860/Y                   -       A->Y  R     NOR2X1         2  0.8    18    18     629    (-,-) 
  g2729/Y                   -       B->Y  F     NAND2X1        3  0.8    18    18     647    (-,-) 
  g69/Y                     -       A2->Y R     OAI31X1        1  0.6    32    27     674    (-,-) 
  g92/Y                     -       B->Y  F     XNOR2X1        1  2.1    18    39     713    (-,-) 
  g91/Y                     -       A->Y  F     BUFX20         1 50.0    28    36     748    (-,-) 
  R[14]                     -       -     F     (port)         -    -     -     0     748    (-,-) 
#--------------------------------------------------------------------------------------------------



Path 3: MET (2 ps) Late External Delay Assertion at pin R[13]
          Group: vclk
     Startpoint: (F) B[0]
          Clock: (R) vclk
       Endpoint: (F) R[13]
          Clock: (R) vclk

                     Capture       Launch     
        Clock Edge:+    1000            0     
        Drv Adjust:+       0            0     
       Src Latency:+       0            0     
       Net Latency:+       0 (I)        0 (I) 
           Arrival:=    1000            0     
                                              
      Output Delay:-     200                  
       Uncertainty:-      50                  
     Required Time:=     750                  
      Launch Clock:-       0                  
       Input Delay:-     200                  
         Data Path:-     548                  
             Slack:=       2                  

Exceptions/Constraints:
  input_delay              200             acbam_int8.sdc_line_14_15_1 
  output_delay             200             acbam_int8.sdc_line_15_22_1 

#---------------------------------------------------------------------------------------------------
#       Timing Point        Flags    Arc   Edge   Cell     Fanout Load Trans Delay Arrival Instance 
#                                                                 (fF)  (ps)  (ps)   (ps)  Location 
#---------------------------------------------------------------------------------------------------
  B[0]                      -       -      F     (arrival)     12 14.5     0     0     200    (-,-) 
  g358/Y                    -       A->Y   R     NOR3X6         1  0.9    14    20     220    (-,-) 
  g335/Y                    -       A1->Y  F     AOI21X2        1  0.5    15    18     238    (-,-) 
  g356/Y                    -       B->Y   R     CLKXOR2X1      5  1.9    17    34     272    (-,-) 
  m_uint/m_core/g15648/Y    -       B->Y   F     NAND3XL        1  0.4    26    25     297    (-,-) 
  m_uint/m_core/g16090/Y    -       A->Y   R     NAND2X1        6  2.2    23    22     319    (-,-) 
  m_uint/m_core/g16092/Y    -       B->Y   F     NAND2BX1       1  0.4    14    17     336    (-,-) 
  m_uint/m_core/g16091/Y    -       B->Y   R     NAND2X1        3  1.1    14    13     349    (-,-) 
  m_uint/m_core/g71/Y       -       B->Y   F     NAND2X1        2  1.0    20    18     367    (-,-) 
  m_uint/m_core/g16088/Y    -       S0->Y  F     MXI2XL         1  0.4    21    22     389    (-,-) 
  m_uint/m_core/fopt16290/Y -       A->Y   R     CLKINVX1       4  1.2    13    14     404    (-,-) 
  m_uint/m_core/g16086/Y    -       A->Y   F     MXI2XL         1  0.5    22    22     426    (-,-) 
  m_uint/m_core/g327/Y      -       B->Y   R     XNOR2X1        3  1.2    12    39     465    (-,-) 
  m_uint/m_core/g16221/Y    -       S0->Y  R     MXI2XL         1  0.6    26    23     488    (-,-) 
  m_uint/m_core/g320/Y      -       S0->Y  F     MXI2XL         1  0.4    22    21     509    (-,-) 
  m_uint/m_core/g319/Y      -       B->Y   R     NAND2X1        3  1.1    14    15     524    (-,-) 
  m_uint/m_core/g45/Y       -       A1->Y  F     AOI21X1        2  0.5    18    19     544    (-,-) 
  m_uint/m_core/g16061/Y    -       B0->Y  R     AOI21XL        2  0.6    24    22     566    (-,-) 
  m_uint/m_core/g292/Y      -       A->Y   F     XNOR2XL        3  1.0    14    45     610    (-,-) 
  g2860/Y                   -       A->Y   R     NOR2X1         2  0.8    18    18     629    (-,-) 
  g2729/Y                   -       B->Y   F     NAND2X1        3  0.8    18    18     647    (-,-) 
  g2/Y                      -       A1N->Y F     AOI2BB1X1      1  0.5    12    29     676    (-,-) 
  g47/Y                     -       B->Y   F     CLKXOR2X1      1  1.3    13    31     707    (-,-) 
  fopt2827/Y                -       A->Y   F     BUFX12         1 50.0    39    41     748    (-,-) 
  R[13]                     -       -      F     (port)         -    -     -     0     748    (-,-) 
#---------------------------------------------------------------------------------------------------



Path 4: MET (4 ps) Late External Delay Assertion at pin R[12]
          Group: vclk
     Startpoint: (F) B[0]
          Clock: (R) vclk
       Endpoint: (F) R[12]
          Clock: (R) vclk

                     Capture       Launch     
        Clock Edge:+    1000            0     
        Drv Adjust:+       0            0     
       Src Latency:+       0            0     
       Net Latency:+       0 (I)        0 (I) 
           Arrival:=    1000            0     
                                              
      Output Delay:-     200                  
       Uncertainty:-      50                  
     Required Time:=     750                  
      Launch Clock:-       0                  
       Input Delay:-     200                  
         Data Path:-     546                  
             Slack:=       4                  

Exceptions/Constraints:
  input_delay              200             acbam_int8.sdc_line_14_15_1 
  output_delay             200             acbam_int8.sdc_line_15_23_1 

#--------------------------------------------------------------------------------------------------
#       Timing Point        Flags   Arc   Edge   Cell     Fanout Load Trans Delay Arrival Instance 
#                                                                (fF)  (ps)  (ps)   (ps)  Location 
#--------------------------------------------------------------------------------------------------
  B[0]                      -       -     F     (arrival)     12 14.5     0     0     200    (-,-) 
  g358/Y                    -       A->Y  R     NOR3X6         1  0.9    14    20     220    (-,-) 
  g335/Y                    -       A1->Y F     AOI21X2        1  0.5    15    18     238    (-,-) 
  g356/Y                    -       B->Y  R     CLKXOR2X1      5  1.9    17    34     272    (-,-) 
  m_uint/m_core/g15648/Y    -       B->Y  F     NAND3XL        1  0.4    26    25     297    (-,-) 
  m_uint/m_core/g16090/Y    -       A->Y  R     NAND2X1        6  2.2    23    22     319    (-,-) 
  m_uint/m_core/g16092/Y    -       B->Y  F     NAND2BX1       1  0.4    14    17     336    (-,-) 
  m_uint/m_core/g16091/Y    -       B->Y  R     NAND2X1        3  1.1    14    13     349    (-,-) 
  m_uint/m_core/g71/Y       -       B->Y  F     NAND2X1        2  1.0    20    18     367    (-,-) 
  m_uint/m_core/g16088/Y    -       S0->Y F     MXI2XL         1  0.4    21    22     389    (-,-) 
  m_uint/m_core/fopt16290/Y -       A->Y  R     CLKINVX1       4  1.2    13    14     404    (-,-) 
  m_uint/m_core/g16086/Y    -       A->Y  F     MXI2XL         1  0.5    22    22     426    (-,-) 
  m_uint/m_core/g327/Y      -       B->Y  R     XNOR2X1        3  1.2    12    39     465    (-,-) 
  m_uint/m_core/g16221/Y    -       S0->Y R     MXI2XL         1  0.6    26    23     488    (-,-) 
  m_uint/m_core/g320/Y      -       S0->Y F     MXI2XL         1  0.4    22    21     509    (-,-) 
  m_uint/m_core/g319/Y      -       B->Y  R     NAND2X1        3  1.1    14    15     524    (-,-) 
  m_uint/m_core/g45/Y       -       A1->Y F     AOI21X1        2  0.5    18    19     544    (-,-) 
  m_uint/m_core/g16061/Y    -       B0->Y R     AOI21XL        2  0.6    24    22     566    (-,-) 
  m_uint/m_core/g292/Y      -       A->Y  F     XNOR2XL        3  1.0    14    45     610    (-,-) 
  g2860/Y                   -       A->Y  R     NOR2X1         2  0.8    18    18     629    (-,-) 
  g2729/Y                   -       B->Y  F     NAND2X1        3  0.8    18    18     647    (-,-) 
  g94/Y                     -       A->Y  R     INVXL          1  0.5    10    12     659    (-,-) 
  g2747/Y                   -       B->Y  F     NOR2X1         2  0.7    14    10     669    (-,-) 
  g2748/Y                   -       A->Y  F     BUFX2          1  1.7    10    25     694    (-,-) 
  g2745/Y                   -       B0->Y R     AOI2BB2X4      1  5.7    35    23     716    (-,-) 
  g24/Y                     -       A->Y  F     CLKINVX12      1 50.0    40    30     746    (-,-) 
  R[12]                     -       -     F     (port)         -    -     -     0     746    (-,-) 
#--------------------------------------------------------------------------------------------------



Path 5: MET (4 ps) Late External Delay Assertion at pin R[9]
          Group: vclk
     Startpoint: (R) B[7]
          Clock: (R) vclk
       Endpoint: (F) R[9]
          Clock: (R) vclk

                     Capture       Launch     
        Clock Edge:+    1000            0     
        Drv Adjust:+       0            0     
       Src Latency:+       0            0     
       Net Latency:+       0 (I)        0 (I) 
           Arrival:=    1000            0     
                                              
      Output Delay:-     200                  
       Uncertainty:-      50                  
     Required Time:=     750                  
      Launch Clock:-       0                  
       Input Delay:-     200                  
         Data Path:-     546                  
             Slack:=       4                  

Exceptions/Constraints:
  input_delay              200             acbam_int8.sdc_line_14_8_1  
  output_delay             200             acbam_int8.sdc_line_15_26_1 

#-----------------------------------------------------------------------------------------------------------------------------------
#                       Timing Point                        Flags    Arc   Edge   Cell     Fanout Load Trans Delay Arrival Instance 
#                                                                                                 (fF)  (ps)  (ps)   (ps)  Location 
#-----------------------------------------------------------------------------------------------------------------------------------
  B[7]                                                      -       -      R     (arrival)      7 10.9     0     0     200    (-,-) 
  g2727/Y                                                   -       A->Y   F     NAND2X8        2  1.6    10    12     212    (-,-) 
  g2796/Y                                                   -       B->Y   R     NOR2X2         1  1.0    13    13     225    (-,-) 
  g20/Y                                                     -       A->Y   F     INVX2          1  1.7     9    11     236    (-,-) 
  g18/Y                                                     -       B->Y   R     NAND2X4        7  4.1    14    11     247    (-,-) 
  m_uint/m_core/g15732/Y                                    -       AN->Y  R     NAND2BXL       1  1.0    17    21     268    (-,-) 
  m_uint/m_core/g14/Y                                       -       A->Y   F     NAND2X2        8  2.6    25    23     291    (-,-) 
  m_uint/m_core/g15862/Y                                    -       B->Y   R     NAND2X1        3  1.1    14    16     306    (-,-) 
  m_uint/m_core/g15861/Y                                    -       B->Y   F     NAND2X1        3  0.9    18    18     324    (-,-) 
  m_uint/m_core/g15515/Y                                    -       A->Y   F     OR2XL          2  0.6     9    28     352    (-,-) 
  m_uint/m_core/g15514/Y                                    -       A->Y   R     NOR2XL         1  0.3    13    15     367    (-,-) 
  m_uint/m_core/g23/Y                                       -       A1N->Y R     AOI2BB1X1      1  0.9    19    24     391    (-,-) 
  m_uint/m_core/g15819/Y                                    -       B->Y   F     NAND2X2        2  1.2    16    17     408    (-,-) 
  m_uint/m_core/g15820/Y                                    -       B->Y   R     XOR3X1         3  1.2    13    52     460    (-,-) 
  m_uint/m_core/g15203/Y                                    -       B->Y   F     CLKXOR2X1      2  1.2    12    40     500    (-,-) 
  m_uint/m_core/WALLACE_CSA_DUMMY_OP7_groupi_g5476__15081/Y -       B->Y   R     NOR2X2         2  1.3    16    14     514    (-,-) 
  m_uint/m_core/g16193/Y                                    -       A0->Y  F     OAI21X2        4  1.7    23    24     538    (-,-) 
  m_uint/m_core/g297/Y                                      -       A->Y   R     XNOR2XL        2  1.2    17    45     583    (-,-) 
  g26/Y                                                     -       A->Y   F     NOR2X2         2  1.0    10    13     596    (-,-) 
  g1820__6783/Y                                             -       B->Y   R     NOR2XL         1  0.6    21    17     613    (-,-) 
  g1866__6783/Y                                             -       B->Y   F     XNOR2X2        1 50.0   181   133     746    (-,-) 
  R[9]                                                      -       -      F     (port)         -    -     -     0     746    (-,-) 
#-----------------------------------------------------------------------------------------------------------------------------------



Path 6: MET (6 ps) Late External Delay Assertion at pin R[8]
          Group: vclk
     Startpoint: (R) B[7]
          Clock: (R) vclk
       Endpoint: (F) R[8]
          Clock: (R) vclk

                     Capture       Launch     
        Clock Edge:+    1000            0     
        Drv Adjust:+       0            0     
       Src Latency:+       0            0     
       Net Latency:+       0 (I)        0 (I) 
           Arrival:=    1000            0     
                                              
      Output Delay:-     200                  
       Uncertainty:-      50                  
     Required Time:=     750                  
      Launch Clock:-       0                  
       Input Delay:-     200                  
         Data Path:-     544                  
             Slack:=       6                  

Exceptions/Constraints:
  input_delay              200             acbam_int8.sdc_line_14_8_1  
  output_delay             200             acbam_int8.sdc_line_15_27_1 

#-----------------------------------------------------------------------------------------------------------------------------------
#                       Timing Point                        Flags    Arc   Edge   Cell     Fanout Load Trans Delay Arrival Instance 
#                                                                                                 (fF)  (ps)  (ps)   (ps)  Location 
#-----------------------------------------------------------------------------------------------------------------------------------
  B[7]                                                      -       -      R     (arrival)      7 10.9     0     0     200    (-,-) 
  g2727/Y                                                   -       A->Y   F     NAND2X8        2  1.6    10    12     212    (-,-) 
  g2796/Y                                                   -       B->Y   R     NOR2X2         1  1.0    13    13     225    (-,-) 
  g20/Y                                                     -       A->Y   F     INVX2          1  1.7     9    11     236    (-,-) 
  g18/Y                                                     -       B->Y   R     NAND2X4        7  4.1    14    11     247    (-,-) 
  m_uint/m_core/g15732/Y                                    -       AN->Y  R     NAND2BXL       1  1.0    17    21     268    (-,-) 
  m_uint/m_core/g14/Y                                       -       A->Y   F     NAND2X2        8  2.6    25    23     291    (-,-) 
  m_uint/m_core/g15862/Y                                    -       B->Y   R     NAND2X1        3  1.1    14    16     306    (-,-) 
  m_uint/m_core/g15861/Y                                    -       B->Y   F     NAND2X1        3  0.9    18    18     324    (-,-) 
  m_uint/m_core/g15515/Y                                    -       A->Y   F     OR2XL          2  0.6     9    28     352    (-,-) 
  m_uint/m_core/g15514/Y                                    -       A->Y   R     NOR2XL         1  0.3    13    15     367    (-,-) 
  m_uint/m_core/g23/Y                                       -       A1N->Y R     AOI2BB1X1      1  0.9    19    24     391    (-,-) 
  m_uint/m_core/g15819/Y                                    -       B->Y   F     NAND2X2        2  1.2    16    17     408    (-,-) 
  m_uint/m_core/g15820/Y                                    -       B->Y   R     XOR3X1         3  1.2    13    52     460    (-,-) 
  m_uint/m_core/g15203/Y                                    -       B->Y   F     CLKXOR2X1      2  1.2    12    40     500    (-,-) 
  m_uint/m_core/WALLACE_CSA_DUMMY_OP7_groupi_g5476__15081/Y -       B->Y   R     NOR2X2         2  1.3    16    14     514    (-,-) 
  m_uint/m_core/g90/Y                                       -       AN->Y  R     NAND2BXL       1  0.6    13    18     532    (-,-) 
  m_uint/m_core/g116/Y                                      -       S0->Y  R     MXI2XL         2  0.6    26    23     556    (-,-) 
  g27/Y                                                     -       B->Y   R     OR2XL          2  1.3    18    23     579    (-,-) 
  g1824/Y                                                   -       A->Y   F     INVXL          1  0.4     8    12     590    (-,-) 
  g1821__3680/Y                                             -       B->Y   R     NOR2X1         1  0.6    16    13     604    (-,-) 
  g1815__6260/Y                                             -       B->Y   F     CLKXOR2X2      1 50.0   181   140     744    (-,-) 
  R[8]                                                      -       -      F     (port)         -    -     -     0     744    (-,-) 
#-----------------------------------------------------------------------------------------------------------------------------------



Path 7: MET (10 ps) Late External Delay Assertion at pin R[10]
          Group: vclk
     Startpoint: (R) B[7]
          Clock: (R) vclk
       Endpoint: (F) R[10]
          Clock: (R) vclk

                     Capture       Launch     
        Clock Edge:+    1000            0     
        Drv Adjust:+       0            0     
       Src Latency:+       0            0     
       Net Latency:+       0 (I)        0 (I) 
           Arrival:=    1000            0     
                                              
      Output Delay:-     200                  
       Uncertainty:-      50                  
     Required Time:=     750                  
      Launch Clock:-       0                  
       Input Delay:-     200                  
         Data Path:-     540                  
             Slack:=      10                  

Exceptions/Constraints:
  input_delay              200             acbam_int8.sdc_line_14_8_1  
  output_delay             200             acbam_int8.sdc_line_15_25_1 

#-----------------------------------------------------------------------------------------------------------------------------------
#                       Timing Point                        Flags    Arc   Edge   Cell     Fanout Load Trans Delay Arrival Instance 
#                                                                                                 (fF)  (ps)  (ps)   (ps)  Location 
#-----------------------------------------------------------------------------------------------------------------------------------
  B[7]                                                      -       -      R     (arrival)      7 10.9     0     0     200    (-,-) 
  g2727/Y                                                   -       A->Y   F     NAND2X8        2  1.6    10    12     212    (-,-) 
  g2796/Y                                                   -       B->Y   R     NOR2X2         1  1.0    13    13     225    (-,-) 
  g20/Y                                                     -       A->Y   F     INVX2          1  1.7     9    11     236    (-,-) 
  g18/Y                                                     -       B->Y   R     NAND2X4        7  4.1    14    11     247    (-,-) 
  m_uint/m_core/g15732/Y                                    -       AN->Y  R     NAND2BXL       1  1.0    17    21     268    (-,-) 
  m_uint/m_core/g14/Y                                       -       A->Y   F     NAND2X2        8  2.6    25    23     291    (-,-) 
  m_uint/m_core/g15862/Y                                    -       B->Y   R     NAND2X1        3  1.1    14    16     306    (-,-) 
  m_uint/m_core/g15861/Y                                    -       B->Y   F     NAND2X1        3  0.9    18    18     324    (-,-) 
  m_uint/m_core/g15515/Y                                    -       A->Y   F     OR2XL          2  0.6     9    28     352    (-,-) 
  m_uint/m_core/g15514/Y                                    -       A->Y   R     NOR2XL         1  0.3    13    15     367    (-,-) 
  m_uint/m_core/g23/Y                                       -       A1N->Y R     AOI2BB1X1      1  0.9    19    24     391    (-,-) 
  m_uint/m_core/g15819/Y                                    -       B->Y   F     NAND2X2        2  1.2    16    17     408    (-,-) 
  m_uint/m_core/g15820/Y                                    -       B->Y   R     XOR3X1         3  1.2    13    52     460    (-,-) 
  m_uint/m_core/g15203/Y                                    -       B->Y   F     CLKXOR2X1      2  1.2    12    40     500    (-,-) 
  m_uint/m_core/WALLACE_CSA_DUMMY_OP7_groupi_g5476__15081/Y -       B->Y   R     NOR2X2         2  1.3    16    14     514    (-,-) 
  m_uint/m_core/g16193/Y                                    -       A0->Y  F     OAI21X2        4  1.7    23    24     538    (-,-) 
  m_uint/m_core/g295/Y                                      -       A1->Y  R     AOI21XL        1  0.6    23    24     562    (-,-) 
  m_uint/m_core/g15446/Y                                    -       S0->Y  R     MXI2XL         1  0.5    25    23     585    (-,-) 
  g2740/Y                                                   -       A->Y   F     INVX1          2  1.2    13    16     601    (-,-) 
  g25/Y                                                     -       A->Y   R     NAND2X2        3  1.1    10    11     612    (-,-) 
  g1817/Y                                                   -       A->Y   F     INVXL          1  0.2     4     8     620    (-,-) 
  g1816__4319/Y                                             -       B->Y   R     NOR2XL         1  0.8    25    17     637    (-,-) 
  g2842/Y                                                   -       B->Y   F     XNOR2X4        1 50.0   106   103     740    (-,-) 
  R[10]                                                     -       -      F     (port)         -    -     -     0     740    (-,-) 
#-----------------------------------------------------------------------------------------------------------------------------------



Path 8: MET (12 ps) Late External Delay Assertion at pin R[11]
          Group: vclk
     Startpoint: (F) B[0]
          Clock: (R) vclk
       Endpoint: (F) R[11]
          Clock: (R) vclk

                     Capture       Launch     
        Clock Edge:+    1000            0     
        Drv Adjust:+       0            0     
       Src Latency:+       0            0     
       Net Latency:+       0 (I)        0 (I) 
           Arrival:=    1000            0     
                                              
      Output Delay:-     200                  
       Uncertainty:-      50                  
     Required Time:=     750                  
      Launch Clock:-       0                  
       Input Delay:-     200                  
         Data Path:-     538                  
             Slack:=      12                  

Exceptions/Constraints:
  input_delay              200             acbam_int8.sdc_line_14_15_1 
  output_delay             200             acbam_int8.sdc_line_15_24_1 

#---------------------------------------------------------------------------------------------------
#       Timing Point        Flags    Arc   Edge   Cell     Fanout Load Trans Delay Arrival Instance 
#                                                                 (fF)  (ps)  (ps)   (ps)  Location 
#---------------------------------------------------------------------------------------------------
  B[0]                      -       -      F     (arrival)     12 14.5     0     0     200    (-,-) 
  g45/Y                     -       A->Y   R     NOR2X8         4  2.6    10    13     213    (-,-) 
  g2868/Y                   -       A1->Y  F     AOI21X2        1  0.5    15    16     230    (-,-) 
  g331/Y                    -       B->Y   R     CLKXOR2X1      4  1.6    15    33     263    (-,-) 
  m_uint/m_core/g15523/Y    -       B->Y   F     NAND2X1        3  2.2    34    26     289    (-,-) 
  m_uint/m_core/g69/Y       -       A0->Y  R     OAI21X4        6  3.6    25    26     316    (-,-) 
  m_uint/m_core/g344/Y      -       A1->Y  F     AOI21X2        3  1.1    21    23     339    (-,-) 
  m_uint/m_core/g16254/Y    -       B->Y   R     NAND2X1        1  0.9    12    14     353    (-,-) 
  m_uint/m_core/g16252/Y    -       B->Y   F     NAND2X2        3  1.5    17    16     369    (-,-) 
  m_uint/m_core/g16198/Y    -       S0->Y  F     MXI2XL         1  0.4    21    22     391    (-,-) 
  m_uint/m_core/g26/Y       -       B->Y   R     NAND2X1        3  1.1    14    15     406    (-,-) 
  m_uint/m_core/g15814/Y    -       AN->Y  R     NOR2BX1        2  0.8    19    26     431    (-,-) 
  m_uint/m_core/g15846/Y    -       A1N->Y R     AOI2BB1XL      2  0.6    20    24     455    (-,-) 
  m_uint/m_core/g15849/Y    -       A->Y   F     INVXL          2  0.6    10    14     468    (-,-) 
  m_uint/m_core/g16280/Y    -       A0N->Y F     AOI2BB1XL      1  0.2     8    25     493    (-,-) 
  m_uint/m_core/g16060/Y    -       B0->Y  F     AO21XL         2  1.2    16    31     524    (-,-) 
  m_uint/m_core/g15471/Y    -       A->Y   R     NOR2X2         4  1.8    19    19     543    (-,-) 
  m_uint/m_core/fopt14969/Y -       A->Y   F     INVXL          3  0.9    13    15     558    (-,-) 
  m_uint/m_core/g16269/Y    -       B->Y   F     AND2XL         1  0.5     8    17     575    (-,-) 
  m_uint/m_core/g292/Y      -       B->Y   R     XNOR2XL        3  1.1    16    36     611    (-,-) 
  g2860/Y                   -       A->Y   F     NOR2X1         2  0.7    11    14     625    (-,-) 
  g1862__8428/Y             -       AN->Y  F     NAND2BX1       1  0.5    15    24     648    (-,-) 
  g1803__2346/Y             -       S0->Y  F     MXI2X6         1 50.0    68    89     738    (-,-) 
  R[11]                     -       -      F     (port)         -    -     -     0     738    (-,-) 
#---------------------------------------------------------------------------------------------------



Path 9: MET (45 ps) Late External Delay Assertion at pin R[7]
          Group: vclk
     Startpoint: (R) B[7]
          Clock: (R) vclk
       Endpoint: (F) R[7]
          Clock: (R) vclk

                     Capture       Launch     
        Clock Edge:+    1000            0     
        Drv Adjust:+       0            0     
       Src Latency:+       0            0     
       Net Latency:+       0 (I)        0 (I) 
           Arrival:=    1000            0     
                                              
      Output Delay:-     200                  
       Uncertainty:-      50                  
     Required Time:=     750                  
      Launch Clock:-       0                  
       Input Delay:-     200                  
         Data Path:-     505                  
             Slack:=      45                  

Exceptions/Constraints:
  input_delay              200             acbam_int8.sdc_line_14_8_1  
  output_delay             200             acbam_int8.sdc_line_15_28_1 

#-----------------------------------------------------------------------------------------------------------------------------------
#                       Timing Point                        Flags    Arc   Edge   Cell     Fanout Load Trans Delay Arrival Instance 
#                                                                                                 (fF)  (ps)  (ps)   (ps)  Location 
#-----------------------------------------------------------------------------------------------------------------------------------
  B[7]                                                      -       -      R     (arrival)      7 10.9     0     0     200    (-,-) 
  g2727/Y                                                   -       A->Y   F     NAND2X8        2  1.6    10    12     212    (-,-) 
  g2796/Y                                                   -       B->Y   R     NOR2X2         1  1.0    13    13     225    (-,-) 
  g20/Y                                                     -       A->Y   F     INVX2          1  1.7     9    11     236    (-,-) 
  g18/Y                                                     -       B->Y   R     NAND2X4        7  4.1    14    11     247    (-,-) 
  m_uint/m_core/g15732/Y                                    -       AN->Y  R     NAND2BXL       1  1.0    17    21     268    (-,-) 
  m_uint/m_core/g14/Y                                       -       A->Y   F     NAND2X2        8  2.6    25    23     291    (-,-) 
  m_uint/m_core/g15862/Y                                    -       B->Y   R     NAND2X1        3  1.1    14    16     306    (-,-) 
  m_uint/m_core/g15861/Y                                    -       B->Y   F     NAND2X1        3  0.9    18    18     324    (-,-) 
  m_uint/m_core/g15515/Y                                    -       A->Y   F     OR2XL          2  0.6     9    28     352    (-,-) 
  m_uint/m_core/g15514/Y                                    -       A->Y   R     NOR2XL         1  0.3    13    15     367    (-,-) 
  m_uint/m_core/g23/Y                                       -       A1N->Y R     AOI2BB1X1      1  0.9    19    24     391    (-,-) 
  m_uint/m_core/g15819/Y                                    -       B->Y   F     NAND2X2        2  1.2    16    17     408    (-,-) 
  m_uint/m_core/g15820/Y                                    -       B->Y   R     XOR3X1         3  1.2    13    52     460    (-,-) 
  m_uint/m_core/g15203/Y                                    -       B->Y   F     CLKXOR2X1      2  1.2    12    40     500    (-,-) 
  m_uint/m_core/WALLACE_CSA_DUMMY_OP7_groupi_g5476__15081/Y -       B->Y   R     NOR2X2         2  1.3    16    14     514    (-,-) 
  m_uint/m_core/g90/Y                                       -       AN->Y  R     NAND2BXL       1  0.6    13    18     532    (-,-) 
  m_uint/m_core/g116/Y                                      -       S0->Y  R     MXI2XL         2  0.6    26    23     556    (-,-) 
  g1819__5526/Y                                             -       A->Y   F     XNOR2X2        1 50.0   181   149     705    (-,-) 
  R[7]                                                      -       -      F     (port)         -    -     -     0     705    (-,-) 
#-----------------------------------------------------------------------------------------------------------------------------------



Path 10: MET (48 ps) Late External Delay Assertion at pin R[1]
          Group: vclk
     Startpoint: (F) Conf_Bit_Mask[0]
          Clock: (R) vclk
       Endpoint: (R) R[1]
          Clock: (R) vclk

                     Capture       Launch     
        Clock Edge:+    1000            0     
        Drv Adjust:+       0            0     
       Src Latency:+       0            0     
       Net Latency:+       0 (I)        0 (I) 
           Arrival:=    1000            0     
                                              
      Output Delay:-     200                  
       Uncertainty:-      50                  
     Required Time:=     750                  
      Launch Clock:-       0                  
       Input Delay:-     200                  
         Data Path:-     502                  
             Slack:=      48                  

Exceptions/Constraints:
  input_delay              200             acbam_int8.sdc_line_14_21_1 
  output_delay             200             acbam_int8.sdc_line_15_34_1 

#-----------------------------------------------------------------------------------------------------
#        Timing Point          Flags   Arc   Edge   Cell     Fanout Load Trans Delay Arrival Instance 
#                                                                   (fF)  (ps)  (ps)   (ps)  Location 
#-----------------------------------------------------------------------------------------------------
  Conf_Bit_Mask[0]             -       -     F     (arrival)      4  3.0     0     0     200    (-,-) 
  m_uint/m_core/g14729__2802/Y -       A->Y  R     NAND2X2        3  1.5     9     9     209    (-,-) 
  m_uint/m_core/g15868/Y       -       B->Y  F     NAND2X1        5  1.4    24    19     228    (-,-) 
  m_uint/m_core/g158/Y         -       A0->Y R     OAI21XL        4  1.5    45    37     265    (-,-) 
  m_uint/m_core/g15349/Y       -       A->Y  F     NAND2X1        2  2.0    34    36     301    (-,-) 
  m_uint/m_core/fopt14842/Y    -       A->Y  F     CLKBUFX2       4  2.0    11    29     330    (-,-) 
  m_uint/m_core/fopt14840/Y    -       A->Y  R     INVX1          1  0.3     5     8     338    (-,-) 
  m_uint/m_core/g14433__7482/Y -       B->Y  R     AND3XL         2  0.8    13    37     375    (-,-) 
  g2736/Y                      -       A->Y  R     BUFX2          2 50.3   174   114     488    (-,-) 
  g1841__2346/Y                -       B->Y  F     NAND2XL        1  0.3    31    69     557    (-,-) 
  g1834__4733/Y                -       A->Y  R     XNOR2X2        1 50.0   176   144     702    (-,-) 
  R[1]                         -       -     R     (port)         -    -     -     0     702    (-,-) 
#-----------------------------------------------------------------------------------------------------



Path 11: MET (61 ps) Late External Delay Assertion at pin R[6]
          Group: vclk
     Startpoint: (F) B[0]
          Clock: (R) vclk
       Endpoint: (R) R[6]
          Clock: (R) vclk

                     Capture       Launch     
        Clock Edge:+    1000            0     
        Drv Adjust:+       0            0     
       Src Latency:+       0            0     
       Net Latency:+       0 (I)        0 (I) 
           Arrival:=    1000            0     
                                              
      Output Delay:-     200                  
       Uncertainty:-      50                  
     Required Time:=     750                  
      Launch Clock:-       0                  
       Input Delay:-     200                  
         Data Path:-     489                  
             Slack:=      61                  

Exceptions/Constraints:
  input_delay              200             acbam_int8.sdc_line_14_15_1 
  output_delay             200             acbam_int8.sdc_line_15_29_1 

#---------------------------------------------------------------------------------------------------------------------------------
#                      Timing Point                        Flags   Arc   Edge   Cell     Fanout Load Trans Delay Arrival Instance 
#                                                                                               (fF)  (ps)  (ps)   (ps)  Location 
#---------------------------------------------------------------------------------------------------------------------------------
  B[0]                                                     -       -     F     (arrival)     12 14.5     0     0     200    (-,-) 
  g45/Y                                                    -       A->Y  R     NOR2X8         4  2.6    10    13     213    (-,-) 
  g2868/Y                                                  -       A1->Y F     AOI21X2        1  0.5    15    16     230    (-,-) 
  g331/Y                                                   -       B->Y  R     CLKXOR2X1      4  1.6    15    33     263    (-,-) 
  m_uint/m_core/g15523/Y                                   -       B->Y  F     NAND2X1        3  2.2    34    26     289    (-,-) 
  m_uint/m_core/g69/Y                                      -       A0->Y R     OAI21X4        6  3.6    25    26     316    (-,-) 
  m_uint/m_core/g68/Y                                      -       A1->Y F     AOI21X1        2  0.6    20    24     339    (-,-) 
  m_uint/m_core/g138/Y                                     -       A->Y  F     OR2XL          1  0.4     7    27     366    (-,-) 
  m_uint/m_core/g16079/Y                                   -       B->Y  R     NAND2X1        2  0.6    10     9     375    (-,-) 
  m_uint/m_core/g16078/Y                                   -       A->Y  F     CLKXOR2X1      5  1.1    12    46     422    (-,-) 
  m_uint/m_core/fopt2/Y                                    -       A->Y  R     INVXL          2  0.6    10    11     432    (-,-) 
  m_uint/m_core/g15377/Y                                   -       A0->Y F     OAI21XL        1  0.4    19    20     452    (-,-) 
  m_uint/m_core/g88/Y                                      -       B->Y  R     NOR2X1         2  0.8    18    18     470    (-,-) 
  m_uint/m_core/g85/Y                                      -       B->Y  F     NOR2XL         1  0.5    13    13     483    (-,-) 
  m_uint/m_core/WALLACE_CSA_DUMMY_OP7_groupi_g5548__2346/Y -       B->Y  R     XNOR2X1        2  1.1    11    38     521    (-,-) 
  g29/Y                                                    -       B->Y  F     NOR2X1         2  0.5     9    10     531    (-,-) 
  g2841/Y                                                  -       AN->Y F     NAND2BX1       1  0.5    15    23     554    (-,-) 
  g1822__1617/Y                                            -       B->Y  R     XNOR2X2        1 50.0   176   135     689    (-,-) 
  R[6]                                                     -       -     R     (port)         -    -     -     0     689    (-,-) 
#---------------------------------------------------------------------------------------------------------------------------------



Path 12: MET (74 ps) Late External Delay Assertion at pin R[5]
          Group: vclk
     Startpoint: (R) B[0]
          Clock: (R) vclk
       Endpoint: (F) R[5]
          Clock: (R) vclk

                     Capture       Launch     
        Clock Edge:+    1000            0     
        Drv Adjust:+       0            0     
       Src Latency:+       0            0     
       Net Latency:+       0 (I)        0 (I) 
           Arrival:=    1000            0     
                                              
      Output Delay:-     200                  
       Uncertainty:-      50                  
     Required Time:=     750                  
      Launch Clock:-       0                  
       Input Delay:-     200                  
         Data Path:-     476                  
             Slack:=      74                  

Exceptions/Constraints:
  input_delay              200             acbam_int8.sdc_line_14_15_1 
  output_delay             200             acbam_int8.sdc_line_15_30_1 

#---------------------------------------------------------------------------------------------------------------------------------
#                      Timing Point                        Flags   Arc   Edge   Cell     Fanout Load Trans Delay Arrival Instance 
#                                                                                               (fF)  (ps)  (ps)   (ps)  Location 
#---------------------------------------------------------------------------------------------------------------------------------
  B[0]                                                     -       -     R     (arrival)     12 16.1     0     0     200    (-,-) 
  g45/Y                                                    -       A->Y  F     NOR2X8         4  2.4     7     9     209    (-,-) 
  g2866/Y                                                  -       A1->Y R     OAI21X1        1  1.0    24    20     228    (-,-) 
  g33/Y                                                    -       A->Y  F     NAND2X2        5  1.7    20    22     250    (-,-) 
  m_uint/m_core/g15/Y                                      -       AN->Y F     NAND2BX1       1  0.8    17    27     277    (-,-) 
  m_uint/m_core/g14/Y                                      -       B->Y  R     NAND2X2        8  3.2    19    15     292    (-,-) 
  m_uint/m_core/g14642__14952/Y                            -       B->Y  F     NAND2X1        2  0.6    16    17     309    (-,-) 
  m_uint/m_core/g14814__1617/Y                             -       AN->Y F     NAND2BX1       1  0.5    13    24     333    (-,-) 
  m_uint/m_core/g14479__6161/Y                             -       B->Y  R     XNOR2X1        1  1.0    11    37     370    (-,-) 
  m_uint/m_core/g15841/Y                                   -       B->Y  F     NOR2X2         2  0.7     8     9     379    (-,-) 
  m_uint/m_core/g15840/Y                                   -       A->Y  F     OR2X1          2  0.7     8    30     410    (-,-) 
  m_uint/m_core/g15517/Y                                   -       B->Y  R     NAND2X1        2  1.2    15    12     421    (-,-) 
  m_uint/m_core/WALLACE_CSA_DUMMY_OP7_groupi_g5555__2398/S -       CI->S F     ADDFX1         2  0.9    13    63     484    (-,-) 
  g31/Y                                                    -       B->Y  R     NOR2X1         2  0.8    18    16     500    (-,-) 
  g2927/Y                                                  -       B->Y  F     NAND2BX1       2  0.7    17    17     517    (-,-) 
  g1833__7482/Y                                            -       B->Y  R     NAND2XL        1  0.3    11    12     529    (-,-) 
  g1826__5122/Y                                            -       A->Y  F     XNOR2X2        1 50.0   181   147     676    (-,-) 
  R[5]                                                     -       -     F     (port)         -    -     -     0     676    (-,-) 
#---------------------------------------------------------------------------------------------------------------------------------



Path 13: MET (88 ps) Late External Delay Assertion at pin R[4]
          Group: vclk
     Startpoint: (R) B[0]
          Clock: (R) vclk
       Endpoint: (F) R[4]
          Clock: (R) vclk

                     Capture       Launch     
        Clock Edge:+    1000            0     
        Drv Adjust:+       0            0     
       Src Latency:+       0            0     
       Net Latency:+       0 (I)        0 (I) 
           Arrival:=    1000            0     
                                              
      Output Delay:-     200                  
       Uncertainty:-      50                  
     Required Time:=     750                  
      Launch Clock:-       0                  
       Input Delay:-     200                  
         Data Path:-     462                  
             Slack:=      88                  

Exceptions/Constraints:
  input_delay              200             acbam_int8.sdc_line_14_15_1 
  output_delay             200             acbam_int8.sdc_line_15_31_1 

#---------------------------------------------------------------------------------------------------------------------------------
#                      Timing Point                        Flags   Arc   Edge   Cell     Fanout Load Trans Delay Arrival Instance 
#                                                                                               (fF)  (ps)  (ps)   (ps)  Location 
#---------------------------------------------------------------------------------------------------------------------------------
  B[0]                                                     -       -     R     (arrival)     12 16.1     0     0     200    (-,-) 
  g45/Y                                                    -       A->Y  F     NOR2X8         4  2.4     7     9     209    (-,-) 
  g2866/Y                                                  -       A1->Y R     OAI21X1        1  1.0    24    20     228    (-,-) 
  g33/Y                                                    -       A->Y  F     NAND2X2        5  1.7    20    22     250    (-,-) 
  m_uint/m_core/g15/Y                                      -       AN->Y F     NAND2BX1       1  0.8    17    27     277    (-,-) 
  m_uint/m_core/g14/Y                                      -       B->Y  R     NAND2X2        8  3.2    19    15     292    (-,-) 
  m_uint/m_core/g14642__14952/Y                            -       B->Y  F     NAND2X1        2  0.6    16    17     309    (-,-) 
  m_uint/m_core/g14814__1617/Y                             -       AN->Y F     NAND2BX1       1  0.5    13    24     333    (-,-) 
  m_uint/m_core/g14479__6161/Y                             -       B->Y  R     XNOR2X1        1  1.0    11    37     370    (-,-) 
  m_uint/m_core/g15841/Y                                   -       B->Y  F     NOR2X2         2  0.7     8     9     379    (-,-) 
  m_uint/m_core/g15840/Y                                   -       A->Y  F     OR2X1          2  0.7     8    30     410    (-,-) 
  m_uint/m_core/g15517/Y                                   -       B->Y  R     NAND2X1        2  1.2    15    12     421    (-,-) 
  m_uint/m_core/WALLACE_CSA_DUMMY_OP7_groupi_g5555__2398/S -       CI->S F     ADDFX1         2  0.9    13    63     484    (-,-) 
  g31/Y                                                    -       B->Y  R     NOR2X1         2  0.8    18    16     500    (-,-) 
  g1837__9945/Y                                            -       B->Y  R     OR2XL          1  0.3     6    16     516    (-,-) 
  g1829__6131/Y                                            -       A->Y  F     XNOR2X2        1 50.0   181   146     662    (-,-) 
  R[4]                                                     -       -     F     (port)         -    -     -     0     662    (-,-) 
#---------------------------------------------------------------------------------------------------------------------------------



Path 14: MET (131 ps) Late External Delay Assertion at pin R[3]
          Group: vclk
     Startpoint: (R) B[0]
          Clock: (R) vclk
       Endpoint: (F) R[3]
          Clock: (R) vclk

                     Capture       Launch     
        Clock Edge:+    1000            0     
        Drv Adjust:+       0            0     
       Src Latency:+       0            0     
       Net Latency:+       0 (I)        0 (I) 
           Arrival:=    1000            0     
                                              
      Output Delay:-     200                  
       Uncertainty:-      50                  
     Required Time:=     750                  
      Launch Clock:-       0                  
       Input Delay:-     200                  
         Data Path:-     419                  
             Slack:=     131                  

Exceptions/Constraints:
  input_delay              200             acbam_int8.sdc_line_14_15_1 
  output_delay             200             acbam_int8.sdc_line_15_32_1 

#---------------------------------------------------------------------------------------------------------------------------------
#                      Timing Point                        Flags   Arc   Edge   Cell     Fanout Load Trans Delay Arrival Instance 
#                                                                                               (fF)  (ps)  (ps)   (ps)  Location 
#---------------------------------------------------------------------------------------------------------------------------------
  B[0]                                                     -       -     R     (arrival)     12 16.1     0     0     200    (-,-) 
  g45/Y                                                    -       A->Y  F     NOR2X8         4  2.4     7     9     209    (-,-) 
  g2866/Y                                                  -       A1->Y R     OAI21X1        1  1.0    24    20     228    (-,-) 
  g33/Y                                                    -       A->Y  F     NAND2X2        5  1.7    20    22     250    (-,-) 
  m_uint/m_core/g15/Y                                      -       AN->Y F     NAND2BX1       1  0.8    17    27     277    (-,-) 
  m_uint/m_core/g14/Y                                      -       B->Y  R     NAND2X2        8  3.2    19    15     292    (-,-) 
  m_uint/m_core/g14642__14952/Y                            -       B->Y  F     NAND2X1        2  0.6    16    17     309    (-,-) 
  m_uint/m_core/g15256/Y                                   -       A->Y  F     BUFX2          1  0.5     6    23     332    (-,-) 
  m_uint/m_core/g15255/Y                                   -       A->Y  R     NOR2X1         2  0.8    17    16     348    (-,-) 
  m_uint/m_core/WALLACE_CSA_DUMMY_OP7_groupi_g5519__6783/Y -       A->Y  F     XOR2XL         3  1.0    14    44     392    (-,-) 
  m_uint/m_core/g16024/Y                                   -       B->Y  F     CLKAND2X2      3  1.6    10    27     420    (-,-) 
  m_uint/m_core/WALLACE_CSA_DUMMY_OP7_groupi_g5555__2398/S -       B->S  R     ADDFX1         2  1.1    13    68     487    (-,-) 
  g1835__6161/Y                                            -       B->Y  F     XNOR2X2        1 50.0   181   132     619    (-,-) 
  R[3]                                                     -       -     F     (port)         -    -     -     0     619    (-,-) 
#---------------------------------------------------------------------------------------------------------------------------------



Path 15: MET (167 ps) Late External Delay Assertion at pin R[2]
          Group: vclk
     Startpoint: (R) B[0]
          Clock: (R) vclk
       Endpoint: (F) R[2]
          Clock: (R) vclk

                     Capture       Launch     
        Clock Edge:+    1000            0     
        Drv Adjust:+       0            0     
       Src Latency:+       0            0     
       Net Latency:+       0 (I)        0 (I) 
           Arrival:=    1000            0     
                                              
      Output Delay:-     200                  
       Uncertainty:-      50                  
     Required Time:=     750                  
      Launch Clock:-       0                  
       Input Delay:-     200                  
         Data Path:-     383                  
             Slack:=     167                  

Exceptions/Constraints:
  input_delay              200             acbam_int8.sdc_line_14_15_1 
  output_delay             200             acbam_int8.sdc_line_15_33_1 

#---------------------------------------------------------------------------------------------------------------------------------
#                      Timing Point                        Flags   Arc   Edge   Cell     Fanout Load Trans Delay Arrival Instance 
#                                                                                               (fF)  (ps)  (ps)   (ps)  Location 
#---------------------------------------------------------------------------------------------------------------------------------
  B[0]                                                     -       -     R     (arrival)     12 16.1     0     0     200    (-,-) 
  g45/Y                                                    -       A->Y  F     NOR2X8         4  2.4     7     9     209    (-,-) 
  g2866/Y                                                  -       A1->Y R     OAI21X1        1  1.0    24    20     228    (-,-) 
  g33/Y                                                    -       A->Y  F     NAND2X2        5  1.7    20    22     250    (-,-) 
  m_uint/m_core/g15/Y                                      -       AN->Y F     NAND2BX1       1  0.8    17    27     277    (-,-) 
  m_uint/m_core/g14/Y                                      -       B->Y  R     NAND2X2        8  3.2    19    15     292    (-,-) 
  m_uint/m_core/g14642__14952/Y                            -       B->Y  F     NAND2X1        2  0.6    16    17     309    (-,-) 
  m_uint/m_core/g15256/Y                                   -       A->Y  F     BUFX2          1  0.5     6    23     332    (-,-) 
  m_uint/m_core/g15255/Y                                   -       A->Y  R     NOR2X1         2  0.8    17    16     348    (-,-) 
  m_uint/m_core/WALLACE_CSA_DUMMY_OP7_groupi_g5519__6783/Y -       A->Y  F     XOR2XL         3  1.0    14    44     392    (-,-) 
  m_uint/m_core/g16024/Y                                   -       B->Y  F     CLKAND2X2      3  1.6    10    27     420    (-,-) 
  m_uint/m_core/g16277/Y                                   -       B0->Y R     AOI2BB1XL      2  0.9    26    22     442    (-,-) 
  g1836__9315/Y                                            -       B->Y  F     CLKXOR2X2      1 50.0   181   141     583    (-,-) 
  R[2]                                                     -       -     F     (port)         -    -     -     0     583    (-,-) 
#---------------------------------------------------------------------------------------------------------------------------------



Path 16: MET (262 ps) Late External Delay Assertion at pin R[0]
          Group: vclk
     Startpoint: (F) Conf_Bit_Mask[0]
          Clock: (R) vclk
       Endpoint: (R) R[0]
          Clock: (R) vclk

                     Capture       Launch     
        Clock Edge:+    1000            0     
        Drv Adjust:+       0            0     
       Src Latency:+       0            0     
       Net Latency:+       0 (I)        0 (I) 
           Arrival:=    1000            0     
                                              
      Output Delay:-     200                  
       Uncertainty:-      50                  
     Required Time:=     750                  
      Launch Clock:-       0                  
       Input Delay:-     200                  
         Data Path:-     288                  
             Slack:=     262                  

Exceptions/Constraints:
  input_delay              200             acbam_int8.sdc_line_14_21_1 
  output_delay             200             acbam_int8.sdc_line_15_35_1 

#-----------------------------------------------------------------------------------------------------
#        Timing Point          Flags   Arc   Edge   Cell     Fanout Load Trans Delay Arrival Instance 
#                                                                   (fF)  (ps)  (ps)   (ps)  Location 
#-----------------------------------------------------------------------------------------------------
  Conf_Bit_Mask[0]             -       -     F     (arrival)      4  3.0     0     0     200    (-,-) 
  m_uint/m_core/g14729__2802/Y -       A->Y  R     NAND2X2        3  1.5     9     9     209    (-,-) 
  m_uint/m_core/g15868/Y       -       B->Y  F     NAND2X1        5  1.4    24    19     228    (-,-) 
  m_uint/m_core/g158/Y         -       A0->Y R     OAI21XL        4  1.5    45    37     265    (-,-) 
  m_uint/m_core/g15349/Y       -       A->Y  F     NAND2X1        2  2.0    34    36     301    (-,-) 
  m_uint/m_core/fopt14842/Y    -       A->Y  F     CLKBUFX2       4  2.0    11    29     330    (-,-) 
  m_uint/m_core/fopt14840/Y    -       A->Y  R     INVX1          1  0.3     5     8     338    (-,-) 
  m_uint/m_core/g14433__7482/Y -       B->Y  R     AND3XL         2  0.8    13    37     375    (-,-) 
  g2736/Y                      -       A->Y  R     BUFX2          2 50.3   174   114     488    (-,-) 
  R[0]                         -       -     R     (port)         -    -     -     0     488    (-,-) 
#-----------------------------------------------------------------------------------------------------

