============================================================
  Generated by:           Genus(TM) Synthesis Solution 21.10-p002_1
  Generated on:           Apr 11 2026  04:04:46 pm
  Module:                 floating_point_mul_p_1_L0
  Technology libraries:   fast_vdd1v0 1.0
                          physical_cells 
  Operating conditions:   PVT_1P1V_0C 
  Interconnect mode:      global
  Area mode:              physical library
============================================================

Timing
--------

Clock Period 
-------------
VCLK  1000.0 


  Cost    Critical              Violating 
 Group   Path Slack     TNS       Paths   
------------------------------------------
default    No paths        0.0            
VCLK         -588.9   -17992.9         31 
------------------------------------------
Total                 -17992.9         31 

Instance Count
--------------
Leaf Instance Count             2445 
Physical Instance count            0 
Sequential Instance Count          0 
Combinational Instance Count    2445 
Hierarchical Instance Count        3 

Area
----
Cell Area                          6657.372
Physical Cell Area                 0.000
Total Cell Area (Cell+Physical)    6657.372
Net Area                           2840.656
Total Area (Cell+Physical+Net)     9498.028

Runtime                            0.0 seconds
Elapsed Runtime                    48 seconds
Genus peak memory usage            1752.10 
Innovus peak memory usage          no_value 
Hostname                           redhat315b
