Command: report datapath -all -print_inferred > ./genus/reports/floating_point_mul_p_1_L1/cadence_45nm/post_elaboration/syn_generic_datapath_report.rpt
============================================================
  Generated by:           Genus(TM) Synthesis Solution 21.10-p002_1
  Generated on:           Apr 11 2026  04:08:13 pm
  Module:                 floating_point_mul_p_1_L1
  Technology libraries:   fast_vdd1v0 1.0
                          physical_cells 
  Operating conditions:   PVT_1P1V_0C 
  Interconnect mode:      global
  Area mode:              physical library
============================================================


Inferred components

                Operator  Signedness   Inputs   Outputs CellArea Line Col       Filename       
===============================================================================================
floating_point_mul_p_1_L1
 add_28_40
  
  module:add_unsigned_55
   very_fast        +     unsigned   10x10      10        208.32   28  40 floating_point_mul_p 
                                                                          _1_L1.v              
===============================================================================================
floating_point_mul_p_1_L1
 add_28_55
  
  module:add_unsigned_55
   very_fast        +     unsigned   10x10      10        208.32   28  55 floating_point_mul_p 
                                                                          _1_L1.v              
===============================================================================================
floating_point_mul_p_1_L1
 m_approx_t
  add_108_34
   
   module:add_unsigned_4
    very_fast       +     unsigned   24x22      25        661.01  108  34 floating_point_mul_p 
                                                                          _1_L1.v              
===============================================================================================
floating_point_mul_p_1_L1
 m_approx_t
  add_109_24
   
   module:add_unsigned_6
    very_fast       +     unsigned   25x25      26        722.43  109  24 floating_point_mul_p 
                                                                          _1_L1.v              
===============================================================================================
floating_point_mul_p_1_L1
 m_approx_t
  add_109_34
   
   module:add_unsigned_4
    very_fast       +     unsigned   24x22      25        661.01  109  34 floating_point_mul_p 
                                                                          _1_L1.v              
===============================================================================================
floating_point_mul_p_1_L1
 m_approx_t
  add_113_34
   
   module:add_unsigned_22
    very_fast       +     unsigned   24x23      25        681.04  113  34 floating_point_mul_p 
                                                                          _1_L1.v              
===============================================================================================
floating_point_mul_p_1_L1
 m_approx_t
  add_113_50
   
   module:add_unsigned_12
    very_fast       +     unsigned   25x22      25        665.01  113  50 floating_point_mul_p 
                                                                          _1_L1.v              
===============================================================================================
floating_point_mul_p_1_L1
 m_approx_t
  add_114_24
   
   module:add_unsigned_6
    very_fast       +     unsigned   25x25      26        722.43  114  24 floating_point_mul_p 
                                                                          _1_L1.v              
===============================================================================================
floating_point_mul_p_1_L1
 m_approx_t
  add_119_24
   
   module:add_unsigned_6
    very_fast       +     unsigned   25x25      26        722.43  119  24 floating_point_mul_p 
                                                                          _1_L1.v              
===============================================================================================
floating_point_mul_p_1_L1
 m_approx_t
  add_119_34
   
   module:add_unsigned_22
    very_fast       +     unsigned   24x23      25        681.04  119  34 floating_point_mul_p 
                                                                          _1_L1.v              
===============================================================================================
floating_point_mul_p_1_L1
 m_approx_t
  add_119_50
   
   module:add_unsigned_12
    very_fast       +     unsigned   25x22      25        665.01  119  50 floating_point_mul_p 
                                                                          _1_L1.v              
===============================================================================================
floating_point_mul_p_1_L1
 m_approx_t
  add_124_24
   
   module:add_unsigned_6
    very_fast       +     unsigned   25x25      26        722.43  124  24 floating_point_mul_p 
                                                                          _1_L1.v              
===============================================================================================
floating_point_mul_p_1_L1
 m_approx_t
  add_170_24
   
   module:add_unsigned
    very_fast       +     unsigned   48x48      48       1605.11  170  24 floating_point_mul_p 
                                                                          _1_L1.v              
===============================================================================================
floating_point_mul_p_1_L1
 m_approx_t
  bms0
   add_200_31
    
    module:add_unsigned
     very_fast      +     unsigned   48x48      48       1605.11  200  31 floating_point_mul_p 
                                                                          _1_L1.v              
===============================================================================================
floating_point_mul_p_1_L1
 m_approx_t
  bms0
   mux_reg_r_192_19
    
    module:bmux
     very_fast binary_mux n/a        2x48x48x48 48        512.78  192  19 floating_point_mul_p 
                                     x48                                  _1_L1.v              
===============================================================================================
floating_point_mul_p_1_L1
 m_approx_t
  bms1
   add_200_31
    
    module:add_unsigned
     very_fast      +     unsigned   48x48      48       1605.11  200  31 floating_point_mul_p 
                                                                          _1_L1.v              
===============================================================================================
floating_point_mul_p_1_L1
 m_approx_t
  bms1
   mux_reg_r_192_19
    
    module:bmux
     very_fast binary_mux n/a        2x48x48x48 48        512.78  192  19 floating_point_mul_p 
                                     x48                                  _1_L1.v              
===============================================================================================
floating_point_mul_p_1_L1
 m_approx_t
  minus_154_65
   
   module:sub_signed
    very_fast       -     signed     1x25       25        739.79  154  65 floating_point_mul_p 
                                                                          _1_L1.v              
===============================================================================================
floating_point_mul_p_1_L1
 m_approx_t
  minus_161_65
   
   module:sub_signed
    very_fast       -     signed     1x25       25        739.79  161  65 floating_point_mul_p 
                                                                          _1_L1.v              
===============================================================================================
floating_point_mul_p_1_L1
 m_approx_t
  mux_127_49
   
   module:bmux_45
    very_fast  binary_mux n/a        1x48x48    48        256.39  127  49 floating_point_mul_p 
                                                                          _1_L1.v              
===============================================================================================
floating_point_mul_p_1_L1
 m_approx_t
  mux_128_49
   
   module:bmux_45
    very_fast  binary_mux n/a        1x48x48    48        256.39  128  49 floating_point_mul_p 
                                                                          _1_L1.v              
===============================================================================================
floating_point_mul_p_1_L1
 m_approx_t
  mux_129_49
   
   module:bmux_45
    very_fast  binary_mux n/a        1x48x48    48        256.39  129  49 floating_point_mul_p 
                                                                          _1_L1.v              
===============================================================================================
floating_point_mul_p_1_L1
 m_approx_t
  mux_139_26
   
   module:bmux_48
    very_fast  binary_mux n/a        1x1x1      1           5.34  139  26 floating_point_mul_p 
                                                                          _1_L1.v              
===============================================================================================
floating_point_mul_p_1_L1
 m_approx_t
  mux_140_46
   
   module:bmux_51
    very_fast  binary_mux n/a        1x2x2      2          10.68  140  46 floating_point_mul_p 
                                                                          _1_L1.v              
===============================================================================================
floating_point_mul_p_1_L1
 m_approx_t
  mux_141_46
   
   module:bmux_51
    very_fast  binary_mux n/a        1x2x2      2          10.68  141  46 floating_point_mul_p 
                                                                          _1_L1.v              
===============================================================================================
floating_point_mul_p_1_L1
 m_approx_t
  mux_142_46
   
   module:bmux_48
    very_fast  binary_mux n/a        1x1x1      1           5.34  142  46 floating_point_mul_p 
                                                                          _1_L1.v              
===============================================================================================
floating_point_mul_p_1_L1
 m_approx_t
  mux_154_30
   
   module:bmux_49
    very_fast  binary_mux n/a        1x25x25    25        133.54  154  30 floating_point_mul_p 
                                                                          _1_L1.v              
===============================================================================================
floating_point_mul_p_1_L1
 m_approx_t
  mux_161_30
   
   module:bmux_49
    very_fast  binary_mux n/a        1x25x25    25        133.54  161  30 floating_point_mul_p 
                                                                          _1_L1.v              
===============================================================================================
floating_point_mul_p_1_L1
 m_approx_t
  sub_110_24
   
   module:sub_unsigned
    very_fast       -     unsigned   26x24      48        750.47  110  24 floating_point_mul_p 
                                                                          _1_L1.v              
===============================================================================================
floating_point_mul_p_1_L1
 m_approx_t
  sub_115_24
   
   module:sub_unsigned_10
    very_fast       -     unsigned   26x25      48        770.50  115  24 floating_point_mul_p 
                                                                          _1_L1.v              
===============================================================================================
floating_point_mul_p_1_L1
 m_approx_t
  sub_120_24
   
   module:sub_unsigned_10
    very_fast       -     unsigned   26x25      48        770.50  120  24 floating_point_mul_p 
                                                                          _1_L1.v              
===============================================================================================
floating_point_mul_p_1_L1
 m_approx_t
  sub_125_24
   
   module:sub_unsigned_10
    very_fast       -     unsigned   26x25      48        770.50  125  24 floating_point_mul_p 
                                                                          _1_L1.v              
===============================================================================================
floating_point_mul_p_1_L1
 m_approx_t
  sub_147_50
   
   module:sub_unsigned_34
    very_fast       -     unsigned   24x24      25        729.11  147  50 floating_point_mul_p 
                                                                          _1_L1.v              
===============================================================================================
floating_point_mul_p_1_L1
 m_approx_t
  sub_148_50
   
   module:sub_unsigned_34
    very_fast       -     unsigned   24x24      25        729.11  148  50 floating_point_mul_p 
                                                                          _1_L1.v              
===============================================================================================
floating_point_mul_p_1_L1
 mux_45_32
  
  module:bmux_58
   very_fast   binary_mux n/a        1x23x23    23        122.85   45  32 floating_point_mul_p 
                                                                          _1_L1.v              
===============================================================================================
floating_point_mul_p_1_L1
 mux_54_25
  
  module:bmux_58
   very_fast   binary_mux n/a        1x23x23    23        122.85   54  25 floating_point_mul_p 
                                                                          _1_L1.v              
===============================================================================================
floating_point_mul_p_1_L1
 mux_54_49
  
  module:bmux_58
   very_fast   binary_mux n/a        1x23x23    23        122.85   54  49 floating_point_mul_p 
                                                                          _1_L1.v              
===============================================================================================
floating_point_mul_p_1_L1
 mux_55_20
  
  module:bmux_61
   very_fast   binary_mux n/a        1x8x8      8          42.73   55  20 floating_point_mul_p 
                                                                          _1_L1.v              
===============================================================================================
floating_point_mul_p_1_L1
 mux_55_40
  
  module:bmux_61
   very_fast   binary_mux n/a        1x8x8      8          42.73   55  40 floating_point_mul_p 
                                                                          _1_L1.v              
===============================================================================================

      Type       CellArea Percentage 
-------------------------------------
datapath modules 18135.58      87.41 
external muxes    2547.87      12.28 
others              64.10       0.31 
-------------------------------------
total            20747.55     100.00 

