============================================================
  Generated by:           Genus(TM) Synthesis Solution 21.10-p002_1
  Generated on:           Apr 11 2026  04:18:46 pm
  Module:                 floating_point_mul_p_2_L2
  Technology libraries:   fast_vdd1v0 1.0
                          physical_cells 
  Operating conditions:   PVT_1P1V_0C 
  Interconnect mode:      global
  Area mode:              physical library
============================================================

Timing
--------

Clock Period 
-------------
clk   1000.0 


  Cost    Critical         Violating 
 Group   Path Slack  TNS     Paths   
-------------------------------------
clk            14.2   0.0          0 
default    No paths   0.0            
-------------------------------------
Total                 0.0          0 

Instance Count
--------------
Leaf Instance Count             2388 
Physical Instance count            0 
Sequential Instance Count        169 
Combinational Instance Count    2219 
Hierarchical Instance Count        3 

Area
----
Cell Area                          6084.522
Physical Cell Area                 0.000
Total Cell Area (Cell+Physical)    6084.522
Net Area                           2775.960
Total Area (Cell+Physical+Net)     8860.482

Runtime                            0.0 seconds
Elapsed Runtime                    44 seconds
Genus peak memory usage            1751.50 
Innovus peak memory usage          no_value 
Hostname                           redhat315b
