============================================================
  Generated by:           Genus(TM) Synthesis Solution 21.10-p002_1
  Generated on:           Apr 11 2026  03:07:08 pm
  Module:                 fixed_point_mul_p_0_L5
  Technology libraries:   fast_vdd1v0 1.0
                          physical_cells 
  Operating conditions:   PVT_1P1V_0C 
  Interconnect mode:      global
  Area mode:              physical library
============================================================

       Instance                    Module              Cell Count  Cell Area  Net Area   Combinational   Buffer   Inverter   Flop   Latch   Clock-Gate   Memory   Macro   Total Area 
-------------------------------------------------------------------------------------------------------------------------------------------------------------------------------------
fixed_point_mul_p_0_L5                                       1012   3099.546  1122.183        2512.674  220.932    365.940  0.000   0.000        0.000    0.000   0.000     4221.729 
  m_unsigned_int_mul   unsigned_int_mul                       871   2620.404   923.781        2095.776  199.728    324.900  0.000   0.000        0.000    0.000   0.000     3544.185 
    lod_a              leading_one_detector_WIDTH8             19     70.110    12.943          56.430    6.156      7.524  0.000   0.000        0.000    0.000   0.000       83.053 
    lod_b              leading_one_detector_WIDTH8_89          20     68.400    13.323          53.010    4.104     11.286  0.000   0.000        0.000    0.000   0.000       81.723 
    m_approx_t         approx_t_WIDTH8                        499   1537.974   520.210        1248.642  107.388    181.944  0.000   0.000        0.000    0.000   0.000     2058.184 
      bms0             bit_mask_sel_WIDTH16                   120    423.054   113.655         384.750    3.078     35.226  0.000   0.000        0.000    0.000   0.000      536.709 
      bms1             bit_mask_sel_WIDTH16_88                 36     68.400    30.923          59.166    2.052      7.182  0.000   0.000        0.000    0.000   0.000       99.323 
      bms2             bit_mask_sel_WIDTH16_87                 25     40.356    21.001          34.200    4.104      2.052  0.000   0.000        0.000    0.000   0.000       61.357 
