============================================================
  Generated by:           Genus(TM) Synthesis Solution 21.10-p002_1
  Generated on:           Jun 19 2026  11:40:40 am
  Module:                 scaletrim_int8
  Technology library:     fast_vdd1v0 1.0
  Operating conditions:   PVT_1P1V_0C (balanced_tree)
  Wireload mode:          enclosed
  Area mode:              timing library
============================================================

                                 Leakage  
   Gate    Instances    Area   Power (nW)     Library    
---------------------------------------------------------
ADDFX1             1     5.130      0.316    fast_vdd1v0 
AND2X1             6     8.208      0.558    fast_vdd1v0 
AND2XL            23    31.464      1.795    fast_vdd1v0 
AND3XL             3     6.156      0.262    fast_vdd1v0 
AO21XL             1     2.394      0.097    fast_vdd1v0 
AOI21X1           19    32.490      1.977    fast_vdd1v0 
AOI21X2            3     8.208      0.616    fast_vdd1v0 
AOI21X4            1     5.130      0.352    fast_vdd1v0 
AOI21XL            9    15.390      0.663    fast_vdd1v0 
AOI22XL            2     4.104      0.171    fast_vdd1v0 
AOI2BB1X1         13    26.676      1.690    fast_vdd1v0 
AOI2BB1XL          9    18.468      1.014    fast_vdd1v0 
AOI31X1            3     6.156      0.425    fast_vdd1v0 
BUFX12             2    10.260      1.202    fast_vdd1v0 
BUFX16             2    13.680      1.645    fast_vdd1v0 
BUFX2             11    18.810      1.328    fast_vdd1v0 
BUFX20             1     8.208      1.032    fast_vdd1v0 
BUFX8              1     3.762      0.413    fast_vdd1v0 
CLKAND2X2          2     4.104      0.273    fast_vdd1v0 
CLKBUFX2           7    11.970      0.827    fast_vdd1v0 
CLKBUFX20          2    16.416      2.054    fast_vdd1v0 
CLKBUFX8           1     3.762      0.387    fast_vdd1v0 
CLKINVX12          3    12.312      1.443    fast_vdd1v0 
CLKINVX16          1     5.472      0.683    fast_vdd1v0 
CLKINVX4           1     1.710      0.168    fast_vdd1v0 
CLKINVX8           1     3.078      0.296    fast_vdd1v0 
CLKXOR2X1          3     8.208      0.545    fast_vdd1v0 
INVX1             57    38.988      2.669    fast_vdd1v0 
INVX2             12    12.312      1.043    fast_vdd1v0 
INVX3              1     1.368      0.126    fast_vdd1v0 
INVXL            149   101.916      5.045    fast_vdd1v0 
MX2XL              1     2.394      0.145    fast_vdd1v0 
MXI2X1             6    16.416      0.872    fast_vdd1v0 
MXI2X8             2    12.312      1.017    fast_vdd1v0 
MXI2XL            20    47.880      2.165    fast_vdd1v0 
NAND2BX1          20    27.360      2.055    fast_vdd1v0 
NAND2BX2           2     4.788      0.312    fast_vdd1v0 
NAND2BX4           1     3.762      0.302    fast_vdd1v0 
NAND2BXL          44    60.192      3.539    fast_vdd1v0 
NAND2X1           85    87.210      5.997    fast_vdd1v0 
NAND2X2           42    71.820      5.550    fast_vdd1v0 
NAND2X4            6    18.878      1.588    fast_vdd1v0 
NAND2XL           88    90.288      4.102    fast_vdd1v0 
NAND3BX1           4     8.208      0.498    fast_vdd1v0 
NAND3BXL          13    22.230      1.147    fast_vdd1v0 
NAND3X1           11    18.810      0.961    fast_vdd1v0 
NAND3X2            2     5.472      0.346    fast_vdd1v0 
NAND3XL            9    15.390      0.538    fast_vdd1v0 
NOR2BX1           48    65.664      5.045    fast_vdd1v0 
NOR2BX2            2     5.472      0.385    fast_vdd1v0 
NOR2BX4            1     3.762      0.329    fast_vdd1v0 
NOR2BXL           14    23.940      1.236    fast_vdd1v0 
NOR2X1            83    85.158      6.183    fast_vdd1v0 
NOR2X2            30    51.300      4.189    fast_vdd1v0 
NOR2X4            12    36.936      3.116    fast_vdd1v0 
NOR2X6             2     8.208      0.794    fast_vdd1v0 
NOR2XL            81    83.106      3.801    fast_vdd1v0 
NOR3BX1            2     4.104      0.220    fast_vdd1v0 
NOR3BX2            1     3.420      0.176    fast_vdd1v0 
NOR3BXL            1     2.052      0.100    fast_vdd1v0 
NOR3X1             7    11.970      0.800    fast_vdd1v0 
NOR3X2             1     2.736      0.222    fast_vdd1v0 
NOR3X4             1     5.130      0.473    fast_vdd1v0 
NOR3XL             4     6.840      0.214    fast_vdd1v0 
OA21X1             3     6.156      0.334    fast_vdd1v0 
OA21XL             1     2.736      0.096    fast_vdd1v0 
OA22X1             1     2.394      0.123    fast_vdd1v0 
OAI211X1           1     1.710      0.132    fast_vdd1v0 
OAI21X1           19    32.490      1.870    fast_vdd1v0 
OAI21X2            8    24.624      1.455    fast_vdd1v0 
OAI21X4            1     4.788      0.371    fast_vdd1v0 
OAI21XL           13    22.230      0.823    fast_vdd1v0 
OAI22X2            1     3.420      0.248    fast_vdd1v0 
OAI22XL            2     4.104      0.138    fast_vdd1v0 
OAI2BB1X1         34    58.140      4.034    fast_vdd1v0 
OAI2BB1XL         11    22.572      1.033    fast_vdd1v0 
OAI31X4            2    13.680      0.928    fast_vdd1v0 
OAI31XL            1     2.394      0.071    fast_vdd1v0 
OAI32X1            1     2.394      0.184    fast_vdd1v0 
OR2X1              5     6.840      0.461    fast_vdd1v0 
OR2X2              1     1.710      0.136    fast_vdd1v0 
OR2XL             28    38.304      2.442    fast_vdd1v0 
OR3XL              2     4.104      0.207    fast_vdd1v0 
OR4X1              2     4.104      0.223    fast_vdd1v0 
XNOR2X1           13    31.122      2.353    fast_vdd1v0 
XNOR2X2            2     6.156      0.448    fast_vdd1v0 
XNOR2XL            3     8.208      0.507    fast_vdd1v0 
XNOR3XL            1     7.524      0.362    fast_vdd1v0 
XOR2XL             9    24.624      1.487    fast_vdd1v0 
---------------------------------------------------------
total           1161  1696.046    109.999                


                                           Leakage  Leakage 
     Type      Instances   Area   Area % Power (nW) Power % 
------------------------------------------------------------
inverter             225  177.156   10.4     11.474    10.4 
buffer                27   86.868    5.1      8.887     8.1 
logic                909 1432.022   84.4     89.638    81.5 
physical_cells         0    0.000    0.0      0.000     0.0 
------------------------------------------------------------
total               1161 1696.046  100.0    109.999   100.0 

