============================================================
  Generated by:           Genus(TM) Synthesis Solution 21.10-p002_1
  Generated on:           Jun 19 2026  11:40:40 am
  Module:                 scaletrim_int8
  Operating conditions:   PVT_1P1V_0C (balanced_tree)
  Wireload mode:          enclosed
  Area mode:              timing library
============================================================


Path 1: VIOLATED (-284 ps) Late External Delay Assertion at pin R[15]
          Group: vclk
     Startpoint: (F) B[0]
          Clock: (R) vclk
       Endpoint: (R) R[15]
          Clock: (R) vclk

                     Capture       Launch     
        Clock Edge:+    1000            0     
        Drv Adjust:+       0            0     
       Src Latency:+       0            0     
       Net Latency:+       0 (I)        0 (I) 
           Arrival:=    1000            0     
                                              
      Output Delay:-     200                  
       Uncertainty:-      50                  
     Required Time:=     750                  
      Launch Clock:-       0                  
       Input Delay:-     200                  
         Data Path:-     834                  
             Slack:=    -284                  

Exceptions/Constraints:
  input_delay              200             scaletrim_int8.sdc_line_14_15_1 
  output_delay             200             scaletrim_int8.sdc_line_15      

#------------------------------------------------------------------------------------------------
#     Timing Point       Flags    Arc   Edge   Cell     Fanout Load Trans Delay Arrival Instance 
#                                                              (fF)  (ps)  (ps)   (ps)  Location 
#------------------------------------------------------------------------------------------------
  B[0]                   -       -      F     (arrival)     11 11.7     0     0     200    (-,-) 
  g268/Y                 -       A0->Y  R     OAI31X4        1  0.8    20    25     225    (-,-) 
  g267/Y                 -       S0->Y  R     MXI2X1         3  1.1    27    27     252    (-,-) 
  m_uint/m_core/g24293/Y -       B->Y   F     NOR2X1         1  0.9    13    16     268    (-,-) 
  m_uint/m_core/g24427/Y -       A1->Y  R     OAI21X2        3  2.7    29    24     292    (-,-) 
  m_uint/m_core/g24552/Y -       B->Y   F     NAND2X4        7  3.0    22    21     312    (-,-) 
  m_uint/m_core/g40/Y    -       S0->Y  F     MXI2XL         2  0.5    23    24     336    (-,-) 
  m_uint/m_core/g25750/Y -       A1N->Y F     OAI2BB1X1      1  0.8    17    27     362    (-,-) 
  m_uint/m_core/g57/Y    -       B->Y   R     NOR2X2         5  1.7    19    17     380    (-,-) 
  m_uint/m_core/g25355/Y -       B->Y   F     NOR2X1         1  0.4     9    12     392    (-,-) 
  m_uint/m_core/g46/Y    -       B0->Y  R     AOI21X1        1  1.0    23    19     411    (-,-) 
  m_uint/m_core/g371/Y   -       A->Y   F     NAND2X2        2  1.3    17    20     430    (-,-) 
  m_uint/m_core/g25756/Y -       A->Y   R     NOR2X2         2  1.3    16    18     448    (-,-) 
  m_uint/m_core/g25755/Y -       A1->Y  F     OAI21X2        5  1.7    23    21     469    (-,-) 
  m_uint/m_core/g25796/Y -       A1N->Y F     OAI2BB1X1      3  0.9    18    27     496    (-,-) 
  m_uint/m_core/g24366/Y -       B->Y   R     XOR2XL         2  1.0    15    31     527    (-,-) 
  m_uint/m_core/g25233/Y -       B->Y   F     NAND2X1        2  0.8    17    17     544    (-,-) 
  m_uint/m_core/g25231/Y -       C->Y   R     NAND3BX1       3  1.1    16    14     559    (-,-) 
  m_uint/m_core/g25013/Y -       AN->Y  R     NOR2BX1        1  0.6    17    24     583    (-,-) 
  m_uint/m_core/g111/Y   -       B->Y   F     XOR2XL         2  0.4     7    34     616    (-,-) 
  m_uint/m_core/g24685/Y -       B->Y   R     NOR2XL         4  1.4    37    25     642    (-,-) 
  m_uint/m_core/g230/Y   -       B0->Y  F     AOI2BB1X1      2  0.5    14    20     661    (-,-) 
  m_uint/m_core/g23410/Y -       A1N->Y F     OAI2BB1X1      2  0.9    19    26     687    (-,-) 
  m_uint/m_core/g25046/Y -       S0->Y  F     MXI2XL         2  0.5    22    23     711    (-,-) 
  m_uint/m_core/g24861/Y -       B->Y   R     NAND2XL        2  0.6    13    15     726    (-,-) 
  m_uint/m_core/g28/Y    -       B->Y   R     AND2XL         3  0.9    13    26     752    (-,-) 
  m_uint/m_core/g19/Y    -       B->Y   R     OR2XL          1  1.0    14    19     771    (-,-) 
  m_uint/m_core/g25604/Y -       A->Y   F     NAND2X2        4  1.6    18    19     790    (-,-) 
  m_uint/m_core/g24547/Y -       A1N->Y F     OAI2BB1XL      1  0.4    15    22     812    (-,-) 
  m_uint/m_core/g25558/Y -       B->Y   R     NAND2X1        4  1.2    14    13     825    (-,-) 
  m_uint/m_core/g155/Y   -       B->Y   F     NAND2BXL       1  0.2    11    13     838    (-,-) 
  m_uint/m_core/g24133/Y -       A->Y   R     INVXL          2  0.6    10    11     849    (-,-) 
  m_uint/m_core/g458/Y   -       B->Y   F     NOR2XL         1  0.5    11    10     859    (-,-) 
  m_uint/m_core/g84/Y    -       A0->Y  R     OAI21X1        1  0.5    18    20     879    (-,-) 
  m_uint/m_core/g24419/Y -       A->Y   F     NAND2X1        3  0.8    18    20     898    (-,-) 
  g6196/Y                -       B->Y   R     NOR2X1         1  0.3    12    14     912    (-,-) 
  g6195/Y                -       B->Y   F     NAND2BXL       1  0.2    11    12     925    (-,-) 
  g22/Y                  -       B->Y   R     NOR2XL         1  0.3    14    13     938    (-,-) 
  g71/Y                  -       A0->Y  F     AOI21XL        1  0.5    22    22     960    (-,-) 
  g103/Y                 -       B->Y   R     CLKXOR2X1      1  1.9    17    35     996    (-,-) 
  g102/Y                 -       A->Y   R     BUFX16         1 50.0    30    38    1034    (-,-) 
  R[15]                  -       -      R     (port)         -    -     -     0    1034    (-,-) 
#------------------------------------------------------------------------------------------------



Path 2: VIOLATED (-284 ps) Late External Delay Assertion at pin R[11]
          Group: vclk
     Startpoint: (R) A[0]
          Clock: (R) vclk
       Endpoint: (F) R[11]
          Clock: (R) vclk

                     Capture       Launch     
        Clock Edge:+    1000            0     
        Drv Adjust:+       0            0     
       Src Latency:+       0            0     
       Net Latency:+       0 (I)        0 (I) 
           Arrival:=    1000            0     
                                              
      Output Delay:-     200                  
       Uncertainty:-      50                  
     Required Time:=     750                  
      Launch Clock:-       0                  
       Input Delay:-     200                  
         Data Path:-     834                  
             Slack:=    -284                  

Exceptions/Constraints:
  input_delay              200             scaletrim_int8.sdc_line_14_7_1  
  output_delay             200             scaletrim_int8.sdc_line_15_24_1 

#------------------------------------------------------------------------------------------------------
#        Timing Point          Flags    Arc   Edge   Cell     Fanout Load Trans Delay Arrival Instance 
#                                                                    (fF)  (ps)  (ps)   (ps)  Location 
#------------------------------------------------------------------------------------------------------
  A[0]                         -       -      R     (arrival)     10 11.0     0     0     200    (-,-) 
  g65/Y                        -       A->Y   F     NAND2X4        1  0.5     8    11     211    (-,-) 
  g5761/Y                      -       S0->Y  F     MXI2XL         1  0.2    16    19     229    (-,-) 
  m_uint/m_core/g24970/Y       -       A->Y   R     INVXL          2  0.6    11    13     242    (-,-) 
  m_uint/m_core/g22605__6260/Y -       A->Y   R     OR2XL          1  0.9    13    21     263    (-,-) 
  m_uint/m_core/g25767/Y       -       B->Y   F     NAND2X2        1  1.7    19    17     280    (-,-) 
  m_uint/m_core/g25912/Y       -       B->Y   R     NAND2BX4       3  2.7    11    11     291    (-,-) 
  m_uint/m_core/g25724/Y       -       A1->Y  F     AOI21X4        8  3.1    24    21     312    (-,-) 
  m_uint/m_core/g24968/Y       -       S0->Y  F     MXI2XL         1  0.4    22    23     335    (-,-) 
  m_uint/m_core/g25594/Y       -       B->Y   R     NAND2X1        2  1.0    13    15     350    (-,-) 
  m_uint/m_core/g24984/Y       -       B->Y   F     NAND2X1        1  0.8    17    16     366    (-,-) 
  m_uint/m_core/g25914/Y       -       B->Y   R     NAND2BX2       1  0.9     9    11     377    (-,-) 
  m_uint/m_core/g25779/Y       -       B->Y   F     NAND2X2        4  1.7    19    16     393    (-,-) 
  m_uint/m_core/g25733/Y       -       A1N->Y F     OAI2BB1XL      2  0.4    16    22     415    (-,-) 
  m_uint/m_core/g25451/Y       -       B->Y   R     NOR2XL         1  0.3    14    15     430    (-,-) 
  m_uint/m_core/g24229/Y       -       B->Y   F     NAND2BXL       2  0.4    15    15     446    (-,-) 
  m_uint/m_core/g24227/Y       -       B0->Y  R     OAI21XL        1  0.3    19    11     457    (-,-) 
  m_uint/m_core/g23929/Y       -       A->Y   F     XNOR2XL        3  0.8    12    43     500    (-,-) 
  m_uint/m_core/g24962/Y       -       A1->Y  R     AOI21X1        2  0.8    21    19     519    (-,-) 
  m_uint/m_core/g25/Y          -       B->Y   F     NAND2X1        2  1.3    24    22     541    (-,-) 
  m_uint/m_core/g25096/Y       -       B->Y   R     NAND2BX1       1  0.9    13    15     556    (-,-) 
  m_uint/m_core/g25150/Y       -       B0->Y  F     OAI21X2        3  1.0    18    18     575    (-,-) 
  m_uint/m_core/g25014/Y       -       A1->Y  R     AOI21X1        2  0.8    22    21     596    (-,-) 
  m_uint/m_core/g25713/Y       -       A->Y   F     INVX1          3  0.6     9    13     608    (-,-) 
  m_uint/m_core/g24303/Y       -       B->Y   R     NAND2XL        2  0.6    12    11     619    (-,-) 
  m_uint/m_core/g24301/Y       -       B->Y   F     NAND2XL        1  0.4    15    15     634    (-,-) 
  m_uint/m_core/g24789/Y       -       B->Y   R     NAND2X1        1  0.9    11    12     646    (-,-) 
  m_uint/m_core/g24788/Y       -       B->Y   F     NAND2X2        3  1.0    15    14     660    (-,-) 
  m_uint/m_core/g197/Y         -       B->Y   R     NOR2X1         3  1.1    22    19     679    (-,-) 
  m_uint/m_core/g25512/Y       -       B->Y   F     NAND2X1        2  0.7    17    19     698    (-,-) 
  m_uint/m_core/g25514/Y       -       S0->Y  F     MXI2XL         2  0.5    22    23     721    (-,-) 
  m_uint/m_core/g21976__8246/Y -       A1->Y  R     OAI21XL        2  0.6    26    25     746    (-,-) 
  m_uint/m_core/g25651/Y       -       B->Y   F     NAND2BXL       1  0.4    17    20     765    (-,-) 
  m_uint/m_core/g25648/Y       -       C->Y   R     NAND3X1        3  0.9    15    14     779    (-,-) 
  m_uint/m_core/g25674/Y       -       A1N->Y R     OAI2BB1X1      1  0.9    13    29     808    (-,-) 
  m_uint/m_core/g494/Y         -       B->Y   F     NAND2X2        3  1.0    15    15     822    (-,-) 
  m_uint/m_core/g25573/Y       -       B->Y   R     NAND2X1        3  0.9    13    12     834    (-,-) 
  m_uint/m_core/g25572/Y       -       A0->Y  F     OAI21XL        1  0.4    19    21     855    (-,-) 
  m_uint/m_core/g24421/Y       -       B->Y   R     NAND2BX1       1  1.0    12    14     869    (-,-) 
  m_uint/m_core/g14/Y          -       A->Y   F     NAND2X2        4  1.2    15    17     886    (-,-) 
  g88/Y                        -       B->Y   R     NOR2XL         1  0.5    18    17     903    (-,-) 
  g6113/Y                      -       A->Y   F     NAND2X1        2  0.6    15    18     921    (-,-) 
  g75/Y                        -       A->Y   R     INVXL          2  0.8    13    13     934    (-,-) 
  g6116/Y                      -       B->Y   F     NAND2X1        3  1.1    21    18     953    (-,-) 
  g6244/Y                      -       B->Y   R     NOR2BX1        1  1.0    21    20     973    (-,-) 
  g81/Y                        -       A1->Y  F     OAI21X2        1  2.1    27    24     996    (-,-) 
  fopt/Y                       -       A->Y   F     CLKBUFX20      1 50.0    28    37    1034    (-,-) 
  R[11]                        -       -      F     (port)         -    -     -     0    1034    (-,-) 
#------------------------------------------------------------------------------------------------------



Path 3: VIOLATED (-282 ps) Late External Delay Assertion at pin R[14]
          Group: vclk
     Startpoint: (F) B[0]
          Clock: (R) vclk
       Endpoint: (F) R[14]
          Clock: (R) vclk

                     Capture       Launch     
        Clock Edge:+    1000            0     
        Drv Adjust:+       0            0     
       Src Latency:+       0            0     
       Net Latency:+       0 (I)        0 (I) 
           Arrival:=    1000            0     
                                              
      Output Delay:-     200                  
       Uncertainty:-      50                  
     Required Time:=     750                  
      Launch Clock:-       0                  
       Input Delay:-     200                  
         Data Path:-     832                  
             Slack:=    -282                  

Exceptions/Constraints:
  input_delay              200             scaletrim_int8.sdc_line_14_15_1 
  output_delay             200             scaletrim_int8.sdc_line_15_21_1 

#----------------------------------------------------------------------------------------------------------------
#             Timing Point               Flags    Arc   Edge   Cell     Fanout Load Trans Delay Arrival Instance 
#                                                                              (fF)  (ps)  (ps)   (ps)  Location 
#----------------------------------------------------------------------------------------------------------------
  B[0]                                   -       -      F     (arrival)     11 11.7     0     0     200    (-,-) 
  g268/Y                                 -       A0->Y  R     OAI31X4        1  0.8    20    25     225    (-,-) 
  g267/Y                                 -       S0->Y  R     MXI2X1         3  1.1    27    27     252    (-,-) 
  m_uint/m_core/g24293/Y                 -       B->Y   F     NOR2X1         1  0.9    13    16     268    (-,-) 
  m_uint/m_core/g24427/Y                 -       A1->Y  R     OAI21X2        3  2.7    29    24     292    (-,-) 
  m_uint/m_core/g24552/Y                 -       B->Y   F     NAND2X4        7  3.0    22    21     312    (-,-) 
  m_uint/m_core/g40/Y                    -       S0->Y  F     MXI2XL         2  0.5    23    24     336    (-,-) 
  m_uint/m_core/g25750/Y                 -       A1N->Y F     OAI2BB1X1      1  0.8    17    27     362    (-,-) 
  m_uint/m_core/g57/Y                    -       B->Y   R     NOR2X2         5  1.7    19    17     380    (-,-) 
  m_uint/m_core/g25355/Y                 -       B->Y   F     NOR2X1         1  0.4     9    12     392    (-,-) 
  m_uint/m_core/g46/Y                    -       B0->Y  R     AOI21X1        1  1.0    23    19     411    (-,-) 
  m_uint/m_core/g371/Y                   -       A->Y   F     NAND2X2        2  1.3    17    20     430    (-,-) 
  m_uint/m_core/g25756/Y                 -       A->Y   R     NOR2X2         2  1.3    16    18     448    (-,-) 
  m_uint/m_core/g25755/Y                 -       A1->Y  F     OAI21X2        5  1.7    23    21     469    (-,-) 
  m_uint/m_core/g25796/Y                 -       A1N->Y F     OAI2BB1X1      3  0.9    18    27     496    (-,-) 
  m_uint/m_core/g24366/Y                 -       B->Y   R     XOR2XL         2  1.0    15    31     527    (-,-) 
  m_uint/m_core/g25233/Y                 -       B->Y   F     NAND2X1        2  0.8    17    17     544    (-,-) 
  m_uint/m_core/g25231/Y                 -       C->Y   R     NAND3BX1       3  1.1    16    14     559    (-,-) 
  m_uint/m_core/g25013/Y                 -       AN->Y  R     NOR2BX1        1  0.6    17    24     583    (-,-) 
  m_uint/m_core/g111/Y                   -       B->Y   F     XOR2XL         2  0.4     7    34     616    (-,-) 
  m_uint/m_core/g24685/Y                 -       B->Y   R     NOR2XL         4  1.4    37    25     642    (-,-) 
  m_uint/m_core/g230/Y                   -       B0->Y  F     AOI2BB1X1      2  0.5    14    20     661    (-,-) 
  m_uint/m_core/g23410/Y                 -       A1N->Y F     OAI2BB1X1      2  0.9    19    26     687    (-,-) 
  m_uint/m_core/g25046/Y                 -       S0->Y  F     MXI2XL         2  0.5    22    23     711    (-,-) 
  m_uint/m_core/g24360/Y                 -       A->Y   F     AND2X1         4  1.3    12    23     734    (-,-) 
  m_uint/m_core/g25649/Y                 -       A1->Y  R     OAI21X1        1  0.5    18    18     752    (-,-) 
  m_uint/m_core/g25648/Y                 -       A->Y   F     NAND3X1        3  0.8    28    30     781    (-,-) 
  m_uint/m_core/g24449/Y                 -       A->Y   R     INVXL          1  0.5    11    16     797    (-,-) 
  m_uint/m_core/g24448/Y                 -       A1->Y  F     OAI21X1        2  0.6    18    17     814    (-,-) 
  m_uint/m_core/add_206_58_g6220__6783/Y -       B->Y   R     NAND2XL        2  0.6    13    14     828    (-,-) 
  m_uint/m_core/add_206_58_g6156__1705/Y -       AN->Y  R     NOR2BX1        2  0.6    15    24     852    (-,-) 
  m_uint/m_core/g263/Y                   -       A->Y   F     INVXL          1  0.3     6    10     862    (-,-) 
  m_uint/m_core/g253/Y                   -       B->Y   R     MXI2XL         1  0.3    22    19     881    (-,-) 
  m_uint/m_core/g11090__1881/Y           -       B->Y   R     AND2XL         2  0.6    10    25     906    (-,-) 
  g5694/Y                                -       A->Y   F     INVXL          2  0.5     8    10     916    (-,-) 
  g146/Y                                 -       A->Y   R     INVXL          3  1.1    15    13     928    (-,-) 
  g6230/Y                                -       B->Y   F     NOR2X1         2  0.6    11    11     940    (-,-) 
  g6226/Y                                -       A->Y   R     NAND2XL        1  0.9    16    15     954    (-,-) 
  g1/Y                                   -       C->Y   F     NAND3X2        1  2.5    39    30     984    (-,-) 
  g6231/Y                                -       B->Y   R     NOR2X6         1  7.5    28    23    1007    (-,-) 
  g6199/Y                                -       A->Y   F     CLKINVX16      1 50.0    32    25    1032    (-,-) 
  R[14]                                  -       -      F     (port)         -    -     -     0    1032    (-,-) 
#----------------------------------------------------------------------------------------------------------------



Path 4: VIOLATED (-282 ps) Late External Delay Assertion at pin R[13]
          Group: vclk
     Startpoint: (R) A[0]
          Clock: (R) vclk
       Endpoint: (F) R[13]
          Clock: (R) vclk

                     Capture       Launch     
        Clock Edge:+    1000            0     
        Drv Adjust:+       0            0     
       Src Latency:+       0            0     
       Net Latency:+       0 (I)        0 (I) 
           Arrival:=    1000            0     
                                              
      Output Delay:-     200                  
       Uncertainty:-      50                  
     Required Time:=     750                  
      Launch Clock:-       0                  
       Input Delay:-     200                  
         Data Path:-     832                  
             Slack:=    -282                  

Exceptions/Constraints:
  input_delay              200             scaletrim_int8.sdc_line_14_7_1  
  output_delay             200             scaletrim_int8.sdc_line_15_22_1 

#------------------------------------------------------------------------------------------------------
#        Timing Point          Flags    Arc   Edge   Cell     Fanout Load Trans Delay Arrival Instance 
#                                                                    (fF)  (ps)  (ps)   (ps)  Location 
#------------------------------------------------------------------------------------------------------
  A[0]                         -       -      R     (arrival)     10 11.0     0     0     200    (-,-) 
  g65/Y                        -       A->Y   F     NAND2X4        1  0.5     8    11     211    (-,-) 
  g5761/Y                      -       S0->Y  F     MXI2XL         1  0.2    16    19     229    (-,-) 
  m_uint/m_core/g24970/Y       -       A->Y   R     INVXL          2  0.6    11    13     242    (-,-) 
  m_uint/m_core/g22605__6260/Y -       A->Y   R     OR2XL          1  0.9    13    21     263    (-,-) 
  m_uint/m_core/g25767/Y       -       B->Y   F     NAND2X2        1  1.7    19    17     280    (-,-) 
  m_uint/m_core/g25912/Y       -       B->Y   R     NAND2BX4       3  2.7    11    11     291    (-,-) 
  m_uint/m_core/g25724/Y       -       A1->Y  F     AOI21X4        8  3.1    24    21     312    (-,-) 
  m_uint/m_core/g24968/Y       -       S0->Y  F     MXI2XL         1  0.4    22    23     335    (-,-) 
  m_uint/m_core/g25594/Y       -       B->Y   R     NAND2X1        2  1.0    13    15     350    (-,-) 
  m_uint/m_core/g24984/Y       -       B->Y   F     NAND2X1        1  0.8    17    16     366    (-,-) 
  m_uint/m_core/g25914/Y       -       B->Y   R     NAND2BX2       1  0.9     9    11     377    (-,-) 
  m_uint/m_core/g25779/Y       -       B->Y   F     NAND2X2        4  1.7    19    16     393    (-,-) 
  m_uint/m_core/g25733/Y       -       A1N->Y F     OAI2BB1XL      2  0.4    16    22     415    (-,-) 
  m_uint/m_core/g25451/Y       -       B->Y   R     NOR2XL         1  0.3    14    15     430    (-,-) 
  m_uint/m_core/g24229/Y       -       B->Y   F     NAND2BXL       2  0.4    15    15     446    (-,-) 
  m_uint/m_core/g24227/Y       -       B0->Y  R     OAI21XL        1  0.3    19    11     457    (-,-) 
  m_uint/m_core/g23929/Y       -       A->Y   F     XNOR2XL        3  0.8    12    43     500    (-,-) 
  m_uint/m_core/g24962/Y       -       A1->Y  R     AOI21X1        2  0.8    21    19     519    (-,-) 
  m_uint/m_core/g25/Y          -       B->Y   F     NAND2X1        2  1.3    24    22     541    (-,-) 
  m_uint/m_core/g25096/Y       -       B->Y   R     NAND2BX1       1  0.9    13    15     556    (-,-) 
  m_uint/m_core/g25150/Y       -       B0->Y  F     OAI21X2        3  1.0    18    18     575    (-,-) 
  m_uint/m_core/g25014/Y       -       A1->Y  R     AOI21X1        2  0.8    22    21     596    (-,-) 
  m_uint/m_core/g25713/Y       -       A->Y   F     INVX1          3  0.6     9    13     608    (-,-) 
  m_uint/m_core/g24303/Y       -       B->Y   R     NAND2XL        2  0.6    12    11     619    (-,-) 
  m_uint/m_core/g24301/Y       -       B->Y   F     NAND2XL        1  0.4    15    15     634    (-,-) 
  m_uint/m_core/g24789/Y       -       B->Y   R     NAND2X1        1  0.9    11    12     646    (-,-) 
  m_uint/m_core/g24788/Y       -       B->Y   F     NAND2X2        3  1.0    15    14     660    (-,-) 
  m_uint/m_core/g197/Y         -       B->Y   R     NOR2X1         3  1.1    22    19     679    (-,-) 
  m_uint/m_core/g25512/Y       -       B->Y   F     NAND2X1        2  0.7    17    19     698    (-,-) 
  m_uint/m_core/g25514/Y       -       S0->Y  F     MXI2XL         2  0.5    22    23     721    (-,-) 
  m_uint/m_core/g21976__8246/Y -       A1->Y  R     OAI21XL        2  0.6    26    25     746    (-,-) 
  m_uint/m_core/g25651/Y       -       B->Y   F     NAND2BXL       1  0.4    17    20     765    (-,-) 
  m_uint/m_core/g25648/Y       -       C->Y   R     NAND3X1        3  0.9    15    14     779    (-,-) 
  m_uint/m_core/g25674/Y       -       A1N->Y R     OAI2BB1X1      1  0.9    13    29     808    (-,-) 
  m_uint/m_core/g494/Y         -       B->Y   F     NAND2X2        3  1.0    15    15     822    (-,-) 
  m_uint/m_core/g25573/Y       -       B->Y   R     NAND2X1        3  0.9    13    12     834    (-,-) 
  m_uint/m_core/g25572/Y       -       A0->Y  F     OAI21XL        1  0.4    19    21     855    (-,-) 
  m_uint/m_core/g24421/Y       -       B->Y   R     NAND2BX1       1  1.0    12    14     869    (-,-) 
  m_uint/m_core/g14/Y          -       A->Y   F     NAND2X2        4  1.2    15    17     886    (-,-) 
  g55/Y                        -       A->Y   R     NOR3X1         2  0.8    29    30     916    (-,-) 
  g54/Y                        -       B->Y   F     NAND2X1        3  0.8    19    22     937    (-,-) 
  g53/Y                        -       A1->Y  R     OAI21X1        1  0.6    21    21     958    (-,-) 
  g2/Y                         -       B->Y   F     XNOR2X1        1  2.1    18    38     996    (-,-) 
  fopt5768/Y                   -       A->Y   F     BUFX20         1 50.0    28    36    1032    (-,-) 
  R[13]                        -       -      F     (port)         -    -     -     0    1032    (-,-) 
#------------------------------------------------------------------------------------------------------



Path 5: VIOLATED (-281 ps) Late External Delay Assertion at pin R[9]
          Group: vclk
     Startpoint: (F) B[0]
          Clock: (R) vclk
       Endpoint: (F) R[9]
          Clock: (R) vclk

                     Capture       Launch     
        Clock Edge:+    1000            0     
        Drv Adjust:+       0            0     
       Src Latency:+       0            0     
       Net Latency:+       0 (I)        0 (I) 
           Arrival:=    1000            0     
                                              
      Output Delay:-     200                  
       Uncertainty:-      50                  
     Required Time:=     750                  
      Launch Clock:-       0                  
       Input Delay:-     200                  
         Data Path:-     831                  
             Slack:=    -281                  

Exceptions/Constraints:
  input_delay              200             scaletrim_int8.sdc_line_14_15_1 
  output_delay             200             scaletrim_int8.sdc_line_15_26_1 

#------------------------------------------------------------------------------------------------
#     Timing Point       Flags    Arc   Edge   Cell     Fanout Load Trans Delay Arrival Instance 
#                                                              (fF)  (ps)  (ps)   (ps)  Location 
#------------------------------------------------------------------------------------------------
  B[0]                   -       -      F     (arrival)     11 11.7     0     0     200    (-,-) 
  g268/Y                 -       A0->Y  R     OAI31X4        1  0.8    20    25     225    (-,-) 
  g267/Y                 -       S0->Y  R     MXI2X1         3  1.1    27    27     252    (-,-) 
  m_uint/m_core/g24293/Y -       B->Y   F     NOR2X1         1  0.9    13    16     268    (-,-) 
  m_uint/m_core/g24427/Y -       A1->Y  R     OAI21X2        3  2.7    29    24     292    (-,-) 
  m_uint/m_core/g24552/Y -       B->Y   F     NAND2X4        7  3.0    22    21     312    (-,-) 
  m_uint/m_core/g40/Y    -       S0->Y  F     MXI2XL         2  0.5    23    24     336    (-,-) 
  m_uint/m_core/g25750/Y -       A1N->Y F     OAI2BB1X1      1  0.8    17    27     362    (-,-) 
  m_uint/m_core/g57/Y    -       B->Y   R     NOR2X2         5  1.7    19    17     380    (-,-) 
  m_uint/m_core/g25355/Y -       B->Y   F     NOR2X1         1  0.4     9    12     392    (-,-) 
  m_uint/m_core/g46/Y    -       B0->Y  R     AOI21X1        1  1.0    23    19     411    (-,-) 
  m_uint/m_core/g371/Y   -       A->Y   F     NAND2X2        2  1.3    17    20     430    (-,-) 
  m_uint/m_core/g25756/Y -       A->Y   R     NOR2X2         2  1.3    16    18     448    (-,-) 
  m_uint/m_core/g25755/Y -       A1->Y  F     OAI21X2        5  1.7    23    21     469    (-,-) 
  m_uint/m_core/g25796/Y -       A1N->Y F     OAI2BB1X1      3  0.9    18    27     496    (-,-) 
  m_uint/m_core/g24366/Y -       B->Y   R     XOR2XL         2  1.0    15    31     527    (-,-) 
  m_uint/m_core/g25233/Y -       B->Y   F     NAND2X1        2  0.8    17    17     544    (-,-) 
  m_uint/m_core/g25231/Y -       C->Y   R     NAND3BX1       3  1.1    16    14     559    (-,-) 
  m_uint/m_core/g25013/Y -       AN->Y  R     NOR2BX1        1  0.6    17    24     583    (-,-) 
  m_uint/m_core/g111/Y   -       B->Y   F     XOR2XL         2  0.4     7    34     616    (-,-) 
  m_uint/m_core/g24685/Y -       B->Y   R     NOR2XL         4  1.4    37    25     642    (-,-) 
  m_uint/m_core/g230/Y   -       B0->Y  F     AOI2BB1X1      2  0.5    14    20     661    (-,-) 
  m_uint/m_core/g23410/Y -       A1N->Y F     OAI2BB1X1      2  0.9    19    26     687    (-,-) 
  m_uint/m_core/g25046/Y -       S0->Y  F     MXI2XL         2  0.5    22    23     711    (-,-) 
  m_uint/m_core/g24360/Y -       A->Y   F     AND2X1         4  1.3    12    23     734    (-,-) 
  m_uint/m_core/g25092/Y -       B->Y   R     NOR2BX1        3  1.1    21    18     752    (-,-) 
  m_uint/m_core/g25551/Y -       B->Y   F     NOR2X1         2  1.3    19    16     767    (-,-) 
  m_uint/m_core/g65/Y    -       A1->Y  R     OAI21X2        2  0.8    18    18     786    (-,-) 
  m_uint/m_core/g25699/Y -       B->Y   F     NAND2XL        1  0.3    14    16     801    (-,-) 
  m_uint/m_core/g25842/Y -       AN->Y  F     NAND2BXL       2  0.5    18    23     824    (-,-) 
  m_uint/m_core/g25754/Y -       A->Y   R     NAND2XL        1  0.3    10    13     837    (-,-) 
  m_uint/m_core/g39/Y    -       A->Y   F     XOR2XL         1  0.4     7    40     877    (-,-) 
  m_uint/m_core/g25753/Y -       B->Y   R     NOR2BX1        4  1.4    24    19     896    (-,-) 
  g9/Y                   -       A->Y   F     INVXL          2  0.5    10    14     910    (-,-) 
  g6154/Y                -       B->Y   F     AND2XL         2  0.7    10    18     928    (-,-) 
  g97/Y                  -       A0->Y  R     AOI21XL        1  0.6    25    23     951    (-,-) 
  g96/Y                  -       B->Y   F     CLKXOR2X1      1  1.7    15    43     994    (-,-) 
  g5924/Y                -       A->Y   F     BUFX16         1 50.0    32    38    1031    (-,-) 
  R[9]                   -       -      F     (port)         -    -     -     0    1031    (-,-) 
#------------------------------------------------------------------------------------------------



Path 6: VIOLATED (-281 ps) Late External Delay Assertion at pin R[12]
          Group: vclk
     Startpoint: (F) B[2]
          Clock: (R) vclk
       Endpoint: (F) R[12]
          Clock: (R) vclk

                     Capture       Launch     
        Clock Edge:+    1000            0     
        Drv Adjust:+       0            0     
       Src Latency:+       0            0     
       Net Latency:+       0 (I)        0 (I) 
           Arrival:=    1000            0     
                                              
      Output Delay:-     200                  
       Uncertainty:-      50                  
     Required Time:=     750                  
      Launch Clock:-       0                  
       Input Delay:-     200                  
         Data Path:-     831                  
             Slack:=    -281                  

Exceptions/Constraints:
  input_delay              200             scaletrim_int8.sdc_line_14_13_1 
  output_delay             200             scaletrim_int8.sdc_line_15_23_1 

#-------------------------------------------------------------------------------------------------------
#         Timing Point          Flags    Arc   Edge   Cell     Fanout Load Trans Delay Arrival Instance 
#                                                                     (fF)  (ps)  (ps)   (ps)  Location 
#-------------------------------------------------------------------------------------------------------
  B[2]                          -       -      F     (arrival)      6  7.3     0     0     200    (-,-) 
  g635/Y                        -       A->Y   R     NOR2X4         2  0.8     8    11     211    (-,-) 
  g73/Y                         -       A->Y   F     NAND3X1        1  0.4    21    23     234    (-,-) 
  g630/Y                        -       B->Y   R     NAND2X1        1  1.0    13    14     248    (-,-) 
  g628/Y                        -       A->Y   F     NAND2X2        4  2.0    22    20     268    (-,-) 
  m_uint/m_core/g22722__23051/Y -       B->Y   R     NOR2BX2        2  1.3    17    17     286    (-,-) 
  m_uint/m_core/g25361/Y        -       A->Y   F     NAND2X2        6  1.7    19    20     305    (-,-) 
  m_uint/m_core/g25315/Y        -       AN->Y  F     NAND2BX1       1  0.9    18    27     333    (-,-) 
  m_uint/m_core/g166/Y          -       A->Y   R     NOR2X2         1  1.0    14    17     350    (-,-) 
  m_uint/m_core/g163/Y          -       B0->Y  F     AOI21X2        2  1.2    20    11     360    (-,-) 
  m_uint/m_core/g160/Y          -       A1->Y  R     OAI21X1        4  1.4    31    27     387    (-,-) 
  m_uint/m_core/g46/Y           -       A1->Y  F     AOI21X1        1  0.9    25    28     414    (-,-) 
  m_uint/m_core/g371/Y          -       A->Y   R     NAND2X2        2  1.4    13    15     429    (-,-) 
  m_uint/m_core/g365/Y          -       A->Y   F     NAND2X1        2  1.0    19    19     449    (-,-) 
  m_uint/m_core/g25755/Y        -       B0->Y  R     OAI21X2        5  1.8    23    13     462    (-,-) 
  m_uint/m_core/g25796/Y        -       A1N->Y R     OAI2BB1X1      3  1.2    13    31     493    (-,-) 
  m_uint/m_core/g24366/Y        -       B->Y   F     XOR2XL         2  0.8    12    35     528    (-,-) 
  m_uint/m_core/g25233/Y        -       B->Y   R     NAND2X1        2  1.0    14    12     540    (-,-) 
  m_uint/m_core/g25231/Y        -       C->Y   F     NAND3BX1       3  1.0    32    26     566    (-,-) 
  m_uint/m_core/g25151/Y        -       A->Y   F     AND2XL         1  0.2     5    20     586    (-,-) 
  m_uint/m_core/g25149/Y        -       B->Y   R     NAND2XL        1  0.9    17    11     597    (-,-) 
  m_uint/m_core/g24666/Y        -       B->Y   F     NAND2X2        4  1.6    19    18     615    (-,-) 
  m_uint/m_core/g24667/Y        -       C->Y   R     NAND3BXL       1  0.3    12    13     628    (-,-) 
  m_uint/m_core/g24374/Y        -       C->Y   F     NAND3XL        3  0.7    33    25     653    (-,-) 
  m_uint/m_core/g16_0/Y         -       B->Y   F     OR2XL          1  0.4     7    26     680    (-,-) 
  m_uint/m_core/g25602/Y        -       B0->Y  R     OAI2BB1X1      3  0.9    11    11     691    (-,-) 
  m_uint/m_core/g23920/Y        -       A->Y   F     INVXL          2  0.5     8    10     701    (-,-) 
  m_uint/m_core/g24627/Y        -       B->Y   R     NAND2BXL       1  0.3     9     9     710    (-,-) 
  m_uint/m_core/g24626/Y        -       A->Y   F     MXI2XL         2  0.4    21    20     730    (-,-) 
  m_uint/m_core/g21940/Y        -       A->Y   R     INVXL          1  0.5    10    13     743    (-,-) 
  m_uint/m_core/g25513/Y        -       B->Y   F     NAND2BX1       2  0.7    16    15     758    (-,-) 
  m_uint/m_core/g25051/Y        -       A1N->Y F     OAI2BB1XL      2  0.6    19    24     782    (-,-) 
  m_uint/m_core/g24637/Y        -       B->Y   R     NAND2X1        3  1.1    15    14     796    (-,-) 
  m_uint/m_core/g25459/Y        -       A0N->Y R     OAI2BB1X1      1  0.9    12    30     827    (-,-) 
  m_uint/m_core/g25697/Y        -       B0->Y  F     OAI21X2        4  1.3    20    19     846    (-,-) 
  m_uint/m_core/g457/Y          -       B->Y   R     NAND2X1        1  0.3    10    12     858    (-,-) 
  m_uint/m_core/g11/Y           -       B0->Y  F     OAI21XL        1  0.3    17    17     874    (-,-) 
  m_uint/m_core/g11104__5107/Y  -       A->Y   F     AND2X1         4  1.1    10    22     896    (-,-) 
  g205/Y                        -       C->Y   R     NOR3X1         1  0.5    23    18     914    (-,-) 
  g202/Y                        -       B->Y   F     NAND2X1        2  1.0    21    21     935    (-,-) 
  g6065/Y                       -       A0->Y  R     OAI21X1        1  0.6    20    23     958    (-,-) 
  g6064/Y                       -       B->Y   F     XNOR2X1        1  2.1    18    38     996    (-,-) 
  fopt5943/Y                    -       A->Y   F     CLKBUFX20      1 50.0    28    36    1031    (-,-) 
  R[12]                         -       -      F     (port)         -    -     -     0    1031    (-,-) 
#-------------------------------------------------------------------------------------------------------



Path 7: VIOLATED (-278 ps) Late External Delay Assertion at pin R[10]
          Group: vclk
     Startpoint: (R) A[0]
          Clock: (R) vclk
       Endpoint: (R) R[10]
          Clock: (R) vclk

                     Capture       Launch     
        Clock Edge:+    1000            0     
        Drv Adjust:+       0            0     
       Src Latency:+       0            0     
       Net Latency:+       0 (I)        0 (I) 
           Arrival:=    1000            0     
                                              
      Output Delay:-     200                  
       Uncertainty:-      50                  
     Required Time:=     750                  
      Launch Clock:-       0                  
       Input Delay:-     200                  
         Data Path:-     828                  
             Slack:=    -278                  

Exceptions/Constraints:
  input_delay              200             scaletrim_int8.sdc_line_14_7_1  
  output_delay             200             scaletrim_int8.sdc_line_15_25_1 

#------------------------------------------------------------------------------------------------------
#        Timing Point          Flags    Arc   Edge   Cell     Fanout Load Trans Delay Arrival Instance 
#                                                                    (fF)  (ps)  (ps)   (ps)  Location 
#------------------------------------------------------------------------------------------------------
  A[0]                         -       -      R     (arrival)     10 11.0     0     0     200    (-,-) 
  g65/Y                        -       A->Y   F     NAND2X4        1  0.5     8    11     211    (-,-) 
  g5761/Y                      -       S0->Y  F     MXI2XL         1  0.2    16    19     229    (-,-) 
  m_uint/m_core/g24970/Y       -       A->Y   R     INVXL          2  0.6    11    13     242    (-,-) 
  m_uint/m_core/g22605__6260/Y -       A->Y   R     OR2XL          1  0.9    13    21     263    (-,-) 
  m_uint/m_core/g25767/Y       -       B->Y   F     NAND2X2        1  1.7    19    17     280    (-,-) 
  m_uint/m_core/g25912/Y       -       B->Y   R     NAND2BX4       3  2.7    11    11     291    (-,-) 
  m_uint/m_core/g25724/Y       -       A1->Y  F     AOI21X4        8  3.1    24    21     312    (-,-) 
  m_uint/m_core/g24968/Y       -       S0->Y  F     MXI2XL         1  0.4    22    23     335    (-,-) 
  m_uint/m_core/g25594/Y       -       B->Y   R     NAND2X1        2  1.0    13    15     350    (-,-) 
  m_uint/m_core/g24984/Y       -       B->Y   F     NAND2X1        1  0.8    17    16     366    (-,-) 
  m_uint/m_core/g25914/Y       -       B->Y   R     NAND2BX2       1  0.9     9    11     377    (-,-) 
  m_uint/m_core/g25779/Y       -       B->Y   F     NAND2X2        4  1.7    19    16     393    (-,-) 
  m_uint/m_core/g25733/Y       -       A1N->Y F     OAI2BB1XL      2  0.4    16    22     415    (-,-) 
  m_uint/m_core/g25451/Y       -       B->Y   R     NOR2XL         1  0.3    14    15     430    (-,-) 
  m_uint/m_core/g24229/Y       -       B->Y   F     NAND2BXL       2  0.4    15    15     446    (-,-) 
  m_uint/m_core/g24227/Y       -       B0->Y  R     OAI21XL        1  0.3    19    11     457    (-,-) 
  m_uint/m_core/g23929/Y       -       A->Y   F     XNOR2XL        3  0.8    12    43     500    (-,-) 
  m_uint/m_core/g24962/Y       -       A1->Y  R     AOI21X1        2  0.8    21    19     519    (-,-) 
  m_uint/m_core/g25/Y          -       B->Y   F     NAND2X1        2  1.3    24    22     541    (-,-) 
  m_uint/m_core/g25096/Y       -       B->Y   R     NAND2BX1       1  0.9    13    15     556    (-,-) 
  m_uint/m_core/g25150/Y       -       B0->Y  F     OAI21X2        3  1.0    18    18     575    (-,-) 
  m_uint/m_core/g25014/Y       -       A1->Y  R     AOI21X1        2  0.8    22    21     596    (-,-) 
  m_uint/m_core/g25713/Y       -       A->Y   F     INVX1          3  0.6     9    13     608    (-,-) 
  m_uint/m_core/g24303/Y       -       B->Y   R     NAND2XL        2  0.6    12    11     619    (-,-) 
  m_uint/m_core/g24301/Y       -       B->Y   F     NAND2XL        1  0.4    15    15     634    (-,-) 
  m_uint/m_core/g24789/Y       -       B->Y   R     NAND2X1        1  0.9    11    12     646    (-,-) 
  m_uint/m_core/g24788/Y       -       B->Y   F     NAND2X2        3  1.0    15    14     660    (-,-) 
  m_uint/m_core/g197/Y         -       B->Y   R     NOR2X1         3  1.1    22    19     679    (-,-) 
  m_uint/m_core/g25512/Y       -       B->Y   F     NAND2X1        2  0.7    17    19     698    (-,-) 
  m_uint/m_core/g25514/Y       -       S0->Y  F     MXI2XL         2  0.5    22    23     721    (-,-) 
  m_uint/m_core/g21976__8246/Y -       A1->Y  R     OAI21XL        2  0.6    26    25     746    (-,-) 
  m_uint/m_core/g25651/Y       -       B->Y   F     NAND2BXL       1  0.4    17    20     765    (-,-) 
  m_uint/m_core/g25648/Y       -       C->Y   R     NAND3X1        3  0.9    15    14     779    (-,-) 
  m_uint/m_core/g25674/Y       -       A1N->Y R     OAI2BB1X1      1  0.9    13    29     808    (-,-) 
  m_uint/m_core/g494/Y         -       B->Y   F     NAND2X2        3  1.0    15    15     822    (-,-) 
  m_uint/m_core/g25573/Y       -       B->Y   R     NAND2X1        3  0.9    13    12     834    (-,-) 
  m_uint/m_core/g25572/Y       -       A0->Y  F     OAI21XL        1  0.4    19    21     855    (-,-) 
  m_uint/m_core/g24421/Y       -       B->Y   R     NAND2BX1       1  1.0    12    14     869    (-,-) 
  m_uint/m_core/g14/Y          -       A->Y   F     NAND2X2        4  1.2    15    17     886    (-,-) 
  g88/Y                        -       B->Y   R     NOR2XL         1  0.5    18    17     903    (-,-) 
  g6113/Y                      -       A->Y   F     NAND2X1        2  0.6    15    18     921    (-,-) 
  g75/Y                        -       A->Y   R     INVXL          2  0.8    13    13     934    (-,-) 
  g6116/Y                      -       B->Y   F     NAND2X1        3  1.1    21    18     953    (-,-) 
  g6118/Y                      -       A1->Y  R     OAI21X1        1  1.9    37    30     983    (-,-) 
  g6117/Y                      -       B->Y   F     NOR2X4         1  5.0    19    18    1002    (-,-) 
  g15/Y                        -       A->Y   R     CLKINVX12      1 50.0    35    26    1028    (-,-) 
  R[10]                        -       -      R     (port)         -    -     -     0    1028    (-,-) 
#------------------------------------------------------------------------------------------------------



Path 8: VIOLATED (-277 ps) Late External Delay Assertion at pin R[8]
          Group: vclk
     Startpoint: (R) A[0]
          Clock: (R) vclk
       Endpoint: (F) R[8]
          Clock: (R) vclk

                     Capture       Launch     
        Clock Edge:+    1000            0     
        Drv Adjust:+       0            0     
       Src Latency:+       0            0     
       Net Latency:+       0 (I)        0 (I) 
           Arrival:=    1000            0     
                                              
      Output Delay:-     200                  
       Uncertainty:-      50                  
     Required Time:=     750                  
      Launch Clock:-       0                  
       Input Delay:-     200                  
         Data Path:-     827                  
             Slack:=    -277                  

Exceptions/Constraints:
  input_delay              200             scaletrim_int8.sdc_line_14_7_1  
  output_delay             200             scaletrim_int8.sdc_line_15_27_1 

#------------------------------------------------------------------------------------------------------
#        Timing Point          Flags    Arc   Edge   Cell     Fanout Load Trans Delay Arrival Instance 
#                                                                    (fF)  (ps)  (ps)   (ps)  Location 
#------------------------------------------------------------------------------------------------------
  A[0]                         -       -      R     (arrival)     10 11.0     0     0     200    (-,-) 
  g65/Y                        -       A->Y   F     NAND2X4        1  0.5     8    11     211    (-,-) 
  g5761/Y                      -       S0->Y  F     MXI2XL         1  0.2    16    19     229    (-,-) 
  m_uint/m_core/g24970/Y       -       A->Y   R     INVXL          2  0.6    11    13     242    (-,-) 
  m_uint/m_core/g22605__6260/Y -       A->Y   R     OR2XL          1  0.9    13    21     263    (-,-) 
  m_uint/m_core/g25767/Y       -       B->Y   F     NAND2X2        1  1.7    19    17     280    (-,-) 
  m_uint/m_core/g25912/Y       -       B->Y   R     NAND2BX4       3  2.7    11    11     291    (-,-) 
  m_uint/m_core/g25724/Y       -       A1->Y  F     AOI21X4        8  3.1    24    21     312    (-,-) 
  m_uint/m_core/g24968/Y       -       S0->Y  F     MXI2XL         1  0.4    22    23     335    (-,-) 
  m_uint/m_core/g25594/Y       -       B->Y   R     NAND2X1        2  1.0    13    15     350    (-,-) 
  m_uint/m_core/g24984/Y       -       B->Y   F     NAND2X1        1  0.8    17    16     366    (-,-) 
  m_uint/m_core/g25914/Y       -       B->Y   R     NAND2BX2       1  0.9     9    11     377    (-,-) 
  m_uint/m_core/g25779/Y       -       B->Y   F     NAND2X2        4  1.7    19    16     393    (-,-) 
  m_uint/m_core/g25733/Y       -       A1N->Y F     OAI2BB1XL      2  0.4    16    22     415    (-,-) 
  m_uint/m_core/g25451/Y       -       B->Y   R     NOR2XL         1  0.3    14    15     430    (-,-) 
  m_uint/m_core/g24229/Y       -       B->Y   F     NAND2BXL       2  0.4    15    15     446    (-,-) 
  m_uint/m_core/g24227/Y       -       B0->Y  R     OAI21XL        1  0.3    19    11     457    (-,-) 
  m_uint/m_core/g23929/Y       -       A->Y   F     XNOR2XL        3  0.8    12    43     500    (-,-) 
  m_uint/m_core/g24962/Y       -       A1->Y  R     AOI21X1        2  0.8    21    19     519    (-,-) 
  m_uint/m_core/g25/Y          -       B->Y   F     NAND2X1        2  1.3    24    22     541    (-,-) 
  m_uint/m_core/g25096/Y       -       B->Y   R     NAND2BX1       1  0.9    13    15     556    (-,-) 
  m_uint/m_core/g25150/Y       -       B0->Y  F     OAI21X2        3  1.0    18    18     575    (-,-) 
  m_uint/m_core/g25014/Y       -       A1->Y  R     AOI21X1        2  0.8    22    21     596    (-,-) 
  m_uint/m_core/g25713/Y       -       A->Y   F     INVX1          3  0.6     9    13     608    (-,-) 
  m_uint/m_core/g24303/Y       -       B->Y   R     NAND2XL        2  0.6    12    11     619    (-,-) 
  m_uint/m_core/g24301/Y       -       B->Y   F     NAND2XL        1  0.4    15    15     634    (-,-) 
  m_uint/m_core/g24789/Y       -       B->Y   R     NAND2X1        1  0.9    11    12     646    (-,-) 
  m_uint/m_core/g24788/Y       -       B->Y   F     NAND2X2        3  1.0    15    14     660    (-,-) 
  m_uint/m_core/g197/Y         -       B->Y   R     NOR2X1         3  1.1    22    19     679    (-,-) 
  m_uint/m_core/g25512/Y       -       B->Y   F     NAND2X1        2  0.7    17    19     698    (-,-) 
  m_uint/m_core/g25514/Y       -       S0->Y  F     MXI2XL         2  0.5    22    23     721    (-,-) 
  m_uint/m_core/g21976__8246/Y -       A1->Y  R     OAI21XL        2  0.6    26    25     746    (-,-) 
  m_uint/m_core/g25651/Y       -       B->Y   F     NAND2BXL       1  0.4    17    20     765    (-,-) 
  m_uint/m_core/g25648/Y       -       C->Y   R     NAND3X1        3  0.9    15    14     779    (-,-) 
  m_uint/m_core/g25674/Y       -       A1N->Y R     OAI2BB1X1      1  0.9    13    29     808    (-,-) 
  m_uint/m_core/g494/Y         -       B->Y   F     NAND2X2        3  1.0    15    15     822    (-,-) 
  m_uint/m_core/g25573/Y       -       B->Y   R     NAND2X1        3  0.9    13    12     834    (-,-) 
  m_uint/m_core/g25572/Y       -       A0->Y  F     OAI21XL        1  0.4    19    21     855    (-,-) 
  m_uint/m_core/g24421/Y       -       B->Y   R     NAND2BX1       1  1.0    12    14     869    (-,-) 
  m_uint/m_core/g14/Y          -       A->Y   F     NAND2X2        4  1.2    15    17     886    (-,-) 
  g88/Y                        -       B->Y   R     NOR2XL         1  0.5    18    17     903    (-,-) 
  g6113/Y                      -       A->Y   F     NAND2X1        2  0.6    15    18     921    (-,-) 
  g6112/Y                      -       B->Y   R     NOR2BX1        2  0.6    15    15     936    (-,-) 
  g248/Y                       -       B->Y   F     NOR2XL         1  0.5    14    12     948    (-,-) 
  g247/Y                       -       S0->Y  F     MXI2XL         1  0.8    29    26     974    (-,-) 
  g5898/Y                      -       A->Y   F     BUFX8          1 50.0    55    53    1027    (-,-) 
  R[8]                         -       -      F     (port)         -    -     -     0    1027    (-,-) 
#------------------------------------------------------------------------------------------------------



Path 9: VIOLATED (-269 ps) Late External Delay Assertion at pin R[5]
          Group: vclk
     Startpoint: (F) A[0]
          Clock: (R) vclk
       Endpoint: (F) R[5]
          Clock: (R) vclk

                     Capture       Launch     
        Clock Edge:+    1000            0     
        Drv Adjust:+       0            0     
       Src Latency:+       0            0     
       Net Latency:+       0 (I)        0 (I) 
           Arrival:=    1000            0     
                                              
      Output Delay:-     200                  
       Uncertainty:-      50                  
     Required Time:=     750                  
      Launch Clock:-       0                  
       Input Delay:-     200                  
         Data Path:-     819                  
             Slack:=    -269                  

Exceptions/Constraints:
  input_delay              200             scaletrim_int8.sdc_line_14_7_1  
  output_delay             200             scaletrim_int8.sdc_line_15_30_1 

#------------------------------------------------------------------------------------------------------
#        Timing Point          Flags    Arc   Edge   Cell     Fanout Load Trans Delay Arrival Instance 
#                                                                    (fF)  (ps)  (ps)   (ps)  Location 
#------------------------------------------------------------------------------------------------------
  A[0]                         -       -      F     (arrival)     10  9.8     0     0     200    (-,-) 
  g65/Y                        -       A->Y   R     NAND2X4        1  0.6     5     7     207    (-,-) 
  g5761/Y                      -       S0->Y  R     MXI2XL         1  0.3    19    19     226    (-,-) 
  m_uint/m_core/g24970/Y       -       A->Y   F     INVXL          2  0.5     9    13     239    (-,-) 
  m_uint/m_core/g22605__6260/Y -       A->Y   F     OR2XL          1  0.8    11    28     266    (-,-) 
  m_uint/m_core/g25767/Y       -       B->Y   R     NAND2X2        1  1.9    12    11     278    (-,-) 
  m_uint/m_core/g25912/Y       -       B->Y   F     NAND2BX4       3  2.3    16    15     293    (-,-) 
  m_uint/m_core/g25724/Y       -       A1->Y  R     AOI21X4        8  3.7    22    21     314    (-,-) 
  m_uint/m_core/g25141/Y       -       B->Y   F     NOR2BXL        1  0.2     8    12     326    (-,-) 
  m_uint/m_core/g25679/Y       -       B->Y   R     NOR2XL         2  0.6    20    16     342    (-,-) 
  m_uint/m_core/g25759/Y       -       B->Y   R     OR2X1          1  1.0    10    20     362    (-,-) 
  m_uint/m_core/g25758/Y       -       A->Y   F     NAND2X2        4  0.9    14    15     377    (-,-) 
  m_uint/m_core/g76/Y          -       A->Y   R     INVXL          2  0.6    10    12     388    (-,-) 
  m_uint/m_core/g25298/Y       -       B->Y   R     OR2XL          1  0.5     9    16     404    (-,-) 
  m_uint/m_core/g25814/Y       -       B0->Y  F     OAI2BB1X1      2  0.6    15    16     420    (-,-) 
  m_uint/m_core/g25464/Y       -       B->Y   R     NOR2X1         1  0.9    19    17     438    (-,-) 
  m_uint/m_core/g25463/Y       -       B->Y   F     NAND2X2        3  1.0    15    16     454    (-,-) 
  m_uint/m_core/g312/Y         -       AN->Y  F     NOR2BX1        2  0.6    10    20     474    (-,-) 
  m_uint/m_core/g24533/Y       -       A1N->Y F     OAI2BB1X1      3  1.0    21    26     500    (-,-) 
  m_uint/m_core/g113/Y         -       B->Y   R     XOR2XL         2  1.2    17    32     533    (-,-) 
  m_uint/m_core/g23835/Y       -       B->Y   F     NAND2X2        3  1.5    18    18     550    (-,-) 
  m_uint/m_core/g24528/Y       -       C->Y   R     NAND3X2        3  1.1    13    12     562    (-,-) 
  m_uint/m_core/g25151/Y       -       B->Y   R     AND2XL         1  0.3     6    22     584    (-,-) 
  m_uint/m_core/g25149/Y       -       B->Y   F     NAND2XL        1  0.8    23    17     601    (-,-) 
  m_uint/m_core/g24666/Y       -       B->Y   R     NAND2X2        4  2.0    15    14     615    (-,-) 
  m_uint/m_core/g104/Y         -       S0->Y  R     MXI2XL         1  0.3    20    20     635    (-,-) 
  m_uint/m_core/g24967/Y       -       B->Y   F     NAND3BXL       1  0.3    23    25     660    (-,-) 
  m_uint/m_core/g25671/Y       -       A->Y   R     NOR2XL         1  0.6    20    22     682    (-,-) 
  m_uint/m_core/g25670/Y       -       S0->Y  R     MXI2XL         2  0.6    26    24     707    (-,-) 
  m_uint/m_core/g22008__6417/Y -       B->Y   F     NAND2XL        2  0.7    22    23     729    (-,-) 
  m_uint/m_core/g25479/Y       -       A->Y   R     INVX1          1  1.0    12    14     743    (-,-) 
  m_uint/m_core/g25647/Y       -       B->Y   F     NOR2X2         4  1.2    10    10     754    (-,-) 
  m_uint/m_core/g25532/Y       -       A1->Y  R     OAI21X1        1  0.5    18    17     771    (-,-) 
  m_uint/m_core/g809/Y         -       A->Y   F     NOR2X1         2  0.4    10    13     784    (-,-) 
  m_uint/m_core/g801/Y         -       B->Y   R     NOR2XL         2  0.6    20    16     801    (-,-) 
  m_uint/m_core/g799/Y         -       A1N->Y R     OAI2BB1XL      2  0.6    13    26     826    (-,-) 
  m_uint/m_core/g68/Y          -       B->Y   F     NAND3XL        1  0.9    39    32     858    (-,-) 
  m_uint/m_core/g99/Y          -       A->Y   R     NAND2X2        2  1.3    15    18     877    (-,-) 
  g5873/Y                      -       A->Y   F     INVX2          1  1.7    10    11     888    (-,-) 
  g27/Y                        -       B->Y   R     NAND2X4        5  2.6    10    10     898    (-,-) 
  g114/Y                       -       C->Y   F     NOR3X2         2  0.6    12     9     907    (-,-) 
  g113/Y                       -       A->Y   R     INVXL          2  0.8    12    12     919    (-,-) 
  g5885/Y                      -       B->Y   F     NAND2XL        1  0.5    17    16     935    (-,-) 
  g5644__5122/Y                -       S0->Y  F     MXI2X8         1 50.0    55    85    1019    (-,-) 
  R[5]                         -       -      F     (port)         -    -     -     0    1019    (-,-) 
#------------------------------------------------------------------------------------------------------



Path 10: VIOLATED (-266 ps) Late External Delay Assertion at pin R[7]
          Group: vclk
     Startpoint: (F) B[0]
          Clock: (R) vclk
       Endpoint: (F) R[7]
          Clock: (R) vclk

                     Capture       Launch     
        Clock Edge:+    1000            0     
        Drv Adjust:+       0            0     
       Src Latency:+       0            0     
       Net Latency:+       0 (I)        0 (I) 
           Arrival:=    1000            0     
                                              
      Output Delay:-     200                  
       Uncertainty:-      50                  
     Required Time:=     750                  
      Launch Clock:-       0                  
       Input Delay:-     200                  
         Data Path:-     816                  
             Slack:=    -266                  

Exceptions/Constraints:
  input_delay              200             scaletrim_int8.sdc_line_14_15_1 
  output_delay             200             scaletrim_int8.sdc_line_15_28_1 

#------------------------------------------------------------------------------------------------------
#        Timing Point          Flags    Arc   Edge   Cell     Fanout Load Trans Delay Arrival Instance 
#                                                                    (fF)  (ps)  (ps)   (ps)  Location 
#------------------------------------------------------------------------------------------------------
  B[0]                         -       -      F     (arrival)     11 11.7     0     0     200    (-,-) 
  g268/Y                       -       A0->Y  R     OAI31X4        1  0.8    20    25     225    (-,-) 
  g267/Y                       -       S0->Y  R     MXI2X1         3  1.1    27    27     252    (-,-) 
  m_uint/m_core/g24293/Y       -       B->Y   F     NOR2X1         1  0.9    13    16     268    (-,-) 
  m_uint/m_core/g24427/Y       -       A1->Y  R     OAI21X2        3  2.7    29    24     292    (-,-) 
  m_uint/m_core/g24552/Y       -       B->Y   F     NAND2X4        7  3.0    22    21     312    (-,-) 
  m_uint/m_core/g40/Y          -       S0->Y  F     MXI2XL         2  0.5    23    24     336    (-,-) 
  m_uint/m_core/g25750/Y       -       A1N->Y F     OAI2BB1X1      1  0.8    17    27     362    (-,-) 
  m_uint/m_core/g57/Y          -       B->Y   R     NOR2X2         5  1.7    19    17     380    (-,-) 
  m_uint/m_core/g25355/Y       -       B->Y   F     NOR2X1         1  0.4     9    12     392    (-,-) 
  m_uint/m_core/g46/Y          -       B0->Y  R     AOI21X1        1  1.0    23    19     411    (-,-) 
  m_uint/m_core/g371/Y         -       A->Y   F     NAND2X2        2  1.3    17    20     430    (-,-) 
  m_uint/m_core/g25756/Y       -       A->Y   R     NOR2X2         2  1.3    16    18     448    (-,-) 
  m_uint/m_core/g25755/Y       -       A1->Y  F     OAI21X2        5  1.7    23    21     469    (-,-) 
  m_uint/m_core/g25796/Y       -       A1N->Y F     OAI2BB1X1      3  0.9    18    27     496    (-,-) 
  m_uint/m_core/g24366/Y       -       B->Y   R     XOR2XL         2  1.0    15    31     527    (-,-) 
  m_uint/m_core/g25233/Y       -       B->Y   F     NAND2X1        2  0.8    17    17     544    (-,-) 
  m_uint/m_core/g25231/Y       -       C->Y   R     NAND3BX1       3  1.1    16    14     559    (-,-) 
  m_uint/m_core/g25013/Y       -       AN->Y  R     NOR2BX1        1  0.6    17    24     583    (-,-) 
  m_uint/m_core/g111/Y         -       B->Y   F     XOR2XL         2  0.4     7    34     616    (-,-) 
  m_uint/m_core/g24685/Y       -       B->Y   R     NOR2XL         4  1.4    37    25     642    (-,-) 
  m_uint/m_core/g230/Y         -       B0->Y  F     AOI2BB1X1      2  0.5    14    20     661    (-,-) 
  m_uint/m_core/g24537/Y       -       B->Y   R     NOR2XL         1  0.6    20    18     679    (-,-) 
  m_uint/m_core/g22028__8246/Y -       B->Y   F     XNOR2XL        2  0.4     7    28     708    (-,-) 
  m_uint/m_core/g129/Y         -       B->Y   R     NOR2XL         2  0.8    25    18     726    (-,-) 
  m_uint/m_core/g24441/Y       -       B->Y   F     NOR2BX1        2  0.6    10    14     740    (-,-) 
  m_uint/m_core/g24892/Y       -       B->Y   R     NOR2X1         1  1.0    20    17     756    (-,-) 
  m_uint/m_core/g24889/Y       -       B->Y   F     NOR2BX2        4  1.7    12    13     770    (-,-) 
  m_uint/m_core/g24893/Y       -       A->Y   R     INVX2          2  1.4     8    10     779    (-,-) 
  m_uint/m_core/g700/Y         -       B->Y   F     NAND2X2        2  0.8    16    12     792    (-,-) 
  m_uint/m_core/g694/Y         -       C->Y   R     NAND3X1        1  0.5    11    12     804    (-,-) 
  m_uint/m_core/g25726/Y       -       B->Y   F     NAND2X1        4  0.9    19    17     820    (-,-) 
  m_uint/m_core/g690/Y         -       A->Y   R     INVXL          2  0.6    11    13     833    (-,-) 
  m_uint/m_core/g687/Y         -       B->Y   F     NAND2XL        1  0.2    11    12     846    (-,-) 
  m_uint/m_core/g24201/Y       -       B0->Y  R     OAI21XL        1  0.5    24    11     857    (-,-) 
  m_uint/m_core/g24197/Y       -       B->Y   F     NOR2X1         1  0.4     9    13     870    (-,-) 
  m_uint/m_core/g24196/Y       -       B->Y   R     NOR2BX1        3  1.3    23    18     888    (-,-) 
  g6240/Y                      -       A->Y   F     NOR2X1         3  1.0    14    17     905    (-,-) 
  g25/Y                        -       A->Y   R     NAND2X1        3  0.9    12    14     919    (-,-) 
  g49/Y                        -       B->Y   F     NAND2XL        1  0.5    17    16     934    (-,-) 
  g6124/Y                      -       B->Y   R     XNOR2X2        1  5.7    26    53     987    (-,-) 
  g6123/Y                      -       A->Y   F     CLKINVX12      1 50.0    39    28    1016    (-,-) 
  R[7]                         -       -      F     (port)         -    -     -     0    1016    (-,-) 
#------------------------------------------------------------------------------------------------------



Path 11: VIOLATED (-265 ps) Late External Delay Assertion at pin R[6]
          Group: vclk
     Startpoint: (F) A[0]
          Clock: (R) vclk
       Endpoint: (R) R[6]
          Clock: (R) vclk

                     Capture       Launch     
        Clock Edge:+    1000            0     
        Drv Adjust:+       0            0     
       Src Latency:+       0            0     
       Net Latency:+       0 (I)        0 (I) 
           Arrival:=    1000            0     
                                              
      Output Delay:-     200                  
       Uncertainty:-      50                  
     Required Time:=     750                  
      Launch Clock:-       0                  
       Input Delay:-     200                  
         Data Path:-     815                  
             Slack:=    -265                  

Exceptions/Constraints:
  input_delay              200             scaletrim_int8.sdc_line_14_7_1  
  output_delay             200             scaletrim_int8.sdc_line_15_29_1 

#------------------------------------------------------------------------------------------------------
#        Timing Point          Flags    Arc   Edge   Cell     Fanout Load Trans Delay Arrival Instance 
#                                                                    (fF)  (ps)  (ps)   (ps)  Location 
#------------------------------------------------------------------------------------------------------
  A[0]                         -       -      F     (arrival)     10  9.8     0     0     200    (-,-) 
  g65/Y                        -       A->Y   R     NAND2X4        1  0.6     5     7     207    (-,-) 
  g5761/Y                      -       S0->Y  R     MXI2XL         1  0.3    19    19     226    (-,-) 
  m_uint/m_core/g24970/Y       -       A->Y   F     INVXL          2  0.5     9    13     239    (-,-) 
  m_uint/m_core/g22605__6260/Y -       A->Y   F     OR2XL          1  0.8    11    28     266    (-,-) 
  m_uint/m_core/g25767/Y       -       B->Y   R     NAND2X2        1  1.9    12    11     278    (-,-) 
  m_uint/m_core/g25912/Y       -       B->Y   F     NAND2BX4       3  2.3    16    15     293    (-,-) 
  m_uint/m_core/g25724/Y       -       A1->Y  R     AOI21X4        8  3.7    22    21     314    (-,-) 
  m_uint/m_core/g25141/Y       -       B->Y   F     NOR2BXL        1  0.2     8    12     326    (-,-) 
  m_uint/m_core/g25679/Y       -       B->Y   R     NOR2XL         2  0.6    20    16     342    (-,-) 
  m_uint/m_core/g25759/Y       -       B->Y   R     OR2X1          1  1.0    10    20     362    (-,-) 
  m_uint/m_core/g25758/Y       -       A->Y   F     NAND2X2        4  0.9    14    15     377    (-,-) 
  m_uint/m_core/g76/Y          -       A->Y   R     INVXL          2  0.6    10    12     388    (-,-) 
  m_uint/m_core/g25298/Y       -       B->Y   R     OR2XL          1  0.5     9    16     404    (-,-) 
  m_uint/m_core/g25814/Y       -       B0->Y  F     OAI2BB1X1      2  0.6    15    16     420    (-,-) 
  m_uint/m_core/g25464/Y       -       B->Y   R     NOR2X1         1  0.9    19    17     438    (-,-) 
  m_uint/m_core/g25463/Y       -       B->Y   F     NAND2X2        3  1.0    15    16     454    (-,-) 
  m_uint/m_core/g312/Y         -       AN->Y  F     NOR2BX1        2  0.6    10    20     474    (-,-) 
  m_uint/m_core/g24533/Y       -       A1N->Y F     OAI2BB1X1      3  1.0    21    26     500    (-,-) 
  m_uint/m_core/g113/Y         -       B->Y   R     XOR2XL         2  1.2    17    32     533    (-,-) 
  m_uint/m_core/g23835/Y       -       B->Y   F     NAND2X2        3  1.5    18    18     550    (-,-) 
  m_uint/m_core/g24528/Y       -       C->Y   R     NAND3X2        3  1.1    13    12     562    (-,-) 
  m_uint/m_core/g25151/Y       -       B->Y   R     AND2XL         1  0.3     6    22     584    (-,-) 
  m_uint/m_core/g25149/Y       -       B->Y   F     NAND2XL        1  0.8    23    17     601    (-,-) 
  m_uint/m_core/g24666/Y       -       B->Y   R     NAND2X2        4  2.0    15    14     615    (-,-) 
  m_uint/m_core/g104/Y         -       S0->Y  R     MXI2XL         1  0.3    20    20     635    (-,-) 
  m_uint/m_core/g24967/Y       -       B->Y   F     NAND3BXL       1  0.3    23    25     660    (-,-) 
  m_uint/m_core/g25671/Y       -       A->Y   R     NOR2XL         1  0.6    20    22     682    (-,-) 
  m_uint/m_core/g25670/Y       -       S0->Y  R     MXI2XL         2  0.6    26    24     707    (-,-) 
  m_uint/m_core/g22008__6417/Y -       B->Y   F     NAND2XL        2  0.7    22    23     729    (-,-) 
  m_uint/m_core/g25479/Y       -       A->Y   R     INVX1          1  1.0    12    14     743    (-,-) 
  m_uint/m_core/g25647/Y       -       B->Y   F     NOR2X2         4  1.2    10    10     754    (-,-) 
  m_uint/m_core/g25532/Y       -       A1->Y  R     OAI21X1        1  0.5    18    17     771    (-,-) 
  m_uint/m_core/g809/Y         -       A->Y   F     NOR2X1         2  0.4    10    13     784    (-,-) 
  m_uint/m_core/g801/Y         -       B->Y   R     NOR2XL         2  0.6    20    16     801    (-,-) 
  m_uint/m_core/g799/Y         -       A1N->Y R     OAI2BB1XL      2  0.6    13    26     826    (-,-) 
  m_uint/m_core/g68/Y          -       B->Y   F     NAND3XL        1  0.9    39    32     858    (-,-) 
  m_uint/m_core/g99/Y          -       A->Y   R     NAND2X2        2  1.3    15    18     877    (-,-) 
  g5873/Y                      -       A->Y   F     INVX2          1  1.7    10    11     888    (-,-) 
  g27/Y                        -       B->Y   R     NAND2X4        5  2.6    10    10     898    (-,-) 
  g114/Y                       -       C->Y   F     NOR3X2         2  0.6    12     9     907    (-,-) 
  g113/Y                       -       A->Y   R     INVXL          2  0.8    12    12     919    (-,-) 
  g5886/Y                      -       A1->Y  F     OAI21X1        1  0.5    19    17     936    (-,-) 
  g18/Y                        -       B->Y   R     XNOR2X1        1  1.4    13    39     975    (-,-) 
  g17/Y                        -       A->Y   R     BUFX12         1 50.0    36    40    1015    (-,-) 
  R[6]                         -       -      R     (port)         -    -     -     0    1015    (-,-) 
#------------------------------------------------------------------------------------------------------



Path 12: VIOLATED (-254 ps) Late External Delay Assertion at pin R[3]
          Group: vclk
     Startpoint: (F) A[0]
          Clock: (R) vclk
       Endpoint: (R) R[3]
          Clock: (R) vclk

                     Capture       Launch     
        Clock Edge:+    1000            0     
        Drv Adjust:+       0            0     
       Src Latency:+       0            0     
       Net Latency:+       0 (I)        0 (I) 
           Arrival:=    1000            0     
                                              
      Output Delay:-     200                  
       Uncertainty:-      50                  
     Required Time:=     750                  
      Launch Clock:-       0                  
       Input Delay:-     200                  
         Data Path:-     804                  
             Slack:=    -254                  

Exceptions/Constraints:
  input_delay              200             scaletrim_int8.sdc_line_14_7_1  
  output_delay             200             scaletrim_int8.sdc_line_15_32_1 

#------------------------------------------------------------------------------------------------------
#        Timing Point          Flags    Arc   Edge   Cell     Fanout Load Trans Delay Arrival Instance 
#                                                                    (fF)  (ps)  (ps)   (ps)  Location 
#------------------------------------------------------------------------------------------------------
  A[0]                         -       -      F     (arrival)     10  9.8     0     0     200    (-,-) 
  g65/Y                        -       A->Y   R     NAND2X4        1  0.6     5     7     207    (-,-) 
  g5761/Y                      -       S0->Y  R     MXI2XL         1  0.3    19    19     226    (-,-) 
  m_uint/m_core/g24970/Y       -       A->Y   F     INVXL          2  0.5     9    13     239    (-,-) 
  m_uint/m_core/g22605__6260/Y -       A->Y   F     OR2XL          1  0.8    11    28     266    (-,-) 
  m_uint/m_core/g25767/Y       -       B->Y   R     NAND2X2        1  1.9    12    11     278    (-,-) 
  m_uint/m_core/g25912/Y       -       B->Y   F     NAND2BX4       3  2.3    16    15     293    (-,-) 
  m_uint/m_core/g25724/Y       -       A1->Y  R     AOI21X4        8  3.7    22    21     314    (-,-) 
  m_uint/m_core/g25141/Y       -       B->Y   F     NOR2BXL        1  0.2     8    12     326    (-,-) 
  m_uint/m_core/g25679/Y       -       B->Y   R     NOR2XL         2  0.6    20    16     342    (-,-) 
  m_uint/m_core/g25759/Y       -       B->Y   R     OR2X1          1  1.0    10    20     362    (-,-) 
  m_uint/m_core/g25758/Y       -       A->Y   F     NAND2X2        4  0.9    14    15     377    (-,-) 
  m_uint/m_core/g76/Y          -       A->Y   R     INVXL          2  0.6    10    12     388    (-,-) 
  m_uint/m_core/g25298/Y       -       B->Y   R     OR2XL          1  0.5     9    16     404    (-,-) 
  m_uint/m_core/g25814/Y       -       B0->Y  F     OAI2BB1X1      2  0.6    15    16     420    (-,-) 
  m_uint/m_core/g25464/Y       -       B->Y   R     NOR2X1         1  0.9    19    17     438    (-,-) 
  m_uint/m_core/g25463/Y       -       B->Y   F     NAND2X2        3  1.0    15    16     454    (-,-) 
  m_uint/m_core/g312/Y         -       AN->Y  F     NOR2BX1        2  0.6    10    20     474    (-,-) 
  m_uint/m_core/g24533/Y       -       A1N->Y F     OAI2BB1X1      3  1.0    21    26     500    (-,-) 
  m_uint/m_core/g113/Y         -       B->Y   R     XOR2XL         2  1.2    17    32     533    (-,-) 
  m_uint/m_core/g23835/Y       -       B->Y   F     NAND2X2        3  1.5    18    18     550    (-,-) 
  m_uint/m_core/g24528/Y       -       C->Y   R     NAND3X2        3  1.1    13    12     562    (-,-) 
  m_uint/m_core/g25151/Y       -       B->Y   R     AND2XL         1  0.3     6    22     584    (-,-) 
  m_uint/m_core/g25149/Y       -       B->Y   F     NAND2XL        1  0.8    23    17     601    (-,-) 
  m_uint/m_core/g24666/Y       -       B->Y   R     NAND2X2        4  2.0    15    14     615    (-,-) 
  m_uint/m_core/g104/Y         -       S0->Y  R     MXI2XL         1  0.3    20    20     635    (-,-) 
  m_uint/m_core/g24967/Y       -       B->Y   F     NAND3BXL       1  0.3    23    25     660    (-,-) 
  m_uint/m_core/g25671/Y       -       A->Y   R     NOR2XL         1  0.6    20    22     682    (-,-) 
  m_uint/m_core/g25670/Y       -       S0->Y  R     MXI2XL         2  0.6    26    24     707    (-,-) 
  m_uint/m_core/g22008__6417/Y -       B->Y   F     NAND2XL        2  0.7    22    23     729    (-,-) 
  m_uint/m_core/g25479/Y       -       A->Y   R     INVX1          1  1.0    12    14     743    (-,-) 
  m_uint/m_core/g25647/Y       -       B->Y   F     NOR2X2         4  1.2    10    10     754    (-,-) 
  m_uint/m_core/g25532/Y       -       A1->Y  R     OAI21X1        1  0.5    18    17     771    (-,-) 
  m_uint/m_core/g809/Y         -       A->Y   F     NOR2X1         2  0.4    10    13     784    (-,-) 
  m_uint/m_core/g801/Y         -       B->Y   R     NOR2XL         2  0.6    20    16     801    (-,-) 
  m_uint/m_core/g799/Y         -       A1N->Y R     OAI2BB1XL      2  0.6    13    26     826    (-,-) 
  m_uint/m_core/g68/Y          -       B->Y   F     NAND3XL        1  0.9    39    32     858    (-,-) 
  m_uint/m_core/g99/Y          -       A->Y   R     NAND2X2        2  1.3    15    18     877    (-,-) 
  g5873/Y                      -       A->Y   F     INVX2          1  1.7    10    11     888    (-,-) 
  g27/Y                        -       B->Y   R     NAND2X4        5  2.6    10    10     898    (-,-) 
  g5672/Y                      -       A->Y   F     INVXL          1  0.4     7     9     907    (-,-) 
  g5671__8428/Y                -       B->Y   R     NOR2X1         1  0.6    16    13     920    (-,-) 
  g5661__2883/Y                -       S0->Y  R     MXI2X8         1 50.0    50    84    1004    (-,-) 
  R[3]                         -       -      R     (port)         -    -     -     0    1004    (-,-) 
#------------------------------------------------------------------------------------------------------



Path 13: VIOLATED (-245 ps) Late External Delay Assertion at pin R[4]
          Group: vclk
     Startpoint: (F) A[0]
          Clock: (R) vclk
       Endpoint: (R) R[4]
          Clock: (R) vclk

                     Capture       Launch     
        Clock Edge:+    1000            0     
        Drv Adjust:+       0            0     
       Src Latency:+       0            0     
       Net Latency:+       0 (I)        0 (I) 
           Arrival:=    1000            0     
                                              
      Output Delay:-     200                  
       Uncertainty:-      50                  
     Required Time:=     750                  
      Launch Clock:-       0                  
       Input Delay:-     200                  
         Data Path:-     795                  
             Slack:=    -245                  

Exceptions/Constraints:
  input_delay              200             scaletrim_int8.sdc_line_14_7_1  
  output_delay             200             scaletrim_int8.sdc_line_15_31_1 

#------------------------------------------------------------------------------------------------------
#        Timing Point          Flags    Arc   Edge   Cell     Fanout Load Trans Delay Arrival Instance 
#                                                                    (fF)  (ps)  (ps)   (ps)  Location 
#------------------------------------------------------------------------------------------------------
  A[0]                         -       -      F     (arrival)     10  9.8     0     0     200    (-,-) 
  g65/Y                        -       A->Y   R     NAND2X4        1  0.6     5     7     207    (-,-) 
  g5761/Y                      -       S0->Y  R     MXI2XL         1  0.3    19    19     226    (-,-) 
  m_uint/m_core/g24970/Y       -       A->Y   F     INVXL          2  0.5     9    13     239    (-,-) 
  m_uint/m_core/g22605__6260/Y -       A->Y   F     OR2XL          1  0.8    11    28     266    (-,-) 
  m_uint/m_core/g25767/Y       -       B->Y   R     NAND2X2        1  1.9    12    11     278    (-,-) 
  m_uint/m_core/g25912/Y       -       B->Y   F     NAND2BX4       3  2.3    16    15     293    (-,-) 
  m_uint/m_core/g25724/Y       -       A1->Y  R     AOI21X4        8  3.7    22    21     314    (-,-) 
  m_uint/m_core/g25141/Y       -       B->Y   F     NOR2BXL        1  0.2     8    12     326    (-,-) 
  m_uint/m_core/g25679/Y       -       B->Y   R     NOR2XL         2  0.6    20    16     342    (-,-) 
  m_uint/m_core/g25759/Y       -       B->Y   R     OR2X1          1  1.0    10    20     362    (-,-) 
  m_uint/m_core/g25758/Y       -       A->Y   F     NAND2X2        4  0.9    14    15     377    (-,-) 
  m_uint/m_core/g76/Y          -       A->Y   R     INVXL          2  0.6    10    12     388    (-,-) 
  m_uint/m_core/g25298/Y       -       B->Y   R     OR2XL          1  0.5     9    16     404    (-,-) 
  m_uint/m_core/g25814/Y       -       B0->Y  F     OAI2BB1X1      2  0.6    15    16     420    (-,-) 
  m_uint/m_core/g25464/Y       -       B->Y   R     NOR2X1         1  0.9    19    17     438    (-,-) 
  m_uint/m_core/g25463/Y       -       B->Y   F     NAND2X2        3  1.0    15    16     454    (-,-) 
  m_uint/m_core/g312/Y         -       AN->Y  F     NOR2BX1        2  0.6    10    20     474    (-,-) 
  m_uint/m_core/g24533/Y       -       A1N->Y F     OAI2BB1X1      3  1.0    21    26     500    (-,-) 
  m_uint/m_core/g113/Y         -       B->Y   R     XOR2XL         2  1.2    17    32     533    (-,-) 
  m_uint/m_core/g23835/Y       -       B->Y   F     NAND2X2        3  1.5    18    18     550    (-,-) 
  m_uint/m_core/g24528/Y       -       C->Y   R     NAND3X2        3  1.1    13    12     562    (-,-) 
  m_uint/m_core/g25151/Y       -       B->Y   R     AND2XL         1  0.3     6    22     584    (-,-) 
  m_uint/m_core/g25149/Y       -       B->Y   F     NAND2XL        1  0.8    23    17     601    (-,-) 
  m_uint/m_core/g24666/Y       -       B->Y   R     NAND2X2        4  2.0    15    14     615    (-,-) 
  m_uint/m_core/g104/Y         -       S0->Y  R     MXI2XL         1  0.3    20    20     635    (-,-) 
  m_uint/m_core/g24967/Y       -       B->Y   F     NAND3BXL       1  0.3    23    25     660    (-,-) 
  m_uint/m_core/g25671/Y       -       A->Y   R     NOR2XL         1  0.6    20    22     682    (-,-) 
  m_uint/m_core/g25670/Y       -       S0->Y  R     MXI2XL         2  0.6    26    24     707    (-,-) 
  m_uint/m_core/g22008__6417/Y -       B->Y   F     NAND2XL        2  0.7    22    23     729    (-,-) 
  m_uint/m_core/g25479/Y       -       A->Y   R     INVX1          1  1.0    12    14     743    (-,-) 
  m_uint/m_core/g25647/Y       -       B->Y   F     NOR2X2         4  1.2    10    10     754    (-,-) 
  m_uint/m_core/g25532/Y       -       A1->Y  R     OAI21X1        1  0.5    18    17     771    (-,-) 
  m_uint/m_core/g809/Y         -       A->Y   F     NOR2X1         2  0.4    10    13     784    (-,-) 
  m_uint/m_core/g801/Y         -       B->Y   R     NOR2XL         2  0.6    20    16     801    (-,-) 
  m_uint/m_core/g799/Y         -       A1N->Y R     OAI2BB1XL      2  0.6    13    26     826    (-,-) 
  m_uint/m_core/g68/Y          -       B->Y   F     NAND3XL        1  0.9    39    32     858    (-,-) 
  m_uint/m_core/g99/Y          -       A->Y   R     NAND2X2        2  1.3    15    18     877    (-,-) 
  g5873/Y                      -       A->Y   F     INVX2          1  1.7    10    11     888    (-,-) 
  g27/Y                        -       B->Y   R     NAND2X4        5  2.6    10    10     898    (-,-) 
  g6169/Y                      -       A1N->Y R     AOI2BB1XL      1  0.6    21    22     920    (-,-) 
  g5653__7482/Y                -       B->Y   F     XNOR2X2        1  5.0    26    48     968    (-,-) 
  g5650/Y                      -       A->Y   R     CLKINVX12      1 50.0    36    27     995    (-,-) 
  R[4]                         -       -      R     (port)         -    -     -     0     995    (-,-) 
#------------------------------------------------------------------------------------------------------



Path 14: VIOLATED (-218 ps) Late External Delay Assertion at pin R[2]
          Group: vclk
     Startpoint: (F) A[0]
          Clock: (R) vclk
       Endpoint: (F) R[2]
          Clock: (R) vclk

                     Capture       Launch     
        Clock Edge:+    1000            0     
        Drv Adjust:+       0            0     
       Src Latency:+       0            0     
       Net Latency:+       0 (I)        0 (I) 
           Arrival:=    1000            0     
                                              
      Output Delay:-     200                  
       Uncertainty:-      50                  
     Required Time:=     750                  
      Launch Clock:-       0                  
       Input Delay:-     200                  
         Data Path:-     768                  
             Slack:=    -218                  

Exceptions/Constraints:
  input_delay              200             scaletrim_int8.sdc_line_14_7_1  
  output_delay             200             scaletrim_int8.sdc_line_15_33_1 

#------------------------------------------------------------------------------------------------------
#        Timing Point          Flags    Arc   Edge   Cell     Fanout Load Trans Delay Arrival Instance 
#                                                                    (fF)  (ps)  (ps)   (ps)  Location 
#------------------------------------------------------------------------------------------------------
  A[0]                         -       -      F     (arrival)     10  9.8     0     0     200    (-,-) 
  g65/Y                        -       A->Y   R     NAND2X4        1  0.6     5     7     207    (-,-) 
  g5761/Y                      -       S0->Y  R     MXI2XL         1  0.3    19    19     226    (-,-) 
  m_uint/m_core/g24970/Y       -       A->Y   F     INVXL          2  0.5     9    13     239    (-,-) 
  m_uint/m_core/g22605__6260/Y -       A->Y   F     OR2XL          1  0.8    11    28     266    (-,-) 
  m_uint/m_core/g25767/Y       -       B->Y   R     NAND2X2        1  1.9    12    11     278    (-,-) 
  m_uint/m_core/g25912/Y       -       B->Y   F     NAND2BX4       3  2.3    16    15     293    (-,-) 
  m_uint/m_core/g25724/Y       -       A1->Y  R     AOI21X4        8  3.7    22    21     314    (-,-) 
  m_uint/m_core/g25141/Y       -       B->Y   F     NOR2BXL        1  0.2     8    12     326    (-,-) 
  m_uint/m_core/g25679/Y       -       B->Y   R     NOR2XL         2  0.6    20    16     342    (-,-) 
  m_uint/m_core/g25759/Y       -       B->Y   R     OR2X1          1  1.0    10    20     362    (-,-) 
  m_uint/m_core/g25758/Y       -       A->Y   F     NAND2X2        4  0.9    14    15     377    (-,-) 
  m_uint/m_core/g76/Y          -       A->Y   R     INVXL          2  0.6    10    12     388    (-,-) 
  m_uint/m_core/g25298/Y       -       B->Y   R     OR2XL          1  0.5     9    16     404    (-,-) 
  m_uint/m_core/g25814/Y       -       B0->Y  F     OAI2BB1X1      2  0.6    15    16     420    (-,-) 
  m_uint/m_core/g25464/Y       -       B->Y   R     NOR2X1         1  0.9    19    17     438    (-,-) 
  m_uint/m_core/g25463/Y       -       B->Y   F     NAND2X2        3  1.0    15    16     454    (-,-) 
  m_uint/m_core/g312/Y         -       AN->Y  F     NOR2BX1        2  0.6    10    20     474    (-,-) 
  m_uint/m_core/g24533/Y       -       A1N->Y F     OAI2BB1X1      3  1.0    21    26     500    (-,-) 
  m_uint/m_core/g113/Y         -       B->Y   R     XOR2XL         2  1.2    17    32     533    (-,-) 
  m_uint/m_core/g23835/Y       -       B->Y   F     NAND2X2        3  1.5    18    18     550    (-,-) 
  m_uint/m_core/g24528/Y       -       C->Y   R     NAND3X2        3  1.1    13    12     562    (-,-) 
  m_uint/m_core/g25151/Y       -       B->Y   R     AND2XL         1  0.3     6    22     584    (-,-) 
  m_uint/m_core/g25149/Y       -       B->Y   F     NAND2XL        1  0.8    23    17     601    (-,-) 
  m_uint/m_core/g24666/Y       -       B->Y   R     NAND2X2        4  2.0    15    14     615    (-,-) 
  m_uint/m_core/g104/Y         -       S0->Y  R     MXI2XL         1  0.3    20    20     635    (-,-) 
  m_uint/m_core/g24967/Y       -       B->Y   F     NAND3BXL       1  0.3    23    25     660    (-,-) 
  m_uint/m_core/g25671/Y       -       A->Y   R     NOR2XL         1  0.6    20    22     682    (-,-) 
  m_uint/m_core/g25670/Y       -       S0->Y  R     MXI2XL         2  0.6    26    24     707    (-,-) 
  m_uint/m_core/g22008__6417/Y -       B->Y   F     NAND2XL        2  0.7    22    23     729    (-,-) 
  m_uint/m_core/g25479/Y       -       A->Y   R     INVX1          1  1.0    12    14     743    (-,-) 
  m_uint/m_core/g25647/Y       -       B->Y   F     NOR2X2         4  1.2    10    10     754    (-,-) 
  m_uint/m_core/g25532/Y       -       A1->Y  R     OAI21X1        1  0.5    18    17     771    (-,-) 
  m_uint/m_core/g809/Y         -       A->Y   F     NOR2X1         2  0.4    10    13     784    (-,-) 
  m_uint/m_core/g801/Y         -       B->Y   R     NOR2XL         2  0.6    20    16     801    (-,-) 
  m_uint/m_core/g799/Y         -       A1N->Y R     OAI2BB1XL      2  0.6    13    26     826    (-,-) 
  m_uint/m_core/g68/Y          -       B->Y   F     NAND3XL        1  0.9    39    32     858    (-,-) 
  m_uint/m_core/g99/Y          -       A->Y   R     NAND2X2        2  1.3    15    18     877    (-,-) 
  fopt6151/Y                   -       A->Y   F     INVXL          2  0.9    13    14     890    (-,-) 
  fopt6152/Y                   -       A->Y   R     INVX1          1  0.5     7     9     900    (-,-) 
  g6150/Y                      -       B->Y   F     MXI2X1         1  1.3    30    24     924    (-,-) 
  g6125/Y                      -       A->Y   F     BUFX12         1 50.0    40    45     968    (-,-) 
  R[2]                         -       -      F     (port)         -    -     -     0     968    (-,-) 
#------------------------------------------------------------------------------------------------------



Path 15: VIOLATED (-206 ps) Late External Delay Assertion at pin R[1]
          Group: vclk
     Startpoint: (F) B[0]
          Clock: (R) vclk
       Endpoint: (R) R[1]
          Clock: (R) vclk

                     Capture       Launch     
        Clock Edge:+    1000            0     
        Drv Adjust:+       0            0     
       Src Latency:+       0            0     
       Net Latency:+       0 (I)        0 (I) 
           Arrival:=    1000            0     
                                              
      Output Delay:-     200                  
       Uncertainty:-      50                  
     Required Time:=     750                  
      Launch Clock:-       0                  
       Input Delay:-     200                  
         Data Path:-     756                  
             Slack:=    -206                  

Exceptions/Constraints:
  input_delay              200             scaletrim_int8.sdc_line_14_15_1 
  output_delay             200             scaletrim_int8.sdc_line_15_34_1 

#------------------------------------------------------------------------------------------------
#     Timing Point       Flags    Arc   Edge   Cell     Fanout Load Trans Delay Arrival Instance 
#                                                              (fF)  (ps)  (ps)   (ps)  Location 
#------------------------------------------------------------------------------------------------
  B[0]                   -       -      F     (arrival)     11 11.7     0     0     200    (-,-) 
  g268/Y                 -       A0->Y  R     OAI31X4        1  0.8    20    25     225    (-,-) 
  g267/Y                 -       S0->Y  R     MXI2X1         3  1.1    27    27     252    (-,-) 
  m_uint/m_core/g24293/Y -       B->Y   F     NOR2X1         1  0.9    13    16     268    (-,-) 
  m_uint/m_core/g24427/Y -       A1->Y  R     OAI21X2        3  2.7    29    24     292    (-,-) 
  m_uint/m_core/g24552/Y -       B->Y   F     NAND2X4        7  3.0    22    21     312    (-,-) 
  m_uint/m_core/g40/Y    -       S0->Y  F     MXI2XL         2  0.5    23    24     336    (-,-) 
  m_uint/m_core/g25750/Y -       A1N->Y F     OAI2BB1X1      1  0.8    17    27     362    (-,-) 
  m_uint/m_core/g57/Y    -       B->Y   R     NOR2X2         5  1.7    19    17     380    (-,-) 
  m_uint/m_core/g25355/Y -       B->Y   F     NOR2X1         1  0.4     9    12     392    (-,-) 
  m_uint/m_core/g46/Y    -       B0->Y  R     AOI21X1        1  1.0    23    19     411    (-,-) 
  m_uint/m_core/g371/Y   -       A->Y   F     NAND2X2        2  1.3    17    20     430    (-,-) 
  m_uint/m_core/g25756/Y -       A->Y   R     NOR2X2         2  1.3    16    18     448    (-,-) 
  m_uint/m_core/g25755/Y -       A1->Y  F     OAI21X2        5  1.7    23    21     469    (-,-) 
  m_uint/m_core/g23929/Y -       B->Y   R     XNOR2XL        3  1.1    16    38     507    (-,-) 
  m_uint/m_core/g24962/Y -       A1->Y  F     AOI21X1        2  0.6    19    21     527    (-,-) 
  m_uint/m_core/g25/Y    -       B->Y   R     NAND2X1        2  1.5    18    16     543    (-,-) 
  m_uint/m_core/g25903/Y -       B->Y   R     XNOR3XL        2  0.8    13    49     592    (-,-) 
  m_uint/m_core/g25015/Y -       B->Y   F     NAND2XL        1  0.2    11    13     605    (-,-) 
  m_uint/m_core/g24946/Y -       B->Y   R     NAND2XL        1  0.5    12    11     616    (-,-) 
  m_uint/m_core/g24945/Y -       A->Y   F     NAND2X1        2  0.6    14    16     632    (-,-) 
  m_uint/m_core/g54/Y    -       B->Y   R     NOR2X1         2  0.6    15    15     647    (-,-) 
  m_uint/m_core/g24604/Y -       A->Y   F     INVXL          1  0.4     8    11     658    (-,-) 
  m_uint/m_core/g24966/Y -       B->Y   R     NOR2X1         2  0.8    17    14     672    (-,-) 
  m_uint/m_core/g197/Y   -       A->Y   F     NOR2X1         3  0.8    12    14     687    (-,-) 
  m_uint/m_core/g24851/Y -       A->Y   R     INVXL          1  0.3     6     9     696    (-,-) 
  m_uint/m_core/g38/Y    -       A->Y   R     OR2X1          1  1.0    10    20     716    (-,-) 
  m_uint/m_core/g25612/Y -       A->Y   F     NAND2X2        2  1.2    17    16     732    (-,-) 
  m_uint/m_core/g25647/Y -       A->Y   R     NOR2X2         4  1.6    18    19     751    (-,-) 
  m_uint/m_core/g25532/Y -       A1->Y  F     OAI21X1        1  0.5    18    18     770    (-,-) 
  m_uint/m_core/g809/Y   -       A->Y   R     NOR2X1         2  0.6    16    18     788    (-,-) 
  m_uint/m_core/g154/Y   -       A->Y   F     INVXL          1  0.4     8    11     799    (-,-) 
  m_uint/m_core/g25254/Y -       A->Y   R     INVX1          2  0.6     6     8     807    (-,-) 
  m_uint/m_core/g25656/Y -       B->Y   F     NOR2XL         1  0.3    10     8     815    (-,-) 
  m_uint/m_core/g100/Y   -       B->Y   F     OR3XL          1  0.8    12    41     856    (-,-) 
  m_uint/m_core/g25491/Y -       B->Y   R     NAND2X2        2  2.2    17    12     868    (-,-) 
  g5660__9945/Y          -       A->Y   F     XNOR2X1        1  3.3    26    55     922    (-,-) 
  g5658/Y                -       A->Y   R     CLKINVX8       1 50.0    50    34     956    (-,-) 
  R[1]                   -       -      R     (port)         -    -     -     0     956    (-,-) 
#------------------------------------------------------------------------------------------------



Path 16: VIOLATED (-154 ps) Late External Delay Assertion at pin R[0]
          Group: vclk
     Startpoint: (F) B[0]
          Clock: (R) vclk
       Endpoint: (R) R[0]
          Clock: (R) vclk

                     Capture       Launch     
        Clock Edge:+    1000            0     
        Drv Adjust:+       0            0     
       Src Latency:+       0            0     
       Net Latency:+       0 (I)        0 (I) 
           Arrival:=    1000            0     
                                              
      Output Delay:-     200                  
       Uncertainty:-      50                  
     Required Time:=     750                  
      Launch Clock:-       0                  
       Input Delay:-     200                  
         Data Path:-     704                  
             Slack:=    -154                  

Exceptions/Constraints:
  input_delay              200             scaletrim_int8.sdc_line_14_15_1 
  output_delay             200             scaletrim_int8.sdc_line_15_35_1 

#----------------------------------------------------------------------------------------------------------------
#             Timing Point               Flags    Arc   Edge   Cell     Fanout Load Trans Delay Arrival Instance 
#                                                                              (fF)  (ps)  (ps)   (ps)  Location 
#----------------------------------------------------------------------------------------------------------------
  B[0]                                   -       -      F     (arrival)     11 11.7     0     0     200    (-,-) 
  g268/Y                                 -       A0->Y  R     OAI31X4        1  0.8    20    25     225    (-,-) 
  g267/Y                                 -       S0->Y  R     MXI2X1         3  1.1    27    27     252    (-,-) 
  m_uint/m_core/g24293/Y                 -       B->Y   F     NOR2X1         1  0.9    13    16     268    (-,-) 
  m_uint/m_core/g24427/Y                 -       A1->Y  R     OAI21X2        3  2.7    29    24     292    (-,-) 
  m_uint/m_core/g24552/Y                 -       B->Y   F     NAND2X4        7  3.0    22    21     312    (-,-) 
  m_uint/m_core/g40/Y                    -       S0->Y  F     MXI2XL         2  0.5    23    24     336    (-,-) 
  m_uint/m_core/g25750/Y                 -       A1N->Y F     OAI2BB1X1      1  0.8    17    27     362    (-,-) 
  m_uint/m_core/g57/Y                    -       B->Y   R     NOR2X2         5  1.7    19    17     380    (-,-) 
  m_uint/m_core/g25355/Y                 -       B->Y   F     NOR2X1         1  0.4     9    12     392    (-,-) 
  m_uint/m_core/g46/Y                    -       B0->Y  R     AOI21X1        1  1.0    23    19     411    (-,-) 
  m_uint/m_core/g371/Y                   -       A->Y   F     NAND2X2        2  1.3    17    20     430    (-,-) 
  m_uint/m_core/g25756/Y                 -       A->Y   R     NOR2X2         2  1.3    16    18     448    (-,-) 
  m_uint/m_core/g25755/Y                 -       A1->Y  F     OAI21X2        5  1.7    23    21     469    (-,-) 
  m_uint/m_core/g25796/Y                 -       A1N->Y F     OAI2BB1X1      3  0.9    18    27     496    (-,-) 
  m_uint/m_core/g24366/Y                 -       B->Y   R     XOR2XL         2  1.0    15    31     527    (-,-) 
  m_uint/m_core/g25233/Y                 -       B->Y   F     NAND2X1        2  0.8    17    17     544    (-,-) 
  m_uint/m_core/g25231/Y                 -       C->Y   R     NAND3BX1       3  1.1    16    14     559    (-,-) 
  m_uint/m_core/g25013/Y                 -       AN->Y  R     NOR2BX1        1  0.6    17    24     583    (-,-) 
  m_uint/m_core/g111/Y                   -       B->Y   F     XOR2XL         2  0.4     7    34     616    (-,-) 
  m_uint/m_core/g24685/Y                 -       B->Y   R     NOR2XL         4  1.4    37    25     642    (-,-) 
  m_uint/m_core/g230/Y                   -       B0->Y  F     AOI2BB1X1      2  0.5    14    20     661    (-,-) 
  m_uint/m_core/g23410/Y                 -       A1N->Y F     OAI2BB1X1      2  0.9    19    26     687    (-,-) 
  m_uint/m_core/g25046/Y                 -       S0->Y  R     MXI2XL         2  0.6    27    21     708    (-,-) 
  m_uint/m_core/g24360/Y                 -       A->Y   R     AND2X1         4  1.6    14    32     741    (-,-) 
  m_uint/m_core/g116/Y                   -       A->Y   F     NOR2XL         2  0.4    10    13     754    (-,-) 
  m_uint/m_core/g814/Y                   -       B->Y   R     NOR2XL         1  0.3    14    13     767    (-,-) 
  m_uint/m_core/g800/Y                   -       A1N->Y R     OAI2BB1X1      4  1.5    16    31     797    (-,-) 
  m_uint/m_core/add_206_58_g6170__6131/Y -       S0->Y  R     MXI2XL         1  0.3    21    20     817    (-,-) 
  m_uint/m_core/g11102__5477/Y           -       A->Y   R     AND2X1         3  3.2    25    37     855    (-,-) 
  g4464/Y                                -       A->Y   R     CLKBUFX8       1 50.0    50    49     904    (-,-) 
  R[0]                                   -       -      R     (port)         -    -     -     0     904    (-,-) 
#----------------------------------------------------------------------------------------------------------------

