

Working Directory = /home/redhat315bd/physical_design_nipun/Physical_design
QoS Summary for fplns_Fixed8
================================================================================
Metric                          fplns_Fixed8_syn_generic
================================================================================
Slack (ps):                      -497
  R2R (ps):                  no_value
  I2R (ps):                  no_value
  R2O (ps):                  no_value
  I2O (ps):                      -497
  CG  (ps):                  no_value
TNS (ps):                      -7,123
  R2R (ps):                  no_value
  I2R (ps):                  no_value
  R2O (ps):                  no_value
  I2O (ps):                    -7,123
  CG  (ps):                  no_value
Failing Paths:                     16
Cell Area:                      2,793
Total Cell Area:                2,793
Leaf Instances:                 1,047
Total Instances:                1,047
Utilization (%):                 0.00
Tot. Net Length (um):        no_value
Avg. Net Length (um):        no_value
Route Overflow H (%):        no_value
Route Overflow V (%):        no_value
MBCI(%) (bits/gate) :            0.00
Norm Cong Hotspot Area:
  Max Cong:                  no_value
  Tot Cong:                  no_value
================================================================================
CPU  Runtime (h:m:s):        00:30:15
Real Runtime (h:m:s):        00:30:14
CPU  Elapsed (h:m:s):        00:30:17
Real Elapsed (h:m:s):        00:30:16
Memory (MB):                  1643.86
================================================================================
================================================================================
Flow Settings:
================================================================================
Total Runtime (h:m:s): 00:30:15
Total Memory (MB):     1643.86
Executable Version:    21.10-p002_1
================================================================================
Total Cell Area =  Cell Area + Physical Cell Area
Total Instances =  Leaf Instances + Physical Instances


