============================================================
  Generated by:           Genus(TM) Synthesis Solution 21.10-p002_1
  Generated on:           Apr 11 2026  03:27:46 pm
  Module:                 signed_int_mul_p_0_L3
  Technology libraries:   fast_vdd1v0 1.0
                          physical_cells 
  Operating conditions:   PVT_1P1V_0C 
  Interconnect mode:      global
  Area mode:              physical library
============================================================

Timing
--------

Clock Period 
-------------
VCLK  1000.0 


  Cost    Critical             Violating 
 Group   Path Slack    TNS       Paths   
-----------------------------------------
default    No paths       0.0            
VCLK         -632.5   -9647.8         16 
-----------------------------------------
Total                 -9647.8         16 

Instance Count
--------------
Leaf Instance Count             975 
Physical Instance count           0 
Sequential Instance Count         0 
Combinational Instance Count    975 
Hierarchical Instance Count       7 

Area
----
Cell Area                          2928.546
Physical Cell Area                 0.000
Total Cell Area (Cell+Physical)    2928.546
Net Area                           1095.404
Total Area (Cell+Physical+Net)     4023.950

Runtime                            0.0 seconds
Elapsed Runtime                    26 seconds
Genus peak memory usage            1622.08 
Innovus peak memory usage          no_value 
Hostname                           redhat315b
