============================================================
  Generated by:           Genus(TM) Synthesis Solution 21.10-p002_1
  Generated on:           Apr 11 2026  03:18:59 pm
  Module:                 fixed_point_mul_p_2_L1
  Technology libraries:   fast_vdd1v0 1.0
                          physical_cells 
  Operating conditions:   PVT_1P1V_0C 
  Interconnect mode:      global
  Area mode:              physical library
============================================================

                                 Leakage  
   Gate    Instances    Area   Power (nW)     Library    
---------------------------------------------------------
ACHCONX2           3    37.962      1.810    fast_vdd1v0 
ADDFHX1            2    15.048      0.799    fast_vdd1v0 
ADDFX1            36   184.680     12.210    fast_vdd1v0 
ADDFXL             1     6.840      0.304    fast_vdd1v0 
ADDHX1            15    56.430      3.950    fast_vdd1v0 
ADDHX4             1     7.182      0.549    fast_vdd1v0 
AND2X1            43    58.824      3.898    fast_vdd1v0 
AND2X2             4     6.840      0.523    fast_vdd1v0 
AND2X4             2     5.472      0.438    fast_vdd1v0 
AND2X6             1     3.762      0.341    fast_vdd1v0 
AND3XL             1     2.052      0.086    fast_vdd1v0 
AND4X1             1     2.394      0.104    fast_vdd1v0 
AO21X1             5    11.970      0.577    fast_vdd1v0 
AO21X2             1     2.736      0.169    fast_vdd1v0 
AO22X1            18    49.248      2.367    fast_vdd1v0 
AOI211XL           1     2.052      0.096    fast_vdd1v0 
AOI21X1            9    15.390      0.967    fast_vdd1v0 
AOI21X2            2     5.472      0.416    fast_vdd1v0 
AOI21X4            1     5.130      0.431    fast_vdd1v0 
AOI221X2           1     4.446      0.362    fast_vdd1v0 
AOI222X1           3     9.234      0.644    fast_vdd1v0 
AOI222X2           1     5.472      0.419    fast_vdd1v0 
AOI222X4           1     9.576      0.701    fast_vdd1v0 
AOI22X1           38    77.976      5.027    fast_vdd1v0 
AOI22X2            6    22.572      1.435    fast_vdd1v0 
AOI22X4            1     6.156      0.510    fast_vdd1v0 
AOI2BB1X1          8    16.416      0.979    fast_vdd1v0 
AOI2BB1X2          2     6.156      0.368    fast_vdd1v0 
AOI2BB2X1          1     3.420      0.194    fast_vdd1v0 
AOI2BB2X2          1     5.130      0.291    fast_vdd1v0 
AOI31X1            1     2.052      0.124    fast_vdd1v0 
AOI31X2            1     3.420      0.268    fast_vdd1v0 
AOI32X2            1     4.446      0.274    fast_vdd1v0 
BUFX2              4     6.840      0.466    fast_vdd1v0 
BUFX3              1     2.052      0.166    fast_vdd1v0 
CLKAND2X2          2     4.104      0.262    fast_vdd1v0 
CLKAND2X3          1     3.078      0.212    fast_vdd1v0 
CLKINVX4           1     1.710      0.193    fast_vdd1v0 
CLKINVX6           1     2.394      0.251    fast_vdd1v0 
CLKMX2X2           1     3.078      0.210    fast_vdd1v0 
CLKXOR2X1         23    62.928      4.077    fast_vdd1v0 
DFFRHQX1          51   313.956     19.540    fast_vdd1v0 
DFFRHQX4           1     9.576      0.554    fast_vdd1v0 
DFFRX1             4    27.360      1.638    fast_vdd1v0 
DFFRX2             5    37.620      2.443    fast_vdd1v0 
DFFRX4             9    86.184      6.488    fast_vdd1v0 
INVX1             21    14.364      1.008    fast_vdd1v0 
INVX2             13    13.338      1.097    fast_vdd1v0 
INVXL              5     3.420      0.177    fast_vdd1v0 
MX2X1              6    14.364      0.979    fast_vdd1v0 
MXI2X1             4    10.944      0.614    fast_vdd1v0 
MXI2XL            10    23.940      1.156    fast_vdd1v0 
NAND2BX1          24    32.832      2.602    fast_vdd1v0 
NAND2BX2           2     4.788      0.327    fast_vdd1v0 
NAND2BX4           2     7.524      0.648    fast_vdd1v0 
NAND2X1           66    67.716      4.546    fast_vdd1v0 
NAND2X2           15    25.650      1.858    fast_vdd1v0 
NAND2X4            5    17.100      1.256    fast_vdd1v0 
NAND3BX1           1     2.052      0.124    fast_vdd1v0 
NAND3BXL           5     8.550      0.434    fast_vdd1v0 
NAND3X2            1     2.736      0.184    fast_vdd1v0 
NAND3X4            3    14.364      1.034    fast_vdd1v0 
NOR2BX1           19    25.992      2.056    fast_vdd1v0 
NOR2BX2            2     5.472      0.315    fast_vdd1v0 
NOR2BX4            1     3.762      0.384    fast_vdd1v0 
NOR2X1            41    42.066      2.680    fast_vdd1v0 
NOR2X2            22    37.620      2.854    fast_vdd1v0 
NOR2X4            13    40.014      3.587    fast_vdd1v0 
NOR2X6             2     8.208      0.910    fast_vdd1v0 
NOR3BX1            1     2.052      0.123    fast_vdd1v0 
NOR3BX4            1     5.814      0.350    fast_vdd1v0 
NOR3X4             1     5.130      0.310    fast_vdd1v0 
NOR4BX4            2    15.048      0.793    fast_vdd1v0 
NOR4X1             1     1.710      0.111    fast_vdd1v0 
NOR4X4             1     6.498      0.408    fast_vdd1v0 
OA21X1             9    18.468      1.021    fast_vdd1v0 
OA22X1             7    16.758      0.884    fast_vdd1v0 
OAI211X1           2     3.420      0.250    fast_vdd1v0 
OAI21X1           25    42.750      2.445    fast_vdd1v0 
OAI21X2            7    21.546      1.252    fast_vdd1v0 
OAI21X4            2     9.576      0.678    fast_vdd1v0 
OAI221X1           4     9.576      0.621    fast_vdd1v0 
OAI221X2           1     4.788      0.270    fast_vdd1v0 
OAI222X1           9    24.624      1.396    fast_vdd1v0 
OAI22X1            6    12.312      0.702    fast_vdd1v0 
OAI22X2            2     6.840      0.494    fast_vdd1v0 
OAI2BB1X1         12    20.520      1.407    fast_vdd1v0 
OAI2BB1X2          3     9.234      0.525    fast_vdd1v0 
OAI2BB1X4          3    13.338      0.956    fast_vdd1v0 
OAI31X1            2     4.104      0.262    fast_vdd1v0 
OR2X1             19    25.992      1.938    fast_vdd1v0 
OR2X4              1     2.736      0.252    fast_vdd1v0 
OR2XL              2     2.736      0.169    fast_vdd1v0 
OR3X1              2     4.104      0.218    fast_vdd1v0 
OR3X2              1     2.394      0.143    fast_vdd1v0 
OR4X1              5    10.260      0.545    fast_vdd1v0 
XNOR2X1           58   138.852     10.088    fast_vdd1v0 
XNOR2X2            3     9.234      0.640    fast_vdd1v0 
XNOR3X1            3    22.572      1.172    fast_vdd1v0 
XNOR3XL            1     7.524      0.355    fast_vdd1v0 
XOR2X2             1     3.420      0.211    fast_vdd1v0 
XOR2XL             2     5.472      0.332    fast_vdd1v0 
XOR3X1             2    15.048      0.786    fast_vdd1v0 
XOR3XL             3    22.572      1.111    fast_vdd1v0 
---------------------------------------------------------
total            804  2170.674    142.173                


                                           Leakage  Leakage 
     Type      Instances   Area   Area % Power (nW) Power % 
------------------------------------------------------------
sequential            70  474.696   21.9     30.662    21.6 
inverter              41   35.226    1.6      2.726     1.9 
buffer                 5    8.892    0.4      0.632     0.4 
logic                688 1651.860   76.1    108.153    76.1 
physical_cells         0    0.000    0.0      0.000     0.0 
------------------------------------------------------------
total                804 2170.674  100.0    142.173   100.0 

