============================================================
  Generated by:           Genus(TM) Synthesis Solution 21.10-p002_1
  Generated on:           Jun 19 2026  11:17:43 am
  Module:                 acbam_UINT8
  Operating conditions:   PVT_1P1V_0C (balanced_tree)
  Wireload mode:          enclosed
  Area mode:              timing library
============================================================


Path 1: MET (0 ps) Late External Delay Assertion at pin R[13]
          Group: vclk
     Startpoint: (F) Conf_Bit_Mask[3]
          Clock: (R) vclk
       Endpoint: (F) R[13]
          Clock: (R) vclk

                     Capture       Launch     
        Clock Edge:+    1000            0     
        Drv Adjust:+       0            0     
       Src Latency:+       0            0     
       Net Latency:+       0 (I)        0 (I) 
           Arrival:=    1000            0     
                                              
      Output Delay:-     200                  
       Uncertainty:-      50                  
     Required Time:=     750                  
      Launch Clock:-       0                  
       Input Delay:-     200                  
         Data Path:-     550                  
             Slack:=       0                  

Exceptions/Constraints:
  input_delay              200             acbam_UINT8.sdc_line_14_18_1 
  output_delay             200             acbam_UINT8.sdc_line_15_22_1 

#----------------------------------------------------------------------------------------------------------------------------------
#                       Timing Point                        Flags   Arc   Edge   Cell     Fanout Load Trans Delay Arrival Instance 
#                                                                                                (fF)  (ps)  (ps)   (ps)  Location 
#----------------------------------------------------------------------------------------------------------------------------------
  Conf_Bit_Mask[3]                                          -       -     F     (arrival)      4  3.4     0     0     200    (-,-) 
  m_core/g14327/Y                                           -       A->Y  R     INVX1          1  0.5     4     6     206    (-,-) 
  m_core/g14289__2883/Y                                     -       A->Y  F     MXI2X1         2  0.5    19    19     224    (-,-) 
  m_core/g14266/Y                                           -       A->Y  R     INVXL          1  0.3     8    12     236    (-,-) 
  m_core/g14238__5115/Y                                     -       A->Y  F     MXI2XL         1  0.5    24    21     257    (-,-) 
  m_core/g14194__4319/Y                                     -       B->Y  R     XNOR2X1        2  1.5    14    40     297    (-,-) 
  m_core/g14152__5477/Y                                     -       B->Y  F     NOR2X2         3  1.6    13    12     308    (-,-) 
  m_core/g14106__4733/Y                                     -       B->Y  R     NOR2X1         1  0.9    19    17     325    (-,-) 
  m_core/g14087__5526/Y                                     -       B->Y  F     NAND2X2        5  2.4    24    21     346    (-,-) 
  m_core/g14075/Y                                           -       A->Y  R     INVX1          4  1.8    18    18     364    (-,-) 
  m_core/g14057__5526/Y                                     -       A1->Y F     AOI22X1        2  0.7    30    26     390    (-,-) 
  m_core/g13997__1617/Y                                     -       A1->Y R     OAI21X1        1  1.1    28    28     418    (-,-) 
  m_core/WALLACE_CSA_DUMMY_OP6_groupi_cdnfadd_008_0__1705/S -       B->S  F     ADDFX1         1  0.7    12    69     487    (-,-) 
  m_core/WALLACE_CSA_DUMMY_OP6_groupi_cdnfadd_008_1__5122/S -       CI->S R     ADDFXL         2  1.0    16    58     544    (-,-) 
  m_core/WALLACE_CSA_DUMMY_OP6_groupi_g2961__8246/Y         -       B->Y  F     NAND2X1        3  1.1    21    19     564    (-,-) 
  m_core/WALLACE_CSA_DUMMY_OP6_groupi_g2926__7098/Y         -       A0->Y R     AOI21X1        1  1.0    24    26     590    (-,-) 
  m_core/WALLACE_CSA_DUMMY_OP6_groupi_g2923__1705/Y         -       B0->Y F     AOI21X2        3  1.3    21    14     603    (-,-) 
  m_core/WALLACE_CSA_DUMMY_OP6_groupi_g2920__3680/Y         -       B->Y  R     NOR2X1         1  0.5    15    16     620    (-,-) 
  m_core/WALLACE_CSA_DUMMY_OP6_groupi_g2919__6783/Y         -       B->Y  F     NOR2X1         2  0.8    13    12     631    (-,-) 
  m_core/WALLACE_CSA_DUMMY_OP6_groupi_g2918/Y               -       A->Y  R     INVX1          3  1.8    15    14     646    (-,-) 
  m_core/WALLACE_CSA_DUMMY_OP6_groupi_g2912__5107/Y         -       A1->Y F     AOI21X1        1  0.5    18    20     665    (-,-) 
  m_core/WALLACE_CSA_DUMMY_OP6_groupi_g2910__5477/Y         -       S0->Y F     MXI2X8         1 50.0    55    85     750    (-,-) 
  R[13]                                                     -       -     F     (port)         -    -     -     0     750    (-,-) 
#----------------------------------------------------------------------------------------------------------------------------------



Path 2: MET (0 ps) Late External Delay Assertion at pin R[14]
          Group: vclk
     Startpoint: (F) Conf_Bit_Mask[3]
          Clock: (R) vclk
       Endpoint: (F) R[14]
          Clock: (R) vclk

                     Capture       Launch     
        Clock Edge:+    1000            0     
        Drv Adjust:+       0            0     
       Src Latency:+       0            0     
       Net Latency:+       0 (I)        0 (I) 
           Arrival:=    1000            0     
                                              
      Output Delay:-     200                  
       Uncertainty:-      50                  
     Required Time:=     750                  
      Launch Clock:-       0                  
       Input Delay:-     200                  
         Data Path:-     550                  
             Slack:=       0                  

Exceptions/Constraints:
  input_delay              200             acbam_UINT8.sdc_line_14_18_1 
  output_delay             200             acbam_UINT8.sdc_line_15_21_1 

#----------------------------------------------------------------------------------------------------------------------------------
#                       Timing Point                        Flags   Arc   Edge   Cell     Fanout Load Trans Delay Arrival Instance 
#                                                                                                (fF)  (ps)  (ps)   (ps)  Location 
#----------------------------------------------------------------------------------------------------------------------------------
  Conf_Bit_Mask[3]                                          -       -     F     (arrival)      4  3.4     0     0     200    (-,-) 
  m_core/g14327/Y                                           -       A->Y  R     INVX1          1  0.5     4     6     206    (-,-) 
  m_core/g14289__2883/Y                                     -       A->Y  F     MXI2X1         2  0.5    19    19     224    (-,-) 
  m_core/g14266/Y                                           -       A->Y  R     INVXL          1  0.3     8    12     236    (-,-) 
  m_core/g14238__5115/Y                                     -       A->Y  F     MXI2XL         1  0.5    24    21     257    (-,-) 
  m_core/g14194__4319/Y                                     -       B->Y  R     XNOR2X1        2  1.5    14    40     297    (-,-) 
  m_core/g14152__5477/Y                                     -       B->Y  F     NOR2X2         3  1.6    13    12     308    (-,-) 
  m_core/g14106__4733/Y                                     -       B->Y  R     NOR2X1         1  0.9    19    17     325    (-,-) 
  m_core/g14087__5526/Y                                     -       B->Y  F     NAND2X2        5  2.4    24    21     346    (-,-) 
  m_core/g14075/Y                                           -       A->Y  R     INVX1          4  1.8    18    18     364    (-,-) 
  m_core/g14057__5526/Y                                     -       A1->Y F     AOI22X1        2  0.7    30    26     390    (-,-) 
  m_core/g13997__1617/Y                                     -       A1->Y R     OAI21X1        1  1.1    28    28     418    (-,-) 
  m_core/WALLACE_CSA_DUMMY_OP6_groupi_cdnfadd_008_0__1705/S -       B->S  F     ADDFX1         1  0.7    12    69     487    (-,-) 
  m_core/WALLACE_CSA_DUMMY_OP6_groupi_cdnfadd_008_1__5122/S -       CI->S R     ADDFXL         2  1.0    16    58     544    (-,-) 
  m_core/WALLACE_CSA_DUMMY_OP6_groupi_g2961__8246/Y         -       B->Y  F     NAND2X1        3  1.1    21    19     564    (-,-) 
  m_core/WALLACE_CSA_DUMMY_OP6_groupi_g2926__7098/Y         -       A0->Y R     AOI21X1        1  1.0    24    26     590    (-,-) 
  m_core/WALLACE_CSA_DUMMY_OP6_groupi_g2923__1705/Y         -       B0->Y F     AOI21X2        3  1.3    21    14     603    (-,-) 
  m_core/WALLACE_CSA_DUMMY_OP6_groupi_g2920__3680/Y         -       B->Y  R     NOR2X1         1  0.5    15    16     620    (-,-) 
  m_core/WALLACE_CSA_DUMMY_OP6_groupi_g2919__6783/Y         -       B->Y  F     NOR2X1         2  0.8    13    12     631    (-,-) 
  m_core/WALLACE_CSA_DUMMY_OP6_groupi_g2918/Y               -       A->Y  R     INVX1          3  1.8    15    14     646    (-,-) 
  m_core/WALLACE_CSA_DUMMY_OP6_groupi_g2911__2398/Y         -       A1->Y F     AOI21X1        1  0.5    18    20     665    (-,-) 
  m_core/WALLACE_CSA_DUMMY_OP6_groupi_g2909__6417/Y         -       S0->Y F     MXI2X8         1 50.0    55    85     750    (-,-) 
  R[14]                                                     -       -     F     (port)         -    -     -     0     750    (-,-) 
#----------------------------------------------------------------------------------------------------------------------------------



Path 3: MET (3 ps) Late External Delay Assertion at pin R[12]
          Group: vclk
     Startpoint: (F) Conf_Bit_Mask[3]
          Clock: (R) vclk
       Endpoint: (F) R[12]
          Clock: (R) vclk

                     Capture       Launch     
        Clock Edge:+    1000            0     
        Drv Adjust:+       0            0     
       Src Latency:+       0            0     
       Net Latency:+       0 (I)        0 (I) 
           Arrival:=    1000            0     
                                              
      Output Delay:-     200                  
       Uncertainty:-      50                  
     Required Time:=     750                  
      Launch Clock:-       0                  
       Input Delay:-     200                  
         Data Path:-     547                  
             Slack:=       3                  

Exceptions/Constraints:
  input_delay              200             acbam_UINT8.sdc_line_14_18_1 
  output_delay             200             acbam_UINT8.sdc_line_15_23_1 

#----------------------------------------------------------------------------------------------------------------------------------
#                       Timing Point                        Flags   Arc   Edge   Cell     Fanout Load Trans Delay Arrival Instance 
#                                                                                                (fF)  (ps)  (ps)   (ps)  Location 
#----------------------------------------------------------------------------------------------------------------------------------
  Conf_Bit_Mask[3]                                          -       -     F     (arrival)      4  3.4     0     0     200    (-,-) 
  m_core/g14327/Y                                           -       A->Y  R     INVX1          1  0.5     4     6     206    (-,-) 
  m_core/g14289__2883/Y                                     -       A->Y  F     MXI2X1         2  0.5    19    19     224    (-,-) 
  m_core/g14266/Y                                           -       A->Y  R     INVXL          1  0.3     8    12     236    (-,-) 
  m_core/g14238__5115/Y                                     -       A->Y  F     MXI2XL         1  0.5    24    21     257    (-,-) 
  m_core/g14194__4319/Y                                     -       B->Y  R     XNOR2X1        2  1.5    14    40     297    (-,-) 
  m_core/g14152__5477/Y                                     -       B->Y  F     NOR2X2         3  1.6    13    12     308    (-,-) 
  m_core/g14106__4733/Y                                     -       B->Y  R     NOR2X1         1  0.9    19    17     325    (-,-) 
  m_core/g14087__5526/Y                                     -       B->Y  F     NAND2X2        5  2.4    24    21     346    (-,-) 
  m_core/g14075/Y                                           -       A->Y  R     INVX1          4  1.8    18    18     364    (-,-) 
  m_core/g14057__5526/Y                                     -       A1->Y F     AOI22X1        2  0.7    30    26     390    (-,-) 
  m_core/g13997__1617/Y                                     -       A1->Y R     OAI21X1        1  1.1    28    28     418    (-,-) 
  m_core/WALLACE_CSA_DUMMY_OP6_groupi_cdnfadd_008_0__1705/S -       B->S  F     ADDFX1         1  0.7    12    69     487    (-,-) 
  m_core/WALLACE_CSA_DUMMY_OP6_groupi_cdnfadd_008_1__5122/S -       CI->S R     ADDFXL         2  1.0    16    58     544    (-,-) 
  m_core/WALLACE_CSA_DUMMY_OP6_groupi_g2961__8246/Y         -       B->Y  F     NAND2X1        3  1.1    21    19     564    (-,-) 
  m_core/WALLACE_CSA_DUMMY_OP6_groupi_g2926__7098/Y         -       A0->Y R     AOI21X1        1  1.0    24    26     590    (-,-) 
  m_core/WALLACE_CSA_DUMMY_OP6_groupi_g2923__1705/Y         -       B0->Y F     AOI21X2        3  1.3    21    14     603    (-,-) 
  m_core/WALLACE_CSA_DUMMY_OP6_groupi_g2920__3680/Y         -       B->Y  R     NOR2X1         1  0.5    15    16     620    (-,-) 
  m_core/WALLACE_CSA_DUMMY_OP6_groupi_g2919__6783/Y         -       B->Y  F     NOR2X1         2  0.8    13    12     631    (-,-) 
  m_core/WALLACE_CSA_DUMMY_OP6_groupi_g2918/Y               -       A->Y  R     INVX1          3  1.8    15    14     646    (-,-) 
  m_core/WALLACE_CSA_DUMMY_OP6_groupi_g2__2398/Y            -       B->Y  F     XNOR2X4        1 50.0   106   102     747    (-,-) 
  R[12]                                                     -       -     F     (port)         -    -     -     0     747    (-,-) 
#----------------------------------------------------------------------------------------------------------------------------------



Path 4: MET (3 ps) Late External Delay Assertion at pin R[15]
          Group: vclk
     Startpoint: (F) Conf_Bit_Mask[3]
          Clock: (R) vclk
       Endpoint: (F) R[15]
          Clock: (R) vclk

                     Capture       Launch     
        Clock Edge:+    1000            0     
        Drv Adjust:+       0            0     
       Src Latency:+       0            0     
       Net Latency:+       0 (I)        0 (I) 
           Arrival:=    1000            0     
                                              
      Output Delay:-     200                  
       Uncertainty:-      50                  
     Required Time:=     750                  
      Launch Clock:-       0                  
       Input Delay:-     200                  
         Data Path:-     547                  
             Slack:=       3                  

Exceptions/Constraints:
  input_delay              200             acbam_UINT8.sdc_line_14_18_1 
  output_delay             200             acbam_UINT8.sdc_line_15      

#----------------------------------------------------------------------------------------------------------------------------------
#                       Timing Point                        Flags   Arc   Edge   Cell     Fanout Load Trans Delay Arrival Instance 
#                                                                                                (fF)  (ps)  (ps)   (ps)  Location 
#----------------------------------------------------------------------------------------------------------------------------------
  Conf_Bit_Mask[3]                                          -       -     F     (arrival)      4  3.4     0     0     200    (-,-) 
  m_core/g14327/Y                                           -       A->Y  R     INVX1          1  0.5     4     6     206    (-,-) 
  m_core/g14289__2883/Y                                     -       A->Y  F     MXI2X1         2  0.5    19    19     224    (-,-) 
  m_core/g14266/Y                                           -       A->Y  R     INVXL          1  0.3     8    12     236    (-,-) 
  m_core/g14238__5115/Y                                     -       A->Y  F     MXI2XL         1  0.5    24    21     257    (-,-) 
  m_core/g14194__4319/Y                                     -       B->Y  R     XNOR2X1        2  1.5    14    40     297    (-,-) 
  m_core/g14152__5477/Y                                     -       B->Y  F     NOR2X2         3  1.6    13    12     308    (-,-) 
  m_core/g14106__4733/Y                                     -       B->Y  R     NOR2X1         1  0.9    19    17     325    (-,-) 
  m_core/g14087__5526/Y                                     -       B->Y  F     NAND2X2        5  2.4    24    21     346    (-,-) 
  m_core/g14075/Y                                           -       A->Y  R     INVX1          4  1.8    18    18     364    (-,-) 
  m_core/g14018__6417/Y                                     -       B0->Y F     OAI2BB1X1      2  0.9    19    21     384    (-,-) 
  m_core/g14003__7098/Y                                     -       B->Y  R     XNOR2X1        2  1.2    12    39     423    (-,-) 
  m_core/g14361__6161/Y                                     -       B->Y  F     XNOR2X1        1  0.7     9    32     455    (-,-) 
  m_core/WALLACE_CSA_DUMMY_OP6_groupi_cdnfadd_012_0__4733/S -       CI->S R     ADDFX1         1  0.7    10    62     517    (-,-) 
  m_core/WALLACE_CSA_DUMMY_OP6_groupi_cdnfadd_012_1__6161/S -       CI->S F     ADDFXL         2  0.6    11    54     571    (-,-) 
  m_core/WALLACE_CSA_DUMMY_OP6_groupi_g2958__2802/Y         -       B->Y  F     OR2X1          3  0.9    10    29     600    (-,-) 
  m_core/WALLACE_CSA_DUMMY_OP6_groupi_g2939__2883/Y         -       AN->Y F     NOR2BX1        2  0.8    11    20     620    (-,-) 
  m_core/WALLACE_CSA_DUMMY_OP6_groupi_g2925__8246/Y         -       B->Y  R     NAND2X1        1  0.5     9    10     630    (-,-) 
  m_core/WALLACE_CSA_DUMMY_OP6_groupi_g2915__4319/Y         -       A0->Y F     OAI211X1       1  0.5    29    31     661    (-,-) 
  m_core/WALLACE_CSA_DUMMY_OP6_groupi_g2908__7410/Y         -       S0->Y F     MXI2X8         1 50.0    55    86     747    (-,-) 
  R[15]                                                     -       -     F     (port)         -    -     -     0     747    (-,-) 
#----------------------------------------------------------------------------------------------------------------------------------



Path 5: MET (5 ps) Late External Delay Assertion at pin R[10]
          Group: vclk
     Startpoint: (F) B[3]
          Clock: (R) vclk
       Endpoint: (R) R[10]
          Clock: (R) vclk

                     Capture       Launch     
        Clock Edge:+    1000            0     
        Drv Adjust:+       0            0     
       Src Latency:+       0            0     
       Net Latency:+       0 (I)        0 (I) 
           Arrival:=    1000            0     
                                              
      Output Delay:-     200                  
       Uncertainty:-      50                  
     Required Time:=     750                  
      Launch Clock:-       0                  
       Input Delay:-     200                  
         Data Path:-     545                  
             Slack:=       5                  

Exceptions/Constraints:
  input_delay              200             acbam_UINT8.sdc_line_14_12_1 
  output_delay             200             acbam_UINT8.sdc_line_15_25_1 

#----------------------------------------------------------------------------------------------------------------------------------
#                       Timing Point                        Flags   Arc   Edge   Cell     Fanout Load Trans Delay Arrival Instance 
#                                                                                                (fF)  (ps)  (ps)   (ps)  Location 
#----------------------------------------------------------------------------------------------------------------------------------
  B[3]                                                      -       -     F     (arrival)      6  4.6     0     0     200    (-,-) 
  m_core/g2__5115/Y                                         -       A->Y  F     AND2XL         1  0.4     7    16     216    (-,-) 
  m_core/g14242__9315/Y                                     -       B1->Y R     AOI22X1        2  1.3    32    22     238    (-,-) 
  m_core/g14193__6260/Y                                     -       A1->Y F     AOI22XL        1  0.4    30    30     269    (-,-) 
  m_core/g14161__3680/Y                                     -       B->Y  R     NOR2X1         3  1.1    24    24     293    (-,-) 
  m_core/g14151__6417/Y                                     -       C->Y  R     AND3XL         3  1.1    16    38     331    (-,-) 
  m_core/g14365__2346/Y                                     -       AN->Y R     NAND2BX1       1  0.6    10    19     350    (-,-) 
  m_core/g14074__2883/Y                                     -       B->Y  F     XNOR2X1        3  1.3    13    34     384    (-,-) 
  m_core/g14040__6161/Y                                     -       S0->Y F     MXI2XL         1  0.3    19    20     404    (-,-) 
  m_core/g13996__3680/Y                                     -       A->Y  R     XNOR2X1        1  0.7     9    44     448    (-,-) 
  m_core/WALLACE_CSA_DUMMY_OP6_groupi_cdnfadd_010_0__6131/S -       CI->S F     ADDFXL         1  0.7    12    54     502    (-,-) 
  m_core/WALLACE_CSA_DUMMY_OP6_groupi_cdnfadd_010_1__1881/S -       CI->S R     ADDFX1         2  1.0    12    64     566    (-,-) 
  m_core/WALLACE_CSA_DUMMY_OP6_groupi_g2953__5526/Y         -       B->Y  F     NAND2X1        3  1.0    19    18     583    (-,-) 
  m_core/WALLACE_CSA_DUMMY_OP6_groupi_g2942__7410/Y         -       AN->Y F     NOR2BX1        1  0.3     8    20     603    (-,-) 
  m_core/WALLACE_CSA_DUMMY_OP6_groupi_g2917__5526/Y         -       A->Y  R     XNOR2X2        1 50.0   176   141     745    (-,-) 
  R[10]                                                     -       -     R     (port)         -    -     -     0     745    (-,-) 
#----------------------------------------------------------------------------------------------------------------------------------



Path 6: MET (8 ps) Late External Delay Assertion at pin R[9]
          Group: vclk
     Startpoint: (R) B[1]
          Clock: (R) vclk
       Endpoint: (F) R[9]
          Clock: (R) vclk

                     Capture       Launch     
        Clock Edge:+    1000            0     
        Drv Adjust:+       0            0     
       Src Latency:+       0            0     
       Net Latency:+       0 (I)        0 (I) 
           Arrival:=    1000            0     
                                              
      Output Delay:-     200                  
       Uncertainty:-      50                  
     Required Time:=     750                  
      Launch Clock:-       0                  
       Input Delay:-     200                  
         Data Path:-     542                  
             Slack:=       8                  

Exceptions/Constraints:
  input_delay              200             acbam_UINT8.sdc_line_14_14_1 
  output_delay             200             acbam_UINT8.sdc_line_15_26_1 

#---------------------------------------------------------------------------------------------------------------------------
#                   Timing Point                    Flags    Arc   Edge   Cell     Fanout Load Trans Delay Arrival Instance 
#                                                                                         (fF)  (ps)  (ps)   (ps)  Location 
#---------------------------------------------------------------------------------------------------------------------------
  B[1]                                              -       -      R     (arrival)     10  5.4     0     0     200    (-,-) 
  m_core/g14335/Y                                   -       A->Y   F     CLKINVX4       5  3.1     7     8     208    (-,-) 
  m_core/g14316__6131/Y                             -       B->Y   R     NOR2X2         8  3.8    30    22     230    (-,-) 
  m_core/g14283__7482/Y                             -       A1->Y  F     AOI21X1        3  1.3    30    30     260    (-,-) 
  m_core/g14262__3680/Y                             -       A->Y   F     AND2X1         2  0.9     9    23     283    (-,-) 
  m_core/g14181__9945/Y                             -       B->Y   R     NAND2X1        2  0.9    17    10     294    (-,-) 
  m_core/g14110__9945/Y                             -       AN->Y  R     NAND2BXL       2  0.6    15    18     312    (-,-) 
  m_core/g14032__5122/Y                             -       A1N->Y R     OAI2BB1X1      1  0.3     9    26     338    (-,-) 
  m_core/g14385/Y                                   -       A1->Y  R     AO21XL         3  1.2    17    32     370    (-,-) 
  m_core/g14362__9315/Y                             -       B->Y   F     XOR2XL         1  0.5     8    34     404    (-,-) 
  m_core/g13992__5526/Y                             -       B->Y   R     XNOR2X1        3  1.1    11    37     441    (-,-) 
  m_core/WALLACE_CSA_DUMMY_OP6_groupi_g3006__1666/Y -       B->Y   F     NAND2XL        1  0.4    15    14     456    (-,-) 
  m_core/g14384/Y                                   -       B0->Y  R     OAI21X1        2  0.6    19    11     467    (-,-) 
  m_core/WALLACE_CSA_DUMMY_OP6_groupi_g3015__6260/Y -       B->Y   R     AND2XL         2  0.8    12    26     493    (-,-) 
  m_core/WALLACE_CSA_DUMMY_OP6_groupi_g2979__2398/Y -       A0->Y  F     AOI21X1        1  0.4    17    20     512    (-,-) 
  m_core/WALLACE_CSA_DUMMY_OP6_groupi_g2975__1666/Y -       B0->Y  R     OAI2BB1X1      2  0.6    11    13     525    (-,-) 
  m_core/WALLACE_CSA_DUMMY_OP6_groupi_g2966__5115/Y -       A1N->Y R     OAI2BB1X1      2  0.6    10    27     552    (-,-) 
  m_core/WALLACE_CSA_DUMMY_OP6_groupi_g2963__6131/Y -       A1N->Y R     OAI2BB1X1      3  1.5    17    30     582    (-,-) 
  m_core/WALLACE_CSA_DUMMY_OP6_groupi_g2929__5115/Y -       A1N->Y R     OAI2BB1X1      1  0.6    12    28     610    (-,-) 
  m_core/WALLACE_CSA_DUMMY_OP6_groupi_g2921__1617/Y -       B->Y   F     XNOR2X2        1 50.0   181   132     742    (-,-) 
  R[9]                                              -       -      F     (port)         -    -     -     0     742    (-,-) 
#---------------------------------------------------------------------------------------------------------------------------



Path 7: MET (21 ps) Late External Delay Assertion at pin R[8]
          Group: vclk
     Startpoint: (R) B[1]
          Clock: (R) vclk
       Endpoint: (F) R[8]
          Clock: (R) vclk

                     Capture       Launch     
        Clock Edge:+    1000            0     
        Drv Adjust:+       0            0     
       Src Latency:+       0            0     
       Net Latency:+       0 (I)        0 (I) 
           Arrival:=    1000            0     
                                              
      Output Delay:-     200                  
       Uncertainty:-      50                  
     Required Time:=     750                  
      Launch Clock:-       0                  
       Input Delay:-     200                  
         Data Path:-     529                  
             Slack:=      21                  

Exceptions/Constraints:
  input_delay              200             acbam_UINT8.sdc_line_14_14_1 
  output_delay             200             acbam_UINT8.sdc_line_15_27_1 

#---------------------------------------------------------------------------------------------------------------------------
#                   Timing Point                    Flags    Arc   Edge   Cell     Fanout Load Trans Delay Arrival Instance 
#                                                                                         (fF)  (ps)  (ps)   (ps)  Location 
#---------------------------------------------------------------------------------------------------------------------------
  B[1]                                              -       -      R     (arrival)     10  5.4     0     0     200    (-,-) 
  m_core/g14335/Y                                   -       A->Y   F     CLKINVX4       5  3.1     7     8     208    (-,-) 
  m_core/g14316__6131/Y                             -       B->Y   R     NOR2X2         8  3.8    30    22     230    (-,-) 
  m_core/g14283__7482/Y                             -       A1->Y  F     AOI21X1        3  1.3    30    30     260    (-,-) 
  m_core/g14262__3680/Y                             -       A->Y   F     AND2X1         2  0.9     9    23     283    (-,-) 
  m_core/g14181__9945/Y                             -       B->Y   R     NAND2X1        2  0.9    17    10     294    (-,-) 
  m_core/g14110__9945/Y                             -       AN->Y  R     NAND2BXL       2  0.6    15    18     312    (-,-) 
  m_core/g14032__5122/Y                             -       A1N->Y R     OAI2BB1X1      1  0.3     9    26     338    (-,-) 
  m_core/g14385/Y                                   -       A1->Y  R     AO21XL         3  1.2    17    32     370    (-,-) 
  m_core/g14362__9315/Y                             -       B->Y   F     XOR2XL         1  0.5     8    34     404    (-,-) 
  m_core/g13992__5526/Y                             -       B->Y   R     XNOR2X1        3  1.1    11    37     441    (-,-) 
  m_core/WALLACE_CSA_DUMMY_OP6_groupi_g3006__1666/Y -       B->Y   F     NAND2XL        1  0.4    15    14     456    (-,-) 
  m_core/g14384/Y                                   -       B0->Y  R     OAI21X1        2  0.6    19    11     467    (-,-) 
  m_core/WALLACE_CSA_DUMMY_OP6_groupi_g3015__6260/Y -       B->Y   R     AND2XL         2  0.8    12    26     493    (-,-) 
  m_core/WALLACE_CSA_DUMMY_OP6_groupi_g2979__2398/Y -       A0->Y  F     AOI21X1        1  0.4    17    20     512    (-,-) 
  m_core/WALLACE_CSA_DUMMY_OP6_groupi_g2975__1666/Y -       B0->Y  R     OAI2BB1X1      2  0.6    11    13     525    (-,-) 
  m_core/WALLACE_CSA_DUMMY_OP6_groupi_g2966__5115/Y -       A1N->Y R     OAI2BB1X1      2  0.6    10    27     552    (-,-) 
  m_core/WALLACE_CSA_DUMMY_OP6_groupi_g2963__6131/Y -       A1N->Y R     OAI2BB1X1      3  1.5    17    30     582    (-,-) 
  m_core/WALLACE_CSA_DUMMY_OP6_groupi_g2924__5122/Y -       A->Y   F     XNOR2X2        1 50.0   181   148     729    (-,-) 
  R[8]                                              -       -      F     (port)         -    -     -     0     729    (-,-) 
#---------------------------------------------------------------------------------------------------------------------------



Path 8: MET (21 ps) Late External Delay Assertion at pin R[11]
          Group: vclk
     Startpoint: (F) Conf_Bit_Mask[3]
          Clock: (R) vclk
       Endpoint: (F) R[11]
          Clock: (R) vclk

                     Capture       Launch     
        Clock Edge:+    1000            0     
        Drv Adjust:+       0            0     
       Src Latency:+       0            0     
       Net Latency:+       0 (I)        0 (I) 
           Arrival:=    1000            0     
                                              
      Output Delay:-     200                  
       Uncertainty:-      50                  
     Required Time:=     750                  
      Launch Clock:-       0                  
       Input Delay:-     200                  
         Data Path:-     529                  
             Slack:=      21                  

Exceptions/Constraints:
  input_delay              200             acbam_UINT8.sdc_line_14_18_1 
  output_delay             200             acbam_UINT8.sdc_line_15_24_1 

#----------------------------------------------------------------------------------------------------------------------------------
#                       Timing Point                        Flags   Arc   Edge   Cell     Fanout Load Trans Delay Arrival Instance 
#                                                                                                (fF)  (ps)  (ps)   (ps)  Location 
#----------------------------------------------------------------------------------------------------------------------------------
  Conf_Bit_Mask[3]                                          -       -     F     (arrival)      4  3.4     0     0     200    (-,-) 
  m_core/g14327/Y                                           -       A->Y  R     INVX1          1  0.5     4     6     206    (-,-) 
  m_core/g14289__2883/Y                                     -       A->Y  F     MXI2X1         2  0.5    19    19     224    (-,-) 
  m_core/g14266/Y                                           -       A->Y  R     INVXL          1  0.3     8    12     236    (-,-) 
  m_core/g14238__5115/Y                                     -       A->Y  F     MXI2XL         1  0.5    24    21     257    (-,-) 
  m_core/g14194__4319/Y                                     -       B->Y  R     XNOR2X1        2  1.5    14    40     297    (-,-) 
  m_core/g14152__5477/Y                                     -       B->Y  F     NOR2X2         3  1.6    13    12     308    (-,-) 
  m_core/g14106__4733/Y                                     -       B->Y  R     NOR2X1         1  0.9    19    17     325    (-,-) 
  m_core/g14087__5526/Y                                     -       B->Y  F     NAND2X2        5  2.4    24    21     346    (-,-) 
  m_core/g14075/Y                                           -       A->Y  R     INVX1          4  1.8    18    18     364    (-,-) 
  m_core/g14057__5526/Y                                     -       A1->Y F     AOI22X1        2  0.7    30    26     390    (-,-) 
  m_core/g13997__1617/Y                                     -       A1->Y R     OAI21X1        1  1.1    28    28     418    (-,-) 
  m_core/WALLACE_CSA_DUMMY_OP6_groupi_cdnfadd_008_0__1705/S -       B->S  F     ADDFX1         1  0.7    12    69     487    (-,-) 
  m_core/WALLACE_CSA_DUMMY_OP6_groupi_cdnfadd_008_1__5122/S -       CI->S R     ADDFXL         2  1.0    16    58     544    (-,-) 
  m_core/WALLACE_CSA_DUMMY_OP6_groupi_g2961__8246/Y         -       B->Y  F     NAND2X1        3  1.1    21    19     564    (-,-) 
  m_core/WALLACE_CSA_DUMMY_OP6_groupi_g2926__7098/Y         -       A0->Y R     AOI21X1        1  1.0    24    26     590    (-,-) 
  m_core/WALLACE_CSA_DUMMY_OP6_groupi_g2923__1705/Y         -       B0->Y F     AOI21X2        3  1.3    21    14     603    (-,-) 
  m_core/WALLACE_CSA_DUMMY_OP6_groupi_g2916__8428/Y         -       A1->Y R     OAI21X1        1  0.8    23    23     626    (-,-) 
  m_core/WALLACE_CSA_DUMMY_OP6_groupi_g2914__6260/Y         -       B->Y  F     XNOR2X4        1 50.0   106   103     729    (-,-) 
  R[11]                                                     -       -     F     (port)         -    -     -     0     729    (-,-) 
#----------------------------------------------------------------------------------------------------------------------------------



Path 9: MET (52 ps) Late External Delay Assertion at pin R[7]
          Group: vclk
     Startpoint: (R) B[1]
          Clock: (R) vclk
       Endpoint: (F) R[7]
          Clock: (R) vclk

                     Capture       Launch     
        Clock Edge:+    1000            0     
        Drv Adjust:+       0            0     
       Src Latency:+       0            0     
       Net Latency:+       0 (I)        0 (I) 
           Arrival:=    1000            0     
                                              
      Output Delay:-     200                  
       Uncertainty:-      50                  
     Required Time:=     750                  
      Launch Clock:-       0                  
       Input Delay:-     200                  
         Data Path:-     498                  
             Slack:=      52                  

Exceptions/Constraints:
  input_delay              200             acbam_UINT8.sdc_line_14_14_1 
  output_delay             200             acbam_UINT8.sdc_line_15_28_1 

#---------------------------------------------------------------------------------------------------------------------------
#                   Timing Point                    Flags    Arc   Edge   Cell     Fanout Load Trans Delay Arrival Instance 
#                                                                                         (fF)  (ps)  (ps)   (ps)  Location 
#---------------------------------------------------------------------------------------------------------------------------
  B[1]                                              -       -      R     (arrival)     10  5.4     0     0     200    (-,-) 
  m_core/g14335/Y                                   -       A->Y   F     CLKINVX4       5  3.1     7     8     208    (-,-) 
  m_core/g14316__6131/Y                             -       B->Y   R     NOR2X2         8  3.8    30    22     230    (-,-) 
  m_core/g14283__7482/Y                             -       A1->Y  F     AOI21X1        3  1.3    30    30     260    (-,-) 
  m_core/g14262__3680/Y                             -       A->Y   F     AND2X1         2  0.9     9    23     283    (-,-) 
  m_core/g14181__9945/Y                             -       B->Y   R     NAND2X1        2  0.9    17    10     294    (-,-) 
  m_core/g14110__9945/Y                             -       AN->Y  R     NAND2BXL       2  0.6    15    18     312    (-,-) 
  m_core/g14032__5122/Y                             -       A1N->Y R     OAI2BB1X1      1  0.3     9    26     338    (-,-) 
  m_core/g14385/Y                                   -       A1->Y  R     AO21XL         3  1.2    17    32     370    (-,-) 
  m_core/g14362__9315/Y                             -       B->Y   F     XOR2XL         1  0.5     8    34     404    (-,-) 
  m_core/g13992__5526/Y                             -       B->Y   R     XNOR2X1        3  1.1    11    37     441    (-,-) 
  m_core/WALLACE_CSA_DUMMY_OP6_groupi_g3006__1666/Y -       B->Y   F     NAND2XL        1  0.4    15    14     456    (-,-) 
  m_core/g14384/Y                                   -       B0->Y  R     OAI21X1        2  0.6    19    11     467    (-,-) 
  m_core/WALLACE_CSA_DUMMY_OP6_groupi_g3015__6260/Y -       B->Y   R     AND2XL         2  0.8    12    26     493    (-,-) 
  m_core/WALLACE_CSA_DUMMY_OP6_groupi_g2979__2398/Y -       A0->Y  F     AOI21X1        1  0.4    17    20     512    (-,-) 
  m_core/WALLACE_CSA_DUMMY_OP6_groupi_g2975__1666/Y -       B0->Y  R     OAI2BB1X1      2  0.6    11    13     525    (-,-) 
  m_core/WALLACE_CSA_DUMMY_OP6_groupi_g2966__5115/Y -       A1N->Y R     OAI2BB1X1      2  0.6    10    27     552    (-,-) 
  m_core/WALLACE_CSA_DUMMY_OP6_groupi_g2962__7098/Y -       A->Y   F     XNOR2X2        1 50.0   181   146     698    (-,-) 
  R[7]                                              -       -      F     (port)         -    -     -     0     698    (-,-) 
#---------------------------------------------------------------------------------------------------------------------------



Path 10: MET (68 ps) Late External Delay Assertion at pin R[6]
          Group: vclk
     Startpoint: (F) Conf_Bit_Mask[3]
          Clock: (R) vclk
       Endpoint: (F) R[6]
          Clock: (R) vclk

                     Capture       Launch     
        Clock Edge:+    1000            0     
        Drv Adjust:+       0            0     
       Src Latency:+       0            0     
       Net Latency:+       0 (I)        0 (I) 
           Arrival:=    1000            0     
                                              
      Output Delay:-     200                  
       Uncertainty:-      50                  
     Required Time:=     750                  
      Launch Clock:-       0                  
       Input Delay:-     200                  
         Data Path:-     482                  
             Slack:=      68                  

Exceptions/Constraints:
  input_delay              200             acbam_UINT8.sdc_line_14_18_1 
  output_delay             200             acbam_UINT8.sdc_line_15_29_1 

#----------------------------------------------------------------------------------------------------------------------------------
#                       Timing Point                        Flags   Arc   Edge   Cell     Fanout Load Trans Delay Arrival Instance 
#                                                                                                (fF)  (ps)  (ps)   (ps)  Location 
#----------------------------------------------------------------------------------------------------------------------------------
  Conf_Bit_Mask[3]                                          -       -     F     (arrival)      4  3.4     0     0     200    (-,-) 
  m_core/g14327/Y                                           -       A->Y  R     INVX1          1  0.5     4     6     206    (-,-) 
  m_core/g14289__2883/Y                                     -       A->Y  F     MXI2X1         2  0.5    19    19     224    (-,-) 
  m_core/g14266/Y                                           -       A->Y  R     INVXL          1  0.3     8    12     236    (-,-) 
  m_core/g14238__5115/Y                                     -       A->Y  F     MXI2XL         1  0.5    24    21     257    (-,-) 
  m_core/g14194__4319/Y                                     -       B->Y  R     XNOR2X1        2  1.5    14    40     297    (-,-) 
  m_core/g14152__5477/Y                                     -       B->Y  F     NOR2X2         3  1.6    13    12     308    (-,-) 
  m_core/g14143/Y                                           -       A->Y  R     INVX2          4  1.6     9    10     319    (-,-) 
  m_core/g14107__6161/Y                                     -       B->Y  F     NAND2X1        1  0.8    17    15     334    (-,-) 
  m_core/g14100__1881/Y                                     -       B->Y  R     NOR2X2         5  2.1    21    19     352    (-,-) 
  m_core/g14059__3680/Y                                     -       B->Y  F     NAND2XL        1  0.4    16    18     370    (-,-) 
  m_core/g14007__5115/Y                                     -       B0->Y R     OAI21X1        1  0.7    22    12     382    (-,-) 
  m_core/g13985__2398/S                                     -       CI->S F     ADDFX1         1  1.0    14    65     447    (-,-) 
  m_core/WALLACE_CSA_DUMMY_OP6_groupi_cdnfadd_006_0__1617/S -       A->S  R     ADDFXL         1  0.3     8    56     503    (-,-) 
  m_core/WALLACE_CSA_DUMMY_OP6_groupi_g2974/Y               -       A->Y  F     INVXL          2  0.6     8     9     512    (-,-) 
  m_core/WALLACE_CSA_DUMMY_OP6_groupi_g2970__9315/Y         -       B->Y  F     OR2XL          2  0.7    10    24     537    (-,-) 
  m_core/WALLACE_CSA_DUMMY_OP6_groupi_g2967__7482/Y         -       A->Y  R     NAND2XL        1  0.6    13    13     549    (-,-) 
  m_core/WALLACE_CSA_DUMMY_OP6_groupi_g2964__1881/Y         -       B->Y  F     XNOR2X2        1 50.0   181   132     682    (-,-) 
  R[6]                                                      -       -     F     (port)         -    -     -     0     682    (-,-) 
#----------------------------------------------------------------------------------------------------------------------------------



Path 11: MET (92 ps) Late External Delay Assertion at pin R[5]
          Group: vclk
     Startpoint: (F) Conf_Bit_Mask[1]
          Clock: (R) vclk
       Endpoint: (R) R[5]
          Clock: (R) vclk

                     Capture       Launch     
        Clock Edge:+    1000            0     
        Drv Adjust:+       0            0     
       Src Latency:+       0            0     
       Net Latency:+       0 (I)        0 (I) 
           Arrival:=    1000            0     
                                              
      Output Delay:-     200                  
       Uncertainty:-      50                  
     Required Time:=     750                  
      Launch Clock:-       0                  
       Input Delay:-     200                  
         Data Path:-     458                  
             Slack:=      92                  

Exceptions/Constraints:
  input_delay              200             acbam_UINT8.sdc_line_14_20_1 
  output_delay             200             acbam_UINT8.sdc_line_15_30_1 

#--------------------------------------------------------------------------------------------------------------------------
#                   Timing Point                    Flags   Arc   Edge   Cell     Fanout Load Trans Delay Arrival Instance 
#                                                                                        (fF)  (ps)  (ps)   (ps)  Location 
#--------------------------------------------------------------------------------------------------------------------------
  Conf_Bit_Mask[1]                                  -       -     F     (arrival)      4  2.3     0     0     200    (-,-) 
  m_core/g14303__8428/Y                             -       A->Y  R     NOR2X2         6  2.4    21    18     218    (-,-) 
  m_core/g14268/Y                                   -       A->Y  F     INVXL          1  0.4     8    13     230    (-,-) 
  m_core/g14239__7482/Y                             -       A1->Y R     OAI21X1        2  0.6    19    17     248    (-,-) 
  m_core/g14216__1666/Y                             -       B->Y  F     NOR2XL         1  0.4     9    13     260    (-,-) 
  m_core/g14192__5107/Y                             -       B0->Y R     OAI21X1        1  0.5    19     9     270    (-,-) 
  m_core/g14158__8428/Y                             -       B->Y  F     NAND2X1        2  1.2    23    21     291    (-,-) 
  m_core/g14141__4733/Y                             -       B->Y  R     NOR2X2         5  2.5    25    22     313    (-,-) 
  m_core/g14132/Y                                   -       A->Y  F     INVX1          5  2.1    19    19     332    (-,-) 
  m_core/g14087__5526/Y                             -       A->Y  R     NAND2X2        5  2.8    16    16     348    (-,-) 
  m_core/g14075/Y                                   -       A->Y  F     INVX1          4  1.5    14    14     362    (-,-) 
  m_core/g14058__6783/Y                             -       A1->Y R     AOI22XL        2  0.6    30    26     389    (-,-) 
  m_core/g13992__5526/Y                             -       A->Y  F     XNOR2X1        3  0.8    10    48     436    (-,-) 
  m_core/WALLACE_CSA_DUMMY_OP6_groupi_g3006__1666/Y -       B->Y  R     NAND2XL        1  0.5    12    10     447    (-,-) 
  m_core/g14384/Y                                   -       B0->Y F     OAI21X1        2  0.5    17    18     465    (-,-) 
  m_core/WALLACE_CSA_DUMMY_OP6_groupi_g2986__5526/Y -       B->Y  R     NOR2XL         2  0.8    25    21     486    (-,-) 
  m_core/WALLACE_CSA_DUMMY_OP6_groupi_g2978__5477/Y -       B->Y  F     NOR2BX1        2  0.6    10    14     500    (-,-) 
  m_core/WALLACE_CSA_DUMMY_OP6_groupi_g2976__7410/Y -       AN->Y F     NAND2BXL       1  0.5    17    22     523    (-,-) 
  m_core/WALLACE_CSA_DUMMY_OP6_groupi_g2973__2346/Y -       B->Y  R     XNOR2X2        1 50.0   176   136     658    (-,-) 
  R[5]                                              -       -     R     (port)         -    -     -     0     658    (-,-) 
#--------------------------------------------------------------------------------------------------------------------------



Path 12: MET (105 ps) Late External Delay Assertion at pin R[4]
          Group: vclk
     Startpoint: (R) B[1]
          Clock: (R) vclk
       Endpoint: (F) R[4]
          Clock: (R) vclk

                     Capture       Launch     
        Clock Edge:+    1000            0     
        Drv Adjust:+       0            0     
       Src Latency:+       0            0     
       Net Latency:+       0 (I)        0 (I) 
           Arrival:=    1000            0     
                                              
      Output Delay:-     200                  
       Uncertainty:-      50                  
     Required Time:=     750                  
      Launch Clock:-       0                  
       Input Delay:-     200                  
         Data Path:-     445                  
             Slack:=     105                  

Exceptions/Constraints:
  input_delay              200             acbam_UINT8.sdc_line_14_14_1 
  output_delay             200             acbam_UINT8.sdc_line_15_31_1 

#---------------------------------------------------------------------------------------------------------------------------
#                   Timing Point                    Flags    Arc   Edge   Cell     Fanout Load Trans Delay Arrival Instance 
#                                                                                         (fF)  (ps)  (ps)   (ps)  Location 
#---------------------------------------------------------------------------------------------------------------------------
  B[1]                                              -       -      R     (arrival)     10  5.4     0     0     200    (-,-) 
  m_core/g14335/Y                                   -       A->Y   F     CLKINVX4       5  3.1     7     8     208    (-,-) 
  m_core/g14316__6131/Y                             -       B->Y   R     NOR2X2         8  3.8    30    22     230    (-,-) 
  m_core/g14283__7482/Y                             -       A1->Y  F     AOI21X1        3  1.3    30    30     260    (-,-) 
  m_core/g14262__3680/Y                             -       A->Y   F     AND2X1         2  0.9     9    23     283    (-,-) 
  m_core/g14181__9945/Y                             -       B->Y   R     NAND2X1        2  0.9    17    10     294    (-,-) 
  m_core/g14110__9945/Y                             -       AN->Y  R     NAND2BXL       2  0.6    15    18     312    (-,-) 
  m_core/g14032__5122/Y                             -       A1N->Y R     OAI2BB1X1      1  0.3     9    26     338    (-,-) 
  m_core/g14385/Y                                   -       A1->Y  R     AO21XL         3  1.2    17    32     370    (-,-) 
  m_core/g14362__9315/Y                             -       B->Y   F     XOR2XL         1  0.5     8    34     404    (-,-) 
  m_core/g13992__5526/Y                             -       B->Y   R     XNOR2X1        3  1.1    11    37     441    (-,-) 
  m_core/WALLACE_CSA_DUMMY_OP6_groupi_g3006__1666/Y -       B->Y   F     NAND2XL        1  0.4    15    14     456    (-,-) 
  m_core/g14384/Y                                   -       B0->Y  R     OAI21X1        2  0.6    19    11     467    (-,-) 
  m_core/WALLACE_CSA_DUMMY_OP6_groupi_g3015__6260/Y -       B->Y   R     AND2XL         2  0.8    12    26     493    (-,-) 
  m_core/WALLACE_CSA_DUMMY_OP6_groupi_g2984/Y       -       A->Y   F     INVXL          2  0.4     7    10     502    (-,-) 
  m_core/WALLACE_CSA_DUMMY_OP6_groupi_g2980__5107/Y -       B->Y   R     NAND2BXL       1  0.6    13    10     513    (-,-) 
  m_core/WALLACE_CSA_DUMMY_OP6_groupi_g2977__6417/Y -       B->Y   F     XNOR2X2        1 50.0   181   132     645    (-,-) 
  R[4]                                              -       -      F     (port)         -    -     -     0     645    (-,-) 
#---------------------------------------------------------------------------------------------------------------------------



Path 13: MET (175 ps) Late External Delay Assertion at pin R[3]
          Group: vclk
     Startpoint: (F) Conf_Bit_Mask[3]
          Clock: (R) vclk
       Endpoint: (F) R[3]
          Clock: (R) vclk

                     Capture       Launch     
        Clock Edge:+    1000            0     
        Drv Adjust:+       0            0     
       Src Latency:+       0            0     
       Net Latency:+       0 (I)        0 (I) 
           Arrival:=    1000            0     
                                              
      Output Delay:-     200                  
       Uncertainty:-      50                  
     Required Time:=     750                  
      Launch Clock:-       0                  
       Input Delay:-     200                  
         Data Path:-     375                  
             Slack:=     175                  

Exceptions/Constraints:
  input_delay              200             acbam_UINT8.sdc_line_14_18_1 
  output_delay             200             acbam_UINT8.sdc_line_15_32_1 

#--------------------------------------------------------------------------------------------------------------------------
#                   Timing Point                    Flags   Arc   Edge   Cell     Fanout Load Trans Delay Arrival Instance 
#                                                                                        (fF)  (ps)  (ps)   (ps)  Location 
#--------------------------------------------------------------------------------------------------------------------------
  Conf_Bit_Mask[3]                                  -       -     F     (arrival)      4  3.4     0     0     200    (-,-) 
  m_core/g14327/Y                                   -       A->Y  R     INVX1          1  0.5     4     6     206    (-,-) 
  m_core/g14289__2883/Y                             -       A->Y  F     MXI2X1         2  0.5    19    19     224    (-,-) 
  m_core/g14266/Y                                   -       A->Y  R     INVXL          1  0.3     8    12     236    (-,-) 
  m_core/g14238__5115/Y                             -       A->Y  F     MXI2XL         1  0.5    24    21     257    (-,-) 
  m_core/g14194__4319/Y                             -       B->Y  R     XNOR2X1        2  1.5    14    40     297    (-,-) 
  m_core/g14190/Y                                   -       A->Y  F     INVX1          1  0.8     9    11     308    (-,-) 
  m_core/g14139__5115/Y                             -       B->Y  R     NAND2X2        4  2.4    18    11     319    (-,-) 
  m_core/g14116__5477/Y                             -       B->Y  F     NAND2X2        5  2.4    24    21     340    (-,-) 
  m_core/g14033__8246/Y                             -       A1->Y R     OAI22X1        1  0.8    34    27     367    (-,-) 
  m_core/g14008__7482/S                             -       B->S  F     ADDHX1         2  0.8    10    41     408    (-,-) 
  m_core/WALLACE_CSA_DUMMY_OP6_groupi_g3004__2883/Y -       B->Y  R     NAND2X1        2  0.8    11    10     418    (-,-) 
  m_core/WALLACE_CSA_DUMMY_OP6_groupi_g2997__1881/Y -       AN->Y R     NOR2BX1        1  0.6    15    24     442    (-,-) 
  m_core/WALLACE_CSA_DUMMY_OP6_groupi_g2983__8428/Y -       B->Y  F     XNOR2X2        1 50.0   181   132     575    (-,-) 
  R[3]                                              -       -     F     (port)         -    -     -     0     575    (-,-) 
#--------------------------------------------------------------------------------------------------------------------------



Path 14: MET (200 ps) Late External Delay Assertion at pin R[2]
          Group: vclk
     Startpoint: (F) Conf_Bit_Mask[3]
          Clock: (R) vclk
       Endpoint: (R) R[2]
          Clock: (R) vclk

                     Capture       Launch     
        Clock Edge:+    1000            0     
        Drv Adjust:+       0            0     
       Src Latency:+       0            0     
       Net Latency:+       0 (I)        0 (I) 
           Arrival:=    1000            0     
                                              
      Output Delay:-     200                  
       Uncertainty:-      50                  
     Required Time:=     750                  
      Launch Clock:-       0                  
       Input Delay:-     200                  
         Data Path:-     350                  
             Slack:=     200                  

Exceptions/Constraints:
  input_delay              200             acbam_UINT8.sdc_line_14_18_1 
  output_delay             200             acbam_UINT8.sdc_line_15_33_1 

#--------------------------------------------------------------------------------------------------------------------------
#                   Timing Point                    Flags   Arc   Edge   Cell     Fanout Load Trans Delay Arrival Instance 
#                                                                                        (fF)  (ps)  (ps)   (ps)  Location 
#--------------------------------------------------------------------------------------------------------------------------
  Conf_Bit_Mask[3]                                  -       -     F     (arrival)      4  3.4     0     0     200    (-,-) 
  m_core/g14327/Y                                   -       A->Y  R     INVX1          1  0.5     4     6     206    (-,-) 
  m_core/g14289__2883/Y                             -       A->Y  F     MXI2X1         2  0.5    19    19     224    (-,-) 
  m_core/g14266/Y                                   -       A->Y  R     INVXL          1  0.3     8    12     236    (-,-) 
  m_core/g14238__5115/Y                             -       A->Y  F     MXI2XL         1  0.5    24    21     257    (-,-) 
  m_core/g14194__4319/Y                             -       B->Y  R     XNOR2X1        2  1.5    14    40     297    (-,-) 
  m_core/g14190/Y                                   -       A->Y  F     INVX1          1  0.8     9    11     308    (-,-) 
  m_core/g14139__5115/Y                             -       B->Y  R     NAND2X2        4  2.4    18    11     319    (-,-) 
  m_core/g14116__5477/Y                             -       B->Y  F     NAND2X2        5  2.4    24    21     340    (-,-) 
  m_core/g14070__4733/Y                             -       A1->Y R     OAI22X1        1  0.8    34    27     367    (-,-) 
  m_core/g14022__6260/S                             -       B->S  F     ADDHX1         2  0.7     9    40     408    (-,-) 
  m_core/WALLACE_CSA_DUMMY_OP6_groupi_g3002__9315/Y -       B->Y  R     NAND2X1        3  1.1    13    11     419    (-,-) 
  m_core/WALLACE_CSA_DUMMY_OP6_groupi_g2998__5115/Y -       B0->Y R     OA21X2         1 50.0   176   131     550    (-,-) 
  R[2]                                              -       -     R     (port)         -    -     -     0     550    (-,-) 
#--------------------------------------------------------------------------------------------------------------------------



Path 15: MET (258 ps) Late External Delay Assertion at pin R[1]
          Group: vclk
     Startpoint: (R) Conf_Bit_Mask[1]
          Clock: (R) vclk
       Endpoint: (F) R[1]
          Clock: (R) vclk

                     Capture       Launch     
        Clock Edge:+    1000            0     
        Drv Adjust:+       0            0     
       Src Latency:+       0            0     
       Net Latency:+       0 (I)        0 (I) 
           Arrival:=    1000            0     
                                              
      Output Delay:-     200                  
       Uncertainty:-      50                  
     Required Time:=     750                  
      Launch Clock:-       0                  
       Input Delay:-     200                  
         Data Path:-     292                  
             Slack:=     258                  

Exceptions/Constraints:
  input_delay              200             acbam_UINT8.sdc_line_14_20_1 
  output_delay             200             acbam_UINT8.sdc_line_15_34_1 

#-----------------------------------------------------------------------------------------------
#     Timing Point      Flags    Arc   Edge   Cell     Fanout Load Trans Delay Arrival Instance 
#                                                             (fF)  (ps)  (ps)   (ps)  Location 
#-----------------------------------------------------------------------------------------------
  Conf_Bit_Mask[1]      -       -      R     (arrival)      4  2.5     0     0     200    (-,-) 
  m_core/g14314__8246/Y -       A->Y   F     NAND2X2        5  1.8    18    16     216    (-,-) 
  m_core/g14269/Y       -       A->Y   R     INVXL          2  0.8    13    14     230    (-,-) 
  m_core/g14235__7098/Y -       C->Y   F     NOR3XL         1  0.4    11    11     241    (-,-) 
  m_core/g14215__2346/Y -       B0->Y  R     AOI31X1        1  0.5    19    18     259    (-,-) 
  m_core/g14168__7098/Y -       A->Y   F     NAND3X1        2  1.2    35    34     293    (-,-) 
  m_core/g14115__6417/Y -       A1N->Y F     OAI2BB1X1      4  1.4    25    33     325    (-,-) 
  m_core/g14363__9945/Y -       B->Y   R     NOR2BX1        2  0.8    19    20     345    (-,-) 
  m_core/g14068__5115/Y -       D->Y   F     NOR4X1         1  0.2    16    12     357    (-,-) 
  m_core/g14047__1666/Y -       B0->Y  F     AO21X2         1 50.0   180   135     492    (-,-) 
  R[1]                  -       -      F     (port)         -    -     -     0     492    (-,-) 
#-----------------------------------------------------------------------------------------------



Path 16: MET (286 ps) Late External Delay Assertion at pin R[0]
          Group: vclk
     Startpoint: (R) Conf_Bit_Mask[1]
          Clock: (R) vclk
       Endpoint: (R) R[0]
          Clock: (R) vclk

                     Capture       Launch     
        Clock Edge:+    1000            0     
        Drv Adjust:+       0            0     
       Src Latency:+       0            0     
       Net Latency:+       0 (I)        0 (I) 
           Arrival:=    1000            0     
                                              
      Output Delay:-     200                  
       Uncertainty:-      50                  
     Required Time:=     750                  
      Launch Clock:-       0                  
       Input Delay:-     200                  
         Data Path:-     264                  
             Slack:=     286                  

Exceptions/Constraints:
  input_delay              200             acbam_UINT8.sdc_line_14_20_1 
  output_delay             200             acbam_UINT8.sdc_line_15_35_1 

#-----------------------------------------------------------------------------------------------
#     Timing Point      Flags    Arc   Edge   Cell     Fanout Load Trans Delay Arrival Instance 
#                                                             (fF)  (ps)  (ps)   (ps)  Location 
#-----------------------------------------------------------------------------------------------
  Conf_Bit_Mask[1]      -       -      R     (arrival)      4  2.5     0     0     200    (-,-) 
  m_core/g14314__8246/Y -       A->Y   F     NAND2X2        5  1.8    18    16     216    (-,-) 
  m_core/g14269/Y       -       A->Y   R     INVXL          2  0.8    13    14     230    (-,-) 
  m_core/g14235__7098/Y -       C->Y   F     NOR3XL         1  0.4    11    11     241    (-,-) 
  m_core/g14215__2346/Y -       B0->Y  R     AOI31X1        1  0.5    19    18     259    (-,-) 
  m_core/g14168__7098/Y -       A->Y   F     NAND3X1        2  1.2    35    34     293    (-,-) 
  m_core/g14115__6417/Y -       A1N->Y F     OAI2BB1X1      4  1.4    25    33     325    (-,-) 
  m_core/g14103/Y       -       A->Y   R     INVXL          1  0.3     8    13     339    (-,-) 
  m_core/g14076__2346/Y -       B->Y   R     AND2X2         1 50.0   176   125     464    (-,-) 
  R[0]                  -       -      R     (port)         -    -     -     0     464    (-,-) 
#-----------------------------------------------------------------------------------------------

