============================================================
  Generated by:           Genus(TM) Synthesis Solution 21.10-p002_1
  Generated on:           Jun 19 2026  11:17:43 am
  Module:                 acbam_UINT8
  Technology library:     fast_vdd1v0 1.0
  Operating conditions:   PVT_1P1V_0C (balanced_tree)
  Wireload mode:          enclosed
  Area mode:              timing library
============================================================

Timing
--------

Clock Period 
-------------
vclk  1000.0 


  Cost    Critical         Violating 
 Group   Path Slack  TNS     Paths   
-------------------------------------
default    No paths   0.0            
vclk            0.0   0.0          0 
-------------------------------------
Total                 0.0          0 

Instance Count
--------------
Leaf Instance Count             442 
Physical Instance count           0 
Sequential Instance Count         0 
Combinational Instance Count    442 
Hierarchical Instance Count       1 

Area
----
Cell Area                          799.391
Physical Cell Area                 0.000
Total Cell Area (Cell+Physical)    799.391
Net Area                           0.000
Total Area (Cell+Physical+Net)     799.391

Runtime                            0.0 seconds
Elapsed Runtime                    17 seconds
Genus peak memory usage            1624.70 
Innovus peak memory usage          no_value 
Hostname                           redhat315b
