

Working Directory = /home/redhat315bd/physical_design_nipun/Physical_design
QoS Summary for fixed_point_mul_p_0_L0
================================================================================
Metric                          fixed_point_mul_p_0_L0_syn_generic fixed_point_mul_p_0_L0_syn_map fixed_point_mul_p_0_L0_syn_opt
================================================================================
Slack (ps):                      -810            -654            -508
  R2R (ps):                  no_value        no_value        no_value
  I2R (ps):                  no_value        no_value        no_value
  R2O (ps):                  no_value        no_value        no_value
  I2O (ps):                      -810            -654            -508
  CG  (ps):                  no_value        no_value        no_value
TNS (ps):                     -12,526         -10,292          -8,066
  R2R (ps):                  no_value        no_value        no_value
  I2R (ps):                  no_value        no_value        no_value
  R2O (ps):                  no_value        no_value        no_value
  I2O (ps):                   -12,526         -10,292          -8,066
  CG  (ps):                  no_value        no_value        no_value
Failing Paths:                     16              16              16
Cell Area:                      3,115           3,100           4,275
Total Cell Area:                3,115           3,100           4,275
Leaf Instances:                 1,164           1,012           1,287
Total Instances:                1,164           1,012           1,287
Utilization (%):                 0.00            0.00            0.00
Tot. Net Length (um):        no_value        no_value        no_value
Avg. Net Length (um):        no_value        no_value        no_value
Route Overflow H (%):        no_value        no_value        no_value
Route Overflow V (%):        no_value        no_value        no_value
MBCI(%) (bits/gate) :            0.00            0.00            0.00
Norm Cong Hotspot Area:
  Max Cong:                  no_value        no_value        no_value
  Tot Cong:                  no_value        no_value        no_value
================================================================================
CPU  Runtime (h:m:s):        00:30:14        00:30:09        00:31:50
Real Runtime (h:m:s):        00:30:13        00:30:08        00:31:52
CPU  Elapsed (h:m:s):        00:30:16        00:30:25        00:32:15
Real Elapsed (h:m:s):        00:30:14        00:30:22        00:32:14
Memory (MB):                  1634.66         1617.97         1617.80
================================================================================
================================================================================
Flow Settings:
================================================================================
Total Runtime (h:m:s): 00:32:14
Total Memory (MB):     1625.80
Executable Version:    21.10-p002_1
================================================================================
Total Cell Area =  Cell Area + Physical Cell Area
Total Instances =  Leaf Instances + Physical Instances


