

Working Directory = /home/redhat315bd/physical_design_nipun/Physical_design
QoS Summary for floating_point_mul_p_2_L2
================================================================================
Metric                          floating_point_mul_p_2_L2_syn_generic floating_point_mul_p_2_L2_syn_map
================================================================================
Slack (ps):                      -118              14
  R2R (ps):                      -118              21
  I2R (ps):                       540             241
  R2O (ps):                        87              14
  I2O (ps):                  no_value        no_value
  CG  (ps):                  no_value        no_value
TNS (ps):                      -1,048               0
  R2R (ps):                    -1,048               0
  I2R (ps):                         0               0
  R2O (ps):                         0               0
  I2O (ps):                  no_value        no_value
  CG  (ps):                  no_value        no_value
Failing Paths:                     12               0
Cell Area:                     10,124           6,085
Total Cell Area:               10,124           6,085
Leaf Instances:                 3,360           2,388
Total Instances:                3,360           2,388
Utilization (%):                 0.00            0.00
Tot. Net Length (um):        no_value        no_value
Avg. Net Length (um):        no_value        no_value
Route Overflow H (%):        no_value        no_value
Route Overflow V (%):        no_value        no_value
MBCI(%) (bits/gate) :            0.00            0.00
Norm Cong Hotspot Area:
  Max Cong:                  no_value        no_value
  Tot Cong:                  no_value        no_value
================================================================================
CPU  Runtime (h:m:s):        00:30:32        00:30:15
Real Runtime (h:m:s):        00:30:31        00:30:11
CPU  Elapsed (h:m:s):        00:30:34        00:30:49
Real Elapsed (h:m:s):        00:30:32        00:30:43
Memory (MB):                  1767.09         1751.50
================================================================================
================================================================================
Flow Settings:
================================================================================
Total Runtime (h:m:s): 00:30:42
Total Memory (MB):     1751.50
Executable Version:    21.10-p002_1
================================================================================
Total Cell Area =  Cell Area + Physical Cell Area
Total Instances =  Leaf Instances + Physical Instances


