

Working Directory = /home/redhat315bd/physical_design_nipun/Physical_design
QoS Summary for unsigned_int_mul_p_0_L1
================================================================================
Metric                          unsigned_int_mul_p_0_L1_syn_generic unsigned_int_mul_p_0_L1_syn_map
================================================================================
Slack (ps):                      -566            -468
  R2R (ps):                  no_value        no_value
  I2R (ps):                  no_value        no_value
  R2O (ps):                  no_value        no_value
  I2O (ps):                      -566            -468
  CG  (ps):                  no_value        no_value
TNS (ps):                      -8,875          -7,312
  R2R (ps):                  no_value        no_value
  I2R (ps):                  no_value        no_value
  R2O (ps):                  no_value        no_value
  I2O (ps):                    -8,875          -7,312
  CG  (ps):                  no_value        no_value
Failing Paths:                     16              16
Cell Area:                      2,692           2,159
Total Cell Area:                2,692           2,159
Leaf Instances:                 1,005             766
Total Instances:                1,005             766
Utilization (%):                 0.00            0.00
Tot. Net Length (um):        no_value        no_value
Avg. Net Length (um):        no_value        no_value
Route Overflow H (%):        no_value        no_value
Route Overflow V (%):        no_value        no_value
MBCI(%) (bits/gate) :            0.00            0.00
Norm Cong Hotspot Area:
  Max Cong:                  no_value        no_value
  Tot Cong:                  no_value        no_value
================================================================================
CPU  Runtime (h:m:s):        00:30:13        00:30:08
Real Runtime (h:m:s):        00:30:13        00:30:07
CPU  Elapsed (h:m:s):        00:30:15        00:30:23
Real Elapsed (h:m:s):        00:30:14        00:30:21
Memory (MB):                  1636.45         1613.75
================================================================================
================================================================================
Flow Settings:
================================================================================
Total Runtime (h:m:s): 00:30:20
Total Memory (MB):     1621.75
Executable Version:    21.10-p002_1
================================================================================
Total Cell Area =  Cell Area + Physical Cell Area
Total Instances =  Leaf Instances + Physical Instances


