============================================================
  Generated by:           Genus(TM) Synthesis Solution 21.10-p002_1
  Generated on:           Jun 19 2026  11:15:35 am
  Module:                 acbam_FP32
  Technology library:     fast_vdd1v0 1.0
  Operating conditions:   PVT_1P1V_0C (balanced_tree)
  Wireload mode:          enclosed
  Area mode:              timing library
============================================================

                                 Leakage  
   Gate    Instances    Area   Power (nW)     Library    
---------------------------------------------------------
ACHCONX2           1    12.654      0.619    fast_vdd1v0 
ADDFX1            16    82.080      5.268    fast_vdd1v0 
ADDFXL             1     6.840      0.309    fast_vdd1v0 
ADDHX1             2     7.524      0.519    fast_vdd1v0 
ADDHXL             1     4.788      0.253    fast_vdd1v0 
AND2X1            15    20.520      1.298    fast_vdd1v0 
AND2XL            45    61.560      3.475    fast_vdd1v0 
AND3XL             4     8.208      0.315    fast_vdd1v0 
AND4XL             1     2.394      0.072    fast_vdd1v0 
AO21X1             1     2.394      0.122    fast_vdd1v0 
AO22X1             1     2.736      0.132    fast_vdd1v0 
AOI211XL           1     2.052      0.081    fast_vdd1v0 
AOI21X1           62   106.020      6.836    fast_vdd1v0 
AOI21X2            6    16.416      1.240    fast_vdd1v0 
AOI21XL           48    82.080      3.353    fast_vdd1v0 
AOI221X1           1     2.394      0.145    fast_vdd1v0 
AOI22X1           48    98.496      6.397    fast_vdd1v0 
AOI22XL            4     8.208      0.344    fast_vdd1v0 
AOI2BB1X1         16    32.832      2.098    fast_vdd1v0 
AOI2BB1XL         11    22.572      1.173    fast_vdd1v0 
AOI31X1           12    24.624      1.584    fast_vdd1v0 
AOI31X2            1     3.420      0.238    fast_vdd1v0 
AOI31XL            1     2.736      0.074    fast_vdd1v0 
AOI33XL            1     2.394      0.103    fast_vdd1v0 
BUFX16             1     6.840      0.801    fast_vdd1v0 
BUFX2             23    39.330      2.717    fast_vdd1v0 
BUFX3              6    12.312      1.030    fast_vdd1v0 
BUFX6              1     3.078      0.331    fast_vdd1v0 
CLKAND2X2          5    10.260      0.620    fast_vdd1v0 
CLKAND2X3          2     6.156      0.383    fast_vdd1v0 
CLKAND2X6          1     4.788      0.387    fast_vdd1v0 
CLKBUFX2           7    11.970      0.829    fast_vdd1v0 
CLKINVX1           1     1.026      0.046    fast_vdd1v0 
CLKINVX12          7    28.728      3.349    fast_vdd1v0 
CLKINVX16          3    16.416      1.876    fast_vdd1v0 
CLKINVX4           2     3.420      0.334    fast_vdd1v0 
CLKINVX6           4     9.576      0.933    fast_vdd1v0 
CLKINVX8          17    52.326      5.427    fast_vdd1v0 
CLKXOR2X1          2     5.472      0.358    fast_vdd1v0 
CLKXOR2X2          1     3.420      0.219    fast_vdd1v0 
INVX1            116    79.344      5.354    fast_vdd1v0 
INVX2             31    31.806      2.657    fast_vdd1v0 
INVX3             11    15.048      1.386    fast_vdd1v0 
INVXL            234   160.056      7.798    fast_vdd1v0 
MX2X1              1     2.394      0.155    fast_vdd1v0 
MX2XL              5    11.970      0.718    fast_vdd1v0 
MXI2X1             6    16.416      0.879    fast_vdd1v0 
MXI2XL            68   162.792      7.500    fast_vdd1v0 
NAND2BX1          32    43.776      3.393    fast_vdd1v0 
NAND2BX2           2     4.788      0.342    fast_vdd1v0 
NAND2BXL          65    88.920      5.353    fast_vdd1v0 
NAND2X1          150   153.900     10.598    fast_vdd1v0 
NAND2X2           42    71.820      5.605    fast_vdd1v0 
NAND2X4            3     9.439      0.775    fast_vdd1v0 
NAND2X6            2     9.131      0.801    fast_vdd1v0 
NAND2XL          224   229.824     10.492    fast_vdd1v0 
NAND3BX1           3     6.156      0.362    fast_vdd1v0 
NAND3BX2           1     3.078      0.185    fast_vdd1v0 
NAND3BXL          17    29.070      1.561    fast_vdd1v0 
NAND3X1           11    18.810      0.965    fast_vdd1v0 
NAND3X2            8    21.888      1.531    fast_vdd1v0 
NAND3XL           12    20.520      0.663    fast_vdd1v0 
NAND4BX1           4     9.576      0.541    fast_vdd1v0 
NAND4BXL           1     2.394      0.099    fast_vdd1v0 
NAND4X1            2     4.104      0.212    fast_vdd1v0 
NAND4XL            8    13.680      0.509    fast_vdd1v0 
NOR2BX1          100   136.800     10.361    fast_vdd1v0 
NOR2BXL            4     6.840      0.313    fast_vdd1v0 
NOR2X1            98   100.548      6.818    fast_vdd1v0 
NOR2X2            58    99.180      8.393    fast_vdd1v0 
NOR2X4            11    33.858      3.094    fast_vdd1v0 
NOR2X6             3    12.312      1.404    fast_vdd1v0 
NOR2X8             1     5.472      0.643    fast_vdd1v0 
NOR2XL           167   171.342      8.077    fast_vdd1v0 
NOR3BX1            2     4.104      0.249    fast_vdd1v0 
NOR3BXL            4     8.208      0.346    fast_vdd1v0 
NOR3X1            15    25.650      1.178    fast_vdd1v0 
NOR3X2             2     5.472      0.313    fast_vdd1v0 
NOR3X4             2    10.260      0.997    fast_vdd1v0 
NOR3XL             6    10.260      0.437    fast_vdd1v0 
NOR4BX1            1     2.394      0.126    fast_vdd1v0 
OA21X1             3     6.156      0.328    fast_vdd1v0 
OA22X1             2     4.788      0.260    fast_vdd1v0 
OAI211X1           7    11.970      0.842    fast_vdd1v0 
OAI211X2           1     4.104      0.233    fast_vdd1v0 
OAI211XL           1     2.052      0.076    fast_vdd1v0 
OAI21X1           61   104.310      6.002    fast_vdd1v0 
OAI21X2            6    18.468      1.095    fast_vdd1v0 
OAI21X4            2     9.576      0.711    fast_vdd1v0 
OAI21XL           34    58.140      2.223    fast_vdd1v0 
OAI22X1            4     8.208      0.485    fast_vdd1v0 
OAI22XL            2     4.104      0.158    fast_vdd1v0 
OAI2BB1X1         78   133.380      9.154    fast_vdd1v0 
OAI2BB1XL          9    18.468      0.838    fast_vdd1v0 
OAI31X1            1     2.052      0.124    fast_vdd1v0 
OAI31X2            1     3.762      0.196    fast_vdd1v0 
OR2X1              8    10.944      0.801    fast_vdd1v0 
OR2X2              1     1.710      0.131    fast_vdd1v0 
OR2X6              3    11.286      1.170    fast_vdd1v0 
OR2X8              2     8.892      0.990    fast_vdd1v0 
OR2XL             49    67.032      4.113    fast_vdd1v0 
XNOR2X1          133   318.402     24.033    fast_vdd1v0 
XNOR2X2            1     3.078      0.219    fast_vdd1v0 
XNOR2XL           13    35.568      2.275    fast_vdd1v0 
XNOR3X1            2    15.048      0.776    fast_vdd1v0 
XNOR3XL            8    60.192      2.949    fast_vdd1v0 
XOR2XL            37   101.232      6.200    fast_vdd1v0 
XOR3X1             3    22.572      1.186    fast_vdd1v0 
XOR3XL            15   112.860      5.567    fast_vdd1v0 
---------------------------------------------------------
total           2403  3842.815    242.012                


                                           Leakage  Leakage 
     Type      Instances   Area   Area % Power (nW) Power % 
------------------------------------------------------------
inverter             426  397.746   10.4     29.162    12.0 
buffer                38   73.530    1.9      5.707     2.4 
logic               1939 3371.539   87.7    207.143    85.6 
physical_cells         0    0.000    0.0      0.000     0.0 
------------------------------------------------------------
total               2403 3842.815  100.0    242.012   100.0 

