

Working Directory = /home/redhat315bd/physical_design_nipun/Physical_design
QoS Summary for acbam_FP32
================================================================================
Metric                          acbam_FP32_syn_generic acbam_FP32_syn_map acbam_FP32_syn_opt
================================================================================
Slack (ps):                      -839            -505            -416
  R2R (ps):                  no_value        no_value        no_value
  I2R (ps):                  no_value        no_value        no_value
  R2O (ps):                  no_value        no_value        no_value
  I2O (ps):                      -839            -505            -416
  CG  (ps):                  no_value        no_value        no_value
TNS (ps):                     -25,836         -15,187         -12,723
  R2R (ps):                  no_value        no_value        no_value
  I2R (ps):                  no_value        no_value        no_value
  R2O (ps):                  no_value        no_value        no_value
  I2O (ps):                   -25,836         -15,187         -12,723
  CG  (ps):                  no_value        no_value        no_value
Failing Paths:                     31              31              31
Cell Area:                      7,983           3,274           3,843
Total Cell Area:                7,983           3,274           3,843
Leaf Instances:                 2,993           1,912           2,403
Total Instances:                2,993           1,912           2,403
Utilization (%):                 0.00            0.00            0.00
Tot. Net Length (um):        no_value        no_value        no_value
Avg. Net Length (um):        no_value        no_value        no_value
Route Overflow H (%):        no_value        no_value        no_value
Route Overflow V (%):        no_value        no_value        no_value
MBCI(%) (bits/gate) :            0.00            0.00            0.00
Norm Cong Hotspot Area:
  Max Cong:                  no_value        no_value        no_value
  Tot Cong:                  no_value        no_value        no_value
================================================================================
CPU  Runtime (h:m:s):        00:30:23        00:30:12        00:32:44
Real Runtime (h:m:s):        00:30:22        00:30:09        00:32:46
CPU  Elapsed (h:m:s):        00:30:25        00:30:38        00:33:21
Real Elapsed (h:m:s):        00:30:23        00:30:32        00:33:18
Memory (MB):                  1763.17         1783.49         1797.34
================================================================================
================================================================================
Flow Settings:
================================================================================
Total Runtime (h:m:s): 00:33:17
Total Memory (MB):     1797.34
Executable Version:    21.10-p002_1
================================================================================
Total Cell Area =  Cell Area + Physical Cell Area
Total Instances =  Leaf Instances + Physical Instances


