Command: report datapath -all -print_inferred > ./genus/reports/fixed_point_mul_p_2_L0/cadence_45nm/post_elaboration/syn_generic_datapath_report.rpt
============================================================
  Generated by:           Genus(TM) Synthesis Solution 21.10-p002_1
  Generated on:           Apr 11 2026  03:18:12 pm
  Module:                 fixed_point_mul_p_2_L0
  Technology libraries:   fast_vdd1v0 1.0
                          physical_cells 
  Operating conditions:   PVT_1P1V_0C 
  Interconnect mode:      global
  Area mode:              physical library
============================================================


Inferred components

                      Operator  Signedness   Inputs   Outputs CellArea Line Col       Filename       
=====================================================================================================
fixed_point_mul_p_2_L0
 add_27_48
  
  module:add_unsigned_227
   very_fast              +     unsigned   8x1        8          68.10   27  48 fixed_point_mul_p_2_ 
                                                                                L0.v                 
=====================================================================================================
fixed_point_mul_p_2_L0
 add_28_48
  
  module:add_unsigned_227
   very_fast              +     unsigned   8x1        8          68.10   28  48 fixed_point_mul_p_2_ 
                                                                                L0.v                 
=====================================================================================================
fixed_point_mul_p_2_L0
 add_61_45
  
  module:add_unsigned_231
   very_fast              +     unsigned   16x1       16        166.92   61  45 fixed_point_mul_p_2_ 
                                                                                L0.v                 
=====================================================================================================
fixed_point_mul_p_2_L0
 m_unsigned_int_mul
  add_114_38
   
   module:add_unsigned_173
    very_fast             +     unsigned   3x3        4          41.40  114  38 fixed_point_mul_p_2_ 
                                                                                L0.v                 
=====================================================================================================
fixed_point_mul_p_2_L0
 m_unsigned_int_mul
  lod_a
   mux_reg_position_184_29
    
    module:mux
     very_fast           mux    n/a        8x3x3x3x3x 3          64.10  184  29 fixed_point_mul_p_2_ 
                                           3x3x3x3                              L0.v                 
=====================================================================================================
fixed_point_mul_p_2_L0
 m_unsigned_int_mul
  lod_b
   mux_reg_position_184_29
    
    module:mux
     very_fast           mux    n/a        8x3x3x3x3x 3          64.10  184  29 fixed_point_mul_p_2_ 
                                           3x3x3x3                              L0.v                 
=====================================================================================================
fixed_point_mul_p_2_L0
 m_unsigned_int_mul
  m_approx_t
   add_247_37
    
    module:add_unsigned_11
     very_fast            +     unsigned   8x6        9         150.90  247  37 fixed_point_mul_p_2_ 
                                                                                L0.v                 
=====================================================================================================
fixed_point_mul_p_2_L0
 m_unsigned_int_mul
  m_approx_t
   add_248_24
    
    module:add_unsigned_13
     very_fast            +     unsigned   9x9        10        196.30  248  24 fixed_point_mul_p_2_ 
                                                                                L0.v                 
=====================================================================================================
fixed_point_mul_p_2_L0
 m_unsigned_int_mul
  m_approx_t
   add_248_37
    
    module:add_unsigned_11
     very_fast            +     unsigned   8x6        9         150.90  248  37 fixed_point_mul_p_2_ 
                                                                                L0.v                 
=====================================================================================================
fixed_point_mul_p_2_L0
 m_unsigned_int_mul
  m_approx_t
   add_251_37
    
    module:add_unsigned_29
     very_fast            +     unsigned   8x7        9         165.59  251  37 fixed_point_mul_p_2_ 
                                                                                L0.v                 
=====================================================================================================
fixed_point_mul_p_2_L0
 m_unsigned_int_mul
  m_approx_t
   add_251_56
    
    module:add_unsigned_19
     very_fast            +     unsigned   9x6        9         154.90  251  56 fixed_point_mul_p_2_ 
                                                                                L0.v                 
=====================================================================================================
fixed_point_mul_p_2_L0
 m_unsigned_int_mul
  m_approx_t
   add_252_24
    
    module:add_unsigned_13
     very_fast            +     unsigned   9x9        10        196.30  252  24 fixed_point_mul_p_2_ 
                                                                                L0.v                 
=====================================================================================================
fixed_point_mul_p_2_L0
 m_unsigned_int_mul
  m_approx_t
   add_256_24
    
    module:add_unsigned_13
     very_fast            +     unsigned   9x9        10        196.30  256  24 fixed_point_mul_p_2_ 
                                                                                L0.v                 
=====================================================================================================
fixed_point_mul_p_2_L0
 m_unsigned_int_mul
  m_approx_t
   add_256_37
    
    module:add_unsigned_29
     very_fast            +     unsigned   8x7        9         165.59  256  37 fixed_point_mul_p_2_ 
                                                                                L0.v                 
=====================================================================================================
fixed_point_mul_p_2_L0
 m_unsigned_int_mul
  m_approx_t
   add_256_56
    
    module:add_unsigned_19
     very_fast            +     unsigned   9x6        9         154.90  256  56 fixed_point_mul_p_2_ 
                                                                                L0.v                 
=====================================================================================================
fixed_point_mul_p_2_L0
 m_unsigned_int_mul
  m_approx_t
   add_260_24
    
    module:add_unsigned_13
     very_fast            +     unsigned   9x9        10        196.30  260  24 fixed_point_mul_p_2_ 
                                                                                L0.v                 
=====================================================================================================
fixed_point_mul_p_2_L0
 m_unsigned_int_mul
  m_approx_t
   add_346_29
    
    module:add_unsigned
     very_fast            +     unsigned   16x16      16        401.94  346  29 fixed_point_mul_p_2_ 
                                                                                L0.v                 
=====================================================================================================
fixed_point_mul_p_2_L0
 m_unsigned_int_mul
  m_approx_t
   bms0
    add_379_31
     
     module:add_unsigned
      very_fast           +     unsigned   16x16      16        401.94  379  31 fixed_point_mul_p_2_ 
                                                                                L0.v                 
=====================================================================================================
fixed_point_mul_p_2_L0
 m_unsigned_int_mul
  m_approx_t
   bms0
    mux_reg_r_371_19
     
     module:bmux
      very_fast      binary_mux n/a        2x16x16x16 16        170.93  371  19 fixed_point_mul_p_2_ 
                                           x16                                  L0.v                 
=====================================================================================================
fixed_point_mul_p_2_L0
 m_unsigned_int_mul
  m_approx_t
   bms1
    add_379_31
     
     module:add_unsigned
      very_fast           +     unsigned   16x16      16        401.94  379  31 fixed_point_mul_p_2_ 
                                                                                L0.v                 
=====================================================================================================
fixed_point_mul_p_2_L0
 m_unsigned_int_mul
  m_approx_t
   bms1
    mux_reg_r_371_19
     
     module:bmux
      very_fast      binary_mux n/a        2x16x16x16 16        170.93  371  19 fixed_point_mul_p_2_ 
                                           x16                                  L0.v                 
=====================================================================================================
fixed_point_mul_p_2_L0
 m_unsigned_int_mul
  m_approx_t
   minus_286_68
    
    module:sub_signed
     very_fast            -     signed     1x9        9         202.98  286  68 fixed_point_mul_p_2_ 
                                                                                L0.v                 
=====================================================================================================
fixed_point_mul_p_2_L0
 m_unsigned_int_mul
  m_approx_t
   minus_287_68
    
    module:sub_signed
     very_fast            -     signed     1x9        9         202.98  287  68 fixed_point_mul_p_2_ 
                                                                                L0.v                 
=====================================================================================================
fixed_point_mul_p_2_L0
 m_unsigned_int_mul
  m_approx_t
   mux_263_55
    
    module:bmux_63
     very_fast       binary_mux n/a        1x16x16    16         85.46  263  55 fixed_point_mul_p_2_ 
                                                                                L0.v                 
=====================================================================================================
fixed_point_mul_p_2_L0
 m_unsigned_int_mul
  m_approx_t
   mux_264_55
    
    module:bmux_63
     very_fast       binary_mux n/a        1x16x16    16         85.46  264  55 fixed_point_mul_p_2_ 
                                                                                L0.v                 
=====================================================================================================
fixed_point_mul_p_2_L0
 m_unsigned_int_mul
  m_approx_t
   mux_265_55
    
    module:bmux_63
     very_fast       binary_mux n/a        1x16x16    16         85.46  265  55 fixed_point_mul_p_2_ 
                                                                                L0.v                 
=====================================================================================================
fixed_point_mul_p_2_L0
 m_unsigned_int_mul
  m_approx_t
   mux_270_26
    
    module:bmux_52
     very_fast       binary_mux n/a        1x1x1      1           5.34  270  26 fixed_point_mul_p_2_ 
                                                                                L0.v                 
=====================================================================================================
fixed_point_mul_p_2_L0
 m_unsigned_int_mul
  m_approx_t
   mux_271_49
    
    module:bmux_60
     very_fast       binary_mux n/a        1x2x2      2          10.68  271  49 fixed_point_mul_p_2_ 
                                                                                L0.v                 
=====================================================================================================
fixed_point_mul_p_2_L0
 m_unsigned_int_mul
  m_approx_t
   mux_272_49
    
    module:bmux_60
     very_fast       binary_mux n/a        1x2x2      2          10.68  272  49 fixed_point_mul_p_2_ 
                                                                                L0.v                 
=====================================================================================================
fixed_point_mul_p_2_L0
 m_unsigned_int_mul
  m_approx_t
   mux_273_49
    
    module:bmux_52
     very_fast       binary_mux n/a        1x1x1      1           5.34  273  49 fixed_point_mul_p_2_ 
                                                                                L0.v                 
=====================================================================================================
fixed_point_mul_p_2_L0
 m_unsigned_int_mul
  m_approx_t
   mux_286_30
    
    module:bmux_62
     very_fast       binary_mux n/a        1x9x9      9          48.07  286  30 fixed_point_mul_p_2_ 
                                                                                L0.v                 
=====================================================================================================
fixed_point_mul_p_2_L0
 m_unsigned_int_mul
  m_approx_t
   mux_287_30
    
    module:bmux_62
     very_fast       binary_mux n/a        1x9x9      9          48.07  287  30 fixed_point_mul_p_2_ 
                                                                                L0.v                 
=====================================================================================================
fixed_point_mul_p_2_L0
 m_unsigned_int_mul
  m_approx_t
   mux_300_49
    
    module:bmux_54
     very_fast       binary_mux n/a        1x4x4      4          21.37  300  49 fixed_point_mul_p_2_ 
                                                                                L0.v                 
=====================================================================================================
fixed_point_mul_p_2_L0
 m_unsigned_int_mul
  m_approx_t
   mux_301_49
    
    module:bmux_54
     very_fast       binary_mux n/a        1x4x4      4          21.37  301  49 fixed_point_mul_p_2_ 
                                                                                L0.v                 
=====================================================================================================
fixed_point_mul_p_2_L0
 m_unsigned_int_mul
  m_approx_t
   mux_302_49
    
    module:bmux_54
     very_fast       binary_mux n/a        1x4x4      4          21.37  302  49 fixed_point_mul_p_2_ 
                                                                                L0.v                 
=====================================================================================================
fixed_point_mul_p_2_L0
 m_unsigned_int_mul
  m_approx_t
   mux_324_39
    
    module:bmux_63
     very_fast       binary_mux n/a        1x16x16    16         85.46  324  39 fixed_point_mul_p_2_ 
                                                                                L0.v                 
=====================================================================================================
fixed_point_mul_p_2_L0
 m_unsigned_int_mul
  m_approx_t
   mux_325_40
    
    module:bmux_63
     very_fast       binary_mux n/a        1x16x16    16         85.46  325  40 fixed_point_mul_p_2_ 
                                                                                L0.v                 
=====================================================================================================
fixed_point_mul_p_2_L0
 m_unsigned_int_mul
  m_approx_t
   mux_Region_Enable_305_31
    
    module:mux_1
     very_fast           mux    n/a        4x1x1x1x1  1          10.68  305  31 fixed_point_mul_p_2_ 
                                                                                L0.v                 
=====================================================================================================
fixed_point_mul_p_2_L0
 m_unsigned_int_mul
  m_approx_t
   sub_249_24
    
    module:sub_unsigned
     very_fast            -     unsigned   10x8       16        208.32  249  24 fixed_point_mul_p_2_ 
                                                                                L0.v                 
=====================================================================================================
fixed_point_mul_p_2_L0
 m_unsigned_int_mul
  m_approx_t
   sub_253_24
    
    module:sub_unsigned_17
     very_fast            -     unsigned   10x9       16        220.34  253  24 fixed_point_mul_p_2_ 
                                                                                L0.v                 
=====================================================================================================
fixed_point_mul_p_2_L0
 m_unsigned_int_mul
  m_approx_t
   sub_257_24
    
    module:sub_unsigned_17
     very_fast            -     unsigned   10x9       16        220.34  257  24 fixed_point_mul_p_2_ 
                                                                                L0.v                 
=====================================================================================================
fixed_point_mul_p_2_L0
 m_unsigned_int_mul
  m_approx_t
   sub_261_24
    
    module:sub_unsigned_17
     very_fast            -     unsigned   10x9       16        220.34  261  24 fixed_point_mul_p_2_ 
                                                                                L0.v                 
=====================================================================================================
fixed_point_mul_p_2_L0
 m_unsigned_int_mul
  m_approx_t
   sub_278_53
    
    module:sub_unsigned_41
     very_fast            -     unsigned   8x8        9         192.29  278  53 fixed_point_mul_p_2_ 
                                                                                L0.v                 
=====================================================================================================
fixed_point_mul_p_2_L0
 m_unsigned_int_mul
  m_approx_t
   sub_279_53
    
    module:sub_unsigned_41
     very_fast            -     unsigned   8x8        9         192.29  279  53 fixed_point_mul_p_2_ 
                                                                                L0.v                 
=====================================================================================================
fixed_point_mul_p_2_L0
 m_unsigned_int_mul
  scale_result_160_16:mux_scale_result_94_17
   
   module:bmux_63
    very_fast        binary_mux n/a        1x16x16    16         85.46   94  17 fixed_point_mul_p_2_ 
                                                                                L0.v                 
=====================================================================================================
fixed_point_mul_p_2_L0
 m_unsigned_int_mul
  scale_result_160_16:mux_scale_result_96_26
   
   module:bmux_63
    very_fast        binary_mux n/a        1x16x16    16         85.46   96  26 fixed_point_mul_p_2_ 
                                                                                L0.v                 
=====================================================================================================
fixed_point_mul_p_2_L0
 m_unsigned_int_mul
  scale_result_160_16:sll_97_46
   
   module:shift_left_vlog_unsigned
    very_fast/barrel     <<     x          16x3       16        241.70   97  46 fixed_point_mul_p_2_ 
                                                                                L0.v                 
=====================================================================================================
fixed_point_mul_p_2_L0
 m_unsigned_int_mul
  scale_result_160_16:srl_99_38
   
   module:shift_right_vlog_unsigned
    very_fast/barrel     >>     x          16x3       16        241.70   99  38 fixed_point_mul_p_2_ 
                                                                                L0.v                 
=====================================================================================================
fixed_point_mul_p_2_L0
 m_unsigned_int_mul
  sll_115_25
   
   module:shift_left_vlog_unsigned_196
    very_fast/barrel     <<     x          7x3        7          97.48  115  25 fixed_point_mul_p_2_ 
                                                                                L0.v                 
=====================================================================================================
fixed_point_mul_p_2_L0
 m_unsigned_int_mul
  sll_116_25
   
   module:shift_left_vlog_unsigned_196
    very_fast/barrel     <<     x          7x3        7          97.48  116  25 fixed_point_mul_p_2_ 
                                                                                L0.v                 
=====================================================================================================
fixed_point_mul_p_2_L0
 mux_27_20
  
  module:bmux_235
   very_fast         binary_mux n/a        1x8x8      8          42.73   27  20 fixed_point_mul_p_2_ 
                                                                                L0.v                 
=====================================================================================================
fixed_point_mul_p_2_L0
 mux_28_20
  
  module:bmux_235
   very_fast         binary_mux n/a        1x8x8      8          42.73   28  20 fixed_point_mul_p_2_ 
                                                                                L0.v                 
=====================================================================================================
fixed_point_mul_p_2_L0
 mux_61_17
  
  module:bmux_63
   very_fast         binary_mux n/a        1x16x16    16         85.46   61  17 fixed_point_mul_p_2_ 
                                                                                L0.v                 
=====================================================================================================

      Type       CellArea Percentage 
-------------------------------------
datapath modules  5616.54      69.09 
external muxes    1442.19      17.74 
others            1070.96      13.17 
-------------------------------------
total             8129.69     100.00 

