

Working Directory = /home/redhat315bd/physical_design_nipun/Physical_design
QoS Summary for unsigned_int_mul_p_1_L1
================================================================================
Metric                          unsigned_int_mul_p_1_L1_syn_generic unsigned_int_mul_p_1_L1_syn_map unsigned_int_mul_p_1_L1_syn_opt
================================================================================
Slack (ps):                      -663            -518            -395
  R2R (ps):                  no_value        no_value        no_value
  I2R (ps):                  no_value        no_value        no_value
  R2O (ps):                  no_value        no_value        no_value
  I2O (ps):                      -663            -518            -395
  CG  (ps):                  no_value        no_value        no_value
TNS (ps):                     -10,051          -8,026          -6,180
  R2R (ps):                  no_value        no_value        no_value
  I2R (ps):                  no_value        no_value        no_value
  R2O (ps):                  no_value        no_value        no_value
  I2O (ps):                   -10,051          -8,026          -6,180
  CG  (ps):                  no_value        no_value        no_value
Failing Paths:                     16              16              16
Cell Area:                      4,698           3,509           4,613
Total Cell Area:                4,698           3,509           4,613
Leaf Instances:                 1,760           1,124           1,354
Total Instances:                1,760           1,124           1,354
Utilization (%):                 0.00            0.00            0.00
Tot. Net Length (um):        no_value        no_value        no_value
Avg. Net Length (um):        no_value        no_value        no_value
Route Overflow H (%):        no_value        no_value        no_value
Route Overflow V (%):        no_value        no_value        no_value
MBCI(%) (bits/gate) :            0.00            0.00            0.00
Norm Cong Hotspot Area:
  Max Cong:                  no_value        no_value        no_value
  Tot Cong:                  no_value        no_value        no_value
================================================================================
CPU  Runtime (h:m:s):        00:30:20        00:30:10        00:32:24
Real Runtime (h:m:s):        00:30:20        00:30:08        00:32:26
CPU  Elapsed (h:m:s):        00:30:22        00:30:32        00:32:56
Real Elapsed (h:m:s):        00:30:21        00:30:29        00:32:55
Memory (MB):                  1651.69         1635.83         1633.67
================================================================================
================================================================================
Flow Settings:
================================================================================
Total Runtime (h:m:s): 00:32:54
Total Memory (MB):     1641.67
Executable Version:    21.10-p002_1
================================================================================
Total Cell Area =  Cell Area + Physical Cell Area
Total Instances =  Leaf Instances + Physical Instances


