============================================================
  Generated by:           Genus(TM) Synthesis Solution 21.10-p002_1
  Generated on:           Apr 11 2026  02:55:08 pm
  Module:                 unsigned_int_mul_p_2_L0
  Technology libraries:   fast_vdd1v0 1.0
                          physical_cells 
  Operating conditions:   PVT_1P1V_0C 
  Interconnect mode:      global
  Area mode:              physical library
============================================================

                                 Leakage  
   Gate    Instances    Area   Power (nW)     Library    
---------------------------------------------------------
ACHCONX2           5    63.270      3.168    fast_vdd1v0 
ADDFHX1            1     7.524      0.386    fast_vdd1v0 
ADDFHXL            2    15.048      0.786    fast_vdd1v0 
ADDFX1            27   138.510      9.014    fast_vdd1v0 
ADDFXL             3    20.520      0.900    fast_vdd1v0 
ADDHX1            13    48.906      3.470    fast_vdd1v0 
ADDHX2             1     5.130      0.339    fast_vdd1v0 
AND2X1            37    50.616      3.309    fast_vdd1v0 
AND3XL             1     2.052      0.086    fast_vdd1v0 
AND4X1             1     2.394      0.104    fast_vdd1v0 
AO21X1             4     9.576      0.470    fast_vdd1v0 
AO22X1            19    51.984      2.318    fast_vdd1v0 
AOI211X4           1     6.498      0.570    fast_vdd1v0 
AOI21X1            7    11.970      0.752    fast_vdd1v0 
AOI21X2            2     5.472      0.431    fast_vdd1v0 
AOI21X4            2    10.260      0.793    fast_vdd1v0 
AOI221X2           1     4.446      0.326    fast_vdd1v0 
AOI222X1           3     9.234      0.559    fast_vdd1v0 
AOI222X2           1     5.472      0.339    fast_vdd1v0 
AOI222X4           2    19.152      1.351    fast_vdd1v0 
AOI22X1           21    43.092      2.838    fast_vdd1v0 
AOI22X2            1     3.762      0.238    fast_vdd1v0 
AOI22X4            3    18.468      1.409    fast_vdd1v0 
AOI2BB1X1          4     8.208      0.516    fast_vdd1v0 
AOI2BB1X4          1     4.104      0.402    fast_vdd1v0 
AOI2BB1XL          2     4.104      0.195    fast_vdd1v0 
AOI31X2            1     3.420      0.239    fast_vdd1v0 
AOI32X1            2     4.788      0.318    fast_vdd1v0 
BUFX12             1     5.130      0.596    fast_vdd1v0 
BUFX2             26    44.460      3.069    fast_vdd1v0 
BUFX3              3     6.156      0.507    fast_vdd1v0 
CLKAND2X2          2     4.104      0.263    fast_vdd1v0 
CLKAND2X3          1     3.078      0.189    fast_vdd1v0 
CLKBUFX2          22    37.620      2.641    fast_vdd1v0 
CLKINVX4           5     8.550      0.822    fast_vdd1v0 
CLKINVX6           5    11.970      1.238    fast_vdd1v0 
CLKXOR2X1         19    51.984      3.396    fast_vdd1v0 
CLKXOR2X2          3    10.260      0.651    fast_vdd1v0 
DFFRHQX1          50   307.800     19.272    fast_vdd1v0 
DFFRHQX2           4    31.464      1.681    fast_vdd1v0 
DFFRHQX4           7    67.032      3.868    fast_vdd1v0 
DFFRHQX8           2    22.572      1.622    fast_vdd1v0 
DFFRX1             1     6.840      0.419    fast_vdd1v0 
DFFRX2             3    22.572      1.487    fast_vdd1v0 
INVX1             34    23.256      1.607    fast_vdd1v0 
INVX2             10    10.260      0.846    fast_vdd1v0 
INVX3              7     9.576      0.865    fast_vdd1v0 
INVXL              4     2.736      0.127    fast_vdd1v0 
MX2X1             23    55.062      3.477    fast_vdd1v0 
MXI2XL            26    62.244      2.826    fast_vdd1v0 
NAND2BX1          15    20.520      1.529    fast_vdd1v0 
NAND2BX2           5    11.970      0.834    fast_vdd1v0 
NAND2BX4           3    11.286      0.924    fast_vdd1v0 
NAND2X1           54    55.404      3.745    fast_vdd1v0 
NAND2X2           19    32.490      2.466    fast_vdd1v0 
NAND2X4            6    20.520      1.539    fast_vdd1v0 
NAND3BX1           2     4.104      0.249    fast_vdd1v0 
NAND3X1            6    10.260      0.513    fast_vdd1v0 
NAND3X4            3    14.364      1.087    fast_vdd1v0 
NAND3X6            1     7.182      0.556    fast_vdd1v0 
NOR2BX1           25    34.200      2.724    fast_vdd1v0 
NOR2BX2            5    13.680      0.860    fast_vdd1v0 
NOR2X1            27    27.702      1.945    fast_vdd1v0 
NOR2X2            13    22.230      1.751    fast_vdd1v0 
NOR2X4             9    27.702      2.293    fast_vdd1v0 
NOR2X6             1     4.104      0.519    fast_vdd1v0 
NOR2X8             1     5.472      0.690    fast_vdd1v0 
NOR3BX1            1     2.052      0.123    fast_vdd1v0 
NOR3BX2            1     3.420      0.187    fast_vdd1v0 
NOR3BX4            1     5.814      0.344    fast_vdd1v0 
NOR4X1             4     6.840      0.370    fast_vdd1v0 
NOR4X2             1     3.420      0.209    fast_vdd1v0 
OA21X1             7    14.364      0.802    fast_vdd1v0 
OA22X1             2     4.788      0.265    fast_vdd1v0 
OAI211X4           1     6.498      0.461    fast_vdd1v0 
OAI21X1           19    32.490      1.883    fast_vdd1v0 
OAI21X2           17    52.326      3.098    fast_vdd1v0 
OAI21X4            4    19.152      1.498    fast_vdd1v0 
OAI222X1          11    30.096      1.798    fast_vdd1v0 
OAI22X1            9    18.468      1.044    fast_vdd1v0 
OAI22X2            2     6.840      0.467    fast_vdd1v0 
OAI2BB1X1         10    17.100      1.159    fast_vdd1v0 
OAI2BB1X2          4    12.312      0.690    fast_vdd1v0 
OAI2BB1X4          1     4.446      0.319    fast_vdd1v0 
OAI31X1            5    10.260      0.628    fast_vdd1v0 
OR2X1             22    30.096      2.143    fast_vdd1v0 
OR2X2              2     3.420      0.281    fast_vdd1v0 
OR4X1              1     2.052      0.140    fast_vdd1v0 
XNOR2X1           50   119.700      8.996    fast_vdd1v0 
XNOR3X1            3    22.572      1.162    fast_vdd1v0 
XNOR3XL            7    52.668      2.560    fast_vdd1v0 
XOR3X1             3    22.572      1.172    fast_vdd1v0 
XOR3XL             3    22.572      1.100    fast_vdd1v0 
---------------------------------------------------------
total            812  2232.234    144.216                


                                           Leakage  Leakage 
     Type      Instances   Area   Area % Power (nW) Power % 
------------------------------------------------------------
sequential            67  458.280   20.5     28.349    19.7 
inverter              65   66.348    3.0      5.506     3.8 
buffer                52   93.366    4.2      6.813     4.7 
logic                628 1614.240   72.3    103.547    71.8 
physical_cells         0    0.000    0.0      0.000     0.0 
------------------------------------------------------------
total                812 2232.234  100.0    144.216   100.0 

