Command: report datapath -all -print_inferred > ./genus/reports/fplns_Fixed8/cadence_45nm/post_elaboration/syn_generic_datapath_report.rpt
============================================================
  Generated by:           Genus(TM) Synthesis Solution 21.10-p002_1
  Generated on:           Jun 19 2026  11:17:51 am
  Module:                 fplns_Fixed8
  Technology library:     fast_vdd1v0 1.0
  Operating conditions:   PVT_1P1V_0C (balanced_tree)
  Wireload mode:          enclosed
  Area mode:              timing library
============================================================


Inferred components

                Operator  Signedness   Inputs   Outputs CellArea Line Col    Filename    
=========================================================================================
fplns_Fixed8
 add_191_48
  
  module:add_unsigned_265
   very_fast        +     unsigned   8x1        8          68.07  191  48 fplns_Fixed8.v 
=========================================================================================
fplns_Fixed8
 add_192_48
  
  module:add_unsigned_265
   very_fast        +     unsigned   8x1        8          68.07  192  48 fplns_Fixed8.v 
=========================================================================================
fplns_Fixed8
 add_203_34
  
  module:add_unsigned_263
   very_fast        +     unsigned   16x1       16        166.83  203  34 fplns_Fixed8.v 
=========================================================================================
fplns_Fixed8
 add_204_47
  
  module:add_signed
   very_fast        +     signed     16x5       16        404.40  204  47 fplns_Fixed8.v 
=========================================================================================
fplns_Fixed8
 m_uint
  m_core
   add002488
    
    module:add_unsigned_143
     very_fast      +     unsigned   8x8        9         178.84    0   0 a              
=========================================================================================
fplns_Fixed8
 m_uint
  m_core
   add002491
    
    module:add_unsigned_145
     very_fast      +     unsigned   9x9        9         190.85    0   0 a              
=========================================================================================
fplns_Fixed8
 m_uint
  m_core
   add_123_35
    
    module:add_unsigned_6
     very_fast      +     unsigned   3x3        4          41.37  123  35 fplns_Fixed8.v 
=========================================================================================
fplns_Fixed8
 m_uint
  m_core
   add_123_48
    
    module:add_unsigned_8
     very_fast      +     unsigned   4x1        4          26.69  123  48 fplns_Fixed8.v 
=========================================================================================
fplns_Fixed8
 m_uint
  m_core
   add_139_41
    
    module:add_unsigned
     very_fast      +     unsigned   16x16      16        401.73  139  41 fplns_Fixed8.v 
=========================================================================================
fplns_Fixed8
 m_uint
  m_core
   add_141_41
    
    module:add_unsigned
     very_fast      +     unsigned   16x16      16        401.73  141  41 fplns_Fixed8.v 
=========================================================================================
fplns_Fixed8
 m_uint
  m_core
   add_61_31_I2
    
    module:add_unsigned_8
     very_fast      +     unsigned   4x1        4          26.69   61  31 fplns_Fixed8.v 
=========================================================================================
fplns_Fixed8
 m_uint
  m_core
   add_61_31_I3
    
    module:add_unsigned_8
     very_fast      +     unsigned   4x1        4          26.69   61  31 fplns_Fixed8.v 
=========================================================================================
fplns_Fixed8
 m_uint
  m_core
   add_61_31_I4
    
    module:add_unsigned_8
     very_fast      +     unsigned   4x1        4          26.69   61  31 fplns_Fixed8.v 
=========================================================================================
fplns_Fixed8
 m_uint
  m_core
   add_61_31_I5
    
    module:add_unsigned_8
     very_fast      +     unsigned   4x1        4          26.69   61  31 fplns_Fixed8.v 
=========================================================================================
fplns_Fixed8
 m_uint
  m_core
   add_61_31_I6
    
    module:add_unsigned_8
     very_fast      +     unsigned   4x1        4          26.69   61  31 fplns_Fixed8.v 
=========================================================================================
fplns_Fixed8
 m_uint
  m_core
   gte_106_20_I1
    
    module:geq_unsigned_165
     very_fast     >=     unsigned   1x4        1          16.02  106  20 fplns_Fixed8.v 
=========================================================================================
fplns_Fixed8
 m_uint
  m_core
   gte_106_20_I2
    
    module:geq_unsigned_165
     very_fast     >=     unsigned   1x4        1          16.02  106  20 fplns_Fixed8.v 
=========================================================================================
fplns_Fixed8
 m_uint
  m_core
   gte_106_20_I3
    
    module:geq_unsigned_159
     very_fast     >=     unsigned   2x4        1          24.02  106  20 fplns_Fixed8.v 
=========================================================================================
fplns_Fixed8
 m_uint
  m_core
   gte_106_20_I4
    
    module:geq_unsigned_159
     very_fast     >=     unsigned   2x4        1          24.02  106  20 fplns_Fixed8.v 
=========================================================================================
fplns_Fixed8
 m_uint
  m_core
   gte_106_20_I5
    
    module:geq_unsigned_150
     very_fast     >=     unsigned   3x4        1          36.04  106  20 fplns_Fixed8.v 
=========================================================================================
fplns_Fixed8
 m_uint
  m_core
   gte_106_20_I6
    
    module:geq_unsigned_150
     very_fast     >=     unsigned   3x4        1          36.04  106  20 fplns_Fixed8.v 
=========================================================================================
fplns_Fixed8
 m_uint
  m_core
   gte_106_20_I7
    
    module:geq_unsigned_150
     very_fast     >=     unsigned   3x4        1          36.04  106  20 fplns_Fixed8.v 
=========================================================================================
fplns_Fixed8
 m_uint
  m_core
   gte_138_27
    
    module:geq_unsigned
     very_fast     >=     unsigned   4x3        1          34.70  138  27 fplns_Fixed8.v 
=========================================================================================
fplns_Fixed8
 m_uint
  m_core
   lod_73_17:mux_lod_46_28
    
    module:mux
     very_fast     mux    n/a        8x3x3x3x3x 3          64.06   46  28 fplns_Fixed8.v 
                                     3x3x3x3                                             
=========================================================================================
fplns_Fixed8
 m_uint
  m_core
   lod_74_17:mux_lod_46_28
    
    module:mux
     very_fast     mux    n/a        8x3x3x3x3x 3          64.06   46  28 fplns_Fixed8.v 
                                     3x3x3x3                                             
=========================================================================================
fplns_Fixed8
 m_uint
  m_core
   mux_126_26
    
    module:bmux_241
     very_fast binary_mux n/a        1x8x8      8          42.71  126  26 fplns_Fixed8.v 
=========================================================================================
fplns_Fixed8
 m_uint
  m_core
   mux_139_75
    
    module:bmux_258
     very_fast binary_mux n/a        1x16x16    16         85.42  139  75 fplns_Fixed8.v 
=========================================================================================
fplns_Fixed8
 m_uint
  m_core
   mux_141_75
    
    module:bmux_258
     very_fast binary_mux n/a        1x16x16    16         85.42  141  75 fplns_Fixed8.v 
=========================================================================================
fplns_Fixed8
 m_uint
  m_core
   mux_80_23
    
    module:bmux_241
     very_fast binary_mux n/a        1x8x8      8          42.71   80  23 fplns_Fixed8.v 
=========================================================================================
fplns_Fixed8
 m_uint
  m_core
   mux_81_23
    
    module:bmux_241
     very_fast binary_mux n/a        1x8x8      8          42.71   81  23 fplns_Fixed8.v 
=========================================================================================
fplns_Fixed8
 m_uint
  m_core
   mux_cmbsop_bias_correction_89_15
    
    module:mux_240
     very_fast     mux    n/a        7x7x7x7x7x 7         130.80   89  15 fplns_Fixed8.v 
                                     7x7x7                                               
=========================================================================================
fplns_Fixed8
 m_uint
  m_core
   mux_fracA_trunc_106_20
    
    module:bmux
     very_fast binary_mux n/a        1x1x1      1           5.34  106  20 fplns_Fixed8.v 
=========================================================================================
fplns_Fixed8
 m_uint
  m_core
   mux_fracA_trunc_106_28
    
    module:bmux
     very_fast binary_mux n/a        1x1x1      1           5.34  106  20 fplns_Fixed8.v 
=========================================================================================
fplns_Fixed8
 m_uint
  m_core
   mux_fracA_trunc_106_29
    
    module:bmux
     very_fast binary_mux n/a        1x1x1      1           5.34  106  20 fplns_Fixed8.v 
=========================================================================================
fplns_Fixed8
 m_uint
  m_core
   mux_fracA_trunc_106_30
    
    module:bmux
     very_fast binary_mux n/a        1x1x1      1           5.34  106  20 fplns_Fixed8.v 
=========================================================================================
fplns_Fixed8
 m_uint
  m_core
   mux_fracA_trunc_106_31
    
    module:bmux
     very_fast binary_mux n/a        1x1x1      1           5.34  106  20 fplns_Fixed8.v 
=========================================================================================
fplns_Fixed8
 m_uint
  m_core
   mux_fracA_trunc_106_32
    
    module:bmux
     very_fast binary_mux n/a        1x1x1      1           5.34  106  20 fplns_Fixed8.v 
=========================================================================================
fplns_Fixed8
 m_uint
  m_core
   mux_fracA_trunc_106_33
    
    module:bmux
     very_fast binary_mux n/a        1x1x1      1           5.34  106  20 fplns_Fixed8.v 
=========================================================================================
fplns_Fixed8
 m_uint
  m_core
   mux_fracB_trunc_106_20
    
    module:bmux
     very_fast binary_mux n/a        1x1x1      1           5.34  106  20 fplns_Fixed8.v 
=========================================================================================
fplns_Fixed8
 m_uint
  m_core
   mux_fracB_trunc_106_35
    
    module:bmux
     very_fast binary_mux n/a        1x1x1      1           5.34  106  20 fplns_Fixed8.v 
=========================================================================================
fplns_Fixed8
 m_uint
  m_core
   mux_fracB_trunc_106_36
    
    module:bmux
     very_fast binary_mux n/a        1x1x1      1           5.34  106  20 fplns_Fixed8.v 
=========================================================================================
fplns_Fixed8
 m_uint
  m_core
   mux_fracB_trunc_106_37
    
    module:bmux
     very_fast binary_mux n/a        1x1x1      1           5.34  106  20 fplns_Fixed8.v 
=========================================================================================
fplns_Fixed8
 m_uint
  m_core
   mux_fracB_trunc_106_38
    
    module:bmux
     very_fast binary_mux n/a        1x1x1      1           5.34  106  20 fplns_Fixed8.v 
=========================================================================================
fplns_Fixed8
 m_uint
  m_core
   mux_fracB_trunc_106_39
    
    module:bmux
     very_fast binary_mux n/a        1x1x1      1           5.34  106  20 fplns_Fixed8.v 
=========================================================================================
fplns_Fixed8
 m_uint
  m_core
   mux_fracB_trunc_106_40
    
    module:bmux
     very_fast binary_mux n/a        1x1x1      1           5.34  106  20 fplns_Fixed8.v 
=========================================================================================
fplns_Fixed8
 m_uint
  m_core
   mux_level_60_14
    
    module:bmux_235
     very_fast binary_mux n/a        1x4x4      4          21.35   60  17 fplns_Fixed8.v 
=========================================================================================
fplns_Fixed8
 m_uint
  m_core
   mux_level_60_15
    
    module:bmux_235
     very_fast binary_mux n/a        1x4x4      4          21.35   60  17 fplns_Fixed8.v 
=========================================================================================
fplns_Fixed8
 m_uint
  m_core
   mux_level_60_16
    
    module:bmux_235
     very_fast binary_mux n/a        1x4x4      4          21.35   60  17 fplns_Fixed8.v 
=========================================================================================
fplns_Fixed8
 m_uint
  m_core
   mux_level_60_17
    
    module:bmux
     very_fast binary_mux n/a        1x1x1      1           5.34   60  17 fplns_Fixed8.v 
=========================================================================================
fplns_Fixed8
 m_uint
  m_core
   mux_level_60_18
    
    module:bmux_235
     very_fast binary_mux n/a        1x4x4      4          21.35   60  17 fplns_Fixed8.v 
=========================================================================================
fplns_Fixed8
 m_uint
  m_core
   mux_level_60_19
    
    module:bmux_235
     very_fast binary_mux n/a        1x4x4      4          21.35   60  17 fplns_Fixed8.v 
=========================================================================================
fplns_Fixed8
 m_uint
  m_core
   mux_result_val_132_13
    
    module:bmux_258
     very_fast binary_mux n/a        1x16x16    16         85.42  132  13 fplns_Fixed8.v 
=========================================================================================
fplns_Fixed8
 m_uint
  m_core
   mux_result_val_138_27
    
    module:bmux_258
     very_fast binary_mux n/a        1x16x16    16         85.42  138  27 fplns_Fixed8.v 
=========================================================================================
fplns_Fixed8
 m_uint
  m_core
   sll_136_55
    
    module:shift_left_vlog_unsigned
     very_fast     <<     x          1x4        16         69.40  136  55 fplns_Fixed8.v 
=========================================================================================
fplns_Fixed8
 m_uint
  m_core
   sll_139_75
    
    module:shift_left_vlog_unsigned_75
     very_fast/barrel
                   <<     x          16x4       16        306.97    0   0 a              
=========================================================================================
fplns_Fixed8
 m_uint
  m_core
   sll_80_23
    
    module:shift_left_vlog_unsigned_194
     very_fast/barrel
                   <<     x          8x3        8         113.45    0   0 a              
=========================================================================================
fplns_Fixed8
 m_uint
  m_core
   sll_81_23
    
    module:shift_left_vlog_unsigned_194
     very_fast/barrel
                   <<     x          8x3        8         113.45    0   0 a              
=========================================================================================
fplns_Fixed8
 m_uint
  m_core
   srl_141_75
    
    module:shift_right_vlog_unsigned
     very_fast/barrel
                   >>     x          16x4       16        306.97    0   0 a              
=========================================================================================
fplns_Fixed8
 m_uint
  m_core
   sub_126_55
    
    module:sub_unsigned_147
     very_fast      -     unsigned   8x8        8         164.16  126  55 fplns_Fixed8.v 
=========================================================================================
fplns_Fixed8
 m_uint
  m_core
   sub_139_89
    
    module:sub_unsigned
     very_fast      -     unsigned   4x3        32         57.39  139  89 fplns_Fixed8.v 
=========================================================================================
fplns_Fixed8
 m_uint
  m_core
   sub_141_89
    
    module:sub_unsigned_141
     very_fast      -     unsigned   3x4        32         62.73  141  89 fplns_Fixed8.v 
=========================================================================================
fplns_Fixed8
 m_uint
  m_core
   sub_80_33
    
    module:sub_unsigned
     very_fast      -     unsigned   4x3        32         57.39   80  33 fplns_Fixed8.v 
=========================================================================================
fplns_Fixed8
 m_uint
  m_core
   sub_81_33
    
    module:sub_unsigned
     very_fast      -     unsigned   4x3        32         57.39   81  33 fplns_Fixed8.v 
=========================================================================================
fplns_Fixed8
 mux_191_20
  
  module:bmux_241
   very_fast   binary_mux n/a        1x8x8      8          42.71  191  20 fplns_Fixed8.v 
=========================================================================================
fplns_Fixed8
 mux_192_20
  
  module:bmux_241
   very_fast   binary_mux n/a        1x8x8      8          42.71  192  20 fplns_Fixed8.v 
=========================================================================================
fplns_Fixed8
 mux_203_17
  
  module:bmux_258
   very_fast   binary_mux n/a        1x16x16    16         85.42  203  17 fplns_Fixed8.v 
=========================================================================================

      Type       CellArea Percentage 
-------------------------------------
datapath modules  3614.23      70.01 
external muxes    1086.41      21.04 
others             461.79       8.95 
-------------------------------------
total             5162.43     100.00 

