============================================================
  Generated by:           Genus(TM) Synthesis Solution 21.10-p002_1
  Generated on:           Apr 11 2026  03:52:30 pm
  Module:                 floating_point_mul_p_0_L2
  Technology libraries:   fast_vdd1v0 1.0
                          physical_cells 
  Operating conditions:   PVT_1P1V_0C 
  Interconnect mode:      global
  Area mode:              physical library
============================================================

                                  Leakage  
   Gate     Instances    Area   Power (nW)     Library    
----------------------------------------------------------
ACHCONX2            1    12.654      0.644    fast_vdd1v0 
ADDFHX1            16   120.384      6.332    fast_vdd1v0 
ADDFHX2            11    90.288      5.214    fast_vdd1v0 
ADDFHXL             3    22.572      1.142    fast_vdd1v0 
ADDFX1             46   235.980     15.053    fast_vdd1v0 
ADDHX1             12    45.144      3.215    fast_vdd1v0 
AND2X1             28    38.304      2.550    fast_vdd1v0 
AND2X2              3     5.130      0.359    fast_vdd1v0 
AND2X4              9    24.624      2.033    fast_vdd1v0 
AND2X6              5    18.810      1.830    fast_vdd1v0 
AND2X8              1     4.446      0.432    fast_vdd1v0 
AND3XL              2     4.104      0.168    fast_vdd1v0 
AO21X1              2     4.788      0.243    fast_vdd1v0 
AO22X1             39   106.704      4.746    fast_vdd1v0 
AOI211X1            2     4.788      0.241    fast_vdd1v0 
AOI211X2            1     3.420      0.282    fast_vdd1v0 
AOI211X4            2    12.996      1.008    fast_vdd1v0 
AOI21X1            17    29.070      1.839    fast_vdd1v0 
AOI21X2             9    24.624      1.660    fast_vdd1v0 
AOI21X4            25   128.250      9.531    fast_vdd1v0 
AOI221X1            1     2.394      0.155    fast_vdd1v0 
AOI22X2            23    86.526      5.453    fast_vdd1v0 
AOI2BB1X1           5    10.260      0.638    fast_vdd1v0 
AOI2BB1X2           2     6.156      0.430    fast_vdd1v0 
AOI2BB1X4           3    12.312      1.126    fast_vdd1v0 
AOI31X1             3     6.156      0.380    fast_vdd1v0 
AOI31X2             1     3.420      0.235    fast_vdd1v0 
AOI31X4             1     6.498      0.479    fast_vdd1v0 
BUFX2              24    41.040      2.815    fast_vdd1v0 
BUFX3              13    26.676      2.226    fast_vdd1v0 
BUFX6               2     6.156      0.665    fast_vdd1v0 
CLKAND2X12          1     7.524      0.790    fast_vdd1v0 
CLKAND2X2           7    14.364      0.909    fast_vdd1v0 
CLKAND2X3           7    21.546      1.415    fast_vdd1v0 
CLKAND2X4           2     6.840      0.478    fast_vdd1v0 
CLKAND2X6           9    43.092      3.623    fast_vdd1v0 
CLKBUFX6            1     3.078      0.335    fast_vdd1v0 
CLKINVX1            1     1.026      0.047    fast_vdd1v0 
CLKINVX12           2     8.208      0.992    fast_vdd1v0 
CLKINVX2            3     4.104      0.269    fast_vdd1v0 
CLKINVX3            4     6.840      0.512    fast_vdd1v0 
CLKINVX4           20    34.200      3.481    fast_vdd1v0 
CLKINVX6           11    26.334      2.820    fast_vdd1v0 
CLKINVX8            3     9.234      1.022    fast_vdd1v0 
CLKMX2X3            2     8.208      0.540    fast_vdd1v0 
CLKXOR2X1          23    62.928      4.137    fast_vdd1v0 
CLKXOR2X2           5    17.100      1.081    fast_vdd1v0 
INVX1              63    43.092      2.940    fast_vdd1v0 
INVX2              34    34.884      2.916    fast_vdd1v0 
INVX3              27    36.936      3.402    fast_vdd1v0 
INVX4               2     3.420      0.359    fast_vdd1v0 
INVX8               1     3.078      0.330    fast_vdd1v0 
INVXL               8     5.472      0.285    fast_vdd1v0 
MXI2XL              1     2.394      0.109    fast_vdd1v0 
NAND2BX1           34    46.512      3.600    fast_vdd1v0 
NAND2BX2            8    19.152      1.363    fast_vdd1v0 
NAND2BX4            9    33.858      2.841    fast_vdd1v0 
NAND2BXL            1     1.368      0.082    fast_vdd1v0 
NAND2X1           106   108.756      7.227    fast_vdd1v0 
NAND2X2            58    99.180      7.310    fast_vdd1v0 
NAND2X4            48   164.160     12.708    fast_vdd1v0 
NAND2X6            12    57.456      4.648    fast_vdd1v0 
NAND2X8             1     5.472      0.467    fast_vdd1v0 
NAND2XL             1     1.026      0.041    fast_vdd1v0 
NAND3BX2            1     3.078      0.217    fast_vdd1v0 
NAND3BXL            6    10.260      0.582    fast_vdd1v0 
NAND3X1             3     5.130      0.269    fast_vdd1v0 
NAND3X2             3     8.208      0.508    fast_vdd1v0 
NAND3X4             1     4.788      0.326    fast_vdd1v0 
NAND3X6             3    21.546      1.642    fast_vdd1v0 
NAND3X8             1     8.208      0.717    fast_vdd1v0 
NOR2BX1            41    56.088      4.585    fast_vdd1v0 
NOR2BX2             5    13.680      0.788    fast_vdd1v0 
NOR2BX4             7    26.334      2.285    fast_vdd1v0 
NOR2BXL             1     1.710      0.091    fast_vdd1v0 
NOR2X1             82    84.132      6.145    fast_vdd1v0 
NOR2X2             46    78.660      6.381    fast_vdd1v0 
NOR2X4             53   163.134     14.319    fast_vdd1v0 
NOR2X6             26   106.704     10.537    fast_vdd1v0 
NOR2X8              8    43.776      4.017    fast_vdd1v0 
NOR2XL              1     1.026      0.062    fast_vdd1v0 
NOR3BX1             5    10.260      0.599    fast_vdd1v0 
NOR3BX2             1     3.420      0.264    fast_vdd1v0 
NOR3BX4             3    17.442      1.083    fast_vdd1v0 
NOR3X1              4     6.840      0.351    fast_vdd1v0 
NOR3X2              1     2.736      0.160    fast_vdd1v0 
NOR3X4              4    20.520      1.298    fast_vdd1v0 
NOR3X6              3    21.546      1.330    fast_vdd1v0 
NOR4BX1             1     2.394      0.129    fast_vdd1v0 
NOR4X1              1     1.710      0.103    fast_vdd1v0 
OA21X1              3     6.156      0.331    fast_vdd1v0 
OAI211X1            5     8.550      0.602    fast_vdd1v0 
OAI211X2            1     4.104      0.217    fast_vdd1v0 
OAI211X4            3    19.494      1.301    fast_vdd1v0 
OAI21X1            27    46.170      2.704    fast_vdd1v0 
OAI21X2            24    73.872      4.392    fast_vdd1v0 
OAI21X4            34   162.792     12.354    fast_vdd1v0 
OAI2BB1X1          17    29.070      2.053    fast_vdd1v0 
OAI2BB1X2           4    12.312      0.688    fast_vdd1v0 
OAI2BB1X4           4    17.784      1.301    fast_vdd1v0 
OAI2BB2X2           1     5.472      0.303    fast_vdd1v0 
OAI2BB2X4           2    17.100      1.108    fast_vdd1v0 
OAI31X1             5    10.260      0.618    fast_vdd1v0 
OR2X1              22    30.096      2.224    fast_vdd1v0 
OR2X2               1     1.710      0.144    fast_vdd1v0 
OR2X6               3    11.286      1.189    fast_vdd1v0 
OR2XL               6     8.208      0.545    fast_vdd1v0 
OR3X1               1     2.052      0.108    fast_vdd1v0 
OR3XL               1     2.052      0.111    fast_vdd1v0 
XNOR2X1           132   316.008     24.108    fast_vdd1v0 
XNOR2X2             8    24.624      1.730    fast_vdd1v0 
XNOR3X1             2    15.048      0.764    fast_vdd1v0 
XNOR3XL             1     7.524      0.363    fast_vdd1v0 
XOR2X2              4    13.680      0.871    fast_vdd1v0 
XOR3X1              1     7.524      0.386    fast_vdd1v0 
----------------------------------------------------------
total            1450  3661.794    265.505                


                                           Leakage  Leakage 
     Type      Instances   Area   Area % Power (nW) Power % 
------------------------------------------------------------
inverter             179  216.828    5.9     19.375     7.3 
buffer                40   76.950    2.1      6.041     2.3 
logic               1231 3368.016   92.0    240.089    90.4 
physical_cells         0    0.000    0.0      0.000     0.0 
------------------------------------------------------------
total               1450 3661.794  100.0    265.505   100.0 

