

Working Directory = /home/redhat315bd/physical_design_nipun/Physical_design
QoS Summary for fplns_FP32
================================================================================
Metric                          fplns_FP32_syn_generic
================================================================================
Slack (ps):                      -425
  R2R (ps):                  no_value
  I2R (ps):                  no_value
  R2O (ps):                  no_value
  I2O (ps):                      -425
  CG  (ps):                  no_value
TNS (ps):                     -13,181
  R2R (ps):                  no_value
  I2R (ps):                  no_value
  R2O (ps):                  no_value
  I2O (ps):                   -13,181
  CG  (ps):                  no_value
Failing Paths:                     31
Cell Area:                      2,312
Total Cell Area:                2,312
Leaf Instances:                   866
Total Instances:                  866
Utilization (%):                 0.00
Tot. Net Length (um):        no_value
Avg. Net Length (um):        no_value
Route Overflow H (%):        no_value
Route Overflow V (%):        no_value
MBCI(%) (bits/gate) :            0.00
Norm Cong Hotspot Area:
  Max Cong:                  no_value
  Tot Cong:                  no_value
================================================================================
CPU  Runtime (h:m:s):        00:30:10
Real Runtime (h:m:s):        00:30:11
CPU  Elapsed (h:m:s):        00:30:12
Real Elapsed (h:m:s):        00:30:12
Memory (MB):                  1658.42
================================================================================
================================================================================
Flow Settings:
================================================================================
Total Runtime (h:m:s): 00:30:11
Total Memory (MB):     1658.42
Executable Version:    21.10-p002_1
================================================================================
Total Cell Area =  Cell Area + Physical Cell Area
Total Instances =  Leaf Instances + Physical Instances


