============================================================
  Generated by:           Genus(TM) Synthesis Solution 21.10-p002_1
  Generated on:           Jun 19 2026  11:19:50 am
  Module:                 fplns_FP32
  Technology library:     fast_vdd1v0 1.0
  Operating conditions:   PVT_1P1V_0C (balanced_tree)
  Wireload mode:          enclosed
  Area mode:              timing library
============================================================

            Instance                          Module               Cell Count  Cell Area  Net Area   Total Area   Wireload  
----------------------------------------------------------------------------------------------------------------------------
fplns_FP32                                                                866   2311.614     0.000     2311.614 <none> (D)  
  WALLACE_CSA_DUMMY_OP15_groupi  WALLACE_CSA_DUMMY_OP15_group_758         260    694.018     0.000      694.018 <none> (D)  
  WALLACE_CSA_DUMMY_OP325_groupi WALLACE_CSA_DUMMY_OP325_group_14          47    125.457     0.000      125.457 <none> (D)  
  WALLACE_CSA_DUMMY_OP326        csa_tree_484                              21     56.055     0.000       56.055 <none> (D)  
  g3369_create                   decode_107                                13     34.701     0.000       34.701 <none> (D)  
  g3371_create                   decode_110                                10     26.693     0.000       26.693 <none> (D)  
  g3377_create                   decode_119                                 2      5.339     0.000        5.339 <none> (D)  
  g3379_create                   decode_122                                 2      5.339     0.000        5.339 <none> (D)  
  (D) = wireload is default in technology library
