============================================================
  Generated by:           Genus(TM) Synthesis Solution 21.10-p002_1
  Generated on:           Jun 19 2026  11:19:50 am
  Module:                 fplns_FP32
  Technology library:     fast_vdd1v0 1.0
  Operating conditions:   PVT_1P1V_0C (balanced_tree)
  Wireload mode:          enclosed
  Area mode:              timing library
============================================================

Timing
--------

Clock Period 
-------------
vclk  1000.0 


  Cost    Critical              Violating 
 Group   Path Slack     TNS       Paths   
------------------------------------------
default    No paths        0.0            
vclk         -425.2   -13181.2         31 
------------------------------------------
Total                 -13181.2         31 

Instance Count
--------------
Leaf Instance Count             866 
Physical Instance count           0 
Sequential Instance Count         0 
Combinational Instance Count    866 
Hierarchical Instance Count       7 

Area
----
Cell Area                          2311.614
Physical Cell Area                 0.000
Total Cell Area (Cell+Physical)    2311.614
Net Area                           0.000
Total Area (Cell+Physical+Net)     2311.614

Runtime                            0.0 seconds
Elapsed Runtime                    13 seconds
Genus peak memory usage            1658.42 
Innovus peak memory usage          no_value 
Hostname                           redhat315b
