

Working Directory = /home/redhat315bd/physical_design_nipun/Physical_design
QoS Summary for unsigned_int_mul_p_0_L1
================================================================================
Metric                          unsigned_int_mul_p_0_L1_syn_generic unsigned_int_mul_p_0_L1_syn_map unsigned_int_mul_p_0_L1_syn_opt
================================================================================
Slack (ps):                      -566            -468            -304
  R2R (ps):                  no_value        no_value        no_value
  I2R (ps):                  no_value        no_value        no_value
  R2O (ps):                  no_value        no_value        no_value
  I2O (ps):                      -566            -468            -304
  CG  (ps):                  no_value        no_value        no_value
TNS (ps):                      -8,875          -7,312          -4,811
  R2R (ps):                  no_value        no_value        no_value
  I2R (ps):                  no_value        no_value        no_value
  R2O (ps):                  no_value        no_value        no_value
  I2O (ps):                    -8,875          -7,312          -4,811
  CG  (ps):                  no_value        no_value        no_value
Failing Paths:                     16              16              16
Cell Area:                      2,692           2,159           3,445
Total Cell Area:                2,692           2,159           3,445
Leaf Instances:                 1,005             766           1,074
Total Instances:                1,005             766           1,074
Utilization (%):                 0.00            0.00            0.00
Tot. Net Length (um):        no_value        no_value        no_value
Avg. Net Length (um):        no_value        no_value        no_value
Route Overflow H (%):        no_value        no_value        no_value
Route Overflow V (%):        no_value        no_value        no_value
MBCI(%) (bits/gate) :            0.00            0.00            0.00
Norm Cong Hotspot Area:
  Max Cong:                  no_value        no_value        no_value
  Tot Cong:                  no_value        no_value        no_value
================================================================================
CPU  Runtime (h:m:s):        00:30:13        00:30:08        00:31:50
Real Runtime (h:m:s):        00:30:13        00:30:07        00:31:52
CPU  Elapsed (h:m:s):        00:30:15        00:30:23        00:32:13
Real Elapsed (h:m:s):        00:30:14        00:30:21        00:32:13
Memory (MB):                  1636.45         1613.75         1613.59
================================================================================
================================================================================
Flow Settings:
================================================================================
Total Runtime (h:m:s): 00:32:12
Total Memory (MB):     1621.59
Executable Version:    21.10-p002_1
================================================================================
Total Cell Area =  Cell Area + Physical Cell Area
Total Instances =  Leaf Instances + Physical Instances


