

Working Directory = /home/redhat315bd/physical_design_nipun/Physical_design
QoS Summary for scaletrim_Fixed8
================================================================================
Metric                          scaletrim_Fixed8_syn_generic
================================================================================
Slack (ps):                      -763
  R2R (ps):                  no_value
  I2R (ps):                  no_value
  R2O (ps):                  no_value
  I2O (ps):                      -763
  CG  (ps):                  no_value
TNS (ps):                     -11,407
  R2R (ps):                  no_value
  I2R (ps):                  no_value
  R2O (ps):                  no_value
  I2O (ps):                   -11,407
  CG  (ps):                  no_value
Failing Paths:                     16
Cell Area:                      3,174
Total Cell Area:                3,174
Leaf Instances:                 1,189
Total Instances:                1,189
Utilization (%):                 0.00
Tot. Net Length (um):        no_value
Avg. Net Length (um):        no_value
Route Overflow H (%):        no_value
Route Overflow V (%):        no_value
MBCI(%) (bits/gate) :            0.00
Norm Cong Hotspot Area:
  Max Cong:                  no_value
  Tot Cong:                  no_value
================================================================================
CPU  Runtime (h:m:s):        00:30:18
Real Runtime (h:m:s):        00:30:18
CPU  Elapsed (h:m:s):        00:30:20
Real Elapsed (h:m:s):        00:30:19
Memory (MB):                  1642.95
================================================================================
================================================================================
Flow Settings:
================================================================================
Total Runtime (h:m:s): 00:30:18
Total Memory (MB):     1642.95
Executable Version:    21.10-p002_1
================================================================================
Total Cell Area =  Cell Area + Physical Cell Area
Total Instances =  Leaf Instances + Physical Instances


