

Working Directory = /home/redhat315bd/physical_design_nipun/Physical_design
QoS Summary for unsigned_int_mul_p_1_L2
================================================================================
Metric                          unsigned_int_mul_p_1_L2_syn_generic unsigned_int_mul_p_1_L2_syn_map
================================================================================
Slack (ps):                      -663            -518
  R2R (ps):                  no_value        no_value
  I2R (ps):                  no_value        no_value
  R2O (ps):                  no_value        no_value
  I2O (ps):                      -663            -518
  CG  (ps):                  no_value        no_value
TNS (ps):                     -10,051          -8,026
  R2R (ps):                  no_value        no_value
  I2R (ps):                  no_value        no_value
  R2O (ps):                  no_value        no_value
  I2O (ps):                   -10,051          -8,026
  CG  (ps):                  no_value        no_value
Failing Paths:                     16              16
Cell Area:                      4,698           3,509
Total Cell Area:                4,698           3,509
Leaf Instances:                 1,760           1,124
Total Instances:                1,760           1,124
Utilization (%):                 0.00            0.00
Tot. Net Length (um):        no_value        no_value
Avg. Net Length (um):        no_value        no_value
Route Overflow H (%):        no_value        no_value
Route Overflow V (%):        no_value        no_value
MBCI(%) (bits/gate) :            0.00            0.00
Norm Cong Hotspot Area:
  Max Cong:                  no_value        no_value
  Tot Cong:                  no_value        no_value
================================================================================
CPU  Runtime (h:m:s):        00:30:20        00:30:10
Real Runtime (h:m:s):        00:30:20        00:30:08
CPU  Elapsed (h:m:s):        00:30:22        00:30:32
Real Elapsed (h:m:s):        00:30:21        00:30:29
Memory (MB):                  1651.02         1633.34
================================================================================
================================================================================
Flow Settings:
================================================================================
Total Runtime (h:m:s): 00:30:28
Total Memory (MB):     1641.34
Executable Version:    21.10-p002_1
================================================================================
Total Cell Area =  Cell Area + Physical Cell Area
Total Instances =  Leaf Instances + Physical Instances


