============================================================
  Generated by:           Genus(TM) Synthesis Solution 21.10-p002_1
  Generated on:           Jun 19 2026  11:12:11 am
  Module:                 acbam_Fixed8
  Technology library:     fast_vdd1v0 1.0
  Operating conditions:   PVT_1P1V_0C (balanced_tree)
  Wireload mode:          enclosed
  Area mode:              timing library
============================================================

                                 Leakage  
   Gate    Instances    Area   Power (nW)     Library    
---------------------------------------------------------
ACHCONX2           1    12.654      0.579    fast_vdd1v0 
AND2X1             4     5.472      0.352    fast_vdd1v0 
AND2XL            20    27.360      1.535    fast_vdd1v0 
AO21XL             1     2.394      0.096    fast_vdd1v0 
AOI21X1           21    35.910      2.213    fast_vdd1v0 
AOI21X2            4    10.944      0.828    fast_vdd1v0 
AOI21X4            1     5.130      0.392    fast_vdd1v0 
AOI21XL           12    20.520      0.828    fast_vdd1v0 
AOI22X1            1     2.052      0.139    fast_vdd1v0 
AOI22X4            1     6.156      0.518    fast_vdd1v0 
AOI22XL            1     2.052      0.087    fast_vdd1v0 
AOI2BB1X1          6    12.312      0.767    fast_vdd1v0 
AOI2BB1XL          5    10.260      0.498    fast_vdd1v0 
BUFX12             2    10.260      1.245    fast_vdd1v0 
BUFX16             1     6.840      0.825    fast_vdd1v0 
BUFX2              3     5.130      0.363    fast_vdd1v0 
BUFX3              2     4.104      0.354    fast_vdd1v0 
CLKAND2X3          1     3.078      0.189    fast_vdd1v0 
CLKBUFX2           7    11.970      0.829    fast_vdd1v0 
CLKINVX12          6    24.624      2.980    fast_vdd1v0 
CLKINVX2           1     1.368      0.087    fast_vdd1v0 
CLKINVX4           1     1.710      0.167    fast_vdd1v0 
CLKINVX6           1     2.394      0.250    fast_vdd1v0 
CLKINVX8           1     3.078      0.331    fast_vdd1v0 
CLKMX2X3           1     4.104      0.271    fast_vdd1v0 
CLKXOR2X1          2     5.472      0.367    fast_vdd1v0 
INVX1             70    47.880      3.273    fast_vdd1v0 
INVX2             15    15.390      1.248    fast_vdd1v0 
INVX3              4     5.472      0.483    fast_vdd1v0 
INVX6              1     2.394      0.288    fast_vdd1v0 
INVXL            131    89.604      4.430    fast_vdd1v0 
MXI2X1            12    32.832      1.748    fast_vdd1v0 
MXI2X6             1     5.130      0.434    fast_vdd1v0 
MXI2XL            32    76.608      3.539    fast_vdd1v0 
NAND2BX1          20    27.360      2.075    fast_vdd1v0 
NAND2BX2           1     2.394      0.162    fast_vdd1v0 
NAND2BX4           1     3.762      0.333    fast_vdd1v0 
NAND2BXL          39    53.352      3.125    fast_vdd1v0 
NAND2X1           78    80.028      5.425    fast_vdd1v0 
NAND2X2           29    49.590      3.746    fast_vdd1v0 
NAND2X4           13    40.903      3.303    fast_vdd1v0 
NAND2X6            1     4.566      0.395    fast_vdd1v0 
NAND2X8            1     5.250      0.511    fast_vdd1v0 
NAND2XL           87    89.262      4.071    fast_vdd1v0 
NAND3BX1           3     6.156      0.358    fast_vdd1v0 
NAND3BXL          13    22.230      1.210    fast_vdd1v0 
NAND3X1            6    10.260      0.536    fast_vdd1v0 
NAND3X2            2     5.472      0.348    fast_vdd1v0 
NAND3XL            3     5.130      0.185    fast_vdd1v0 
NOR2BX1           32    43.776      3.263    fast_vdd1v0 
NOR2BXL            7    11.970      0.546    fast_vdd1v0 
NOR2X1            46    47.196      3.118    fast_vdd1v0 
NOR2X2            30    51.300      3.787    fast_vdd1v0 
NOR2X4            10    30.780      2.699    fast_vdd1v0 
NOR2X6             3    12.312      1.117    fast_vdd1v0 
NOR2X8             1     5.472      0.495    fast_vdd1v0 
NOR2XL            61    62.586      2.819    fast_vdd1v0 
NOR3BX1            2     4.104      0.220    fast_vdd1v0 
NOR3BXL            2     4.104      0.181    fast_vdd1v0 
NOR3X1             1     1.710      0.126    fast_vdd1v0 
NOR3X2             2     5.472      0.292    fast_vdd1v0 
NOR3X6             1     7.182      0.456    fast_vdd1v0 
NOR3XL             2     3.420      0.095    fast_vdd1v0 
OAI211X1           2     3.420      0.255    fast_vdd1v0 
OAI21X1           18    30.780      1.820    fast_vdd1v0 
OAI21X2           11    33.858      2.031    fast_vdd1v0 
OAI21X4            2     9.576      0.753    fast_vdd1v0 
OAI21XL           10    17.100      0.687    fast_vdd1v0 
OAI22X1            1     2.052      0.120    fast_vdd1v0 
OAI22XL            1     2.052      0.067    fast_vdd1v0 
OAI2BB1X1         29    49.590      3.396    fast_vdd1v0 
OAI2BB1XL          3     6.156      0.274    fast_vdd1v0 
OAI32X1            1     2.394      0.123    fast_vdd1v0 
OR2X1              2     2.736      0.179    fast_vdd1v0 
OR2XL             18    24.624      1.534    fast_vdd1v0 
XNOR2X1           26    62.244      4.759    fast_vdd1v0 
XNOR2X2            5    15.390      1.121    fast_vdd1v0 
XNOR2X4            1     3.762      0.349    fast_vdd1v0 
XNOR2XL            6    16.416      1.027    fast_vdd1v0 
XNOR3XL            2    15.048      0.732    fast_vdd1v0 
XOR2XL            16    43.776      2.656    fast_vdd1v0 
XOR3XL             6    45.144      2.201    fast_vdd1v0 
---------------------------------------------------------
total           1030  1595.875    101.614                


                                           Leakage  Leakage 
     Type      Instances   Area   Area % Power (nW) Power % 
------------------------------------------------------------
inverter             231  193.914   12.2     13.536    13.3 
buffer                15   38.304    2.4      3.616     3.6 
logic                784 1363.657   85.4     84.462    83.1 
physical_cells         0    0.000    0.0      0.000     0.0 
------------------------------------------------------------
total               1030 1595.875  100.0    101.614   100.0 

