============================================================
  Generated by:           Genus(TM) Synthesis Solution 21.10-p002_1
  Generated on:           Jun 19 2026  11:12:11 am
  Module:                 acbam_Fixed8
  Operating conditions:   PVT_1P1V_0C (balanced_tree)
  Wireload mode:          enclosed
  Area mode:              timing library
============================================================


Path 1: VIOLATED (-59 ps) Late External Delay Assertion at pin R[11]
          Group: vclk
     Startpoint: (R) B[7]
          Clock: (R) vclk
       Endpoint: (F) R[11]
          Clock: (R) vclk

                     Capture       Launch     
        Clock Edge:+    1000            0     
        Drv Adjust:+       0            0     
       Src Latency:+       0            0     
       Net Latency:+       0 (I)        0 (I) 
           Arrival:=    1000            0     
                                              
      Output Delay:-     200                  
       Uncertainty:-      50                  
     Required Time:=     750                  
      Launch Clock:-       0                  
       Input Delay:-     200                  
         Data Path:-     609                  
             Slack:=     -59                  

Exceptions/Constraints:
  input_delay              200             acbam_Fixed8.sdc_line_14_8_1  
  output_delay             200             acbam_Fixed8.sdc_line_15_24_1 

#------------------------------------------------------------------------------------------------
#     Timing Point       Flags    Arc   Edge   Cell     Fanout Load Trans Delay Arrival Instance 
#                                                              (fF)  (ps)  (ps)   (ps)  Location 
#------------------------------------------------------------------------------------------------
  B[7]                   -       -      R     (arrival)     11 11.2     0     0     200    (-,-) 
  g4100/Y                -       A->Y   F     NAND2X8        2  3.4    13    14     214    (-,-) 
  g2695__1881/Y          -       B->Y   R     NAND2X4        1  1.9     8    10     224    (-,-) 
  g4099/Y                -       B0->Y  F     OAI21X4        8  2.4    20    19     242    (-,-) 
  m_uint/m_core/g29/Y    -       A->Y   R     INVXL          1  0.5    10    13     255    (-,-) 
  m_uint/m_core/g28/Y    -       A->Y   F     NAND2X1        1  0.8    17    17     272    (-,-) 
  m_uint/m_core/g27/Y    -       B0->Y  R     OAI21X2        3  3.2    32    15     287    (-,-) 
  m_uint/m_core/g16721/Y -       C->Y   F     NOR3BXL        1  0.4    12    18     305    (-,-) 
  m_uint/m_core/g16719/Y -       B0->Y  R     AOI21X1        6  2.0    36    27     332    (-,-) 
  m_uint/m_core/g154/Y   -       B->Y   F     NOR2XL         1  0.4    12    18     351    (-,-) 
  m_uint/m_core/g15875/Y -       B->Y   R     NAND2X1        1  0.5     9    10     361    (-,-) 
  m_uint/m_core/g16220/Y -       C0->Y  F     OAI211X1       3  1.0    38    30     391    (-,-) 
  m_uint/m_core/g293/Y   -       B->Y   R     NOR2XL         1  0.3    16    22     413    (-,-) 
  m_uint/m_core/g16433/Y -       A1N->Y R     AOI2BB1X1      3  0.9    19    25     438    (-,-) 
  m_uint/m_core/g16432/Y -       A->Y   F     INVXL          1  0.3     7    11     450    (-,-) 
  m_uint/m_core/g16431/Y -       A->Y   R     MXI2XL         1  0.6    27    22     472    (-,-) 
  m_uint/m_core/g16430/Y -       S0->Y  R     MXI2XL         2  0.8    32    27     499    (-,-) 
  m_uint/m_core/g15817/Y -       B->Y   F     NOR2X1         3  1.1    15    18     517    (-,-) 
  m_uint/m_core/g15881/Y -       B->Y   R     NOR2X1         2  0.8    18    17     534    (-,-) 
  m_uint/m_core/g57/Y    -       A0->Y  F     AOI21X1        2  0.9    23    24     558    (-,-) 
  m_uint/m_core/g150/Y   -       A1->Y  R     OAI21X1        1  0.8    24    23     582    (-,-) 
  m_uint/m_core/g15636/Y -       S0->Y  R     MXI2X1         3  0.9    26    26     608    (-,-) 
  g74/Y                  -       A->Y   F     NOR2XL         1  0.4    12    17     625    (-,-) 
  g70/Y                  -       B->Y   R     NAND2X1        3  0.9    11    11     636    (-,-) 
  g129/Y                 -       B->Y   F     NAND2XL        1  0.5    17    16     652    (-,-) 
  g4020/Y                -       B->Y   R     XNOR2XL        1  0.5     9    33     685    (-,-) 
  fopt4298/Y             -       A->Y   F     INVX1          2  1.1    10    10     695    (-,-) 
  g77/Y                  -       A->Y   R     NOR3X2         2  1.2    27    26     721    (-,-) 
  g3558__4025/Y          -       B->Y   F     XNOR2X1        1  2.5    21    40     761    (-,-) 
  fopt3755/Y             -       A->Y   R     CLKINVX6       3 17.1    25    19     780    (-,-) 
  fopt3753/Y             -       A->Y   F     CLKINVX12      1 50.0    39    28     809    (-,-) 
  R[11]                  -       -      F     (port)         -    -     -     0     809    (-,-) 
#------------------------------------------------------------------------------------------------



Path 2: VIOLATED (-59 ps) Late External Delay Assertion at pin R[12]
          Group: vclk
     Startpoint: (R) B[7]
          Clock: (R) vclk
       Endpoint: (F) R[12]
          Clock: (R) vclk

                     Capture       Launch     
        Clock Edge:+    1000            0     
        Drv Adjust:+       0            0     
       Src Latency:+       0            0     
       Net Latency:+       0 (I)        0 (I) 
           Arrival:=    1000            0     
                                              
      Output Delay:-     200                  
       Uncertainty:-      50                  
     Required Time:=     750                  
      Launch Clock:-       0                  
       Input Delay:-     200                  
         Data Path:-     609                  
             Slack:=     -59                  

Exceptions/Constraints:
  input_delay              200             acbam_Fixed8.sdc_line_14_8_1  
  output_delay             200             acbam_Fixed8.sdc_line_15_23_1 

#------------------------------------------------------------------------------------------------
#     Timing Point       Flags    Arc   Edge   Cell     Fanout Load Trans Delay Arrival Instance 
#                                                              (fF)  (ps)  (ps)   (ps)  Location 
#------------------------------------------------------------------------------------------------
  B[7]                   -       -      R     (arrival)     11 11.2     0     0     200    (-,-) 
  g4100/Y                -       A->Y   F     NAND2X8        2  3.4    13    14     214    (-,-) 
  g2695__1881/Y          -       B->Y   R     NAND2X4        1  1.9     8    10     224    (-,-) 
  g4099/Y                -       B0->Y  F     OAI21X4        8  2.4    20    19     242    (-,-) 
  m_uint/m_core/g29/Y    -       A->Y   R     INVXL          1  0.5    10    13     255    (-,-) 
  m_uint/m_core/g28/Y    -       A->Y   F     NAND2X1        1  0.8    17    17     272    (-,-) 
  m_uint/m_core/g27/Y    -       B0->Y  R     OAI21X2        3  3.2    32    15     287    (-,-) 
  m_uint/m_core/g16721/Y -       C->Y   F     NOR3BXL        1  0.4    12    18     305    (-,-) 
  m_uint/m_core/g16719/Y -       B0->Y  R     AOI21X1        6  2.0    36    27     332    (-,-) 
  m_uint/m_core/g154/Y   -       B->Y   F     NOR2XL         1  0.4    12    18     351    (-,-) 
  m_uint/m_core/g15875/Y -       B->Y   R     NAND2X1        1  0.5     9    10     361    (-,-) 
  m_uint/m_core/g16220/Y -       C0->Y  F     OAI211X1       3  1.0    38    30     391    (-,-) 
  m_uint/m_core/g293/Y   -       B->Y   R     NOR2XL         1  0.3    16    22     413    (-,-) 
  m_uint/m_core/g16433/Y -       A1N->Y R     AOI2BB1X1      3  0.9    19    25     438    (-,-) 
  m_uint/m_core/g16432/Y -       A->Y   F     INVXL          1  0.3     7    11     450    (-,-) 
  m_uint/m_core/g16431/Y -       A->Y   R     MXI2XL         1  0.6    27    22     472    (-,-) 
  m_uint/m_core/g16430/Y -       S0->Y  R     MXI2XL         2  0.8    32    27     499    (-,-) 
  m_uint/m_core/g15817/Y -       B->Y   F     NOR2X1         3  1.1    15    18     517    (-,-) 
  m_uint/m_core/g15881/Y -       B->Y   R     NOR2X1         2  0.8    18    17     534    (-,-) 
  m_uint/m_core/g57/Y    -       A0->Y  F     AOI21X1        2  0.9    23    24     558    (-,-) 
  m_uint/m_core/g150/Y   -       A1->Y  R     OAI21X1        1  0.8    24    23     582    (-,-) 
  m_uint/m_core/g15636/Y -       S0->Y  R     MXI2X1         3  0.9    26    26     608    (-,-) 
  g74/Y                  -       A->Y   F     NOR2XL         1  0.4    12    17     625    (-,-) 
  g70/Y                  -       B->Y   R     NAND2X1        3  0.9    11    11     636    (-,-) 
  g129/Y                 -       B->Y   F     NAND2XL        1  0.5    17    16     652    (-,-) 
  g4020/Y                -       B->Y   R     XNOR2XL        1  0.5     9    33     685    (-,-) 
  fopt4298/Y             -       A->Y   F     INVX1          2  1.1    10    10     695    (-,-) 
  g77/Y                  -       A->Y   R     NOR3X2         2  1.2    27    26     721    (-,-) 
  g3558__4025/Y          -       B->Y   F     XNOR2X1        1  2.5    21    40     761    (-,-) 
  fopt3755/Y             -       A->Y   R     CLKINVX6       3 17.1    25    19     780    (-,-) 
  fopt3754/Y             -       A->Y   F     CLKINVX12      1 50.0    39    28     809    (-,-) 
  R[12]                  -       -      F     (port)         -    -     -     0     809    (-,-) 
#------------------------------------------------------------------------------------------------



Path 3: VIOLATED (-59 ps) Late External Delay Assertion at pin R[13]
          Group: vclk
     Startpoint: (R) B[7]
          Clock: (R) vclk
       Endpoint: (F) R[13]
          Clock: (R) vclk

                     Capture       Launch     
        Clock Edge:+    1000            0     
        Drv Adjust:+       0            0     
       Src Latency:+       0            0     
       Net Latency:+       0 (I)        0 (I) 
           Arrival:=    1000            0     
                                              
      Output Delay:-     200                  
       Uncertainty:-      50                  
     Required Time:=     750                  
      Launch Clock:-       0                  
       Input Delay:-     200                  
         Data Path:-     609                  
             Slack:=     -59                  

Exceptions/Constraints:
  input_delay              200             acbam_Fixed8.sdc_line_14_8_1  
  output_delay             200             acbam_Fixed8.sdc_line_15_22_1 

#------------------------------------------------------------------------------------------------
#     Timing Point       Flags    Arc   Edge   Cell     Fanout Load Trans Delay Arrival Instance 
#                                                              (fF)  (ps)  (ps)   (ps)  Location 
#------------------------------------------------------------------------------------------------
  B[7]                   -       -      R     (arrival)     11 11.2     0     0     200    (-,-) 
  g4100/Y                -       A->Y   F     NAND2X8        2  3.4    13    14     214    (-,-) 
  g2695__1881/Y          -       B->Y   R     NAND2X4        1  1.9     8    10     224    (-,-) 
  g4099/Y                -       B0->Y  F     OAI21X4        8  2.4    20    19     242    (-,-) 
  m_uint/m_core/g29/Y    -       A->Y   R     INVXL          1  0.5    10    13     255    (-,-) 
  m_uint/m_core/g28/Y    -       A->Y   F     NAND2X1        1  0.8    17    17     272    (-,-) 
  m_uint/m_core/g27/Y    -       B0->Y  R     OAI21X2        3  3.2    32    15     287    (-,-) 
  m_uint/m_core/g16721/Y -       C->Y   F     NOR3BXL        1  0.4    12    18     305    (-,-) 
  m_uint/m_core/g16719/Y -       B0->Y  R     AOI21X1        6  2.0    36    27     332    (-,-) 
  m_uint/m_core/g154/Y   -       B->Y   F     NOR2XL         1  0.4    12    18     351    (-,-) 
  m_uint/m_core/g15875/Y -       B->Y   R     NAND2X1        1  0.5     9    10     361    (-,-) 
  m_uint/m_core/g16220/Y -       C0->Y  F     OAI211X1       3  1.0    38    30     391    (-,-) 
  m_uint/m_core/g293/Y   -       B->Y   R     NOR2XL         1  0.3    16    22     413    (-,-) 
  m_uint/m_core/g16433/Y -       A1N->Y R     AOI2BB1X1      3  0.9    19    25     438    (-,-) 
  m_uint/m_core/g16432/Y -       A->Y   F     INVXL          1  0.3     7    11     450    (-,-) 
  m_uint/m_core/g16431/Y -       A->Y   R     MXI2XL         1  0.6    27    22     472    (-,-) 
  m_uint/m_core/g16430/Y -       S0->Y  R     MXI2XL         2  0.8    32    27     499    (-,-) 
  m_uint/m_core/g15817/Y -       B->Y   F     NOR2X1         3  1.1    15    18     517    (-,-) 
  m_uint/m_core/g15881/Y -       B->Y   R     NOR2X1         2  0.8    18    17     534    (-,-) 
  m_uint/m_core/g57/Y    -       A0->Y  F     AOI21X1        2  0.9    23    24     558    (-,-) 
  m_uint/m_core/g150/Y   -       A1->Y  R     OAI21X1        1  0.8    24    23     582    (-,-) 
  m_uint/m_core/g15636/Y -       S0->Y  R     MXI2X1         3  0.9    26    26     608    (-,-) 
  g74/Y                  -       A->Y   F     NOR2XL         1  0.4    12    17     625    (-,-) 
  g70/Y                  -       B->Y   R     NAND2X1        3  0.9    11    11     636    (-,-) 
  g129/Y                 -       B->Y   F     NAND2XL        1  0.5    17    16     652    (-,-) 
  g4020/Y                -       B->Y   R     XNOR2XL        1  0.5     9    33     685    (-,-) 
  fopt4298/Y             -       A->Y   F     INVX1          2  1.1    10    10     695    (-,-) 
  g77/Y                  -       A->Y   R     NOR3X2         2  1.2    27    26     721    (-,-) 
  g3558__4025/Y          -       B->Y   F     XNOR2X1        1  2.5    21    40     761    (-,-) 
  fopt3755/Y             -       A->Y   R     CLKINVX6       3 17.1    25    19     780    (-,-) 
  fopt2/Y                -       A->Y   F     CLKINVX12      1 50.0    39    28     809    (-,-) 
  R[13]                  -       -      F     (port)         -    -     -     0     809    (-,-) 
#------------------------------------------------------------------------------------------------



Path 4: VIOLATED (-57 ps) Late External Delay Assertion at pin R[10]
          Group: vclk
     Startpoint: (F) B[0]
          Clock: (R) vclk
       Endpoint: (F) R[10]
          Clock: (R) vclk

                     Capture       Launch     
        Clock Edge:+    1000            0     
        Drv Adjust:+       0            0     
       Src Latency:+       0            0     
       Net Latency:+       0 (I)        0 (I) 
           Arrival:=    1000            0     
                                              
      Output Delay:-     200                  
       Uncertainty:-      50                  
     Required Time:=     750                  
      Launch Clock:-       0                  
       Input Delay:-     200                  
         Data Path:-     607                  
             Slack:=     -57                  

Exceptions/Constraints:
  input_delay              200             acbam_Fixed8.sdc_line_14_15_1 
  output_delay             200             acbam_Fixed8.sdc_line_15_25_1 

#------------------------------------------------------------------------------------------------------
#        Timing Point          Flags    Arc   Edge   Cell     Fanout Load Trans Delay Arrival Instance 
#                                                                    (fF)  (ps)  (ps)   (ps)  Location 
#------------------------------------------------------------------------------------------------------
  B[0]                         -       -      F     (arrival)     12 13.0     0     0     200    (-,-) 
  g241/Y                       -       A->Y   R     NOR2X8         8  4.5    13    15     215    (-,-) 
  g124/Y                       -       A->Y   F     INVX1          1  0.8     8    11     226    (-,-) 
  g3992/Y                      -       B->Y   R     NAND2X2        1  1.9    10    10     236    (-,-) 
  g3991/Y                      -       B->Y   F     NAND2X4        1  2.5    16    15     252    (-,-) 
  g4042/Y                      -       B->Y   R     NAND2X6        7  4.0    12    11     263    (-,-) 
  m_uint/m_core/g14690__4733/Y -       B->Y   F     NAND2X1        2  0.5    14    14     277    (-,-) 
  m_uint/m_core/g26/Y          -       B->Y   F     OR2XL          1  0.8    12    26     302    (-,-) 
  m_uint/m_core/g1402/Y        -       B->Y   R     NAND2X2        8  3.4    18    14     316    (-,-) 
  m_uint/m_core/g16512/Y       -       A1->Y  F     AOI21X2        3  0.9    19    20     337    (-,-) 
  m_uint/m_core/g224/Y         -       A1->Y  R     AOI21X1        2  0.9    22    22     358    (-,-) 
  m_uint/m_core/fopt16826/Y    -       A->Y   R     CLKBUFX2       1  0.6     6    22     381    (-,-) 
  m_uint/m_core/g172/Y         -       S0->Y  R     MXI2XL         2  0.6    26    22     403    (-,-) 
  m_uint/m_core/g15887/Y       -       AN->Y  R     NOR2BXL        1  0.3    14    22     426    (-,-) 
  m_uint/m_core/g16429/Y       -       A1N->Y R     AOI2BB1X1      2  1.1    21    26     452    (-,-) 
  m_uint/m_core/g477/Y         -       A1->Y  F     OAI21X1        2  0.9    22    22     474    (-,-) 
  m_uint/m_core/g471/Y         -       S0->Y  F     MXI2X1         1  0.5    21    25     499    (-,-) 
  m_uint/m_core/g470/Y         -       S0->Y  F     MXI2XL         2  0.6    25    25     523    (-,-) 
  m_uint/m_core/g16764/Y       -       B->Y   R     NOR2X1         3  0.9    20    21     544    (-,-) 
  m_uint/m_core/g590/Y         -       A1N->Y R     AOI2BB1X1      2  0.8    18    25     569    (-,-) 
  m_uint/m_core/g589/Y         -       A->Y   F     NAND2X1        2  0.7    16    19     587    (-,-) 
  m_uint/m_core/g16761/Y       -       A1N->Y F     OAI2BB1XL      2  0.5    17    23     610    (-,-) 
  g74/Y                        -       B->Y   R     NOR2XL         1  0.5    18    18     628    (-,-) 
  g70/Y                        -       B->Y   F     NAND2X1        3  0.7    17    18     646    (-,-) 
  g129/Y                       -       B->Y   R     NAND2XL        1  0.6    12    13     659    (-,-) 
  g4020/Y                      -       B->Y   F     XNOR2XL        1  0.4     8    28     686    (-,-) 
  fopt4298/Y                   -       A->Y   R     INVX1          2  1.2    10    10     697    (-,-) 
  fopt4310/Y                   -       A->Y   F     INVXL          3  0.9    12    12     709    (-,-) 
  g71/Y                        -       AN->Y  F     NOR2BXL        1  0.5    11    18     727    (-,-) 
  g3917/Y                      -       B->Y   R     XNOR2X2        1  5.7    26    52     779    (-,-) 
  g3916/Y                      -       A->Y   F     CLKINVX12      1 50.0    39    28     807    (-,-) 
  R[10]                        -       -      F     (port)         -    -     -     0     807    (-,-) 
#------------------------------------------------------------------------------------------------------



Path 5: VIOLATED (-55 ps) Late External Delay Assertion at pin R[14]
          Group: vclk
     Startpoint: (R) B[7]
          Clock: (R) vclk
       Endpoint: (F) R[14]
          Clock: (R) vclk

                     Capture       Launch     
        Clock Edge:+    1000            0     
        Drv Adjust:+       0            0     
       Src Latency:+       0            0     
       Net Latency:+       0 (I)        0 (I) 
           Arrival:=    1000            0     
                                              
      Output Delay:-     200                  
       Uncertainty:-      50                  
     Required Time:=     750                  
      Launch Clock:-       0                  
       Input Delay:-     200                  
         Data Path:-     605                  
             Slack:=     -55                  

Exceptions/Constraints:
  input_delay              200             acbam_Fixed8.sdc_line_14_8_1  
  output_delay             200             acbam_Fixed8.sdc_line_15_21_1 

#------------------------------------------------------------------------------------------------
#     Timing Point       Flags    Arc   Edge   Cell     Fanout Load Trans Delay Arrival Instance 
#                                                              (fF)  (ps)  (ps)   (ps)  Location 
#------------------------------------------------------------------------------------------------
  B[7]                   -       -      R     (arrival)     11 11.2     0     0     200    (-,-) 
  g4100/Y                -       A->Y   F     NAND2X8        2  3.4    13    14     214    (-,-) 
  g2695__1881/Y          -       B->Y   R     NAND2X4        1  1.9     8    10     224    (-,-) 
  g4099/Y                -       B0->Y  F     OAI21X4        8  2.4    20    19     242    (-,-) 
  m_uint/m_core/g29/Y    -       A->Y   R     INVXL          1  0.5    10    13     255    (-,-) 
  m_uint/m_core/g28/Y    -       A->Y   F     NAND2X1        1  0.8    17    17     272    (-,-) 
  m_uint/m_core/g27/Y    -       B0->Y  R     OAI21X2        3  3.2    32    15     287    (-,-) 
  m_uint/m_core/g16721/Y -       C->Y   F     NOR3BXL        1  0.4    12    18     305    (-,-) 
  m_uint/m_core/g16719/Y -       B0->Y  R     AOI21X1        6  2.0    36    27     332    (-,-) 
  m_uint/m_core/g154/Y   -       B->Y   F     NOR2XL         1  0.4    12    18     351    (-,-) 
  m_uint/m_core/g15875/Y -       B->Y   R     NAND2X1        1  0.5     9    10     361    (-,-) 
  m_uint/m_core/g16220/Y -       C0->Y  F     OAI211X1       3  1.0    38    30     391    (-,-) 
  m_uint/m_core/g293/Y   -       B->Y   R     NOR2XL         1  0.3    16    22     413    (-,-) 
  m_uint/m_core/g16433/Y -       A1N->Y R     AOI2BB1X1      3  0.9    19    25     438    (-,-) 
  m_uint/m_core/g16432/Y -       A->Y   F     INVXL          1  0.3     7    11     450    (-,-) 
  m_uint/m_core/g16431/Y -       A->Y   R     MXI2XL         1  0.6    27    22     472    (-,-) 
  m_uint/m_core/g16430/Y -       S0->Y  R     MXI2XL         2  0.8    32    27     499    (-,-) 
  m_uint/m_core/g15817/Y -       B->Y   F     NOR2X1         3  1.1    15    18     517    (-,-) 
  m_uint/m_core/g15881/Y -       B->Y   R     NOR2X1         2  0.8    18    17     534    (-,-) 
  m_uint/m_core/g57/Y    -       A0->Y  F     AOI21X1        2  0.9    23    24     558    (-,-) 
  m_uint/m_core/g150/Y   -       A1->Y  R     OAI21X1        1  0.8    24    23     582    (-,-) 
  m_uint/m_core/g15636/Y -       S0->Y  R     MXI2X1         3  0.9    26    26     608    (-,-) 
  g74/Y                  -       A->Y   F     NOR2XL         1  0.4    12    17     625    (-,-) 
  g70/Y                  -       B->Y   R     NAND2X1        3  0.9    11    11     636    (-,-) 
  g129/Y                 -       B->Y   F     NAND2XL        1  0.5    17    16     652    (-,-) 
  g4020/Y                -       B->Y   R     XNOR2XL        1  0.5     9    33     685    (-,-) 
  fopt4298/Y             -       A->Y   F     INVX1          2  1.1    10    10     695    (-,-) 
  g77/Y                  -       A->Y   R     NOR3X2         2  1.2    27    26     721    (-,-) 
  g3558__7098_dup4022/Y  -       B->Y   F     XNOR2X1        2  2.6    21    40     762    (-,-) 
  g3751/Y                -       A->Y   F     BUFX12         1 50.0    39    43     805    (-,-) 
  R[14]                  -       -      F     (port)         -    -     -     0     805    (-,-) 
#------------------------------------------------------------------------------------------------



Path 6: VIOLATED (-55 ps) Late External Delay Assertion at pin R[15]
          Group: vclk
     Startpoint: (R) B[7]
          Clock: (R) vclk
       Endpoint: (F) R[15]
          Clock: (R) vclk

                     Capture       Launch     
        Clock Edge:+    1000            0     
        Drv Adjust:+       0            0     
       Src Latency:+       0            0     
       Net Latency:+       0 (I)        0 (I) 
           Arrival:=    1000            0     
                                              
      Output Delay:-     200                  
       Uncertainty:-      50                  
     Required Time:=     750                  
      Launch Clock:-       0                  
       Input Delay:-     200                  
         Data Path:-     605                  
             Slack:=     -55                  

Exceptions/Constraints:
  input_delay              200             acbam_Fixed8.sdc_line_14_8_1 
  output_delay             200             acbam_Fixed8.sdc_line_15     

#------------------------------------------------------------------------------------------------
#     Timing Point       Flags    Arc   Edge   Cell     Fanout Load Trans Delay Arrival Instance 
#                                                              (fF)  (ps)  (ps)   (ps)  Location 
#------------------------------------------------------------------------------------------------
  B[7]                   -       -      R     (arrival)     11 11.2     0     0     200    (-,-) 
  g4100/Y                -       A->Y   F     NAND2X8        2  3.4    13    14     214    (-,-) 
  g2695__1881/Y          -       B->Y   R     NAND2X4        1  1.9     8    10     224    (-,-) 
  g4099/Y                -       B0->Y  F     OAI21X4        8  2.4    20    19     242    (-,-) 
  m_uint/m_core/g29/Y    -       A->Y   R     INVXL          1  0.5    10    13     255    (-,-) 
  m_uint/m_core/g28/Y    -       A->Y   F     NAND2X1        1  0.8    17    17     272    (-,-) 
  m_uint/m_core/g27/Y    -       B0->Y  R     OAI21X2        3  3.2    32    15     287    (-,-) 
  m_uint/m_core/g16721/Y -       C->Y   F     NOR3BXL        1  0.4    12    18     305    (-,-) 
  m_uint/m_core/g16719/Y -       B0->Y  R     AOI21X1        6  2.0    36    27     332    (-,-) 
  m_uint/m_core/g154/Y   -       B->Y   F     NOR2XL         1  0.4    12    18     351    (-,-) 
  m_uint/m_core/g15875/Y -       B->Y   R     NAND2X1        1  0.5     9    10     361    (-,-) 
  m_uint/m_core/g16220/Y -       C0->Y  F     OAI211X1       3  1.0    38    30     391    (-,-) 
  m_uint/m_core/g293/Y   -       B->Y   R     NOR2XL         1  0.3    16    22     413    (-,-) 
  m_uint/m_core/g16433/Y -       A1N->Y R     AOI2BB1X1      3  0.9    19    25     438    (-,-) 
  m_uint/m_core/g16432/Y -       A->Y   F     INVXL          1  0.3     7    11     450    (-,-) 
  m_uint/m_core/g16431/Y -       A->Y   R     MXI2XL         1  0.6    27    22     472    (-,-) 
  m_uint/m_core/g16430/Y -       S0->Y  R     MXI2XL         2  0.8    32    27     499    (-,-) 
  m_uint/m_core/g15817/Y -       B->Y   F     NOR2X1         3  1.1    15    18     517    (-,-) 
  m_uint/m_core/g15881/Y -       B->Y   R     NOR2X1         2  0.8    18    17     534    (-,-) 
  m_uint/m_core/g57/Y    -       A0->Y  F     AOI21X1        2  0.9    23    24     558    (-,-) 
  m_uint/m_core/g150/Y   -       A1->Y  R     OAI21X1        1  0.8    24    23     582    (-,-) 
  m_uint/m_core/g15636/Y -       S0->Y  R     MXI2X1         3  0.9    26    26     608    (-,-) 
  g74/Y                  -       A->Y   F     NOR2XL         1  0.4    12    17     625    (-,-) 
  g70/Y                  -       B->Y   R     NAND2X1        3  0.9    11    11     636    (-,-) 
  g129/Y                 -       B->Y   F     NAND2XL        1  0.5    17    16     652    (-,-) 
  g4020/Y                -       B->Y   R     XNOR2XL        1  0.5     9    33     685    (-,-) 
  fopt4298/Y             -       A->Y   F     INVX1          2  1.1    10    10     695    (-,-) 
  g77/Y                  -       A->Y   R     NOR3X2         2  1.2    27    26     721    (-,-) 
  g3558__7098_dup4022/Y  -       B->Y   F     XNOR2X1        2  2.6    21    40     762    (-,-) 
  g3752/Y                -       A->Y   F     BUFX12         1 50.0    39    43     805    (-,-) 
  R[15]                  -       -      F     (port)         -    -     -     0     805    (-,-) 
#------------------------------------------------------------------------------------------------



Path 7: VIOLATED (-39 ps) Late External Delay Assertion at pin R[9]
          Group: vclk
     Startpoint: (F) B[0]
          Clock: (R) vclk
       Endpoint: (R) R[9]
          Clock: (R) vclk

                     Capture       Launch     
        Clock Edge:+    1000            0     
        Drv Adjust:+       0            0     
       Src Latency:+       0            0     
       Net Latency:+       0 (I)        0 (I) 
           Arrival:=    1000            0     
                                              
      Output Delay:-     200                  
       Uncertainty:-      50                  
     Required Time:=     750                  
      Launch Clock:-       0                  
       Input Delay:-     200                  
         Data Path:-     589                  
             Slack:=     -39                  

Exceptions/Constraints:
  input_delay              200             acbam_Fixed8.sdc_line_14_15_1 
  output_delay             200             acbam_Fixed8.sdc_line_15_26_1 

#-----------------------------------------------------------------------------------------------------
#        Timing Point          Flags   Arc   Edge   Cell     Fanout Load Trans Delay Arrival Instance 
#                                                                   (fF)  (ps)  (ps)   (ps)  Location 
#-----------------------------------------------------------------------------------------------------
  B[0]                         -       -     F     (arrival)     12 13.0     0     0     200    (-,-) 
  g241/Y                       -       A->Y  R     NOR2X8         8  4.5    13    15     215    (-,-) 
  g124/Y                       -       A->Y  F     INVX1          1  0.8     8    11     226    (-,-) 
  g3992/Y                      -       B->Y  R     NAND2X2        1  1.9    10    10     236    (-,-) 
  g3991/Y                      -       B->Y  F     NAND2X4        1  2.5    16    15     252    (-,-) 
  g4042/Y                      -       B->Y  R     NAND2X6        7  4.0    12    11     263    (-,-) 
  m_uint/m_core/g14690__4733/Y -       B->Y  F     NAND2X1        2  0.5    14    14     277    (-,-) 
  m_uint/m_core/g26/Y          -       B->Y  F     OR2XL          1  0.8    12    26     302    (-,-) 
  m_uint/m_core/g1402/Y        -       B->Y  R     NAND2X2        8  3.4    18    14     316    (-,-) 
  m_uint/m_core/g16512/Y       -       A1->Y F     AOI21X2        3  0.9    19    20     337    (-,-) 
  m_uint/m_core/g16511/Y       -       A->Y  R     XNOR2X1        3  1.8    16    48     384    (-,-) 
  m_uint/m_core/g505/Y         -       B->Y  R     XOR3XL         2  1.0    16    50     434    (-,-) 
  m_uint/m_core/fopt517/Y      -       A->Y  F     INVX1          2  0.7     8    11     445    (-,-) 
  m_uint/m_core/g16855/Y       -       A->Y  R     MXI2X1         2  0.6    22    20     465    (-,-) 
  m_uint/m_core/g480/Y         -       AN->Y R     NAND2BX1       1  0.9    12    21     486    (-,-) 
  m_uint/m_core/g1029/Y        -       B->Y  F     NAND2X2        3  1.3    16    15     501    (-,-) 
  m_uint/m_core/g47/Y          -       B->Y  R     NAND2X1        2  0.8    13    12     514    (-,-) 
  m_uint/m_core/g16336/Y       -       A0->Y F     AOI21X1        2  0.7    21    22     535    (-,-) 
  m_uint/m_core/g57/Y          -       B0->Y R     AOI21X1        2  1.1    25    24     559    (-,-) 
  m_uint/m_core/g150/Y         -       A1->Y F     OAI21X1        1  0.7    21    22     581    (-,-) 
  m_uint/m_core/g15636/Y       -       S0->Y F     MXI2X1         3  0.7    23    26     607    (-,-) 
  g3650__9945/Y                -       B->Y  R     NOR2XL         1  0.3    15    17     624    (-,-) 
  g300/Y                       -       A1->Y F     AOI21XL        1  0.5    22    21     645    (-,-) 
  g299/Y                       -       B->Y  R     XOR2XL         2  0.8    12    30     675    (-,-) 
  g298/Y                       -       A->Y  F     INVXL          3  0.9    12    13     688    (-,-) 
  g4311/Y                      -       A->Y  F     OR2XL          3  0.6     9    27     715    (-,-) 
  g4314/Y                      -       B->Y  F     OR2XL          1  0.8    11    25     740    (-,-) 
  g4313/Y                      -       B->Y  R     NAND2X2        1  1.9    14    11     751    (-,-) 
  g4312/Y                      -       A->Y  R     BUFX16         1 50.0    30    38     789    (-,-) 
  R[9]                         -       -     R     (port)         -    -     -     0     789    (-,-) 
#-----------------------------------------------------------------------------------------------------



Path 8: VIOLATED (-20 ps) Late External Delay Assertion at pin R[7]
          Group: vclk
     Startpoint: (R) A[3]
          Clock: (R) vclk
       Endpoint: (F) R[7]
          Clock: (R) vclk

                     Capture       Launch     
        Clock Edge:+    1000            0     
        Drv Adjust:+       0            0     
       Src Latency:+       0            0     
       Net Latency:+       0 (I)        0 (I) 
           Arrival:=    1000            0     
                                              
      Output Delay:-     200                  
       Uncertainty:-      50                  
     Required Time:=     750                  
      Launch Clock:-       0                  
       Input Delay:-     200                  
         Data Path:-     570                  
             Slack:=     -20                  

Exceptions/Constraints:
  input_delay              200             acbam_Fixed8.sdc_line_14_4_1  
  output_delay             200             acbam_Fixed8.sdc_line_15_28_1 

#------------------------------------------------------------------------------------------------
#     Timing Point       Flags    Arc   Edge   Cell     Fanout Load Trans Delay Arrival Instance 
#                                                              (fF)  (ps)  (ps)   (ps)  Location 
#------------------------------------------------------------------------------------------------
  A[3]                   -       -      R     (arrival)      5  3.7     0     0     200    (-,-) 
  g3906/Y                -       A->Y   F     NOR2X1         1  0.4     6     8     208    (-,-) 
  g224/Y                 -       A->Y   R     NAND2X1        2  0.8    10    11     218    (-,-) 
  g48/Y                  -       A1N->Y R     OAI2BB1X1      1  1.9    18    31     250    (-,-) 
  g47/Y                  -       B->Y   F     NAND2X4       10  2.9    19    18     267    (-,-) 
  m_uint/m_core/g794/Y   -       B->Y   R     NAND2X1        3  1.3    14    15     282    (-,-) 
  m_uint/m_core/g132/Y   -       B->Y   F     NAND2XL        1  0.5    17    17     299    (-,-) 
  m_uint/m_core/g15316/Y -       A->Y   R     NOR2X1         2  0.6    15    18     317    (-,-) 
  m_uint/m_core/g16454/Y -       B->Y   F     NAND3XL        1  0.2    20    22     339    (-,-) 
  m_uint/m_core/g16035/Y -       B->Y   R     NAND2BXL       1  0.5    11    14     352    (-,-) 
  m_uint/m_core/g464/Y   -       B->Y   F     NOR2X1         2  0.6    12    10     362    (-,-) 
  m_uint/m_core/g16038/Y -       B->Y   R     NOR2BX1        3  1.1    21    18     380    (-,-) 
  m_uint/m_core/g16478/Y -       B->Y   F     NAND2BXL       1  0.4    16    18     398    (-,-) 
  m_uint/m_core/g16477/Y -       B0->Y  R     OAI21X1        3  1.2    27    14     412    (-,-) 
  m_uint/m_core/g86/Y    -       A1N->Y R     AOI2BB1XL      1  0.3    14    21     433    (-,-) 
  m_uint/m_core/g15939/Y -       B->Y   F     NAND2XL        2  0.5    17    16     449    (-,-) 
  m_uint/m_core/g15784/Y -       A->Y   R     INVXL          2  0.6    11    13     462    (-,-) 
  m_uint/m_core/g54/Y    -       B->Y   F     NOR2XL         1  0.4     9    10     472    (-,-) 
  m_uint/m_core/g16465/Y -       B0->Y  R     AOI21X1        1  0.5    16    15     487    (-,-) 
  m_uint/m_core/g16464/Y -       A->Y   F     NAND2X1        2  0.5    14    17     504    (-,-) 
  m_uint/m_core/g16201/Y -       A->Y   R     NAND2XL        1  0.6    13    14     518    (-,-) 
  m_uint/m_core/g16200/Y -       B->Y   F     XNOR2XL        3  0.9    13    31     548    (-,-) 
  g4033/Y                -       AN->Y  F     NAND2BXL       1  0.4    15    22     570    (-,-) 
  g228/Y                 -       B->Y   R     NOR2X1         2  0.6    15    16     586    (-,-) 
  g227/Y                 -       A->Y   F     INVXL          2  0.4     8    11     596    (-,-) 
  g225/Y                 -       B->Y   R     NOR2XL         2  0.6    20    16     612    (-,-) 
  g4061/Y                -       A1N->Y R     OAI2BB1XL      1  0.8    15    27     639    (-,-) 
  g4059/Y                -       S0->Y  R     MXI2X1         2  0.8    24    24     663    (-,-) 
  g4063/Y                -       A->Y   F     INVXL          2  0.7    12    16     679    (-,-) 
  g4062/Y                -       A->Y   R     CLKXOR2X1      1  3.8    29    54     733    (-,-) 
  g4057/Y                -       A->Y   F     CLKINVX8       1 50.0    55    37     770    (-,-) 
  R[7]                   -       -      F     (port)         -    -     -     0     770    (-,-) 
#------------------------------------------------------------------------------------------------



Path 9: VIOLATED (-17 ps) Late External Delay Assertion at pin R[8]
          Group: vclk
     Startpoint: (R) B[7]
          Clock: (R) vclk
       Endpoint: (R) R[8]
          Clock: (R) vclk

                     Capture       Launch     
        Clock Edge:+    1000            0     
        Drv Adjust:+       0            0     
       Src Latency:+       0            0     
       Net Latency:+       0 (I)        0 (I) 
           Arrival:=    1000            0     
                                              
      Output Delay:-     200                  
       Uncertainty:-      50                  
     Required Time:=     750                  
      Launch Clock:-       0                  
       Input Delay:-     200                  
         Data Path:-     567                  
             Slack:=     -17                  

Exceptions/Constraints:
  input_delay              200             acbam_Fixed8.sdc_line_14_8_1  
  output_delay             200             acbam_Fixed8.sdc_line_15_27_1 

#------------------------------------------------------------------------------------------------
#     Timing Point       Flags    Arc   Edge   Cell     Fanout Load Trans Delay Arrival Instance 
#                                                              (fF)  (ps)  (ps)   (ps)  Location 
#------------------------------------------------------------------------------------------------
  B[7]                   -       -      R     (arrival)     11 11.2     0     0     200    (-,-) 
  g4100/Y                -       A->Y   F     NAND2X8        2  3.4    13    14     214    (-,-) 
  g2695__1881/Y          -       B->Y   R     NAND2X4        1  1.9     8    10     224    (-,-) 
  g4099/Y                -       B0->Y  F     OAI21X4        8  2.4    20    19     242    (-,-) 
  m_uint/m_core/g29/Y    -       A->Y   R     INVXL          1  0.5    10    13     255    (-,-) 
  m_uint/m_core/g28/Y    -       A->Y   F     NAND2X1        1  0.8    17    17     272    (-,-) 
  m_uint/m_core/g27/Y    -       B0->Y  R     OAI21X2        3  3.2    32    15     287    (-,-) 
  m_uint/m_core/g16721/Y -       C->Y   F     NOR3BXL        1  0.4    12    18     305    (-,-) 
  m_uint/m_core/g16719/Y -       B0->Y  R     AOI21X1        6  2.0    36    27     332    (-,-) 
  m_uint/m_core/g154/Y   -       B->Y   F     NOR2XL         1  0.4    12    18     351    (-,-) 
  m_uint/m_core/g15875/Y -       B->Y   R     NAND2X1        1  0.5     9    10     361    (-,-) 
  m_uint/m_core/g16220/Y -       C0->Y  F     OAI211X1       3  1.0    38    30     391    (-,-) 
  m_uint/m_core/g293/Y   -       B->Y   R     NOR2XL         1  0.3    16    22     413    (-,-) 
  m_uint/m_core/g16433/Y -       A1N->Y R     AOI2BB1X1      3  0.9    19    25     438    (-,-) 
  m_uint/m_core/g16432/Y -       A->Y   F     INVXL          1  0.3     7    11     450    (-,-) 
  m_uint/m_core/g16431/Y -       A->Y   R     MXI2XL         1  0.6    27    22     472    (-,-) 
  m_uint/m_core/g16430/Y -       S0->Y  R     MXI2XL         2  0.8    32    27     499    (-,-) 
  m_uint/m_core/g15817/Y -       B->Y   F     NOR2X1         3  1.1    15    18     517    (-,-) 
  m_uint/m_core/g15881/Y -       B->Y   R     NOR2X1         2  0.8    18    17     534    (-,-) 
  m_uint/m_core/g57/Y    -       A0->Y  F     AOI21X1        2  0.9    23    24     558    (-,-) 
  m_uint/m_core/g150/Y   -       A1->Y  R     OAI21X1        1  0.8    24    23     582    (-,-) 
  m_uint/m_core/g15636/Y -       S0->Y  R     MXI2X1         3  0.9    26    26     608    (-,-) 
  g3650__9945/Y          -       B->Y   F     NOR2XL         1  0.3     9    14     622    (-,-) 
  g300/Y                 -       A1->Y  R     AOI21XL        1  0.6    24    20     642    (-,-) 
  g299/Y                 -       B->Y   F     XOR2XL         2  0.6    10    36     678    (-,-) 
  g298/Y                 -       A->Y   R     INVXL          3  0.9    13    12     690    (-,-) 
  g32/Y                  -       A->Y   F     NOR2XL         1  0.4    10    12     702    (-,-) 
  g30/Y                  -       AN->Y  F     NAND2BX4       1  5.0    28    37     739    (-,-) 
  fopt/Y                 -       A->Y   R     CLKINVX12      1 50.0    36    28     767    (-,-) 
  R[8]                   -       -      R     (port)         -    -     -     0     767    (-,-) 
#------------------------------------------------------------------------------------------------



Path 10: VIOLATED (-1 ps) Late External Delay Assertion at pin R[6]
          Group: vclk
     Startpoint: (R) A[3]
          Clock: (R) vclk
       Endpoint: (R) R[6]
          Clock: (R) vclk

                     Capture       Launch     
        Clock Edge:+    1000            0     
        Drv Adjust:+       0            0     
       Src Latency:+       0            0     
       Net Latency:+       0 (I)        0 (I) 
           Arrival:=    1000            0     
                                              
      Output Delay:-     200                  
       Uncertainty:-      50                  
     Required Time:=     750                  
      Launch Clock:-       0                  
       Input Delay:-     200                  
         Data Path:-     551                  
             Slack:=      -1                  

Exceptions/Constraints:
  input_delay              200             acbam_Fixed8.sdc_line_14_4_1  
  output_delay             200             acbam_Fixed8.sdc_line_15_29_1 

#------------------------------------------------------------------------------------------------
#     Timing Point       Flags    Arc   Edge   Cell     Fanout Load Trans Delay Arrival Instance 
#                                                              (fF)  (ps)  (ps)   (ps)  Location 
#------------------------------------------------------------------------------------------------
  A[3]                   -       -      R     (arrival)      5  3.7     0     0     200    (-,-) 
  g3906/Y                -       A->Y   F     NOR2X1         1  0.4     6     8     208    (-,-) 
  g224/Y                 -       A->Y   R     NAND2X1        2  0.8    10    11     218    (-,-) 
  g48/Y                  -       A1N->Y R     OAI2BB1X1      1  1.9    18    31     250    (-,-) 
  g47/Y                  -       B->Y   F     NAND2X4       10  2.9    19    18     267    (-,-) 
  m_uint/m_core/g794/Y   -       B->Y   R     NAND2X1        3  1.3    14    15     282    (-,-) 
  m_uint/m_core/g132/Y   -       B->Y   F     NAND2XL        1  0.5    17    17     299    (-,-) 
  m_uint/m_core/g15316/Y -       A->Y   R     NOR2X1         2  0.6    15    18     317    (-,-) 
  m_uint/m_core/g16454/Y -       B->Y   F     NAND3XL        1  0.2    20    22     339    (-,-) 
  m_uint/m_core/g16035/Y -       B->Y   R     NAND2BXL       1  0.5    11    14     352    (-,-) 
  m_uint/m_core/g464/Y   -       B->Y   F     NOR2X1         2  0.6    12    10     362    (-,-) 
  m_uint/m_core/g16038/Y -       B->Y   R     NOR2BX1        3  1.1    21    18     380    (-,-) 
  m_uint/m_core/g16478/Y -       B->Y   F     NAND2BXL       1  0.4    16    18     398    (-,-) 
  m_uint/m_core/g16477/Y -       B0->Y  R     OAI21X1        3  1.2    27    14     412    (-,-) 
  m_uint/m_core/g86/Y    -       A1N->Y R     AOI2BB1XL      1  0.3    14    21     433    (-,-) 
  m_uint/m_core/g15939/Y -       B->Y   F     NAND2XL        2  0.5    17    16     449    (-,-) 
  m_uint/m_core/g15784/Y -       A->Y   R     INVXL          2  0.6    11    13     462    (-,-) 
  m_uint/m_core/g54/Y    -       B->Y   F     NOR2XL         1  0.4     9    10     472    (-,-) 
  m_uint/m_core/g16465/Y -       B0->Y  R     AOI21X1        1  0.5    16    15     487    (-,-) 
  m_uint/m_core/g16464/Y -       A->Y   F     NAND2X1        2  0.5    14    17     504    (-,-) 
  m_uint/m_core/g16201/Y -       A->Y   R     NAND2XL        1  0.6    13    14     518    (-,-) 
  m_uint/m_core/g16200/Y -       B->Y   F     XNOR2XL        3  0.9    13    31     548    (-,-) 
  g4033/Y                -       AN->Y  F     NAND2BXL       1  0.4    15    22     570    (-,-) 
  g228/Y                 -       B->Y   R     NOR2X1         2  0.6    15    16     586    (-,-) 
  g227/Y                 -       A->Y   F     INVXL          2  0.4     8    11     596    (-,-) 
  g4442/Y                -       A1N->Y F     AOI2BB1X1      2  1.0    13    29     626    (-,-) 
  g105/Y                 -       A->Y   R     XNOR2X1        2  0.8     9    43     669    (-,-) 
  g4296/Y                -       A->Y   F     INVX1          2  2.1    16    14     683    (-,-) 
  g22/Y                  -       A->Y   R     INVX1          1  1.9    17    16     699    (-,-) 
  g4294/Y                -       B1->Y  F     AOI22X4        1  5.0    39    23     721    (-,-) 
  g4293/Y                -       A->Y   R     CLKINVX12      1 50.0    38    29     751    (-,-) 
  R[6]                   -       -      R     (port)         -    -     -     0     751    (-,-) 
#------------------------------------------------------------------------------------------------



Path 11: MET (2 ps) Late External Delay Assertion at pin R[3]
          Group: vclk
     Startpoint: (R) B[7]
          Clock: (R) vclk
       Endpoint: (R) R[3]
          Clock: (R) vclk

                     Capture       Launch     
        Clock Edge:+    1000            0     
        Drv Adjust:+       0            0     
       Src Latency:+       0            0     
       Net Latency:+       0 (I)        0 (I) 
           Arrival:=    1000            0     
                                              
      Output Delay:-     200                  
       Uncertainty:-      50                  
     Required Time:=     750                  
      Launch Clock:-       0                  
       Input Delay:-     200                  
         Data Path:-     548                  
             Slack:=       2                  

Exceptions/Constraints:
  input_delay              200             acbam_Fixed8.sdc_line_14_8_1  
  output_delay             200             acbam_Fixed8.sdc_line_15_32_1 

#----------------------------------------------------------------------------------------------------------------------------------
#                      Timing Point                        Flags    Arc   Edge   Cell     Fanout Load Trans Delay Arrival Instance 
#                                                                                                (fF)  (ps)  (ps)   (ps)  Location 
#----------------------------------------------------------------------------------------------------------------------------------
  B[7]                                                     -       -      R     (arrival)     11 11.2     0     0     200    (-,-) 
  g4100/Y                                                  -       A->Y   F     NAND2X8        2  3.4    13    14     214    (-,-) 
  g2695__1881/Y                                            -       B->Y   R     NAND2X4        1  1.9     8    10     224    (-,-) 
  g4099/Y                                                  -       B0->Y  F     OAI21X4        8  2.4    20    19     242    (-,-) 
  m_uint/m_core/g16382/Y                                   -       A->Y   R     INVX2          1  1.0     8    11     253    (-,-) 
  m_uint/m_core/g16380/Y                                   -       B->Y   F     NOR2X2         7  2.4    14    12     264    (-,-) 
  m_uint/m_core/g32/Y                                      -       A1->Y  R     AOI21X1        1  0.9    21    21     285    (-,-) 
  m_uint/m_core/g31/Y                                      -       C->Y   F     NAND3X2        1  0.8    24    22     307    (-,-) 
  m_uint/m_core/g16324/Y                                   -       B->Y   R     NOR2X2         5  1.5    19    18     326    (-,-) 
  m_uint/m_core/g71/Y                                      -       A1->Y  F     AOI21XL        1  0.3    18    20     346    (-,-) 
  m_uint/m_core/g16816/Y                                   -       A1N->Y F     OAI2BB1X1      2  1.2    22    29     375    (-,-) 
  m_uint/m_core/g16438/Y                                   -       A->Y   F     OR2XL          1  0.4     7    27     402    (-,-) 
  m_uint/m_core/g30/Y                                      -       B->Y   R     NAND2X1        2  1.1    14    11     413    (-,-) 
  m_uint/m_core/g16326/Y                                   -       C->Y   F     XOR3XL         3  0.6    10    34     447    (-,-) 
  m_uint/m_core/g532/Y                                     -       A->Y   R     INVXL          1  0.6    10    10     457    (-,-) 
  m_uint/m_core/g529/Y                                     -       S0->Y  R     MXI2XL         1  0.6    26    23     480    (-,-) 
  m_uint/m_core/WALLACE_CSA_DUMMY_OP7_groupi_g2327__6161/Y -       B->Y   F     XNOR2X1        2  1.3    13    36     516    (-,-) 
  g49/Y                                                    -       B->Y   R     NOR2X2         3  0.9    13    13     529    (-,-) 
  g119_0/Y                                                 -       AN->Y  R     NOR2BXL        1  0.5    18    23     553    (-,-) 
  g87/Y                                                    -       B->Y   F     NOR2X1         1  0.5    10    12     564    (-,-) 
  g4435/Y                                                  -       B->Y   R     XNOR2XL        2  1.2    17    37     601    (-,-) 
  g3923/Y                                                  -       A->Y   F     INVXL          1  0.5     9    12     613    (-,-) 
  g114/Y                                                   -       B->Y   R     XNOR2X2        1 50.0   176   135     748    (-,-) 
  R[3]                                                     -       -      R     (port)         -    -     -     0     748    (-,-) 
#----------------------------------------------------------------------------------------------------------------------------------



Path 12: MET (10 ps) Late External Delay Assertion at pin R[5]
          Group: vclk
     Startpoint: (R) B[7]
          Clock: (R) vclk
       Endpoint: (R) R[5]
          Clock: (R) vclk

                     Capture       Launch     
        Clock Edge:+    1000            0     
        Drv Adjust:+       0            0     
       Src Latency:+       0            0     
       Net Latency:+       0 (I)        0 (I) 
           Arrival:=    1000            0     
                                              
      Output Delay:-     200                  
       Uncertainty:-      50                  
     Required Time:=     750                  
      Launch Clock:-       0                  
       Input Delay:-     200                  
         Data Path:-     540                  
             Slack:=      10                  

Exceptions/Constraints:
  input_delay              200             acbam_Fixed8.sdc_line_14_8_1  
  output_delay             200             acbam_Fixed8.sdc_line_15_30_1 

#------------------------------------------------------------------------------------------------
#      Timing Point       Flags   Arc   Edge   Cell     Fanout Load Trans Delay Arrival Instance 
#                                                              (fF)  (ps)  (ps)   (ps)  Location 
#------------------------------------------------------------------------------------------------
  B[7]                    -       -     R     (arrival)     11 11.2     0     0     200    (-,-) 
  g4100/Y                 -       A->Y  F     NAND2X8        2  3.4    13    14     214    (-,-) 
  g2695__1881/Y           -       B->Y  R     NAND2X4        1  1.9     8    10     224    (-,-) 
  g4099/Y                 -       B0->Y F     OAI21X4        8  2.4    20    19     242    (-,-) 
  m_uint/m_core/g24/Y     -       A->Y  F     AND2X1         3  1.0    10    22     264    (-,-) 
  m_uint/m_core/g15427/Y  -       B->Y  R     NOR2X1         2  0.8    17    15     279    (-,-) 
  m_uint/m_core/g16401/Y  -       B->Y  F     NAND2X1        1  0.4    13    15     294    (-,-) 
  m_uint/m_core/g16399/Y  -       B->Y  R     NOR2X1         2  0.6    15    15     309    (-,-) 
  m_uint/m_core/g854/Y    -       B->Y  F     NAND2XL        1  0.5    17    17     326    (-,-) 
  m_uint/m_core/g844/Y    -       B->Y  R     XOR2XL         1  0.9    14    30     356    (-,-) 
  m_uint/m_core/g843/Y    -       A1->Y F     AOI21X2        3  1.4    21    21     376    (-,-) 
  m_uint/m_core/g842/Y    -       S0->Y F     MXI2X1         2  1.0    26    28     404    (-,-) 
  m_uint/m_core/g1611_0/Y -       B->Y  R     XNOR2XL        1  0.3     7    33     437    (-,-) 
  m_uint/m_core/g15775/Y  -       B->Y  F     NAND2XL        1  0.4    14    13     450    (-,-) 
  m_uint/m_core/g1604/Y   -       A->Y  R     NAND2X1        2  0.8    12    13     463    (-,-) 
  m_uint/m_core/g15432/Y  -       A1->Y F     AOI21X1        2  0.6    19    19     482    (-,-) 
  m_uint/m_core/g16269/Y  -       A1->Y R     OAI21X1        2  0.8    23    22     504    (-,-) 
  m_uint/m_core/g1030/Y   -       B->Y  F     NAND2X1        1  0.8    18    20     524    (-,-) 
  m_uint/m_core/g59/Y     -       B->Y  R     NAND2X2        4  1.9    12    13     537    (-,-) 
  m_uint/m_core/g16895/Y  -       B->Y  F     NAND2BX1       2  0.5    14    14     551    (-,-) 
  m_uint/m_core/g16360/Y  -       B->Y  R     NAND2XL        1  0.3     8    10     562    (-,-) 
  m_uint/m_core/g16358/Y  -       B->Y  F     NAND2XL        1  0.4    14    14     575    (-,-) 
  m_uint/m_core/g16356/Y  -       B->Y  R     NAND2X1        4  1.2    16    13     588    (-,-) 
  g3606__6161/Y           -       A->Y  F     XNOR2X1        2  1.0    11    46     635    (-,-) 
  g3603/Y                 -       A->Y  R     INVXL          2  0.6    10    11     645    (-,-) 
  g3602/Y                 -       A->Y  F     INVXL          1  0.3     6     8     654    (-,-) 
  g3567__9315/Y           -       B->Y  R     MXI2X6         1 50.0    63    87     740    (-,-) 
  R[5]                    -       -     R     (port)         -    -     -     0     740    (-,-) 
#------------------------------------------------------------------------------------------------



Path 13: MET (11 ps) Late External Delay Assertion at pin R[4]
          Group: vclk
     Startpoint: (R) B[7]
          Clock: (R) vclk
       Endpoint: (F) R[4]
          Clock: (R) vclk

                     Capture       Launch     
        Clock Edge:+    1000            0     
        Drv Adjust:+       0            0     
       Src Latency:+       0            0     
       Net Latency:+       0 (I)        0 (I) 
           Arrival:=    1000            0     
                                              
      Output Delay:-     200                  
       Uncertainty:-      50                  
     Required Time:=     750                  
      Launch Clock:-       0                  
       Input Delay:-     200                  
         Data Path:-     539                  
             Slack:=      11                  

Exceptions/Constraints:
  input_delay              200             acbam_Fixed8.sdc_line_14_8_1  
  output_delay             200             acbam_Fixed8.sdc_line_15_31_1 

#----------------------------------------------------------------------------------------------------------------------------------
#                      Timing Point                        Flags    Arc   Edge   Cell     Fanout Load Trans Delay Arrival Instance 
#                                                                                                (fF)  (ps)  (ps)   (ps)  Location 
#----------------------------------------------------------------------------------------------------------------------------------
  B[7]                                                     -       -      R     (arrival)     11 11.2     0     0     200    (-,-) 
  g4100/Y                                                  -       A->Y   F     NAND2X8        2  3.4    13    14     214    (-,-) 
  g2695__1881/Y                                            -       B->Y   R     NAND2X4        1  1.9     8    10     224    (-,-) 
  g4099/Y                                                  -       B0->Y  F     OAI21X4        8  2.4    20    19     242    (-,-) 
  m_uint/m_core/g16382/Y                                   -       A->Y   R     INVX2          1  1.0     8    11     253    (-,-) 
  m_uint/m_core/g16380/Y                                   -       B->Y   F     NOR2X2         7  2.4    14    12     264    (-,-) 
  m_uint/m_core/g32/Y                                      -       A1->Y  R     AOI21X1        1  0.9    21    21     285    (-,-) 
  m_uint/m_core/g31/Y                                      -       C->Y   F     NAND3X2        1  0.8    24    22     307    (-,-) 
  m_uint/m_core/g16324/Y                                   -       B->Y   R     NOR2X2         5  1.5    19    18     326    (-,-) 
  m_uint/m_core/g71/Y                                      -       A1->Y  F     AOI21XL        1  0.3    18    20     346    (-,-) 
  m_uint/m_core/g16816/Y                                   -       A1N->Y F     OAI2BB1X1      2  1.2    22    29     375    (-,-) 
  m_uint/m_core/g16438/Y                                   -       A->Y   F     OR2XL          1  0.4     7    27     402    (-,-) 
  m_uint/m_core/g30/Y                                      -       B->Y   R     NAND2X1        2  1.1    14    11     413    (-,-) 
  m_uint/m_core/g16326/Y                                   -       C->Y   F     XOR3XL         3  0.6    10    34     447    (-,-) 
  m_uint/m_core/g532/Y                                     -       A->Y   R     INVXL          1  0.6    10    10     457    (-,-) 
  m_uint/m_core/g529/Y                                     -       S0->Y  R     MXI2XL         1  0.6    26    23     480    (-,-) 
  m_uint/m_core/WALLACE_CSA_DUMMY_OP7_groupi_g2327__6161/Y -       B->Y   F     XNOR2X1        2  1.3    13    36     516    (-,-) 
  g49/Y                                                    -       B->Y   R     NOR2X2         3  0.9    13    13     529    (-,-) 
  g4357/Y                                                  -       AN->Y  R     NOR2BX1        2  0.6    15    24     553    (-,-) 
  g76/Y                                                    -       A->Y   F     INVXL          1  0.2     5    10     563    (-,-) 
  g73/Y                                                    -       B->Y   R     NOR2XL         2  0.6    20    15     578    (-,-) 
  g4231/Y                                                  -       B->Y   F     NOR2XL         1  0.7    14    15     593    (-,-) 
  g63/Y                                                    -       S0->Y  F     MXI2X1         2  0.6    22    24     617    (-,-) 
  g62/Y                                                    -       A->Y   R     INVXL          2  0.6    12    14     631    (-,-) 
  g58/Y                                                    -       A->Y   F     XNOR2X4        1 50.0   106   108     739    (-,-) 
  R[4]                                                     -       -      F     (port)         -    -     -     0     739    (-,-) 
#----------------------------------------------------------------------------------------------------------------------------------



Path 14: MET (28 ps) Late External Delay Assertion at pin R[2]
          Group: vclk
     Startpoint: (R) Conf_Bit_Mask[5]
          Clock: (R) vclk
       Endpoint: (F) R[2]
          Clock: (R) vclk

                     Capture       Launch     
        Clock Edge:+    1000            0     
        Drv Adjust:+       0            0     
       Src Latency:+       0            0     
       Net Latency:+       0 (I)        0 (I) 
           Arrival:=    1000            0     
                                              
      Output Delay:-     200                  
       Uncertainty:-      50                  
     Required Time:=     750                  
      Launch Clock:-       0                  
       Input Delay:-     200                  
         Data Path:-     522                  
             Slack:=      28                  

Exceptions/Constraints:
  input_delay              200             acbam_Fixed8.sdc_line_14_16_1 
  output_delay             200             acbam_Fixed8.sdc_line_15_33_1 

#----------------------------------------------------------------------------------------------------------------------------------
#                      Timing Point                        Flags    Arc   Edge   Cell     Fanout Load Trans Delay Arrival Instance 
#                                                                                                (fF)  (ps)  (ps)   (ps)  Location 
#----------------------------------------------------------------------------------------------------------------------------------
  Conf_Bit_Mask[5]                                         -       -      R     (arrival)      4  2.3     0     0     200    (-,-) 
  m_uint/m_core/g1552/Y                                    -       A->Y   F     INVX1          1  0.4     3     5     205    (-,-) 
  m_uint/m_core/g16592/Y                                   -       B->Y   R     NAND2X1        1  1.0    10     9     214    (-,-) 
  m_uint/m_core/g16779/Y                                   -       A->Y   F     NAND2X2        5  1.6    18    18     232    (-,-) 
  m_uint/m_core/g16597/Y                                   -       S0->Y  F     MXI2X1         2  0.7    22    25     257    (-,-) 
  m_uint/m_core/g16793/Y                                   -       B->Y   R     NAND2X1        2  1.0    13    15     272    (-,-) 
  m_uint/m_core/g16652/Y                                   -       C->Y   F     NAND3BX1       1  0.4    22    19     292    (-,-) 
  m_uint/m_core/g859/Y                                     -       B->Y   R     NOR2X1         1  0.9    20    20     311    (-,-) 
  m_uint/m_core/g853/Y                                     -       A->Y   F     NOR2X2         4  1.6    13    15     326    (-,-) 
  m_uint/m_core/g71/Y                                      -       B0->Y  R     AOI21XL        1  0.3    17    17     343    (-,-) 
  m_uint/m_core/g16816/Y                                   -       A1N->Y R     OAI2BB1X1      2  1.3    16    30     373    (-,-) 
  m_uint/m_core/g16438/Y                                   -       A->Y   R     OR2XL          1  0.5     9    19     392    (-,-) 
  m_uint/m_core/g30/Y                                      -       B->Y   F     NAND2X1        2  0.9    18    16     408    (-,-) 
  m_uint/m_core/g401/Y                                     -       B->Y   R     NOR2XL         3  0.9    27    23     431    (-,-) 
  m_uint/m_core/g91/Y                                      -       A->Y   F     NOR2XL         1  0.3    11    17     447    (-,-) 
  m_uint/m_core/g89/Y                                      -       A->Y   R     NOR2XL         1  0.5    18    18     465    (-,-) 
  m_uint/m_core/g16270/Y                                   -       B0->Y  F     AOI21X1        2  0.8    21    13     478    (-,-) 
  m_uint/m_core/g15461/Y                                   -       AN->Y  F     NAND2BXL       1  0.5    17    24     502    (-,-) 
  m_uint/m_core/WALLACE_CSA_DUMMY_OP7_groupi_g2297__6260/Y -       B->Y   R     XNOR2XL        3  1.1    16    37     538    (-,-) 
  g119/Y                                                   -       A->Y   F     XOR2XL         2  0.6    10    42     580    (-,-) 
  g118/Y                                                   -       A->Y   R     INVXL          1  0.6    10    10     590    (-,-) 
  g116/Y                                                   -       B->Y   F     XNOR2X2        1 50.0   181   132     722    (-,-) 
  R[2]                                                     -       -      F     (port)         -    -     -     0     722    (-,-) 
#----------------------------------------------------------------------------------------------------------------------------------



Path 15: MET (46 ps) Late External Delay Assertion at pin R[1]
          Group: vclk
     Startpoint: (R) B[7]
          Clock: (R) vclk
       Endpoint: (F) R[1]
          Clock: (R) vclk

                     Capture       Launch     
        Clock Edge:+    1000            0     
        Drv Adjust:+       0            0     
       Src Latency:+       0            0     
       Net Latency:+       0 (I)        0 (I) 
           Arrival:=    1000            0     
                                              
      Output Delay:-     200                  
       Uncertainty:-      50                  
     Required Time:=     750                  
      Launch Clock:-       0                  
       Input Delay:-     200                  
         Data Path:-     504                  
             Slack:=      46                  

Exceptions/Constraints:
  input_delay              200             acbam_Fixed8.sdc_line_14_8_1  
  output_delay             200             acbam_Fixed8.sdc_line_15_34_1 

#-----------------------------------------------------------------------------------------------
#     Timing Point       Flags   Arc   Edge   Cell     Fanout Load Trans Delay Arrival Instance 
#                                                             (fF)  (ps)  (ps)   (ps)  Location 
#-----------------------------------------------------------------------------------------------
  B[7]                   -       -     R     (arrival)     11 11.2     0     0     200    (-,-) 
  g4100/Y                -       A->Y  F     NAND2X8        2  3.4    13    14     214    (-,-) 
  g2695__1881/Y          -       B->Y  R     NAND2X4        1  1.9     8    10     224    (-,-) 
  g4099/Y                -       B0->Y F     OAI21X4        8  2.4    20    19     242    (-,-) 
  m_uint/m_core/g16728/Y -       A->Y  R     INVXL          1  0.5    10    13     255    (-,-) 
  m_uint/m_core/g118/Y   -       A->Y  F     INVX1          2  1.1    10    11     266    (-,-) 
  m_uint/m_core/g16722/Y -       A->Y  R     NAND2X2        2  1.5    10    11     277    (-,-) 
  m_uint/m_core/g15387/Y -       B->Y  F     NAND2X1        1  0.9    18    16     294    (-,-) 
  m_uint/m_core/g15386/Y -       A->Y  R     NOR2X2         1  1.9    22    20     314    (-,-) 
  m_uint/m_core/g16836/Y -       B->Y  F     NOR2X4         4  1.6    11    12     325    (-,-) 
  m_uint/m_core/g16193/Y -       A0->Y R     AOI21XL        1  0.3    18    19     345    (-,-) 
  m_uint/m_core/g255/Y   -       B0->Y F     OAI2BB1XL      2  0.5    17    19     364    (-,-) 
  m_uint/m_core/g254/Y   -       A->Y  R     INVXL          1  0.5    10    12     376    (-,-) 
  m_uint/m_core/g253/Y   -       B0->Y F     OAI2BB1X1      2  0.6    15    16     392    (-,-) 
  m_uint/m_core/g252/Y   -       A->Y  R     INVX1          1  1.0    10    12     404    (-,-) 
  m_uint/m_core/g16196/Y -       B->Y  F     NOR2X2         3  1.1    10    10     414    (-,-) 
  m_uint/m_core/g16195/Y -       B->Y  R     NOR2BX1        1  0.3    11    12     425    (-,-) 
  m_uint/m_core/g16473/Y -       AN->Y R     NAND2BXL       1  0.5    11    17     442    (-,-) 
  m_uint/m_core/g16022/Y -       B->Y  F     NAND2X1        2  0.9    18    17     459    (-,-) 
  g3645__7482/Y          -       B->Y  R     NOR2BX1        2  0.6    16    16     475    (-,-) 
  g3641__6131/Y          -       B->Y  F     NOR2XL         1  0.3    10    11     486    (-,-) 
  g3635__1705/Y          -       A->Y  R     XOR2XL         2  0.9    14    41     527    (-,-) 
  g3627__5526/Y          -       B->Y  F     NAND2BXL       2  0.7    21    19     546    (-,-) 
  g3613/Y                -       A->Y  R     INVXL          1  0.3     8    12     558    (-,-) 
  g3604__7482/Y          -       A->Y  F     XNOR2X2        1 50.0   181   146     704    (-,-) 
  R[1]                   -       -     F     (port)         -    -     -     0     704    (-,-) 
#-----------------------------------------------------------------------------------------------



Path 16: MET (90 ps) Late External Delay Assertion at pin R[0]
          Group: vclk
     Startpoint: (R) B[7]
          Clock: (R) vclk
       Endpoint: (F) R[0]
          Clock: (R) vclk

                     Capture       Launch     
        Clock Edge:+    1000            0     
        Drv Adjust:+       0            0     
       Src Latency:+       0            0     
       Net Latency:+       0 (I)        0 (I) 
           Arrival:=    1000            0     
                                              
      Output Delay:-     200                  
       Uncertainty:-      50                  
     Required Time:=     750                  
      Launch Clock:-       0                  
       Input Delay:-     200                  
         Data Path:-     460                  
             Slack:=      90                  

Exceptions/Constraints:
  input_delay              200             acbam_Fixed8.sdc_line_14_8_1  
  output_delay             200             acbam_Fixed8.sdc_line_15_35_1 

#-----------------------------------------------------------------------------------------------
#     Timing Point       Flags   Arc   Edge   Cell     Fanout Load Trans Delay Arrival Instance 
#                                                             (fF)  (ps)  (ps)   (ps)  Location 
#-----------------------------------------------------------------------------------------------
  B[7]                   -       -     R     (arrival)     11 11.2     0     0     200    (-,-) 
  g4100/Y                -       A->Y  F     NAND2X8        2  3.4    13    14     214    (-,-) 
  g2695__1881/Y          -       B->Y  R     NAND2X4        1  1.9     8    10     224    (-,-) 
  g4099/Y                -       B0->Y F     OAI21X4        8  2.4    20    19     242    (-,-) 
  m_uint/m_core/g16728/Y -       A->Y  R     INVXL          1  0.5    10    13     255    (-,-) 
  m_uint/m_core/g118/Y   -       A->Y  F     INVX1          2  1.1    10    11     266    (-,-) 
  m_uint/m_core/g16722/Y -       A->Y  R     NAND2X2        2  1.5    10    11     277    (-,-) 
  m_uint/m_core/g15387/Y -       B->Y  F     NAND2X1        1  0.9    18    16     294    (-,-) 
  m_uint/m_core/g15386/Y -       A->Y  R     NOR2X2         1  1.9    22    20     314    (-,-) 
  m_uint/m_core/g16836/Y -       B->Y  F     NOR2X4         4  1.6    11    12     325    (-,-) 
  m_uint/m_core/g16193/Y -       A0->Y R     AOI21XL        1  0.3    18    19     345    (-,-) 
  m_uint/m_core/g255/Y   -       B0->Y F     OAI2BB1XL      2  0.5    17    19     364    (-,-) 
  m_uint/m_core/g254/Y   -       A->Y  R     INVXL          1  0.5    10    12     376    (-,-) 
  m_uint/m_core/g253/Y   -       B0->Y F     OAI2BB1X1      2  0.6    15    16     392    (-,-) 
  m_uint/m_core/g252/Y   -       A->Y  R     INVX1          1  1.0    10    12     404    (-,-) 
  m_uint/m_core/g16196/Y -       B->Y  F     NOR2X2         3  1.1    10    10     414    (-,-) 
  m_uint/m_core/g16195/Y -       B->Y  R     NOR2BX1        1  0.3    11    12     425    (-,-) 
  m_uint/m_core/g16473/Y -       AN->Y R     NAND2BXL       1  0.5    11    17     442    (-,-) 
  m_uint/m_core/g16022/Y -       B->Y  F     NAND2X1        2  0.9    18    17     459    (-,-) 
  g3645__7482/Y          -       B->Y  R     NOR2BX1        2  0.6    16    16     475    (-,-) 
  g3641__6131/Y          -       B->Y  F     NOR2XL         1  0.3    10    11     486    (-,-) 
  g3635__1705/Y          -       A->Y  R     XOR2XL         2  0.9    14    41     527    (-,-) 
  g3623__5107/Y          -       B->Y  F     XNOR2X2        1 50.0   181   132     660    (-,-) 
  R[0]                   -       -     F     (port)         -    -     -     0     660    (-,-) 
#-----------------------------------------------------------------------------------------------

