

Working Directory = /home/redhat315bd/physical_design_nipun/Physical_design
QoS Summary for acbam_Fixed8
================================================================================
Metric                          acbam_Fixed8_syn_generic acbam_Fixed8_syn_map acbam_Fixed8_syn_opt
================================================================================
Slack (ps):                      -269            -124             -59
  R2R (ps):                  no_value        no_value        no_value
  I2R (ps):                  no_value        no_value        no_value
  R2O (ps):                  no_value        no_value        no_value
  I2O (ps):                      -269            -124             -59
  CG  (ps):                  no_value        no_value        no_value
TNS (ps):                      -2,732          -1,148            -418
  R2R (ps):                  no_value        no_value        no_value
  I2R (ps):                  no_value        no_value        no_value
  R2O (ps):                  no_value        no_value        no_value
  I2O (ps):                    -2,732          -1,148            -418
  CG  (ps):                  no_value        no_value        no_value
Failing Paths:                     14              14              10
Cell Area:                      2,727           1,189           1,596
Total Cell Area:                2,727           1,189           1,596
Leaf Instances:                 1,022             757           1,030
Total Instances:                1,022             757           1,030
Utilization (%):                 0.00            0.00            0.00
Tot. Net Length (um):        no_value        no_value        no_value
Avg. Net Length (um):        no_value        no_value        no_value
Route Overflow H (%):        no_value        no_value        no_value
Route Overflow V (%):        no_value        no_value        no_value
MBCI(%) (bits/gate) :            0.00            0.00            0.00
Norm Cong Hotspot Area:
  Max Cong:                  no_value        no_value        no_value
  Tot Cong:                  no_value        no_value        no_value
================================================================================
CPU  Runtime (h:m:s):        00:30:10        00:30:06        00:31:50
Real Runtime (h:m:s):        00:30:10        00:30:05        00:31:52
CPU  Elapsed (h:m:s):        00:30:12        00:30:18        00:32:08
Real Elapsed (h:m:s):        00:30:11        00:30:16        00:32:08
Memory (MB):                  1630.13         1613.79         1615.63
================================================================================
================================================================================
Flow Settings:
================================================================================
Total Runtime (h:m:s): 00:32:07
Total Memory (MB):     1623.63
Executable Version:    21.10-p002_1
================================================================================
Total Cell Area =  Cell Area + Physical Cell Area
Total Instances =  Leaf Instances + Physical Instances


