============================================================
  Generated by:           Genus(TM) Synthesis Solution 21.10-p002_1
  Generated on:           Jun 19 2026  11:25:18 am
  Module:                 opact_Fixed8
  Technology library:     fast_vdd1v0 1.0
  Operating conditions:   PVT_1P1V_0C (balanced_tree)
  Wireload mode:          enclosed
  Area mode:              timing library
============================================================

                                 Leakage  
   Gate    Instances    Area   Power (nW)     Library    
---------------------------------------------------------
ADDFX1             3    15.390      0.956    fast_vdd1v0 
ADDFXL             1     6.840      0.288    fast_vdd1v0 
ADDHX2             1     5.130      0.338    fast_vdd1v0 
AND2X1             2     2.736      0.171    fast_vdd1v0 
AND2X2             1     1.710      0.116    fast_vdd1v0 
AND2XL            13    17.784      1.003    fast_vdd1v0 
AND3XL             2     4.104      0.162    fast_vdd1v0 
AND4XL             2     4.788      0.244    fast_vdd1v0 
AOI211XL           3     6.156      0.252    fast_vdd1v0 
AOI21X1           16    27.360      1.735    fast_vdd1v0 
AOI21XL           10    17.100      0.677    fast_vdd1v0 
AOI221X1           1     2.394      0.173    fast_vdd1v0 
AOI22X1            5    10.260      0.684    fast_vdd1v0 
AOI2BB1X1          2     4.104      0.282    fast_vdd1v0 
AOI2BB1XL          4     8.208      0.462    fast_vdd1v0 
AOI2BB2X1          1     3.420      0.193    fast_vdd1v0 
AOI31X1            6    12.312      0.769    fast_vdd1v0 
BUFX12             5    25.650      3.112    fast_vdd1v0 
BUFX2              2     3.420      0.232    fast_vdd1v0 
BUFX3              1     2.052      0.172    fast_vdd1v0 
CLKAND2X4          1     3.420      0.238    fast_vdd1v0 
CLKBUFX2          34    58.140      4.020    fast_vdd1v0 
CLKINVX1          18    18.468      0.840    fast_vdd1v0 
CLKINVX12          1     4.104      0.497    fast_vdd1v0 
CLKINVX2           2     2.736      0.180    fast_vdd1v0 
CLKINVX4           1     1.710      0.167    fast_vdd1v0 
CLKINVX8           4    12.312      1.323    fast_vdd1v0 
CLKXOR2X1          9    24.624      1.628    fast_vdd1v0 
CLKXOR2X2          2     6.840      0.440    fast_vdd1v0 
CLKXOR2X4          1     4.446      0.309    fast_vdd1v0 
INVX1             40    27.360      1.811    fast_vdd1v0 
INVX2              2     2.052      0.170    fast_vdd1v0 
INVXL            130    88.920      4.296    fast_vdd1v0 
MX2XL              1     2.394      0.147    fast_vdd1v0 
MXI2X1             7    19.152      1.037    fast_vdd1v0 
MXI2X8             1     6.156      0.533    fast_vdd1v0 
MXI2XL            28    67.032      3.041    fast_vdd1v0 
NAND2BX1          12    16.416      1.284    fast_vdd1v0 
NAND2BX2           1     2.394      0.184    fast_vdd1v0 
NAND2BXL          17    23.256      1.348    fast_vdd1v0 
NAND2X1           85    87.210      5.932    fast_vdd1v0 
NAND2X2           13    22.230      1.725    fast_vdd1v0 
NAND2XL           75    76.950      3.491    fast_vdd1v0 
NAND3BX1           1     2.052      0.098    fast_vdd1v0 
NAND3BXL           8    13.680      0.702    fast_vdd1v0 
NAND3X1            2     3.420      0.184    fast_vdd1v0 
NAND3XL            2     3.420      0.105    fast_vdd1v0 
NAND4BBXL          1     3.078      0.149    fast_vdd1v0 
NAND4BX1           1     2.394      0.148    fast_vdd1v0 
NAND4XL            4     6.840      0.300    fast_vdd1v0 
NOR2BX1           24    32.832      2.426    fast_vdd1v0 
NOR2BX2            1     2.736      0.186    fast_vdd1v0 
NOR2X1            53    54.378      3.794    fast_vdd1v0 
NOR2X2             6    10.260      0.701    fast_vdd1v0 
NOR2X4             2     6.156      0.542    fast_vdd1v0 
NOR2X6             1     4.104      0.372    fast_vdd1v0 
NOR2XL            86    88.236      4.002    fast_vdd1v0 
NOR3BXL            4     8.208      0.340    fast_vdd1v0 
NOR3X1             8    13.680      0.634    fast_vdd1v0 
NOR3X2             1     2.736      0.154    fast_vdd1v0 
NOR3X6             2    14.364      0.912    fast_vdd1v0 
NOR3XL             5     8.550      0.293    fast_vdd1v0 
OA22X1             1     2.394      0.124    fast_vdd1v0 
OAI211X1           5     8.550      0.586    fast_vdd1v0 
OAI21X1           21    35.910      2.004    fast_vdd1v0 
OAI21X2            2     6.156      0.384    fast_vdd1v0 
OAI21X4            1     4.788      0.376    fast_vdd1v0 
OAI21XL           13    22.230      0.811    fast_vdd1v0 
OAI221X1           1     2.394      0.147    fast_vdd1v0 
OAI22X1            2     4.104      0.213    fast_vdd1v0 
OAI22XL            2     4.104      0.133    fast_vdd1v0 
OAI2BB1X1         14    23.940      1.646    fast_vdd1v0 
OAI2BB1XL          2     4.104      0.181    fast_vdd1v0 
OAI31X1            1     2.052      0.132    fast_vdd1v0 
OAI31X2            1     3.762      0.175    fast_vdd1v0 
OR2X1              2     2.736      0.202    fast_vdd1v0 
OR2XL              3     4.104      0.229    fast_vdd1v0 
XNOR2X1           43   102.942      7.675    fast_vdd1v0 
XNOR2X2            3     9.234      0.684    fast_vdd1v0 
XNOR2XL            5    13.680      0.862    fast_vdd1v0 
XNOR3X1            1     7.524      0.374    fast_vdd1v0 
XNOR3XL            3    22.572      1.083    fast_vdd1v0 
XOR2XL            23    62.928      3.896    fast_vdd1v0 
XOR3XL             2    15.048      0.712    fast_vdd1v0 
---------------------------------------------------------
total            929  1405.620     85.331                


                                           Leakage  Leakage 
     Type      Instances   Area   Area % Power (nW) Power % 
------------------------------------------------------------
inverter             198  157.662   11.2      9.285    10.9 
buffer                42   89.262    6.4      7.536     8.8 
logic                689 1158.696   82.4     68.510    80.3 
physical_cells         0    0.000    0.0      0.000     0.0 
------------------------------------------------------------
total                929 1405.620  100.0     85.331   100.0 

