============================================================
  Generated by:           Genus(TM) Synthesis Solution 21.10-p002_1
  Generated on:           Jun 19 2026  11:25:18 am
  Module:                 opact_Fixed8
  Operating conditions:   PVT_1P1V_0C (balanced_tree)
  Wireload mode:          enclosed
  Area mode:              timing library
============================================================


Path 1: VIOLATED (-97 ps) Late External Delay Assertion at pin R[11]
          Group: vclk
     Startpoint: (R) B[0]
          Clock: (R) vclk
       Endpoint: (F) R[11]
          Clock: (R) vclk

                     Capture       Launch     
        Clock Edge:+    1000            0     
        Drv Adjust:+       0            0     
       Src Latency:+       0            0     
       Net Latency:+       0 (I)        0 (I) 
           Arrival:=    1000            0     
                                              
      Output Delay:-     200                  
       Uncertainty:-      50                  
     Required Time:=     750                  
      Launch Clock:-       0                  
       Input Delay:-     200                  
         Data Path:-     647                  
             Slack:=     -97                  

Exceptions/Constraints:
  input_delay              200             opact_Fixed8.sdc_line_14_15_1 
  output_delay             200             opact_Fixed8.sdc_line_15_24_1 

#-----------------------------------------------------------------------------------------------------------------
#              Timing Point                Flags   Arc   Edge   Cell     Fanout Load Trans Delay Arrival Instance 
#                                                                               (fF)  (ps)  (ps)   (ps)  Location 
#-----------------------------------------------------------------------------------------------------------------
  B[0]                                     -       -     R     (arrival)     11 10.0     0     0     200    (-,-) 
  g2288__2883/Y                            -       A0->Y F     OAI21X4        1  0.5    12    15     215    (-,-) 
  g2__4319/Y                               -       B->Y  R     XNOR2XL        2  0.8    12    34     250    (-,-) 
  m_opact_uint/m_opact_core/g23417__9945/Y -       B->Y  R     AND2XL         3  0.9    13    25     275    (-,-) 
  m_opact_uint/m_opact_core/g23330__9315/Y -       A->Y  F     NOR2XL         1  0.3     9    12     287    (-,-) 
  m_opact_uint/m_opact_core/g23322__6131/Y -       AN->Y F     NAND2BX1       2  0.8    17    25     312    (-,-) 
  m_opact_uint/m_opact_core/g23231__5122/Y -       S0->Y R     MXI2XL         2  0.6    27    20     333    (-,-) 
  m_opact_uint/m_opact_core/g23205__2346/Y -       B->Y  F     NOR2XL         1  0.2     8    14     347    (-,-) 
  m_opact_uint/m_opact_core/g23177__4319/Y -       B->Y  R     NOR2XL         1  0.3    14    12     359    (-,-) 
  m_opact_uint/m_opact_core/g23163__9945/Y -       AN->Y R     NAND2BXL       2  1.0    17    20     380    (-,-) 
  m_opact_uint/m_opact_core/g23125__5477/Y -       B->Y  F     NAND2X1        2  0.8    18    18     398    (-,-) 
  m_opact_uint/m_opact_core/g23006__2802/Y -       B->Y  R     NAND2X1        1  0.5    10    12     410    (-,-) 
  m_opact_uint/m_opact_core/g22978__5115/Y -       C0->Y F     OAI211X1       1  0.5    30    25     435    (-,-) 
  m_opact_uint/m_opact_core/g22942__9315/Y -       B->Y  R     XOR2XL         2  0.6    10    29     464    (-,-) 
  m_opact_uint/m_opact_core/g22904__4733/Y -       B->Y  F     NOR2XL         1  0.5    11    10     474    (-,-) 
  m_opact_uint/m_opact_core/g22848__4319/Y -       B->Y  R     XNOR2X1        4  1.4    13    38     513    (-,-) 
  m_opact_uint/m_opact_core/g22829__4733/Y -       B->Y  R     OR2X1          3  1.5    13    21     534    (-,-) 
  m_opact_uint/m_opact_core/g22801__7410/Y -       B->Y  F     XOR2XL         4  0.8    12    35     569    (-,-) 
  m_opact_uint/m_opact_core/g22795/Y       -       A->Y  R     INVXL          1  0.5     9    10     580    (-,-) 
  m_opact_uint/m_opact_core/g22781__2802/Y -       B->Y  F     NOR2X1         2  0.8    12    10     590    (-,-) 
  m_opact_uint/m_opact_core/g22765__9945/Y -       A1->Y R     AOI22X1        1  0.5    22    23     612    (-,-) 
  m_opact_uint/m_opact_core/g22747__5526/Y -       C->Y  F     NAND3X1        2  0.7    28    25     637    (-,-) 
  g3442__4319/Y                            -       B->Y  R     NOR2X1         2  0.8    19    21     658    (-,-) 
  g3454__3680/Y                            -       B->Y  F     NAND2BX1       2  0.6    16    17     676    (-,-) 
  g3402__4319/Y                            -       B->Y  R     NOR2X1         2  0.8    18    17     693    (-,-) 
  g3394__5477/Y                            -       B->Y  F     NOR2X1         2  1.2    17    14     707    (-,-) 
  g3389_0__8428/Y                          -       S0->Y R     MXI2X1         1  0.5    20    16     723    (-,-) 
  g3381__6161/Y                            -       A->Y  F     NAND2X1        1  0.9    20    21     744    (-,-) 
  g3364__1705/Y                            -       A->Y  R     NOR2X2         3  1.8    20    20     764    (-,-) 
  g3359_0__6131/Y                          -       B->Y  F     XNOR2X1        2  2.6    21    40     804    (-,-) 
  g1311/Y                                  -       A->Y  F     BUFX12         1 50.0    39    43     847    (-,-) 
  R[11]                                    -       -     F     (port)         -    -     -     0     847    (-,-) 
#-----------------------------------------------------------------------------------------------------------------



Path 2: VIOLATED (-97 ps) Late External Delay Assertion at pin R[13]
          Group: vclk
     Startpoint: (R) B[0]
          Clock: (R) vclk
       Endpoint: (F) R[13]
          Clock: (R) vclk

                     Capture       Launch     
        Clock Edge:+    1000            0     
        Drv Adjust:+       0            0     
       Src Latency:+       0            0     
       Net Latency:+       0 (I)        0 (I) 
           Arrival:=    1000            0     
                                              
      Output Delay:-     200                  
       Uncertainty:-      50                  
     Required Time:=     750                  
      Launch Clock:-       0                  
       Input Delay:-     200                  
         Data Path:-     647                  
             Slack:=     -97                  

Exceptions/Constraints:
  input_delay              200             opact_Fixed8.sdc_line_14_15_1 
  output_delay             200             opact_Fixed8.sdc_line_15_22_1 

#-----------------------------------------------------------------------------------------------------------------
#              Timing Point                Flags   Arc   Edge   Cell     Fanout Load Trans Delay Arrival Instance 
#                                                                               (fF)  (ps)  (ps)   (ps)  Location 
#-----------------------------------------------------------------------------------------------------------------
  B[0]                                     -       -     R     (arrival)     11 10.0     0     0     200    (-,-) 
  g2288__2883/Y                            -       A0->Y F     OAI21X4        1  0.5    12    15     215    (-,-) 
  g2__4319/Y                               -       B->Y  R     XNOR2XL        2  0.8    12    34     250    (-,-) 
  m_opact_uint/m_opact_core/g23417__9945/Y -       B->Y  R     AND2XL         3  0.9    13    25     275    (-,-) 
  m_opact_uint/m_opact_core/g23330__9315/Y -       A->Y  F     NOR2XL         1  0.3     9    12     287    (-,-) 
  m_opact_uint/m_opact_core/g23322__6131/Y -       AN->Y F     NAND2BX1       2  0.8    17    25     312    (-,-) 
  m_opact_uint/m_opact_core/g23231__5122/Y -       S0->Y R     MXI2XL         2  0.6    27    20     333    (-,-) 
  m_opact_uint/m_opact_core/g23205__2346/Y -       B->Y  F     NOR2XL         1  0.2     8    14     347    (-,-) 
  m_opact_uint/m_opact_core/g23177__4319/Y -       B->Y  R     NOR2XL         1  0.3    14    12     359    (-,-) 
  m_opact_uint/m_opact_core/g23163__9945/Y -       AN->Y R     NAND2BXL       2  1.0    17    20     380    (-,-) 
  m_opact_uint/m_opact_core/g23125__5477/Y -       B->Y  F     NAND2X1        2  0.8    18    18     398    (-,-) 
  m_opact_uint/m_opact_core/g23006__2802/Y -       B->Y  R     NAND2X1        1  0.5    10    12     410    (-,-) 
  m_opact_uint/m_opact_core/g22978__5115/Y -       C0->Y F     OAI211X1       1  0.5    30    25     435    (-,-) 
  m_opact_uint/m_opact_core/g22942__9315/Y -       B->Y  R     XOR2XL         2  0.6    10    29     464    (-,-) 
  m_opact_uint/m_opact_core/g22904__4733/Y -       B->Y  F     NOR2XL         1  0.5    11    10     474    (-,-) 
  m_opact_uint/m_opact_core/g22848__4319/Y -       B->Y  R     XNOR2X1        4  1.4    13    38     513    (-,-) 
  m_opact_uint/m_opact_core/g22829__4733/Y -       B->Y  R     OR2X1          3  1.5    13    21     534    (-,-) 
  m_opact_uint/m_opact_core/g22801__7410/Y -       B->Y  F     XOR2XL         4  0.8    12    35     569    (-,-) 
  m_opact_uint/m_opact_core/g22795/Y       -       A->Y  R     INVXL          1  0.5     9    10     580    (-,-) 
  m_opact_uint/m_opact_core/g22781__2802/Y -       B->Y  F     NOR2X1         2  0.8    12    10     590    (-,-) 
  m_opact_uint/m_opact_core/g22765__9945/Y -       A1->Y R     AOI22X1        1  0.5    22    23     612    (-,-) 
  m_opact_uint/m_opact_core/g22747__5526/Y -       C->Y  F     NAND3X1        2  0.7    28    25     637    (-,-) 
  g3442__4319/Y                            -       B->Y  R     NOR2X1         2  0.8    19    21     658    (-,-) 
  g3454__3680/Y                            -       B->Y  F     NAND2BX1       2  0.6    16    17     676    (-,-) 
  g3402__4319/Y                            -       B->Y  R     NOR2X1         2  0.8    18    17     693    (-,-) 
  g3394__5477/Y                            -       B->Y  F     NOR2X1         2  1.2    17    14     707    (-,-) 
  g3389_0__8428/Y                          -       S0->Y R     MXI2X1         1  0.5    20    16     723    (-,-) 
  g3381__6161/Y                            -       A->Y  F     NAND2X1        1  0.9    20    21     744    (-,-) 
  g3364__1705/Y                            -       A->Y  R     NOR2X2         3  1.8    20    20     764    (-,-) 
  g3359_0__6131/Y                          -       B->Y  F     XNOR2X1        2  2.6    21    40     804    (-,-) 
  g1313/Y                                  -       A->Y  F     BUFX12         1 50.0    39    43     847    (-,-) 
  R[13]                                    -       -     F     (port)         -    -     -     0     847    (-,-) 
#-----------------------------------------------------------------------------------------------------------------



Path 3: VIOLATED (-97 ps) Late External Delay Assertion at pin R[14]
          Group: vclk
     Startpoint: (R) B[0]
          Clock: (R) vclk
       Endpoint: (F) R[14]
          Clock: (R) vclk

                     Capture       Launch     
        Clock Edge:+    1000            0     
        Drv Adjust:+       0            0     
       Src Latency:+       0            0     
       Net Latency:+       0 (I)        0 (I) 
           Arrival:=    1000            0     
                                              
      Output Delay:-     200                  
       Uncertainty:-      50                  
     Required Time:=     750                  
      Launch Clock:-       0                  
       Input Delay:-     200                  
         Data Path:-     647                  
             Slack:=     -97                  

Exceptions/Constraints:
  input_delay              200             opact_Fixed8.sdc_line_14_15_1 
  output_delay             200             opact_Fixed8.sdc_line_15_21_1 

#-----------------------------------------------------------------------------------------------------------------
#              Timing Point                Flags   Arc   Edge   Cell     Fanout Load Trans Delay Arrival Instance 
#                                                                               (fF)  (ps)  (ps)   (ps)  Location 
#-----------------------------------------------------------------------------------------------------------------
  B[0]                                     -       -     R     (arrival)     11 10.0     0     0     200    (-,-) 
  g2288__2883/Y                            -       A0->Y F     OAI21X4        1  0.5    12    15     215    (-,-) 
  g2__4319/Y                               -       B->Y  R     XNOR2XL        2  0.8    12    34     250    (-,-) 
  m_opact_uint/m_opact_core/g23417__9945/Y -       B->Y  R     AND2XL         3  0.9    13    25     275    (-,-) 
  m_opact_uint/m_opact_core/g23330__9315/Y -       A->Y  F     NOR2XL         1  0.3     9    12     287    (-,-) 
  m_opact_uint/m_opact_core/g23322__6131/Y -       AN->Y F     NAND2BX1       2  0.8    17    25     312    (-,-) 
  m_opact_uint/m_opact_core/g23231__5122/Y -       S0->Y R     MXI2XL         2  0.6    27    20     333    (-,-) 
  m_opact_uint/m_opact_core/g23205__2346/Y -       B->Y  F     NOR2XL         1  0.2     8    14     347    (-,-) 
  m_opact_uint/m_opact_core/g23177__4319/Y -       B->Y  R     NOR2XL         1  0.3    14    12     359    (-,-) 
  m_opact_uint/m_opact_core/g23163__9945/Y -       AN->Y R     NAND2BXL       2  1.0    17    20     380    (-,-) 
  m_opact_uint/m_opact_core/g23125__5477/Y -       B->Y  F     NAND2X1        2  0.8    18    18     398    (-,-) 
  m_opact_uint/m_opact_core/g23006__2802/Y -       B->Y  R     NAND2X1        1  0.5    10    12     410    (-,-) 
  m_opact_uint/m_opact_core/g22978__5115/Y -       C0->Y F     OAI211X1       1  0.5    30    25     435    (-,-) 
  m_opact_uint/m_opact_core/g22942__9315/Y -       B->Y  R     XOR2XL         2  0.6    10    29     464    (-,-) 
  m_opact_uint/m_opact_core/g22904__4733/Y -       B->Y  F     NOR2XL         1  0.5    11    10     474    (-,-) 
  m_opact_uint/m_opact_core/g22848__4319/Y -       B->Y  R     XNOR2X1        4  1.4    13    38     513    (-,-) 
  m_opact_uint/m_opact_core/g22829__4733/Y -       B->Y  R     OR2X1          3  1.5    13    21     534    (-,-) 
  m_opact_uint/m_opact_core/g22801__7410/Y -       B->Y  F     XOR2XL         4  0.8    12    35     569    (-,-) 
  m_opact_uint/m_opact_core/g22795/Y       -       A->Y  R     INVXL          1  0.5     9    10     580    (-,-) 
  m_opact_uint/m_opact_core/g22781__2802/Y -       B->Y  F     NOR2X1         2  0.8    12    10     590    (-,-) 
  m_opact_uint/m_opact_core/g22765__9945/Y -       A1->Y R     AOI22X1        1  0.5    22    23     612    (-,-) 
  m_opact_uint/m_opact_core/g22747__5526/Y -       C->Y  F     NAND3X1        2  0.7    28    25     637    (-,-) 
  g3442__4319/Y                            -       B->Y  R     NOR2X1         2  0.8    19    21     658    (-,-) 
  g3454__3680/Y                            -       B->Y  F     NAND2BX1       2  0.6    16    17     676    (-,-) 
  g3402__4319/Y                            -       B->Y  R     NOR2X1         2  0.8    18    17     693    (-,-) 
  g3394__5477/Y                            -       B->Y  F     NOR2X1         2  1.2    17    14     707    (-,-) 
  g3389_0__8428/Y                          -       S0->Y R     MXI2X1         1  0.5    20    16     723    (-,-) 
  g3381__6161/Y                            -       A->Y  F     NAND2X1        1  0.9    20    21     744    (-,-) 
  g3364__1705/Y                            -       A->Y  R     NOR2X2         3  1.8    20    20     764    (-,-) 
  g3463__1881/Y                            -       B->Y  F     XNOR2X1        2  2.6    21    40     804    (-,-) 
  g1312/Y                                  -       A->Y  F     BUFX12         1 50.0    39    43     847    (-,-) 
  R[14]                                    -       -     F     (port)         -    -     -     0     847    (-,-) 
#-----------------------------------------------------------------------------------------------------------------



Path 4: VIOLATED (-97 ps) Late External Delay Assertion at pin R[15]
          Group: vclk
     Startpoint: (R) B[0]
          Clock: (R) vclk
       Endpoint: (F) R[15]
          Clock: (R) vclk

                     Capture       Launch     
        Clock Edge:+    1000            0     
        Drv Adjust:+       0            0     
       Src Latency:+       0            0     
       Net Latency:+       0 (I)        0 (I) 
           Arrival:=    1000            0     
                                              
      Output Delay:-     200                  
       Uncertainty:-      50                  
     Required Time:=     750                  
      Launch Clock:-       0                  
       Input Delay:-     200                  
         Data Path:-     647                  
             Slack:=     -97                  

Exceptions/Constraints:
  input_delay              200             opact_Fixed8.sdc_line_14_15_1 
  output_delay             200             opact_Fixed8.sdc_line_15      

#-----------------------------------------------------------------------------------------------------------------
#              Timing Point                Flags   Arc   Edge   Cell     Fanout Load Trans Delay Arrival Instance 
#                                                                               (fF)  (ps)  (ps)   (ps)  Location 
#-----------------------------------------------------------------------------------------------------------------
  B[0]                                     -       -     R     (arrival)     11 10.0     0     0     200    (-,-) 
  g2288__2883/Y                            -       A0->Y F     OAI21X4        1  0.5    12    15     215    (-,-) 
  g2__4319/Y                               -       B->Y  R     XNOR2XL        2  0.8    12    34     250    (-,-) 
  m_opact_uint/m_opact_core/g23417__9945/Y -       B->Y  R     AND2XL         3  0.9    13    25     275    (-,-) 
  m_opact_uint/m_opact_core/g23330__9315/Y -       A->Y  F     NOR2XL         1  0.3     9    12     287    (-,-) 
  m_opact_uint/m_opact_core/g23322__6131/Y -       AN->Y F     NAND2BX1       2  0.8    17    25     312    (-,-) 
  m_opact_uint/m_opact_core/g23231__5122/Y -       S0->Y R     MXI2XL         2  0.6    27    20     333    (-,-) 
  m_opact_uint/m_opact_core/g23205__2346/Y -       B->Y  F     NOR2XL         1  0.2     8    14     347    (-,-) 
  m_opact_uint/m_opact_core/g23177__4319/Y -       B->Y  R     NOR2XL         1  0.3    14    12     359    (-,-) 
  m_opact_uint/m_opact_core/g23163__9945/Y -       AN->Y R     NAND2BXL       2  1.0    17    20     380    (-,-) 
  m_opact_uint/m_opact_core/g23125__5477/Y -       B->Y  F     NAND2X1        2  0.8    18    18     398    (-,-) 
  m_opact_uint/m_opact_core/g23006__2802/Y -       B->Y  R     NAND2X1        1  0.5    10    12     410    (-,-) 
  m_opact_uint/m_opact_core/g22978__5115/Y -       C0->Y F     OAI211X1       1  0.5    30    25     435    (-,-) 
  m_opact_uint/m_opact_core/g22942__9315/Y -       B->Y  R     XOR2XL         2  0.6    10    29     464    (-,-) 
  m_opact_uint/m_opact_core/g22904__4733/Y -       B->Y  F     NOR2XL         1  0.5    11    10     474    (-,-) 
  m_opact_uint/m_opact_core/g22848__4319/Y -       B->Y  R     XNOR2X1        4  1.4    13    38     513    (-,-) 
  m_opact_uint/m_opact_core/g22829__4733/Y -       B->Y  R     OR2X1          3  1.5    13    21     534    (-,-) 
  m_opact_uint/m_opact_core/g22801__7410/Y -       B->Y  F     XOR2XL         4  0.8    12    35     569    (-,-) 
  m_opact_uint/m_opact_core/g22795/Y       -       A->Y  R     INVXL          1  0.5     9    10     580    (-,-) 
  m_opact_uint/m_opact_core/g22781__2802/Y -       B->Y  F     NOR2X1         2  0.8    12    10     590    (-,-) 
  m_opact_uint/m_opact_core/g22765__9945/Y -       A1->Y R     AOI22X1        1  0.5    22    23     612    (-,-) 
  m_opact_uint/m_opact_core/g22747__5526/Y -       C->Y  F     NAND3X1        2  0.7    28    25     637    (-,-) 
  g3442__4319/Y                            -       B->Y  R     NOR2X1         2  0.8    19    21     658    (-,-) 
  g3454__3680/Y                            -       B->Y  F     NAND2BX1       2  0.6    16    17     676    (-,-) 
  g3402__4319/Y                            -       B->Y  R     NOR2X1         2  0.8    18    17     693    (-,-) 
  g3394__5477/Y                            -       B->Y  F     NOR2X1         2  1.2    17    14     707    (-,-) 
  g3389_0__8428/Y                          -       S0->Y R     MXI2X1         1  0.5    20    16     723    (-,-) 
  g3381__6161/Y                            -       A->Y  F     NAND2X1        1  0.9    20    21     744    (-,-) 
  g3364__1705/Y                            -       A->Y  R     NOR2X2         3  1.8    20    20     764    (-,-) 
  g3463__1881/Y                            -       B->Y  F     XNOR2X1        2  2.6    21    40     804    (-,-) 
  g1314/Y                                  -       A->Y  F     BUFX12         1 50.0    39    43     847    (-,-) 
  R[15]                                    -       -     F     (port)         -    -     -     0     847    (-,-) 
#-----------------------------------------------------------------------------------------------------------------



Path 5: VIOLATED (-92 ps) Late External Delay Assertion at pin R[10]
          Group: vclk
     Startpoint: (R) B[0]
          Clock: (R) vclk
       Endpoint: (F) R[10]
          Clock: (R) vclk

                     Capture       Launch     
        Clock Edge:+    1000            0     
        Drv Adjust:+       0            0     
       Src Latency:+       0            0     
       Net Latency:+       0 (I)        0 (I) 
           Arrival:=    1000            0     
                                              
      Output Delay:-     200                  
       Uncertainty:-      50                  
     Required Time:=     750                  
      Launch Clock:-       0                  
       Input Delay:-     200                  
         Data Path:-     642                  
             Slack:=     -92                  

Exceptions/Constraints:
  input_delay              200             opact_Fixed8.sdc_line_14_15_1 
  output_delay             200             opact_Fixed8.sdc_line_15_25_1 

#-----------------------------------------------------------------------------------------------------------------
#              Timing Point                Flags   Arc   Edge   Cell     Fanout Load Trans Delay Arrival Instance 
#                                                                               (fF)  (ps)  (ps)   (ps)  Location 
#-----------------------------------------------------------------------------------------------------------------
  B[0]                                     -       -     R     (arrival)     11 10.0     0     0     200    (-,-) 
  g2288__2883/Y                            -       A0->Y F     OAI21X4        1  0.5    12    15     215    (-,-) 
  g2__4319/Y                               -       B->Y  R     XNOR2XL        2  0.8    12    34     250    (-,-) 
  m_opact_uint/m_opact_core/fopt23688/Y    -       A->Y  F     INVX1          3  1.0    10    11     261    (-,-) 
  m_opact_uint/m_opact_core/fopt23683/Y    -       A->Y  R     INVXL          1  0.3     6     8     269    (-,-) 
  m_opact_uint/m_opact_core/g23482__8428/Y -       A->Y  F     NAND2XL        2  0.5    17    15     285    (-,-) 
  m_opact_uint/m_opact_core/fopt23586/Y    -       A->Y  R     INVXL          2  0.6    11    13     298    (-,-) 
  m_opact_uint/m_opact_core/g23323__1881/Y -       A->Y  F     MXI2XL         2  0.8    28    25     323    (-,-) 
  m_opact_uint/m_opact_core/g23235__1881/Y -       A->Y  R     XOR2XL         2  0.8    12    43     366    (-,-) 
  m_opact_uint/m_opact_core/g23228/Y       -       A->Y  F     INVX1          2  1.2    11    12     378    (-,-) 
  m_opact_uint/m_opact_core/g23196__5115/Y -       S0->Y F     MXI2XL         1  0.4    20    21     399    (-,-) 
  m_opact_uint/m_opact_core/g23143__3680/Y -       B->Y  R     NOR2X1         2  0.6    16    17     416    (-,-) 
  m_opact_uint/m_opact_core/g23097/Y       -       A->Y  F     INVXL          1  0.3     7    10     426    (-,-) 
  m_opact_uint/m_opact_core/g23070__2883/Y -       A->Y  R     MXI2XL         2  0.6    26    22     448    (-,-) 
  m_opact_uint/m_opact_core/g23005__1617/Y -       B->Y  F     NAND2XL        1  0.3    15    18     467    (-,-) 
  m_opact_uint/m_opact_core/g23000__3680/Y -       AN->Y F     NOR2BX2        5  1.6    14    27     494    (-,-) 
  m_opact_uint/m_opact_core/g22965/Y       -       A->Y  R     INVX1          4  1.4    13    13     507    (-,-) 
  m_opact_uint/m_opact_core/g22937__1881/Y -       A1->Y F     OAI21XL        1  0.4    19    17     524    (-,-) 
  m_opact_uint/m_opact_core/g22914__5477/Y -       B->Y  R     NOR2X1         2  0.6    16    16     541    (-,-) 
  m_opact_uint/m_opact_core/g22885__4319/Y -       B->Y  F     NOR2XL         2  0.5    11    12     553    (-,-) 
  m_opact_uint/m_opact_core/g23520__7482/Y -       AN->Y F     NOR2BX1        1  0.3     8    19     572    (-,-) 
  m_opact_uint/m_opact_core/g22859__2802/Y -       A->Y  R     NOR2XL         1  0.5    17    17     588    (-,-) 
  m_opact_uint/m_opact_core/g22768__1666/Y -       C->Y  F     NAND3BX1       1  0.4    22    21     609    (-,-) 
  m_opact_uint/m_opact_core/g22757__7098/Y -       B0->Y R     OAI2BB1X1      2  1.3    16    17     626    (-,-) 
  g3441__6260/Y                            -       B->Y  F     NOR2X2         1  0.8    11    11     637    (-,-) 
  g3415__5122/Y                            -       B->Y  R     NAND2X2        4  1.2    10    10     647    (-,-) 
  g3454__3680/Y                            -       AN->Y R     NAND2BX1       2  0.8    11    19     666    (-,-) 
  g3404__8428/Y                            -       B->Y  F     NAND2XL        1  0.7    21    18     683    (-,-) 
  g3392__7410/Y                            -       S0->Y F     MXI2X1         2  0.6    21    25     708    (-,-) 
  g3384__9945/Y                            -       B->Y  R     NOR2BX1        1  0.5    15    16     725    (-,-) 
  g3367__8246/Y                            -       B->Y  F     NAND2X1        3  1.2    22    20     745    (-,-) 
  g3362__1617/Y                            -       B->Y  R     NOR2XL         1  0.6    21    21     765    (-,-) 
  g3355__5526/Y                            -       B->Y  R     XNOR2X1        1  3.8    30    39     804    (-,-) 
  g3354/Y                                  -       A->Y  F     CLKINVX8       1 50.0    55    37     842    (-,-) 
  R[10]                                    -       -     F     (port)         -    -     -     0     842    (-,-) 
#-----------------------------------------------------------------------------------------------------------------



Path 6: VIOLATED (-90 ps) Late External Delay Assertion at pin R[12]
          Group: vclk
     Startpoint: (R) B[0]
          Clock: (R) vclk
       Endpoint: (F) R[12]
          Clock: (R) vclk

                     Capture       Launch     
        Clock Edge:+    1000            0     
        Drv Adjust:+       0            0     
       Src Latency:+       0            0     
       Net Latency:+       0 (I)        0 (I) 
           Arrival:=    1000            0     
                                              
      Output Delay:-     200                  
       Uncertainty:-      50                  
     Required Time:=     750                  
      Launch Clock:-       0                  
       Input Delay:-     200                  
         Data Path:-     640                  
             Slack:=     -90                  

Exceptions/Constraints:
  input_delay              200             opact_Fixed8.sdc_line_14_15_1 
  output_delay             200             opact_Fixed8.sdc_line_15_23_1 

#-----------------------------------------------------------------------------------------------------------------
#              Timing Point                Flags   Arc   Edge   Cell     Fanout Load Trans Delay Arrival Instance 
#                                                                               (fF)  (ps)  (ps)   (ps)  Location 
#-----------------------------------------------------------------------------------------------------------------
  B[0]                                     -       -     R     (arrival)     11 10.0     0     0     200    (-,-) 
  g2288__2883/Y                            -       A0->Y F     OAI21X4        1  0.5    12    15     215    (-,-) 
  g2__4319/Y                               -       B->Y  R     XNOR2XL        2  0.8    12    34     250    (-,-) 
  m_opact_uint/m_opact_core/g23417__9945/Y -       B->Y  R     AND2XL         3  0.9    13    25     275    (-,-) 
  m_opact_uint/m_opact_core/g23330__9315/Y -       A->Y  F     NOR2XL         1  0.3     9    12     287    (-,-) 
  m_opact_uint/m_opact_core/g23322__6131/Y -       AN->Y F     NAND2BX1       2  0.8    17    25     312    (-,-) 
  m_opact_uint/m_opact_core/g23231__5122/Y -       S0->Y R     MXI2XL         2  0.6    27    20     333    (-,-) 
  m_opact_uint/m_opact_core/g23205__2346/Y -       B->Y  F     NOR2XL         1  0.2     8    14     347    (-,-) 
  m_opact_uint/m_opact_core/g23177__4319/Y -       B->Y  R     NOR2XL         1  0.3    14    12     359    (-,-) 
  m_opact_uint/m_opact_core/g23163__9945/Y -       AN->Y R     NAND2BXL       2  1.0    17    20     380    (-,-) 
  m_opact_uint/m_opact_core/g23125__5477/Y -       B->Y  F     NAND2X1        2  0.8    18    18     398    (-,-) 
  m_opact_uint/m_opact_core/g23006__2802/Y -       B->Y  R     NAND2X1        1  0.5    10    12     410    (-,-) 
  m_opact_uint/m_opact_core/g22978__5115/Y -       C0->Y F     OAI211X1       1  0.5    30    25     435    (-,-) 
  m_opact_uint/m_opact_core/g22942__9315/Y -       B->Y  R     XOR2XL         2  0.6    10    29     464    (-,-) 
  m_opact_uint/m_opact_core/g22904__4733/Y -       B->Y  F     NOR2XL         1  0.5    11    10     474    (-,-) 
  m_opact_uint/m_opact_core/g22848__4319/Y -       B->Y  R     XNOR2X1        4  1.4    13    38     513    (-,-) 
  m_opact_uint/m_opact_core/g22829__4733/Y -       B->Y  R     OR2X1          3  1.5    13    21     534    (-,-) 
  m_opact_uint/m_opact_core/g22801__7410/Y -       B->Y  F     XOR2XL         4  0.8    12    35     569    (-,-) 
  m_opact_uint/m_opact_core/g22795/Y       -       A->Y  R     INVXL          1  0.5     9    10     580    (-,-) 
  m_opact_uint/m_opact_core/g22781__2802/Y -       B->Y  F     NOR2X1         2  0.8    12    10     590    (-,-) 
  m_opact_uint/m_opact_core/g22765__9945/Y -       A1->Y R     AOI22X1        1  0.5    22    23     612    (-,-) 
  m_opact_uint/m_opact_core/g22747__5526/Y -       C->Y  F     NAND3X1        2  0.7    28    25     637    (-,-) 
  g3442__4319/Y                            -       B->Y  R     NOR2X1         2  0.8    19    21     658    (-,-) 
  g3454__3680/Y                            -       B->Y  F     NAND2BX1       2  0.6    16    17     676    (-,-) 
  g3402__4319/Y                            -       B->Y  R     NOR2X1         2  0.8    18    17     693    (-,-) 
  g3394__5477/Y                            -       B->Y  F     NOR2X1         2  1.2    17    14     707    (-,-) 
  g3389_0__8428/Y                          -       S0->Y R     MXI2X1         1  0.5    20    16     723    (-,-) 
  g3381__6161/Y                            -       A->Y  F     NAND2X1        1  0.9    20    21     744    (-,-) 
  g3364__1705/Y                            -       A->Y  R     NOR2X2         3  1.8    20    20     764    (-,-) 
  g3462_0__5115/Y                          -       B->Y  F     XNOR2XL        1  1.3    17    34     798    (-,-) 
  g1315/Y                                  -       A->Y  F     BUFX12         1 50.0    39    42     840    (-,-) 
  R[12]                                    -       -     F     (port)         -    -     -     0     840    (-,-) 
#-----------------------------------------------------------------------------------------------------------------



Path 7: VIOLATED (-88 ps) Late External Delay Assertion at pin R[9]
          Group: vclk
     Startpoint: (F) A[0]
          Clock: (R) vclk
       Endpoint: (F) R[9]
          Clock: (R) vclk

                     Capture       Launch     
        Clock Edge:+    1000            0     
        Drv Adjust:+       0            0     
       Src Latency:+       0            0     
       Net Latency:+       0 (I)        0 (I) 
           Arrival:=    1000            0     
                                              
      Output Delay:-     200                  
       Uncertainty:-      50                  
     Required Time:=     750                  
      Launch Clock:-       0                  
       Input Delay:-     200                  
         Data Path:-     638                  
             Slack:=     -88                  

Exceptions/Constraints:
  input_delay              200             opact_Fixed8.sdc_line_14_7_1  
  output_delay             200             opact_Fixed8.sdc_line_15_26_1 

#------------------------------------------------------------------------------------------------------------------
#              Timing Point                Flags    Arc   Edge   Cell     Fanout Load Trans Delay Arrival Instance 
#                                                                                (fF)  (ps)  (ps)   (ps)  Location 
#------------------------------------------------------------------------------------------------------------------
  A[0]                                     -       -      F     (arrival)     12  8.8     0     0     200    (-,-) 
  g2285__6161/Y                            -       A->Y   R     NOR3X6         1  0.5    13    19     219    (-,-) 
  g2267__8428/Y                            -       A1->Y  F     AOI21X1        1  0.5    18    19     238    (-,-) 
  g2258__1666/Y                            -       B->Y   R     CLKXOR2X1      4  1.6    15    34     272    (-,-) 
  m_opact_uint/m_opact_core/fopt23664/Y    -       A->Y   F     INVXL          2  0.6    10    12     284    (-,-) 
  m_opact_uint/m_opact_core/fopt23662/Y    -       A->Y   R     INVX1          2  0.8     8    10     293    (-,-) 
  m_opact_uint/m_opact_core/fopt23661/Y    -       A->Y   R     CLKBUFX2       3  1.1     7    21     314    (-,-) 
  m_opact_uint/m_opact_core/g23450__5107/Y -       B->Y   F     NAND2XL        2  0.5    17    14     328    (-,-) 
  m_opact_uint/m_opact_core/g23332__2883/Y -       B->Y   R     NOR2XL         1  0.3    14    15     343    (-,-) 
  m_opact_uint/m_opact_core/g23269__3680/Y -       A->Y   F     NOR2XL         1  0.3     9    12     355    (-,-) 
  m_opact_uint/m_opact_core/g23191__8246/Y -       A->Y   R     XOR2XL         1  0.6    10    39     394    (-,-) 
  m_opact_uint/m_opact_core/g23149__1705/Y -       S0->Y  R     MXI2XL         1  0.6    26    23     417    (-,-) 
  m_opact_uint/m_opact_core/g23090__6783/Y -       B->Y   F     XOR2XL         2  0.4     7    34     452    (-,-) 
  m_opact_uint/m_opact_core/g23086/Y       -       A->Y   R     INVXL          1  0.3     6     8     460    (-,-) 
  m_opact_uint/m_opact_core/g23036__5477/Y -       B->Y   R     OR2X1          2  1.4    12    20     479    (-,-) 
  m_opact_uint/m_opact_core/g22983__6161/Y -       B->Y   F     NAND2X1        1  1.7    29    22     502    (-,-) 
  m_opact_uint/m_opact_core/g22975__7098/Y -       B->Y   R     NOR2X4         7  3.5    21    19     521    (-,-) 
  m_opact_uint/m_opact_core/g22939__7482/Y -       B->Y   F     NOR2XL         2  0.5    10    14     535    (-,-) 
  m_opact_uint/m_opact_core/g22868__7482/Y -       B->Y   R     NOR2XL         1  0.5    18    16     550    (-,-) 
  m_opact_uint/m_opact_core/g22855__3680/Y -       B->Y   F     NAND2X1        2  0.7    16    17     568    (-,-) 
  m_opact_uint/m_opact_core/g23516__7098/Y -       AN->Y  F     NOR2BX1        1  0.5     9    20     588    (-,-) 
  m_opact_uint/m_opact_core/g22809__5526/Y -       A->Y   R     NOR2X1         3  0.9    21    18     606    (-,-) 
  m_opact_uint/m_opact_core/g22767__2346/Y -       A1N->Y R     OAI2BB1X1      1  0.5    13    28     634    (-,-) 
  m_opact_uint/m_opact_core/g22758__6131/Y -       B->Y   F     NAND2X1        1  0.9    18    17     651    (-,-) 
  m_opact_uint/m_opact_core/g22745__4319/Y -       A->Y   R     NAND2X2        4  1.8    13    14     665    (-,-) 
  g3402__4319/Y                            -       A->Y   F     NOR2X1         2  0.7    11    13     678    (-,-) 
  g3394__5477/Y                            -       B->Y   R     NOR2X1         2  1.4    26    20     697    (-,-) 
  g2305__5526/Y                            -       B->Y   F     XOR2XL         1  0.2     5    33     731    (-,-) 
  g3387/Y                                  -       A->Y   R     INVXL          2  0.6     9     9     739    (-,-) 
  g3386/Y                                  -       A->Y   F     INVXL          1  0.3     5     8     747    (-,-) 
  g3361__3680/Y                            -       A->Y   R     XNOR2X1        1  3.8    30    53     801    (-,-) 
  g3358/Y                                  -       A->Y   F     CLKINVX8       1 50.0    55    37     838    (-,-) 
  R[9]                                     -       -      F     (port)         -    -     -     0     838    (-,-) 
#------------------------------------------------------------------------------------------------------------------



Path 8: VIOLATED (-73 ps) Late External Delay Assertion at pin R[8]
          Group: vclk
     Startpoint: (R) A[7]
          Clock: (R) vclk
       Endpoint: (R) R[8]
          Clock: (R) vclk

                     Capture       Launch     
        Clock Edge:+    1000            0     
        Drv Adjust:+       0            0     
       Src Latency:+       0            0     
       Net Latency:+       0 (I)        0 (I) 
           Arrival:=    1000            0     
                                              
      Output Delay:-     200                  
       Uncertainty:-      50                  
     Required Time:=     750                  
      Launch Clock:-       0                  
       Input Delay:-     200                  
         Data Path:-     623                  
             Slack:=     -73                  

Exceptions/Constraints:
  input_delay              200             opact_Fixed8.sdc_line_14      
  output_delay             200             opact_Fixed8.sdc_line_15_27_1 

#------------------------------------------------------------------------------------------------------------------
#              Timing Point                Flags    Arc   Edge   Cell     Fanout Load Trans Delay Arrival Instance 
#                                                                                (fF)  (ps)  (ps)   (ps)  Location 
#------------------------------------------------------------------------------------------------------------------
  A[7]                                     -       -      R     (arrival)      5  4.4     0     0     200    (-,-) 
  g2300/Y                                  -       A->Y   F     CLKINVX4       4  2.1     5     7     207    (-,-) 
  g2284__4733/Y                            -       A->Y   R     NOR2X2         1  0.6    10    12     219    (-,-) 
  g2271__3680/Y                            -       B->Y   F     CLKXOR2X2      3  1.4    13    47     266    (-,-) 
  m_opact_uint/m_opact_core/fopt23625/Y    -       A->Y   R     INVXL          2  0.8    12    13     279    (-,-) 
  m_opact_uint/m_opact_core/fopt23624/Y    -       A->Y   F     CLKINVX1       2  0.7     8    10     289    (-,-) 
  m_opact_uint/m_opact_core/g23479__5107/Y -       B->Y   R     NAND2X1        3  0.9    10    10     299    (-,-) 
  m_opact_uint/m_opact_core/g23324__5115/Y -       A->Y   F     XNOR2X1        2  0.9    10    45     344    (-,-) 
  m_opact_uint/m_opact_core/g23182__1617/Y -       A1->Y  R     OAI21X1        2  0.6    20    18     362    (-,-) 
  m_opact_uint/m_opact_core/g23573/Y       -       A->Y   F     INVXL          1  0.5     9    13     375    (-,-) 
  m_opact_uint/m_opact_core/g23049__3680/Y -       A->Y   R     NOR2X1         3  1.5    26    22     397    (-,-) 
  m_opact_uint/m_opact_core/g23006__2802/Y -       A->Y   F     NAND2X1        1  0.4    13    19     416    (-,-) 
  m_opact_uint/m_opact_core/g22978__5115/Y -       C0->Y  R     OAI211X1       1  0.6    24    12     428    (-,-) 
  m_opact_uint/m_opact_core/g22942__9315/Y -       B->Y   F     XOR2XL         2  0.4     7    34     462    (-,-) 
  m_opact_uint/m_opact_core/g22904__4733/Y -       B->Y   R     NOR2XL         1  0.6    20    16     478    (-,-) 
  m_opact_uint/m_opact_core/g22848__4319/Y -       B->Y   F     XNOR2X1        4  1.1    12    34     512    (-,-) 
  m_opact_uint/m_opact_core/g22829__4733/Y -       B->Y   F     OR2X1          3  1.2    12    30     542    (-,-) 
  m_opact_uint/m_opact_core/g23521__4733/Y -       B->Y   R     XOR2XL         1  0.3     7    25     568    (-,-) 
  m_opact_uint/m_opact_core/g22772__2398/Y -       A1N->Y R     OAI2BB1X1      4  2.3    24    32     600    (-,-) 
  g3414__1705/Y                            -       A1->Y  F     OAI21X1        1  0.5    18    20     620    (-,-) 
  g3453__6783/Y                            -       B->Y   R     XNOR2XL        1  0.8    12    35     655    (-,-) 
  g3376__7482/CO                           -       B->CO  R     ADDHX2         2  1.1    10    35     690    (-,-) 
  g3375__5115/Y                            -       B->Y   F     NAND2X1        2  0.6    15    14     704    (-,-) 
  g3372__6131/Y                            -       B->Y   R     NOR2X1         2  0.8    18    17     721    (-,-) 
  g3370/Y                                  -       A->Y   F     INVXL          2  0.6    10    13     734    (-,-) 
  g3365__5122/Y                            -       B->Y   R     NOR2BX1        1  0.6    15    14     747    (-,-) 
  g3357__6783/Y                            -       B->Y   F     XNOR2X1        1  3.3    26    41     789    (-,-) 
  g3356/Y                                  -       A->Y   R     CLKINVX8       1 50.0    50    34     823    (-,-) 
  R[8]                                     -       -      R     (port)         -    -     -     0     823    (-,-) 
#------------------------------------------------------------------------------------------------------------------



Path 9: VIOLATED (-67 ps) Late External Delay Assertion at pin R[7]
          Group: vclk
     Startpoint: (R) A[7]
          Clock: (R) vclk
       Endpoint: (R) R[7]
          Clock: (R) vclk

                     Capture       Launch     
        Clock Edge:+    1000            0     
        Drv Adjust:+       0            0     
       Src Latency:+       0            0     
       Net Latency:+       0 (I)        0 (I) 
           Arrival:=    1000            0     
                                              
      Output Delay:-     200                  
       Uncertainty:-      50                  
     Required Time:=     750                  
      Launch Clock:-       0                  
       Input Delay:-     200                  
         Data Path:-     617                  
             Slack:=     -67                  

Exceptions/Constraints:
  input_delay              200             opact_Fixed8.sdc_line_14      
  output_delay             200             opact_Fixed8.sdc_line_15_28_1 

#------------------------------------------------------------------------------------------------------------------
#              Timing Point                Flags    Arc   Edge   Cell     Fanout Load Trans Delay Arrival Instance 
#                                                                                (fF)  (ps)  (ps)   (ps)  Location 
#------------------------------------------------------------------------------------------------------------------
  A[7]                                     -       -      R     (arrival)      5  4.4     0     0     200    (-,-) 
  g2300/Y                                  -       A->Y   F     CLKINVX4       4  2.1     5     7     207    (-,-) 
  g2284__4733/Y                            -       A->Y   R     NOR2X2         1  0.6    10    12     219    (-,-) 
  g2271__3680/Y                            -       B->Y   F     CLKXOR2X2      3  1.4    13    47     266    (-,-) 
  m_opact_uint/m_opact_core/fopt23625/Y    -       A->Y   R     INVXL          2  0.8    12    13     279    (-,-) 
  m_opact_uint/m_opact_core/fopt23624/Y    -       A->Y   F     CLKINVX1       2  0.7     8    10     289    (-,-) 
  m_opact_uint/m_opact_core/g23479__5107/Y -       B->Y   R     NAND2X1        3  0.9    10    10     299    (-,-) 
  m_opact_uint/m_opact_core/g23324__5115/Y -       A->Y   F     XNOR2X1        2  0.9    10    45     344    (-,-) 
  m_opact_uint/m_opact_core/g23182__1617/Y -       A1->Y  R     OAI21X1        2  0.6    20    18     362    (-,-) 
  m_opact_uint/m_opact_core/g23573/Y       -       A->Y   F     INVXL          1  0.5     9    13     375    (-,-) 
  m_opact_uint/m_opact_core/g23049__3680/Y -       A->Y   R     NOR2X1         3  1.5    26    22     397    (-,-) 
  m_opact_uint/m_opact_core/g23006__2802/Y -       A->Y   F     NAND2X1        1  0.4    13    19     416    (-,-) 
  m_opact_uint/m_opact_core/g22978__5115/Y -       C0->Y  R     OAI211X1       1  0.6    24    12     428    (-,-) 
  m_opact_uint/m_opact_core/g22942__9315/Y -       B->Y   F     XOR2XL         2  0.4     7    34     462    (-,-) 
  m_opact_uint/m_opact_core/g22904__4733/Y -       B->Y   R     NOR2XL         1  0.6    20    16     478    (-,-) 
  m_opact_uint/m_opact_core/g22848__4319/Y -       B->Y   F     XNOR2X1        4  1.1    12    34     512    (-,-) 
  m_opact_uint/m_opact_core/g22829__4733/Y -       B->Y   F     OR2X1          3  1.2    12    30     542    (-,-) 
  m_opact_uint/m_opact_core/g23521__4733/Y -       B->Y   R     XOR2XL         1  0.3     7    25     568    (-,-) 
  m_opact_uint/m_opact_core/g22772__2398/Y -       A1N->Y R     OAI2BB1X1      4  2.3    24    32     600    (-,-) 
  g3414__1705/Y                            -       A1->Y  F     OAI21X1        1  0.5    18    20     620    (-,-) 
  g3453__6783/Y                            -       B->Y   R     XNOR2XL        1  0.8    12    35     655    (-,-) 
  g3376__7482/CO                           -       B->CO  R     ADDHX2         2  1.1    10    35     690    (-,-) 
  g3375__5115/Y                            -       B->Y   F     NAND2X1        2  0.6    15    14     704    (-,-) 
  g3372__6131/Y                            -       B->Y   R     NOR2X1         2  0.8    18    17     721    (-,-) 
  g3370/Y                                  -       A->Y   F     INVXL          2  0.6    10    13     734    (-,-) 
  g3369/Y                                  -       A->Y   R     INVXL          1  0.6    10    10     744    (-,-) 
  g3363__2802/Y                            -       B->Y   F     XNOR2X2        1  5.0    26    46     790    (-,-) 
  g3360/Y                                  -       A->Y   R     CLKINVX12      1 50.0    36    27     817    (-,-) 
  R[7]                                     -       -      R     (port)         -    -     -     0     817    (-,-) 
#------------------------------------------------------------------------------------------------------------------



Path 10: VIOLATED (-50 ps) Late External Delay Assertion at pin R[4]
          Group: vclk
     Startpoint: (R) A[7]
          Clock: (R) vclk
       Endpoint: (F) R[4]
          Clock: (R) vclk

                     Capture       Launch     
        Clock Edge:+    1000            0     
        Drv Adjust:+       0            0     
       Src Latency:+       0            0     
       Net Latency:+       0 (I)        0 (I) 
           Arrival:=    1000            0     
                                              
      Output Delay:-     200                  
       Uncertainty:-      50                  
     Required Time:=     750                  
      Launch Clock:-       0                  
       Input Delay:-     200                  
         Data Path:-     600                  
             Slack:=     -50                  

Exceptions/Constraints:
  input_delay              200             opact_Fixed8.sdc_line_14      
  output_delay             200             opact_Fixed8.sdc_line_15_31_1 

#-----------------------------------------------------------------------------------------------------------------
#              Timing Point                Flags   Arc   Edge   Cell     Fanout Load Trans Delay Arrival Instance 
#                                                                               (fF)  (ps)  (ps)   (ps)  Location 
#-----------------------------------------------------------------------------------------------------------------
  A[7]                                     -       -     R     (arrival)      5  4.4     0     0     200    (-,-) 
  g2300/Y                                  -       A->Y  F     CLKINVX4       4  2.1     5     7     207    (-,-) 
  g2284__4733/Y                            -       A->Y  R     NOR2X2         1  0.6    10    12     219    (-,-) 
  g2271__3680/Y                            -       B->Y  F     CLKXOR2X2      3  1.4    13    47     266    (-,-) 
  m_opact_uint/m_opact_core/fopt23625/Y    -       A->Y  R     INVXL          2  0.8    12    13     279    (-,-) 
  m_opact_uint/m_opact_core/fopt23624/Y    -       A->Y  F     CLKINVX1       2  0.7     8    10     289    (-,-) 
  m_opact_uint/m_opact_core/g23479__5107/Y -       B->Y  R     NAND2X1        3  0.9    10    10     299    (-,-) 
  m_opact_uint/m_opact_core/g23324__5115/Y -       A->Y  F     XNOR2X1        2  0.9    10    45     344    (-,-) 
  m_opact_uint/m_opact_core/g23182__1617/Y -       A1->Y R     OAI21X1        2  0.6    20    18     362    (-,-) 
  m_opact_uint/m_opact_core/g23573/Y       -       A->Y  F     INVXL          1  0.5     9    13     375    (-,-) 
  m_opact_uint/m_opact_core/g23049__3680/Y -       A->Y  R     NOR2X1         3  1.5    26    22     397    (-,-) 
  m_opact_uint/m_opact_core/g23006__2802/Y -       A->Y  F     NAND2X1        1  0.4    13    19     416    (-,-) 
  m_opact_uint/m_opact_core/g22978__5115/Y -       C0->Y R     OAI211X1       1  0.6    24    12     428    (-,-) 
  m_opact_uint/m_opact_core/g22942__9315/Y -       B->Y  F     XOR2XL         2  0.4     7    34     462    (-,-) 
  m_opact_uint/m_opact_core/g22904__4733/Y -       B->Y  R     NOR2XL         1  0.6    20    16     478    (-,-) 
  m_opact_uint/m_opact_core/g22848__4319/Y -       B->Y  F     XNOR2X1        4  1.1    12    34     512    (-,-) 
  m_opact_uint/m_opact_core/g22826__5115/Y -       B->Y  R     NOR2XL         2  0.6    20    17     529    (-,-) 
  m_opact_uint/m_opact_core/fopt23611/Y    -       A->Y  F     INVXL          2  0.4     8    12     542    (-,-) 
  m_opact_uint/m_opact_core/g22808__8428/Y -       B->Y  R     NAND2BXL       1  0.5    11    10     552    (-,-) 
  m_opact_uint/m_opact_core/g22785__7098/Y -       A->Y  F     NAND2X1        2  0.9    20    18     570    (-,-) 
  g3459__8246/Y                            -       B->Y  R     NOR2BX1        2  0.8    18    18     588    (-,-) 
  g3419__7098/Y                            -       B->Y  F     NOR2XL         1  0.3    12    12     600    (-,-) 
  g3412__2802/Y                            -       A->Y  F     XNOR2XL        2  0.8    12    35     635    (-,-) 
  g3378__4733/Y                            -       B->Y  R     NOR2XL         1  0.6    20    17     652    (-,-) 
  g3376__7482/S                            -       A->S  F     ADDHX2         1 50.0   181   148     800    (-,-) 
  R[4]                                     -       -     F     (port)         -    -     -     0     800    (-,-) 
#-----------------------------------------------------------------------------------------------------------------



Path 11: VIOLATED (-44 ps) Late External Delay Assertion at pin R[6]
          Group: vclk
     Startpoint: (F) A[0]
          Clock: (R) vclk
       Endpoint: (R) R[6]
          Clock: (R) vclk

                     Capture       Launch     
        Clock Edge:+    1000            0     
        Drv Adjust:+       0            0     
       Src Latency:+       0            0     
       Net Latency:+       0 (I)        0 (I) 
           Arrival:=    1000            0     
                                              
      Output Delay:-     200                  
       Uncertainty:-      50                  
     Required Time:=     750                  
      Launch Clock:-       0                  
       Input Delay:-     200                  
         Data Path:-     594                  
             Slack:=     -44                  

Exceptions/Constraints:
  input_delay              200             opact_Fixed8.sdc_line_14_7_1  
  output_delay             200             opact_Fixed8.sdc_line_15_29_1 

#------------------------------------------------------------------------------------------------------------------
#              Timing Point                Flags    Arc   Edge   Cell     Fanout Load Trans Delay Arrival Instance 
#                                                                                (fF)  (ps)  (ps)   (ps)  Location 
#------------------------------------------------------------------------------------------------------------------
  A[0]                                     -       -      F     (arrival)     12  8.8     0     0     200    (-,-) 
  g2285__6161/Y                            -       A->Y   R     NOR3X6         1  0.5    13    19     219    (-,-) 
  g2267__8428/Y                            -       A1->Y  F     AOI21X1        1  0.5    18    19     238    (-,-) 
  g2258__1666/Y                            -       B->Y   R     CLKXOR2X1      4  1.6    15    34     272    (-,-) 
  m_opact_uint/m_opact_core/g23468__4733/Y -       B->Y   F     NAND2X1        3  1.1    21    19     291    (-,-) 
  m_opact_uint/m_opact_core/g23326__4733/Y -       B->Y   R     XNOR2X1        4  1.7    15    41     331    (-,-) 
  m_opact_uint/m_opact_core/g23280__1881/Y -       B->Y   F     NOR2X1         2  0.6    11    11     343    (-,-) 
  m_opact_uint/m_opact_core/g23253__6417/Y -       B->Y   R     NOR2X1         1  0.3    11    12     354    (-,-) 
  m_opact_uint/m_opact_core/g23542__1705/Y -       A->Y   F     XNOR2X1        1  0.5     8    44     398    (-,-) 
  m_opact_uint/m_opact_core/g23142__6783/Y -       B->Y   R     XNOR2XL        1  0.6    10    33     431    (-,-) 
  m_opact_uint/m_opact_core/g23092__1617/Y -       B->Y   F     XOR2XL         2  1.0    14    36     467    (-,-) 
  m_opact_uint/m_opact_core/g23051__2802/Y -       B->Y   R     CLKXOR2X1      6  1.8    16    34     501    (-,-) 
  m_opact_uint/m_opact_core/g22900__6131/Y -       A1N->Y R     OAI2BB1X1      1  0.5     9    27     528    (-,-) 
  m_opact_uint/m_opact_core/g22893__5122/Y -       B->Y   F     NOR2X1         1  0.7    12    10     538    (-,-) 
  m_opact_uint/m_opact_core/g22863__7098/Y -       S0->Y  F     MXI2X1         3  0.7    22    25     562    (-,-) 
  m_opact_uint/m_opact_core/g22857/Y       -       A->Y   R     INVXL          1  0.3     8    13     575    (-,-) 
  m_opact_uint/m_opact_core/g22800__1666/Y -       A1->Y  F     AOI21XL        1  0.3    18    17     592    (-,-) 
  m_opact_uint/m_opact_core/g22757__7098/Y -       A1N->Y F     OAI2BB1X1      2  1.1    21    28     620    (-,-) 
  g3441__6260/Y                            -       B->Y   R     NOR2X2         1  0.9    15    16     635    (-,-) 
  g3415__5122/Y                            -       B->Y   F     NAND2X2        4  1.0    14    15     650    (-,-) 
  g3410__3680/Y                            -       B->Y   R     NAND2XL        1  0.6    13    13     663    (-,-) 
  g3461__7098/Y                            -       B->Y   F     XOR2XL         2  0.7    11    35     698    (-,-) 
  g3396/Y                                  -       A->Y   R     INVXL          1  0.3     6     9     707    (-,-) 
  g3371__7098/Y                            -       A->Y   F     XNOR2X1        1  3.3    26    53     760    (-,-) 
  g3368/Y                                  -       A->Y   R     CLKINVX8       1 50.0    50    34     794    (-,-) 
  R[6]                                     -       -      R     (port)         -    -     -     0     794    (-,-) 
#------------------------------------------------------------------------------------------------------------------



Path 12: VIOLATED (-26 ps) Late External Delay Assertion at pin R[5]
          Group: vclk
     Startpoint: (F) B[0]
          Clock: (R) vclk
       Endpoint: (F) R[5]
          Clock: (R) vclk

                     Capture       Launch     
        Clock Edge:+    1000            0     
        Drv Adjust:+       0            0     
       Src Latency:+       0            0     
       Net Latency:+       0 (I)        0 (I) 
           Arrival:=    1000            0     
                                              
      Output Delay:-     200                  
       Uncertainty:-      50                  
     Required Time:=     750                  
      Launch Clock:-       0                  
       Input Delay:-     200                  
         Data Path:-     576                  
             Slack:=     -26                  

Exceptions/Constraints:
  input_delay              200             opact_Fixed8.sdc_line_14_15_1 
  output_delay             200             opact_Fixed8.sdc_line_15_30_1 

#-----------------------------------------------------------------------------------------------------------------
#              Timing Point                Flags   Arc   Edge   Cell     Fanout Load Trans Delay Arrival Instance 
#                                                                               (fF)  (ps)  (ps)   (ps)  Location 
#-----------------------------------------------------------------------------------------------------------------
  B[0]                                     -       -     F     (arrival)     11  8.9     0     0     200    (-,-) 
  g2295__5107/Y                            -       A->Y  R     NOR2X6         3  1.5     9    12     212    (-,-) 
  g2283__7482/Y                            -       B->Y  F     NAND2X2        2  0.8    12    13     225    (-,-) 
  g2280/Y                                  -       A->Y  R     INVX1          1  0.5     6     9     234    (-,-) 
  g2273__2802/Y                            -       B->Y  F     NOR2X1         1  0.7    10     9     243    (-,-) 
  g2263__5107/Y                            -       S0->Y F     MXI2X1         2  0.7    22    24     267    (-,-) 
  m_opact_uint/m_opact_core/fopt5/Y        -       A->Y  R     INVX1          2  0.8    10    13     280    (-,-) 
  m_opact_uint/m_opact_core/fopt4/Y        -       A->Y  F     INVXL          2  0.5     8    10     290    (-,-) 
  m_opact_uint/m_opact_core/g23405__2802/Y -       B->Y  F     AND2XL         2  0.6     9    17     307    (-,-) 
  m_opact_uint/m_opact_core/g23311__6783/Y -       A->Y  R     CLKXOR2X1      5  2.3    19    48     355    (-,-) 
  m_opact_uint/m_opact_core/g23221__6783/Y -       B->Y  F     NOR2XL         1  0.2     7    12     367    (-,-) 
  m_opact_uint/m_opact_core/g23180__6783/Y -       C0->Y R     AOI211XL       1  0.3    28    21     388    (-,-) 
  m_opact_uint/m_opact_core/g23142__6783/Y -       A->Y  F     XNOR2XL        1  0.5     8    42     430    (-,-) 
  m_opact_uint/m_opact_core/g23092__1617/Y -       B->Y  R     XOR2XL         2  1.2    17    31     461    (-,-) 
  m_opact_uint/m_opact_core/g23051__2802/Y -       B->Y  F     CLKXOR2X1      6  1.4    13    41     502    (-,-) 
  m_opact_uint/m_opact_core/fopt23634/Y    -       A->Y  F     CLKBUFX2       2  0.5     6    22     524    (-,-) 
  m_opact_uint/m_opact_core/fopt23633/Y    -       A->Y  R     INVXL          2  0.6     9     9     533    (-,-) 
  m_opact_uint/m_opact_core/g23007__1705/Y -       B->Y  F     NAND2XL        1  0.3    14    12     546    (-,-) 
  m_opact_uint/m_opact_core/g22909__2883/Y -       A->Y  R     NOR2XL         1  0.5    18    18     564    (-,-) 
  m_opact_uint/m_opact_core/g23513__1705/Y -       C->Y  F     NAND3X1        1  0.2    19    19     583    (-,-) 
  m_opact_uint/m_opact_core/g22783__5122/Y -       B->Y  R     NAND2XL        1  0.5    12    13     597    (-,-) 
  m_opact_uint/m_opact_core/g22771__5477/Y -       B->Y  F     NOR2X1         1  0.9    16    11     608    (-,-) 
  m_opact_uint/m_opact_core/g22756__8246/Y -       A->Y  R     NAND2X2        2  1.3    11    12     620    (-,-) 
  g3421__1881/Y                            -       B->Y  F     NOR2X2         2  1.3    11    10     631    (-,-) 
  g3411__1617/Y                            -       A1->Y R     AOI21X1        1  0.6    20    17     648    (-,-) 
  g3401__6260/Y                            -       B->Y  F     XOR2XL         3  0.9    13    37     685    (-,-) 
  g3398/Y                                  -       A->Y  R     INVXL          1  0.3     7     9     694    (-,-) 
  g3374__1881/Y                            -       A->Y  F     MXI2X8         1 50.0    55    82     776    (-,-) 
  R[5]                                     -       -     F     (port)         -    -     -     0     776    (-,-) 
#-----------------------------------------------------------------------------------------------------------------



Path 13: MET (4 ps) Late External Delay Assertion at pin R[3]
          Group: vclk
     Startpoint: (R) A[7]
          Clock: (R) vclk
       Endpoint: (F) R[3]
          Clock: (R) vclk

                     Capture       Launch     
        Clock Edge:+    1000            0     
        Drv Adjust:+       0            0     
       Src Latency:+       0            0     
       Net Latency:+       0 (I)        0 (I) 
           Arrival:=    1000            0     
                                              
      Output Delay:-     200                  
       Uncertainty:-      50                  
     Required Time:=     750                  
      Launch Clock:-       0                  
       Input Delay:-     200                  
         Data Path:-     546                  
             Slack:=       4                  

Exceptions/Constraints:
  input_delay              200             opact_Fixed8.sdc_line_14      
  output_delay             200             opact_Fixed8.sdc_line_15_32_1 

#-----------------------------------------------------------------------------------------------------------------
#              Timing Point                Flags   Arc   Edge   Cell     Fanout Load Trans Delay Arrival Instance 
#                                                                               (fF)  (ps)  (ps)   (ps)  Location 
#-----------------------------------------------------------------------------------------------------------------
  A[7]                                     -       -     R     (arrival)      5  4.4     0     0     200    (-,-) 
  g2300/Y                                  -       A->Y  F     CLKINVX4       4  2.1     5     7     207    (-,-) 
  g2284__4733/Y                            -       A->Y  R     NOR2X2         1  0.6    10    12     219    (-,-) 
  g2271__3680/Y                            -       B->Y  F     CLKXOR2X2      3  1.4    13    47     266    (-,-) 
  m_opact_uint/m_opact_core/fopt23625/Y    -       A->Y  R     INVXL          2  0.8    12    13     279    (-,-) 
  m_opact_uint/m_opact_core/fopt23624/Y    -       A->Y  F     CLKINVX1       2  0.7     8    10     289    (-,-) 
  m_opact_uint/m_opact_core/g23479__5107/Y -       B->Y  R     NAND2X1        3  0.9    10    10     299    (-,-) 
  m_opact_uint/m_opact_core/g23324__5115/Y -       A->Y  F     XNOR2X1        2  0.9    10    45     344    (-,-) 
  m_opact_uint/m_opact_core/g23182__1617/Y -       A1->Y R     OAI21X1        2  0.6    20    18     362    (-,-) 
  m_opact_uint/m_opact_core/g23573/Y       -       A->Y  F     INVXL          1  0.5     9    13     375    (-,-) 
  m_opact_uint/m_opact_core/g23049__3680/Y -       A->Y  R     NOR2X1         3  1.5    26    22     397    (-,-) 
  m_opact_uint/m_opact_core/g23006__2802/Y -       A->Y  F     NAND2X1        1  0.4    13    19     416    (-,-) 
  m_opact_uint/m_opact_core/g22978__5115/Y -       C0->Y R     OAI211X1       1  0.6    24    12     428    (-,-) 
  m_opact_uint/m_opact_core/g22942__9315/Y -       B->Y  F     XOR2XL         2  0.4     7    34     462    (-,-) 
  m_opact_uint/m_opact_core/g22904__4733/Y -       B->Y  R     NOR2XL         1  0.6    20    16     478    (-,-) 
  m_opact_uint/m_opact_core/g22848__4319/Y -       B->Y  F     XNOR2X1        4  1.1    12    34     512    (-,-) 
  m_opact_uint/m_opact_core/g22826__5115/Y -       B->Y  R     NOR2XL         2  0.6    20    17     529    (-,-) 
  m_opact_uint/m_opact_core/fopt23611/Y    -       A->Y  F     INVXL          2  0.4     8    12     542    (-,-) 
  m_opact_uint/m_opact_core/g22808__8428/Y -       B->Y  R     NAND2BXL       1  0.5    11    10     552    (-,-) 
  m_opact_uint/m_opact_core/g22785__7098/Y -       A->Y  F     NAND2X1        2  0.9    20    18     570    (-,-) 
  g3459__8246/Y                            -       B->Y  R     NOR2BX1        2  0.8    18    18     588    (-,-) 
  g3419__7098/Y                            -       B->Y  F     NOR2XL         1  0.3    12    12     600    (-,-) 
  g3412__2802/Y                            -       A->Y  R     XNOR2XL        2  1.0    15    42     642    (-,-) 
  g3455__1617/Y                            -       B->Y  F     CLKXOR2X4      1 50.0   106   104     746    (-,-) 
  R[3]                                     -       -     F     (port)         -    -     -     0     746    (-,-) 
#-----------------------------------------------------------------------------------------------------------------



Path 14: MET (10 ps) Late External Delay Assertion at pin R[2]
          Group: vclk
     Startpoint: (R) A[7]
          Clock: (R) vclk
       Endpoint: (F) R[2]
          Clock: (R) vclk

                     Capture       Launch     
        Clock Edge:+    1000            0     
        Drv Adjust:+       0            0     
       Src Latency:+       0            0     
       Net Latency:+       0 (I)        0 (I) 
           Arrival:=    1000            0     
                                              
      Output Delay:-     200                  
       Uncertainty:-      50                  
     Required Time:=     750                  
      Launch Clock:-       0                  
       Input Delay:-     200                  
         Data Path:-     540                  
             Slack:=      10                  

Exceptions/Constraints:
  input_delay              200             opact_Fixed8.sdc_line_14      
  output_delay             200             opact_Fixed8.sdc_line_15_33_1 

#-----------------------------------------------------------------------------------------------------------------
#              Timing Point                Flags   Arc   Edge   Cell     Fanout Load Trans Delay Arrival Instance 
#                                                                               (fF)  (ps)  (ps)   (ps)  Location 
#-----------------------------------------------------------------------------------------------------------------
  A[7]                                     -       -     R     (arrival)      5  4.4     0     0     200    (-,-) 
  g2300/Y                                  -       A->Y  F     CLKINVX4       4  2.1     5     7     207    (-,-) 
  g2284__4733/Y                            -       A->Y  R     NOR2X2         1  0.6    10    12     219    (-,-) 
  g2271__3680/Y                            -       B->Y  F     CLKXOR2X2      3  1.4    13    47     266    (-,-) 
  m_opact_uint/m_opact_core/fopt23625/Y    -       A->Y  R     INVXL          2  0.8    12    13     279    (-,-) 
  m_opact_uint/m_opact_core/fopt23624/Y    -       A->Y  F     CLKINVX1       2  0.7     8    10     289    (-,-) 
  m_opact_uint/m_opact_core/g23479__5107/Y -       B->Y  R     NAND2X1        3  0.9    10    10     299    (-,-) 
  m_opact_uint/m_opact_core/g23324__5115/Y -       A->Y  F     XNOR2X1        2  0.9    10    45     344    (-,-) 
  m_opact_uint/m_opact_core/g23182__1617/Y -       A1->Y R     OAI21X1        2  0.6    20    18     362    (-,-) 
  m_opact_uint/m_opact_core/g23573/Y       -       A->Y  F     INVXL          1  0.5     9    13     375    (-,-) 
  m_opact_uint/m_opact_core/g23049__3680/Y -       A->Y  R     NOR2X1         3  1.5    26    22     397    (-,-) 
  m_opact_uint/m_opact_core/g23006__2802/Y -       A->Y  F     NAND2X1        1  0.4    13    19     416    (-,-) 
  m_opact_uint/m_opact_core/g22978__5115/Y -       C0->Y R     OAI211X1       1  0.6    24    12     428    (-,-) 
  m_opact_uint/m_opact_core/g22942__9315/Y -       B->Y  F     XOR2XL         2  0.4     7    34     462    (-,-) 
  m_opact_uint/m_opact_core/g22904__4733/Y -       B->Y  R     NOR2XL         1  0.6    20    16     478    (-,-) 
  m_opact_uint/m_opact_core/g22848__4319/Y -       B->Y  F     XNOR2X1        4  1.1    12    34     512    (-,-) 
  m_opact_uint/m_opact_core/g22826__5115/Y -       B->Y  R     NOR2XL         2  0.6    20    17     529    (-,-) 
  m_opact_uint/m_opact_core/fopt23611/Y    -       A->Y  F     INVXL          2  0.4     8    12     542    (-,-) 
  m_opact_uint/m_opact_core/g22808__8428/Y -       B->Y  R     NAND2BXL       1  0.5    11    10     552    (-,-) 
  m_opact_uint/m_opact_core/g22785__7098/Y -       A->Y  F     NAND2X1        2  0.9    20    18     570    (-,-) 
  g3458__5122/Y                            -       B->Y  R     XOR2XL         2  0.9    14    30     600    (-,-) 
  g3457__1705/Y                            -       B->Y  F     CLKXOR2X2      1 50.0   181   140     740    (-,-) 
  R[2]                                     -       -     F     (port)         -    -     -     0     740    (-,-) 
#-----------------------------------------------------------------------------------------------------------------



Path 15: MET (48 ps) Late External Delay Assertion at pin R[1]
          Group: vclk
     Startpoint: (R) A[7]
          Clock: (R) vclk
       Endpoint: (F) R[1]
          Clock: (R) vclk

                     Capture       Launch     
        Clock Edge:+    1000            0     
        Drv Adjust:+       0            0     
       Src Latency:+       0            0     
       Net Latency:+       0 (I)        0 (I) 
           Arrival:=    1000            0     
                                              
      Output Delay:-     200                  
       Uncertainty:-      50                  
     Required Time:=     750                  
      Launch Clock:-       0                  
       Input Delay:-     200                  
         Data Path:-     502                  
             Slack:=      48                  

Exceptions/Constraints:
  input_delay              200             opact_Fixed8.sdc_line_14      
  output_delay             200             opact_Fixed8.sdc_line_15_34_1 

#-----------------------------------------------------------------------------------------------------------------
#              Timing Point                Flags   Arc   Edge   Cell     Fanout Load Trans Delay Arrival Instance 
#                                                                               (fF)  (ps)  (ps)   (ps)  Location 
#-----------------------------------------------------------------------------------------------------------------
  A[7]                                     -       -     R     (arrival)      5  4.4     0     0     200    (-,-) 
  g2300/Y                                  -       A->Y  F     CLKINVX4       4  2.1     5     7     207    (-,-) 
  g2284__4733/Y                            -       A->Y  R     NOR2X2         1  0.6    10    12     219    (-,-) 
  g2271__3680/Y                            -       B->Y  F     CLKXOR2X2      3  1.4    13    47     266    (-,-) 
  m_opact_uint/m_opact_core/fopt23625/Y    -       A->Y  R     INVXL          2  0.8    12    13     279    (-,-) 
  m_opact_uint/m_opact_core/fopt23624/Y    -       A->Y  F     CLKINVX1       2  0.7     8    10     289    (-,-) 
  m_opact_uint/m_opact_core/g23479__5107/Y -       B->Y  R     NAND2X1        3  0.9    10    10     299    (-,-) 
  m_opact_uint/m_opact_core/g23324__5115/Y -       A->Y  F     XNOR2X1        2  0.9    10    45     344    (-,-) 
  m_opact_uint/m_opact_core/g23182__1617/Y -       A1->Y R     OAI21X1        2  0.6    20    18     362    (-,-) 
  m_opact_uint/m_opact_core/g23573/Y       -       A->Y  F     INVXL          1  0.5     9    13     375    (-,-) 
  m_opact_uint/m_opact_core/g23049__3680/Y -       A->Y  R     NOR2X1         3  1.5    26    22     397    (-,-) 
  m_opact_uint/m_opact_core/g23039/Y       -       A->Y  F     INVX1          2  0.8    11    15     412    (-,-) 
  m_opact_uint/m_opact_core/g23017__1881/Y -       A->Y  R     NAND2XL        1  0.5    12    12     424    (-,-) 
  m_opact_uint/m_opact_core/g22997__8428/Y -       B0->Y F     OAI21X1        2  0.8    21    20     444    (-,-) 
  m_opact_uint/m_opact_core/g22957__4319/Y -       A1->Y R     AOI22X1        1  0.5    26    25     469    (-,-) 
  m_opact_uint/m_opact_core/g22933__5122/Y -       B0->Y F     OAI21X1        2  0.7    22    24     493    (-,-) 
  g3432__2883/Y                            -       B->Y  R     NOR2XL         2  0.6    21    20     514    (-,-) 
  g3428__6161/Y                            -       B->Y  F     NOR2XL         1  0.3    12    13     526    (-,-) 
  g3422__5115/Y                            -       A->Y  R     XNOR2X1        2  1.1    11    44     570    (-,-) 
  g3399__5107/Y                            -       B->Y  F     XNOR2X2        1 50.0   181   132     702    (-,-) 
  R[1]                                     -       -     F     (port)         -    -     -     0     702    (-,-) 
#-----------------------------------------------------------------------------------------------------------------



Path 16: MET (87 ps) Late External Delay Assertion at pin R[0]
          Group: vclk
     Startpoint: (R) A[7]
          Clock: (R) vclk
       Endpoint: (R) R[0]
          Clock: (R) vclk

                     Capture       Launch     
        Clock Edge:+    1000            0     
        Drv Adjust:+       0            0     
       Src Latency:+       0            0     
       Net Latency:+       0 (I)        0 (I) 
           Arrival:=    1000            0     
                                              
      Output Delay:-     200                  
       Uncertainty:-      50                  
     Required Time:=     750                  
      Launch Clock:-       0                  
       Input Delay:-     200                  
         Data Path:-     463                  
             Slack:=      87                  

Exceptions/Constraints:
  input_delay              200             opact_Fixed8.sdc_line_14      
  output_delay             200             opact_Fixed8.sdc_line_15_35_1 

#-----------------------------------------------------------------------------------------------------------------
#              Timing Point                Flags   Arc   Edge   Cell     Fanout Load Trans Delay Arrival Instance 
#                                                                               (fF)  (ps)  (ps)   (ps)  Location 
#-----------------------------------------------------------------------------------------------------------------
  A[7]                                     -       -     R     (arrival)      5  4.4     0     0     200    (-,-) 
  g2300/Y                                  -       A->Y  F     CLKINVX4       4  2.1     5     7     207    (-,-) 
  g2284__4733/Y                            -       A->Y  R     NOR2X2         1  0.6    10    12     219    (-,-) 
  g2271__3680/Y                            -       B->Y  F     CLKXOR2X2      3  1.4    13    47     266    (-,-) 
  m_opact_uint/m_opact_core/fopt23625/Y    -       A->Y  R     INVXL          2  0.8    12    13     279    (-,-) 
  m_opact_uint/m_opact_core/fopt23624/Y    -       A->Y  F     CLKINVX1       2  0.7     8    10     289    (-,-) 
  m_opact_uint/m_opact_core/g23479__5107/Y -       B->Y  R     NAND2X1        3  0.9    10    10     299    (-,-) 
  m_opact_uint/m_opact_core/g23324__5115/Y -       A->Y  F     XNOR2X1        2  0.9    10    45     344    (-,-) 
  m_opact_uint/m_opact_core/g23182__1617/Y -       A1->Y R     OAI21X1        2  0.6    20    18     362    (-,-) 
  m_opact_uint/m_opact_core/g23574/Y       -       A->Y  R     CLKBUFX2       1  0.6     6    22     384    (-,-) 
  m_opact_uint/m_opact_core/g23540__1617/Y -       B->Y  F     XOR2XL         1  0.3     6    32     416    (-,-) 
  m_opact_uint/m_opact_core/g22976__6131/Y -       B->Y  F     MX2XL          2  0.6    10    32     448    (-,-) 
  g3435__7410/Y                            -       AN->Y F     NAND2BX1       2  0.5    18    23     472    (-,-) 
  g3433__2346/Y                            -       B->Y  R     NAND2XL        1  0.3    10    12     483    (-,-) 
  g3427__4733/Y                            -       A->Y  F     XNOR2X1        2  0.8    10    45     528    (-,-) 
  g3417__8246/Y                            -       B->Y  R     XNOR2X2        1 50.0   176   135     663    (-,-) 
  R[0]                                     -       -     R     (port)         -    -     -     0     663    (-,-) 
#-----------------------------------------------------------------------------------------------------------------

