Command: report datapath -all -print_inferred > ./genus/reports/floating_point_mul_p_2_L1/cadence_45nm/post_elaboration/syn_generic_datapath_report.rpt
============================================================
  Generated by:           Genus(TM) Synthesis Solution 21.10-p002_1
  Generated on:           Apr 11 2026  04:17:19 pm
  Module:                 floating_point_mul_p_2_L1
  Technology libraries:   fast_vdd1v0 1.0
                          physical_cells 
  Operating conditions:   PVT_1P1V_0C 
  Interconnect mode:      global
  Area mode:              physical library
============================================================


Inferred components

                Operator  Signedness   Inputs   Outputs CellArea Line Col       Filename       
===============================================================================================
floating_point_mul_p_2_L1
 add_66_52
  
  module:add_unsigned_74
   very_fast        +     unsigned   8x8        9         178.94   66  52 floating_point_mul_p 
                                                                          _2_L1.v              
===============================================================================================
floating_point_mul_p_2_L1
 add_67_30
  
  module:add_unsigned_76
   very_fast        +     unsigned   9x10       10        200.30   67  30 floating_point_mul_p 
                                                                          _2_L1.v              
===============================================================================================
floating_point_mul_p_2_L1
 m_approx_t
  add_161_37
   
   module:add_unsigned_10
    very_fast       +     unsigned   24x22      25        661.01  161  37 floating_point_mul_p 
                                                                          _2_L1.v              
===============================================================================================
floating_point_mul_p_2_L1
 m_approx_t
  add_162_24
   
   module:add_unsigned_12
    very_fast       +     unsigned   25x25      26        722.43  162  24 floating_point_mul_p 
                                                                          _2_L1.v              
===============================================================================================
floating_point_mul_p_2_L1
 m_approx_t
  add_162_37
   
   module:add_unsigned_10
    very_fast       +     unsigned   24x22      25        661.01  162  37 floating_point_mul_p 
                                                                          _2_L1.v              
===============================================================================================
floating_point_mul_p_2_L1
 m_approx_t
  add_165_37
   
   module:add_unsigned_28
    very_fast       +     unsigned   24x23      25        681.04  165  37 floating_point_mul_p 
                                                                          _2_L1.v              
===============================================================================================
floating_point_mul_p_2_L1
 m_approx_t
  add_165_56
   
   module:add_unsigned_18
    very_fast       +     unsigned   25x22      25        665.01  165  56 floating_point_mul_p 
                                                                          _2_L1.v              
===============================================================================================
floating_point_mul_p_2_L1
 m_approx_t
  add_166_24
   
   module:add_unsigned_12
    very_fast       +     unsigned   25x25      26        722.43  166  24 floating_point_mul_p 
                                                                          _2_L1.v              
===============================================================================================
floating_point_mul_p_2_L1
 m_approx_t
  add_170_24
   
   module:add_unsigned_12
    very_fast       +     unsigned   25x25      26        722.43  170  24 floating_point_mul_p 
                                                                          _2_L1.v              
===============================================================================================
floating_point_mul_p_2_L1
 m_approx_t
  add_170_37
   
   module:add_unsigned_28
    very_fast       +     unsigned   24x23      25        681.04  170  37 floating_point_mul_p 
                                                                          _2_L1.v              
===============================================================================================
floating_point_mul_p_2_L1
 m_approx_t
  add_170_56
   
   module:add_unsigned_18
    very_fast       +     unsigned   25x22      25        665.01  170  56 floating_point_mul_p 
                                                                          _2_L1.v              
===============================================================================================
floating_point_mul_p_2_L1
 m_approx_t
  add_174_24
   
   module:add_unsigned_12
    very_fast       +     unsigned   25x25      26        722.43  174  24 floating_point_mul_p 
                                                                          _2_L1.v              
===============================================================================================
floating_point_mul_p_2_L1
 m_approx_t
  add_260_29
   
   module:add_unsigned
    very_fast       +     unsigned   48x48      48       1605.11  260  29 floating_point_mul_p 
                                                                          _2_L1.v              
===============================================================================================
floating_point_mul_p_2_L1
 m_approx_t
  bms0
   add_293_31
    
    module:add_unsigned
     very_fast      +     unsigned   48x48      48       1605.11  293  31 floating_point_mul_p 
                                                                          _2_L1.v              
===============================================================================================
floating_point_mul_p_2_L1
 m_approx_t
  bms0
   mux_reg_r_285_19
    
    module:bmux
     very_fast binary_mux n/a        2x48x48x48 48        512.78  285  19 floating_point_mul_p 
                                     x48                                  _2_L1.v              
===============================================================================================
floating_point_mul_p_2_L1
 m_approx_t
  bms1
   add_293_31
    
    module:add_unsigned
     very_fast      +     unsigned   48x48      48       1605.11  293  31 floating_point_mul_p 
                                                                          _2_L1.v              
===============================================================================================
floating_point_mul_p_2_L1
 m_approx_t
  bms1
   mux_reg_r_285_19
    
    module:bmux
     very_fast binary_mux n/a        2x48x48x48 48        512.78  285  19 floating_point_mul_p 
                                     x48                                  _2_L1.v              
===============================================================================================
floating_point_mul_p_2_L1
 m_approx_t
  minus_200_68
   
   module:sub_signed
    very_fast       -     signed     1x25       25        739.79  200  68 floating_point_mul_p 
                                                                          _2_L1.v              
===============================================================================================
floating_point_mul_p_2_L1
 m_approx_t
  minus_201_68
   
   module:sub_signed
    very_fast       -     signed     1x25       25        739.79  201  68 floating_point_mul_p 
                                                                          _2_L1.v              
===============================================================================================
floating_point_mul_p_2_L1
 m_approx_t
  mux_177_55
   
   module:bmux_62
    very_fast  binary_mux n/a        1x48x48    48        256.39  177  55 floating_point_mul_p 
                                                                          _2_L1.v              
===============================================================================================
floating_point_mul_p_2_L1
 m_approx_t
  mux_178_55
   
   module:bmux_62
    very_fast  binary_mux n/a        1x48x48    48        256.39  178  55 floating_point_mul_p 
                                                                          _2_L1.v              
===============================================================================================
floating_point_mul_p_2_L1
 m_approx_t
  mux_179_55
   
   module:bmux_62
    very_fast  binary_mux n/a        1x48x48    48        256.39  179  55 floating_point_mul_p 
                                                                          _2_L1.v              
===============================================================================================
floating_point_mul_p_2_L1
 m_approx_t
  mux_184_26
   
   module:bmux_51
    very_fast  binary_mux n/a        1x1x1      1           5.34  184  26 floating_point_mul_p 
                                                                          _2_L1.v              
===============================================================================================
floating_point_mul_p_2_L1
 m_approx_t
  mux_185_49
   
   module:bmux_59
    very_fast  binary_mux n/a        1x2x2      2          10.68  185  49 floating_point_mul_p 
                                                                          _2_L1.v              
===============================================================================================
floating_point_mul_p_2_L1
 m_approx_t
  mux_186_49
   
   module:bmux_59
    very_fast  binary_mux n/a        1x2x2      2          10.68  186  49 floating_point_mul_p 
                                                                          _2_L1.v              
===============================================================================================
floating_point_mul_p_2_L1
 m_approx_t
  mux_187_49
   
   module:bmux_51
    very_fast  binary_mux n/a        1x1x1      1           5.34  187  49 floating_point_mul_p 
                                                                          _2_L1.v              
===============================================================================================
floating_point_mul_p_2_L1
 m_approx_t
  mux_200_30
   
   module:bmux_61
    very_fast  binary_mux n/a        1x25x25    25        133.54  200  30 floating_point_mul_p 
                                                                          _2_L1.v              
===============================================================================================
floating_point_mul_p_2_L1
 m_approx_t
  mux_201_30
   
   module:bmux_61
    very_fast  binary_mux n/a        1x25x25    25        133.54  201  30 floating_point_mul_p 
                                                                          _2_L1.v              
===============================================================================================
floating_point_mul_p_2_L1
 m_approx_t
  mux_214_49
   
   module:bmux_53
    very_fast  binary_mux n/a        1x4x4      4          21.37  214  49 floating_point_mul_p 
                                                                          _2_L1.v              
===============================================================================================
floating_point_mul_p_2_L1
 m_approx_t
  mux_215_49
   
   module:bmux_53
    very_fast  binary_mux n/a        1x4x4      4          21.37  215  49 floating_point_mul_p 
                                                                          _2_L1.v              
===============================================================================================
floating_point_mul_p_2_L1
 m_approx_t
  mux_216_49
   
   module:bmux_53
    very_fast  binary_mux n/a        1x4x4      4          21.37  216  49 floating_point_mul_p 
                                                                          _2_L1.v              
===============================================================================================
floating_point_mul_p_2_L1
 m_approx_t
  mux_238_39
   
   module:bmux_62
    very_fast  binary_mux n/a        1x48x48    48        256.39  238  39 floating_point_mul_p 
                                                                          _2_L1.v              
===============================================================================================
floating_point_mul_p_2_L1
 m_approx_t
  mux_239_40
   
   module:bmux_62
    very_fast  binary_mux n/a        1x48x48    48        256.39  239  40 floating_point_mul_p 
                                                                          _2_L1.v              
===============================================================================================
floating_point_mul_p_2_L1
 m_approx_t
  mux_Region_Enable_219_31
   
   module:mux
    very_fast      mux    n/a        4x1x1x1x1  1          10.68  219  31 floating_point_mul_p 
                                                                          _2_L1.v              
===============================================================================================
floating_point_mul_p_2_L1
 m_approx_t
  sub_163_24
   
   module:sub_unsigned
    very_fast       -     unsigned   26x24      48        750.47  163  24 floating_point_mul_p 
                                                                          _2_L1.v              
===============================================================================================
floating_point_mul_p_2_L1
 m_approx_t
  sub_167_24
   
   module:sub_unsigned_16
    very_fast       -     unsigned   26x25      48        770.50  167  24 floating_point_mul_p 
                                                                          _2_L1.v              
===============================================================================================
floating_point_mul_p_2_L1
 m_approx_t
  sub_171_24
   
   module:sub_unsigned_16
    very_fast       -     unsigned   26x25      48        770.50  171  24 floating_point_mul_p 
                                                                          _2_L1.v              
===============================================================================================
floating_point_mul_p_2_L1
 m_approx_t
  sub_175_24
   
   module:sub_unsigned_16
    very_fast       -     unsigned   26x25      48        770.50  175  24 floating_point_mul_p 
                                                                          _2_L1.v              
===============================================================================================
floating_point_mul_p_2_L1
 m_approx_t
  sub_192_53
   
   module:sub_unsigned_40
    very_fast       -     unsigned   24x24      25        729.11  192  53 floating_point_mul_p 
                                                                          _2_L1.v              
===============================================================================================
floating_point_mul_p_2_L1
 m_approx_t
  sub_193_53
   
   module:sub_unsigned_40
    very_fast       -     unsigned   24x24      25        729.11  193  53 floating_point_mul_p 
                                                                          _2_L1.v              
===============================================================================================
floating_point_mul_p_2_L1
 mux_65_32
  
  module:bmux_56
   very_fast   binary_mux n/a        1x23x23    23        122.85   65  32 floating_point_mul_p 
                                                                          _2_L1.v              
===============================================================================================
floating_point_mul_p_2_L1
 mux_71_30
  
  module:bmux_56
   very_fast   binary_mux n/a        1x23x23    23        122.85   71  30 floating_point_mul_p 
                                                                          _2_L1.v              
===============================================================================================
floating_point_mul_p_2_L1
 mux_71_60
  
  module:bmux_56
   very_fast   binary_mux n/a        1x23x23    23        122.85   71  60 floating_point_mul_p 
                                                                          _2_L1.v              
===============================================================================================
floating_point_mul_p_2_L1
 mux_72_25
  
  module:bmux_77
   very_fast   binary_mux n/a        1x8x8      8          42.73   72  25 floating_point_mul_p 
                                                                          _2_L1.v              
===============================================================================================
floating_point_mul_p_2_L1
 mux_72_50
  
  module:bmux_77
   very_fast   binary_mux n/a        1x8x8      8          42.73   72  50 floating_point_mul_p 
                                                                          _2_L1.v              
===============================================================================================

      Type       CellArea Percentage 
-------------------------------------
datapath modules 18098.18      76.67 
external muxes    3135.43      13.28 
others            2372.95      10.05 
-------------------------------------
total            23606.56     100.00 

