============================================================
  Generated by:           Genus(TM) Synthesis Solution 21.10-p002_1
  Generated on:           Jun 19 2026  11:25:11 am
  Module:                 opact_Fixed8
  Technology library:     fast_vdd1v0 1.0
  Operating conditions:   PVT_1P1V_0C (balanced_tree)
  Wireload mode:          enclosed
  Area mode:              timing library
============================================================

Timing
--------

Clock Period 
-------------
vclk  1000.0 


  Cost    Critical             Violating 
 Group   Path Slack    TNS       Paths   
-----------------------------------------
default    No paths       0.0            
vclk         -299.1   -3221.1         14 
-----------------------------------------
Total                 -3221.1         14 

Instance Count
--------------
Leaf Instance Count             1043 
Physical Instance count            0 
Sequential Instance Count          0 
Combinational Instance Count    1043 
Hierarchical Instance Count        6 

Area
----
Cell Area                          2784.080
Physical Cell Area                 0.000
Total Cell Area (Cell+Physical)    2784.080
Net Area                           0.000
Total Area (Cell+Physical+Net)     2784.080

Runtime                            0.0 seconds
Elapsed Runtime                    21 seconds
Genus peak memory usage            1642.24 
Innovus peak memory usage          no_value 
Hostname                           redhat315b
