

Working Directory = /home/redhat315bd/physical_design_nipun/Physical_design
QoS Summary for fplns_int8
================================================================================
Metric                          fplns_int8_syn_generic
================================================================================
Slack (ps):                      -432
  R2R (ps):                  no_value
  I2R (ps):                  no_value
  R2O (ps):                  no_value
  I2O (ps):                      -432
  CG  (ps):                  no_value
TNS (ps):                      -5,577
  R2R (ps):                  no_value
  I2R (ps):                  no_value
  R2O (ps):                  no_value
  I2O (ps):                    -5,577
  CG  (ps):                  no_value
Failing Paths:                     16
Cell Area:                      2,652
Total Cell Area:                2,652
Leaf Instances:                   994
Total Instances:                  994
Utilization (%):                 0.00
Tot. Net Length (um):        no_value
Avg. Net Length (um):        no_value
Route Overflow H (%):        no_value
Route Overflow V (%):        no_value
MBCI(%) (bits/gate) :            0.00
Norm Cong Hotspot Area:
  Max Cong:                  no_value
  Tot Cong:                  no_value
================================================================================
CPU  Runtime (h:m:s):        00:30:15
Real Runtime (h:m:s):        00:30:15
CPU  Elapsed (h:m:s):        00:30:17
Real Elapsed (h:m:s):        00:30:16
Memory (MB):                  1643.54
================================================================================
================================================================================
Flow Settings:
================================================================================
Total Runtime (h:m:s): 00:30:15
Total Memory (MB):     1643.54
Executable Version:    21.10-p002_1
================================================================================
Total Cell Area =  Cell Area + Physical Cell Area
Total Instances =  Leaf Instances + Physical Instances


