Command: report datapath -all -print_inferred > ./genus/reports/acbam_Fixed8/cadence_45nm/post_elaboration/syn_generic_datapath_report.rpt
============================================================
  Generated by:           Genus(TM) Synthesis Solution 21.10-p002_1
  Generated on:           Jun 19 2026  11:10:07 am
  Module:                 acbam_Fixed8
  Technology library:     fast_vdd1v0 1.0
  Operating conditions:   PVT_1P1V_0C (balanced_tree)
  Wireload mode:          enclosed
  Area mode:              timing library
============================================================


Inferred components

                Operator  Signedness   Inputs   Outputs CellArea Line Col    Filename    
=========================================================================================
acbam_Fixed8
 add_203_48
  
  module:add_unsigned_162
   very_fast        +     unsigned   8x1        8          68.07  203  48 acbam_Fixed8.v 
=========================================================================================
acbam_Fixed8
 add_204_48
  
  module:add_unsigned_162
   very_fast        +     unsigned   8x1        8          68.07  204  48 acbam_Fixed8.v 
=========================================================================================
acbam_Fixed8
 add_215_34
  
  module:add_unsigned
   very_fast        +     unsigned   16x1       16        166.83  215  34 acbam_Fixed8.v 
=========================================================================================
acbam_Fixed8
 add_216_47
  
  module:add_signed
   very_fast        +     signed     16x5       16        404.40  216  47 acbam_Fixed8.v 
=========================================================================================
acbam_Fixed8
 m_uint
  m_core
   add_152_36
    
    module:add_unsigned_34
     very_fast      +     unsigned   16x16      16        401.73  152  36 acbam_Fixed8.v 
=========================================================================================
acbam_Fixed8
 m_uint
  m_core
   add_152_49
    
    module:add_unsigned_34
     very_fast      +     unsigned   16x16      16        401.73  152  49 acbam_Fixed8.v 
=========================================================================================
acbam_Fixed8
 m_uint
  m_core
   add_152_62
    
    module:add_unsigned_34
     very_fast      +     unsigned   16x16      16        401.73  152  62 acbam_Fixed8.v 
=========================================================================================
acbam_Fixed8
 m_uint
  m_core
   add_152_75
    
    module:add_unsigned_34
     very_fast      +     unsigned   16x16      16        401.73  152  75 acbam_Fixed8.v 
=========================================================================================
acbam_Fixed8
 m_uint
  m_core
   add_157_27
    
    module:add_unsigned_34
     very_fast      +     unsigned   16x16      16        401.73  157  27 acbam_Fixed8.v 
=========================================================================================
acbam_Fixed8
 m_uint
  m_core
   add_43_31_I2
    
    module:add_unsigned_76
     very_fast      +     unsigned   4x1        4          26.69   43  31 acbam_Fixed8.v 
=========================================================================================
acbam_Fixed8
 m_uint
  m_core
   add_43_31_I3
    
    module:add_unsigned_76
     very_fast      +     unsigned   4x1        4          26.69   43  31 acbam_Fixed8.v 
=========================================================================================
acbam_Fixed8
 m_uint
  m_core
   add_43_31_I4
    
    module:add_unsigned_76
     very_fast      +     unsigned   4x1        4          26.69   43  31 acbam_Fixed8.v 
=========================================================================================
acbam_Fixed8
 m_uint
  m_core
   add_43_31_I5
    
    module:add_unsigned_76
     very_fast      +     unsigned   4x1        4          26.69   43  31 acbam_Fixed8.v 
=========================================================================================
acbam_Fixed8
 m_uint
  m_core
   add_43_31_I6
    
    module:add_unsigned_76
     very_fast      +     unsigned   4x1        4          26.69   43  31 acbam_Fixed8.v 
=========================================================================================
acbam_Fixed8
 m_uint
  m_core
   booth_pp_103_18:add_83_40
    
    module:add_unsigned
     very_fast      +     unsigned   16x1       16        166.83   83  40 acbam_Fixed8.v 
=========================================================================================
acbam_Fixed8
 m_uint
  m_core
   booth_pp_103_18:mux_booth_pp_82_17
    
    module:bmux
     very_fast binary_mux n/a        1x16x16    16         85.42   82  17 acbam_Fixed8.v 
=========================================================================================
acbam_Fixed8
 m_uint
  m_core
   booth_pp_103_18:mux_pp_mag_68_19
    
    module:mux_1
     very_fast     mux    n/a        8x9x9x9x9x 9         192.19   68  19 acbam_Fixed8.v 
                                     9x9x9x9                                             
=========================================================================================
acbam_Fixed8
 m_uint
  m_core
   booth_pp_103_18:mux_pp_neg_68_19
    
    module:mux
     very_fast     mux    n/a        8x1x1x1x1x 1          21.35   68  19 acbam_Fixed8.v 
                                     1x1x1x1                                             
=========================================================================================
acbam_Fixed8
 m_uint
  m_core
   booth_pp_104_18:add_83_40
    
    module:add_unsigned
     very_fast      +     unsigned   16x1       16        166.83   83  40 acbam_Fixed8.v 
=========================================================================================
acbam_Fixed8
 m_uint
  m_core
   booth_pp_104_18:mux_booth_pp_82_17
    
    module:bmux
     very_fast binary_mux n/a        1x16x16    16         85.42   82  17 acbam_Fixed8.v 
=========================================================================================
acbam_Fixed8
 m_uint
  m_core
   booth_pp_104_18:mux_pp_mag_68_19
    
    module:mux_1
     very_fast     mux    n/a        8x9x9x9x9x 9         192.19   68  19 acbam_Fixed8.v 
                                     9x9x9x9                                             
=========================================================================================
acbam_Fixed8
 m_uint
  m_core
   booth_pp_104_18:mux_pp_neg_68_19
    
    module:mux
     very_fast     mux    n/a        8x1x1x1x1x 1          21.35   68  19 acbam_Fixed8.v 
                                     1x1x1x1                                             
=========================================================================================
acbam_Fixed8
 m_uint
  m_core
   booth_pp_105_18:add_83_40
    
    module:add_unsigned
     very_fast      +     unsigned   16x1       16        166.83   83  40 acbam_Fixed8.v 
=========================================================================================
acbam_Fixed8
 m_uint
  m_core
   booth_pp_105_18:mux_booth_pp_82_17
    
    module:bmux
     very_fast binary_mux n/a        1x16x16    16         85.42   82  17 acbam_Fixed8.v 
=========================================================================================
acbam_Fixed8
 m_uint
  m_core
   booth_pp_105_18:mux_pp_mag_68_19
    
    module:mux_1
     very_fast     mux    n/a        8x9x9x9x9x 9         192.19   68  19 acbam_Fixed8.v 
                                     9x9x9x9                                             
=========================================================================================
acbam_Fixed8
 m_uint
  m_core
   booth_pp_105_18:mux_pp_neg_68_19
    
    module:mux
     very_fast     mux    n/a        8x1x1x1x1x 1          21.35   68  19 acbam_Fixed8.v 
                                     1x1x1x1                                             
=========================================================================================
acbam_Fixed8
 m_uint
  m_core
   booth_pp_106_18:add_83_40
    
    module:add_unsigned
     very_fast      +     unsigned   16x1       16        166.83   83  40 acbam_Fixed8.v 
=========================================================================================
acbam_Fixed8
 m_uint
  m_core
   booth_pp_106_18:mux_booth_pp_82_17
    
    module:bmux
     very_fast binary_mux n/a        1x16x16    16         85.42   82  17 acbam_Fixed8.v 
=========================================================================================
acbam_Fixed8
 m_uint
  m_core
   booth_pp_106_18:mux_pp_mag_68_19
    
    module:mux_1
     very_fast     mux    n/a        8x9x9x9x9x 9         192.19   68  19 acbam_Fixed8.v 
                                     9x9x9x9                                             
=========================================================================================
acbam_Fixed8
 m_uint
  m_core
   booth_pp_106_18:mux_pp_neg_68_19
    
    module:mux
     very_fast     mux    n/a        8x1x1x1x1x 1          21.35   68  19 acbam_Fixed8.v 
                                     1x1x1x1                                             
=========================================================================================
acbam_Fixed8
 m_uint
  m_core
   gte_120_19
    
    module:geq_unsigned
     very_fast     >=     unsigned   4x1        1          16.02  120  19 acbam_Fixed8.v 
=========================================================================================
acbam_Fixed8
 m_uint
  m_core
   gte_121_19
    
    module:geq_unsigned_72
     very_fast     >=     unsigned   4x2        1          24.02  121  19 acbam_Fixed8.v 
=========================================================================================
acbam_Fixed8
 m_uint
  m_core
   gte_122_19
    
    module:geq_unsigned_72
     very_fast     >=     unsigned   4x2        1          24.02  122  19 acbam_Fixed8.v 
=========================================================================================
acbam_Fixed8
 m_uint
  m_core
   lt_126_20_I1
    
    module:lt_unsigned_68
     very_fast      <     unsigned   1x4        1          14.68  126  20 acbam_Fixed8.v 
=========================================================================================
acbam_Fixed8
 m_uint
  m_core
   lt_126_20_I10
    
    module:lt_unsigned
     very_fast      <     unsigned   4x4        1          46.71  126  20 acbam_Fixed8.v 
=========================================================================================
acbam_Fixed8
 m_uint
  m_core
   lt_126_20_I11
    
    module:lt_unsigned
     very_fast      <     unsigned   4x4        1          46.71  126  20 acbam_Fixed8.v 
=========================================================================================
acbam_Fixed8
 m_uint
  m_core
   lt_126_20_I12
    
    module:lt_unsigned
     very_fast      <     unsigned   4x4        1          46.71  126  20 acbam_Fixed8.v 
=========================================================================================
acbam_Fixed8
 m_uint
  m_core
   lt_126_20_I13
    
    module:lt_unsigned
     very_fast      <     unsigned   4x4        1          46.71  126  20 acbam_Fixed8.v 
=========================================================================================
acbam_Fixed8
 m_uint
  m_core
   lt_126_20_I14
    
    module:lt_unsigned
     very_fast      <     unsigned   4x4        1          46.71  126  20 acbam_Fixed8.v 
=========================================================================================
acbam_Fixed8
 m_uint
  m_core
   lt_126_20_I15
    
    module:lt_unsigned
     very_fast      <     unsigned   4x4        1          46.71  126  20 acbam_Fixed8.v 
=========================================================================================
acbam_Fixed8
 m_uint
  m_core
   lt_126_20_I2
    
    module:lt_unsigned_68
     very_fast      <     unsigned   1x4        1          14.68  126  20 acbam_Fixed8.v 
=========================================================================================
acbam_Fixed8
 m_uint
  m_core
   lt_126_20_I3
    
    module:lt_unsigned_64
     very_fast      <     unsigned   2x4        1          22.69  126  20 acbam_Fixed8.v 
=========================================================================================
acbam_Fixed8
 m_uint
  m_core
   lt_126_20_I4
    
    module:lt_unsigned_64
     very_fast      <     unsigned   2x4        1          22.69  126  20 acbam_Fixed8.v 
=========================================================================================
acbam_Fixed8
 m_uint
  m_core
   lt_126_20_I5
    
    module:lt_unsigned_56
     very_fast      <     unsigned   3x4        1          37.37  126  20 acbam_Fixed8.v 
=========================================================================================
acbam_Fixed8
 m_uint
  m_core
   lt_126_20_I6
    
    module:lt_unsigned_56
     very_fast      <     unsigned   3x4        1          37.37  126  20 acbam_Fixed8.v 
=========================================================================================
acbam_Fixed8
 m_uint
  m_core
   lt_126_20_I7
    
    module:lt_unsigned_56
     very_fast      <     unsigned   3x4        1          37.37  126  20 acbam_Fixed8.v 
=========================================================================================
acbam_Fixed8
 m_uint
  m_core
   lt_126_20_I8
    
    module:lt_unsigned_56
     very_fast      <     unsigned   3x4        1          37.37  126  20 acbam_Fixed8.v 
=========================================================================================
acbam_Fixed8
 m_uint
  m_core
   lt_126_20_I9
    
    module:lt_unsigned
     very_fast      <     unsigned   4x4        1          46.71  126  20 acbam_Fixed8.v 
=========================================================================================
acbam_Fixed8
 m_uint
  m_core
   mux_155_34
    
    module:bmux_158
     very_fast binary_mux n/a        1x8x8      8          42.71  155  34 acbam_Fixed8.v 
=========================================================================================
acbam_Fixed8
 m_uint
  m_core
   mux_cmbsop_k_val_42_17
    
    module:mux_91
     very_fast     mux    n/a        7x4x4x4x4x 4          74.74   42  17 acbam_Fixed8.v 
                                     4x4x4                                               
=========================================================================================
acbam_Fixed8
 m_uint
  m_core
   mux_level_42_17
    
    module:bmux_17
     very_fast binary_mux n/a        1x1x1      1           5.34   42  17 acbam_Fixed8.v 
=========================================================================================
acbam_Fixed8
 m_uint
  m_core
   mux_level_42_25
    
    module:bmux_86
     very_fast binary_mux n/a        1x4x4      4          21.35   42  17 acbam_Fixed8.v 
=========================================================================================
acbam_Fixed8
 m_uint
  m_core
   mux_level_42_26
    
    module:bmux_86
     very_fast binary_mux n/a        1x4x4      4          21.35   42  17 acbam_Fixed8.v 
=========================================================================================
acbam_Fixed8
 m_uint
  m_core
   mux_level_42_27
    
    module:bmux_86
     very_fast binary_mux n/a        1x4x4      4          21.35   42  17 acbam_Fixed8.v 
=========================================================================================
acbam_Fixed8
 m_uint
  m_core
   mux_level_42_28
    
    module:bmux_86
     very_fast binary_mux n/a        1x4x4      4          21.35   42  17 acbam_Fixed8.v 
=========================================================================================
acbam_Fixed8
 m_uint
  m_core
   mux_level_42_29
    
    module:bmux_86
     very_fast binary_mux n/a        1x4x4      4          21.35   42  17 acbam_Fixed8.v 
=========================================================================================
acbam_Fixed8
 m_uint
  m_core
   mux_pp0_masked_120_19
    
    module:bmux
     very_fast binary_mux n/a        1x16x16    16         85.42  120  19 acbam_Fixed8.v 
=========================================================================================
acbam_Fixed8
 m_uint
  m_core
   mux_pp0_masked_126_20
    
    module:bmux_17
     very_fast binary_mux n/a        1x1x1      1           5.34  126  20 acbam_Fixed8.v 
=========================================================================================
acbam_Fixed8
 m_uint
  m_core
   mux_pp0_masked_126_46
    
    module:bmux_17
     very_fast binary_mux n/a        1x1x1      1           5.34  126  20 acbam_Fixed8.v 
=========================================================================================
acbam_Fixed8
 m_uint
  m_core
   mux_pp0_masked_126_47
    
    module:bmux_17
     very_fast binary_mux n/a        1x1x1      1           5.34  126  20 acbam_Fixed8.v 
=========================================================================================
acbam_Fixed8
 m_uint
  m_core
   mux_pp0_masked_126_48
    
    module:bmux_17
     very_fast binary_mux n/a        1x1x1      1           5.34  126  20 acbam_Fixed8.v 
=========================================================================================
acbam_Fixed8
 m_uint
  m_core
   mux_pp0_masked_126_49
    
    module:bmux_17
     very_fast binary_mux n/a        1x1x1      1           5.34  126  20 acbam_Fixed8.v 
=========================================================================================
acbam_Fixed8
 m_uint
  m_core
   mux_pp0_masked_126_50
    
    module:bmux_17
     very_fast binary_mux n/a        1x1x1      1           5.34  126  20 acbam_Fixed8.v 
=========================================================================================
acbam_Fixed8
 m_uint
  m_core
   mux_pp0_masked_126_51
    
    module:bmux_17
     very_fast binary_mux n/a        1x1x1      1           5.34  126  20 acbam_Fixed8.v 
=========================================================================================
acbam_Fixed8
 m_uint
  m_core
   mux_pp0_masked_126_52
    
    module:bmux_17
     very_fast binary_mux n/a        1x1x1      1           5.34  126  20 acbam_Fixed8.v 
=========================================================================================
acbam_Fixed8
 m_uint
  m_core
   mux_pp0_masked_126_53
    
    module:bmux_17
     very_fast binary_mux n/a        1x1x1      1           5.34  126  20 acbam_Fixed8.v 
=========================================================================================
acbam_Fixed8
 m_uint
  m_core
   mux_pp0_masked_126_54
    
    module:bmux_17
     very_fast binary_mux n/a        1x1x1      1           5.34  126  20 acbam_Fixed8.v 
=========================================================================================
acbam_Fixed8
 m_uint
  m_core
   mux_pp0_masked_126_55
    
    module:bmux_17
     very_fast binary_mux n/a        1x1x1      1           5.34  126  20 acbam_Fixed8.v 
=========================================================================================
acbam_Fixed8
 m_uint
  m_core
   mux_pp0_masked_126_56
    
    module:bmux_17
     very_fast binary_mux n/a        1x1x1      1           5.34  126  20 acbam_Fixed8.v 
=========================================================================================
acbam_Fixed8
 m_uint
  m_core
   mux_pp0_masked_126_57
    
    module:bmux_17
     very_fast binary_mux n/a        1x1x1      1           5.34  126  20 acbam_Fixed8.v 
=========================================================================================
acbam_Fixed8
 m_uint
  m_core
   mux_pp0_masked_126_58
    
    module:bmux_17
     very_fast binary_mux n/a        1x1x1      1           5.34  126  20 acbam_Fixed8.v 
=========================================================================================
acbam_Fixed8
 m_uint
  m_core
   mux_pp0_masked_126_59
    
    module:bmux_17
     very_fast binary_mux n/a        1x1x1      1           5.34  126  20 acbam_Fixed8.v 
=========================================================================================
acbam_Fixed8
 m_uint
  m_core
   mux_pp1_masked_121_19
    
    module:bmux
     very_fast binary_mux n/a        1x16x16    16         85.42  121  19 acbam_Fixed8.v 
=========================================================================================
acbam_Fixed8
 m_uint
  m_core
   mux_pp1_masked_126_20
    
    module:bmux_17
     very_fast binary_mux n/a        1x1x1      1           5.34  126  20 acbam_Fixed8.v 
=========================================================================================
acbam_Fixed8
 m_uint
  m_core
   mux_pp1_masked_126_61
    
    module:bmux_17
     very_fast binary_mux n/a        1x1x1      1           5.34  126  20 acbam_Fixed8.v 
=========================================================================================
acbam_Fixed8
 m_uint
  m_core
   mux_pp1_masked_126_62
    
    module:bmux_17
     very_fast binary_mux n/a        1x1x1      1           5.34  126  20 acbam_Fixed8.v 
=========================================================================================
acbam_Fixed8
 m_uint
  m_core
   mux_pp1_masked_126_63
    
    module:bmux_17
     very_fast binary_mux n/a        1x1x1      1           5.34  126  20 acbam_Fixed8.v 
=========================================================================================
acbam_Fixed8
 m_uint
  m_core
   mux_pp1_masked_126_64
    
    module:bmux_17
     very_fast binary_mux n/a        1x1x1      1           5.34  126  20 acbam_Fixed8.v 
=========================================================================================
acbam_Fixed8
 m_uint
  m_core
   mux_pp1_masked_126_65
    
    module:bmux_17
     very_fast binary_mux n/a        1x1x1      1           5.34  126  20 acbam_Fixed8.v 
=========================================================================================
acbam_Fixed8
 m_uint
  m_core
   mux_pp1_masked_126_66
    
    module:bmux_17
     very_fast binary_mux n/a        1x1x1      1           5.34  126  20 acbam_Fixed8.v 
=========================================================================================
acbam_Fixed8
 m_uint
  m_core
   mux_pp1_masked_126_67
    
    module:bmux_17
     very_fast binary_mux n/a        1x1x1      1           5.34  126  20 acbam_Fixed8.v 
=========================================================================================
acbam_Fixed8
 m_uint
  m_core
   mux_pp1_masked_126_68
    
    module:bmux_17
     very_fast binary_mux n/a        1x1x1      1           5.34  126  20 acbam_Fixed8.v 
=========================================================================================
acbam_Fixed8
 m_uint
  m_core
   mux_pp1_masked_126_69
    
    module:bmux_17
     very_fast binary_mux n/a        1x1x1      1           5.34  126  20 acbam_Fixed8.v 
=========================================================================================
acbam_Fixed8
 m_uint
  m_core
   mux_pp1_masked_126_70
    
    module:bmux_17
     very_fast binary_mux n/a        1x1x1      1           5.34  126  20 acbam_Fixed8.v 
=========================================================================================
acbam_Fixed8
 m_uint
  m_core
   mux_pp1_masked_126_71
    
    module:bmux_17
     very_fast binary_mux n/a        1x1x1      1           5.34  126  20 acbam_Fixed8.v 
=========================================================================================
acbam_Fixed8
 m_uint
  m_core
   mux_pp1_masked_126_72
    
    module:bmux_17
     very_fast binary_mux n/a        1x1x1      1           5.34  126  20 acbam_Fixed8.v 
=========================================================================================
acbam_Fixed8
 m_uint
  m_core
   mux_pp1_masked_126_73
    
    module:bmux_17
     very_fast binary_mux n/a        1x1x1      1           5.34  126  20 acbam_Fixed8.v 
=========================================================================================
acbam_Fixed8
 m_uint
  m_core
   mux_pp1_masked_126_74
    
    module:bmux_17
     very_fast binary_mux n/a        1x1x1      1           5.34  126  20 acbam_Fixed8.v 
=========================================================================================
acbam_Fixed8
 m_uint
  m_core
   mux_pp2_masked_122_19
    
    module:bmux
     very_fast binary_mux n/a        1x16x16    16         85.42  122  19 acbam_Fixed8.v 
=========================================================================================
acbam_Fixed8
 m_uint
  m_core
   mux_pp2_masked_126_20
    
    module:bmux_17
     very_fast binary_mux n/a        1x1x1      1           5.34  126  20 acbam_Fixed8.v 
=========================================================================================
acbam_Fixed8
 m_uint
  m_core
   mux_pp2_masked_126_76
    
    module:bmux_17
     very_fast binary_mux n/a        1x1x1      1           5.34  126  20 acbam_Fixed8.v 
=========================================================================================
acbam_Fixed8
 m_uint
  m_core
   mux_pp2_masked_126_77
    
    module:bmux_17
     very_fast binary_mux n/a        1x1x1      1           5.34  126  20 acbam_Fixed8.v 
=========================================================================================
acbam_Fixed8
 m_uint
  m_core
   mux_pp2_masked_126_78
    
    module:bmux_17
     very_fast binary_mux n/a        1x1x1      1           5.34  126  20 acbam_Fixed8.v 
=========================================================================================
acbam_Fixed8
 m_uint
  m_core
   mux_pp2_masked_126_79
    
    module:bmux_17
     very_fast binary_mux n/a        1x1x1      1           5.34  126  20 acbam_Fixed8.v 
=========================================================================================
acbam_Fixed8
 m_uint
  m_core
   mux_pp2_masked_126_80
    
    module:bmux_17
     very_fast binary_mux n/a        1x1x1      1           5.34  126  20 acbam_Fixed8.v 
=========================================================================================
acbam_Fixed8
 m_uint
  m_core
   mux_pp2_masked_126_81
    
    module:bmux_17
     very_fast binary_mux n/a        1x1x1      1           5.34  126  20 acbam_Fixed8.v 
=========================================================================================
acbam_Fixed8
 m_uint
  m_core
   mux_pp2_masked_126_82
    
    module:bmux_17
     very_fast binary_mux n/a        1x1x1      1           5.34  126  20 acbam_Fixed8.v 
=========================================================================================
acbam_Fixed8
 m_uint
  m_core
   mux_pp2_masked_126_83
    
    module:bmux_17
     very_fast binary_mux n/a        1x1x1      1           5.34  126  20 acbam_Fixed8.v 
=========================================================================================
acbam_Fixed8
 m_uint
  m_core
   mux_pp2_masked_126_84
    
    module:bmux_17
     very_fast binary_mux n/a        1x1x1      1           5.34  126  20 acbam_Fixed8.v 
=========================================================================================
acbam_Fixed8
 m_uint
  m_core
   mux_pp2_masked_126_85
    
    module:bmux_17
     very_fast binary_mux n/a        1x1x1      1           5.34  126  20 acbam_Fixed8.v 
=========================================================================================
acbam_Fixed8
 m_uint
  m_core
   mux_pp2_masked_126_86
    
    module:bmux_17
     very_fast binary_mux n/a        1x1x1      1           5.34  126  20 acbam_Fixed8.v 
=========================================================================================
acbam_Fixed8
 m_uint
  m_core
   mux_pp2_masked_126_87
    
    module:bmux_17
     very_fast binary_mux n/a        1x1x1      1           5.34  126  20 acbam_Fixed8.v 
=========================================================================================
acbam_Fixed8
 m_uint
  m_core
   mux_pp2_masked_126_88
    
    module:bmux_17
     very_fast binary_mux n/a        1x1x1      1           5.34  126  20 acbam_Fixed8.v 
=========================================================================================
acbam_Fixed8
 m_uint
  m_core
   mux_pp2_masked_126_89
    
    module:bmux_17
     very_fast binary_mux n/a        1x1x1      1           5.34  126  20 acbam_Fixed8.v 
=========================================================================================
acbam_Fixed8
 m_uint
  m_core
   mux_pp3_masked_126_100
    
    module:bmux_17
     very_fast binary_mux n/a        1x1x1      1           5.34  126  20 acbam_Fixed8.v 
=========================================================================================
acbam_Fixed8
 m_uint
  m_core
   mux_pp3_masked_126_101
    
    module:bmux_17
     very_fast binary_mux n/a        1x1x1      1           5.34  126  20 acbam_Fixed8.v 
=========================================================================================
acbam_Fixed8
 m_uint
  m_core
   mux_pp3_masked_126_102
    
    module:bmux_17
     very_fast binary_mux n/a        1x1x1      1           5.34  126  20 acbam_Fixed8.v 
=========================================================================================
acbam_Fixed8
 m_uint
  m_core
   mux_pp3_masked_126_103
    
    module:bmux_17
     very_fast binary_mux n/a        1x1x1      1           5.34  126  20 acbam_Fixed8.v 
=========================================================================================
acbam_Fixed8
 m_uint
  m_core
   mux_pp3_masked_126_20
    
    module:bmux_17
     very_fast binary_mux n/a        1x1x1      1           5.34  126  20 acbam_Fixed8.v 
=========================================================================================
acbam_Fixed8
 m_uint
  m_core
   mux_pp3_masked_126_90
    
    module:bmux_17
     very_fast binary_mux n/a        1x1x1      1           5.34  126  20 acbam_Fixed8.v 
=========================================================================================
acbam_Fixed8
 m_uint
  m_core
   mux_pp3_masked_126_91
    
    module:bmux_17
     very_fast binary_mux n/a        1x1x1      1           5.34  126  20 acbam_Fixed8.v 
=========================================================================================
acbam_Fixed8
 m_uint
  m_core
   mux_pp3_masked_126_92
    
    module:bmux_17
     very_fast binary_mux n/a        1x1x1      1           5.34  126  20 acbam_Fixed8.v 
=========================================================================================
acbam_Fixed8
 m_uint
  m_core
   mux_pp3_masked_126_93
    
    module:bmux_17
     very_fast binary_mux n/a        1x1x1      1           5.34  126  20 acbam_Fixed8.v 
=========================================================================================
acbam_Fixed8
 m_uint
  m_core
   mux_pp3_masked_126_94
    
    module:bmux_17
     very_fast binary_mux n/a        1x1x1      1           5.34  126  20 acbam_Fixed8.v 
=========================================================================================
acbam_Fixed8
 m_uint
  m_core
   mux_pp3_masked_126_95
    
    module:bmux_17
     very_fast binary_mux n/a        1x1x1      1           5.34  126  20 acbam_Fixed8.v 
=========================================================================================
acbam_Fixed8
 m_uint
  m_core
   mux_pp3_masked_126_96
    
    module:bmux_17
     very_fast binary_mux n/a        1x1x1      1           5.34  126  20 acbam_Fixed8.v 
=========================================================================================
acbam_Fixed8
 m_uint
  m_core
   mux_pp3_masked_126_97
    
    module:bmux_17
     very_fast binary_mux n/a        1x1x1      1           5.34  126  20 acbam_Fixed8.v 
=========================================================================================
acbam_Fixed8
 m_uint
  m_core
   mux_pp3_masked_126_98
    
    module:bmux_17
     very_fast binary_mux n/a        1x1x1      1           5.34  126  20 acbam_Fixed8.v 
=========================================================================================
acbam_Fixed8
 m_uint
  m_core
   mux_pp3_masked_126_99
    
    module:bmux_17
     very_fast binary_mux n/a        1x1x1      1           5.34  126  20 acbam_Fixed8.v 
=========================================================================================
acbam_Fixed8
 m_uint
  m_core
   mux_sign_correction_142_24
    
    module:bmux
     very_fast binary_mux n/a        1x16x16    16         85.42  142  24 acbam_Fixed8.v 
=========================================================================================
acbam_Fixed8
 m_uint
  m_core
   mux_sign_correction_143_10
    
    module:bmux_17
     very_fast binary_mux n/a        1x1x1      1           5.34  143  13 acbam_Fixed8.v 
=========================================================================================
acbam_Fixed8
 m_uint
  m_core
   mux_sign_correction_143_11
    
    module:bmux_17
     very_fast binary_mux n/a        1x1x1      1           5.34  143  13 acbam_Fixed8.v 
=========================================================================================
acbam_Fixed8
 m_uint
  m_core
   mux_sign_correction_143_12
    
    module:bmux_17
     very_fast binary_mux n/a        1x1x1      1           5.34  143  13 acbam_Fixed8.v 
=========================================================================================
acbam_Fixed8
 m_uint
  m_core
   mux_sign_correction_143_13
    
    module:bmux_17
     very_fast binary_mux n/a        1x1x1      1           5.34  143  13 acbam_Fixed8.v 
=========================================================================================
acbam_Fixed8
 m_uint
  m_core
   mux_sign_correction_143_14
    
    module:bmux_17
     very_fast binary_mux n/a        1x1x1      1           5.34  143  13 acbam_Fixed8.v 
=========================================================================================
acbam_Fixed8
 m_uint
  m_core
   mux_sign_correction_143_15
    
    module:bmux_17
     very_fast binary_mux n/a        1x1x1      1           5.34  143  13 acbam_Fixed8.v 
=========================================================================================
acbam_Fixed8
 m_uint
  m_core
   mux_sign_correction_143_16
    
    module:bmux_17
     very_fast binary_mux n/a        1x1x1      1           5.34  143  13 acbam_Fixed8.v 
=========================================================================================
acbam_Fixed8
 m_uint
  m_core
   mux_sign_correction_143_17
    
    module:bmux_17
     very_fast binary_mux n/a        1x1x1      1           5.34  143  13 acbam_Fixed8.v 
=========================================================================================
acbam_Fixed8
 m_uint
  m_core
   mux_sign_correction_143_2
    
    module:bmux_17
     very_fast binary_mux n/a        1x1x1      1           5.34  143  13 acbam_Fixed8.v 
=========================================================================================
acbam_Fixed8
 m_uint
  m_core
   mux_sign_correction_143_3
    
    module:bmux_17
     very_fast binary_mux n/a        1x1x1      1           5.34  143  13 acbam_Fixed8.v 
=========================================================================================
acbam_Fixed8
 m_uint
  m_core
   mux_sign_correction_143_4
    
    module:bmux_17
     very_fast binary_mux n/a        1x1x1      1           5.34  143  13 acbam_Fixed8.v 
=========================================================================================
acbam_Fixed8
 m_uint
  m_core
   mux_sign_correction_143_5
    
    module:bmux_17
     very_fast binary_mux n/a        1x1x1      1           5.34  143  13 acbam_Fixed8.v 
=========================================================================================
acbam_Fixed8
 m_uint
  m_core
   mux_sign_correction_143_6
    
    module:bmux_17
     very_fast binary_mux n/a        1x1x1      1           5.34  143  13 acbam_Fixed8.v 
=========================================================================================
acbam_Fixed8
 m_uint
  m_core
   mux_sign_correction_143_7
    
    module:bmux_17
     very_fast binary_mux n/a        1x1x1      1           5.34  143  13 acbam_Fixed8.v 
=========================================================================================
acbam_Fixed8
 m_uint
  m_core
   mux_sign_correction_143_8
    
    module:bmux_17
     very_fast binary_mux n/a        1x1x1      1           5.34  143  13 acbam_Fixed8.v 
=========================================================================================
acbam_Fixed8
 m_uint
  m_core
   mux_sign_correction_143_9
    
    module:bmux_17
     very_fast binary_mux n/a        1x1x1      1           5.34  143  13 acbam_Fixed8.v 
=========================================================================================
acbam_Fixed8
 m_uint
  m_core
   mux_sign_correction_145_24
    
    module:bmux_86
     very_fast binary_mux n/a        1x4x4      4          21.35  145  24 acbam_Fixed8.v 
=========================================================================================
acbam_Fixed8
 mux_203_20
  
  module:bmux_158
   very_fast   binary_mux n/a        1x8x8      8          42.71  203  20 acbam_Fixed8.v 
=========================================================================================
acbam_Fixed8
 mux_204_20
  
  module:bmux_158
   very_fast   binary_mux n/a        1x8x8      8          42.71  204  20 acbam_Fixed8.v 
=========================================================================================
acbam_Fixed8
 mux_215_17
  
  module:bmux
   very_fast   binary_mux n/a        1x16x16    16         85.42  215  17 acbam_Fixed8.v 
=========================================================================================

      Type       CellArea Percentage 
-------------------------------------
datapath modules  4132.08      59.61 
external muxes    2365.00      34.12 
others             435.09       6.28 
-------------------------------------
total             6932.17     100.00 

