============================================================
  Generated by:           Genus(TM) Synthesis Solution 21.10-p002_1
  Generated on:           Apr 11 2026  03:35:46 pm
  Module:                 signed_int_mul_p_1_L0
  Technology libraries:   fast_vdd1v0 1.0
                          physical_cells 
  Operating conditions:   PVT_1P1V_0C 
  Interconnect mode:      global
  Area mode:              physical library
============================================================

                                 Leakage  
   Gate    Instances    Area   Power (nW)     Library    
---------------------------------------------------------
ACHCONX2           4    50.616      2.468    fast_vdd1v0 
ADDFHX1            5    37.620      2.051    fast_vdd1v0 
ADDFHX2            1     8.208      0.490    fast_vdd1v0 
ADDFHX4            1     9.576      0.685    fast_vdd1v0 
ADDFX1             2    10.260      0.685    fast_vdd1v0 
ADDFXL             1     6.840      0.302    fast_vdd1v0 
ADDHX1             7    26.334      1.888    fast_vdd1v0 
AND2X1             9    12.312      0.754    fast_vdd1v0 
AND2X2             5     8.550      0.621    fast_vdd1v0 
AND2X4             3     8.208      0.667    fast_vdd1v0 
AND2X6             5    18.810      1.823    fast_vdd1v0 
AO22X1             1     2.736      0.127    fast_vdd1v0 
AOI211X4           2    12.996      1.283    fast_vdd1v0 
AOI21X1            4     6.840      0.408    fast_vdd1v0 
AOI21X2           11    30.096      2.328    fast_vdd1v0 
AOI21X4           45   230.850     18.577    fast_vdd1v0 
AOI221X4           3    23.598      2.153    fast_vdd1v0 
AOI22X1            4     8.208      0.545    fast_vdd1v0 
AOI22X2            9    33.858      2.221    fast_vdd1v0 
AOI22X4           14    86.184      7.382    fast_vdd1v0 
AOI2BB1X1          3     6.156      0.423    fast_vdd1v0 
AOI2BB1X2          1     3.078      0.209    fast_vdd1v0 
AOI2BB1X4          5    20.520      2.124    fast_vdd1v0 
AOI2BB2X4          1     7.524      0.609    fast_vdd1v0 
AOI31X4            1     6.498      0.495    fast_vdd1v0 
AOI32X1            2     4.788      0.315    fast_vdd1v0 
AOI32X2            1     4.446      0.272    fast_vdd1v0 
AOI32X4            1     7.866      0.555    fast_vdd1v0 
BMXIX2             3    22.572      1.154    fast_vdd1v0 
BUFX12             2    10.260      1.185    fast_vdd1v0 
BUFX2             46    78.660      5.377    fast_vdd1v0 
BUFX3             63   129.276     10.693    fast_vdd1v0 
BUFX4              1     2.394      0.206    fast_vdd1v0 
BUFX6             24    73.872      7.921    fast_vdd1v0 
CLKAND2X2          2     4.104      0.270    fast_vdd1v0 
CLKAND2X3          3     9.234      0.592    fast_vdd1v0 
CLKAND2X6         12    57.456      5.031    fast_vdd1v0 
CLKAND2X8          1     5.814      0.422    fast_vdd1v0 
CLKBUFX2          18    30.780      2.129    fast_vdd1v0 
CLKINVX1           3     3.078      0.117    fast_vdd1v0 
CLKINVX12          4    16.416      1.914    fast_vdd1v0 
CLKINVX2          23    31.464      1.969    fast_vdd1v0 
CLKINVX20          2    12.996      1.769    fast_vdd1v0 
CLKINVX3          23    39.330      2.853    fast_vdd1v0 
CLKINVX4          43    73.530      7.417    fast_vdd1v0 
CLKINVX6          42   100.548     10.632    fast_vdd1v0 
CLKINVX8          25    76.950      8.300    fast_vdd1v0 
CLKMX2X2           1     3.078      0.189    fast_vdd1v0 
CLKMX2X3           5    20.520      1.374    fast_vdd1v0 
CLKXOR2X1         20    54.720      3.567    fast_vdd1v0 
CLKXOR2X2          8    27.360      1.732    fast_vdd1v0 
INVX1             44    30.096      2.046    fast_vdd1v0 
INVX2             46    47.196      4.047    fast_vdd1v0 
INVX3             44    60.192      5.586    fast_vdd1v0 
INVX4              6    10.260      0.961    fast_vdd1v0 
INVX6              2     4.788      0.520    fast_vdd1v0 
INVXL             13     8.892      0.448    fast_vdd1v0 
MX2X1              2     4.788      0.312    fast_vdd1v0 
MXI2X1             3     8.208      0.418    fast_vdd1v0 
MXI2X2             1     4.446      0.203    fast_vdd1v0 
MXI2X4             4    20.520      1.204    fast_vdd1v0 
MXI2X6             1     5.130      0.429    fast_vdd1v0 
NAND2BX1          18    24.624      1.807    fast_vdd1v0 
NAND2BX2          12    28.728      2.050    fast_vdd1v0 
NAND2BX4          27   101.574      8.195    fast_vdd1v0 
NAND2X1           38    38.988      2.711    fast_vdd1v0 
NAND2X2           34    58.140      4.493    fast_vdd1v0 
NAND2X4           82   280.440     21.562    fast_vdd1v0 
NAND2X6           58   277.704     22.964    fast_vdd1v0 
NAND2X8           41   224.352     21.792    fast_vdd1v0 
NAND2XL            1     1.026      0.054    fast_vdd1v0 
NAND3BX2           1     3.078      0.170    fast_vdd1v0 
NAND3BX4           3    15.390      1.285    fast_vdd1v0 
NAND3X1            1     1.710      0.091    fast_vdd1v0 
NAND3X2            1     2.736      0.168    fast_vdd1v0 
NAND3X4            5    23.940      1.826    fast_vdd1v0 
NAND3X8            2    16.416      1.350    fast_vdd1v0 
NOR2BX1            7     9.576      0.708    fast_vdd1v0 
NOR2BX2           11    30.096      1.821    fast_vdd1v0 
NOR2BX4            8    30.096      2.313    fast_vdd1v0 
NOR2X1            22    22.572      1.553    fast_vdd1v0 
NOR2X2            26    44.460      3.576    fast_vdd1v0 
NOR2X4            57   175.446     15.802    fast_vdd1v0 
NOR2X6            41   168.264     17.433    fast_vdd1v0 
NOR2X8            19   103.968     10.782    fast_vdd1v0 
NOR3X1             2     3.420      0.170    fast_vdd1v0 
NOR3X2             1     2.736      0.167    fast_vdd1v0 
NOR3X4            12    61.560      4.585    fast_vdd1v0 
NOR3X6             6    43.092      3.881    fast_vdd1v0 
NOR3X8             5    44.460      3.362    fast_vdd1v0 
NOR4X1             3     5.130      0.352    fast_vdd1v0 
OA22X1             1     2.394      0.121    fast_vdd1v0 
OAI21X1            7    11.970      0.655    fast_vdd1v0 
OAI21X2           18    55.404      3.308    fast_vdd1v0 
OAI21X4           47   225.036     17.172    fast_vdd1v0 
OAI22X1            2     4.104      0.231    fast_vdd1v0 
OAI22X2            3    10.260      0.740    fast_vdd1v0 
OAI22X4            8    51.984      3.675    fast_vdd1v0 
OAI2BB1X1          5     8.550      0.568    fast_vdd1v0 
OAI2BB1X2          9    27.702      1.635    fast_vdd1v0 
OAI2BB1X4         10    44.460      3.310    fast_vdd1v0 
OAI2BB2X1          1     4.104      0.206    fast_vdd1v0 
OAI2BB2X2          1     5.472      0.294    fast_vdd1v0 
OAI2BB2X4          6    51.300      3.373    fast_vdd1v0 
OAI31X4            5    34.200      2.448    fast_vdd1v0 
OR2X1              8    10.944      0.817    fast_vdd1v0 
OR2X4              1     2.736      0.246    fast_vdd1v0 
OR2X6              2     7.524      0.830    fast_vdd1v0 
OR2XL              3     4.104      0.253    fast_vdd1v0 
OR3X1              1     2.052      0.117    fast_vdd1v0 
OR4X1              1     2.052      0.140    fast_vdd1v0 
XNOR2X1           21    50.274      3.578    fast_vdd1v0 
XNOR2X2           11    33.858      2.380    fast_vdd1v0 
XNOR3X1            7    52.668      2.728    fast_vdd1v0 
XNOR3XL            7    52.668      2.570    fast_vdd1v0 
XOR2X4             1     4.104      0.333    fast_vdd1v0 
XOR3X1            10    75.240      3.966    fast_vdd1v0 
---------------------------------------------------------
total           1431  4461.390    358.167                


                                           Leakage  Leakage 
     Type      Instances   Area   Area % Power (nW) Power % 
------------------------------------------------------------
inverter             320  515.736   11.6     48.578    13.6 
buffer               154  325.242    7.3     27.510     7.7 
logic                957 3620.412   81.1    282.079    78.8 
physical_cells         0    0.000    0.0      0.000     0.0 
------------------------------------------------------------
total               1431 4461.390  100.0    358.167   100.0 

