============================================================
  Generated by:           Genus(TM) Synthesis Solution 21.10-p002_1
  Generated on:           Apr 11 2026  03:00:05 pm
  Module:                 fixed_point_mul_p_0_L2
  Technology libraries:   fast_vdd1v0 1.0
                          physical_cells 
  Operating conditions:   PVT_1P1V_0C 
  Interconnect mode:      global
  Area mode:              physical library
============================================================

Timing
--------

Clock Period 
-------------
VCLK  1000.0 


  Cost    Critical              Violating 
 Group   Path Slack     TNS       Paths   
------------------------------------------
default    No paths        0.0            
VCLK         -810.1   -12526.1         16 
------------------------------------------
Total                 -12526.1         16 

Instance Count
--------------
Leaf Instance Count             1164 
Physical Instance count            0 
Sequential Instance Count          0 
Combinational Instance Count    1164 
Hierarchical Instance Count        9 

Area
----
Cell Area                          3104.721
Physical Cell Area                 0.000
Total Cell Area (Cell+Physical)    3104.721
Net Area                           10.339
Total Area (Cell+Physical+Net)     3115.060

Runtime                            0.0 seconds
Elapsed Runtime                    17 seconds
Genus peak memory usage            1634.57 
Innovus peak memory usage          no_value 
Hostname                           redhat315b
