

Working Directory = /home/redhat315bd/physical_design_nipun/Physical_design
QoS Summary for scaletrim_FP32
================================================================================
Metric                          scaletrim_FP32_syn_generic
================================================================================
Slack (ps):                      -820
  R2R (ps):                  no_value
  I2R (ps):                  no_value
  R2O (ps):                  no_value
  I2O (ps):                      -820
  CG  (ps):                  no_value
TNS (ps):                     -24,465
  R2R (ps):                  no_value
  I2R (ps):                  no_value
  R2O (ps):                  no_value
  I2O (ps):                   -24,465
  CG  (ps):                  no_value
Failing Paths:                     31
Cell Area:                      2,286
Total Cell Area:                2,286
Leaf Instances:                   857
Total Instances:                  857
Utilization (%):                 0.00
Tot. Net Length (um):        no_value
Avg. Net Length (um):        no_value
Route Overflow H (%):        no_value
Route Overflow V (%):        no_value
MBCI(%) (bits/gate) :            0.00
Norm Cong Hotspot Area:
  Max Cong:                  no_value
  Tot Cong:                  no_value
================================================================================
CPU  Runtime (h:m:s):        00:30:19
Real Runtime (h:m:s):        00:30:19
CPU  Elapsed (h:m:s):        00:30:21
Real Elapsed (h:m:s):        00:30:20
Memory (MB):                  1684.57
================================================================================
================================================================================
Flow Settings:
================================================================================
Total Runtime (h:m:s): 00:30:19
Total Memory (MB):     1684.57
Executable Version:    21.10-p002_1
================================================================================
Total Cell Area =  Cell Area + Physical Cell Area
Total Instances =  Leaf Instances + Physical Instances


