============================================================
  Generated by:           Genus(TM) Synthesis Solution 21.10-p002_1
  Generated on:           Jun 19 2026  11:35:30 am
  Module:                 scaletrim_FP32
  Technology library:     fast_vdd1v0 1.0
  Operating conditions:   PVT_1P1V_0C (balanced_tree)
  Wireload mode:          enclosed
  Area mode:              timing library
============================================================

Timing
--------

Clock Period 
-------------
vclk  1000.0 


  Cost    Critical              Violating 
 Group   Path Slack     TNS       Paths   
------------------------------------------
default    No paths        0.0            
vclk         -819.9   -24464.6         31 
------------------------------------------
Total                 -24464.6         31 

Instance Count
--------------
Leaf Instance Count             857 
Physical Instance count           0 
Sequential Instance Count         0 
Combinational Instance Count    857 
Hierarchical Instance Count       6 

Area
----
Cell Area                          2286.255
Physical Cell Area                 0.000
Total Cell Area (Cell+Physical)    2286.255
Net Area                           0.000
Total Area (Cell+Physical+Net)     2286.255

Runtime                            0.0 seconds
Elapsed Runtime                    22 seconds
Genus peak memory usage            1684.57 
Innovus peak memory usage          no_value 
Hostname                           redhat315b
