============================================================
  Generated by:           Genus(TM) Synthesis Solution 21.10-p002_1
  Generated on:           Apr 11 2026  02:57:54 pm
  Module:                 fixed_point_mul_p_0_L1
  Technology libraries:   fast_vdd1v0 1.0
                          physical_cells 
  Operating conditions:   PVT_1P1V_0C 
  Interconnect mode:      global
  Area mode:              physical library
============================================================

Timing
--------

Clock Period 
-------------
VCLK  1000.0 


  Cost    Critical              Violating 
 Group   Path Slack     TNS       Paths   
------------------------------------------
default    No paths        0.0            
VCLK         -653.5   -10292.0         16 
------------------------------------------
Total                 -10292.0         16 

Instance Count
--------------
Leaf Instance Count             1012 
Physical Instance count            0 
Sequential Instance Count          0 
Combinational Instance Count    1012 
Hierarchical Instance Count        7 

Area
----
Cell Area                          3099.546
Physical Cell Area                 0.000
Total Cell Area (Cell+Physical)    3099.546
Net Area                           1122.183
Total Area (Cell+Physical+Net)     4221.729

Runtime                            0.0 seconds
Elapsed Runtime                    24 seconds
Genus peak memory usage            1626.34 
Innovus peak memory usage          no_value 
Hostname                           redhat315b
