

Working Directory = /home/redhat315bd/physical_design_nipun/Physical_design
QoS Summary for fixed_point_mul_p_2_L2
================================================================================
Metric                          fixed_point_mul_p_2_L2_syn_generic
================================================================================
Slack (ps):                         5
  R2R (ps):                         5
  I2R (ps):                       181
  R2O (ps):                       164
  I2O (ps):                  no_value
  CG  (ps):                  no_value
TNS (ps):                           0
  R2R (ps):                         0
  I2R (ps):                         0
  R2O (ps):                         0
  I2O (ps):                  no_value
  CG  (ps):                  no_value
Failing Paths:                      0
Cell Area:                      5,481
Total Cell Area:                5,481
Leaf Instances:                 1,878
Total Instances:                1,878
Utilization (%):                 0.00
Tot. Net Length (um):        no_value
Avg. Net Length (um):        no_value
Route Overflow H (%):        no_value
Route Overflow V (%):        no_value
MBCI(%) (bits/gate) :            0.00
Norm Cong Hotspot Area:
  Max Cong:                  no_value
  Tot Cong:                  no_value
================================================================================
CPU  Runtime (h:m:s):        00:30:15
Real Runtime (h:m:s):        00:30:15
CPU  Elapsed (h:m:s):        00:30:17
Real Elapsed (h:m:s):        00:30:17
Memory (MB):                  1647.47
================================================================================
================================================================================
Flow Settings:
================================================================================
Total Runtime (h:m:s): 00:30:16
Total Memory (MB):     1647.47
Executable Version:    21.10-p002_1
================================================================================
Total Cell Area =  Cell Area + Physical Cell Area
Total Instances =  Leaf Instances + Physical Instances


