============================================================
  Generated by:           Genus(TM) Synthesis Solution 21.10-p002_1
  Generated on:           Apr 11 2026  03:55:22 pm
  Module:                 floating_point_mul_p_0_L3
  Technology libraries:   fast_vdd1v0 1.0
                          physical_cells 
  Operating conditions:   PVT_1P1V_0C 
  Interconnect mode:      global
  Area mode:              physical library
============================================================

             Instance                            Module                Cell Count  Cell Area  Net Area   Total Area 
--------------------------------------------------------------------------------------------------------------------
floating_point_mul_p_0_L3                                                    2661   7104.135    23.719     7127.854 
  m_approx_t                       approx_t_WIDTH24                          2425   6473.843     0.000     6473.843 
    WALLACE_CSA_DUMMY_OP197_groupi WALLACE_CSA_DUMMY_OP197_group_1789         695   1856.156     0.000     1856.156 
    WALLACE_CSA_DUMMY_OP_groupi    WALLACE_CSA_DUMMY_OP_group_439             449   1199.157     0.000     1199.157 
    bms0                           bit_mask_sel_WIDTH48                       351    937.425     0.000      937.425 
      add_209_31                   add_unsigned_32                            274    731.779     0.000      731.779 
    bms1                           bit_mask_sel_WIDTH48_36                    280    747.804     0.000      747.804 
      add_209_31                   add_unsigned_32_164                        216    576.877     0.000      576.877 
    bms2                           bit_mask_sel_WIDTH48_35                    247    659.670     0.000      659.670 
      add_209_31                   add_unsigned_32_165                        186    496.755     0.000      496.755 
