

Working Directory = /home/redhat315bd/physical_design_nipun/Physical_design
QoS Summary for scaletrim_int8
================================================================================
Metric                          scaletrim_int8_syn_generic
================================================================================
Slack (ps):                      -700
  R2R (ps):                  no_value
  I2R (ps):                  no_value
  R2O (ps):                  no_value
  I2O (ps):                      -700
  CG  (ps):                  no_value
TNS (ps):                      -9,854
  R2R (ps):                  no_value
  I2R (ps):                  no_value
  R2O (ps):                  no_value
  I2O (ps):                    -9,854
  CG  (ps):                  no_value
Failing Paths:                     16
Cell Area:                      2,971
Total Cell Area:                2,971
Leaf Instances:                 1,113
Total Instances:                1,113
Utilization (%):                 0.00
Tot. Net Length (um):        no_value
Avg. Net Length (um):        no_value
Route Overflow H (%):        no_value
Route Overflow V (%):        no_value
MBCI(%) (bits/gate) :            0.00
Norm Cong Hotspot Area:
  Max Cong:                  no_value
  Tot Cong:                  no_value
================================================================================
CPU  Runtime (h:m:s):        00:30:16
Real Runtime (h:m:s):        00:30:17
CPU  Elapsed (h:m:s):        00:30:18
Real Elapsed (h:m:s):        00:30:18
Memory (MB):                  1643.87
================================================================================
================================================================================
Flow Settings:
================================================================================
Total Runtime (h:m:s): 00:30:17
Total Memory (MB):     1643.87
Executable Version:    21.10-p002_1
================================================================================
Total Cell Area =  Cell Area + Physical Cell Area
Total Instances =  Leaf Instances + Physical Instances


