============================================================
  Generated by:           Genus(TM) Synthesis Solution 21.10-p002_1
  Generated on:           Jun 19 2026  11:21:38 am
  Module:                 fplns_FP32
  Technology library:     fast_vdd1v0 1.0
  Operating conditions:   PVT_1P1V_0C (balanced_tree)
  Wireload mode:          enclosed
  Area mode:              timing library
============================================================

                                 Leakage  
   Gate    Instances    Area   Power (nW)     Library    
---------------------------------------------------------
ADDFX1             7    35.910      2.322    fast_vdd1v0 
ADDHX1             9    33.858      2.416    fast_vdd1v0 
AND2X1             2     2.736      0.190    fast_vdd1v0 
AND2X2             1     1.710      0.124    fast_vdd1v0 
AND2XL            14    19.152      1.050    fast_vdd1v0 
AND3X1             1     2.394      0.110    fast_vdd1v0 
AND3XL             1     2.052      0.084    fast_vdd1v0 
AO21XL             4     9.576      0.405    fast_vdd1v0 
AO22XL             1     2.736      0.118    fast_vdd1v0 
AOI211XL           2     4.104      0.150    fast_vdd1v0 
AOI21X1            9    15.390      0.984    fast_vdd1v0 
AOI21X2            5    13.680      1.159    fast_vdd1v0 
AOI21XL            6    10.260      0.390    fast_vdd1v0 
AOI2BB1X1          5    10.260      0.644    fast_vdd1v0 
AOI2BB1XL          3     6.156      0.335    fast_vdd1v0 
AOI31X1            1     2.052      0.120    fast_vdd1v0 
AOI31X2            1     3.420      0.248    fast_vdd1v0 
BUFX2              4     6.840      0.474    fast_vdd1v0 
BUFX3              7    14.364      1.158    fast_vdd1v0 
CLKAND2X2          1     2.052      0.128    fast_vdd1v0 
CLKBUFX2           1     1.710      0.114    fast_vdd1v0 
CLKINVX12          1     4.104      0.496    fast_vdd1v0 
CLKINVX16          1     5.472      0.658    fast_vdd1v0 
CLKINVX2           2     2.736      0.163    fast_vdd1v0 
CLKINVX3           1     1.710      0.126    fast_vdd1v0 
CLKINVX4           2     3.420      0.334    fast_vdd1v0 
CLKINVX6           2     4.788      0.500    fast_vdd1v0 
CLKINVX8           2     6.156      0.662    fast_vdd1v0 
CLKXOR2X1          2     5.472      0.360    fast_vdd1v0 
CLKXOR2X2          1     3.420      0.219    fast_vdd1v0 
INVX1             35    23.940      1.617    fast_vdd1v0 
INVX2              4     4.104      0.320    fast_vdd1v0 
INVX3              3     4.104      0.393    fast_vdd1v0 
INVXL             66    45.144      2.196    fast_vdd1v0 
MX2XL              1     2.394      0.143    fast_vdd1v0 
MXI2X1             4    10.944      0.586    fast_vdd1v0 
MXI2XL            15    35.910      1.617    fast_vdd1v0 
NAND2BX1           5     6.840      0.540    fast_vdd1v0 
NAND2BXL          22    30.096      1.806    fast_vdd1v0 
NAND2X1           43    44.118      2.992    fast_vdd1v0 
NAND2X2           16    27.360      2.125    fast_vdd1v0 
NAND2X4            3     9.439      0.775    fast_vdd1v0 
NAND2X6            2     9.131      0.768    fast_vdd1v0 
NAND2XL           65    66.690      2.980    fast_vdd1v0 
NAND3BXL           4     6.840      0.348    fast_vdd1v0 
NAND3X1            3     5.130      0.307    fast_vdd1v0 
NAND3X2            2     5.472      0.379    fast_vdd1v0 
NOR2BX1           33    45.144      3.352    fast_vdd1v0 
NOR2BXL            4     6.840      0.304    fast_vdd1v0 
NOR2X1            47    48.222      3.294    fast_vdd1v0 
NOR2X2            21    35.910      3.000    fast_vdd1v0 
NOR2X4             3     9.234      0.748    fast_vdd1v0 
NOR2X8             1     5.472      0.495    fast_vdd1v0 
NOR2XL            40    41.040      1.915    fast_vdd1v0 
NOR3BX1            2     4.104      0.220    fast_vdd1v0 
NOR3BXL            3     6.156      0.262    fast_vdd1v0 
NOR3X1             9    15.390      0.748    fast_vdd1v0 
NOR3X2             2     5.472      0.373    fast_vdd1v0 
NOR3XL             2     3.420      0.102    fast_vdd1v0 
OA21X1             2     4.104      0.228    fast_vdd1v0 
OAI211X1           1     1.710      0.119    fast_vdd1v0 
OAI211X2           1     4.104      0.246    fast_vdd1v0 
OAI21X1           21    35.910      2.071    fast_vdd1v0 
OAI21X2            3     9.234      0.592    fast_vdd1v0 
OAI21X4            1     4.788      0.369    fast_vdd1v0 
OAI21XL            8    13.680      0.536    fast_vdd1v0 
OAI2BB1X1         32    54.720      3.761    fast_vdd1v0 
OAI2BB1X2          1     3.078      0.183    fast_vdd1v0 
OAI2BB1XL          2     4.104      0.185    fast_vdd1v0 
OAI31XL            1     2.394      0.083    fast_vdd1v0 
OR2X1              1     1.368      0.100    fast_vdd1v0 
OR2X2              1     1.710      0.142    fast_vdd1v0 
OR2X8             30   133.380     14.473    fast_vdd1v0 
OR2XL             16    21.888      1.365    fast_vdd1v0 
OR3XL              1     2.052      0.093    fast_vdd1v0 
XNOR2X1           35    83.790      6.349    fast_vdd1v0 
XNOR2XL            1     2.736      0.171    fast_vdd1v0 
XNOR3XL            2    15.048      0.732    fast_vdd1v0 
XOR2X1             1     2.736      0.180    fast_vdd1v0 
XOR2XL             7    19.152      1.176    fast_vdd1v0 
---------------------------------------------------------
total            727  1223.437     84.100                


                                           Leakage  Leakage 
     Type      Instances   Area   Area % Power (nW) Power % 
------------------------------------------------------------
inverter             119  105.678    8.6      7.464     8.9 
buffer                12   22.914    1.9      1.746     2.1 
logic                596 1094.845   89.5     74.891    89.0 
physical_cells         0    0.000    0.0      0.000     0.0 
------------------------------------------------------------
total                727 1223.437  100.0     84.100   100.0 

