============================================================
  Generated by:           Genus(TM) Synthesis Solution 21.10-p002_1
  Generated on:           Apr 11 2026  03:33:01 pm
  Module:                 signed_int_mul_p_0_L5
  Technology libraries:   fast_vdd1v0 1.0
                          physical_cells 
  Operating conditions:   PVT_1P1V_0C 
  Interconnect mode:      global
  Area mode:              physical library
============================================================

                                 Leakage  
   Gate    Instances    Area   Power (nW)     Library    
---------------------------------------------------------
ACHCONX2           3    37.962      1.828    fast_vdd1v0 
ADDFHX1            1     7.524      0.406    fast_vdd1v0 
ADDFHX2            2    16.416      0.928    fast_vdd1v0 
ADDFHX4            2    19.152      1.376    fast_vdd1v0 
ADDFHXL            1     7.524      0.386    fast_vdd1v0 
ADDFX1             2    10.260      0.653    fast_vdd1v0 
ADDHX1             9    33.858      2.399    fast_vdd1v0 
ADDHX2             2    10.260      0.660    fast_vdd1v0 
AND2X1            10    13.680      0.896    fast_vdd1v0 
AND2X4             3     8.208      0.688    fast_vdd1v0 
AND2X6             3    11.286      1.126    fast_vdd1v0 
AO22X1             1     2.736      0.125    fast_vdd1v0 
AOI211X4           2    12.996      1.083    fast_vdd1v0 
AOI21X1            2     3.420      0.232    fast_vdd1v0 
AOI21X2           14    38.304      2.745    fast_vdd1v0 
AOI21X4           29   148.770     11.762    fast_vdd1v0 
AOI22X1            3     6.156      0.377    fast_vdd1v0 
AOI22X2            4    15.048      0.956    fast_vdd1v0 
AOI22X4           14    86.184      6.873    fast_vdd1v0 
AOI2BB1X2          2     6.156      0.433    fast_vdd1v0 
AOI2BB1X4          2     8.208      0.796    fast_vdd1v0 
AOI2BB2X4          2    15.048      1.170    fast_vdd1v0 
AOI31X1            2     4.104      0.251    fast_vdd1v0 
AOI31X2            1     3.420      0.220    fast_vdd1v0 
AOI31X4            3    19.494      1.343    fast_vdd1v0 
BUFX12             1     5.130      0.613    fast_vdd1v0 
BUFX2             37    63.270      4.317    fast_vdd1v0 
BUFX3             40    82.080      6.788    fast_vdd1v0 
BUFX6             10    30.780      3.267    fast_vdd1v0 
CLKAND2X3          4    12.312      0.838    fast_vdd1v0 
CLKAND2X6         10    47.880      4.141    fast_vdd1v0 
CLKAND2X8          1     5.814      0.553    fast_vdd1v0 
CLKBUFX2           3     5.130      0.345    fast_vdd1v0 
CLKINVX1           2     2.052      0.110    fast_vdd1v0 
CLKINVX12          3    12.312      1.600    fast_vdd1v0 
CLKINVX2           6     8.208      0.520    fast_vdd1v0 
CLKINVX20          1     6.498      0.884    fast_vdd1v0 
CLKINVX3          12    20.520      1.525    fast_vdd1v0 
CLKINVX4          30    51.300      5.128    fast_vdd1v0 
CLKINVX6          22    52.668      5.550    fast_vdd1v0 
CLKINVX8          10    30.780      3.294    fast_vdd1v0 
CLKMX2X3           3    12.312      0.805    fast_vdd1v0 
CLKXOR2X1          5    13.680      0.902    fast_vdd1v0 
CLKXOR2X2         10    34.200      2.180    fast_vdd1v0 
INVX1             44    30.096      2.065    fast_vdd1v0 
INVX2             31    31.806      2.667    fast_vdd1v0 
INVX3             30    41.040      3.773    fast_vdd1v0 
INVX4              1     1.710      0.161    fast_vdd1v0 
INVX6              2     4.788      0.530    fast_vdd1v0 
INVXL              2     1.368      0.084    fast_vdd1v0 
MX2X1              3     7.182      0.466    fast_vdd1v0 
MXI2X1             1     2.736      0.146    fast_vdd1v0 
MXI2X4             1     5.130      0.322    fast_vdd1v0 
MXI2XL             1     2.394      0.109    fast_vdd1v0 
NAND2BX1          10    13.680      1.063    fast_vdd1v0 
NAND2BX2          11    26.334      1.843    fast_vdd1v0 
NAND2BX4          16    60.192      4.876    fast_vdd1v0 
NAND2X1           38    38.988      2.688    fast_vdd1v0 
NAND2X2           23    39.330      3.022    fast_vdd1v0 
NAND2X4           39   133.380     10.061    fast_vdd1v0 
NAND2X6           34   162.792     13.267    fast_vdd1v0 
NAND2X8           19   103.968      9.802    fast_vdd1v0 
NAND3BX4           1     5.130      0.383    fast_vdd1v0 
NAND3BXL           2     3.420      0.184    fast_vdd1v0 
NAND3X1            2     3.420      0.169    fast_vdd1v0 
NAND3X2            1     2.736      0.138    fast_vdd1v0 
NAND3X4            4    19.152      1.361    fast_vdd1v0 
NAND3X6            2    14.364      1.008    fast_vdd1v0 
NAND3X8            2    16.416      1.413    fast_vdd1v0 
NOR2BX1            8    10.944      0.839    fast_vdd1v0 
NOR2BX2            7    19.152      1.097    fast_vdd1v0 
NOR2BX4            6    22.572      1.592    fast_vdd1v0 
NOR2X1            28    28.728      1.963    fast_vdd1v0 
NOR2X2            26    44.460      3.573    fast_vdd1v0 
NOR2X4            43   132.354     11.193    fast_vdd1v0 
NOR2X6            28   114.912     10.922    fast_vdd1v0 
NOR2X8            10    54.720      5.602    fast_vdd1v0 
NOR3BX2            1     3.420      0.205    fast_vdd1v0 
NOR3X2             2     5.472      0.294    fast_vdd1v0 
NOR3X4             3    15.390      1.107    fast_vdd1v0 
NOR3X6             4    28.728      1.945    fast_vdd1v0 
NOR3X8             4    35.568      2.786    fast_vdd1v0 
NOR4X1             3     5.130      0.351    fast_vdd1v0 
OA21X4             1     3.762      0.271    fast_vdd1v0 
OAI211X1           1     1.710      0.117    fast_vdd1v0 
OAI21X1            5     8.550      0.509    fast_vdd1v0 
OAI21X2           13    40.014      2.417    fast_vdd1v0 
OAI21X4           39   186.732     14.472    fast_vdd1v0 
OAI22X1            1     2.052      0.114    fast_vdd1v0 
OAI22X4            9    58.482      3.987    fast_vdd1v0 
OAI2BB1X1          3     5.130      0.355    fast_vdd1v0 
OAI2BB1X2          2     6.156      0.365    fast_vdd1v0 
OAI2BB1X4          2     8.892      0.659    fast_vdd1v0 
OAI2BB2X1          3    12.312      0.639    fast_vdd1v0 
OAI2BB2X4          2    17.100      1.062    fast_vdd1v0 
OAI31X2            1     3.762      0.226    fast_vdd1v0 
OAI31X4            1     6.840      0.450    fast_vdd1v0 
OAI32X1            2     4.788      0.280    fast_vdd1v0 
OR2X1              9    12.312      0.975    fast_vdd1v0 
OR2X4              1     2.736      0.250    fast_vdd1v0 
OR2X6              2     7.524      0.793    fast_vdd1v0 
OR4X1              1     2.052      0.135    fast_vdd1v0 
XNOR2X1           25    59.850      4.566    fast_vdd1v0 
XNOR2X2           13    40.014      2.737    fast_vdd1v0 
XNOR2X4            1     3.762      0.349    fast_vdd1v0 
XNOR3X1            3    22.572      1.159    fast_vdd1v0 
XNOR3XL            1     7.524      0.378    fast_vdd1v0 
XOR2X2             3    10.260      0.648    fast_vdd1v0 
XOR2X4             3    12.312      0.981    fast_vdd1v0 
XOR3X1             5    37.620      1.980    fast_vdd1v0 
XOR3XL             1     7.524      0.366    fast_vdd1v0 
---------------------------------------------------------
total            975  2928.546    229.378                


                                           Leakage  Leakage 
     Type      Instances   Area   Area % Power (nW) Power % 
------------------------------------------------------------
inverter             196  295.146   10.1     27.891    12.2 
buffer                91  186.390    6.4     15.329     6.7 
logic                688 2447.010   83.6    186.158    81.2 
physical_cells         0    0.000    0.0      0.000     0.0 
------------------------------------------------------------
total                975 2928.546  100.0    229.378   100.0 

