============================================================
  Generated by:           Genus(TM) Synthesis Solution 21.10-p002_1
  Generated on:           Apr 11 2026  03:38:15 pm
  Module:                 signed_int_mul_p_1_L0
  Technology libraries:   fast_vdd1v0 1.0
                          physical_cells 
  Operating conditions:   PVT_1P1V_0C 
  Interconnect mode:      global
  Area mode:              physical library
============================================================

                                  Leakage  
   Gate     Instances    Area   Power (nW)     Library    
----------------------------------------------------------
ACHCONX2            2    25.308      1.268    fast_vdd1v0 
ADDFHX1             3    22.572      1.214    fast_vdd1v0 
ADDFX1              4    20.520      1.389    fast_vdd1v0 
ADDHX1              5    18.810      1.341    fast_vdd1v0 
ADDHX2              1     5.130      0.342    fast_vdd1v0 
AND2X1             25    34.200      2.186    fast_vdd1v0 
AND2X2              2     3.420      0.237    fast_vdd1v0 
AND2X4              2     5.472      0.431    fast_vdd1v0 
AND2X6              7    26.334      2.534    fast_vdd1v0 
AND2X8              4    17.784      1.729    fast_vdd1v0 
AND3X1              1     2.394      0.094    fast_vdd1v0 
AND3X2              1     2.736      0.124    fast_vdd1v0 
AO21X1              2     4.788      0.236    fast_vdd1v0 
AO22X1              3     8.208      0.384    fast_vdd1v0 
AOI211X4            1     6.498      0.325    fast_vdd1v0 
AOI21X1             4     6.840      0.383    fast_vdd1v0 
AOI21X2            17    46.512      3.239    fast_vdd1v0 
AOI21X4            56   287.280     22.448    fast_vdd1v0 
AOI221X4            1     7.866      0.706    fast_vdd1v0 
AOI22X1             3     6.156      0.400    fast_vdd1v0 
AOI22X2             4    15.048      0.961    fast_vdd1v0 
AOI22X4             6    36.936      3.263    fast_vdd1v0 
AOI2BB1X1           2     4.104      0.260    fast_vdd1v0 
AOI2BB1X2           2     6.156      0.460    fast_vdd1v0 
AOI2BB1X4          11    45.144      4.483    fast_vdd1v0 
AOI2BB2X2           1     5.130      0.332    fast_vdd1v0 
AOI31X4             2    12.996      0.959    fast_vdd1v0 
AOI32X1             1     2.394      0.160    fast_vdd1v0 
BMXIX2              2    15.048      0.767    fast_vdd1v0 
BUFX16              3    20.520      2.334    fast_vdd1v0 
BUFX2              31    53.010      3.636    fast_vdd1v0 
BUFX20              1     8.208      0.989    fast_vdd1v0 
BUFX3              21    43.092      3.576    fast_vdd1v0 
BUFX4               1     2.394      0.230    fast_vdd1v0 
BUFX6              29    89.262      9.563    fast_vdd1v0 
CLKAND2X12          4    30.096      2.830    fast_vdd1v0 
CLKAND2X2          10    20.520      1.441    fast_vdd1v0 
CLKAND2X3          10    30.780      2.114    fast_vdd1v0 
CLKAND2X6          19    90.972      7.891    fast_vdd1v0 
CLKAND2X8           1     5.814      0.476    fast_vdd1v0 
CLKBUFX2            1     1.710      0.121    fast_vdd1v0 
CLKBUFX3            2     4.104      0.345    fast_vdd1v0 
CLKBUFX8            1     3.762      0.432    fast_vdd1v0 
CLKINVX12          12    49.248      6.078    fast_vdd1v0 
CLKINVX16           1     5.472      0.706    fast_vdd1v0 
CLKINVX20           1     6.498      0.885    fast_vdd1v0 
CLKINVX3            5     8.550      0.663    fast_vdd1v0 
CLKINVX4           34    58.140      5.599    fast_vdd1v0 
CLKINVX6           50   119.700     12.719    fast_vdd1v0 
CLKINVX8           34   104.652     11.436    fast_vdd1v0 
CLKMX2X3            4    16.416      1.111    fast_vdd1v0 
CLKXOR2X1          20    54.720      3.584    fast_vdd1v0 
CLKXOR2X2           4    13.680      0.871    fast_vdd1v0 
INVX1              34    23.256      1.585    fast_vdd1v0 
INVX2              46    47.196      3.948    fast_vdd1v0 
INVX3              56    76.608      7.046    fast_vdd1v0 
INVX4               4     6.840      0.712    fast_vdd1v0 
INVX6               6    14.364      1.556    fast_vdd1v0 
INVXL               6     4.104      0.219    fast_vdd1v0 
MX2X1               2     4.788      0.312    fast_vdd1v0 
MXI2X1              2     5.472      0.291    fast_vdd1v0 
MXI2X4              1     5.130      0.312    fast_vdd1v0 
MXI2X6              2    10.260      0.802    fast_vdd1v0 
NAND2BX1           22    30.096      2.280    fast_vdd1v0 
NAND2BX2           12    28.728      1.993    fast_vdd1v0 
NAND2BX4           19    71.478      5.654    fast_vdd1v0 
NAND2BXL            1     1.368      0.067    fast_vdd1v0 
NAND2X1            25    25.650      1.760    fast_vdd1v0 
NAND2X2            40    68.400      5.257    fast_vdd1v0 
NAND2X4           108   369.360     28.640    fast_vdd1v0 
NAND2X6           100   478.800     39.524    fast_vdd1v0 
NAND2X8           102   558.144     54.601    fast_vdd1v0 
NAND2XL             5     5.130      0.238    fast_vdd1v0 
NAND3BX1            2     4.104      0.254    fast_vdd1v0 
NAND3BX2            4    12.312      0.826    fast_vdd1v0 
NAND3BX4            3    15.390      1.099    fast_vdd1v0 
NAND3BXL            1     1.710      0.082    fast_vdd1v0 
NAND3X1             2     3.420      0.164    fast_vdd1v0 
NAND3X2             1     2.736      0.148    fast_vdd1v0 
NAND3X4            11    52.668      3.472    fast_vdd1v0 
NAND3X6             8    57.456      3.768    fast_vdd1v0 
NAND3X8             1     8.208      0.845    fast_vdd1v0 
NOR2BX1            12    16.416      1.168    fast_vdd1v0 
NOR2BX2            15    41.040      2.462    fast_vdd1v0 
NOR2BX4            15    56.430      4.027    fast_vdd1v0 
NOR2X1              9     9.234      0.702    fast_vdd1v0 
NOR2X2             33    56.430      4.529    fast_vdd1v0 
NOR2X4             82   252.396     23.016    fast_vdd1v0 
NOR2X6             67   274.968     29.609    fast_vdd1v0 
NOR2X8             51   279.072     29.167    fast_vdd1v0 
NOR2XL              2     2.052      0.080    fast_vdd1v0 
NOR3BX2             1     3.420      0.171    fast_vdd1v0 
NOR3BX4             5    29.070      1.599    fast_vdd1v0 
NOR3X1              2     3.420      0.183    fast_vdd1v0 
NOR3X4              5    25.650      1.613    fast_vdd1v0 
NOR3X6             14   100.548      8.129    fast_vdd1v0 
NOR3X8              9    80.028      6.723    fast_vdd1v0 
NOR4X1              3     5.130      0.352    fast_vdd1v0 
NOR4X4              1     6.498      0.375    fast_vdd1v0 
OA21X1              1     2.052      0.110    fast_vdd1v0 
OA21X4              1     3.762      0.245    fast_vdd1v0 
OA22X1              1     2.394      0.125    fast_vdd1v0 
OA22X2              1     3.420      0.163    fast_vdd1v0 
OAI21X1             6    10.260      0.563    fast_vdd1v0 
OAI21X2            17    52.326      2.964    fast_vdd1v0 
OAI21X4            51   244.188     18.950    fast_vdd1v0 
OAI21XL             2     3.420      0.116    fast_vdd1v0 
OAI22X1             1     2.052      0.110    fast_vdd1v0 
OAI22X2             5    17.100      1.112    fast_vdd1v0 
OAI22X4            11    71.478      4.934    fast_vdd1v0 
OAI2BB1X1           3     5.130      0.339    fast_vdd1v0 
OAI2BB1X2          10    30.780      1.761    fast_vdd1v0 
OAI2BB1X4          13    57.798      4.354    fast_vdd1v0 
OAI2BB2X2           1     5.472      0.310    fast_vdd1v0 
OAI2BB2X4           3    25.650      1.695    fast_vdd1v0 
OAI31X1             1     2.052      0.143    fast_vdd1v0 
OAI31X4             1     6.840      0.535    fast_vdd1v0 
OAI32X4             1     8.208      0.462    fast_vdd1v0 
OR2X1              16    21.888      1.603    fast_vdd1v0 
OR2X2               4     6.840      0.546    fast_vdd1v0 
OR2X6               3    11.286      1.223    fast_vdd1v0 
OR2XL               1     1.368      0.084    fast_vdd1v0 
OR4X1               1     2.052      0.141    fast_vdd1v0 
XNOR2X1            18    43.092      3.256    fast_vdd1v0 
XNOR2X2             2     6.156      0.430    fast_vdd1v0 
XNOR2X4             1     3.762      0.335    fast_vdd1v0 
XNOR3X1            10    75.240      3.876    fast_vdd1v0 
XNOR3XL             5    37.620      1.837    fast_vdd1v0 
XOR2X2              1     3.420      0.217    fast_vdd1v0 
XOR3X1             10    75.240      3.964    fast_vdd1v0 
----------------------------------------------------------
total            1628  5620.428    470.147                


                                           Leakage  Leakage 
     Type      Instances   Area   Area % Power (nW) Power % 
------------------------------------------------------------
inverter             289  524.628    9.3     53.152    11.3 
buffer                90  226.062    4.0     21.226     4.5 
logic               1249 4869.738   86.6    395.768    84.2 
physical_cells         0    0.000    0.0      0.000     0.0 
------------------------------------------------------------
total               1628 5620.428  100.0    470.147   100.0 

