

Working Directory = /home/redhat315bd/physical_design_nipun/Physical_design
QoS Summary for floating_point_mul_p_2_L1
================================================================================
Metric                          floating_point_mul_p_2_L1_syn_generic
================================================================================
Slack (ps):                      -118
  R2R (ps):                      -118
  I2R (ps):                       540
  R2O (ps):                        87
  I2O (ps):                  no_value
  CG  (ps):                  no_value
TNS (ps):                      -1,048
  R2R (ps):                    -1,048
  I2R (ps):                         0
  R2O (ps):                         0
  I2O (ps):                  no_value
  CG  (ps):                  no_value
Failing Paths:                     12
Cell Area:                     10,124
Total Cell Area:               10,124
Leaf Instances:                 3,360
Total Instances:                3,360
Utilization (%):                 0.00
Tot. Net Length (um):        no_value
Avg. Net Length (um):        no_value
Route Overflow H (%):        no_value
Route Overflow V (%):        no_value
MBCI(%) (bits/gate) :            0.00
Norm Cong Hotspot Area:
  Max Cong:                  no_value
  Tot Cong:                  no_value
================================================================================
CPU  Runtime (h:m:s):        00:30:32
Real Runtime (h:m:s):        00:30:31
CPU  Elapsed (h:m:s):        00:30:34
Real Elapsed (h:m:s):        00:30:32
Memory (MB):                  1764.12
================================================================================
================================================================================
Flow Settings:
================================================================================
Total Runtime (h:m:s): 00:30:31
Total Memory (MB):     1764.12
Executable Version:    21.10-p002_1
================================================================================
Total Cell Area =  Cell Area + Physical Cell Area
Total Instances =  Leaf Instances + Physical Instances


