============================================================
  Generated by:           Genus(TM) Synthesis Solution 21.10-p002_1
  Generated on:           Apr 11 2026  02:46:13 pm
  Module:                 unsigned_int_mul_p_1_L2
  Technology libraries:   fast_vdd1v0 1.0
                          physical_cells 
  Operating conditions:   PVT_1P1V_0C 
  Interconnect mode:      global
  Area mode:              physical library
============================================================

                           Instance                                       Module              Cell Count  Cell Area  Net Area   Combinational   Buffer   Inverter   Flop   Latch   Clock-Gate   Memory   Macro   Total Area 
----------------------------------------------------------------------------------------------------------------------------------------------------------------------------------------------------------------------------
unsigned_int_mul_p_1_L2                                                                             1760   4685.791    11.860           0.000    0.000      0.000  0.000   0.000        0.000    0.000   0.000     4697.651 
  lod_a                                                       leading_one_detector_WIDTH8             13     34.719     0.000           0.000    0.000      0.000  0.000   0.000        0.000    0.000   0.000       34.719 
  lod_b                                                       leading_one_detector_WIDTH8_63          13     34.719     0.000           0.000    0.000      0.000  0.000   0.000        0.000    0.000   0.000       34.719 
  m_approx_t                                                  approx_t_WIDTH8                       1362   3622.842     0.000           0.000    0.000      0.000  0.000   0.000        0.000    0.000   0.000     3622.842 
    ADD_TC_OP250_Y_ADD_TC_OP228_Y_ADD_TC_OP226_Y_ADD_TC_OP224 add_signed_rtlopto_model_86            166    443.341     0.000           0.000    0.000      0.000  0.000   0.000        0.000    0.000   0.000      443.341 
    DPOPT_INTERNAL_INSTi                                      DPOPT_INTERNAL_INST                    112    299.121     0.000           0.000    0.000      0.000  0.000   0.000        0.000    0.000   0.000      299.121 
    DPOPT_INTERNAL_INSTi203                                   DPOPT_INTERNAL_INST_247                112    299.121     0.000           0.000    0.000      0.000  0.000   0.000        0.000    0.000   0.000      299.121 
    add_178_24                                                add_unsigned_2                         159    424.646     0.000           0.000    0.000      0.000  0.000   0.000        0.000    0.000   0.000      424.646 
    bms0                                                      bit_mask_sel_WIDTH16                   213    568.865     0.000           0.000    0.000      0.000  0.000   0.000        0.000    0.000   0.000      568.865 
      add_208_31                                              add_unsigned_2_237                     163    435.329     0.000           0.000    0.000      0.000  0.000   0.000        0.000    0.000   0.000      435.329 
    bms1                                                      bit_mask_sel_WIDTH16_1                   3      8.012     0.000           0.000    0.000      0.000  0.000   0.000        0.000    0.000   0.000        8.012 
    csa_tree_fac1222                                          csa_tree_4238                          142    377.908     0.000           0.000    0.000      0.000  0.000   0.000        0.000    0.000   0.000      377.908 
