============================================================
  Generated by:           Genus(TM) Synthesis Solution 21.10-p002_1
  Generated on:           Apr 11 2026  04:08:03 pm
  Module:                 floating_point_mul_p_1_L0
  Technology libraries:   fast_vdd1v0 1.0
                          physical_cells 
  Operating conditions:   PVT_1P1V_0C 
  Interconnect mode:      global
  Area mode:              physical library
============================================================

Timing
--------

Clock Period 
-------------
VCLK  1000.0 


  Cost    Critical              Violating 
 Group   Path Slack     TNS       Paths   
------------------------------------------
default    No paths        0.0            
VCLK         -462.5   -14048.8         31 
------------------------------------------
Total                 -14048.8         31 

Instance Count
--------------
Leaf Instance Count             3277 
Physical Instance count            0 
Sequential Instance Count          0 
Combinational Instance Count    3277 
Hierarchical Instance Count        3 

Area
----
Cell Area                          10239.138
Physical Cell Area                 0.000
Total Cell Area (Cell+Physical)    10239.138
Net Area                           3746.172
Total Area (Cell+Physical+Net)     13985.310

Runtime                            0.0 seconds
Elapsed Runtime                    245 seconds
Genus peak memory usage            1755.94 
Innovus peak memory usage          no_value 
Hostname                           redhat315b
