============================================================
  Generated by:           Genus(TM) Synthesis Solution 21.10-p002_1
  Generated on:           Apr 11 2026  03:02:23 pm
  Module:                 fixed_point_mul_p_0_L3
  Technology libraries:   fast_vdd1v0 1.0
                          physical_cells 
  Operating conditions:   PVT_1P1V_0C 
  Interconnect mode:      global
  Area mode:              physical library
============================================================

              Instance                             Module                Cell Count  Cell Area  Net Area   Combinational   Buffer   Inverter   Flop   Latch   Clock-Gate   Memory   Macro   Total Area 
-------------------------------------------------------------------------------------------------------------------------------------------------------------------------------------------------------
fixed_point_mul_p_0_L3                                                         1164   3104.721    10.339           0.000    0.000      0.000  0.000   0.000        0.000    0.000   0.000     3115.060 
  m_unsigned_int_mul                 unsigned_int_mul                          1013   2701.441     0.000           0.000    0.000      0.000  0.000   0.000        0.000    0.000   0.000     2701.441 
    lod_a                            leading_one_detector_WIDTH8                 14     37.390     0.000           0.000    0.000      0.000  0.000   0.000        0.000    0.000   0.000       37.390 
    lod_b                            leading_one_detector_WIDTH8_89              14     37.390     0.000           0.000    0.000      0.000  0.000   0.000        0.000    0.000   0.000       37.390 
    m_approx_t                       approx_t_WIDTH8                            645   1718.613     0.000           0.000    0.000      0.000  0.000   0.000        0.000    0.000   0.000     1718.613 
      WALLACE_CSA_DUMMY_OP204_groupi WALLACE_CSA_DUMMY_OP204_group_1241         207    552.841     0.000           0.000    0.000      0.000  0.000   0.000        0.000    0.000   0.000      552.841 
      WALLACE_CSA_DUMMY_OP_groupi556 WALLACE_CSA_DUMMY_OP_group_226             158    421.975     0.000           0.000    0.000      0.000  0.000   0.000        0.000    0.000   0.000      421.975 
      bms0                           bit_mask_sel_WIDTH16                       131    348.530     0.000           0.000    0.000      0.000  0.000   0.000        0.000    0.000   0.000      348.530 
      bms1                           bit_mask_sel_WIDTH16_88                     45    120.183     0.000           0.000    0.000      0.000  0.000   0.000        0.000    0.000   0.000      120.183 
      bms2                           bit_mask_sel_WIDTH16_87                     37     98.817     0.000           0.000    0.000      0.000  0.000   0.000        0.000    0.000   0.000       98.817 
