============================================================
  Generated by:           Genus(TM) Synthesis Solution 21.10-p002_1
  Generated on:           Apr 11 2026  02:45:15 pm
  Module:                 unsigned_int_mul_p_2_L2
  Technology libraries:   fast_vdd1v0 1.0
                          physical_cells 
  Operating conditions:   PVT_1P1V_0C 
  Interconnect mode:      global
  Area mode:              physical library
============================================================

                           Instance                                       Module              Cell Count  Cell Area  Net Area   Total Area 
-------------------------------------------------------------------------------------------------------------------------------------------
unsigned_int_mul_p_2_L2                                                                             1725   5042.334    12.601     5054.934 
  lod_a                                                       leading_one_detector_WIDTH8             12     32.049     0.000       32.049 
  lod_b                                                       leading_one_detector_WIDTH8_23          12     32.049     0.000       32.049 
  m_approx_t                                                  approx_t_WIDTH8                       1364   3979.384     0.000     3979.384 
    ADD_TC_OP258_Y_ADD_TC_OP237_Y_ADD_TC_OP233_Y_ADD_TC_OP203 add_signed                             163    435.329     0.000      435.329 
    DPOPT_INTERNAL_INSTi                                      DPOPT_INTERNAL_INST                    112    299.121     0.000      299.121 
    DPOPT_INTERNAL_INSTi244                                   DPOPT_INTERNAL_INST_172                112    299.121     0.000      299.121 
    WALLACE_CSA_DUMMY_OP263                                   csa_tree_2027                          145    385.920     0.000      385.920 
    add_279_29                                                add_unsigned_2                         134    357.877     0.000      357.877 
    bms0                                                      bit_mask_sel_WIDTH16                   198    528.804     0.000      528.804 
      add_312_31                                              add_unsigned_2_157                     148    395.268     0.000      395.268 
    bms1                                                      bit_mask_sel_WIDTH16_1                   3      8.012     0.000        8.012 
