

Working Directory = /home/redhat315bd/physical_design_nipun/Physical_design
QoS Summary for unsigned_int_mul_p_0_L3
================================================================================
Metric                          unsigned_int_mul_p_0_L3_syn_generic
================================================================================
Slack (ps):                      -566
  R2R (ps):                  no_value
  I2R (ps):                  no_value
  R2O (ps):                  no_value
  I2O (ps):                      -566
  CG  (ps):                  no_value
TNS (ps):                      -8,875
  R2R (ps):                  no_value
  I2R (ps):                  no_value
  R2O (ps):                  no_value
  I2O (ps):                    -8,875
  CG  (ps):                  no_value
Failing Paths:                     16
Cell Area:                      2,692
Total Cell Area:                2,692
Leaf Instances:                 1,005
Total Instances:                1,005
Utilization (%):                 0.00
Tot. Net Length (um):        no_value
Avg. Net Length (um):        no_value
Route Overflow H (%):        no_value
Route Overflow V (%):        no_value
MBCI(%) (bits/gate) :            0.00
Norm Cong Hotspot Area:
  Max Cong:                  no_value
  Tot Cong:                  no_value
================================================================================
CPU  Runtime (h:m:s):        00:30:13
Real Runtime (h:m:s):        00:30:13
CPU  Elapsed (h:m:s):        00:30:15
Real Elapsed (h:m:s):        00:30:14
Memory (MB):                  1633.80
================================================================================
================================================================================
Flow Settings:
================================================================================
Total Runtime (h:m:s): 00:30:13
Total Memory (MB):     1633.80
Executable Version:    21.10-p002_1
================================================================================
Total Cell Area =  Cell Area + Physical Cell Area
Total Instances =  Leaf Instances + Physical Instances


