============================================================
  Generated by:           Genus(TM) Synthesis Solution 21.10-p002_1
  Generated on:           Apr 11 2026  04:25:56 pm
  Module:                 unsigned_int_mul_p_0_L3
  Technology libraries:   fast_vdd1v0 1.0
                          physical_cells 
  Operating conditions:   PVT_1P1V_0C 
  Interconnect mode:      global
  Area mode:              physical library
============================================================

             Instance                            Module                Cell Count  Cell Area  Net Area   Total Area 
--------------------------------------------------------------------------------------------------------------------
unsigned_int_mul_p_0_L3                                                      1005   2680.075    11.860     2691.935 
  lod_a                            leading_one_detector_WIDTH8                 14     37.390     0.000       37.390 
  lod_b                            leading_one_detector_WIDTH8_86              14     37.390     0.000       37.390 
  m_approx_t                       approx_t_WIDTH8                            647   1723.955     0.000     1723.955 
    WALLACE_CSA_DUMMY_OP204_groupi WALLACE_CSA_DUMMY_OP204_group_1207         205    547.499     0.000      547.499 
    WALLACE_CSA_DUMMY_OP_groupi556 WALLACE_CSA_DUMMY_OP_group_193             159    424.646     0.000      424.646 
    bms0                           bit_mask_sel_WIDTH16                       134    356.542     0.000      356.542 
    bms1                           bit_mask_sel_WIDTH16_85                     46    122.853     0.000      122.853 
    bms2                           bit_mask_sel_WIDTH16_84                     36     96.146     0.000       96.146 
