============================================================
  Generated by:           Genus(TM) Synthesis Solution 21.10-p002_1
  Generated on:           Apr 11 2026  03:46:17 pm
  Module:                 floating_point_mul_p_0_L0
  Technology libraries:   fast_vdd1v0 1.0
                          physical_cells 
  Operating conditions:   PVT_1P1V_0C 
  Interconnect mode:      global
  Area mode:              physical library
============================================================

Timing
--------

Clock Period 
-------------
VCLK  1000.0 


  Cost    Critical              Violating 
 Group   Path Slack     TNS       Paths   
------------------------------------------
default    No paths        0.0            
VCLK         -692.1   -21214.5         31 
------------------------------------------
Total                 -21214.5         31 

Instance Count
--------------
Leaf Instance Count             2661 
Physical Instance count            0 
Sequential Instance Count          0 
Combinational Instance Count    2661 
Hierarchical Instance Count        9 

Area
----
Cell Area                          7104.135
Physical Cell Area                 0.000
Total Cell Area (Cell+Physical)    7104.135
Net Area                           23.719
Total Area (Cell+Physical+Net)     7127.854

Runtime                            0.0 seconds
Elapsed Runtime                    31 seconds
Genus peak memory usage            1715.42 
Innovus peak memory usage          no_value 
Hostname                           redhat315b
