

Working Directory = /home/redhat315bd/physical_design_nipun/Physical_design
QoS Summary for fplns_Fixed8
================================================================================
Metric                          fplns_Fixed8_syn_generic fplns_Fixed8_syn_map fplns_Fixed8_syn_opt
================================================================================
Slack (ps):                      -497            -234            -132
  R2R (ps):                  no_value        no_value        no_value
  I2R (ps):                  no_value        no_value        no_value
  R2O (ps):                  no_value        no_value        no_value
  I2O (ps):                      -497            -234            -132
  CG  (ps):                  no_value        no_value        no_value
TNS (ps):                      -7,123          -3,230          -1,840
  R2R (ps):                  no_value        no_value        no_value
  I2R (ps):                  no_value        no_value        no_value
  R2O (ps):                  no_value        no_value        no_value
  I2O (ps):                    -7,123          -3,230          -1,840
  CG  (ps):                  no_value        no_value        no_value
Failing Paths:                     16              16              16
Cell Area:                      2,793           1,219           1,410
Total Cell Area:                2,793           1,219           1,410
Leaf Instances:                 1,047             861             926
Total Instances:                1,047             861             926
Utilization (%):                 0.00            0.00            0.00
Tot. Net Length (um):        no_value        no_value        no_value
Avg. Net Length (um):        no_value        no_value        no_value
Route Overflow H (%):        no_value        no_value        no_value
Route Overflow V (%):        no_value        no_value        no_value
MBCI(%) (bits/gate) :            0.00            0.00            0.00
Norm Cong Hotspot Area:
  Max Cong:                  no_value        no_value        no_value
  Tot Cong:                  no_value        no_value        no_value
================================================================================
CPU  Runtime (h:m:s):        00:30:15        00:30:08        00:31:21
Real Runtime (h:m:s):        00:30:14        00:30:07        00:31:22
CPU  Elapsed (h:m:s):        00:30:17        00:30:25        00:31:46
Real Elapsed (h:m:s):        00:30:16        00:30:22        00:31:44
Memory (MB):                  1643.86         1623.16         1624.00
================================================================================
================================================================================
Flow Settings:
================================================================================
Total Runtime (h:m:s): 00:31:44
Total Memory (MB):     1632.00
Executable Version:    21.10-p002_1
================================================================================
Total Cell Area =  Cell Area + Physical Cell Area
Total Instances =  Leaf Instances + Physical Instances


