============================================================
  Generated by:           Genus(TM) Synthesis Solution 21.10-p002_1
  Generated on:           Jun 19 2026  11:17:42 am
  Module:                 acbam_UINT8
  Technology library:     fast_vdd1v0 1.0
  Operating conditions:   PVT_1P1V_0C (balanced_tree)
  Wireload mode:          enclosed
  Area mode:              timing library
============================================================

                                Leakage  
   Gate    Instances   Area   Power (nW)     Library    
--------------------------------------------------------
ADDFX1            13   66.690      4.313    fast_vdd1v0 
ADDFXL             6   41.040      1.843    fast_vdd1v0 
ADDHX1             9   33.858      2.369    fast_vdd1v0 
AND2X1             1    1.368      0.095    fast_vdd1v0 
AND2X2             1    1.710      0.116    fast_vdd1v0 
AND2XL             3    4.104      0.227    fast_vdd1v0 
AND3XL             2    4.104      0.171    fast_vdd1v0 
AO21X2             1    2.736      0.159    fast_vdd1v0 
AO21XL             1    2.394      0.109    fast_vdd1v0 
AOI211XL           2    4.104      0.159    fast_vdd1v0 
AOI21X1            6   10.260      0.642    fast_vdd1v0 
AOI21X2            1    2.736      0.225    fast_vdd1v0 
AOI21XL            6   10.260      0.406    fast_vdd1v0 
AOI22X1           23   47.196      3.055    fast_vdd1v0 
AOI22X4            1    6.156      0.510    fast_vdd1v0 
AOI22XL            2    4.104      0.163    fast_vdd1v0 
AOI2BB1X1          2    4.104      0.243    fast_vdd1v0 
AOI2BB1X4          1    4.104      0.350    fast_vdd1v0 
AOI2BB1XL          2    4.104      0.212    fast_vdd1v0 
AOI31X1            3    6.156      0.383    fast_vdd1v0 
CLKINVX2           2    2.736      0.170    fast_vdd1v0 
CLKINVX4           2    3.420      0.334    fast_vdd1v0 
INVX1             24   16.416      1.098    fast_vdd1v0 
INVX2              4    4.104      0.322    fast_vdd1v0 
INVX3              1    1.368      0.126    fast_vdd1v0 
INVXL             25   17.100      0.839    fast_vdd1v0 
MXI2X1             3    8.208      0.437    fast_vdd1v0 
MXI2X8             3   18.468      1.574    fast_vdd1v0 
MXI2XL             7   16.758      0.744    fast_vdd1v0 
NAND2BX1           3    4.104      0.318    fast_vdd1v0 
NAND2BXL           8   10.944      0.673    fast_vdd1v0 
NAND2X1           47   48.222      3.259    fast_vdd1v0 
NAND2X2            8   13.680      1.038    fast_vdd1v0 
NAND2X4            2    6.293      0.538    fast_vdd1v0 
NAND2XL           21   21.546      1.010    fast_vdd1v0 
NAND3BXL           3    5.130      0.273    fast_vdd1v0 
NAND3X1            1    1.710      0.086    fast_vdd1v0 
NAND3X2            1    2.736      0.172    fast_vdd1v0 
NAND3XL            1    1.710      0.052    fast_vdd1v0 
NOR2BX1           19   25.992      1.964    fast_vdd1v0 
NOR2X1            41   42.066      3.074    fast_vdd1v0 
NOR2X2             6   10.260      0.775    fast_vdd1v0 
NOR2X4             1    3.078      0.249    fast_vdd1v0 
NOR2XL            22   22.572      1.028    fast_vdd1v0 
NOR3BXL            1    2.052      0.087    fast_vdd1v0 
NOR3X1             2    3.420      0.203    fast_vdd1v0 
NOR3XL             2    3.420      0.105    fast_vdd1v0 
NOR4X1             6   10.260      0.625    fast_vdd1v0 
OA21X2             1    3.078      0.153    fast_vdd1v0 
OAI211X1           2    3.420      0.247    fast_vdd1v0 
OAI21X1           14   23.940      1.377    fast_vdd1v0 
OAI21XL            4    6.840      0.256    fast_vdd1v0 
OAI22X1            6   12.312      0.728    fast_vdd1v0 
OAI22X2            1    3.420      0.188    fast_vdd1v0 
OAI2BB1X1         15   25.650      1.767    fast_vdd1v0 
OAI2BB1X2          1    3.078      0.184    fast_vdd1v0 
OR2X1              1    1.368      0.101    fast_vdd1v0 
OR2XL              6    8.208      0.494    fast_vdd1v0 
OR3XL              1    2.052      0.092    fast_vdd1v0 
XNOR2X1           29   69.426      5.306    fast_vdd1v0 
XNOR2X2            8   24.624      1.800    fast_vdd1v0 
XNOR2X4            2    7.524      0.672    fast_vdd1v0 
XOR2XL            10   27.360      1.681    fast_vdd1v0 
--------------------------------------------------------
total            453  811.361     51.968                


                                          Leakage  Leakage 
     Type      Instances   Area  Area % Power (nW) Power % 
-----------------------------------------------------------
inverter              58  45.144    5.6      2.888     5.6 
logic                395 766.217   94.4     49.081    94.4 
physical_cells         0   0.000    0.0      0.000     0.0 
-----------------------------------------------------------
total                453 811.361  100.0     51.968   100.0 

