

Working Directory = /home/redhat315bd/physical_design_nipun/Physical_design
QoS Summary for acbam_UINT8
================================================================================
Metric                          acbam_UINT8_syn_generic acbam_UINT8_syn_map
================================================================================
Slack (ps):                       -96               0
  R2R (ps):                  no_value        no_value
  I2R (ps):                  no_value        no_value
  R2O (ps):                  no_value        no_value
  I2O (ps):                       -96               0
  CG  (ps):                  no_value        no_value
TNS (ps):                        -524               0
  R2R (ps):                  no_value        no_value
  I2R (ps):                  no_value        no_value
  R2O (ps):                  no_value        no_value
  I2O (ps):                      -524               0
  CG  (ps):                  no_value        no_value
Failing Paths:                      8               0
Cell Area:                      2,257             811
Total Cell Area:                2,257             811
Leaf Instances:                   846             453
Total Instances:                  846             453
Utilization (%):                 0.00            0.00
Tot. Net Length (um):        no_value        no_value
Avg. Net Length (um):        no_value        no_value
Route Overflow H (%):        no_value        no_value
Route Overflow V (%):        no_value        no_value
MBCI(%) (bits/gate) :            0.00            0.00
Norm Cong Hotspot Area:
  Max Cong:                  no_value        no_value
  Tot Cong:                  no_value        no_value
================================================================================
CPU  Runtime (h:m:s):        00:30:09        00:30:05
Real Runtime (h:m:s):        00:30:09        00:30:04
CPU  Elapsed (h:m:s):        00:30:11        00:30:16
Real Elapsed (h:m:s):        00:30:10        00:30:14
Memory (MB):                  1633.84         1614.86
================================================================================
================================================================================
Flow Settings:
================================================================================
Total Runtime (h:m:s): 00:30:13
Total Memory (MB):     1622.87
Executable Version:    21.10-p002_1
================================================================================
Total Cell Area =  Cell Area + Physical Cell Area
Total Instances =  Leaf Instances + Physical Instances


