Command: report datapath -all -print_inferred > ./genus/reports/signed_int_mul_p_0_L1/cadence_45nm/post_elaboration/syn_generic_datapath_report.rpt
============================================================
  Generated by:           Genus(TM) Synthesis Solution 21.10-p002_1
  Generated on:           Apr 11 2026  03:22:12 pm
  Module:                 signed_int_mul_p_0_L1
  Technology libraries:   fast_vdd1v0 1.0
                          physical_cells 
  Operating conditions:   PVT_1P1V_0C 
  Interconnect mode:      global
  Area mode:              physical library
============================================================


Inferred components

                      Operator  Signedness   Inputs   Outputs CellArea Line Col       Filename       
=====================================================================================================
signed_int_mul_p_0_L1
 add_21_46
  
  module:add_unsigned_233
   very_fast              +     unsigned   8x1        8          68.10   21  46 signed_int_mul_p_0_L 
                                                                                1.v                  
=====================================================================================================
signed_int_mul_p_0_L1
 add_22_46
  
  module:add_unsigned_233
   very_fast              +     unsigned   8x1        8          68.10   22  46 signed_int_mul_p_0_L 
                                                                                1.v                  
=====================================================================================================
signed_int_mul_p_0_L1
 add_28_35
  
  module:add_unsigned_24
   very_fast              +     unsigned   16x1       16        166.92   28  35 signed_int_mul_p_0_L 
                                                                                1.v                  
=====================================================================================================
signed_int_mul_p_0_L1
 m_unsigned_int_mul
  add_57_33
   
   module:add_unsigned_82
    very_fast             +     unsigned   3x3        4          41.40   57  33 signed_int_mul_p_0_L 
                                                                                1.v                  
=====================================================================================================
signed_int_mul_p_0_L1
 m_unsigned_int_mul
  lod_a
   mux_reg_position_94_29
    
    module:mux
     very_fast           mux    n/a        8x3x3x3x3x 3          64.10   94  29 signed_int_mul_p_0_L 
                                           3x3x3x3                              1.v                  
=====================================================================================================
signed_int_mul_p_0_L1
 m_unsigned_int_mul
  lod_b
   mux_reg_position_94_29
    
    module:mux
     very_fast           mux    n/a        8x3x3x3x3x 3          64.10   94  29 signed_int_mul_p_0_L 
                                           3x3x3x3                              1.v                  
=====================================================================================================
signed_int_mul_p_0_L1
 m_unsigned_int_mul
  m_approx_t
   add_122_44
    
    module:add_unsigned_6
     very_fast            +     unsigned   8x8        9         178.94  122  44 signed_int_mul_p_0_L 
                                                                                1.v                  
=====================================================================================================
signed_int_mul_p_0_L1
 m_unsigned_int_mul
  m_approx_t
   add_123_21
    
    module:add_unsigned_8
     very_fast            +     unsigned   9x8        10        186.95  123  21 signed_int_mul_p_0_L 
                                                                                1.v                  
=====================================================================================================
signed_int_mul_p_0_L1
 m_unsigned_int_mul
  m_approx_t
   add_171_54
    
    module:add_unsigned_24
     very_fast            +     unsigned   16x1       16        166.92  171  54 signed_int_mul_p_0_L 
                                                                                1.v                  
=====================================================================================================
signed_int_mul_p_0_L1
 m_unsigned_int_mul
  m_approx_t
   add_171_63
    
    module:add_unsigned_24
     very_fast            +     unsigned   16x1       16        166.92  171  63 signed_int_mul_p_0_L 
                                                                                1.v                  
=====================================================================================================
signed_int_mul_p_0_L1
 m_unsigned_int_mul
  m_approx_t
   add_189_58
    
    module:add_unsigned_24
     very_fast            +     unsigned   16x1       16        166.92  189  58 signed_int_mul_p_0_L 
                                                                                1.v                  
=====================================================================================================
signed_int_mul_p_0_L1
 m_unsigned_int_mul
  m_approx_t
   add_190_60
    
    module:add_unsigned_24
     very_fast            +     unsigned   16x1       16        166.92  190  60 signed_int_mul_p_0_L 
                                                                                1.v                  
=====================================================================================================
signed_int_mul_p_0_L1
 m_unsigned_int_mul
  m_approx_t
   add_209_52
    
    module:add_unsigned_24
     very_fast            +     unsigned   16x1       16        166.92  209  52 signed_int_mul_p_0_L 
                                                                                1.v                  
=====================================================================================================
signed_int_mul_p_0_L1
 m_unsigned_int_mul
  m_approx_t
   add_209_61
    
    module:add_unsigned_24
     very_fast            +     unsigned   16x1       16        166.92  209  61 signed_int_mul_p_0_L 
                                                                                1.v                  
=====================================================================================================
signed_int_mul_p_0_L1
 m_unsigned_int_mul
  m_approx_t
   add_220_24
    
    module:add_unsigned
     very_fast            +     unsigned   16x16      16        401.94  220  24 signed_int_mul_p_0_L 
                                                                                1.v                  
=====================================================================================================
signed_int_mul_p_0_L1
 m_unsigned_int_mul
  m_approx_t
   add_220_34
    
    module:add_unsigned
     very_fast            +     unsigned   16x16      16        401.94  220  34 signed_int_mul_p_0_L 
                                                                                1.v                  
=====================================================================================================
signed_int_mul_p_0_L1
 m_unsigned_int_mul
  m_approx_t
   bms0
    add_250_31
     
     module:add_unsigned
      very_fast           +     unsigned   16x16      16        401.94  250  31 signed_int_mul_p_0_L 
                                                                                1.v                  
=====================================================================================================
signed_int_mul_p_0_L1
 m_unsigned_int_mul
  m_approx_t
   bms0
    mux_reg_r_242_19
     
     module:bmux
      very_fast      binary_mux n/a        2x16x16x16 16        170.93  242  19 signed_int_mul_p_0_L 
                                           x16                                  1.v                  
=====================================================================================================
signed_int_mul_p_0_L1
 m_unsigned_int_mul
  m_approx_t
   bms1
    add_250_31
     
     module:add_unsigned
      very_fast           +     unsigned   16x16      16        401.94  250  31 signed_int_mul_p_0_L 
                                                                                1.v                  
=====================================================================================================
signed_int_mul_p_0_L1
 m_unsigned_int_mul
  m_approx_t
   bms1
    mux_reg_r_242_19
     
     module:bmux
      very_fast      binary_mux n/a        2x16x16x16 16        170.93  242  19 signed_int_mul_p_0_L 
                                           x16                                  1.v                  
=====================================================================================================
signed_int_mul_p_0_L1
 m_unsigned_int_mul
  m_approx_t
   bms2
    add_250_31
     
     module:add_unsigned
      very_fast           +     unsigned   16x16      16        401.94  250  31 signed_int_mul_p_0_L 
                                                                                1.v                  
=====================================================================================================
signed_int_mul_p_0_L1
 m_unsigned_int_mul
  m_approx_t
   bms2
    mux_reg_r_242_19
     
     module:bmux
      very_fast      binary_mux n/a        2x16x16x16 16        170.93  242  19 signed_int_mul_p_0_L 
                                           x16                                  1.v                  
=====================================================================================================
signed_int_mul_p_0_L1
 m_unsigned_int_mul
  m_approx_t
   mux_131_19
    
    module:bmux_51
     very_fast       binary_mux n/a        1x12x12    12         64.10  131  19 signed_int_mul_p_0_L 
                                                                                1.v                  
=====================================================================================================
signed_int_mul_p_0_L1
 m_unsigned_int_mul
  m_approx_t
   mux_133_23
    
    module:bmux_52
     very_fast       binary_mux n/a        1x16x16    16         85.46  133  23 signed_int_mul_p_0_L 
                                                                                1.v                  
=====================================================================================================
signed_int_mul_p_0_L1
 m_unsigned_int_mul
  m_approx_t
   mux_144_39
    
    module:bmux_55
     very_fast       binary_mux n/a        1x13x13    13         69.44  144  39 signed_int_mul_p_0_L 
                                                                                1.v                  
=====================================================================================================
signed_int_mul_p_0_L1
 m_unsigned_int_mul
  m_approx_t
   mux_145_39
    
    module:bmux_53
     very_fast       binary_mux n/a        1x2x2      2          10.68  145  39 signed_int_mul_p_0_L 
                                                                                1.v                  
=====================================================================================================
signed_int_mul_p_0_L1
 m_unsigned_int_mul
  m_approx_t
   mux_146_39
    
    module:bmux_53
     very_fast       binary_mux n/a        1x2x2      2          10.68  146  39 signed_int_mul_p_0_L 
                                                                                1.v                  
=====================================================================================================
signed_int_mul_p_0_L1
 m_unsigned_int_mul
  m_approx_t
   mux_148_41
    
    module:bmux_55
     very_fast       binary_mux n/a        1x13x13    13         69.44  148  41 signed_int_mul_p_0_L 
                                                                                1.v                  
=====================================================================================================
signed_int_mul_p_0_L1
 m_unsigned_int_mul
  m_approx_t
   mux_153_23
    
    module:bmux_52
     very_fast       binary_mux n/a        1x16x16    16         85.46  153  23 signed_int_mul_p_0_L 
                                                                                1.v                  
=====================================================================================================
signed_int_mul_p_0_L1
 m_unsigned_int_mul
  m_approx_t
   mux_153_35
    
    module:bmux_52
     very_fast       binary_mux n/a        1x16x16    16         85.46  153  35 signed_int_mul_p_0_L 
                                                                                1.v                  
=====================================================================================================
signed_int_mul_p_0_L1
 m_unsigned_int_mul
  m_approx_t
   mux_154_37
    
    module:bmux_52
     very_fast       binary_mux n/a        1x16x16    16         85.46  154  37 signed_int_mul_p_0_L 
                                                                                1.v                  
=====================================================================================================
signed_int_mul_p_0_L1
 m_unsigned_int_mul
  m_approx_t
   mux_163_39
    
    module:bmux_62
     very_fast       binary_mux n/a        1x14x14    14         74.78  163  39 signed_int_mul_p_0_L 
                                                                                1.v                  
=====================================================================================================
signed_int_mul_p_0_L1
 m_unsigned_int_mul
  m_approx_t
   mux_164_39
    
    module:bmux_53
     very_fast       binary_mux n/a        1x2x2      2          10.68  164  39 signed_int_mul_p_0_L 
                                                                                1.v                  
=====================================================================================================
signed_int_mul_p_0_L1
 m_unsigned_int_mul
  m_approx_t
   mux_165_39
    
    module:bmux_53
     very_fast       binary_mux n/a        1x2x2      2          10.68  165  39 signed_int_mul_p_0_L 
                                                                                1.v                  
=====================================================================================================
signed_int_mul_p_0_L1
 m_unsigned_int_mul
  m_approx_t
   mux_167_42
    
    module:bmux_62
     very_fast       binary_mux n/a        1x14x14    14         74.78  167  42 signed_int_mul_p_0_L 
                                                                                1.v                  
=====================================================================================================
signed_int_mul_p_0_L1
 m_unsigned_int_mul
  m_approx_t
   mux_170_23
    
    module:bmux_52
     very_fast       binary_mux n/a        1x16x16    16         85.46  170  23 signed_int_mul_p_0_L 
                                                                                1.v                  
=====================================================================================================
signed_int_mul_p_0_L1
 m_unsigned_int_mul
  m_approx_t
   mux_170_35
    
    module:bmux_62
     very_fast       binary_mux n/a        1x14x14    14         74.78  170  35 signed_int_mul_p_0_L 
                                                                                1.v                  
=====================================================================================================
signed_int_mul_p_0_L1
 m_unsigned_int_mul
  m_approx_t
   mux_171_37
    
    module:bmux_52
     very_fast       binary_mux n/a        1x16x16    16         85.46  171  37 signed_int_mul_p_0_L 
                                                                                1.v                  
=====================================================================================================
signed_int_mul_p_0_L1
 m_unsigned_int_mul
  m_approx_t
   mux_182_39
    
    module:bmux_69
     very_fast       binary_mux n/a        1x15x15    15         80.12  182  39 signed_int_mul_p_0_L 
                                                                                1.v                  
=====================================================================================================
signed_int_mul_p_0_L1
 m_unsigned_int_mul
  m_approx_t
   mux_183_39
    
    module:bmux_53
     very_fast       binary_mux n/a        1x2x2      2          10.68  183  39 signed_int_mul_p_0_L 
                                                                                1.v                  
=====================================================================================================
signed_int_mul_p_0_L1
 m_unsigned_int_mul
  m_approx_t
   mux_184_39
    
    module:bmux_53
     very_fast       binary_mux n/a        1x2x2      2          10.68  184  39 signed_int_mul_p_0_L 
                                                                                1.v                  
=====================================================================================================
signed_int_mul_p_0_L1
 m_unsigned_int_mul
  m_approx_t
   mux_186_42
    
    module:bmux_69
     very_fast       binary_mux n/a        1x15x15    15         80.12  186  42 signed_int_mul_p_0_L 
                                                                                1.v                  
=====================================================================================================
signed_int_mul_p_0_L1
 m_unsigned_int_mul
  m_approx_t
   mux_189_23
    
    module:bmux_52
     very_fast       binary_mux n/a        1x16x16    16         85.46  189  23 signed_int_mul_p_0_L 
                                                                                1.v                  
=====================================================================================================
signed_int_mul_p_0_L1
 m_unsigned_int_mul
  m_approx_t
   mux_189_35
    
    module:bmux_52
     very_fast       binary_mux n/a        1x16x16    16         85.46  189  35 signed_int_mul_p_0_L 
                                                                                1.v                  
=====================================================================================================
signed_int_mul_p_0_L1
 m_unsigned_int_mul
  m_approx_t
   mux_190_37
    
    module:bmux_52
     very_fast       binary_mux n/a        1x16x16    16         85.46  190  37 signed_int_mul_p_0_L 
                                                                                1.v                  
=====================================================================================================
signed_int_mul_p_0_L1
 m_unsigned_int_mul
  m_approx_t
   mux_201_39
    
    module:bmux_52
     very_fast       binary_mux n/a        1x16x16    16         85.46  201  39 signed_int_mul_p_0_L 
                                                                                1.v                  
=====================================================================================================
signed_int_mul_p_0_L1
 m_unsigned_int_mul
  m_approx_t
   mux_202_39
    
    module:bmux_53
     very_fast       binary_mux n/a        1x2x2      2          10.68  202  39 signed_int_mul_p_0_L 
                                                                                1.v                  
=====================================================================================================
signed_int_mul_p_0_L1
 m_unsigned_int_mul
  m_approx_t
   mux_203_39
    
    module:bmux_53
     very_fast       binary_mux n/a        1x2x2      2          10.68  203  39 signed_int_mul_p_0_L 
                                                                                1.v                  
=====================================================================================================
signed_int_mul_p_0_L1
 m_unsigned_int_mul
  m_approx_t
   mux_205_42
    
    module:bmux_52
     very_fast       binary_mux n/a        1x16x16    16         85.46  205  42 signed_int_mul_p_0_L 
                                                                                1.v                  
=====================================================================================================
signed_int_mul_p_0_L1
 m_unsigned_int_mul
  m_approx_t
   mux_208_23
    
    module:bmux_52
     very_fast       binary_mux n/a        1x16x16    16         85.46  208  23 signed_int_mul_p_0_L 
                                                                                1.v                  
=====================================================================================================
signed_int_mul_p_0_L1
 m_unsigned_int_mul
  m_approx_t
   mux_208_35
    
    module:bmux_52
     very_fast       binary_mux n/a        1x16x16    16         85.46  208  35 signed_int_mul_p_0_L 
                                                                                1.v                  
=====================================================================================================
signed_int_mul_p_0_L1
 m_unsigned_int_mul
  m_approx_t
   mux_209_35
    
    module:bmux_52
     very_fast       binary_mux n/a        1x16x16    16         85.46  209  35 signed_int_mul_p_0_L 
                                                                                1.v                  
=====================================================================================================
signed_int_mul_p_0_L1
 m_unsigned_int_mul
  m_approx_t
   sub_124_21
    
    module:sub_unsigned
     very_fast            -     unsigned   10x9       16        220.34  124  21 signed_int_mul_p_0_L 
                                                                                1.v                  
=====================================================================================================
signed_int_mul_p_0_L1
 m_unsigned_int_mul
  mux_69_21
   
   module:bmux_52
    very_fast        binary_mux n/a        1x16x16    16         85.46   69  21 signed_int_mul_p_0_L 
                                                                                1.v                  
=====================================================================================================
signed_int_mul_p_0_L1
 m_unsigned_int_mul
  mux_70_29
   
   module:bmux_52
    very_fast        binary_mux n/a        1x16x16    16         85.46   70  29 signed_int_mul_p_0_L 
                                                                                1.v                  
=====================================================================================================
signed_int_mul_p_0_L1
 m_unsigned_int_mul
  sll_61_20
   
   module:shift_left_vlog_unsigned_204
    very_fast/barrel     <<     x          7x3        7          97.48   61  20 signed_int_mul_p_0_L 
                                                                                1.v                  
=====================================================================================================
signed_int_mul_p_0_L1
 m_unsigned_int_mul
  sll_62_20
   
   module:shift_left_vlog_unsigned_204
    very_fast/barrel     <<     x          7x3        7          97.48   62  20 signed_int_mul_p_0_L 
                                                                                1.v                  
=====================================================================================================
signed_int_mul_p_0_L1
 m_unsigned_int_mul
  sll_70_65
   
   module:shift_left_vlog_unsigned
    very_fast/barrel     <<     x          16x3       16        241.70   70  65 signed_int_mul_p_0_L 
                                                                                1.v                  
=====================================================================================================
signed_int_mul_p_0_L1
 m_unsigned_int_mul
  srl_71_64
   
   module:shift_right_vlog_unsigned_86
    very_fast/barrel     >>     x          17x3       16        271.08   71  64 signed_int_mul_p_0_L 
                                                                                1.v                  
=====================================================================================================
signed_int_mul_p_0_L1
 mux_21_20
  
  module:bmux_236
   very_fast         binary_mux n/a        1x8x8      8          42.73   21  20 signed_int_mul_p_0_L 
                                                                                1.v                  
=====================================================================================================
signed_int_mul_p_0_L1
 mux_22_20
  
  module:bmux_236
   very_fast         binary_mux n/a        1x8x8      8          42.73   22  20 signed_int_mul_p_0_L 
                                                                                1.v                  
=====================================================================================================
signed_int_mul_p_0_L1
 mux_28_17
  
  module:bmux_52
   very_fast         binary_mux n/a        1x16x16    16         85.46   28  17 signed_int_mul_p_0_L 
                                                                                1.v                  
=====================================================================================================

      Type       CellArea Percentage 
-------------------------------------
datapath modules  4649.74      58.02 
external muxes    2852.34      35.59 
others             511.44       6.38 
-------------------------------------
total             8013.52     100.00 

