

Working Directory = /home/redhat315bd/physical_design_nipun/Physical_design
QoS Summary for floating_point_mul_p_0_L2
================================================================================
Metric                          floating_point_mul_p_0_L2_syn_generic
================================================================================
Slack (ps):                      -692
  R2R (ps):                  no_value
  I2R (ps):                  no_value
  R2O (ps):                  no_value
  I2O (ps):                      -692
  CG  (ps):                  no_value
TNS (ps):                     -21,214
  R2R (ps):                  no_value
  I2R (ps):                  no_value
  R2O (ps):                  no_value
  I2O (ps):                   -21,214
  CG  (ps):                  no_value
Failing Paths:                     31
Cell Area:                      7,128
Total Cell Area:                7,128
Leaf Instances:                 2,661
Total Instances:                2,661
Utilization (%):                 0.00
Tot. Net Length (um):        no_value
Avg. Net Length (um):        no_value
Route Overflow H (%):        no_value
Route Overflow V (%):        no_value
MBCI(%) (bits/gate) :            0.00
Norm Cong Hotspot Area:
  Max Cong:                  no_value
  Tot Cong:                  no_value
================================================================================
CPU  Runtime (h:m:s):        00:30:29
Real Runtime (h:m:s):        00:30:28
CPU  Elapsed (h:m:s):        00:30:31
Real Elapsed (h:m:s):        00:30:30
Memory (MB):                  1712.50
================================================================================
================================================================================
Flow Settings:
================================================================================
Total Runtime (h:m:s): 00:30:29
Total Memory (MB):     1712.50
Executable Version:    21.10-p002_1
================================================================================
Total Cell Area =  Cell Area + Physical Cell Area
Total Instances =  Leaf Instances + Physical Instances


