============================================================
  Generated by:           Genus(TM) Synthesis Solution 21.10-p002_1
  Generated on:           Apr 11 2026  04:08:52 pm
  Module:                 floating_point_mul_p_1_L1
  Technology libraries:   fast_vdd1v0 1.0
                          physical_cells 
  Operating conditions:   PVT_1P1V_0C 
  Interconnect mode:      global
  Area mode:              physical library
============================================================

                                 Leakage  
   Gate    Instances    Area   Power (nW)     Library    
---------------------------------------------------------
ACHCONX2           2    25.308      1.288    fast_vdd1v0 
ADDFHX2            3    24.624      1.412    fast_vdd1v0 
ADDFX1            13    66.690      4.172    fast_vdd1v0 
ADDHX1             7    26.334      1.887    fast_vdd1v0 
ADDHX2             4    20.520      1.376    fast_vdd1v0 
ADDHX4             1     7.182      0.530    fast_vdd1v0 
AND2X1            51    69.768      4.375    fast_vdd1v0 
AND2X2             3     5.130      0.367    fast_vdd1v0 
AND2X4             4    10.944      0.889    fast_vdd1v0 
AND2X6             7    26.334      2.557    fast_vdd1v0 
AND2X8             3    13.338      1.334    fast_vdd1v0 
AO21X1             2     4.788      0.239    fast_vdd1v0 
AO21X2             1     2.736      0.155    fast_vdd1v0 
AO22X1             2     5.472      0.273    fast_vdd1v0 
AO22X2             1     3.078      0.176    fast_vdd1v0 
AOI211X2           3    10.260      0.745    fast_vdd1v0 
AOI211X4           8    51.984      4.185    fast_vdd1v0 
AOI211XL           1     2.052      0.132    fast_vdd1v0 
AOI21X1           19    32.490      1.991    fast_vdd1v0 
AOI21X2           35    95.760      6.650    fast_vdd1v0 
AOI21X4           48   246.240     18.463    fast_vdd1v0 
AOI221X1           2     4.788      0.385    fast_vdd1v0 
AOI221X2           1     4.446      0.296    fast_vdd1v0 
AOI221X4           2    15.732      1.157    fast_vdd1v0 
AOI22X1           24    49.248      3.010    fast_vdd1v0 
AOI22X2           10    37.620      2.361    fast_vdd1v0 
AOI22X4           36   221.616     16.915    fast_vdd1v0 
AOI2BB1X1          5    10.260      0.652    fast_vdd1v0 
AOI2BB1X2          8    24.624      1.688    fast_vdd1v0 
AOI2BB1X4          9    36.936      3.361    fast_vdd1v0 
AOI2BB2X1          1     3.420      0.191    fast_vdd1v0 
AOI2BB2X4          1     7.524      0.568    fast_vdd1v0 
AOI31X4            1     6.498      0.438    fast_vdd1v0 
BMXIX2             1     7.524      0.374    fast_vdd1v0 
BUFX12             2    10.260      1.191    fast_vdd1v0 
BUFX2             25    42.750      2.968    fast_vdd1v0 
BUFX3             58   119.016     10.035    fast_vdd1v0 
BUFX4              1     2.394      0.203    fast_vdd1v0 
BUFX6             12    36.936      3.937    fast_vdd1v0 
BUFX8              2     7.524      0.800    fast_vdd1v0 
CLKAND2X2         10    20.520      1.318    fast_vdd1v0 
CLKAND2X3          8    24.624      1.724    fast_vdd1v0 
CLKAND2X4          1     3.420      0.243    fast_vdd1v0 
CLKAND2X6          9    43.092      3.936    fast_vdd1v0 
CLKINVX12          6    24.624      3.021    fast_vdd1v0 
CLKINVX2          13    17.784      1.084    fast_vdd1v0 
CLKINVX3          15    25.650      1.916    fast_vdd1v0 
CLKINVX4          36    61.560      6.162    fast_vdd1v0 
CLKINVX6          17    40.698      4.220    fast_vdd1v0 
CLKINVX8          12    36.936      4.122    fast_vdd1v0 
CLKMX2X3           1     4.104      0.262    fast_vdd1v0 
CLKXOR2X1         74   202.464     13.344    fast_vdd1v0 
CLKXOR2X2         24    82.080      5.250    fast_vdd1v0 
INVX1            102    69.768      4.735    fast_vdd1v0 
INVX2             58    59.508      4.987    fast_vdd1v0 
INVX3             33    45.144      4.207    fast_vdd1v0 
INVX4              1     1.710      0.167    fast_vdd1v0 
INVX6              1     2.394      0.243    fast_vdd1v0 
INVXL              1     0.684      0.031    fast_vdd1v0 
MXI2X1             1     2.736      0.147    fast_vdd1v0 
MXI2X4             1     5.130      0.328    fast_vdd1v0 
NAND2BX1          90   123.120      9.604    fast_vdd1v0 
NAND2BX2          17    40.698      2.822    fast_vdd1v0 
NAND2BX4          12    45.144      3.647    fast_vdd1v0 
NAND2X1          105   107.730      7.240    fast_vdd1v0 
NAND2X2          120   205.200     15.363    fast_vdd1v0 
NAND2X4          109   372.780     28.280    fast_vdd1v0 
NAND2X6           60   287.280     23.840    fast_vdd1v0 
NAND2X8           35   191.520     18.333    fast_vdd1v0 
NAND3BX1           2     4.104      0.231    fast_vdd1v0 
NAND3BX2           1     3.078      0.204    fast_vdd1v0 
NAND3BX4           2    10.260      0.844    fast_vdd1v0 
NAND3X1            2     3.420      0.172    fast_vdd1v0 
NAND3X2            4    10.944      0.656    fast_vdd1v0 
NAND3X4            4    19.152      1.247    fast_vdd1v0 
NAND3X6            4    28.728      2.069    fast_vdd1v0 
NAND3X8            4    32.832      2.676    fast_vdd1v0 
NAND4X4            1     6.840      0.414    fast_vdd1v0 
NAND4X8            2    20.520      1.577    fast_vdd1v0 
NOR2BX1           92   125.856     10.260    fast_vdd1v0 
NOR2BX2           25    68.400      4.087    fast_vdd1v0 
NOR2BX4           13    48.906      3.830    fast_vdd1v0 
NOR2X1            77    79.002      6.066    fast_vdd1v0 
NOR2X2            84   143.640     11.255    fast_vdd1v0 
NOR2X4           139   427.842     36.129    fast_vdd1v0 
NOR2X6            81   332.424     33.202    fast_vdd1v0 
NOR2X8            27   147.744     14.775    fast_vdd1v0 
NOR3BX1            2     4.104      0.253    fast_vdd1v0 
NOR3BX2            4    13.680      0.744    fast_vdd1v0 
NOR3BX4            4    23.256      1.305    fast_vdd1v0 
NOR3X1             1     1.710      0.084    fast_vdd1v0 
NOR3X2             4    10.944      0.604    fast_vdd1v0 
NOR3X4            11    56.430      3.793    fast_vdd1v0 
NOR3X6            10    71.820      5.257    fast_vdd1v0 
NOR3X8             7    62.244      4.796    fast_vdd1v0 
OA21X1             3     6.156      0.348    fast_vdd1v0 
OAI211X1           1     1.710      0.128    fast_vdd1v0 
OAI211X4           1     6.498      0.463    fast_vdd1v0 
OAI21X1           36    61.560      3.601    fast_vdd1v0 
OAI21X2           78   240.084     14.493    fast_vdd1v0 
OAI21X4           68   325.584     24.726    fast_vdd1v0 
OAI221X1           3     7.182      0.479    fast_vdd1v0 
OAI221X4           1     7.866      0.631    fast_vdd1v0 
OAI22X4            2    12.996      0.866    fast_vdd1v0 
OAI2BB1X1          3     5.130      0.373    fast_vdd1v0 
OAI2BB1X2          7    21.546      1.278    fast_vdd1v0 
OAI2BB1X4          8    35.568      2.586    fast_vdd1v0 
OAI2BB2X4          1     8.550      0.556    fast_vdd1v0 
OAI31X1            7    14.364      0.841    fast_vdd1v0 
OAI31X2            1     3.762      0.245    fast_vdd1v0 
OAI31X4            2    13.680      0.932    fast_vdd1v0 
OR2X1             27    36.936      2.714    fast_vdd1v0 
OR2X2              1     1.710      0.149    fast_vdd1v0 
OR2X4              3     8.208      0.743    fast_vdd1v0 
OR2X6             11    41.382      4.324    fast_vdd1v0 
OR2XL              4     5.472      0.373    fast_vdd1v0 
OR3X1              3     6.156      0.320    fast_vdd1v0 
OR3X6              1     4.788      0.510    fast_vdd1v0 
OR4X1              3     6.156      0.344    fast_vdd1v0 
XNOR2X1          125   299.250     22.544    fast_vdd1v0 
XNOR2X2           26    80.028      5.703    fast_vdd1v0 
XNOR2X4            6    22.572      1.955    fast_vdd1v0 
XNOR3X1            1     7.524      0.399    fast_vdd1v0 
XOR2X2             3    10.260      0.651    fast_vdd1v0 
XOR2X4            10    41.040      3.242    fast_vdd1v0 
XOR3X1             1     7.524      0.394    fast_vdd1v0 
---------------------------------------------------------
total           2445  6657.372    517.741                


                                           Leakage  Leakage 
     Type      Instances   Area   Area % Power (nW) Power % 
------------------------------------------------------------
inverter             295  386.460    5.8     34.894     6.7 
buffer               100  218.880    3.3     19.135     3.7 
logic               2050 6052.032   90.9    463.712    89.6 
physical_cells         0    0.000    0.0      0.000     0.0 
------------------------------------------------------------
total               2445 6657.372  100.0    517.741   100.0 

