============================================================
  Generated by:           Genus(TM) Synthesis Solution 21.10-p002_1
  Generated on:           Jun 19 2026  11:18:10 am
  Module:                 fplns_Fixed8
  Operating conditions:   PVT_1P1V_0C (balanced_tree)
  Wireload mode:          enclosed
  Area mode:              timing library
============================================================


Path 1: VIOLATED (-234 ps) Late External Delay Assertion at pin R[12]
          Group: vclk
     Startpoint: (R) Conf_Bit_Mask[1]
          Clock: (R) vclk
       Endpoint: (F) R[12]
          Clock: (R) vclk

                     Capture       Launch     
        Clock Edge:+    1000            0     
        Drv Adjust:+       0            0     
       Src Latency:+       0            0     
       Net Latency:+       0 (I)        0 (I) 
           Arrival:=    1000            0     
                                              
      Output Delay:-     200                  
       Uncertainty:-      50                  
     Required Time:=     750                  
      Launch Clock:-       0                  
       Input Delay:-     200                  
         Data Path:-     784                  
             Slack:=    -234                  

Exceptions/Constraints:
  input_delay              200             fplns_Fixed8.sdc_line_14_20_1 
  output_delay             200             fplns_Fixed8.sdc_line_15_23_1 

#------------------------------------------------------------------------------------------------------
#        Timing Point          Flags    Arc   Edge   Cell     Fanout Load Trans Delay Arrival Instance 
#                                                                    (fF)  (ps)  (ps)   (ps)  Location 
#------------------------------------------------------------------------------------------------------
  Conf_Bit_Mask[1]             -       -      R     (arrival)      4  2.7     0     0     200    (-,-) 
  m_uint/m_core/g15392__6783/Y -       AN->Y  R     NOR2BX1        1  0.5    13    21     221    (-,-) 
  m_uint/m_core/g15262__6161/Y -       A->Y   F     NOR2X1         2  0.7    11    13     234    (-,-) 
  m_uint/m_core/g15389__4319/Y -       B->Y   R     NOR2BX1        2  1.0    20    17     251    (-,-) 
  m_uint/m_core/g15155__7410/Y -       A1->Y  F     AOI21X1        1  0.4    18    20     272    (-,-) 
  m_uint/m_core/g15135__8246/Y -       B->Y   R     NOR2X1         1  0.5    14    16     287    (-,-) 
  m_uint/m_core/g15125__3680/Y -       B->Y   F     NOR2X1         2  0.6    10    11     298    (-,-) 
  m_uint/m_core/g15122/Y       -       A->Y   R     INVX1          3  1.9    15    14     312    (-,-) 
  m_uint/m_core/g15112__5107/Y -       B->Y   F     NAND2X2        2  1.2    18    16     328    (-,-) 
  m_uint/m_core/fopt3/Y        -       A->Y   R     CLKINVX1       2  1.0    11    13     340    (-,-) 
  m_uint/m_core/fopt1/Y        -       A->Y   F     CLKINVX1       2  0.6     7     9     350    (-,-) 
  m_uint/m_core/fopt/Y         -       A->Y   R     INVXL          1  1.0    14    12     361    (-,-) 
  m_uint/m_core/g15102__1666/Y -       B0->Y  F     AOI31X2        2  1.0    29    10     372    (-,-) 
  m_uint/m_core/g15077__2802/Y -       A->Y   R     NAND2XL        1  0.3    12    17     389    (-,-) 
  m_uint/m_core/g15069__5107/Y -       B->Y   F     NAND2BXL       2  0.6    19    17     406    (-,-) 
  m_uint/m_core/g15034__5122/Y -       B->Y   R     NAND2X1        2  0.6    11    12     418    (-,-) 
  m_uint/m_core/g15024__6783/Y -       AN->Y  R     NOR2BX1        2  0.8    17    25     443    (-,-) 
  m_uint/m_core/g15014__6417/Y -       A1->Y  F     OAI21X1        1  0.8    22    20     463    (-,-) 
  m_uint/m_core/g15005__2883/Y -       B0->Y  R     AOI21X2        4  1.7    22    21     485    (-,-) 
  m_uint/m_core/fopt15545/Y    -       A->Y   F     INVXL          2  0.6    11    14     499    (-,-) 
  m_uint/m_core/fopt15544/Y    -       A->Y   R     CLKINVX1       1  1.0    10    11     510    (-,-) 
  m_uint/m_core/g14995__7482/Y -       B->Y   F     NOR2X2         1  1.7    18    11     520    (-,-) 
  m_uint/m_core/g14985__8246/Y -       B->Y   R     NOR2BX4        9  3.3    19    17     537    (-,-) 
  m_uint/m_core/fopt37/Y       -       A->Y   F     INVX1          5  1.2    12    14     551    (-,-) 
  m_uint/m_core/g14962__5107/Y -       B->Y   R     NAND2XL        2  0.8    15    13     564    (-,-) 
  m_uint/m_core/g14942__7482/Y -       B->Y   F     NAND2BX1       2  0.4    13    14     578    (-,-) 
  m_uint/m_core/g14925__6783/Y -       B->Y   R     NAND2XL        1  0.5    12    12     590    (-,-) 
  m_uint/m_core/g14916__8428/Y -       B->Y   F     NAND2BX1       2  0.6    15    15     604    (-,-) 
  m_uint/m_core/g15366__2802/Y -       AN->Y  F     NOR2BX1        1  0.3     8    19     624    (-,-) 
  m_uint/m_core/g15425/Y       -       A->Y   F     CLKBUFX2       1  0.9     7    22     646    (-,-) 
  m_uint/m_core/g15438/Y       -       A->Y   F     BUFX6          1  0.3     5    19     665    (-,-) 
  m_uint/m_core/g9324__7410/Y  -       A1N->Y F     OAI2BB1X1      1  0.4    12    22     687    (-,-) 
  g9765__6260/Y                -       C->Y   R     NOR3X1         2  0.6    25    19     706    (-,-) 
  g9751__6161/Y                -       AN->Y  R     NOR2BX1        2  0.8    18    27     733    (-,-) 
  g9748/Y                      -       A->Y   F     INVX1          3  0.9    10    13     746    (-,-) 
  g9743__8246/Y                -       B->Y   R     NOR2X1         1  0.3    12    12     758    (-,-) 
  g9741__1705/Y                -       AN->Y  R     NOR2BX1        1  0.5    16    23     781    (-,-) 
  g9717__2883/Y                -       A1->Y  F     AOI21X1        1  0.7    21    21     802    (-,-) 
  g9705__5122/Y                -       S0->Y  R     MXI2X1         2  0.8    24    20     822    (-,-) 
  g9684__5477/Y                -       B->Y   F     NAND2BX1       1  0.8    19    20     842    (-,-) 
  g9677__9315/Y                -       B->Y   R     NOR2X2         2  0.8    13    15     857    (-,-) 
  g9675__4733/Y                -       B->Y   F     NAND2XL        1  0.5    17    16     873    (-,-) 
  g9671__5115/Y                -       A->Y   R     NOR2X1         2  1.2    23    22     895    (-,-) 
  g9812__6131/Y                -       B->Y   F     XNOR2X1        3  3.9    30    45     940    (-,-) 
  g3914/Y                      -       A->Y   F     BUFX12         1 50.0    40    45     984    (-,-) 
  R[12]                        -       -      F     (port)         -    -     -     0     984    (-,-) 
#------------------------------------------------------------------------------------------------------



Path 2: VIOLATED (-234 ps) Late External Delay Assertion at pin R[14]
          Group: vclk
     Startpoint: (R) Conf_Bit_Mask[1]
          Clock: (R) vclk
       Endpoint: (F) R[14]
          Clock: (R) vclk

                     Capture       Launch     
        Clock Edge:+    1000            0     
        Drv Adjust:+       0            0     
       Src Latency:+       0            0     
       Net Latency:+       0 (I)        0 (I) 
           Arrival:=    1000            0     
                                              
      Output Delay:-     200                  
       Uncertainty:-      50                  
     Required Time:=     750                  
      Launch Clock:-       0                  
       Input Delay:-     200                  
         Data Path:-     784                  
             Slack:=    -234                  

Exceptions/Constraints:
  input_delay              200             fplns_Fixed8.sdc_line_14_20_1 
  output_delay             200             fplns_Fixed8.sdc_line_15_21_1 

#------------------------------------------------------------------------------------------------------
#        Timing Point          Flags    Arc   Edge   Cell     Fanout Load Trans Delay Arrival Instance 
#                                                                    (fF)  (ps)  (ps)   (ps)  Location 
#------------------------------------------------------------------------------------------------------
  Conf_Bit_Mask[1]             -       -      R     (arrival)      4  2.7     0     0     200    (-,-) 
  m_uint/m_core/g15392__6783/Y -       AN->Y  R     NOR2BX1        1  0.5    13    21     221    (-,-) 
  m_uint/m_core/g15262__6161/Y -       A->Y   F     NOR2X1         2  0.7    11    13     234    (-,-) 
  m_uint/m_core/g15389__4319/Y -       B->Y   R     NOR2BX1        2  1.0    20    17     251    (-,-) 
  m_uint/m_core/g15155__7410/Y -       A1->Y  F     AOI21X1        1  0.4    18    20     272    (-,-) 
  m_uint/m_core/g15135__8246/Y -       B->Y   R     NOR2X1         1  0.5    14    16     287    (-,-) 
  m_uint/m_core/g15125__3680/Y -       B->Y   F     NOR2X1         2  0.6    10    11     298    (-,-) 
  m_uint/m_core/g15122/Y       -       A->Y   R     INVX1          3  1.9    15    14     312    (-,-) 
  m_uint/m_core/g15112__5107/Y -       B->Y   F     NAND2X2        2  1.2    18    16     328    (-,-) 
  m_uint/m_core/fopt3/Y        -       A->Y   R     CLKINVX1       2  1.0    11    13     340    (-,-) 
  m_uint/m_core/fopt1/Y        -       A->Y   F     CLKINVX1       2  0.6     7     9     350    (-,-) 
  m_uint/m_core/fopt/Y         -       A->Y   R     INVXL          1  1.0    14    12     361    (-,-) 
  m_uint/m_core/g15102__1666/Y -       B0->Y  F     AOI31X2        2  1.0    29    10     372    (-,-) 
  m_uint/m_core/g15077__2802/Y -       A->Y   R     NAND2XL        1  0.3    12    17     389    (-,-) 
  m_uint/m_core/g15069__5107/Y -       B->Y   F     NAND2BXL       2  0.6    19    17     406    (-,-) 
  m_uint/m_core/g15034__5122/Y -       B->Y   R     NAND2X1        2  0.6    11    12     418    (-,-) 
  m_uint/m_core/g15024__6783/Y -       AN->Y  R     NOR2BX1        2  0.8    17    25     443    (-,-) 
  m_uint/m_core/g15014__6417/Y -       A1->Y  F     OAI21X1        1  0.8    22    20     463    (-,-) 
  m_uint/m_core/g15005__2883/Y -       B0->Y  R     AOI21X2        4  1.7    22    21     485    (-,-) 
  m_uint/m_core/fopt15545/Y    -       A->Y   F     INVXL          2  0.6    11    14     499    (-,-) 
  m_uint/m_core/fopt15544/Y    -       A->Y   R     CLKINVX1       1  1.0    10    11     510    (-,-) 
  m_uint/m_core/g14995__7482/Y -       B->Y   F     NOR2X2         1  1.7    18    11     520    (-,-) 
  m_uint/m_core/g14985__8246/Y -       B->Y   R     NOR2BX4        9  3.3    19    17     537    (-,-) 
  m_uint/m_core/fopt37/Y       -       A->Y   F     INVX1          5  1.2    12    14     551    (-,-) 
  m_uint/m_core/g14962__5107/Y -       B->Y   R     NAND2XL        2  0.8    15    13     564    (-,-) 
  m_uint/m_core/g14942__7482/Y -       B->Y   F     NAND2BX1       2  0.4    13    14     578    (-,-) 
  m_uint/m_core/g14925__6783/Y -       B->Y   R     NAND2XL        1  0.5    12    12     590    (-,-) 
  m_uint/m_core/g14916__8428/Y -       B->Y   F     NAND2BX1       2  0.6    15    15     604    (-,-) 
  m_uint/m_core/g15366__2802/Y -       AN->Y  F     NOR2BX1        1  0.3     8    19     624    (-,-) 
  m_uint/m_core/g15425/Y       -       A->Y   F     CLKBUFX2       1  0.9     7    22     646    (-,-) 
  m_uint/m_core/g15438/Y       -       A->Y   F     BUFX6          1  0.3     5    19     665    (-,-) 
  m_uint/m_core/g9324__7410/Y  -       A1N->Y F     OAI2BB1X1      1  0.4    12    22     687    (-,-) 
  g9765__6260/Y                -       C->Y   R     NOR3X1         2  0.6    25    19     706    (-,-) 
  g9751__6161/Y                -       AN->Y  R     NOR2BX1        2  0.8    18    27     733    (-,-) 
  g9748/Y                      -       A->Y   F     INVX1          3  0.9    10    13     746    (-,-) 
  g9743__8246/Y                -       B->Y   R     NOR2X1         1  0.3    12    12     758    (-,-) 
  g9741__1705/Y                -       AN->Y  R     NOR2BX1        1  0.5    16    23     781    (-,-) 
  g9717__2883/Y                -       A1->Y  F     AOI21X1        1  0.7    21    21     802    (-,-) 
  g9705__5122/Y                -       S0->Y  R     MXI2X1         2  0.8    24    20     822    (-,-) 
  g9684__5477/Y                -       B->Y   F     NAND2BX1       1  0.8    19    20     842    (-,-) 
  g9677__9315/Y                -       B->Y   R     NOR2X2         2  0.8    13    15     857    (-,-) 
  g9675__4733/Y                -       B->Y   F     NAND2XL        1  0.5    17    16     873    (-,-) 
  g9671__5115/Y                -       A->Y   R     NOR2X1         2  1.2    23    22     895    (-,-) 
  g9812__6131/Y                -       B->Y   F     XNOR2X1        3  3.9    30    45     940    (-,-) 
  g3911/Y                      -       A->Y   F     BUFX12         1 50.0    40    45     984    (-,-) 
  R[14]                        -       -      F     (port)         -    -     -     0     984    (-,-) 
#------------------------------------------------------------------------------------------------------



Path 3: VIOLATED (-234 ps) Late External Delay Assertion at pin R[15]
          Group: vclk
     Startpoint: (R) Conf_Bit_Mask[1]
          Clock: (R) vclk
       Endpoint: (F) R[15]
          Clock: (R) vclk

                     Capture       Launch     
        Clock Edge:+    1000            0     
        Drv Adjust:+       0            0     
       Src Latency:+       0            0     
       Net Latency:+       0 (I)        0 (I) 
           Arrival:=    1000            0     
                                              
      Output Delay:-     200                  
       Uncertainty:-      50                  
     Required Time:=     750                  
      Launch Clock:-       0                  
       Input Delay:-     200                  
         Data Path:-     784                  
             Slack:=    -234                  

Exceptions/Constraints:
  input_delay              200             fplns_Fixed8.sdc_line_14_20_1 
  output_delay             200             fplns_Fixed8.sdc_line_15      

#------------------------------------------------------------------------------------------------------
#        Timing Point          Flags    Arc   Edge   Cell     Fanout Load Trans Delay Arrival Instance 
#                                                                    (fF)  (ps)  (ps)   (ps)  Location 
#------------------------------------------------------------------------------------------------------
  Conf_Bit_Mask[1]             -       -      R     (arrival)      4  2.7     0     0     200    (-,-) 
  m_uint/m_core/g15392__6783/Y -       AN->Y  R     NOR2BX1        1  0.5    13    21     221    (-,-) 
  m_uint/m_core/g15262__6161/Y -       A->Y   F     NOR2X1         2  0.7    11    13     234    (-,-) 
  m_uint/m_core/g15389__4319/Y -       B->Y   R     NOR2BX1        2  1.0    20    17     251    (-,-) 
  m_uint/m_core/g15155__7410/Y -       A1->Y  F     AOI21X1        1  0.4    18    20     272    (-,-) 
  m_uint/m_core/g15135__8246/Y -       B->Y   R     NOR2X1         1  0.5    14    16     287    (-,-) 
  m_uint/m_core/g15125__3680/Y -       B->Y   F     NOR2X1         2  0.6    10    11     298    (-,-) 
  m_uint/m_core/g15122/Y       -       A->Y   R     INVX1          3  1.9    15    14     312    (-,-) 
  m_uint/m_core/g15112__5107/Y -       B->Y   F     NAND2X2        2  1.2    18    16     328    (-,-) 
  m_uint/m_core/fopt3/Y        -       A->Y   R     CLKINVX1       2  1.0    11    13     340    (-,-) 
  m_uint/m_core/fopt1/Y        -       A->Y   F     CLKINVX1       2  0.6     7     9     350    (-,-) 
  m_uint/m_core/fopt/Y         -       A->Y   R     INVXL          1  1.0    14    12     361    (-,-) 
  m_uint/m_core/g15102__1666/Y -       B0->Y  F     AOI31X2        2  1.0    29    10     372    (-,-) 
  m_uint/m_core/g15077__2802/Y -       A->Y   R     NAND2XL        1  0.3    12    17     389    (-,-) 
  m_uint/m_core/g15069__5107/Y -       B->Y   F     NAND2BXL       2  0.6    19    17     406    (-,-) 
  m_uint/m_core/g15034__5122/Y -       B->Y   R     NAND2X1        2  0.6    11    12     418    (-,-) 
  m_uint/m_core/g15024__6783/Y -       AN->Y  R     NOR2BX1        2  0.8    17    25     443    (-,-) 
  m_uint/m_core/g15014__6417/Y -       A1->Y  F     OAI21X1        1  0.8    22    20     463    (-,-) 
  m_uint/m_core/g15005__2883/Y -       B0->Y  R     AOI21X2        4  1.7    22    21     485    (-,-) 
  m_uint/m_core/fopt15545/Y    -       A->Y   F     INVXL          2  0.6    11    14     499    (-,-) 
  m_uint/m_core/fopt15544/Y    -       A->Y   R     CLKINVX1       1  1.0    10    11     510    (-,-) 
  m_uint/m_core/g14995__7482/Y -       B->Y   F     NOR2X2         1  1.7    18    11     520    (-,-) 
  m_uint/m_core/g14985__8246/Y -       B->Y   R     NOR2BX4        9  3.3    19    17     537    (-,-) 
  m_uint/m_core/fopt37/Y       -       A->Y   F     INVX1          5  1.2    12    14     551    (-,-) 
  m_uint/m_core/g14962__5107/Y -       B->Y   R     NAND2XL        2  0.8    15    13     564    (-,-) 
  m_uint/m_core/g14942__7482/Y -       B->Y   F     NAND2BX1       2  0.4    13    14     578    (-,-) 
  m_uint/m_core/g14925__6783/Y -       B->Y   R     NAND2XL        1  0.5    12    12     590    (-,-) 
  m_uint/m_core/g14916__8428/Y -       B->Y   F     NAND2BX1       2  0.6    15    15     604    (-,-) 
  m_uint/m_core/g15366__2802/Y -       AN->Y  F     NOR2BX1        1  0.3     8    19     624    (-,-) 
  m_uint/m_core/g15425/Y       -       A->Y   F     CLKBUFX2       1  0.9     7    22     646    (-,-) 
  m_uint/m_core/g15438/Y       -       A->Y   F     BUFX6          1  0.3     5    19     665    (-,-) 
  m_uint/m_core/g9324__7410/Y  -       A1N->Y F     OAI2BB1X1      1  0.4    12    22     687    (-,-) 
  g9765__6260/Y                -       C->Y   R     NOR3X1         2  0.6    25    19     706    (-,-) 
  g9751__6161/Y                -       AN->Y  R     NOR2BX1        2  0.8    18    27     733    (-,-) 
  g9748/Y                      -       A->Y   F     INVX1          3  0.9    10    13     746    (-,-) 
  g9743__8246/Y                -       B->Y   R     NOR2X1         1  0.3    12    12     758    (-,-) 
  g9741__1705/Y                -       AN->Y  R     NOR2BX1        1  0.5    16    23     781    (-,-) 
  g9717__2883/Y                -       A1->Y  F     AOI21X1        1  0.7    21    21     802    (-,-) 
  g9705__5122/Y                -       S0->Y  R     MXI2X1         2  0.8    24    20     822    (-,-) 
  g9684__5477/Y                -       B->Y   F     NAND2BX1       1  0.8    19    20     842    (-,-) 
  g9677__9315/Y                -       B->Y   R     NOR2X2         2  0.8    13    15     857    (-,-) 
  g9675__4733/Y                -       B->Y   F     NAND2XL        1  0.5    17    16     873    (-,-) 
  g9671__5115/Y                -       A->Y   R     NOR2X1         2  1.2    23    22     895    (-,-) 
  g9812__6131/Y                -       B->Y   F     XNOR2X1        3  3.9    30    45     940    (-,-) 
  g3913/Y                      -       A->Y   F     BUFX12         1 50.0    40    45     984    (-,-) 
  R[15]                        -       -      F     (port)         -    -     -     0     984    (-,-) 
#------------------------------------------------------------------------------------------------------



Path 4: VIOLATED (-234 ps) Late External Delay Assertion at pin R[9]
          Group: vclk
     Startpoint: (R) Conf_Bit_Mask[1]
          Clock: (R) vclk
       Endpoint: (F) R[9]
          Clock: (R) vclk

                     Capture       Launch     
        Clock Edge:+    1000            0     
        Drv Adjust:+       0            0     
       Src Latency:+       0            0     
       Net Latency:+       0 (I)        0 (I) 
           Arrival:=    1000            0     
                                              
      Output Delay:-     200                  
       Uncertainty:-      50                  
     Required Time:=     750                  
      Launch Clock:-       0                  
       Input Delay:-     200                  
         Data Path:-     784                  
             Slack:=    -234                  

Exceptions/Constraints:
  input_delay              200             fplns_Fixed8.sdc_line_14_20_1 
  output_delay             200             fplns_Fixed8.sdc_line_15_26_1 

#------------------------------------------------------------------------------------------------------
#        Timing Point          Flags    Arc   Edge   Cell     Fanout Load Trans Delay Arrival Instance 
#                                                                    (fF)  (ps)  (ps)   (ps)  Location 
#------------------------------------------------------------------------------------------------------
  Conf_Bit_Mask[1]             -       -      R     (arrival)      4  2.7     0     0     200    (-,-) 
  m_uint/m_core/g15392__6783/Y -       AN->Y  R     NOR2BX1        1  0.5    13    21     221    (-,-) 
  m_uint/m_core/g15262__6161/Y -       A->Y   F     NOR2X1         2  0.7    11    13     234    (-,-) 
  m_uint/m_core/g15389__4319/Y -       B->Y   R     NOR2BX1        2  1.0    20    17     251    (-,-) 
  m_uint/m_core/g15155__7410/Y -       A1->Y  F     AOI21X1        1  0.4    18    20     272    (-,-) 
  m_uint/m_core/g15135__8246/Y -       B->Y   R     NOR2X1         1  0.5    14    16     287    (-,-) 
  m_uint/m_core/g15125__3680/Y -       B->Y   F     NOR2X1         2  0.6    10    11     298    (-,-) 
  m_uint/m_core/g15122/Y       -       A->Y   R     INVX1          3  1.9    15    14     312    (-,-) 
  m_uint/m_core/g15112__5107/Y -       B->Y   F     NAND2X2        2  1.2    18    16     328    (-,-) 
  m_uint/m_core/fopt3/Y        -       A->Y   R     CLKINVX1       2  1.0    11    13     340    (-,-) 
  m_uint/m_core/fopt1/Y        -       A->Y   F     CLKINVX1       2  0.6     7     9     350    (-,-) 
  m_uint/m_core/fopt/Y         -       A->Y   R     INVXL          1  1.0    14    12     361    (-,-) 
  m_uint/m_core/g15102__1666/Y -       B0->Y  F     AOI31X2        2  1.0    29    10     372    (-,-) 
  m_uint/m_core/g15077__2802/Y -       A->Y   R     NAND2XL        1  0.3    12    17     389    (-,-) 
  m_uint/m_core/g15069__5107/Y -       B->Y   F     NAND2BXL       2  0.6    19    17     406    (-,-) 
  m_uint/m_core/g15034__5122/Y -       B->Y   R     NAND2X1        2  0.6    11    12     418    (-,-) 
  m_uint/m_core/g15024__6783/Y -       AN->Y  R     NOR2BX1        2  0.8    17    25     443    (-,-) 
  m_uint/m_core/g15014__6417/Y -       A1->Y  F     OAI21X1        1  0.8    22    20     463    (-,-) 
  m_uint/m_core/g15005__2883/Y -       B0->Y  R     AOI21X2        4  1.7    22    21     485    (-,-) 
  m_uint/m_core/fopt15545/Y    -       A->Y   F     INVXL          2  0.6    11    14     499    (-,-) 
  m_uint/m_core/fopt15544/Y    -       A->Y   R     CLKINVX1       1  1.0    10    11     510    (-,-) 
  m_uint/m_core/g14995__7482/Y -       B->Y   F     NOR2X2         1  1.7    18    11     520    (-,-) 
  m_uint/m_core/g14985__8246/Y -       B->Y   R     NOR2BX4        9  3.3    19    17     537    (-,-) 
  m_uint/m_core/fopt37/Y       -       A->Y   F     INVX1          5  1.2    12    14     551    (-,-) 
  m_uint/m_core/g14962__5107/Y -       B->Y   R     NAND2XL        2  0.8    15    13     564    (-,-) 
  m_uint/m_core/g14942__7482/Y -       B->Y   F     NAND2BX1       2  0.4    13    14     578    (-,-) 
  m_uint/m_core/g14925__6783/Y -       B->Y   R     NAND2XL        1  0.5    12    12     590    (-,-) 
  m_uint/m_core/g14916__8428/Y -       B->Y   F     NAND2BX1       2  0.6    15    15     604    (-,-) 
  m_uint/m_core/g15366__2802/Y -       AN->Y  F     NOR2BX1        1  0.3     8    19     624    (-,-) 
  m_uint/m_core/g15425/Y       -       A->Y   F     CLKBUFX2       1  0.9     7    22     646    (-,-) 
  m_uint/m_core/g15438/Y       -       A->Y   F     BUFX6          1  0.3     5    19     665    (-,-) 
  m_uint/m_core/g9324__7410/Y  -       A1N->Y F     OAI2BB1X1      1  0.4    12    22     687    (-,-) 
  g9765__6260/Y                -       C->Y   R     NOR3X1         2  0.6    25    19     706    (-,-) 
  g9751__6161/Y                -       AN->Y  R     NOR2BX1        2  0.8    18    27     733    (-,-) 
  g9746__1881/Y                -       B->Y   F     NOR2XL         1  0.5    13    13     746    (-,-) 
  g9732__8428/Y                -       B->Y   R     XOR2XL         2  0.6    10    28     774    (-,-) 
  g9720__7410/Y                -       B->Y   F     NAND2XL        2  0.6    19    16     790    (-,-) 
  g9689__8428/Y                -       B->Y   R     NOR2X1         3  0.9    20    19     809    (-,-) 
  g9678__9945/Y                -       AN->Y  R     NOR2BX1        2  1.1    23    29     838    (-,-) 
  g9669__6131/Y                -       B->Y   F     NAND2X1        2  0.6    16    18     856    (-,-) 
  g9659__2802/Y                -       B->Y   R     NOR2BX1        2  0.8    18    17     873    (-,-) 
  g9653__6783/Y                -       B->Y   F     NAND2X1        2  0.9    19    19     892    (-,-) 
  g9650__8428/Y                -       B->Y   R     NOR2X1         1  0.6    16    17     908    (-,-) 
  g9647__6260/Y                -       B->Y   R     XNOR2X1        1  3.8    30    38     947    (-,-) 
  g9646/Y                      -       A->Y   F     CLKINVX8       1 50.0    55    37     984    (-,-) 
  R[9]                         -       -      F     (port)         -    -     -     0     984    (-,-) 
#------------------------------------------------------------------------------------------------------



Path 5: VIOLATED (-228 ps) Late External Delay Assertion at pin R[11]
          Group: vclk
     Startpoint: (R) Conf_Bit_Mask[1]
          Clock: (R) vclk
       Endpoint: (F) R[11]
          Clock: (R) vclk

                     Capture       Launch     
        Clock Edge:+    1000            0     
        Drv Adjust:+       0            0     
       Src Latency:+       0            0     
       Net Latency:+       0 (I)        0 (I) 
           Arrival:=    1000            0     
                                              
      Output Delay:-     200                  
       Uncertainty:-      50                  
     Required Time:=     750                  
      Launch Clock:-       0                  
       Input Delay:-     200                  
         Data Path:-     778                  
             Slack:=    -228                  

Exceptions/Constraints:
  input_delay              200             fplns_Fixed8.sdc_line_14_20_1 
  output_delay             200             fplns_Fixed8.sdc_line_15_24_1 

#------------------------------------------------------------------------------------------------------
#        Timing Point          Flags    Arc   Edge   Cell     Fanout Load Trans Delay Arrival Instance 
#                                                                    (fF)  (ps)  (ps)   (ps)  Location 
#------------------------------------------------------------------------------------------------------
  Conf_Bit_Mask[1]             -       -      R     (arrival)      4  2.7     0     0     200    (-,-) 
  m_uint/m_core/g15392__6783/Y -       AN->Y  R     NOR2BX1        1  0.5    13    21     221    (-,-) 
  m_uint/m_core/g15262__6161/Y -       A->Y   F     NOR2X1         2  0.7    11    13     234    (-,-) 
  m_uint/m_core/g15389__4319/Y -       B->Y   R     NOR2BX1        2  1.0    20    17     251    (-,-) 
  m_uint/m_core/g15155__7410/Y -       A1->Y  F     AOI21X1        1  0.4    18    20     272    (-,-) 
  m_uint/m_core/g15135__8246/Y -       B->Y   R     NOR2X1         1  0.5    14    16     287    (-,-) 
  m_uint/m_core/g15125__3680/Y -       B->Y   F     NOR2X1         2  0.6    10    11     298    (-,-) 
  m_uint/m_core/g15122/Y       -       A->Y   R     INVX1          3  1.9    15    14     312    (-,-) 
  m_uint/m_core/g15112__5107/Y -       B->Y   F     NAND2X2        2  1.2    18    16     328    (-,-) 
  m_uint/m_core/fopt3/Y        -       A->Y   R     CLKINVX1       2  1.0    11    13     340    (-,-) 
  m_uint/m_core/fopt1/Y        -       A->Y   F     CLKINVX1       2  0.6     7     9     350    (-,-) 
  m_uint/m_core/fopt/Y         -       A->Y   R     INVXL          1  1.0    14    12     361    (-,-) 
  m_uint/m_core/g15102__1666/Y -       B0->Y  F     AOI31X2        2  1.0    29    10     372    (-,-) 
  m_uint/m_core/g15077__2802/Y -       A->Y   R     NAND2XL        1  0.3    12    17     389    (-,-) 
  m_uint/m_core/g15069__5107/Y -       B->Y   F     NAND2BXL       2  0.6    19    17     406    (-,-) 
  m_uint/m_core/g15034__5122/Y -       B->Y   R     NAND2X1        2  0.6    11    12     418    (-,-) 
  m_uint/m_core/g15024__6783/Y -       AN->Y  R     NOR2BX1        2  0.8    17    25     443    (-,-) 
  m_uint/m_core/g15014__6417/Y -       A1->Y  F     OAI21X1        1  0.8    22    20     463    (-,-) 
  m_uint/m_core/g15005__2883/Y -       B0->Y  R     AOI21X2        4  1.7    22    21     485    (-,-) 
  m_uint/m_core/fopt15545/Y    -       A->Y   F     INVXL          2  0.6    11    14     499    (-,-) 
  m_uint/m_core/fopt15544/Y    -       A->Y   R     CLKINVX1       1  1.0    10    11     510    (-,-) 
  m_uint/m_core/g14995__7482/Y -       B->Y   F     NOR2X2         1  1.7    18    11     520    (-,-) 
  m_uint/m_core/g14985__8246/Y -       B->Y   R     NOR2BX4        9  3.3    19    17     537    (-,-) 
  m_uint/m_core/fopt37/Y       -       A->Y   F     INVX1          5  1.2    12    14     551    (-,-) 
  m_uint/m_core/g14962__5107/Y -       B->Y   R     NAND2XL        2  0.8    15    13     564    (-,-) 
  m_uint/m_core/g14942__7482/Y -       B->Y   F     NAND2BX1       2  0.4    13    14     578    (-,-) 
  m_uint/m_core/g14925__6783/Y -       B->Y   R     NAND2XL        1  0.5    12    12     590    (-,-) 
  m_uint/m_core/g14916__8428/Y -       B->Y   F     NAND2BX1       2  0.6    15    15     604    (-,-) 
  m_uint/m_core/g15366__2802/Y -       AN->Y  F     NOR2BX1        1  0.3     8    19     624    (-,-) 
  m_uint/m_core/g15425/Y       -       A->Y   F     CLKBUFX2       1  0.9     7    22     646    (-,-) 
  m_uint/m_core/g15438/Y       -       A->Y   F     BUFX6          1  0.3     5    19     665    (-,-) 
  m_uint/m_core/g9324__7410/Y  -       A1N->Y F     OAI2BB1X1      1  0.4    12    22     687    (-,-) 
  g9765__6260/Y                -       C->Y   R     NOR3X1         2  0.6    25    19     706    (-,-) 
  g9751__6161/Y                -       AN->Y  R     NOR2BX1        2  0.8    18    27     733    (-,-) 
  g9748/Y                      -       A->Y   F     INVX1          3  0.9    10    13     746    (-,-) 
  g9743__8246/Y                -       B->Y   R     NOR2X1         1  0.3    12    12     758    (-,-) 
  g9741__1705/Y                -       AN->Y  R     NOR2BX1        1  0.5    16    23     781    (-,-) 
  g9717__2883/Y                -       A1->Y  F     AOI21X1        1  0.7    21    21     802    (-,-) 
  g9705__5122/Y                -       S0->Y  R     MXI2X1         2  0.8    24    20     822    (-,-) 
  g9684__5477/Y                -       B->Y   F     NAND2BX1       1  0.8    19    20     842    (-,-) 
  g9677__9315/Y                -       B->Y   R     NOR2X2         2  0.8    13    15     857    (-,-) 
  g9675__4733/Y                -       B->Y   F     NAND2XL        1  0.5    17    16     873    (-,-) 
  g9671__5115/Y                -       A->Y   R     NOR2X1         2  1.2    23    22     895    (-,-) 
  g9663_0__1881/Y              -       B->Y   F     XNOR2X1        2  2.6    21    40     935    (-,-) 
  g3910/Y                      -       A->Y   F     BUFX12         1 50.0    39    43     978    (-,-) 
  R[11]                        -       -      F     (port)         -    -     -     0     978    (-,-) 
#------------------------------------------------------------------------------------------------------



Path 6: VIOLATED (-228 ps) Late External Delay Assertion at pin R[13]
          Group: vclk
     Startpoint: (R) Conf_Bit_Mask[1]
          Clock: (R) vclk
       Endpoint: (F) R[13]
          Clock: (R) vclk

                     Capture       Launch     
        Clock Edge:+    1000            0     
        Drv Adjust:+       0            0     
       Src Latency:+       0            0     
       Net Latency:+       0 (I)        0 (I) 
           Arrival:=    1000            0     
                                              
      Output Delay:-     200                  
       Uncertainty:-      50                  
     Required Time:=     750                  
      Launch Clock:-       0                  
       Input Delay:-     200                  
         Data Path:-     778                  
             Slack:=    -228                  

Exceptions/Constraints:
  input_delay              200             fplns_Fixed8.sdc_line_14_20_1 
  output_delay             200             fplns_Fixed8.sdc_line_15_22_1 

#------------------------------------------------------------------------------------------------------
#        Timing Point          Flags    Arc   Edge   Cell     Fanout Load Trans Delay Arrival Instance 
#                                                                    (fF)  (ps)  (ps)   (ps)  Location 
#------------------------------------------------------------------------------------------------------
  Conf_Bit_Mask[1]             -       -      R     (arrival)      4  2.7     0     0     200    (-,-) 
  m_uint/m_core/g15392__6783/Y -       AN->Y  R     NOR2BX1        1  0.5    13    21     221    (-,-) 
  m_uint/m_core/g15262__6161/Y -       A->Y   F     NOR2X1         2  0.7    11    13     234    (-,-) 
  m_uint/m_core/g15389__4319/Y -       B->Y   R     NOR2BX1        2  1.0    20    17     251    (-,-) 
  m_uint/m_core/g15155__7410/Y -       A1->Y  F     AOI21X1        1  0.4    18    20     272    (-,-) 
  m_uint/m_core/g15135__8246/Y -       B->Y   R     NOR2X1         1  0.5    14    16     287    (-,-) 
  m_uint/m_core/g15125__3680/Y -       B->Y   F     NOR2X1         2  0.6    10    11     298    (-,-) 
  m_uint/m_core/g15122/Y       -       A->Y   R     INVX1          3  1.9    15    14     312    (-,-) 
  m_uint/m_core/g15112__5107/Y -       B->Y   F     NAND2X2        2  1.2    18    16     328    (-,-) 
  m_uint/m_core/fopt3/Y        -       A->Y   R     CLKINVX1       2  1.0    11    13     340    (-,-) 
  m_uint/m_core/fopt1/Y        -       A->Y   F     CLKINVX1       2  0.6     7     9     350    (-,-) 
  m_uint/m_core/fopt/Y         -       A->Y   R     INVXL          1  1.0    14    12     361    (-,-) 
  m_uint/m_core/g15102__1666/Y -       B0->Y  F     AOI31X2        2  1.0    29    10     372    (-,-) 
  m_uint/m_core/g15077__2802/Y -       A->Y   R     NAND2XL        1  0.3    12    17     389    (-,-) 
  m_uint/m_core/g15069__5107/Y -       B->Y   F     NAND2BXL       2  0.6    19    17     406    (-,-) 
  m_uint/m_core/g15034__5122/Y -       B->Y   R     NAND2X1        2  0.6    11    12     418    (-,-) 
  m_uint/m_core/g15024__6783/Y -       AN->Y  R     NOR2BX1        2  0.8    17    25     443    (-,-) 
  m_uint/m_core/g15014__6417/Y -       A1->Y  F     OAI21X1        1  0.8    22    20     463    (-,-) 
  m_uint/m_core/g15005__2883/Y -       B0->Y  R     AOI21X2        4  1.7    22    21     485    (-,-) 
  m_uint/m_core/fopt15545/Y    -       A->Y   F     INVXL          2  0.6    11    14     499    (-,-) 
  m_uint/m_core/fopt15544/Y    -       A->Y   R     CLKINVX1       1  1.0    10    11     510    (-,-) 
  m_uint/m_core/g14995__7482/Y -       B->Y   F     NOR2X2         1  1.7    18    11     520    (-,-) 
  m_uint/m_core/g14985__8246/Y -       B->Y   R     NOR2BX4        9  3.3    19    17     537    (-,-) 
  m_uint/m_core/fopt37/Y       -       A->Y   F     INVX1          5  1.2    12    14     551    (-,-) 
  m_uint/m_core/g14962__5107/Y -       B->Y   R     NAND2XL        2  0.8    15    13     564    (-,-) 
  m_uint/m_core/g14942__7482/Y -       B->Y   F     NAND2BX1       2  0.4    13    14     578    (-,-) 
  m_uint/m_core/g14925__6783/Y -       B->Y   R     NAND2XL        1  0.5    12    12     590    (-,-) 
  m_uint/m_core/g14916__8428/Y -       B->Y   F     NAND2BX1       2  0.6    15    15     604    (-,-) 
  m_uint/m_core/g15366__2802/Y -       AN->Y  F     NOR2BX1        1  0.3     8    19     624    (-,-) 
  m_uint/m_core/g15425/Y       -       A->Y   F     CLKBUFX2       1  0.9     7    22     646    (-,-) 
  m_uint/m_core/g15438/Y       -       A->Y   F     BUFX6          1  0.3     5    19     665    (-,-) 
  m_uint/m_core/g9324__7410/Y  -       A1N->Y F     OAI2BB1X1      1  0.4    12    22     687    (-,-) 
  g9765__6260/Y                -       C->Y   R     NOR3X1         2  0.6    25    19     706    (-,-) 
  g9751__6161/Y                -       AN->Y  R     NOR2BX1        2  0.8    18    27     733    (-,-) 
  g9748/Y                      -       A->Y   F     INVX1          3  0.9    10    13     746    (-,-) 
  g9743__8246/Y                -       B->Y   R     NOR2X1         1  0.3    12    12     758    (-,-) 
  g9741__1705/Y                -       AN->Y  R     NOR2BX1        1  0.5    16    23     781    (-,-) 
  g9717__2883/Y                -       A1->Y  F     AOI21X1        1  0.7    21    21     802    (-,-) 
  g9705__5122/Y                -       S0->Y  R     MXI2X1         2  0.8    24    20     822    (-,-) 
  g9684__5477/Y                -       B->Y   F     NAND2BX1       1  0.8    19    20     842    (-,-) 
  g9677__9315/Y                -       B->Y   R     NOR2X2         2  0.8    13    15     857    (-,-) 
  g9675__4733/Y                -       B->Y   F     NAND2XL        1  0.5    17    16     873    (-,-) 
  g9671__5115/Y                -       A->Y   R     NOR2X1         2  1.2    23    22     895    (-,-) 
  g9663_0__1881/Y              -       B->Y   F     XNOR2X1        2  2.6    21    40     935    (-,-) 
  g3912/Y                      -       A->Y   F     BUFX12         1 50.0    39    43     978    (-,-) 
  R[13]                        -       -      F     (port)         -    -     -     0     978    (-,-) 
#------------------------------------------------------------------------------------------------------



Path 7: VIOLATED (-227 ps) Late External Delay Assertion at pin R[10]
          Group: vclk
     Startpoint: (R) Conf_Bit_Mask[1]
          Clock: (R) vclk
       Endpoint: (F) R[10]
          Clock: (R) vclk

                     Capture       Launch     
        Clock Edge:+    1000            0     
        Drv Adjust:+       0            0     
       Src Latency:+       0            0     
       Net Latency:+       0 (I)        0 (I) 
           Arrival:=    1000            0     
                                              
      Output Delay:-     200                  
       Uncertainty:-      50                  
     Required Time:=     750                  
      Launch Clock:-       0                  
       Input Delay:-     200                  
         Data Path:-     777                  
             Slack:=    -227                  

Exceptions/Constraints:
  input_delay              200             fplns_Fixed8.sdc_line_14_20_1 
  output_delay             200             fplns_Fixed8.sdc_line_15_25_1 

#------------------------------------------------------------------------------------------------------
#        Timing Point          Flags    Arc   Edge   Cell     Fanout Load Trans Delay Arrival Instance 
#                                                                    (fF)  (ps)  (ps)   (ps)  Location 
#------------------------------------------------------------------------------------------------------
  Conf_Bit_Mask[1]             -       -      R     (arrival)      4  2.7     0     0     200    (-,-) 
  m_uint/m_core/g15392__6783/Y -       AN->Y  R     NOR2BX1        1  0.5    13    21     221    (-,-) 
  m_uint/m_core/g15262__6161/Y -       A->Y   F     NOR2X1         2  0.7    11    13     234    (-,-) 
  m_uint/m_core/g15389__4319/Y -       B->Y   R     NOR2BX1        2  1.0    20    17     251    (-,-) 
  m_uint/m_core/g15155__7410/Y -       A1->Y  F     AOI21X1        1  0.4    18    20     272    (-,-) 
  m_uint/m_core/g15135__8246/Y -       B->Y   R     NOR2X1         1  0.5    14    16     287    (-,-) 
  m_uint/m_core/g15125__3680/Y -       B->Y   F     NOR2X1         2  0.6    10    11     298    (-,-) 
  m_uint/m_core/g15122/Y       -       A->Y   R     INVX1          3  1.9    15    14     312    (-,-) 
  m_uint/m_core/g15112__5107/Y -       B->Y   F     NAND2X2        2  1.2    18    16     328    (-,-) 
  m_uint/m_core/fopt3/Y        -       A->Y   R     CLKINVX1       2  1.0    11    13     340    (-,-) 
  m_uint/m_core/fopt1/Y        -       A->Y   F     CLKINVX1       2  0.6     7     9     350    (-,-) 
  m_uint/m_core/fopt/Y         -       A->Y   R     INVXL          1  1.0    14    12     361    (-,-) 
  m_uint/m_core/g15102__1666/Y -       B0->Y  F     AOI31X2        2  1.0    29    10     372    (-,-) 
  m_uint/m_core/g15077__2802/Y -       A->Y   R     NAND2XL        1  0.3    12    17     389    (-,-) 
  m_uint/m_core/g15069__5107/Y -       B->Y   F     NAND2BXL       2  0.6    19    17     406    (-,-) 
  m_uint/m_core/g15034__5122/Y -       B->Y   R     NAND2X1        2  0.6    11    12     418    (-,-) 
  m_uint/m_core/g15024__6783/Y -       AN->Y  R     NOR2BX1        2  0.8    17    25     443    (-,-) 
  m_uint/m_core/g15014__6417/Y -       A1->Y  F     OAI21X1        1  0.8    22    20     463    (-,-) 
  m_uint/m_core/g15005__2883/Y -       B0->Y  R     AOI21X2        4  1.7    22    21     485    (-,-) 
  m_uint/m_core/fopt15545/Y    -       A->Y   F     INVXL          2  0.6    11    14     499    (-,-) 
  m_uint/m_core/fopt15544/Y    -       A->Y   R     CLKINVX1       1  1.0    10    11     510    (-,-) 
  m_uint/m_core/g14995__7482/Y -       B->Y   F     NOR2X2         1  1.7    18    11     520    (-,-) 
  m_uint/m_core/g14985__8246/Y -       B->Y   R     NOR2BX4        9  3.3    19    17     537    (-,-) 
  m_uint/m_core/fopt37/Y       -       A->Y   F     INVX1          5  1.2    12    14     551    (-,-) 
  m_uint/m_core/g14962__5107/Y -       B->Y   R     NAND2XL        2  0.8    15    13     564    (-,-) 
  m_uint/m_core/g14942__7482/Y -       B->Y   F     NAND2BX1       2  0.4    13    14     578    (-,-) 
  m_uint/m_core/g14925__6783/Y -       B->Y   R     NAND2XL        1  0.5    12    12     590    (-,-) 
  m_uint/m_core/g14916__8428/Y -       B->Y   F     NAND2BX1       2  0.6    15    15     604    (-,-) 
  m_uint/m_core/g15366__2802/Y -       AN->Y  F     NOR2BX1        1  0.3     8    19     624    (-,-) 
  m_uint/m_core/g15425/Y       -       A->Y   F     CLKBUFX2       1  0.9     7    22     646    (-,-) 
  m_uint/m_core/g15438/Y       -       A->Y   F     BUFX6          1  0.3     5    19     665    (-,-) 
  m_uint/m_core/g9324__7410/Y  -       A1N->Y F     OAI2BB1X1      1  0.4    12    22     687    (-,-) 
  g9765__6260/Y                -       C->Y   R     NOR3X1         2  0.6    25    19     706    (-,-) 
  g9751__6161/Y                -       AN->Y  R     NOR2BX1        2  0.8    18    27     733    (-,-) 
  g9748/Y                      -       A->Y   F     INVX1          3  0.9    10    13     746    (-,-) 
  g9743__8246/Y                -       B->Y   R     NOR2X1         1  0.3    12    12     758    (-,-) 
  g9741__1705/Y                -       AN->Y  R     NOR2BX1        1  0.5    16    23     781    (-,-) 
  g9717__2883/Y                -       A1->Y  F     AOI21X1        1  0.7    21    21     802    (-,-) 
  g9705__5122/Y                -       S0->Y  R     MXI2X1         2  0.8    24    20     822    (-,-) 
  g9684__5477/Y                -       B->Y   F     NAND2BX1       1  0.8    19    20     842    (-,-) 
  g9677__9315/Y                -       B->Y   R     NOR2X2         2  0.8    13    15     857    (-,-) 
  g9674__7482/Y                -       B->Y   F     NAND2BX1       3  1.1    21    19     876    (-,-) 
  g9673/Y                      -       A->Y   R     INVXL          1  0.5    10    13     889    (-,-) 
  g9670__1881/Y                -       A->Y   F     NAND2X1        1  0.5    14    15     904    (-,-) 
  g9665__1705/Y                -       B->Y   R     CLKXOR2X2      1  5.7    26    45     949    (-,-) 
  g9664/Y                      -       A->Y   F     CLKINVX12      1 50.0    39    28     977    (-,-) 
  R[10]                        -       -      F     (port)         -    -     -     0     977    (-,-) 
#------------------------------------------------------------------------------------------------------



Path 8: VIOLATED (-218 ps) Late External Delay Assertion at pin R[8]
          Group: vclk
     Startpoint: (R) Conf_Bit_Mask[1]
          Clock: (R) vclk
       Endpoint: (F) R[8]
          Clock: (R) vclk

                     Capture       Launch     
        Clock Edge:+    1000            0     
        Drv Adjust:+       0            0     
       Src Latency:+       0            0     
       Net Latency:+       0 (I)        0 (I) 
           Arrival:=    1000            0     
                                              
      Output Delay:-     200                  
       Uncertainty:-      50                  
     Required Time:=     750                  
      Launch Clock:-       0                  
       Input Delay:-     200                  
         Data Path:-     768                  
             Slack:=    -218                  

Exceptions/Constraints:
  input_delay              200             fplns_Fixed8.sdc_line_14_20_1 
  output_delay             200             fplns_Fixed8.sdc_line_15_27_1 

#------------------------------------------------------------------------------------------------------
#        Timing Point          Flags    Arc   Edge   Cell     Fanout Load Trans Delay Arrival Instance 
#                                                                    (fF)  (ps)  (ps)   (ps)  Location 
#------------------------------------------------------------------------------------------------------
  Conf_Bit_Mask[1]             -       -      R     (arrival)      4  2.7     0     0     200    (-,-) 
  m_uint/m_core/g15392__6783/Y -       AN->Y  R     NOR2BX1        1  0.5    13    21     221    (-,-) 
  m_uint/m_core/g15262__6161/Y -       A->Y   F     NOR2X1         2  0.7    11    13     234    (-,-) 
  m_uint/m_core/g15389__4319/Y -       B->Y   R     NOR2BX1        2  1.0    20    17     251    (-,-) 
  m_uint/m_core/g15155__7410/Y -       A1->Y  F     AOI21X1        1  0.4    18    20     272    (-,-) 
  m_uint/m_core/g15135__8246/Y -       B->Y   R     NOR2X1         1  0.5    14    16     287    (-,-) 
  m_uint/m_core/g15125__3680/Y -       B->Y   F     NOR2X1         2  0.6    10    11     298    (-,-) 
  m_uint/m_core/g15122/Y       -       A->Y   R     INVX1          3  1.9    15    14     312    (-,-) 
  m_uint/m_core/g15112__5107/Y -       B->Y   F     NAND2X2        2  1.2    18    16     328    (-,-) 
  m_uint/m_core/fopt3/Y        -       A->Y   R     CLKINVX1       2  1.0    11    13     340    (-,-) 
  m_uint/m_core/fopt1/Y        -       A->Y   F     CLKINVX1       2  0.6     7     9     350    (-,-) 
  m_uint/m_core/fopt/Y         -       A->Y   R     INVXL          1  1.0    14    12     361    (-,-) 
  m_uint/m_core/g15102__1666/Y -       B0->Y  F     AOI31X2        2  1.0    29    10     372    (-,-) 
  m_uint/m_core/g15077__2802/Y -       A->Y   R     NAND2XL        1  0.3    12    17     389    (-,-) 
  m_uint/m_core/g15069__5107/Y -       B->Y   F     NAND2BXL       2  0.6    19    17     406    (-,-) 
  m_uint/m_core/g15034__5122/Y -       B->Y   R     NAND2X1        2  0.6    11    12     418    (-,-) 
  m_uint/m_core/g15024__6783/Y -       AN->Y  R     NOR2BX1        2  0.8    17    25     443    (-,-) 
  m_uint/m_core/g15014__6417/Y -       A1->Y  F     OAI21X1        1  0.8    22    20     463    (-,-) 
  m_uint/m_core/g15005__2883/Y -       B0->Y  R     AOI21X2        4  1.7    22    21     485    (-,-) 
  m_uint/m_core/fopt15545/Y    -       A->Y   F     INVXL          2  0.6    11    14     499    (-,-) 
  m_uint/m_core/fopt15544/Y    -       A->Y   R     CLKINVX1       1  1.0    10    11     510    (-,-) 
  m_uint/m_core/g14995__7482/Y -       B->Y   F     NOR2X2         1  1.7    18    11     520    (-,-) 
  m_uint/m_core/g14985__8246/Y -       B->Y   R     NOR2BX4        9  3.3    19    17     537    (-,-) 
  m_uint/m_core/fopt37/Y       -       A->Y   F     INVX1          5  1.2    12    14     551    (-,-) 
  m_uint/m_core/g14962__5107/Y -       B->Y   R     NAND2XL        2  0.8    15    13     564    (-,-) 
  m_uint/m_core/g14942__7482/Y -       B->Y   F     NAND2BX1       2  0.4    13    14     578    (-,-) 
  m_uint/m_core/g14925__6783/Y -       B->Y   R     NAND2XL        1  0.5    12    12     590    (-,-) 
  m_uint/m_core/g14916__8428/Y -       B->Y   F     NAND2BX1       2  0.6    15    15     604    (-,-) 
  m_uint/m_core/g15366__2802/Y -       AN->Y  F     NOR2BX1        1  0.3     8    19     624    (-,-) 
  m_uint/m_core/g15425/Y       -       A->Y   F     CLKBUFX2       1  0.9     7    22     646    (-,-) 
  m_uint/m_core/g15438/Y       -       A->Y   F     BUFX6          1  0.3     5    19     665    (-,-) 
  m_uint/m_core/g9324__7410/Y  -       A1N->Y F     OAI2BB1X1      1  0.4    12    22     687    (-,-) 
  g9765__6260/Y                -       C->Y   R     NOR3X1         2  0.6    25    19     706    (-,-) 
  g9751__6161/Y                -       AN->Y  R     NOR2BX1        2  0.8    18    27     733    (-,-) 
  g9748/Y                      -       A->Y   F     INVX1          3  0.9    10    13     746    (-,-) 
  g9743__8246/Y                -       B->Y   R     NOR2X1         1  0.3    12    12     758    (-,-) 
  g9741__1705/Y                -       AN->Y  R     NOR2BX1        1  0.5    16    23     781    (-,-) 
  g9717__2883/Y                -       A1->Y  F     AOI21X1        1  0.7    21    21     802    (-,-) 
  g9705__5122/Y                -       S0->Y  R     MXI2X1         2  0.8    24    20     822    (-,-) 
  g9684__5477/Y                -       B->Y   F     NAND2BX1       1  0.8    19    20     842    (-,-) 
  g9677__9315/Y                -       B->Y   R     NOR2X2         2  0.8    13    15     857    (-,-) 
  g9674__7482/Y                -       B->Y   F     NAND2BX1       3  1.1    21    19     876    (-,-) 
  g9668__7098/Y                -       B->Y   R     NOR2BX1        1  0.6    16    17     893    (-,-) 
  g9658__1617/Y                -       B->Y   R     XNOR2X1        1  3.8    30    38     931    (-,-) 
  g9657/Y                      -       A->Y   F     CLKINVX8       1 50.0    55    37     968    (-,-) 
  R[8]                         -       -      F     (port)         -    -     -     0     968    (-,-) 
#------------------------------------------------------------------------------------------------------



Path 9: VIOLATED (-216 ps) Late External Delay Assertion at pin R[6]
          Group: vclk
     Startpoint: (R) Conf_Bit_Mask[1]
          Clock: (R) vclk
       Endpoint: (F) R[6]
          Clock: (R) vclk

                     Capture       Launch     
        Clock Edge:+    1000            0     
        Drv Adjust:+       0            0     
       Src Latency:+       0            0     
       Net Latency:+       0 (I)        0 (I) 
           Arrival:=    1000            0     
                                              
      Output Delay:-     200                  
       Uncertainty:-      50                  
     Required Time:=     750                  
      Launch Clock:-       0                  
       Input Delay:-     200                  
         Data Path:-     766                  
             Slack:=    -216                  

Exceptions/Constraints:
  input_delay              200             fplns_Fixed8.sdc_line_14_20_1 
  output_delay             200             fplns_Fixed8.sdc_line_15_29_1 

#------------------------------------------------------------------------------------------------------
#        Timing Point          Flags    Arc   Edge   Cell     Fanout Load Trans Delay Arrival Instance 
#                                                                    (fF)  (ps)  (ps)   (ps)  Location 
#------------------------------------------------------------------------------------------------------
  Conf_Bit_Mask[1]             -       -      R     (arrival)      4  2.7     0     0     200    (-,-) 
  m_uint/m_core/g15392__6783/Y -       AN->Y  R     NOR2BX1        1  0.5    13    21     221    (-,-) 
  m_uint/m_core/g15262__6161/Y -       A->Y   F     NOR2X1         2  0.7    11    13     234    (-,-) 
  m_uint/m_core/g15389__4319/Y -       B->Y   R     NOR2BX1        2  1.0    20    17     251    (-,-) 
  m_uint/m_core/g15155__7410/Y -       A1->Y  F     AOI21X1        1  0.4    18    20     272    (-,-) 
  m_uint/m_core/g15135__8246/Y -       B->Y   R     NOR2X1         1  0.5    14    16     287    (-,-) 
  m_uint/m_core/g15125__3680/Y -       B->Y   F     NOR2X1         2  0.6    10    11     298    (-,-) 
  m_uint/m_core/g15122/Y       -       A->Y   R     INVX1          3  1.9    15    14     312    (-,-) 
  m_uint/m_core/g15112__5107/Y -       B->Y   F     NAND2X2        2  1.2    18    16     328    (-,-) 
  m_uint/m_core/fopt3/Y        -       A->Y   R     CLKINVX1       2  1.0    11    13     340    (-,-) 
  m_uint/m_core/fopt1/Y        -       A->Y   F     CLKINVX1       2  0.6     7     9     350    (-,-) 
  m_uint/m_core/fopt/Y         -       A->Y   R     INVXL          1  1.0    14    12     361    (-,-) 
  m_uint/m_core/g15102__1666/Y -       B0->Y  F     AOI31X2        2  1.0    29    10     372    (-,-) 
  m_uint/m_core/g15077__2802/Y -       A->Y   R     NAND2XL        1  0.3    12    17     389    (-,-) 
  m_uint/m_core/g15069__5107/Y -       B->Y   F     NAND2BXL       2  0.6    19    17     406    (-,-) 
  m_uint/m_core/g15034__5122/Y -       B->Y   R     NAND2X1        2  0.6    11    12     418    (-,-) 
  m_uint/m_core/g15024__6783/Y -       AN->Y  R     NOR2BX1        2  0.8    17    25     443    (-,-) 
  m_uint/m_core/g15014__6417/Y -       A1->Y  F     OAI21X1        1  0.8    22    20     463    (-,-) 
  m_uint/m_core/g15005__2883/Y -       B0->Y  R     AOI21X2        4  1.7    22    21     485    (-,-) 
  m_uint/m_core/fopt15545/Y    -       A->Y   F     INVXL          2  0.6    11    14     499    (-,-) 
  m_uint/m_core/fopt15544/Y    -       A->Y   R     CLKINVX1       1  1.0    10    11     510    (-,-) 
  m_uint/m_core/g14995__7482/Y -       B->Y   F     NOR2X2         1  1.7    18    11     520    (-,-) 
  m_uint/m_core/g14985__8246/Y -       B->Y   R     NOR2BX4        9  3.3    19    17     537    (-,-) 
  m_uint/m_core/fopt37/Y       -       A->Y   F     INVX1          5  1.2    12    14     551    (-,-) 
  m_uint/m_core/g14962__5107/Y -       B->Y   R     NAND2XL        2  0.8    15    13     564    (-,-) 
  m_uint/m_core/g14942__7482/Y -       B->Y   F     NAND2BX1       2  0.4    13    14     578    (-,-) 
  m_uint/m_core/g14925__6783/Y -       B->Y   R     NAND2XL        1  0.5    12    12     590    (-,-) 
  m_uint/m_core/g14916__8428/Y -       B->Y   F     NAND2BX1       2  0.6    15    15     604    (-,-) 
  m_uint/m_core/g15366__2802/Y -       AN->Y  F     NOR2BX1        1  0.3     8    19     624    (-,-) 
  m_uint/m_core/g15425/Y       -       A->Y   F     CLKBUFX2       1  0.9     7    22     646    (-,-) 
  m_uint/m_core/g15438/Y       -       A->Y   F     BUFX6          1  0.3     5    19     665    (-,-) 
  m_uint/m_core/g9324__7410/Y  -       A1N->Y F     OAI2BB1X1      1  0.4    12    22     687    (-,-) 
  g9765__6260/Y                -       C->Y   R     NOR3X1         2  0.6    25    19     706    (-,-) 
  g9751__6161/Y                -       AN->Y  R     NOR2BX1        2  0.8    18    27     733    (-,-) 
  g9746__1881/Y                -       B->Y   F     NOR2XL         1  0.5    13    13     746    (-,-) 
  g9732__8428/Y                -       B->Y   R     XOR2XL         2  0.6    10    28     774    (-,-) 
  g9720__7410/Y                -       B->Y   F     NAND2XL        2  0.6    19    16     790    (-,-) 
  g9689__8428/Y                -       B->Y   R     NOR2X1         3  0.9    20    19     809    (-,-) 
  g9678__9945/Y                -       AN->Y  R     NOR2BX1        2  1.1    23    29     838    (-,-) 
  g9669__6131/Y                -       B->Y   F     NAND2X1        2  0.6    16    18     856    (-,-) 
  g9659__2802/Y                -       B->Y   R     NOR2BX1        2  0.8    18    17     873    (-,-) 
  g9653__6783/Y                -       B->Y   F     NAND2X1        2  0.9    19    19     892    (-,-) 
  g9649__4319/Y                -       B->Y   R     CLKXOR2X2      1  5.7    26    45     937    (-,-) 
  g9648/Y                      -       A->Y   F     CLKINVX12      1 50.0    39    28     966    (-,-) 
  R[6]                         -       -      F     (port)         -    -     -     0     966    (-,-) 
#------------------------------------------------------------------------------------------------------



Path 10: VIOLATED (-208 ps) Late External Delay Assertion at pin R[5]
          Group: vclk
     Startpoint: (R) Conf_Bit_Mask[1]
          Clock: (R) vclk
       Endpoint: (F) R[5]
          Clock: (R) vclk

                     Capture       Launch     
        Clock Edge:+    1000            0     
        Drv Adjust:+       0            0     
       Src Latency:+       0            0     
       Net Latency:+       0 (I)        0 (I) 
           Arrival:=    1000            0     
                                              
      Output Delay:-     200                  
       Uncertainty:-      50                  
     Required Time:=     750                  
      Launch Clock:-       0                  
       Input Delay:-     200                  
         Data Path:-     758                  
             Slack:=    -208                  

Exceptions/Constraints:
  input_delay              200             fplns_Fixed8.sdc_line_14_20_1 
  output_delay             200             fplns_Fixed8.sdc_line_15_30_1 

#------------------------------------------------------------------------------------------------------
#        Timing Point          Flags    Arc   Edge   Cell     Fanout Load Trans Delay Arrival Instance 
#                                                                    (fF)  (ps)  (ps)   (ps)  Location 
#------------------------------------------------------------------------------------------------------
  Conf_Bit_Mask[1]             -       -      R     (arrival)      4  2.7     0     0     200    (-,-) 
  m_uint/m_core/g15392__6783/Y -       AN->Y  R     NOR2BX1        1  0.5    13    21     221    (-,-) 
  m_uint/m_core/g15262__6161/Y -       A->Y   F     NOR2X1         2  0.7    11    13     234    (-,-) 
  m_uint/m_core/g15389__4319/Y -       B->Y   R     NOR2BX1        2  1.0    20    17     251    (-,-) 
  m_uint/m_core/g15155__7410/Y -       A1->Y  F     AOI21X1        1  0.4    18    20     272    (-,-) 
  m_uint/m_core/g15135__8246/Y -       B->Y   R     NOR2X1         1  0.5    14    16     287    (-,-) 
  m_uint/m_core/g15125__3680/Y -       B->Y   F     NOR2X1         2  0.6    10    11     298    (-,-) 
  m_uint/m_core/g15122/Y       -       A->Y   R     INVX1          3  1.9    15    14     312    (-,-) 
  m_uint/m_core/g15112__5107/Y -       B->Y   F     NAND2X2        2  1.2    18    16     328    (-,-) 
  m_uint/m_core/fopt3/Y        -       A->Y   R     CLKINVX1       2  1.0    11    13     340    (-,-) 
  m_uint/m_core/fopt1/Y        -       A->Y   F     CLKINVX1       2  0.6     7     9     350    (-,-) 
  m_uint/m_core/fopt/Y         -       A->Y   R     INVXL          1  1.0    14    12     361    (-,-) 
  m_uint/m_core/g15102__1666/Y -       B0->Y  F     AOI31X2        2  1.0    29    10     372    (-,-) 
  m_uint/m_core/g15077__2802/Y -       A->Y   R     NAND2XL        1  0.3    12    17     389    (-,-) 
  m_uint/m_core/g15069__5107/Y -       B->Y   F     NAND2BXL       2  0.6    19    17     406    (-,-) 
  m_uint/m_core/g15034__5122/Y -       B->Y   R     NAND2X1        2  0.6    11    12     418    (-,-) 
  m_uint/m_core/g15024__6783/Y -       AN->Y  R     NOR2BX1        2  0.8    17    25     443    (-,-) 
  m_uint/m_core/g15014__6417/Y -       A1->Y  F     OAI21X1        1  0.8    22    20     463    (-,-) 
  m_uint/m_core/g15005__2883/Y -       B0->Y  R     AOI21X2        4  1.7    22    21     485    (-,-) 
  m_uint/m_core/fopt15545/Y    -       A->Y   F     INVXL          2  0.6    11    14     499    (-,-) 
  m_uint/m_core/fopt15544/Y    -       A->Y   R     CLKINVX1       1  1.0    10    11     510    (-,-) 
  m_uint/m_core/g14995__7482/Y -       B->Y   F     NOR2X2         1  1.7    18    11     520    (-,-) 
  m_uint/m_core/g14985__8246/Y -       B->Y   R     NOR2BX4        9  3.3    19    17     537    (-,-) 
  m_uint/m_core/fopt37/Y       -       A->Y   F     INVX1          5  1.2    12    14     551    (-,-) 
  m_uint/m_core/g14962__5107/Y -       B->Y   R     NAND2XL        2  0.8    15    13     564    (-,-) 
  m_uint/m_core/g14942__7482/Y -       B->Y   F     NAND2BX1       2  0.4    13    14     578    (-,-) 
  m_uint/m_core/g14925__6783/Y -       B->Y   R     NAND2XL        1  0.5    12    12     590    (-,-) 
  m_uint/m_core/g14916__8428/Y -       B->Y   F     NAND2BX1       2  0.6    15    15     604    (-,-) 
  m_uint/m_core/g15366__2802/Y -       AN->Y  F     NOR2BX1        1  0.3     8    19     624    (-,-) 
  m_uint/m_core/g15425/Y       -       A->Y   F     CLKBUFX2       1  0.9     7    22     646    (-,-) 
  m_uint/m_core/g15438/Y       -       A->Y   F     BUFX6          1  0.3     5    19     665    (-,-) 
  m_uint/m_core/g9324__7410/Y  -       A1N->Y F     OAI2BB1X1      1  0.4    12    22     687    (-,-) 
  g9765__6260/Y                -       C->Y   R     NOR3X1         2  0.6    25    19     706    (-,-) 
  g9751__6161/Y                -       AN->Y  R     NOR2BX1        2  0.8    18    27     733    (-,-) 
  g9746__1881/Y                -       B->Y   F     NOR2XL         1  0.5    13    13     746    (-,-) 
  g9732__8428/Y                -       B->Y   R     XOR2XL         2  0.6    10    28     774    (-,-) 
  g9720__7410/Y                -       B->Y   F     NAND2XL        2  0.6    19    16     790    (-,-) 
  g9689__8428/Y                -       B->Y   R     NOR2X1         3  0.9    20    19     809    (-,-) 
  g9678__9945/Y                -       AN->Y  R     NOR2BX1        2  1.1    23    29     838    (-,-) 
  g9669__6131/Y                -       B->Y   F     NAND2X1        2  0.6    16    18     856    (-,-) 
  g9659__2802/Y                -       B->Y   R     NOR2BX1        2  0.8    18    17     873    (-,-) 
  g9655/Y                      -       A->Y   F     INVXL          1  0.5     9    12     885    (-,-) 
  g9652__5526/Y                -       B->Y   R     CLKXOR2X2      1  5.7    26    44     930    (-,-) 
  g9651/Y                      -       A->Y   F     CLKINVX12      1 50.0    39    28     958    (-,-) 
  R[5]                         -       -      F     (port)         -    -     -     0     958    (-,-) 
#------------------------------------------------------------------------------------------------------



Path 11: VIOLATED (-200 ps) Late External Delay Assertion at pin R[7]
          Group: vclk
     Startpoint: (R) Conf_Bit_Mask[1]
          Clock: (R) vclk
       Endpoint: (F) R[7]
          Clock: (R) vclk

                     Capture       Launch     
        Clock Edge:+    1000            0     
        Drv Adjust:+       0            0     
       Src Latency:+       0            0     
       Net Latency:+       0 (I)        0 (I) 
           Arrival:=    1000            0     
                                              
      Output Delay:-     200                  
       Uncertainty:-      50                  
     Required Time:=     750                  
      Launch Clock:-       0                  
       Input Delay:-     200                  
         Data Path:-     750                  
             Slack:=    -200                  

Exceptions/Constraints:
  input_delay              200             fplns_Fixed8.sdc_line_14_20_1 
  output_delay             200             fplns_Fixed8.sdc_line_15_28_1 

#------------------------------------------------------------------------------------------------------
#        Timing Point          Flags    Arc   Edge   Cell     Fanout Load Trans Delay Arrival Instance 
#                                                                    (fF)  (ps)  (ps)   (ps)  Location 
#------------------------------------------------------------------------------------------------------
  Conf_Bit_Mask[1]             -       -      R     (arrival)      4  2.7     0     0     200    (-,-) 
  m_uint/m_core/g15392__6783/Y -       AN->Y  R     NOR2BX1        1  0.5    13    21     221    (-,-) 
  m_uint/m_core/g15262__6161/Y -       A->Y   F     NOR2X1         2  0.7    11    13     234    (-,-) 
  m_uint/m_core/g15389__4319/Y -       B->Y   R     NOR2BX1        2  1.0    20    17     251    (-,-) 
  m_uint/m_core/g15155__7410/Y -       A1->Y  F     AOI21X1        1  0.4    18    20     272    (-,-) 
  m_uint/m_core/g15135__8246/Y -       B->Y   R     NOR2X1         1  0.5    14    16     287    (-,-) 
  m_uint/m_core/g15125__3680/Y -       B->Y   F     NOR2X1         2  0.6    10    11     298    (-,-) 
  m_uint/m_core/g15122/Y       -       A->Y   R     INVX1          3  1.9    15    14     312    (-,-) 
  m_uint/m_core/g15112__5107/Y -       B->Y   F     NAND2X2        2  1.2    18    16     328    (-,-) 
  m_uint/m_core/fopt3/Y        -       A->Y   R     CLKINVX1       2  1.0    11    13     340    (-,-) 
  m_uint/m_core/fopt1/Y        -       A->Y   F     CLKINVX1       2  0.6     7     9     350    (-,-) 
  m_uint/m_core/fopt/Y         -       A->Y   R     INVXL          1  1.0    14    12     361    (-,-) 
  m_uint/m_core/g15102__1666/Y -       B0->Y  F     AOI31X2        2  1.0    29    10     372    (-,-) 
  m_uint/m_core/g15077__2802/Y -       A->Y   R     NAND2XL        1  0.3    12    17     389    (-,-) 
  m_uint/m_core/g15069__5107/Y -       B->Y   F     NAND2BXL       2  0.6    19    17     406    (-,-) 
  m_uint/m_core/g15034__5122/Y -       B->Y   R     NAND2X1        2  0.6    11    12     418    (-,-) 
  m_uint/m_core/g15024__6783/Y -       AN->Y  R     NOR2BX1        2  0.8    17    25     443    (-,-) 
  m_uint/m_core/g15014__6417/Y -       A1->Y  F     OAI21X1        1  0.8    22    20     463    (-,-) 
  m_uint/m_core/g15005__2883/Y -       B0->Y  R     AOI21X2        4  1.7    22    21     485    (-,-) 
  m_uint/m_core/fopt15545/Y    -       A->Y   F     INVXL          2  0.6    11    14     499    (-,-) 
  m_uint/m_core/fopt15544/Y    -       A->Y   R     CLKINVX1       1  1.0    10    11     510    (-,-) 
  m_uint/m_core/g14995__7482/Y -       B->Y   F     NOR2X2         1  1.7    18    11     520    (-,-) 
  m_uint/m_core/g14985__8246/Y -       B->Y   R     NOR2BX4        9  3.3    19    17     537    (-,-) 
  m_uint/m_core/fopt37/Y       -       A->Y   F     INVX1          5  1.2    12    14     551    (-,-) 
  m_uint/m_core/g14962__5107/Y -       B->Y   R     NAND2XL        2  0.8    15    13     564    (-,-) 
  m_uint/m_core/g14942__7482/Y -       B->Y   F     NAND2BX1       2  0.4    13    14     578    (-,-) 
  m_uint/m_core/g14925__6783/Y -       B->Y   R     NAND2XL        1  0.5    12    12     590    (-,-) 
  m_uint/m_core/g14916__8428/Y -       B->Y   F     NAND2BX1       2  0.6    15    15     604    (-,-) 
  m_uint/m_core/g15366__2802/Y -       AN->Y  F     NOR2BX1        1  0.3     8    19     624    (-,-) 
  m_uint/m_core/g15425/Y       -       A->Y   F     CLKBUFX2       1  0.9     7    22     646    (-,-) 
  m_uint/m_core/g15438/Y       -       A->Y   F     BUFX6          1  0.3     5    19     665    (-,-) 
  m_uint/m_core/g9324__7410/Y  -       A1N->Y F     OAI2BB1X1      1  0.4    12    22     687    (-,-) 
  g9765__6260/Y                -       C->Y   R     NOR3X1         2  0.6    25    19     706    (-,-) 
  g9751__6161/Y                -       AN->Y  R     NOR2BX1        2  0.8    18    27     733    (-,-) 
  g9748/Y                      -       A->Y   F     INVX1          3  0.9    10    13     746    (-,-) 
  g9743__8246/Y                -       B->Y   R     NOR2X1         1  0.3    12    12     758    (-,-) 
  g9741__1705/Y                -       AN->Y  R     NOR2BX1        1  0.5    16    23     781    (-,-) 
  g9717__2883/Y                -       A1->Y  F     AOI21X1        1  0.7    21    21     802    (-,-) 
  g9705__5122/Y                -       S0->Y  R     MXI2X1         2  0.8    24    20     822    (-,-) 
  g9684__5477/Y                -       B->Y   F     NAND2BX1       1  0.8    19    20     842    (-,-) 
  g9677__9315/Y                -       B->Y   R     NOR2X2         2  0.8    13    15     857    (-,-) 
  g9674__7482/Y                -       B->Y   F     NAND2BX1       3  1.1    21    19     876    (-,-) 
  g9666__5122/Y                -       B->Y   R     CLKXOR2X2      1  5.7    26    46     921    (-,-) 
  g9660/Y                      -       A->Y   F     CLKINVX12      1 50.0    39    28     950    (-,-) 
  R[7]                         -       -      F     (port)         -    -     -     0     950    (-,-) 
#------------------------------------------------------------------------------------------------------



Path 12: VIOLATED (-193 ps) Late External Delay Assertion at pin R[4]
          Group: vclk
     Startpoint: (R) Conf_Bit_Mask[1]
          Clock: (R) vclk
       Endpoint: (R) R[4]
          Clock: (R) vclk

                     Capture       Launch     
        Clock Edge:+    1000            0     
        Drv Adjust:+       0            0     
       Src Latency:+       0            0     
       Net Latency:+       0 (I)        0 (I) 
           Arrival:=    1000            0     
                                              
      Output Delay:-     200                  
       Uncertainty:-      50                  
     Required Time:=     750                  
      Launch Clock:-       0                  
       Input Delay:-     200                  
         Data Path:-     743                  
             Slack:=    -193                  

Exceptions/Constraints:
  input_delay              200             fplns_Fixed8.sdc_line_14_20_1 
  output_delay             200             fplns_Fixed8.sdc_line_15_31_1 

#------------------------------------------------------------------------------------------------------
#        Timing Point          Flags    Arc   Edge   Cell     Fanout Load Trans Delay Arrival Instance 
#                                                                    (fF)  (ps)  (ps)   (ps)  Location 
#------------------------------------------------------------------------------------------------------
  Conf_Bit_Mask[1]             -       -      R     (arrival)      4  2.7     0     0     200    (-,-) 
  m_uint/m_core/g15392__6783/Y -       AN->Y  R     NOR2BX1        1  0.5    13    21     221    (-,-) 
  m_uint/m_core/g15262__6161/Y -       A->Y   F     NOR2X1         2  0.7    11    13     234    (-,-) 
  m_uint/m_core/g15389__4319/Y -       B->Y   R     NOR2BX1        2  1.0    20    17     251    (-,-) 
  m_uint/m_core/g15155__7410/Y -       A1->Y  F     AOI21X1        1  0.4    18    20     272    (-,-) 
  m_uint/m_core/g15135__8246/Y -       B->Y   R     NOR2X1         1  0.5    14    16     287    (-,-) 
  m_uint/m_core/g15125__3680/Y -       B->Y   F     NOR2X1         2  0.6    10    11     298    (-,-) 
  m_uint/m_core/g15122/Y       -       A->Y   R     INVX1          3  1.9    15    14     312    (-,-) 
  m_uint/m_core/g15112__5107/Y -       B->Y   F     NAND2X2        2  1.2    18    16     328    (-,-) 
  m_uint/m_core/fopt3/Y        -       A->Y   R     CLKINVX1       2  1.0    11    13     340    (-,-) 
  m_uint/m_core/fopt1/Y        -       A->Y   F     CLKINVX1       2  0.6     7     9     350    (-,-) 
  m_uint/m_core/fopt/Y         -       A->Y   R     INVXL          1  1.0    14    12     361    (-,-) 
  m_uint/m_core/g15102__1666/Y -       B0->Y  F     AOI31X2        2  1.0    29    10     372    (-,-) 
  m_uint/m_core/g15077__2802/Y -       A->Y   R     NAND2XL        1  0.3    12    17     389    (-,-) 
  m_uint/m_core/g15069__5107/Y -       B->Y   F     NAND2BXL       2  0.6    19    17     406    (-,-) 
  m_uint/m_core/g15034__5122/Y -       B->Y   R     NAND2X1        2  0.6    11    12     418    (-,-) 
  m_uint/m_core/g15024__6783/Y -       AN->Y  R     NOR2BX1        2  0.8    17    25     443    (-,-) 
  m_uint/m_core/g15014__6417/Y -       A1->Y  F     OAI21X1        1  0.8    22    20     463    (-,-) 
  m_uint/m_core/g15005__2883/Y -       B0->Y  R     AOI21X2        4  1.7    22    21     485    (-,-) 
  m_uint/m_core/fopt15545/Y    -       A->Y   F     INVXL          2  0.6    11    14     499    (-,-) 
  m_uint/m_core/fopt15544/Y    -       A->Y   R     CLKINVX1       1  1.0    10    11     510    (-,-) 
  m_uint/m_core/g14995__7482/Y -       B->Y   F     NOR2X2         1  1.7    18    11     520    (-,-) 
  m_uint/m_core/g14985__8246/Y -       B->Y   R     NOR2BX4        9  3.3    19    17     537    (-,-) 
  m_uint/m_core/fopt37/Y       -       A->Y   F     INVX1          5  1.2    12    14     551    (-,-) 
  m_uint/m_core/g14962__5107/Y -       B->Y   R     NAND2XL        2  0.8    15    13     564    (-,-) 
  m_uint/m_core/g14942__7482/Y -       B->Y   F     NAND2BX1       2  0.4    13    14     578    (-,-) 
  m_uint/m_core/g14925__6783/Y -       B->Y   R     NAND2XL        1  0.5    12    12     590    (-,-) 
  m_uint/m_core/g14916__8428/Y -       B->Y   F     NAND2BX1       2  0.6    15    15     604    (-,-) 
  m_uint/m_core/g15366__2802/Y -       AN->Y  F     NOR2BX1        1  0.3     8    19     624    (-,-) 
  m_uint/m_core/g15425/Y       -       A->Y   F     CLKBUFX2       1  0.9     7    22     646    (-,-) 
  m_uint/m_core/g15438/Y       -       A->Y   F     BUFX6          1  0.3     5    19     665    (-,-) 
  m_uint/m_core/g9324__7410/Y  -       A1N->Y F     OAI2BB1X1      1  0.4    12    22     687    (-,-) 
  g9765__6260/Y                -       C->Y   R     NOR3X1         2  0.6    25    19     706    (-,-) 
  g9751__6161/Y                -       AN->Y  R     NOR2BX1        2  0.8    18    27     733    (-,-) 
  g9746__1881/Y                -       B->Y   F     NOR2XL         1  0.5    13    13     746    (-,-) 
  g9732__8428/Y                -       B->Y   R     XOR2XL         2  0.6    10    28     774    (-,-) 
  g9720__7410/Y                -       B->Y   F     NAND2XL        2  0.6    19    16     790    (-,-) 
  g9689__8428/Y                -       B->Y   R     NOR2X1         3  0.9    20    19     809    (-,-) 
  g9678__9945/Y                -       AN->Y  R     NOR2BX1        2  1.1    23    29     838    (-,-) 
  g9669__6131/Y                -       B->Y   F     NAND2X1        2  0.6    16    18     856    (-,-) 
  g9662/Y                      -       A->Y   R     INVXL          1  0.6    11    12     868    (-,-) 
  g9656__3680/Y                -       B->Y   F     XNOR2X1        1  3.3    26    41     909    (-,-) 
  g9654/Y                      -       A->Y   R     CLKINVX8       1 50.0    50    34     943    (-,-) 
  R[4]                         -       -      R     (port)         -    -     -     0     943    (-,-) 
#------------------------------------------------------------------------------------------------------



Path 13: VIOLATED (-166 ps) Late External Delay Assertion at pin R[3]
          Group: vclk
     Startpoint: (R) Conf_Bit_Mask[1]
          Clock: (R) vclk
       Endpoint: (F) R[3]
          Clock: (R) vclk

                     Capture       Launch     
        Clock Edge:+    1000            0     
        Drv Adjust:+       0            0     
       Src Latency:+       0            0     
       Net Latency:+       0 (I)        0 (I) 
           Arrival:=    1000            0     
                                              
      Output Delay:-     200                  
       Uncertainty:-      50                  
     Required Time:=     750                  
      Launch Clock:-       0                  
       Input Delay:-     200                  
         Data Path:-     716                  
             Slack:=    -166                  

Exceptions/Constraints:
  input_delay              200             fplns_Fixed8.sdc_line_14_20_1 
  output_delay             200             fplns_Fixed8.sdc_line_15_32_1 

#------------------------------------------------------------------------------------------------------
#        Timing Point          Flags    Arc   Edge   Cell     Fanout Load Trans Delay Arrival Instance 
#                                                                    (fF)  (ps)  (ps)   (ps)  Location 
#------------------------------------------------------------------------------------------------------
  Conf_Bit_Mask[1]             -       -      R     (arrival)      4  2.7     0     0     200    (-,-) 
  m_uint/m_core/g15392__6783/Y -       AN->Y  R     NOR2BX1        1  0.5    13    21     221    (-,-) 
  m_uint/m_core/g15262__6161/Y -       A->Y   F     NOR2X1         2  0.7    11    13     234    (-,-) 
  m_uint/m_core/g15389__4319/Y -       B->Y   R     NOR2BX1        2  1.0    20    17     251    (-,-) 
  m_uint/m_core/g15155__7410/Y -       A1->Y  F     AOI21X1        1  0.4    18    20     272    (-,-) 
  m_uint/m_core/g15135__8246/Y -       B->Y   R     NOR2X1         1  0.5    14    16     287    (-,-) 
  m_uint/m_core/g15125__3680/Y -       B->Y   F     NOR2X1         2  0.6    10    11     298    (-,-) 
  m_uint/m_core/g15122/Y       -       A->Y   R     INVX1          3  1.9    15    14     312    (-,-) 
  m_uint/m_core/g15112__5107/Y -       B->Y   F     NAND2X2        2  1.2    18    16     328    (-,-) 
  m_uint/m_core/fopt3/Y        -       A->Y   R     CLKINVX1       2  1.0    11    13     340    (-,-) 
  m_uint/m_core/fopt1/Y        -       A->Y   F     CLKINVX1       2  0.6     7     9     350    (-,-) 
  m_uint/m_core/fopt/Y         -       A->Y   R     INVXL          1  1.0    14    12     361    (-,-) 
  m_uint/m_core/g15102__1666/Y -       B0->Y  F     AOI31X2        2  1.0    29    10     372    (-,-) 
  m_uint/m_core/g15077__2802/Y -       A->Y   R     NAND2XL        1  0.3    12    17     389    (-,-) 
  m_uint/m_core/g15069__5107/Y -       B->Y   F     NAND2BXL       2  0.6    19    17     406    (-,-) 
  m_uint/m_core/g15034__5122/Y -       B->Y   R     NAND2X1        2  0.6    11    12     418    (-,-) 
  m_uint/m_core/g15024__6783/Y -       AN->Y  R     NOR2BX1        2  0.8    17    25     443    (-,-) 
  m_uint/m_core/g15014__6417/Y -       A1->Y  F     OAI21X1        1  0.8    22    20     463    (-,-) 
  m_uint/m_core/g15005__2883/Y -       B0->Y  R     AOI21X2        4  1.7    22    21     485    (-,-) 
  m_uint/m_core/fopt15545/Y    -       A->Y   F     INVXL          2  0.6    11    14     499    (-,-) 
  m_uint/m_core/fopt15544/Y    -       A->Y   R     CLKINVX1       1  1.0    10    11     510    (-,-) 
  m_uint/m_core/g14995__7482/Y -       B->Y   F     NOR2X2         1  1.7    18    11     520    (-,-) 
  m_uint/m_core/g14985__8246/Y -       B->Y   R     NOR2BX4        9  3.3    19    17     537    (-,-) 
  m_uint/m_core/fopt37/Y       -       A->Y   F     INVX1          5  1.2    12    14     551    (-,-) 
  m_uint/m_core/g14962__5107/Y -       B->Y   R     NAND2XL        2  0.8    15    13     564    (-,-) 
  m_uint/m_core/g14942__7482/Y -       B->Y   F     NAND2BX1       2  0.4    13    14     578    (-,-) 
  m_uint/m_core/g14925__6783/Y -       B->Y   R     NAND2XL        1  0.5    12    12     590    (-,-) 
  m_uint/m_core/g14916__8428/Y -       B->Y   F     NAND2BX1       2  0.6    15    15     604    (-,-) 
  m_uint/m_core/g15366__2802/Y -       AN->Y  F     NOR2BX1        1  0.3     8    19     624    (-,-) 
  m_uint/m_core/g15425/Y       -       A->Y   F     CLKBUFX2       1  0.9     7    22     646    (-,-) 
  m_uint/m_core/g15438/Y       -       A->Y   F     BUFX6          1  0.3     5    19     665    (-,-) 
  m_uint/m_core/g9324__7410/Y  -       A1N->Y F     OAI2BB1X1      1  0.4    12    22     687    (-,-) 
  g9765__6260/Y                -       C->Y   R     NOR3X1         2  0.6    25    19     706    (-,-) 
  g9751__6161/Y                -       AN->Y  R     NOR2BX1        2  0.8    18    27     733    (-,-) 
  g9748/Y                      -       A->Y   F     INVX1          3  0.9    10    13     746    (-,-) 
  g9744__7098/Y                -       AN->Y  F     NAND2BX1       2  0.6    16    24     770    (-,-) 
  g9735__6783/Y                -       B->Y   R     NAND2XL        1  0.8    16    14     785    (-,-) 
  g9722__5477/Y                -       S0->Y  R     MXI2X1         3  1.4    32    29     813    (-,-) 
  g9678__9945/Y                -       B->Y   F     NOR2BX1        2  0.9    14    18     831    (-,-) 
  g9667__8246/Y                -       B->Y   R     XNOR2X1        1  3.8    30    48     878    (-,-) 
  g9661/Y                      -       A->Y   F     CLKINVX8       1 50.0    55    37     916    (-,-) 
  R[3]                         -       -      F     (port)         -    -     -     0     916    (-,-) 
#------------------------------------------------------------------------------------------------------



Path 14: VIOLATED (-148 ps) Late External Delay Assertion at pin R[2]
          Group: vclk
     Startpoint: (R) Conf_Bit_Mask[1]
          Clock: (R) vclk
       Endpoint: (R) R[2]
          Clock: (R) vclk

                     Capture       Launch     
        Clock Edge:+    1000            0     
        Drv Adjust:+       0            0     
       Src Latency:+       0            0     
       Net Latency:+       0 (I)        0 (I) 
           Arrival:=    1000            0     
                                              
      Output Delay:-     200                  
       Uncertainty:-      50                  
     Required Time:=     750                  
      Launch Clock:-       0                  
       Input Delay:-     200                  
         Data Path:-     698                  
             Slack:=    -148                  

Exceptions/Constraints:
  input_delay              200             fplns_Fixed8.sdc_line_14_20_1 
  output_delay             200             fplns_Fixed8.sdc_line_15_33_1 

#------------------------------------------------------------------------------------------------------
#        Timing Point          Flags    Arc   Edge   Cell     Fanout Load Trans Delay Arrival Instance 
#                                                                    (fF)  (ps)  (ps)   (ps)  Location 
#------------------------------------------------------------------------------------------------------
  Conf_Bit_Mask[1]             -       -      R     (arrival)      4  2.7     0     0     200    (-,-) 
  m_uint/m_core/g15392__6783/Y -       AN->Y  R     NOR2BX1        1  0.5    13    21     221    (-,-) 
  m_uint/m_core/g15262__6161/Y -       A->Y   F     NOR2X1         2  0.7    11    13     234    (-,-) 
  m_uint/m_core/g15389__4319/Y -       B->Y   R     NOR2BX1        2  1.0    20    17     251    (-,-) 
  m_uint/m_core/g15155__7410/Y -       A1->Y  F     AOI21X1        1  0.4    18    20     272    (-,-) 
  m_uint/m_core/g15135__8246/Y -       B->Y   R     NOR2X1         1  0.5    14    16     287    (-,-) 
  m_uint/m_core/g15125__3680/Y -       B->Y   F     NOR2X1         2  0.6    10    11     298    (-,-) 
  m_uint/m_core/g15122/Y       -       A->Y   R     INVX1          3  1.9    15    14     312    (-,-) 
  m_uint/m_core/g15112__5107/Y -       B->Y   F     NAND2X2        2  1.2    18    16     328    (-,-) 
  m_uint/m_core/fopt3/Y        -       A->Y   R     CLKINVX1       2  1.0    11    13     340    (-,-) 
  m_uint/m_core/fopt1/Y        -       A->Y   F     CLKINVX1       2  0.6     7     9     350    (-,-) 
  m_uint/m_core/fopt/Y         -       A->Y   R     INVXL          1  1.0    14    12     361    (-,-) 
  m_uint/m_core/g15102__1666/Y -       B0->Y  F     AOI31X2        2  1.0    29    10     372    (-,-) 
  m_uint/m_core/g15077__2802/Y -       A->Y   R     NAND2XL        1  0.3    12    17     389    (-,-) 
  m_uint/m_core/g15069__5107/Y -       B->Y   F     NAND2BXL       2  0.6    19    17     406    (-,-) 
  m_uint/m_core/g15034__5122/Y -       B->Y   R     NAND2X1        2  0.6    11    12     418    (-,-) 
  m_uint/m_core/g15024__6783/Y -       AN->Y  R     NOR2BX1        2  0.8    17    25     443    (-,-) 
  m_uint/m_core/g15014__6417/Y -       A1->Y  F     OAI21X1        1  0.8    22    20     463    (-,-) 
  m_uint/m_core/g15005__2883/Y -       B0->Y  R     AOI21X2        4  1.7    22    21     485    (-,-) 
  m_uint/m_core/fopt15545/Y    -       A->Y   F     INVXL          2  0.6    11    14     499    (-,-) 
  m_uint/m_core/fopt15544/Y    -       A->Y   R     CLKINVX1       1  1.0    10    11     510    (-,-) 
  m_uint/m_core/g14995__7482/Y -       B->Y   F     NOR2X2         1  1.7    18    11     520    (-,-) 
  m_uint/m_core/g14985__8246/Y -       B->Y   R     NOR2BX4        9  3.3    19    17     537    (-,-) 
  m_uint/m_core/fopt37/Y       -       A->Y   F     INVX1          5  1.2    12    14     551    (-,-) 
  m_uint/m_core/g14962__5107/Y -       B->Y   R     NAND2XL        2  0.8    15    13     564    (-,-) 
  m_uint/m_core/g14942__7482/Y -       B->Y   F     NAND2BX1       2  0.4    13    14     578    (-,-) 
  m_uint/m_core/g14925__6783/Y -       B->Y   R     NAND2XL        1  0.5    12    12     590    (-,-) 
  m_uint/m_core/g14916__8428/Y -       B->Y   F     NAND2BX1       2  0.6    15    15     604    (-,-) 
  m_uint/m_core/g15366__2802/Y -       AN->Y  F     NOR2BX1        1  0.3     8    19     624    (-,-) 
  m_uint/m_core/g15425/Y       -       A->Y   F     CLKBUFX2       1  0.9     7    22     646    (-,-) 
  m_uint/m_core/g15438/Y       -       A->Y   F     BUFX6          1  0.3     5    19     665    (-,-) 
  m_uint/m_core/g9324__7410/Y  -       A1N->Y F     OAI2BB1X1      1  0.4    12    22     687    (-,-) 
  g9765__6260/Y                -       C->Y   R     NOR3X1         2  0.6    25    19     706    (-,-) 
  g9751__6161/Y                -       AN->Y  R     NOR2BX1        2  0.8    18    27     733    (-,-) 
  g9746__1881/Y                -       B->Y   F     NOR2XL         1  0.5    13    13     746    (-,-) 
  g9732__8428/Y                -       B->Y   R     XOR2XL         2  0.6    10    28     774    (-,-) 
  g9720__7410/Y                -       B->Y   F     NAND2XL        2  0.6    19    16     790    (-,-) 
  g9689__8428/Y                -       B->Y   R     NOR2X1         3  0.9    20    19     809    (-,-) 
  g9676__6161/Y                -       A->Y   F     CLKXOR2X1      1  3.3    26    56     864    (-,-) 
  g9672/Y                      -       A->Y   R     CLKINVX8       1 50.0    50    34     898    (-,-) 
  R[2]                         -       -      R     (port)         -    -     -     0     898    (-,-) 
#------------------------------------------------------------------------------------------------------



Path 15: VIOLATED (-139 ps) Late External Delay Assertion at pin R[1]
          Group: vclk
     Startpoint: (R) Conf_Bit_Mask[1]
          Clock: (R) vclk
       Endpoint: (F) R[1]
          Clock: (R) vclk

                     Capture       Launch     
        Clock Edge:+    1000            0     
        Drv Adjust:+       0            0     
       Src Latency:+       0            0     
       Net Latency:+       0 (I)        0 (I) 
           Arrival:=    1000            0     
                                              
      Output Delay:-     200                  
       Uncertainty:-      50                  
     Required Time:=     750                  
      Launch Clock:-       0                  
       Input Delay:-     200                  
         Data Path:-     689                  
             Slack:=    -139                  

Exceptions/Constraints:
  input_delay              200             fplns_Fixed8.sdc_line_14_20_1 
  output_delay             200             fplns_Fixed8.sdc_line_15_34_1 

#------------------------------------------------------------------------------------------------------
#        Timing Point          Flags    Arc   Edge   Cell     Fanout Load Trans Delay Arrival Instance 
#                                                                    (fF)  (ps)  (ps)   (ps)  Location 
#------------------------------------------------------------------------------------------------------
  Conf_Bit_Mask[1]             -       -      R     (arrival)      4  2.7     0     0     200    (-,-) 
  m_uint/m_core/g15392__6783/Y -       AN->Y  R     NOR2BX1        1  0.5    13    21     221    (-,-) 
  m_uint/m_core/g15262__6161/Y -       A->Y   F     NOR2X1         2  0.7    11    13     234    (-,-) 
  m_uint/m_core/g15389__4319/Y -       B->Y   R     NOR2BX1        2  1.0    20    17     251    (-,-) 
  m_uint/m_core/g15155__7410/Y -       A1->Y  F     AOI21X1        1  0.4    18    20     272    (-,-) 
  m_uint/m_core/g15135__8246/Y -       B->Y   R     NOR2X1         1  0.5    14    16     287    (-,-) 
  m_uint/m_core/g15125__3680/Y -       B->Y   F     NOR2X1         2  0.6    10    11     298    (-,-) 
  m_uint/m_core/g15122/Y       -       A->Y   R     INVX1          3  1.9    15    14     312    (-,-) 
  m_uint/m_core/g15112__5107/Y -       B->Y   F     NAND2X2        2  1.2    18    16     328    (-,-) 
  m_uint/m_core/fopt3/Y        -       A->Y   R     CLKINVX1       2  1.0    11    13     340    (-,-) 
  m_uint/m_core/fopt1/Y        -       A->Y   F     CLKINVX1       2  0.6     7     9     350    (-,-) 
  m_uint/m_core/fopt/Y         -       A->Y   R     INVXL          1  1.0    14    12     361    (-,-) 
  m_uint/m_core/g15102__1666/Y -       B0->Y  F     AOI31X2        2  1.0    29    10     372    (-,-) 
  m_uint/m_core/g15077__2802/Y -       A->Y   R     NAND2XL        1  0.3    12    17     389    (-,-) 
  m_uint/m_core/g15069__5107/Y -       B->Y   F     NAND2BXL       2  0.6    19    17     406    (-,-) 
  m_uint/m_core/g15034__5122/Y -       B->Y   R     NAND2X1        2  0.6    11    12     418    (-,-) 
  m_uint/m_core/g15024__6783/Y -       AN->Y  R     NOR2BX1        2  0.8    17    25     443    (-,-) 
  m_uint/m_core/g15014__6417/Y -       A1->Y  F     OAI21X1        1  0.8    22    20     463    (-,-) 
  m_uint/m_core/g15005__2883/Y -       B0->Y  R     AOI21X2        4  1.7    22    21     485    (-,-) 
  m_uint/m_core/fopt15545/Y    -       A->Y   F     INVXL          2  0.6    11    14     499    (-,-) 
  m_uint/m_core/fopt15544/Y    -       A->Y   R     CLKINVX1       1  1.0    10    11     510    (-,-) 
  m_uint/m_core/g14995__7482/Y -       B->Y   F     NOR2X2         1  1.7    18    11     520    (-,-) 
  m_uint/m_core/g14985__8246/Y -       B->Y   R     NOR2BX4        9  3.3    19    17     537    (-,-) 
  m_uint/m_core/fopt37/Y       -       A->Y   F     INVX1          5  1.2    12    14     551    (-,-) 
  m_uint/m_core/g14962__5107/Y -       B->Y   R     NAND2XL        2  0.8    15    13     564    (-,-) 
  m_uint/m_core/g14942__7482/Y -       B->Y   F     NAND2BX1       2  0.4    13    14     578    (-,-) 
  m_uint/m_core/g14925__6783/Y -       B->Y   R     NAND2XL        1  0.5    12    12     590    (-,-) 
  m_uint/m_core/g14916__8428/Y -       B->Y   F     NAND2BX1       2  0.6    15    15     604    (-,-) 
  m_uint/m_core/g15366__2802/Y -       AN->Y  F     NOR2BX1        1  0.3     8    19     624    (-,-) 
  m_uint/m_core/g15425/Y       -       A->Y   F     CLKBUFX2       1  0.9     7    22     646    (-,-) 
  m_uint/m_core/g15438/Y       -       A->Y   F     BUFX6          1  0.3     5    19     665    (-,-) 
  m_uint/m_core/g9324__7410/Y  -       A1N->Y F     OAI2BB1X1      1  0.4    12    22     687    (-,-) 
  g9765__6260/Y                -       C->Y   R     NOR3X1         2  0.6    25    19     706    (-,-) 
  g9760/Y                      -       A->Y   R     CLKBUFX2       2  1.4     9    24     730    (-,-) 
  g9755__2346/Y                -       B->Y   F     NAND2X2        2  1.2    16    14     744    (-,-) 
  g9747__5115/Y                -       B->Y   R     NAND2X1        1  0.6    11    12     756    (-,-) 
  g9733__5526/Y                -       S0->Y  R     MXI2XL         2  0.8    31    26     782    (-,-) 
  g9729/Y                      -       A->Y   F     INVXL          2  0.5    11    17     798    (-,-) 
  g9728/Y                      -       A->Y   R     INVXL          1  0.3     6     9     807    (-,-) 
  g9686__5107/Y                -       A->Y   F     MXI2X8         1 50.0    55    82     889    (-,-) 
  R[1]                         -       -      F     (port)         -    -     -     0     889    (-,-) 
#------------------------------------------------------------------------------------------------------



Path 16: VIOLATED (-123 ps) Late External Delay Assertion at pin R[0]
          Group: vclk
     Startpoint: (R) Conf_Bit_Mask[1]
          Clock: (R) vclk
       Endpoint: (F) R[0]
          Clock: (R) vclk

                     Capture       Launch     
        Clock Edge:+    1000            0     
        Drv Adjust:+       0            0     
       Src Latency:+       0            0     
       Net Latency:+       0 (I)        0 (I) 
           Arrival:=    1000            0     
                                              
      Output Delay:-     200                  
       Uncertainty:-      50                  
     Required Time:=     750                  
      Launch Clock:-       0                  
       Input Delay:-     200                  
         Data Path:-     673                  
             Slack:=    -123                  

Exceptions/Constraints:
  input_delay              200             fplns_Fixed8.sdc_line_14_20_1 
  output_delay             200             fplns_Fixed8.sdc_line_15_35_1 

#------------------------------------------------------------------------------------------------------
#        Timing Point          Flags    Arc   Edge   Cell     Fanout Load Trans Delay Arrival Instance 
#                                                                    (fF)  (ps)  (ps)   (ps)  Location 
#------------------------------------------------------------------------------------------------------
  Conf_Bit_Mask[1]             -       -      R     (arrival)      4  2.7     0     0     200    (-,-) 
  m_uint/m_core/g15392__6783/Y -       AN->Y  R     NOR2BX1        1  0.5    13    21     221    (-,-) 
  m_uint/m_core/g15262__6161/Y -       A->Y   F     NOR2X1         2  0.7    11    13     234    (-,-) 
  m_uint/m_core/g15389__4319/Y -       B->Y   R     NOR2BX1        2  1.0    20    17     251    (-,-) 
  m_uint/m_core/g15155__7410/Y -       A1->Y  F     AOI21X1        1  0.4    18    20     272    (-,-) 
  m_uint/m_core/g15135__8246/Y -       B->Y   R     NOR2X1         1  0.5    14    16     287    (-,-) 
  m_uint/m_core/g15125__3680/Y -       B->Y   F     NOR2X1         2  0.6    10    11     298    (-,-) 
  m_uint/m_core/g15122/Y       -       A->Y   R     INVX1          3  1.9    15    14     312    (-,-) 
  m_uint/m_core/g15112__5107/Y -       B->Y   F     NAND2X2        2  1.2    18    16     328    (-,-) 
  m_uint/m_core/fopt3/Y        -       A->Y   R     CLKINVX1       2  1.0    11    13     340    (-,-) 
  m_uint/m_core/fopt1/Y        -       A->Y   F     CLKINVX1       2  0.6     7     9     350    (-,-) 
  m_uint/m_core/fopt/Y         -       A->Y   R     INVXL          1  1.0    14    12     361    (-,-) 
  m_uint/m_core/g15102__1666/Y -       B0->Y  F     AOI31X2        2  1.0    29    10     372    (-,-) 
  m_uint/m_core/g15077__2802/Y -       A->Y   R     NAND2XL        1  0.3    12    17     389    (-,-) 
  m_uint/m_core/g15069__5107/Y -       B->Y   F     NAND2BXL       2  0.6    19    17     406    (-,-) 
  m_uint/m_core/g15034__5122/Y -       B->Y   R     NAND2X1        2  0.6    11    12     418    (-,-) 
  m_uint/m_core/g15024__6783/Y -       AN->Y  R     NOR2BX1        2  0.8    17    25     443    (-,-) 
  m_uint/m_core/g15014__6417/Y -       A1->Y  F     OAI21X1        1  0.8    22    20     463    (-,-) 
  m_uint/m_core/g15005__2883/Y -       B0->Y  R     AOI21X2        4  1.7    22    21     485    (-,-) 
  m_uint/m_core/fopt15543/Y    -       A->Y   F     INVX1          2  0.4     8    12     497    (-,-) 
  m_uint/m_core/g14983__1705/Y -       A1N->Y F     AOI2BB1X1      2  0.9    12    29     526    (-,-) 
  m_uint/m_core/g14978/Y       -       A->Y   R     INVX1          1  1.0    10    11     537    (-,-) 
  m_uint/m_core/g14964__6260/Y -       B->Y   F     NOR2X2         3  1.5    13    10     547    (-,-) 
  m_uint/m_core/g14944__6161/Y -       B->Y   R     NAND2BX1       2  1.2    14    13     560    (-,-) 
  m_uint/m_core/g14930__1705/Y -       B0->Y  F     OAI21X2        4  2.3    26    24     583    (-,-) 
  m_uint/m_core/g14903__1666/Y -       B->Y   R     NOR2X2         7  2.5    26    23     606    (-,-) 
  m_uint/m_core/g14892/Y       -       A->Y   F     INVX1          2  0.8    11    15     621    (-,-) 
  m_uint/m_core/g15366__2802/Y -       B->Y   R     NOR2BX1        1  0.3    11    12     633    (-,-) 
  m_uint/m_core/g15425/Y       -       A->Y   R     CLKBUFX2       1  1.0     7    21     654    (-,-) 
  m_uint/m_core/g15438/Y       -       A->Y   R     BUFX6          1  0.3     5    18     672    (-,-) 
  m_uint/m_core/g9324__7410/Y  -       A1N->Y R     OAI2BB1X1      1  0.5    10    25     697    (-,-) 
  g9765__6260/Y                -       C->Y   F     NOR3X1         2  0.6    12    10     707    (-,-) 
  g9760/Y                      -       A->Y   F     CLKBUFX2       2  1.2     8    24     731    (-,-) 
  g9754__2883/Y                -       B->Y   R     NOR2X1         1  0.6    16    13     744    (-,-) 
  g9742__5122/Y                -       S0->Y  R     MXI2XL         2  0.6    26    24     768    (-,-) 
  g9739/Y                      -       A->Y   F     INVXL          2  0.5    10    15     782    (-,-) 
  g9738/Y                      -       A->Y   R     INVXL          1  0.3     6     9     791    (-,-) 
  g9712__4733/Y                -       A->Y   F     MXI2X8         1 50.0    55    82     873    (-,-) 
  R[0]                         -       -      F     (port)         -    -     -     0     873    (-,-) 
#------------------------------------------------------------------------------------------------------

