============================================================
  Generated by:           Genus(TM) Synthesis Solution 21.10-p002_1
  Generated on:           Jun 19 2026  11:18:10 am
  Module:                 fplns_Fixed8
  Technology library:     fast_vdd1v0 1.0
  Operating conditions:   PVT_1P1V_0C (balanced_tree)
  Wireload mode:          enclosed
  Area mode:              timing library
============================================================

                                 Leakage  
   Gate    Instances    Area   Power (nW)     Library    
---------------------------------------------------------
AND2X1             5     6.840      0.432    fast_vdd1v0 
AND2XL            10    13.680      0.724    fast_vdd1v0 
AOI21X1           16    27.360      1.818    fast_vdd1v0 
AOI21X2            2     5.472      0.437    fast_vdd1v0 
AOI21XL           14    23.940      1.047    fast_vdd1v0 
AOI22X1            1     2.052      0.125    fast_vdd1v0 
AOI22XL            2     4.104      0.192    fast_vdd1v0 
AOI2BB1X1          8    16.416      1.074    fast_vdd1v0 
AOI2BB1XL          7    14.364      0.821    fast_vdd1v0 
AOI2BB2X1          1     3.420      0.200    fast_vdd1v0 
AOI31X1            3     6.156      0.423    fast_vdd1v0 
AOI31X2            1     3.420      0.204    fast_vdd1v0 
AOI32X1            1     2.394      0.144    fast_vdd1v0 
BUFX12             5    25.650      3.102    fast_vdd1v0 
BUFX6              1     3.078      0.314    fast_vdd1v0 
CLKAND2X4          1     3.420      0.231    fast_vdd1v0 
CLKBUFX2          42    71.820      4.966    fast_vdd1v0 
CLKINVX1          23    23.598      1.063    fast_vdd1v0 
CLKINVX12          4    16.416      1.965    fast_vdd1v0 
CLKINVX2           2     2.736      0.186    fast_vdd1v0 
CLKINVX3           2     3.420      0.251    fast_vdd1v0 
CLKINVX8           5    15.390      1.624    fast_vdd1v0 
CLKXOR2X1          5    13.680      0.901    fast_vdd1v0 
CLKXOR2X2          4    13.680      0.909    fast_vdd1v0 
INVX1             49    33.516      2.313    fast_vdd1v0 
INVX2              7     7.182      0.605    fast_vdd1v0 
INVXL            145    99.180      4.794    fast_vdd1v0 
MXI2X1             5    13.680      0.725    fast_vdd1v0 
MXI2X8             2    12.312      1.030    fast_vdd1v0 
MXI2XL            10    23.940      1.082    fast_vdd1v0 
NAND2BX1          17    23.256      1.781    fast_vdd1v0 
NAND2BX2           1     2.394      0.180    fast_vdd1v0 
NAND2BX4           1     3.762      0.308    fast_vdd1v0 
NAND2BXL           7     9.576      0.585    fast_vdd1v0 
NAND2X1           46    47.196      3.263    fast_vdd1v0 
NAND2X2            9    15.390      1.176    fast_vdd1v0 
NAND2X4            1     3.146      0.256    fast_vdd1v0 
NAND2XL           68    69.768      3.159    fast_vdd1v0 
NAND3BXL           1     1.710      0.077    fast_vdd1v0 
NAND3X1            4     6.840      0.349    fast_vdd1v0 
NAND3XL            3     5.130      0.165    fast_vdd1v0 
NOR2BX1           45    61.560      4.655    fast_vdd1v0 
NOR2BX2            1     2.736      0.154    fast_vdd1v0 
NOR2BX4            1     3.762      0.322    fast_vdd1v0 
NOR2BXL            1     1.710      0.074    fast_vdd1v0 
NOR2X1            65    66.690      4.702    fast_vdd1v0 
NOR2X2            19    32.490      2.517    fast_vdd1v0 
NOR2X4             3     9.234      0.748    fast_vdd1v0 
NOR2X6             3    12.312      1.117    fast_vdd1v0 
NOR2XL            50    51.300      2.251    fast_vdd1v0 
NOR3BX1            1     2.052      0.111    fast_vdd1v0 
NOR3BXL            2     4.104      0.168    fast_vdd1v0 
NOR3X1             3     5.130      0.338    fast_vdd1v0 
NOR3X2             3     8.208      0.453    fast_vdd1v0 
NOR3XL             2     3.420      0.150    fast_vdd1v0 
OA21X1             3     6.156      0.335    fast_vdd1v0 
OAI211X1           1     1.710      0.131    fast_vdd1v0 
OAI21X1           23    39.330      2.233    fast_vdd1v0 
OAI21X2            5    15.390      0.867    fast_vdd1v0 
OAI21XL            8    13.680      0.505    fast_vdd1v0 
OAI22X1            2     4.104      0.230    fast_vdd1v0 
OAI22XL            2     4.104      0.143    fast_vdd1v0 
OAI2BB1X1         22    37.620      2.672    fast_vdd1v0 
OAI2BB1XL          3     6.156      0.299    fast_vdd1v0 
OR2X1              3     4.104      0.288    fast_vdd1v0 
OR2XL              9    12.312      0.788    fast_vdd1v0 
OR4X1              2     4.104      0.223    fast_vdd1v0 
XNOR2X1           26    62.244      4.792    fast_vdd1v0 
XNOR2XL            1     2.736      0.170    fast_vdd1v0 
XNOR3X1            1     7.524      0.383    fast_vdd1v0 
XNOR3XL            1     7.524      0.358    fast_vdd1v0 
XOR2XL             9    24.624      1.516    fast_vdd1v0 
---------------------------------------------------------
total            861  1218.614     78.691                


                                           Leakage  Leakage 
     Type      Instances   Area   Area % Power (nW) Power % 
------------------------------------------------------------
inverter             237  201.438   16.5     12.801    16.3 
buffer                48  100.548    8.3      8.382    10.7 
logic                576  916.628   75.2     57.507    73.1 
physical_cells         0    0.000    0.0      0.000     0.0 
------------------------------------------------------------
total                861 1218.614  100.0     78.691   100.0 

