============================================================
  Generated by:           Genus(TM) Synthesis Solution 21.10-p002_1
  Generated on:           Apr 11 2026  03:22:03 pm
  Module:                 signed_int_mul_p_0_L0
  Technology libraries:   fast_vdd1v0 1.0
                          physical_cells 
  Operating conditions:   PVT_1P1V_0C 
  Interconnect mode:      global
  Area mode:              physical library
============================================================

                                 Leakage  
   Gate    Instances    Area   Power (nW)     Library    
---------------------------------------------------------
ADDFHX2            2    16.416      1.001    fast_vdd1v0 
ADDFHX4            2    19.152      1.376    fast_vdd1v0 
ADDFHXL            1     7.524      0.431    fast_vdd1v0 
ADDFX1             1     5.130      0.357    fast_vdd1v0 
ADDHX1             5    18.810      1.310    fast_vdd1v0 
ADDHX2             2    10.260      0.681    fast_vdd1v0 
ADDHX4             1     7.182      0.543    fast_vdd1v0 
AND2X1            18    24.624      1.585    fast_vdd1v0 
AND2X2             1     1.710      0.119    fast_vdd1v0 
AND2X4             2     5.472      0.452    fast_vdd1v0 
AND2X6             4    15.048      1.509    fast_vdd1v0 
AND2X8             2     8.892      0.923    fast_vdd1v0 
AO21X1             3     7.182      0.372    fast_vdd1v0 
AO21X4             3    10.260      0.817    fast_vdd1v0 
AO22X1             2     5.472      0.246    fast_vdd1v0 
AO22X4             1     3.762      0.272    fast_vdd1v0 
AOI211X4           1     6.498      0.547    fast_vdd1v0 
AOI21X1            3     5.130      0.326    fast_vdd1v0 
AOI21X2           14    38.304      2.527    fast_vdd1v0 
AOI21X4           28   143.640     10.763    fast_vdd1v0 
AOI22X1            2     4.104      0.270    fast_vdd1v0 
AOI22X2            3    11.286      0.740    fast_vdd1v0 
AOI22X4            8    49.248      3.990    fast_vdd1v0 
AOI2BB1X2          3     9.234      0.647    fast_vdd1v0 
AOI2BB1X4          4    16.416      1.423    fast_vdd1v0 
AOI2BB2X4          1     7.524      0.596    fast_vdd1v0 
AOI31X4            5    32.490      2.471    fast_vdd1v0 
BUFX2             27    46.170      3.159    fast_vdd1v0 
BUFX3             21    43.092      3.529    fast_vdd1v0 
BUFX4              1     2.394      0.206    fast_vdd1v0 
BUFX6             10    30.780      3.301    fast_vdd1v0 
CLKAND2X2          8    16.416      1.049    fast_vdd1v0 
CLKAND2X3         13    40.014      2.690    fast_vdd1v0 
CLKAND2X6         12    57.456      4.981    fast_vdd1v0 
CLKBUFX3           1     2.052      0.161    fast_vdd1v0 
CLKBUFX8           2     7.524      0.826    fast_vdd1v0 
CLKINVX12          7    28.728      3.734    fast_vdd1v0 
CLKINVX16          1     5.472      0.706    fast_vdd1v0 
CLKINVX20          1     6.498      0.706    fast_vdd1v0 
CLKINVX4          27    46.170      4.620    fast_vdd1v0 
CLKINVX6          22    52.668      5.692    fast_vdd1v0 
CLKINVX8          24    73.872      8.147    fast_vdd1v0 
CLKMX2X3           3    12.312      0.810    fast_vdd1v0 
CLKXOR2X1          9    24.624      1.602    fast_vdd1v0 
CLKXOR2X2          2     6.840      0.435    fast_vdd1v0 
INVX1             36    24.624      1.720    fast_vdd1v0 
INVX2             42    43.092      3.575    fast_vdd1v0 
INVX3             44    60.192      5.589    fast_vdd1v0 
INVX4              2     3.420      0.321    fast_vdd1v0 
INVX6              5    11.970      1.283    fast_vdd1v0 
INVXL              1     0.684      0.028    fast_vdd1v0 
MX2X1              2     4.788      0.298    fast_vdd1v0 
MXI2X1             1     2.736      0.145    fast_vdd1v0 
MXI2X2             3    13.338      0.641    fast_vdd1v0 
MXI2XL             1     2.394      0.114    fast_vdd1v0 
NAND2BX1          13    17.784      1.286    fast_vdd1v0 
NAND2BX2          10    23.940      1.660    fast_vdd1v0 
NAND2BX4          19    71.478      5.870    fast_vdd1v0 
NAND2BXL           2     2.736      0.131    fast_vdd1v0 
NAND2X1           19    19.494      1.335    fast_vdd1v0 
NAND2X2           23    39.330      2.995    fast_vdd1v0 
NAND2X4           68   232.560     17.724    fast_vdd1v0 
NAND2X6           56   268.128     22.039    fast_vdd1v0 
NAND2X8           55   300.960     28.696    fast_vdd1v0 
NAND3BX1           1     2.052      0.127    fast_vdd1v0 
NAND3BX2           4    12.312      0.792    fast_vdd1v0 
NAND3BX4           3    15.390      1.084    fast_vdd1v0 
NAND3BXL           2     3.420      0.178    fast_vdd1v0 
NAND3X1            2     3.420      0.171    fast_vdd1v0 
NAND3X2            4    10.944      0.599    fast_vdd1v0 
NAND3X4            4    19.152      1.303    fast_vdd1v0 
NAND3X6            3    21.546      1.454    fast_vdd1v0 
NAND3X8            5    41.040      3.500    fast_vdd1v0 
NOR2BX1           10    13.680      0.946    fast_vdd1v0 
NOR2BX2           10    27.360      1.436    fast_vdd1v0 
NOR2BX4            6    22.572      1.583    fast_vdd1v0 
NOR2X1            17    17.442      1.176    fast_vdd1v0 
NOR2X2            26    44.460      3.535    fast_vdd1v0 
NOR2X4            61   187.758     16.713    fast_vdd1v0 
NOR2X6            46   188.784     19.337    fast_vdd1v0 
NOR2X8            31   169.632     17.627    fast_vdd1v0 
NOR2XL             2     2.052      0.092    fast_vdd1v0 
NOR3X1             1     1.710      0.091    fast_vdd1v0 
NOR3X2             1     2.736      0.082    fast_vdd1v0 
NOR3X4             6    30.780      1.572    fast_vdd1v0 
NOR3X6             9    64.638      4.353    fast_vdd1v0 
NOR3X8             5    44.460      3.425    fast_vdd1v0 
NOR4X1             3     5.130      0.355    fast_vdd1v0 
NOR4X4             1     6.498      0.312    fast_vdd1v0 
OA21X1             1     2.052      0.117    fast_vdd1v0 
OA21X4             2     7.524      0.528    fast_vdd1v0 
OA22X4             1     4.104      0.297    fast_vdd1v0 
OAI211X1           1     1.710      0.123    fast_vdd1v0 
OAI211X2           1     4.104      0.271    fast_vdd1v0 
OAI211X4           1     6.498      0.464    fast_vdd1v0 
OAI21X1            4     6.840      0.392    fast_vdd1v0 
OAI21X2           16    49.248      3.049    fast_vdd1v0 
OAI21X4           45   215.460     16.605    fast_vdd1v0 
OAI221X1           2     4.788      0.312    fast_vdd1v0 
OAI22X4            9    58.482      3.680    fast_vdd1v0 
OAI2BB1X1          5     8.550      0.583    fast_vdd1v0 
OAI2BB1X2          1     3.078      0.187    fast_vdd1v0 
OAI2BB1X4          5    22.230      1.604    fast_vdd1v0 
OAI2BB2X1          1     4.104      0.155    fast_vdd1v0 
OAI2BB2X2          1     5.472      0.233    fast_vdd1v0 
OAI31X2            2     7.524      0.435    fast_vdd1v0 
OAI31X4            1     6.840      0.528    fast_vdd1v0 
OAI32X1            1     2.394      0.135    fast_vdd1v0 
OAI32X4            1     8.208      0.476    fast_vdd1v0 
OAI32XL            1     3.078      0.091    fast_vdd1v0 
OR2X1             14    19.152      1.402    fast_vdd1v0 
OR2X4              2     5.472      0.495    fast_vdd1v0 
OR2X6              7    26.334      2.803    fast_vdd1v0 
OR3X1              1     2.052      0.166    fast_vdd1v0 
OR4X1              1     2.052      0.137    fast_vdd1v0 
XNOR2X1           16    38.304      3.007    fast_vdd1v0 
XNOR2X2            8    24.624      1.756    fast_vdd1v0 
XNOR3X1            4    30.096      1.575    fast_vdd1v0 
XNOR3XL            2    15.048      0.738    fast_vdd1v0 
XOR2X2             2     6.840      0.426    fast_vdd1v0 
XOR2X4             1     4.104      0.319    fast_vdd1v0 
XOR3X1             5    37.620      1.960    fast_vdd1v0 
XOR3XL             2    15.048      0.755    fast_vdd1v0 
---------------------------------------------------------
total           1145  3755.502    305.746                


                                           Leakage  Leakage 
     Type      Instances   Area   Area % Power (nW) Power % 
------------------------------------------------------------
inverter             212  357.390    9.5     36.121    11.8 
buffer                62  132.012    3.5     11.183     3.7 
logic                871 3266.100   87.0    258.443    84.5 
physical_cells         0    0.000    0.0      0.000     0.0 
------------------------------------------------------------
total               1145 3755.502  100.0    305.746   100.0 

