============================================================
  Generated by:           Genus(TM) Synthesis Solution 21.10-p002_1
  Generated on:           Jun 19 2026  11:16:00 am
  Module:                 acbam_int8
  Operating conditions:   PVT_1P1V_0C (balanced_tree)
  Wireload mode:          enclosed
  Area mode:              timing library
============================================================


Path 1: VIOLATED (-67 ps) Late External Delay Assertion at pin R[15]
          Group: vclk
     Startpoint: (R) B[0]
          Clock: (R) vclk
       Endpoint: (R) R[15]
          Clock: (R) vclk

                     Capture       Launch     
        Clock Edge:+    1000            0     
        Drv Adjust:+       0            0     
       Src Latency:+       0            0     
       Net Latency:+       0 (I)        0 (I) 
           Arrival:=    1000            0     
                                              
      Output Delay:-     200                  
       Uncertainty:-      50                  
     Required Time:=     750                  
      Launch Clock:-       0                  
       Input Delay:-     200                  
         Data Path:-     617                  
             Slack:=     -67                  

Exceptions/Constraints:
  input_delay              200             acbam_int8.sdc_line_14_15_1 
  output_delay             200             acbam_int8.sdc_line_15      

#------------------------------------------------------------------------------------------------------------------------------------------
#                          Timing Point                            Flags    Arc   Edge   Cell     Fanout Load Trans Delay Arrival Instance 
#                                                                                                        (fF)  (ps)  (ps)   (ps)  Location 
#------------------------------------------------------------------------------------------------------------------------------------------
  B[0]                                                             -       -      R     (arrival)     12 11.7     0     0     200    (-,-) 
  g2654__8246/Y                                                    -       A->Y   F     NOR2X8         3  2.5     7     9     209    (-,-) 
  g2638__6417/Y                                                    -       A->Y   R     NOR2X4         1  0.6     8    12     221    (-,-) 
  g2668__7482/Y                                                    -       B->Y   F     XOR2XL         3  1.5    19    39     260    (-,-) 
  m_uint/m_core/g14722__4319/Y                                     -       B->Y   F     OR2X1          1  0.4     7    29     288    (-,-) 
  m_uint/m_core/g14690__2802/Y                                     -       A->Y   R     NAND2X1        7  2.5    23    17     305    (-,-) 
  m_uint/m_core/g14619__7482/Y                                     -       B->Y   F     NAND2XL        2  0.7    22    22     327    (-,-) 
  m_uint/m_core/g14500__2802/Y                                     -       B0->Y  R     OAI2BB1X1      3  1.2    16    17     344    (-,-) 
  m_uint/m_core/g14801__2346/Y                                     -       A->Y   R     OR2XL          4  1.5    20    25     369    (-,-) 
  m_uint/m_core/g14408__5477/Y                                     -       B->Y   F     NOR2XL         1  0.2     7    12     381    (-,-) 
  m_uint/m_core/g14365__2883/Y                                     -       A1N->Y F     AOI2BB1X1      1  0.4    10    27     408    (-,-) 
  m_uint/m_core/g14351__1705/Y                                     -       A1->Y  R     OAI21X1        1  1.1    27    21     430    (-,-) 
  m_uint/m_core/WALLACE_CSA_DUMMY_OP7_groupi_cdnfadd_007_0__6161/S -       B->S   F     ADDFXL         1  0.7    12    61     491    (-,-) 
  m_uint/m_core/WALLACE_CSA_DUMMY_OP7_groupi_cdnfadd_007_1__9315/S -       CI->S  R     ADDFXL         2  1.0    16    58     549    (-,-) 
  m_uint/m_core/WALLACE_CSA_DUMMY_OP7_groupi_g5475__1705/Y         -       B->Y   F     NAND2X1        2  0.6    15    16     565    (-,-) 
  m_uint/m_core/WALLACE_CSA_DUMMY_OP7_groupi_g5474/Y               -       A->Y   R     INVXL          1  0.5     9    11     576    (-,-) 
  m_uint/m_core/WALLACE_CSA_DUMMY_OP7_groupi_g5464__5526/Y         -       B->Y   F     NOR2X1         1  0.5    11     9     585    (-,-) 
  m_uint/m_core/WALLACE_CSA_DUMMY_OP7_groupi_g5446__2346/Y         -       S0->Y  F     MXI2XL         2  0.5    23    22     607    (-,-) 
  g1825__1705/Y                                                    -       B->Y   F     OR2XL          2  0.6     9    26     633    (-,-) 
  g1823__2802/Y                                                    -       B->Y   R     NOR2X1         2  0.6    15    14     647    (-,-) 
  g1818__8428/Y                                                    -       A->Y   F     NAND2XL        2  0.6    19    19     666    (-,-) 
  g1814__5107/Y                                                    -       B->Y   R     NOR2X1         2  0.8    18    18     684    (-,-) 
  g1810__2398/Y                                                    -       B->Y   F     NAND2X1        2  0.6    15    17     701    (-,-) 
  g1806__7410/Y                                                    -       B->Y   R     NOR2X1         2  0.6    15    16     716    (-,-) 
  g1800__9945/Y                                                    -       A0N->Y R     OAI2BB1XL      1  0.6    13    26     743    (-,-) 
  g1795__4733/Y                                                    -       B->Y   F     XNOR2X2        1  5.0    26    47     790    (-,-) 
  g1794/Y                                                          -       A->Y   R     CLKINVX12      1 50.0    36    27     817    (-,-) 
  R[15]                                                            -       -      R     (port)         -    -     -     0     817    (-,-) 
#------------------------------------------------------------------------------------------------------------------------------------------



Path 2: VIOLATED (-62 ps) Late External Delay Assertion at pin R[14]
          Group: vclk
     Startpoint: (R) B[0]
          Clock: (R) vclk
       Endpoint: (F) R[14]
          Clock: (R) vclk

                     Capture       Launch     
        Clock Edge:+    1000            0     
        Drv Adjust:+       0            0     
       Src Latency:+       0            0     
       Net Latency:+       0 (I)        0 (I) 
           Arrival:=    1000            0     
                                              
      Output Delay:-     200                  
       Uncertainty:-      50                  
     Required Time:=     750                  
      Launch Clock:-       0                  
       Input Delay:-     200                  
         Data Path:-     612                  
             Slack:=     -62                  

Exceptions/Constraints:
  input_delay              200             acbam_int8.sdc_line_14_15_1 
  output_delay             200             acbam_int8.sdc_line_15_21_1 

#------------------------------------------------------------------------------------------------------------------------------------------
#                          Timing Point                            Flags    Arc   Edge   Cell     Fanout Load Trans Delay Arrival Instance 
#                                                                                                        (fF)  (ps)  (ps)   (ps)  Location 
#------------------------------------------------------------------------------------------------------------------------------------------
  B[0]                                                             -       -      R     (arrival)     12 11.7     0     0     200    (-,-) 
  g2654__8246/Y                                                    -       A->Y   F     NOR2X8         3  2.5     7     9     209    (-,-) 
  g2638__6417/Y                                                    -       A->Y   R     NOR2X4         1  0.6     8    12     221    (-,-) 
  g2668__7482/Y                                                    -       B->Y   F     XOR2XL         3  1.5    19    39     260    (-,-) 
  m_uint/m_core/g14722__4319/Y                                     -       B->Y   F     OR2X1          1  0.4     7    29     288    (-,-) 
  m_uint/m_core/g14690__2802/Y                                     -       A->Y   R     NAND2X1        7  2.5    23    17     305    (-,-) 
  m_uint/m_core/g14619__7482/Y                                     -       B->Y   F     NAND2XL        2  0.7    22    22     327    (-,-) 
  m_uint/m_core/g14500__2802/Y                                     -       B0->Y  R     OAI2BB1X1      3  1.2    16    17     344    (-,-) 
  m_uint/m_core/g14801__2346/Y                                     -       A->Y   R     OR2XL          4  1.5    20    25     369    (-,-) 
  m_uint/m_core/g14408__5477/Y                                     -       B->Y   F     NOR2XL         1  0.2     7    12     381    (-,-) 
  m_uint/m_core/g14365__2883/Y                                     -       A1N->Y F     AOI2BB1X1      1  0.4    10    27     408    (-,-) 
  m_uint/m_core/g14351__1705/Y                                     -       A1->Y  R     OAI21X1        1  1.1    27    21     430    (-,-) 
  m_uint/m_core/WALLACE_CSA_DUMMY_OP7_groupi_cdnfadd_007_0__6161/S -       B->S   F     ADDFXL         1  0.7    12    61     491    (-,-) 
  m_uint/m_core/WALLACE_CSA_DUMMY_OP7_groupi_cdnfadd_007_1__9315/S -       CI->S  R     ADDFXL         2  1.0    16    58     549    (-,-) 
  m_uint/m_core/WALLACE_CSA_DUMMY_OP7_groupi_g5475__1705/Y         -       B->Y   F     NAND2X1        2  0.6    15    16     565    (-,-) 
  m_uint/m_core/WALLACE_CSA_DUMMY_OP7_groupi_g5474/Y               -       A->Y   R     INVXL          1  0.5     9    11     576    (-,-) 
  m_uint/m_core/WALLACE_CSA_DUMMY_OP7_groupi_g5464__5526/Y         -       B->Y   F     NOR2X1         1  0.5    11     9     585    (-,-) 
  m_uint/m_core/WALLACE_CSA_DUMMY_OP7_groupi_g5446__2346/Y         -       S0->Y  F     MXI2XL         2  0.5    23    22     607    (-,-) 
  g1825__1705/Y                                                    -       B->Y   F     OR2XL          2  0.6     9    26     633    (-,-) 
  g1823__2802/Y                                                    -       B->Y   R     NOR2X1         2  0.6    15    14     647    (-,-) 
  g1818__8428/Y                                                    -       A->Y   F     NAND2XL        2  0.6    19    19     666    (-,-) 
  g1814__5107/Y                                                    -       B->Y   R     NOR2X1         2  0.8    18    18     684    (-,-) 
  g1810__2398/Y                                                    -       B->Y   F     NAND2X1        2  0.6    15    17     701    (-,-) 
  g1809/Y                                                          -       A->Y   R     INVXL          2  0.6    10    12     713    (-,-) 
  g1804__1666/Y                                                    -       A1->Y  F     AOI21XL        1  0.5    21    20     733    (-,-) 
  g1797__6161/Y                                                    -       B->Y   R     CLKXOR2X1      1  3.8    30    42     775    (-,-) 
  g1796/Y                                                          -       A->Y   F     CLKINVX8       1 50.0    55    37     812    (-,-) 
  R[14]                                                            -       -      F     (port)         -    -     -     0     812    (-,-) 
#------------------------------------------------------------------------------------------------------------------------------------------



Path 3: VIOLATED (-60 ps) Late External Delay Assertion at pin R[13]
          Group: vclk
     Startpoint: (F) B[3]
          Clock: (R) vclk
       Endpoint: (F) R[13]
          Clock: (R) vclk

                     Capture       Launch     
        Clock Edge:+    1000            0     
        Drv Adjust:+       0            0     
       Src Latency:+       0            0     
       Net Latency:+       0 (I)        0 (I) 
           Arrival:=    1000            0     
                                              
      Output Delay:-     200                  
       Uncertainty:-      50                  
     Required Time:=     750                  
      Launch Clock:-       0                  
       Input Delay:-     200                  
         Data Path:-     610                  
             Slack:=     -60                  

Exceptions/Constraints:
  input_delay              200             acbam_int8.sdc_line_14_12_1 
  output_delay             200             acbam_int8.sdc_line_15_22_1 

#-----------------------------------------------------------------------------------------------------------------------------------------
#                          Timing Point                            Flags   Arc   Edge   Cell     Fanout Load Trans Delay Arrival Instance 
#                                                                                                       (fF)  (ps)  (ps)   (ps)  Location 
#-----------------------------------------------------------------------------------------------------------------------------------------
  B[3]                                                             -       -     F     (arrival)      4  3.9     0     0     200    (-,-) 
  g2640__5477/Y                                                    -       A->Y  R     NOR3X6         1  0.5    13    19     219    (-,-) 
  g2622__8246/Y                                                    -       A1->Y F     AOI21X1        1  0.5    18    19     238    (-,-) 
  g2611__4319/Y                                                    -       B->Y  F     CLKXOR2X1      6  2.0    17    35     273    (-,-) 
  m_uint/m_core/fopt14858/Y                                        -       A->Y  F     CLKBUFX2       1  0.9     7    24     297    (-,-) 
  m_uint/m_core/g14595__4319/Y                                     -       A0->Y R     OAI21X2        8  3.2    34    26     323    (-,-) 
  m_uint/m_core/g14531__6131/Y                                     -       B0->Y F     AOI2BB2X1      2  0.5    27    22     345    (-,-) 
  m_uint/m_core/g14505/Y                                           -       A->Y  R     INVXL          1  0.5    11    15     360    (-,-) 
  m_uint/m_core/g14467__8246/Y                                     -       A1->Y F     OAI21X1        1  0.5    19    16     377    (-,-) 
  m_uint/m_core/g14800__2883/Y                                     -       B->Y  R     XNOR2X1        2  0.6     8    36     413    (-,-) 
  m_uint/m_core/WALLACE_CSA_DUMMY_OP7_groupi_g5529__7098/Y         -       B->Y  R     AND2XL         2  1.6    21    29     442    (-,-) 
  m_uint/m_core/WALLACE_CSA_DUMMY_OP7_groupi_cdnfadd_008_1__2883/S -       A->S  F     ADDFXL         1  0.7    12    60     503    (-,-) 
  m_uint/m_core/WALLACE_CSA_DUMMY_OP7_groupi_cdnfadd_008_2__2346/S -       CI->S R     ADDFXL         2  1.0    16    58     561    (-,-) 
  m_uint/m_core/WALLACE_CSA_DUMMY_OP7_groupi_g5470__1617/Y         -       B->Y  F     NAND2X1        3  1.5    26    22     583    (-,-) 
  m_uint/m_core/WALLACE_CSA_DUMMY_OP7_groupi_g5416__4319/Y         -       A0->Y R     AOI21X2        3  0.9    17    22     605    (-,-) 
  m_uint/m_core/WALLACE_CSA_DUMMY_OP7_groupi_g5415/Y               -       A->Y  F     INVXL          1  0.2     6    10     615    (-,-) 
  m_uint/m_core/WALLACE_CSA_DUMMY_OP7_groupi_g5408__7410/Y         -       B->Y  R     NOR2XL         1  0.3    13    12     627    (-,-) 
  m_uint/m_core/WALLACE_CSA_DUMMY_OP7_groupi_g5405__2883/Y         -       B->Y  F     NOR2XL         1  0.2     8    10     636    (-,-) 
  m_uint/m_core/WALLACE_CSA_DUMMY_OP7_groupi_g5402__9315/Y         -       B->Y  R     NAND2XL        1  0.6    14    10     647    (-,-) 
  m_uint/m_core/WALLACE_CSA_DUMMY_OP7_groupi_g5396__1881/Y         -       S0->Y R     MXI2XL         1  0.3    20    20     666    (-,-) 
  g1853/Y                                                          -       A->Y  F     INVXL          2  0.6    10    14     680    (-,-) 
  g1810__2398/Y                                                    -       A->Y  R     NAND2X1        2  0.8    11    12     692    (-,-) 
  g1806__7410/Y                                                    -       B->Y  F     NOR2X1         2  0.6    10    10     702    (-,-) 
  g2669__4319/Y                                                    -       AN->Y F     NAND2BX1       1  0.5    14    23     725    (-,-) 
  g1799__9315/Y                                                    -       B->Y  R     XNOR2X1        1  3.8    30    48     773    (-,-) 
  g1798/Y                                                          -       A->Y  F     CLKINVX8       1 50.0    55    37     810    (-,-) 
  R[13]                                                            -       -     F     (port)         -    -     -     0     810    (-,-) 
#-----------------------------------------------------------------------------------------------------------------------------------------



Path 4: VIOLATED (-58 ps) Late External Delay Assertion at pin R[12]
          Group: vclk
     Startpoint: (R) B[0]
          Clock: (R) vclk
       Endpoint: (F) R[12]
          Clock: (R) vclk

                     Capture       Launch     
        Clock Edge:+    1000            0     
        Drv Adjust:+       0            0     
       Src Latency:+       0            0     
       Net Latency:+       0 (I)        0 (I) 
           Arrival:=    1000            0     
                                              
      Output Delay:-     200                  
       Uncertainty:-      50                  
     Required Time:=     750                  
      Launch Clock:-       0                  
       Input Delay:-     200                  
         Data Path:-     608                  
             Slack:=     -58                  

Exceptions/Constraints:
  input_delay              200             acbam_int8.sdc_line_14_15_1 
  output_delay             200             acbam_int8.sdc_line_15_23_1 

#------------------------------------------------------------------------------------------------------------------------------------------
#                          Timing Point                            Flags    Arc   Edge   Cell     Fanout Load Trans Delay Arrival Instance 
#                                                                                                        (fF)  (ps)  (ps)   (ps)  Location 
#------------------------------------------------------------------------------------------------------------------------------------------
  B[0]                                                             -       -      R     (arrival)     12 11.7     0     0     200    (-,-) 
  g2654__8246/Y                                                    -       A->Y   F     NOR2X8         3  2.5     7     9     209    (-,-) 
  g2638__6417/Y                                                    -       A->Y   R     NOR2X4         1  0.6     8    12     221    (-,-) 
  g2668__7482/Y                                                    -       B->Y   F     XOR2XL         3  1.5    19    39     260    (-,-) 
  m_uint/m_core/g14722__4319/Y                                     -       B->Y   F     OR2X1          1  0.4     7    29     288    (-,-) 
  m_uint/m_core/g14690__2802/Y                                     -       A->Y   R     NAND2X1        7  2.5    23    17     305    (-,-) 
  m_uint/m_core/g14619__7482/Y                                     -       B->Y   F     NAND2XL        2  0.7    22    22     327    (-,-) 
  m_uint/m_core/g14500__2802/Y                                     -       B0->Y  R     OAI2BB1X1      3  1.2    16    17     344    (-,-) 
  m_uint/m_core/g14801__2346/Y                                     -       A->Y   R     OR2XL          4  1.5    20    25     369    (-,-) 
  m_uint/m_core/g14408__5477/Y                                     -       B->Y   F     NOR2XL         1  0.2     7    12     381    (-,-) 
  m_uint/m_core/g14365__2883/Y                                     -       A1N->Y F     AOI2BB1X1      1  0.4    10    27     408    (-,-) 
  m_uint/m_core/g14351__1705/Y                                     -       A1->Y  R     OAI21X1        1  1.1    27    21     430    (-,-) 
  m_uint/m_core/WALLACE_CSA_DUMMY_OP7_groupi_cdnfadd_007_0__6161/S -       B->S   F     ADDFXL         1  0.7    12    61     491    (-,-) 
  m_uint/m_core/WALLACE_CSA_DUMMY_OP7_groupi_cdnfadd_007_1__9315/S -       CI->S  R     ADDFXL         2  1.0    16    58     549    (-,-) 
  m_uint/m_core/WALLACE_CSA_DUMMY_OP7_groupi_g5475__1705/Y         -       B->Y   F     NAND2X1        2  0.6    15    16     565    (-,-) 
  m_uint/m_core/WALLACE_CSA_DUMMY_OP7_groupi_g5474/Y               -       A->Y   R     INVXL          1  0.5     9    11     576    (-,-) 
  m_uint/m_core/WALLACE_CSA_DUMMY_OP7_groupi_g5464__5526/Y         -       B->Y   F     NOR2X1         1  0.5    11     9     585    (-,-) 
  m_uint/m_core/WALLACE_CSA_DUMMY_OP7_groupi_g5446__2346/Y         -       S0->Y  F     MXI2XL         2  0.5    23    22     607    (-,-) 
  g1825__1705/Y                                                    -       B->Y   F     OR2XL          2  0.6     9    26     633    (-,-) 
  g1823__2802/Y                                                    -       B->Y   R     NOR2X1         2  0.6    15    14     647    (-,-) 
  g1818__8428/Y                                                    -       A->Y   F     NAND2XL        2  0.6    19    19     666    (-,-) 
  g1814__5107/Y                                                    -       B->Y   R     NOR2X1         2  0.8    18    18     684    (-,-) 
  g1810__2398/Y                                                    -       B->Y   F     NAND2X1        2  0.6    15    17     701    (-,-) 
  g1809/Y                                                          -       A->Y   R     INVXL          2  0.6    10    12     713    (-,-) 
  g1808__5477/Y                                                    -       B->Y   F     NOR2XL         1  0.5    13    10     723    (-,-) 
  g1801__2883/Y                                                    -       S0->Y  F     MXI2X8         1 50.0    55    84     808    (-,-) 
  R[12]                                                            -       -      F     (port)         -    -     -     0     808    (-,-) 
#------------------------------------------------------------------------------------------------------------------------------------------



Path 5: VIOLATED (-38 ps) Late External Delay Assertion at pin R[11]
          Group: vclk
     Startpoint: (F) A[0]
          Clock: (R) vclk
       Endpoint: (F) R[11]
          Clock: (R) vclk

                     Capture       Launch     
        Clock Edge:+    1000            0     
        Drv Adjust:+       0            0     
       Src Latency:+       0            0     
       Net Latency:+       0 (I)        0 (I) 
           Arrival:=    1000            0     
                                              
      Output Delay:-     200                  
       Uncertainty:-      50                  
     Required Time:=     750                  
      Launch Clock:-       0                  
       Input Delay:-     200                  
         Data Path:-     588                  
             Slack:=     -38                  

Exceptions/Constraints:
  input_delay              200             acbam_int8.sdc_line_14_7_1  
  output_delay             200             acbam_int8.sdc_line_15_24_1 

#-------------------------------------------------------------------------------------------------------------------------------------------
#                           Timing Point                            Flags    Arc   Edge   Cell     Fanout Load Trans Delay Arrival Instance 
#                                                                                                         (fF)  (ps)  (ps)   (ps)  Location 
#-------------------------------------------------------------------------------------------------------------------------------------------
  A[0]                                                              -       -      F     (arrival)     10  5.1     0     0     200    (-,-) 
  g2643__6260/Y                                                     -       A->Y   R     NOR3X2         3  1.3    24    24     224    (-,-) 
  g2__7098/Y                                                        -       AN->Y  R     NAND2BX1       1  0.6    10    20     245    (-,-) 
  g2667__5115/Y                                                     -       B->Y   F     XNOR2X1        3  0.8    10    32     277    (-,-) 
  m_uint/m_core/g14765/Y                                            -       A->Y   R     INVXL          4  1.6    21    16     293    (-,-) 
  m_uint/m_core/g14676__1666/Y                                      -       B->Y   F     NAND2XL        1  0.2    12    16     309    (-,-) 
  m_uint/m_core/g14655__8246/Y                                      -       B->Y   R     NOR2XL         1  0.3    14    14     322    (-,-) 
  m_uint/m_core/g14811__5526/Y                                      -       A1->Y  R     OA21X1         1  0.5     7    29     351    (-,-) 
  m_uint/m_core/g14532__1881/Y                                      -       B->Y   F     NAND2X1        3  0.8    17    15     366    (-,-) 
  m_uint/m_core/g14475__4733/Y                                      -       B->Y   R     NOR2X1         3  1.2    23    20     386    (-,-) 
  m_uint/m_core/g14798__9315/Y                                      -       AN->Y  R     NOR2BX1        1  0.5    14    25     411    (-,-) 
  m_uint/m_core/g14357__5115/Y                                      -       A1->Y  F     OAI21X1        1  0.7    21    19     430    (-,-) 
  m_uint/m_core/WALLACE_CSA_DUMMY_OP7_groupi_cdnfadd_009_1__1666/CO -       CI->CO F     ADDFXL         1  0.7    11    42     472    (-,-) 
  m_uint/m_core/WALLACE_CSA_DUMMY_OP7_groupi_cdnfadd_010_1__2398/S  -       CI->S  R     ADDFXL         1  0.7    12    56     528    (-,-) 
  m_uint/m_core/WALLACE_CSA_DUMMY_OP7_groupi_cdnfadd_010_2__5107/S  -       CI->S  F     ADDFXL         2  1.2    17    57     585    (-,-) 
  m_uint/m_core/WALLACE_CSA_DUMMY_OP7_groupi_g5441__6161/Y          -       B->Y   R     NOR2X2         4  1.4    17    16     601    (-,-) 
  m_uint/m_core/fopt14861/Y                                         -       A->Y   F     INVXL          2  0.4     8    11     613    (-,-) 
  m_uint/m_core/fopt14860/Y                                         -       A->Y   R     INVXL          2  0.8    12    11     624    (-,-) 
  m_uint/m_core/WALLACE_CSA_DUMMY_OP7_groupi_g5419__6783/Y          -       B->Y   F     NOR2BX1        1  0.5     9    10     633    (-,-) 
  m_uint/m_core/WALLACE_CSA_DUMMY_OP7_groupi_g5401__6161/Y          -       B->Y   R     XNOR2XL        2  0.8    12    34     667    (-,-) 
  g1814__5107/Y                                                     -       A->Y   F     NOR2X1         2  0.7    11    13     680    (-,-) 
  g1862__8428/Y                                                     -       AN->Y  F     NAND2BX1       1  0.5    14    23     703    (-,-) 
  g1803__2346/Y                                                     -       S0->Y  F     MXI2X8         1 50.0    55    84     788    (-,-) 
  R[11]                                                             -       -      F     (port)         -    -     -     0     788    (-,-) 
#-------------------------------------------------------------------------------------------------------------------------------------------



Path 6: VIOLATED (-21 ps) Late External Delay Assertion at pin R[10]
          Group: vclk
     Startpoint: (R) B[0]
          Clock: (R) vclk
       Endpoint: (F) R[10]
          Clock: (R) vclk

                     Capture       Launch     
        Clock Edge:+    1000            0     
        Drv Adjust:+       0            0     
       Src Latency:+       0            0     
       Net Latency:+       0 (I)        0 (I) 
           Arrival:=    1000            0     
                                              
      Output Delay:-     200                  
       Uncertainty:-      50                  
     Required Time:=     750                  
      Launch Clock:-       0                  
       Input Delay:-     200                  
         Data Path:-     571                  
             Slack:=     -21                  

Exceptions/Constraints:
  input_delay              200             acbam_int8.sdc_line_14_15_1 
  output_delay             200             acbam_int8.sdc_line_15_25_1 

#------------------------------------------------------------------------------------------------------------------------------------------
#                          Timing Point                            Flags    Arc   Edge   Cell     Fanout Load Trans Delay Arrival Instance 
#                                                                                                        (fF)  (ps)  (ps)   (ps)  Location 
#------------------------------------------------------------------------------------------------------------------------------------------
  B[0]                                                             -       -      R     (arrival)     12 11.7     0     0     200    (-,-) 
  g2654__8246/Y                                                    -       A->Y   F     NOR2X8         3  2.5     7     9     209    (-,-) 
  g2638__6417/Y                                                    -       A->Y   R     NOR2X4         1  0.6     8    12     221    (-,-) 
  g2668__7482/Y                                                    -       B->Y   F     XOR2XL         3  1.5    19    39     260    (-,-) 
  m_uint/m_core/g14722__4319/Y                                     -       B->Y   F     OR2X1          1  0.4     7    29     288    (-,-) 
  m_uint/m_core/g14690__2802/Y                                     -       A->Y   R     NAND2X1        7  2.5    23    17     305    (-,-) 
  m_uint/m_core/g14619__7482/Y                                     -       B->Y   F     NAND2XL        2  0.7    22    22     327    (-,-) 
  m_uint/m_core/g14500__2802/Y                                     -       B0->Y  R     OAI2BB1X1      3  1.2    16    17     344    (-,-) 
  m_uint/m_core/g14801__2346/Y                                     -       A->Y   R     OR2XL          4  1.5    20    25     369    (-,-) 
  m_uint/m_core/g14408__5477/Y                                     -       B->Y   F     NOR2XL         1  0.2     7    12     381    (-,-) 
  m_uint/m_core/g14365__2883/Y                                     -       A1N->Y F     AOI2BB1X1      1  0.4    10    27     408    (-,-) 
  m_uint/m_core/g14351__1705/Y                                     -       A1->Y  R     OAI21X1        1  1.1    27    21     430    (-,-) 
  m_uint/m_core/WALLACE_CSA_DUMMY_OP7_groupi_cdnfadd_007_0__6161/S -       B->S   F     ADDFXL         1  0.7    12    61     491    (-,-) 
  m_uint/m_core/WALLACE_CSA_DUMMY_OP7_groupi_cdnfadd_007_1__9315/S -       CI->S  R     ADDFXL         2  1.0    16    58     549    (-,-) 
  m_uint/m_core/WALLACE_CSA_DUMMY_OP7_groupi_g5475__1705/Y         -       B->Y   F     NAND2X1        2  0.6    15    16     565    (-,-) 
  m_uint/m_core/WALLACE_CSA_DUMMY_OP7_groupi_g5474/Y               -       A->Y   R     INVXL          1  0.5     9    11     576    (-,-) 
  m_uint/m_core/WALLACE_CSA_DUMMY_OP7_groupi_g5464__5526/Y         -       B->Y   F     NOR2X1         1  0.5    11     9     585    (-,-) 
  m_uint/m_core/WALLACE_CSA_DUMMY_OP7_groupi_g5446__2346/Y         -       S0->Y  F     MXI2XL         2  0.5    23    22     607    (-,-) 
  g1825__1705/Y                                                    -       B->Y   F     OR2XL          2  0.6     9    26     633    (-,-) 
  g1823__2802/Y                                                    -       B->Y   R     NOR2X1         2  0.6    15    14     647    (-,-) 
  g1818__8428/Y                                                    -       A->Y   F     NAND2XL        2  0.6    19    19     666    (-,-) 
  g1817/Y                                                          -       A->Y   R     INVXL          1  0.3     8    11     677    (-,-) 
  g1816__4319/Y                                                    -       B->Y   F     NOR2XL         1  0.5    13     9     687    (-,-) 
  g1807__6417/Y                                                    -       S0->Y  F     MXI2X8         1 50.0    55    84     771    (-,-) 
  R[10]                                                            -       -      F     (port)         -    -     -     0     771    (-,-) 
#------------------------------------------------------------------------------------------------------------------------------------------



Path 7: VIOLATED (-17 ps) Late External Delay Assertion at pin R[9]
          Group: vclk
     Startpoint: (F) B[3]
          Clock: (R) vclk
       Endpoint: (F) R[9]
          Clock: (R) vclk

                     Capture       Launch     
        Clock Edge:+    1000            0     
        Drv Adjust:+       0            0     
       Src Latency:+       0            0     
       Net Latency:+       0 (I)        0 (I) 
           Arrival:=    1000            0     
                                              
      Output Delay:-     200                  
       Uncertainty:-      50                  
     Required Time:=     750                  
      Launch Clock:-       0                  
       Input Delay:-     200                  
         Data Path:-     567                  
             Slack:=     -17                  

Exceptions/Constraints:
  input_delay              200             acbam_int8.sdc_line_14_12_1 
  output_delay             200             acbam_int8.sdc_line_15_26_1 

#-----------------------------------------------------------------------------------------------------------------------------------------
#                          Timing Point                            Flags   Arc   Edge   Cell     Fanout Load Trans Delay Arrival Instance 
#                                                                                                       (fF)  (ps)  (ps)   (ps)  Location 
#-----------------------------------------------------------------------------------------------------------------------------------------
  B[3]                                                             -       -     F     (arrival)      4  3.9     0     0     200    (-,-) 
  g2640__5477/Y                                                    -       A->Y  R     NOR3X6         1  0.5    13    19     219    (-,-) 
  g2622__8246/Y                                                    -       A1->Y F     AOI21X1        1  0.5    18    19     238    (-,-) 
  g2611__4319/Y                                                    -       B->Y  F     CLKXOR2X1      6  2.0    17    35     273    (-,-) 
  m_uint/m_core/fopt14858/Y                                        -       A->Y  F     CLKBUFX2       1  0.9     7    24     297    (-,-) 
  m_uint/m_core/g14595__4319/Y                                     -       A0->Y R     OAI21X2        8  3.2    34    26     323    (-,-) 
  m_uint/m_core/g14531__6131/Y                                     -       B0->Y F     AOI2BB2X1      2  0.5    27    22     345    (-,-) 
  m_uint/m_core/g14505/Y                                           -       A->Y  R     INVXL          1  0.5    11    15     360    (-,-) 
  m_uint/m_core/g14467__8246/Y                                     -       A1->Y F     OAI21X1        1  0.5    19    16     377    (-,-) 
  m_uint/m_core/g14800__2883/Y                                     -       B->Y  R     XNOR2X1        2  0.6     8    36     413    (-,-) 
  m_uint/m_core/WALLACE_CSA_DUMMY_OP7_groupi_g5529__7098/Y         -       B->Y  R     AND2XL         2  1.6    21    29     442    (-,-) 
  m_uint/m_core/WALLACE_CSA_DUMMY_OP7_groupi_cdnfadd_008_1__2883/S -       A->S  F     ADDFXL         1  0.7    12    60     503    (-,-) 
  m_uint/m_core/WALLACE_CSA_DUMMY_OP7_groupi_cdnfadd_008_2__2346/S -       CI->S R     ADDFXL         2  1.0    16    58     561    (-,-) 
  m_uint/m_core/WALLACE_CSA_DUMMY_OP7_groupi_g5473__2802/Y         -       B->Y  F     NOR2X1         2  1.3    15    14     575    (-,-) 
  m_uint/m_core/WALLACE_CSA_DUMMY_OP7_groupi_g5471/Y               -       A->Y  R     INVX1          2  0.8     9    11     586    (-,-) 
  m_uint/m_core/WALLACE_CSA_DUMMY_OP7_groupi_g5463__8428/Y         -       B->Y  F     NAND2X1        1  0.5    14    13     599    (-,-) 
  m_uint/m_core/WALLACE_CSA_DUMMY_OP7_groupi_g5417__8428/Y         -       B->Y  R     XNOR2XL        2  0.8    12    35     634    (-,-) 
  g1823__2802/Y                                                    -       A->Y  F     NOR2X1         2  0.5     9    12     645    (-,-) 
  g1820__6783/Y                                                    -       B->Y  R     NOR2XL         1  0.8    25    19     664    (-,-) 
  g1866__6783/Y                                                    -       B->Y  F     XNOR2X4        1 50.0   106   103     767    (-,-) 
  R[9]                                                             -       -     F     (port)         -    -     -     0     767    (-,-) 
#-----------------------------------------------------------------------------------------------------------------------------------------



Path 8: VIOLATED (-6 ps) Late External Delay Assertion at pin R[7]
          Group: vclk
     Startpoint: (F) B[0]
          Clock: (R) vclk
       Endpoint: (F) R[7]
          Clock: (R) vclk

                     Capture       Launch     
        Clock Edge:+    1000            0     
        Drv Adjust:+       0            0     
       Src Latency:+       0            0     
       Net Latency:+       0 (I)        0 (I) 
           Arrival:=    1000            0     
                                              
      Output Delay:-     200                  
       Uncertainty:-      50                  
     Required Time:=     750                  
      Launch Clock:-       0                  
       Input Delay:-     200                  
         Data Path:-     556                  
             Slack:=      -6                  

Exceptions/Constraints:
  input_delay              200             acbam_int8.sdc_line_14_15_1 
  output_delay             200             acbam_int8.sdc_line_15_28_1 

#------------------------------------------------------------------------------------------------------------------------------------------
#                          Timing Point                            Flags    Arc   Edge   Cell     Fanout Load Trans Delay Arrival Instance 
#                                                                                                        (fF)  (ps)  (ps)   (ps)  Location 
#------------------------------------------------------------------------------------------------------------------------------------------
  B[0]                                                             -       -      F     (arrival)     12 10.4     0     0     200    (-,-) 
  g2654__8246/Y                                                    -       A->Y   R     NOR2X8         3  2.7    10    14     214    (-,-) 
  g2638__6417/Y                                                    -       A->Y   F     NOR2X4         1  0.5     7    10     223    (-,-) 
  g2668__7482/Y                                                    -       B->Y   R     XOR2XL         3  1.8    24    34     257    (-,-) 
  m_uint/m_core/g14722__4319/Y                                     -       B->Y   R     OR2X1          1  0.5     6    19     276    (-,-) 
  m_uint/m_core/g14690__2802/Y                                     -       A->Y   F     NAND2X1        7  1.9    30    24     300    (-,-) 
  m_uint/m_core/g14563__8246/Y                                     -       A1->Y  R     AOI21XL        2  0.8    28    28     328    (-,-) 
  m_uint/m_core/g14498__3680/Y                                     -       B->Y   F     NAND2X1        2  0.5    16    19     347    (-,-) 
  m_uint/m_core/g14801__2346/Y                                     -       B->Y   F     OR2XL          4  1.2    16    28     375    (-,-) 
  m_uint/m_core/g14408__5477/Y                                     -       B->Y   R     NOR2XL         1  0.3    14    15     390    (-,-) 
  m_uint/m_core/g14365__2883/Y                                     -       A1N->Y R     AOI2BB1X1      1  0.5    14    22     412    (-,-) 
  m_uint/m_core/g14351__1705/Y                                     -       A1->Y  F     OAI21X1        1  1.0    24    21     432    (-,-) 
  m_uint/m_core/WALLACE_CSA_DUMMY_OP7_groupi_cdnfadd_007_0__6161/S -       B->S   R     ADDFXL         1  0.7    12    62     495    (-,-) 
  m_uint/m_core/WALLACE_CSA_DUMMY_OP7_groupi_cdnfadd_007_1__9315/S -       CI->S  F     ADDFXL         2  0.8    13    55     550    (-,-) 
  m_uint/m_core/WALLACE_CSA_DUMMY_OP7_groupi_g5475__1705/Y         -       B->Y   R     NAND2X1        2  0.8    12    11     561    (-,-) 
  m_uint/m_core/WALLACE_CSA_DUMMY_OP7_groupi_g5474/Y               -       A->Y   F     INVXL          1  0.4     7    10     571    (-,-) 
  m_uint/m_core/WALLACE_CSA_DUMMY_OP7_groupi_g5464__5526/Y         -       B->Y   R     NOR2X1         1  0.6    15    13     583    (-,-) 
  m_uint/m_core/WALLACE_CSA_DUMMY_OP7_groupi_g5446__2346/Y         -       S0->Y  R     MXI2XL         2  0.6    26    24     607    (-,-) 
  g1819__5526/Y                                                    -       A->Y   F     XNOR2X2        1 50.0   181   149     756    (-,-) 
  R[7]                                                             -       -      F     (port)         -    -     -     0     756    (-,-) 
#------------------------------------------------------------------------------------------------------------------------------------------



Path 9: VIOLATED (-1 ps) Late External Delay Assertion at pin R[8]
          Group: vclk
     Startpoint: (R) B[0]
          Clock: (R) vclk
       Endpoint: (F) R[8]
          Clock: (R) vclk

                     Capture       Launch     
        Clock Edge:+    1000            0     
        Drv Adjust:+       0            0     
       Src Latency:+       0            0     
       Net Latency:+       0 (I)        0 (I) 
           Arrival:=    1000            0     
                                              
      Output Delay:-     200                  
       Uncertainty:-      50                  
     Required Time:=     750                  
      Launch Clock:-       0                  
       Input Delay:-     200                  
         Data Path:-     551                  
             Slack:=      -1                  

Exceptions/Constraints:
  input_delay              200             acbam_int8.sdc_line_14_15_1 
  output_delay             200             acbam_int8.sdc_line_15_27_1 

#------------------------------------------------------------------------------------------------------------------------------------------
#                          Timing Point                            Flags    Arc   Edge   Cell     Fanout Load Trans Delay Arrival Instance 
#                                                                                                        (fF)  (ps)  (ps)   (ps)  Location 
#------------------------------------------------------------------------------------------------------------------------------------------
  B[0]                                                             -       -      R     (arrival)     12 11.7     0     0     200    (-,-) 
  g2654__8246/Y                                                    -       A->Y   F     NOR2X8         3  2.5     7     9     209    (-,-) 
  g2638__6417/Y                                                    -       A->Y   R     NOR2X4         1  0.6     8    12     221    (-,-) 
  g2668__7482/Y                                                    -       B->Y   F     XOR2XL         3  1.5    19    39     260    (-,-) 
  m_uint/m_core/g14722__4319/Y                                     -       B->Y   F     OR2X1          1  0.4     7    29     288    (-,-) 
  m_uint/m_core/g14690__2802/Y                                     -       A->Y   R     NAND2X1        7  2.5    23    17     305    (-,-) 
  m_uint/m_core/g14619__7482/Y                                     -       B->Y   F     NAND2XL        2  0.7    22    22     327    (-,-) 
  m_uint/m_core/g14500__2802/Y                                     -       B0->Y  R     OAI2BB1X1      3  1.2    16    17     344    (-,-) 
  m_uint/m_core/g14801__2346/Y                                     -       A->Y   R     OR2XL          4  1.5    20    25     369    (-,-) 
  m_uint/m_core/g14408__5477/Y                                     -       B->Y   F     NOR2XL         1  0.2     7    12     381    (-,-) 
  m_uint/m_core/g14365__2883/Y                                     -       A1N->Y F     AOI2BB1X1      1  0.4    10    27     408    (-,-) 
  m_uint/m_core/g14351__1705/Y                                     -       A1->Y  R     OAI21X1        1  1.1    27    21     430    (-,-) 
  m_uint/m_core/WALLACE_CSA_DUMMY_OP7_groupi_cdnfadd_007_0__6161/S -       B->S   F     ADDFXL         1  0.7    12    61     491    (-,-) 
  m_uint/m_core/WALLACE_CSA_DUMMY_OP7_groupi_cdnfadd_007_1__9315/S -       CI->S  R     ADDFXL         2  1.0    16    58     549    (-,-) 
  m_uint/m_core/WALLACE_CSA_DUMMY_OP7_groupi_g5475__1705/Y         -       B->Y   F     NAND2X1        2  0.6    15    16     565    (-,-) 
  m_uint/m_core/WALLACE_CSA_DUMMY_OP7_groupi_g5474/Y               -       A->Y   R     INVXL          1  0.5     9    11     576    (-,-) 
  m_uint/m_core/WALLACE_CSA_DUMMY_OP7_groupi_g5464__5526/Y         -       B->Y   F     NOR2X1         1  0.5    11     9     585    (-,-) 
  m_uint/m_core/WALLACE_CSA_DUMMY_OP7_groupi_g5446__2346/Y         -       S0->Y  F     MXI2XL         2  0.5    23    22     607    (-,-) 
  g1825__1705/Y                                                    -       B->Y   F     OR2XL          2  0.6     9    26     633    (-,-) 
  g1824/Y                                                          -       A->Y   R     INVXL          1  0.5     8    10     643    (-,-) 
  g1821__3680/Y                                                    -       B->Y   F     NOR2X1         1  0.7    13    10     652    (-,-) 
  g1815__6260/Y                                                    -       B->Y   F     XOR2X4         1 50.0   106    99     751    (-,-) 
  R[8]                                                             -       -      F     (port)         -    -     -     0     751    (-,-) 
#------------------------------------------------------------------------------------------------------------------------------------------



Path 10: MET (22 ps) Late External Delay Assertion at pin R[6]
          Group: vclk
     Startpoint: (R) A[7]
          Clock: (R) vclk
       Endpoint: (F) R[6]
          Clock: (R) vclk

                     Capture       Launch     
        Clock Edge:+    1000            0     
        Drv Adjust:+       0            0     
       Src Latency:+       0            0     
       Net Latency:+       0 (I)        0 (I) 
           Arrival:=    1000            0     
                                              
      Output Delay:-     200                  
       Uncertainty:-      50                  
     Required Time:=     750                  
      Launch Clock:-       0                  
       Input Delay:-     200                  
         Data Path:-     528                  
             Slack:=      22                  

Exceptions/Constraints:
  input_delay              200             acbam_int8.sdc_line_14      
  output_delay             200             acbam_int8.sdc_line_15_29_1 

#-----------------------------------------------------------------------------------------------------------------------------------------
#                          Timing Point                            Flags   Arc   Edge   Cell     Fanout Load Trans Delay Arrival Instance 
#                                                                                                       (fF)  (ps)  (ps)   (ps)  Location 
#-----------------------------------------------------------------------------------------------------------------------------------------
  A[7]                                                             -       -     R     (arrival)      6  2.9     0     0     200    (-,-) 
  g2660/Y                                                          -       A->Y  F     INVX1          3  1.1     8     8     208    (-,-) 
  g2637__7410/Y                                                    -       A->Y  R     NOR2X1         1  0.6    14    15     223    (-,-) 
  g2624__6131/Y                                                    -       B->Y  F     XNOR2X1        5  2.0    17    37     260    (-,-) 
  m_uint/m_core/g14757/Y                                           -       A->Y  R     INVX2          6  2.6    13    13     273    (-,-) 
  m_uint/m_core/g14677__7410/Y                                     -       B->Y  F     NOR2X1         1  0.4     9    10     283    (-,-) 
  m_uint/m_core/g14673__9945/Y                                     -       B0->Y R     AOI21X1        2  0.6    18    16     299    (-,-) 
  m_uint/m_core/g14609__3680/Y                                     -       AN->Y R     NOR2BX1        1  0.9    20    27     326    (-,-) 
  m_uint/m_core/g14436__6161/Y                                     -       B->Y  F     NAND2X2        2  1.3    17    18     343    (-,-) 
  m_uint/m_core/g14398__1666/Y                                     -       B->Y  R     NOR2X2         2  0.9    14    14     358    (-,-) 
  m_uint/m_core/g14352__5122/Y                                     -       S0->Y R     MXI2XL         1  0.5    24    22     380    (-,-) 
  m_uint/m_core/g14343__8428/Y                                     -       A1->Y F     OAI21X1        1  1.0    23    24     404    (-,-) 
  m_uint/m_core/WALLACE_CSA_DUMMY_OP7_groupi_cdnfadd_006_0__7482/S -       B->S  R     ADDFXL         1  0.7    12    62     466    (-,-) 
  m_uint/m_core/WALLACE_CSA_DUMMY_OP7_groupi_cdnfadd_006_1__4733/S -       CI->S F     ADDFXL         2  0.7    12    54     520    (-,-) 
  m_uint/m_core/WALLACE_CSA_DUMMY_OP7_groupi_g5477__8246/Y         -       B->Y  F     AND2XL         2  0.7    10    18     538    (-,-) 
  m_uint/m_core/WALLACE_CSA_DUMMY_OP7_groupi_g5465__6783/Y         -       B->Y  R     NOR2XL         1  0.6    20    16     555    (-,-) 
  m_uint/m_core/WALLACE_CSA_DUMMY_OP7_groupi_g5460__5107/Y         -       S0->Y R     MXI2XL         2  0.6    26    24     579    (-,-) 
  g1822__1617/Y                                                    -       A->Y  F     XNOR2X2        1 50.0   181   149     728    (-,-) 
  R[6]                                                             -       -     F     (port)         -    -     -     0     728    (-,-) 
#-----------------------------------------------------------------------------------------------------------------------------------------



Path 11: MET (35 ps) Late External Delay Assertion at pin R[5]
          Group: vclk
     Startpoint: (F) Conf_Bit_Mask[0]
          Clock: (R) vclk
       Endpoint: (R) R[5]
          Clock: (R) vclk

                     Capture       Launch     
        Clock Edge:+    1000            0     
        Drv Adjust:+       0            0     
       Src Latency:+       0            0     
       Net Latency:+       0 (I)        0 (I) 
           Arrival:=    1000            0     
                                              
      Output Delay:-     200                  
       Uncertainty:-      50                  
     Required Time:=     750                  
      Launch Clock:-       0                  
       Input Delay:-     200                  
         Data Path:-     515                  
             Slack:=      35                  

Exceptions/Constraints:
  input_delay              200             acbam_int8.sdc_line_14_21_1 
  output_delay             200             acbam_int8.sdc_line_15_30_1 

#-----------------------------------------------------------------------------------------------------
#        Timing Point          Flags   Arc   Edge   Cell     Fanout Load Trans Delay Arrival Instance 
#                                                                   (fF)  (ps)  (ps)   (ps)  Location 
#-----------------------------------------------------------------------------------------------------
  Conf_Bit_Mask[0]             -       -     F     (arrival)      3  1.4     0     0     200    (-,-) 
  m_uint/m_core/g14791__8246/Y -       A->Y  R     NOR2X1         2  0.8    16    15     215    (-,-) 
  m_uint/m_core/fopt14847/Y    -       A->Y  F     INVXL          2  0.6    10    12     227    (-,-) 
  m_uint/m_core/fopt14846/Y    -       A->Y  R     CLKINVX1       2  1.0     9    10     237    (-,-) 
  m_uint/m_core/g14608__6783/Y -       B->Y  F     NOR2X1         1  0.4     9     9     246    (-,-) 
  m_uint/m_core/g14584__9945/Y -       B->Y  R     NOR2X1         1  0.5    13    13     259    (-,-) 
  m_uint/m_core/g14561__1705/Y -       B->Y  F     NOR2X1         2  0.7    11    11     270    (-,-) 
  m_uint/m_core/g14488__6417/Y -       B->Y  R     NOR2X1         1  0.5    14    13     283    (-,-) 
  m_uint/m_core/g14485__7410/Y -       B->Y  F     NAND2X1        2  1.0    20    18     301    (-,-) 
  m_uint/m_core/fopt14844/Y    -       A->Y  R     CLKINVX2       4  2.0    12    13     314    (-,-) 
  m_uint/m_core/fopt14843/Y    -       A->Y  F     CLKINVX1       2  0.7     7    10     324    (-,-) 
  m_uint/m_core/fopt14842/Y    -       A->Y  F     CLKBUFX2       2  0.8     7    22     346    (-,-) 
  m_uint/m_core/fopt14841/Y    -       A->Y  F     CLKBUFX2       2  0.9     7    22     368    (-,-) 
  m_uint/m_core/fopt14840/Y    -       A->Y  R     CLKINVX1       2  0.8     8     9     376    (-,-) 
  m_uint/m_core/g14433__7482/Y -       B->Y  R     AND3X4         3 50.6   100   102     478    (-,-) 
  g1849__6260/Y                -       A->Y  F     NOR2XL         2  0.6    26    44     521    (-,-) 
  g1844__6417/Y                -       B->Y  R     NAND2BX1       2  0.8    13    15     537    (-,-) 
  g1840__2883/Y                -       A->Y  F     NOR2X1         2  0.6    10    12     549    (-,-) 
  g1865__5526/Y                -       B->Y  R     NAND2BX1       2  0.8    11    10     559    (-,-) 
  g1833__7482/Y                -       B->Y  F     NAND2XL        1  0.3    13    13     573    (-,-) 
  g1826__5122/Y                -       A->Y  R     XNOR2X2        1 50.0   176   142     715    (-,-) 
  R[5]                         -       -     R     (port)         -    -     -     0     715    (-,-) 
#-----------------------------------------------------------------------------------------------------



Path 12: MET (38 ps) Late External Delay Assertion at pin R[4]
          Group: vclk
     Startpoint: (F) Conf_Bit_Mask[0]
          Clock: (R) vclk
       Endpoint: (R) R[4]
          Clock: (R) vclk

                     Capture       Launch     
        Clock Edge:+    1000            0     
        Drv Adjust:+       0            0     
       Src Latency:+       0            0     
       Net Latency:+       0 (I)        0 (I) 
           Arrival:=    1000            0     
                                              
      Output Delay:-     200                  
       Uncertainty:-      50                  
     Required Time:=     750                  
      Launch Clock:-       0                  
       Input Delay:-     200                  
         Data Path:-     512                  
             Slack:=      38                  

Exceptions/Constraints:
  input_delay              200             acbam_int8.sdc_line_14_21_1 
  output_delay             200             acbam_int8.sdc_line_15_31_1 

#-----------------------------------------------------------------------------------------------------
#        Timing Point          Flags   Arc   Edge   Cell     Fanout Load Trans Delay Arrival Instance 
#                                                                   (fF)  (ps)  (ps)   (ps)  Location 
#-----------------------------------------------------------------------------------------------------
  Conf_Bit_Mask[0]             -       -     F     (arrival)      3  1.4     0     0     200    (-,-) 
  m_uint/m_core/g14791__8246/Y -       A->Y  R     NOR2X1         2  0.8    16    15     215    (-,-) 
  m_uint/m_core/fopt14847/Y    -       A->Y  F     INVXL          2  0.6    10    12     227    (-,-) 
  m_uint/m_core/fopt14846/Y    -       A->Y  R     CLKINVX1       2  1.0     9    10     237    (-,-) 
  m_uint/m_core/g14608__6783/Y -       B->Y  F     NOR2X1         1  0.4     9     9     246    (-,-) 
  m_uint/m_core/g14584__9945/Y -       B->Y  R     NOR2X1         1  0.5    13    13     259    (-,-) 
  m_uint/m_core/g14561__1705/Y -       B->Y  F     NOR2X1         2  0.7    11    11     270    (-,-) 
  m_uint/m_core/g14488__6417/Y -       B->Y  R     NOR2X1         1  0.5    14    13     283    (-,-) 
  m_uint/m_core/g14485__7410/Y -       B->Y  F     NAND2X1        2  1.0    20    18     301    (-,-) 
  m_uint/m_core/fopt14844/Y    -       A->Y  R     CLKINVX2       4  2.0    12    13     314    (-,-) 
  m_uint/m_core/fopt14843/Y    -       A->Y  F     CLKINVX1       2  0.7     7    10     324    (-,-) 
  m_uint/m_core/fopt14842/Y    -       A->Y  F     CLKBUFX2       2  0.8     7    22     346    (-,-) 
  m_uint/m_core/fopt14841/Y    -       A->Y  F     CLKBUFX2       2  0.9     7    22     368    (-,-) 
  m_uint/m_core/fopt14840/Y    -       A->Y  R     CLKINVX1       2  0.8     8     9     376    (-,-) 
  m_uint/m_core/g14433__7482/Y -       B->Y  R     AND3X4         3 50.6   100   102     478    (-,-) 
  g1849__6260/Y                -       A->Y  F     NOR2XL         2  0.6    26    44     521    (-,-) 
  g1844__6417/Y                -       B->Y  R     NAND2BX1       2  0.8    13    15     537    (-,-) 
  g1840__2883/Y                -       A->Y  F     NOR2X1         2  0.6    10    12     549    (-,-) 
  g1837__9945/Y                -       B->Y  F     OR2XL          1  0.3     6    22     571    (-,-) 
  g1829__6131/Y                -       A->Y  R     XNOR2X2        1 50.0   176   141     712    (-,-) 
  R[4]                         -       -     R     (port)         -    -     -     0     712    (-,-) 
#-----------------------------------------------------------------------------------------------------



Path 13: MET (58 ps) Late External Delay Assertion at pin R[3]
          Group: vclk
     Startpoint: (F) Conf_Bit_Mask[0]
          Clock: (R) vclk
       Endpoint: (R) R[3]
          Clock: (R) vclk

                     Capture       Launch     
        Clock Edge:+    1000            0     
        Drv Adjust:+       0            0     
       Src Latency:+       0            0     
       Net Latency:+       0 (I)        0 (I) 
           Arrival:=    1000            0     
                                              
      Output Delay:-     200                  
       Uncertainty:-      50                  
     Required Time:=     750                  
      Launch Clock:-       0                  
       Input Delay:-     200                  
         Data Path:-     492                  
             Slack:=      58                  

Exceptions/Constraints:
  input_delay              200             acbam_int8.sdc_line_14_21_1 
  output_delay             200             acbam_int8.sdc_line_15_32_1 

#-----------------------------------------------------------------------------------------------------
#        Timing Point          Flags   Arc   Edge   Cell     Fanout Load Trans Delay Arrival Instance 
#                                                                   (fF)  (ps)  (ps)   (ps)  Location 
#-----------------------------------------------------------------------------------------------------
  Conf_Bit_Mask[0]             -       -     F     (arrival)      3  1.4     0     0     200    (-,-) 
  m_uint/m_core/g14791__8246/Y -       A->Y  R     NOR2X1         2  0.8    16    15     215    (-,-) 
  m_uint/m_core/fopt14847/Y    -       A->Y  F     INVXL          2  0.6    10    12     227    (-,-) 
  m_uint/m_core/fopt14846/Y    -       A->Y  R     CLKINVX1       2  1.0     9    10     237    (-,-) 
  m_uint/m_core/g14608__6783/Y -       B->Y  F     NOR2X1         1  0.4     9     9     246    (-,-) 
  m_uint/m_core/g14584__9945/Y -       B->Y  R     NOR2X1         1  0.5    13    13     259    (-,-) 
  m_uint/m_core/g14561__1705/Y -       B->Y  F     NOR2X1         2  0.7    11    11     270    (-,-) 
  m_uint/m_core/g14488__6417/Y -       B->Y  R     NOR2X1         1  0.5    14    13     283    (-,-) 
  m_uint/m_core/g14485__7410/Y -       B->Y  F     NAND2X1        2  1.0    20    18     301    (-,-) 
  m_uint/m_core/fopt14844/Y    -       A->Y  R     CLKINVX2       4  2.0    12    13     314    (-,-) 
  m_uint/m_core/fopt14843/Y    -       A->Y  F     CLKINVX1       2  0.7     7    10     324    (-,-) 
  m_uint/m_core/fopt14842/Y    -       A->Y  F     CLKBUFX2       2  0.8     7    22     346    (-,-) 
  m_uint/m_core/fopt14841/Y    -       A->Y  F     CLKBUFX2       2  0.9     7    22     368    (-,-) 
  m_uint/m_core/fopt14840/Y    -       A->Y  R     CLKINVX1       2  0.8     8     9     376    (-,-) 
  m_uint/m_core/g14433__7482/Y -       B->Y  R     AND3X4         3 50.6   100   102     478    (-,-) 
  g1849__6260/Y                -       A->Y  F     NOR2XL         2  0.6    26    44     521    (-,-) 
  g1844__6417/Y                -       B->Y  R     NAND2BX1       2  0.8    13    15     537    (-,-) 
  g1843__7410/Y                -       B->Y  F     NAND2XL        1  0.3    13    14     550    (-,-) 
  g1835__6161/Y                -       A->Y  R     XNOR2X2        1 50.0   176   142     692    (-,-) 
  R[3]                         -       -     R     (port)         -    -     -     0     692    (-,-) 
#-----------------------------------------------------------------------------------------------------



Path 14: MET (62 ps) Late External Delay Assertion at pin R[2]
          Group: vclk
     Startpoint: (F) Conf_Bit_Mask[0]
          Clock: (R) vclk
       Endpoint: (F) R[2]
          Clock: (R) vclk

                     Capture       Launch     
        Clock Edge:+    1000            0     
        Drv Adjust:+       0            0     
       Src Latency:+       0            0     
       Net Latency:+       0 (I)        0 (I) 
           Arrival:=    1000            0     
                                              
      Output Delay:-     200                  
       Uncertainty:-      50                  
     Required Time:=     750                  
      Launch Clock:-       0                  
       Input Delay:-     200                  
         Data Path:-     488                  
             Slack:=      62                  

Exceptions/Constraints:
  input_delay              200             acbam_int8.sdc_line_14_21_1 
  output_delay             200             acbam_int8.sdc_line_15_33_1 

#-----------------------------------------------------------------------------------------------------
#        Timing Point          Flags   Arc   Edge   Cell     Fanout Load Trans Delay Arrival Instance 
#                                                                   (fF)  (ps)  (ps)   (ps)  Location 
#-----------------------------------------------------------------------------------------------------
  Conf_Bit_Mask[0]             -       -     F     (arrival)      3  1.4     0     0     200    (-,-) 
  m_uint/m_core/g14791__8246/Y -       A->Y  R     NOR2X1         2  0.8    16    15     215    (-,-) 
  m_uint/m_core/fopt14847/Y    -       A->Y  F     INVXL          2  0.6    10    12     227    (-,-) 
  m_uint/m_core/fopt14846/Y    -       A->Y  R     CLKINVX1       2  1.0     9    10     237    (-,-) 
  m_uint/m_core/g14608__6783/Y -       B->Y  F     NOR2X1         1  0.4     9     9     246    (-,-) 
  m_uint/m_core/g14584__9945/Y -       B->Y  R     NOR2X1         1  0.5    13    13     259    (-,-) 
  m_uint/m_core/g14561__1705/Y -       B->Y  F     NOR2X1         2  0.7    11    11     270    (-,-) 
  m_uint/m_core/g14488__6417/Y -       B->Y  R     NOR2X1         1  0.5    14    13     283    (-,-) 
  m_uint/m_core/g14485__7410/Y -       B->Y  F     NAND2X1        2  1.0    20    18     301    (-,-) 
  m_uint/m_core/fopt14844/Y    -       A->Y  R     CLKINVX2       4  2.0    12    13     314    (-,-) 
  m_uint/m_core/fopt14843/Y    -       A->Y  F     CLKINVX1       2  0.7     7    10     324    (-,-) 
  m_uint/m_core/fopt14842/Y    -       A->Y  F     CLKBUFX2       2  0.8     7    22     346    (-,-) 
  m_uint/m_core/fopt14841/Y    -       A->Y  F     CLKBUFX2       2  0.9     7    22     368    (-,-) 
  m_uint/m_core/fopt14840/Y    -       A->Y  R     CLKINVX1       2  0.8     8     9     376    (-,-) 
  m_uint/m_core/g14433__7482/Y -       B->Y  R     AND3X4         3 50.6   100   102     478    (-,-) 
  g1849__6260/Y                -       A->Y  F     NOR2XL         2  0.6    26    44     521    (-,-) 
  g1842__1666/Y                -       B->Y  R     NOR2XL         1  0.3    15    18     540    (-,-) 
  g1836__9315/Y                -       A->Y  F     CLKXOR2X2      1 50.0   181   148     688    (-,-) 
  R[2]                         -       -     F     (port)         -    -     -     0     688    (-,-) 
#-----------------------------------------------------------------------------------------------------



Path 15: MET (85 ps) Late External Delay Assertion at pin R[1]
          Group: vclk
     Startpoint: (F) Conf_Bit_Mask[0]
          Clock: (R) vclk
       Endpoint: (R) R[1]
          Clock: (R) vclk

                     Capture       Launch     
        Clock Edge:+    1000            0     
        Drv Adjust:+       0            0     
       Src Latency:+       0            0     
       Net Latency:+       0 (I)        0 (I) 
           Arrival:=    1000            0     
                                              
      Output Delay:-     200                  
       Uncertainty:-      50                  
     Required Time:=     750                  
      Launch Clock:-       0                  
       Input Delay:-     200                  
         Data Path:-     465                  
             Slack:=      85                  

Exceptions/Constraints:
  input_delay              200             acbam_int8.sdc_line_14_21_1 
  output_delay             200             acbam_int8.sdc_line_15_34_1 

#-----------------------------------------------------------------------------------------------------
#        Timing Point          Flags   Arc   Edge   Cell     Fanout Load Trans Delay Arrival Instance 
#                                                                   (fF)  (ps)  (ps)   (ps)  Location 
#-----------------------------------------------------------------------------------------------------
  Conf_Bit_Mask[0]             -       -     F     (arrival)      3  1.4     0     0     200    (-,-) 
  m_uint/m_core/g14791__8246/Y -       A->Y  R     NOR2X1         2  0.8    16    15     215    (-,-) 
  m_uint/m_core/fopt14847/Y    -       A->Y  F     INVXL          2  0.6    10    12     227    (-,-) 
  m_uint/m_core/fopt14846/Y    -       A->Y  R     CLKINVX1       2  1.0     9    10     237    (-,-) 
  m_uint/m_core/g14608__6783/Y -       B->Y  F     NOR2X1         1  0.4     9     9     246    (-,-) 
  m_uint/m_core/g14584__9945/Y -       B->Y  R     NOR2X1         1  0.5    13    13     259    (-,-) 
  m_uint/m_core/g14561__1705/Y -       B->Y  F     NOR2X1         2  0.7    11    11     270    (-,-) 
  m_uint/m_core/g14488__6417/Y -       B->Y  R     NOR2X1         1  0.5    14    13     283    (-,-) 
  m_uint/m_core/g14485__7410/Y -       B->Y  F     NAND2X1        2  1.0    20    18     301    (-,-) 
  m_uint/m_core/fopt14844/Y    -       A->Y  R     CLKINVX2       4  2.0    12    13     314    (-,-) 
  m_uint/m_core/fopt14843/Y    -       A->Y  F     CLKINVX1       2  0.7     7    10     324    (-,-) 
  m_uint/m_core/fopt14842/Y    -       A->Y  F     CLKBUFX2       2  0.8     7    22     346    (-,-) 
  m_uint/m_core/fopt14841/Y    -       A->Y  F     CLKBUFX2       2  0.9     7    22     368    (-,-) 
  m_uint/m_core/fopt14840/Y    -       A->Y  R     CLKINVX1       2  0.8     8     9     376    (-,-) 
  m_uint/m_core/g14433__7482/Y -       B->Y  R     AND3X4         3 50.6   100   102     478    (-,-) 
  g1841__2346/Y                -       B->Y  F     NAND2XL        1  0.3    23    44     522    (-,-) 
  g1834__4733/Y                -       A->Y  R     XNOR2X2        1 50.0   176   143     665    (-,-) 
  R[1]                         -       -     R     (port)         -    -     -     0     665    (-,-) 
#-----------------------------------------------------------------------------------------------------



Path 16: MET (272 ps) Late External Delay Assertion at pin R[0]
          Group: vclk
     Startpoint: (F) Conf_Bit_Mask[0]
          Clock: (R) vclk
       Endpoint: (R) R[0]
          Clock: (R) vclk

                     Capture       Launch     
        Clock Edge:+    1000            0     
        Drv Adjust:+       0            0     
       Src Latency:+       0            0     
       Net Latency:+       0 (I)        0 (I) 
           Arrival:=    1000            0     
                                              
      Output Delay:-     200                  
       Uncertainty:-      50                  
     Required Time:=     750                  
      Launch Clock:-       0                  
       Input Delay:-     200                  
         Data Path:-     278                  
             Slack:=     272                  

Exceptions/Constraints:
  input_delay              200             acbam_int8.sdc_line_14_21_1 
  output_delay             200             acbam_int8.sdc_line_15_35_1 

#-----------------------------------------------------------------------------------------------------
#        Timing Point          Flags   Arc   Edge   Cell     Fanout Load Trans Delay Arrival Instance 
#                                                                   (fF)  (ps)  (ps)   (ps)  Location 
#-----------------------------------------------------------------------------------------------------
  Conf_Bit_Mask[0]             -       -     F     (arrival)      3  1.4     0     0     200    (-,-) 
  m_uint/m_core/g14791__8246/Y -       A->Y  R     NOR2X1         2  0.8    16    15     215    (-,-) 
  m_uint/m_core/fopt14847/Y    -       A->Y  F     INVXL          2  0.6    10    12     227    (-,-) 
  m_uint/m_core/fopt14846/Y    -       A->Y  R     CLKINVX1       2  1.0     9    10     237    (-,-) 
  m_uint/m_core/g14608__6783/Y -       B->Y  F     NOR2X1         1  0.4     9     9     246    (-,-) 
  m_uint/m_core/g14584__9945/Y -       B->Y  R     NOR2X1         1  0.5    13    13     259    (-,-) 
  m_uint/m_core/g14561__1705/Y -       B->Y  F     NOR2X1         2  0.7    11    11     270    (-,-) 
  m_uint/m_core/g14488__6417/Y -       B->Y  R     NOR2X1         1  0.5    14    13     283    (-,-) 
  m_uint/m_core/g14485__7410/Y -       B->Y  F     NAND2X1        2  1.0    20    18     301    (-,-) 
  m_uint/m_core/fopt14844/Y    -       A->Y  R     CLKINVX2       4  2.0    12    13     314    (-,-) 
  m_uint/m_core/fopt14843/Y    -       A->Y  F     CLKINVX1       2  0.7     7    10     324    (-,-) 
  m_uint/m_core/fopt14842/Y    -       A->Y  F     CLKBUFX2       2  0.8     7    22     346    (-,-) 
  m_uint/m_core/fopt14841/Y    -       A->Y  F     CLKBUFX2       2  0.9     7    22     368    (-,-) 
  m_uint/m_core/fopt14840/Y    -       A->Y  R     CLKINVX1       2  0.8     8     9     376    (-,-) 
  m_uint/m_core/g14433__7482/Y -       B->Y  R     AND3X4         3 50.6   100   102     478    (-,-) 
  R[0]                         -       -     R     (port)         -    -     -     0     478    (-,-) 
#-----------------------------------------------------------------------------------------------------

