============================================================
  Generated by:           Genus(TM) Synthesis Solution 21.10-p002_1
  Generated on:           Jun 19 2026  11:16:00 am
  Module:                 acbam_int8
  Technology library:     fast_vdd1v0 1.0
  Operating conditions:   PVT_1P1V_0C (balanced_tree)
  Wireload mode:          enclosed
  Area mode:              timing library
============================================================

                                 Leakage  
   Gate    Instances    Area   Power (nW)     Library    
---------------------------------------------------------
ADDFHXL            1     7.524      0.390    fast_vdd1v0 
ADDFX1             8    41.040      2.630    fast_vdd1v0 
ADDFXL            16   109.440      4.916    fast_vdd1v0 
AND2X1             4     5.472      0.338    fast_vdd1v0 
AND2XL            12    16.416      0.855    fast_vdd1v0 
AND3X4             1     3.078      0.225    fast_vdd1v0 
AOI21X1           14    23.940      1.542    fast_vdd1v0 
AOI21X2            2     5.472      0.355    fast_vdd1v0 
AOI21XL            8    13.680      0.614    fast_vdd1v0 
AOI22XL            1     2.052      0.085    fast_vdd1v0 
AOI2BB1X1          4     8.208      0.491    fast_vdd1v0 
AOI2BB1XL          2     4.104      0.202    fast_vdd1v0 
AOI2BB2X1          1     3.420      0.195    fast_vdd1v0 
AOI31X1            1     2.052      0.138    fast_vdd1v0 
AOI31XL            1     2.736      0.079    fast_vdd1v0 
CLKAND2X2          1     2.052      0.134    fast_vdd1v0 
CLKBUFX2          10    17.100      1.181    fast_vdd1v0 
CLKINVX1           8     8.208      0.363    fast_vdd1v0 
CLKINVX12          1     4.104      0.497    fast_vdd1v0 
CLKINVX2           2     2.736      0.173    fast_vdd1v0 
CLKINVX3           1     1.710      0.126    fast_vdd1v0 
CLKINVX8           2     6.156      0.662    fast_vdd1v0 
CLKXOR2X1          6    16.416      1.071    fast_vdd1v0 
CLKXOR2X2          1     3.420      0.220    fast_vdd1v0 
INVX1             44    30.096      2.063    fast_vdd1v0 
INVX2              6     6.156      0.519    fast_vdd1v0 
INVXL             82    56.088      2.733    fast_vdd1v0 
MXI2X1             1     2.736      0.146    fast_vdd1v0 
MXI2X8             3    18.468      1.574    fast_vdd1v0 
MXI2XL            13    31.122      1.430    fast_vdd1v0 
NAND2BX1          16    21.888      1.723    fast_vdd1v0 
NAND2BX2           1     2.394      0.178    fast_vdd1v0 
NAND2BX4           1     3.762      0.310    fast_vdd1v0 
NAND2BXL           6     8.208      0.466    fast_vdd1v0 
NAND2X1           52    53.352      3.618    fast_vdd1v0 
NAND2X2            6    10.260      0.799    fast_vdd1v0 
NAND2XL           48    49.248      2.240    fast_vdd1v0 
NAND3BX1           1     2.052      0.116    fast_vdd1v0 
NAND3BXL           4     6.840      0.354    fast_vdd1v0 
NAND3X1            3     5.130      0.269    fast_vdd1v0 
NAND3XL            3     5.130      0.167    fast_vdd1v0 
NOR2BX1           11    15.048      1.121    fast_vdd1v0 
NOR2BX2            1     2.736      0.179    fast_vdd1v0 
NOR2BXL            1     1.710      0.092    fast_vdd1v0 
NOR2X1            66    67.716      4.572    fast_vdd1v0 
NOR2X2            14    23.940      1.879    fast_vdd1v0 
NOR2X4             1     3.078      0.290    fast_vdd1v0 
NOR2X6             1     4.104      0.372    fast_vdd1v0 
NOR2X8             1     5.472      0.495    fast_vdd1v0 
NOR2XL            62    63.612      2.940    fast_vdd1v0 
NOR3BXL            1     2.052      0.111    fast_vdd1v0 
NOR3X1             2     3.420      0.188    fast_vdd1v0 
NOR3X2             1     2.736      0.154    fast_vdd1v0 
NOR3X6             1     7.182      0.456    fast_vdd1v0 
NOR3XL             2     3.420      0.122    fast_vdd1v0 
NOR4X1             1     1.710      0.111    fast_vdd1v0 
OA21X1             1     2.052      0.109    fast_vdd1v0 
OAI21X1           17    29.070      1.617    fast_vdd1v0 
OAI21X2            3     9.234      0.565    fast_vdd1v0 
OAI21XL            3     5.130      0.205    fast_vdd1v0 
OAI22X1            1     2.052      0.119    fast_vdd1v0 
OAI22XL            1     2.052      0.081    fast_vdd1v0 
OAI2BB1X1         15    25.650      1.746    fast_vdd1v0 
OAI2BB1X2          1     3.078      0.180    fast_vdd1v0 
OAI2BB1XL          1     2.052      0.087    fast_vdd1v0 
OR2X1              2     2.736      0.218    fast_vdd1v0 
OR2XL              8    10.944      0.677    fast_vdd1v0 
OR4X1              1     2.052      0.105    fast_vdd1v0 
XNOR2X1           24    57.456      4.244    fast_vdd1v0 
XNOR2X2            7    21.546      1.534    fast_vdd1v0 
XNOR2X4            1     3.762      0.325    fast_vdd1v0 
XNOR2XL            3     8.208      0.520    fast_vdd1v0 
XNOR3XL            1     7.524      0.376    fast_vdd1v0 
XOR2X4             1     4.104      0.325    fast_vdd1v0 
XOR2XL            12    32.832      1.975    fast_vdd1v0 
---------------------------------------------------------
total            667  1062.936     64.273                


                                           Leakage  Leakage 
     Type      Instances   Area   Area % Power (nW) Power % 
------------------------------------------------------------
inverter             146  115.254   10.8      7.136    11.1 
buffer                10   17.100    1.6      1.181     1.8 
logic                511  930.582   87.5     55.957    87.1 
physical_cells         0    0.000    0.0      0.000     0.0 
------------------------------------------------------------
total                667 1062.936  100.0     64.273   100.0 

