

Working Directory = /home/redhat315bd/physical_design_nipun/Physical_design
QoS Summary for floating_point_mul_p_0_L5
================================================================================
Metric                          floating_point_mul_p_0_L5_syn_generic floating_point_mul_p_0_L5_syn_map floating_point_mul_p_0_L5_syn_opt
================================================================================
Slack (ps):                      -692            -589            -378
  R2R (ps):                  no_value        no_value        no_value
  I2R (ps):                  no_value        no_value        no_value
  R2O (ps):                  no_value        no_value        no_value
  I2O (ps):                      -692            -589            -378
  CG  (ps):                  no_value        no_value        no_value
TNS (ps):                     -21,214         -18,115         -11,561
  R2R (ps):                  no_value        no_value        no_value
  I2R (ps):                  no_value        no_value        no_value
  R2O (ps):                  no_value        no_value        no_value
  I2O (ps):                   -21,214         -18,115         -11,561
  CG  (ps):                  no_value        no_value        no_value
Failing Paths:                     31              31              31
Cell Area:                      7,128           3,662           6,457
Total Cell Area:                7,128           3,662           6,457
Leaf Instances:                 2,661           1,450           2,247
Total Instances:                2,661           1,450           2,247
Utilization (%):                 0.00            0.00            0.00
Tot. Net Length (um):        no_value        no_value        no_value
Avg. Net Length (um):        no_value        no_value        no_value
Route Overflow H (%):        no_value        no_value        no_value
Route Overflow V (%):        no_value        no_value        no_value
MBCI(%) (bits/gate) :            0.00            0.00            0.00
Norm Cong Hotspot Area:
  Max Cong:                  no_value        no_value        no_value
  Tot Cong:                  no_value        no_value        no_value
================================================================================
CPU  Runtime (h:m:s):        00:30:30        00:30:12        00:32:18
Real Runtime (h:m:s):        00:30:29        00:30:09        00:32:19
CPU  Elapsed (h:m:s):        00:30:32        00:30:44        00:33:02
Real Elapsed (h:m:s):        00:30:30        00:30:39        00:32:58
Memory (MB):                  1713.18         1731.04         1746.88
================================================================================
================================================================================
Flow Settings:
================================================================================
Total Runtime (h:m:s): 00:32:57
Total Memory (MB):     1746.88
Executable Version:    21.10-p002_1
================================================================================
Total Cell Area =  Cell Area + Physical Cell Area
Total Instances =  Leaf Instances + Physical Instances


