============================================================
  Generated by:           Genus(TM) Synthesis Solution 21.10-p002_1
  Generated on:           Apr 11 2026  03:18:30 pm
  Module:                 fixed_point_mul_p_2_L0
  Technology libraries:   fast_vdd1v0 1.0
                          physical_cells 
  Operating conditions:   PVT_1P1V_0C 
  Interconnect mode:      global
  Area mode:              physical library
============================================================

Timing
--------

Clock Period 
-------------
clk   1000.0 


  Cost    Critical         Violating 
 Group   Path Slack  TNS     Paths   
-------------------------------------
clk             2.6   0.0          0 
default    No paths   0.0            
-------------------------------------
Total                 0.0          0 

Instance Count
--------------
Leaf Instance Count             897 
Physical Instance count           0 
Sequential Instance Count        70 
Combinational Instance Count    827 
Hierarchical Instance Count       6 

Area
----
Cell Area                          2467.188
Physical Cell Area                 0.000
Total Cell Area (Cell+Physical)    2467.188
Net Area                           1119.579
Total Area (Cell+Physical+Net)     3586.767

Runtime                            0.0 seconds
Elapsed Runtime                    24 seconds
Genus peak memory usage            1621.39 
Innovus peak memory usage          no_value 
Hostname                           redhat315b
