Command: report datapath -all -print_inferred > ./genus/reports/fixed_point_mul_p_1_L0/cadence_45nm/post_elaboration/syn_generic_datapath_report.rpt
============================================================
  Generated by:           Genus(TM) Synthesis Solution 21.10-p002_1
  Generated on:           Apr 11 2026  03:09:07 pm
  Module:                 fixed_point_mul_p_1_L0
  Technology libraries:   fast_vdd1v0 1.0
                          physical_cells 
  Operating conditions:   PVT_1P1V_0C 
  Interconnect mode:      global
  Area mode:              physical library
============================================================


Inferred components

                      Operator  Signedness   Inputs   Outputs CellArea Line Col       Filename       
=====================================================================================================
fixed_point_mul_p_1_L0
 add_23_45
  
  module:add_unsigned_206
   very_fast              +     unsigned   8x1        8          68.10   23  45 fixed_point_mul_p_1_ 
                                                                                L0.v                 
=====================================================================================================
fixed_point_mul_p_1_L0
 add_24_45
  
  module:add_unsigned_206
   very_fast              +     unsigned   8x1        8          68.10   24  45 fixed_point_mul_p_1_ 
                                                                                L0.v                 
=====================================================================================================
fixed_point_mul_p_1_L0
 add_31_36
  
  module:add_unsigned_204
   very_fast              +     unsigned   16x1       16        166.92   31  36 fixed_point_mul_p_1_ 
                                                                                L0.v                 
=====================================================================================================
fixed_point_mul_p_1_L0
 m_unsigned_int_mul
  add_61_33
   
   module:add_unsigned_55
    very_fast             +     unsigned   3x3        4          41.40   61  33 fixed_point_mul_p_1_ 
                                                                                L0.v                 
=====================================================================================================
fixed_point_mul_p_1_L0
 m_unsigned_int_mul
  lod_a
   mux_reg_position_98_29
    
    module:mux
     very_fast           mux    n/a        8x3x3x3x3x 3          64.10   98  29 fixed_point_mul_p_1_ 
                                           3x3x3x3                              L0.v                 
=====================================================================================================
fixed_point_mul_p_1_L0
 m_unsigned_int_mul
  lod_b
   mux_reg_position_98_29
    
    module:mux
     very_fast           mux    n/a        8x3x3x3x3x 3          64.10   98  29 fixed_point_mul_p_1_ 
                                           3x3x3x3                              L0.v                 
=====================================================================================================
fixed_point_mul_p_1_L0
 m_unsigned_int_mul
  m_approx_t
   add_153_34
    
    module:add_unsigned_4
     very_fast            +     unsigned   8x6        9         150.90  153  34 fixed_point_mul_p_1_ 
                                                                                L0.v                 
=====================================================================================================
fixed_point_mul_p_1_L0
 m_unsigned_int_mul
  m_approx_t
   add_154_24
    
    module:add_unsigned_6
     very_fast            +     unsigned   9x9        10        196.30  154  24 fixed_point_mul_p_1_ 
                                                                                L0.v                 
=====================================================================================================
fixed_point_mul_p_1_L0
 m_unsigned_int_mul
  m_approx_t
   add_154_34
    
    module:add_unsigned_4
     very_fast            +     unsigned   8x6        9         150.90  154  34 fixed_point_mul_p_1_ 
                                                                                L0.v                 
=====================================================================================================
fixed_point_mul_p_1_L0
 m_unsigned_int_mul
  m_approx_t
   add_158_34
    
    module:add_unsigned_22
     very_fast            +     unsigned   8x7        9         165.59  158  34 fixed_point_mul_p_1_ 
                                                                                L0.v                 
=====================================================================================================
fixed_point_mul_p_1_L0
 m_unsigned_int_mul
  m_approx_t
   add_158_50
    
    module:add_unsigned_12
     very_fast            +     unsigned   9x6        9         154.90  158  50 fixed_point_mul_p_1_ 
                                                                                L0.v                 
=====================================================================================================
fixed_point_mul_p_1_L0
 m_unsigned_int_mul
  m_approx_t
   add_159_24
    
    module:add_unsigned_6
     very_fast            +     unsigned   9x9        10        196.30  159  24 fixed_point_mul_p_1_ 
                                                                                L0.v                 
=====================================================================================================
fixed_point_mul_p_1_L0
 m_unsigned_int_mul
  m_approx_t
   add_164_24
    
    module:add_unsigned_6
     very_fast            +     unsigned   9x9        10        196.30  164  24 fixed_point_mul_p_1_ 
                                                                                L0.v                 
=====================================================================================================
fixed_point_mul_p_1_L0
 m_unsigned_int_mul
  m_approx_t
   add_164_34
    
    module:add_unsigned_22
     very_fast            +     unsigned   8x7        9         165.59  164  34 fixed_point_mul_p_1_ 
                                                                                L0.v                 
=====================================================================================================
fixed_point_mul_p_1_L0
 m_unsigned_int_mul
  m_approx_t
   add_164_50
    
    module:add_unsigned_12
     very_fast            +     unsigned   9x6        9         154.90  164  50 fixed_point_mul_p_1_ 
                                                                                L0.v                 
=====================================================================================================
fixed_point_mul_p_1_L0
 m_unsigned_int_mul
  m_approx_t
   add_169_24
    
    module:add_unsigned_6
     very_fast            +     unsigned   9x9        10        196.30  169  24 fixed_point_mul_p_1_ 
                                                                                L0.v                 
=====================================================================================================
fixed_point_mul_p_1_L0
 m_unsigned_int_mul
  m_approx_t
   add_215_24
    
    module:add_unsigned
     very_fast            +     unsigned   16x16      16        401.94  215  24 fixed_point_mul_p_1_ 
                                                                                L0.v                 
=====================================================================================================
fixed_point_mul_p_1_L0
 m_unsigned_int_mul
  m_approx_t
   bms0
    add_245_31
     
     module:add_unsigned
      very_fast           +     unsigned   16x16      16        401.94  245  31 fixed_point_mul_p_1_ 
                                                                                L0.v                 
=====================================================================================================
fixed_point_mul_p_1_L0
 m_unsigned_int_mul
  m_approx_t
   bms0
    mux_reg_r_237_19
     
     module:bmux
      very_fast      binary_mux n/a        2x16x16x16 16        170.93  237  19 fixed_point_mul_p_1_ 
                                           x16                                  L0.v                 
=====================================================================================================
fixed_point_mul_p_1_L0
 m_unsigned_int_mul
  m_approx_t
   bms1
    add_245_31
     
     module:add_unsigned
      very_fast           +     unsigned   16x16      16        401.94  245  31 fixed_point_mul_p_1_ 
                                                                                L0.v                 
=====================================================================================================
fixed_point_mul_p_1_L0
 m_unsigned_int_mul
  m_approx_t
   bms1
    mux_reg_r_237_19
     
     module:bmux
      very_fast      binary_mux n/a        2x16x16x16 16        170.93  237  19 fixed_point_mul_p_1_ 
                                           x16                                  L0.v                 
=====================================================================================================
fixed_point_mul_p_1_L0
 m_unsigned_int_mul
  m_approx_t
   minus_199_65
    
    module:sub_signed
     very_fast            -     signed     1x9        9         202.98  199  65 fixed_point_mul_p_1_ 
                                                                                L0.v                 
=====================================================================================================
fixed_point_mul_p_1_L0
 m_unsigned_int_mul
  m_approx_t
   minus_206_65
    
    module:sub_signed
     very_fast            -     signed     1x9        9         202.98  206  65 fixed_point_mul_p_1_ 
                                                                                L0.v                 
=====================================================================================================
fixed_point_mul_p_1_L0
 m_unsigned_int_mul
  m_approx_t
   mux_172_49
    
    module:bmux_45
     very_fast       binary_mux n/a        1x16x16    16         85.46  172  49 fixed_point_mul_p_1_ 
                                                                                L0.v                 
=====================================================================================================
fixed_point_mul_p_1_L0
 m_unsigned_int_mul
  m_approx_t
   mux_173_49
    
    module:bmux_45
     very_fast       binary_mux n/a        1x16x16    16         85.46  173  49 fixed_point_mul_p_1_ 
                                                                                L0.v                 
=====================================================================================================
fixed_point_mul_p_1_L0
 m_unsigned_int_mul
  m_approx_t
   mux_174_49
    
    module:bmux_45
     very_fast       binary_mux n/a        1x16x16    16         85.46  174  49 fixed_point_mul_p_1_ 
                                                                                L0.v                 
=====================================================================================================
fixed_point_mul_p_1_L0
 m_unsigned_int_mul
  m_approx_t
   mux_184_26
    
    module:bmux_48
     very_fast       binary_mux n/a        1x1x1      1           5.34  184  26 fixed_point_mul_p_1_ 
                                                                                L0.v                 
=====================================================================================================
fixed_point_mul_p_1_L0
 m_unsigned_int_mul
  m_approx_t
   mux_185_46
    
    module:bmux_51
     very_fast       binary_mux n/a        1x2x2      2          10.68  185  46 fixed_point_mul_p_1_ 
                                                                                L0.v                 
=====================================================================================================
fixed_point_mul_p_1_L0
 m_unsigned_int_mul
  m_approx_t
   mux_186_46
    
    module:bmux_51
     very_fast       binary_mux n/a        1x2x2      2          10.68  186  46 fixed_point_mul_p_1_ 
                                                                                L0.v                 
=====================================================================================================
fixed_point_mul_p_1_L0
 m_unsigned_int_mul
  m_approx_t
   mux_187_46
    
    module:bmux_48
     very_fast       binary_mux n/a        1x1x1      1           5.34  187  46 fixed_point_mul_p_1_ 
                                                                                L0.v                 
=====================================================================================================
fixed_point_mul_p_1_L0
 m_unsigned_int_mul
  m_approx_t
   mux_199_30
    
    module:bmux_49
     very_fast       binary_mux n/a        1x9x9      9          48.07  199  30 fixed_point_mul_p_1_ 
                                                                                L0.v                 
=====================================================================================================
fixed_point_mul_p_1_L0
 m_unsigned_int_mul
  m_approx_t
   mux_206_30
    
    module:bmux_49
     very_fast       binary_mux n/a        1x9x9      9          48.07  206  30 fixed_point_mul_p_1_ 
                                                                                L0.v                 
=====================================================================================================
fixed_point_mul_p_1_L0
 m_unsigned_int_mul
  m_approx_t
   sub_155_24
    
    module:sub_unsigned
     very_fast            -     unsigned   10x8       16        208.32  155  24 fixed_point_mul_p_1_ 
                                                                                L0.v                 
=====================================================================================================
fixed_point_mul_p_1_L0
 m_unsigned_int_mul
  m_approx_t
   sub_160_24
    
    module:sub_unsigned_10
     very_fast            -     unsigned   10x9       16        220.34  160  24 fixed_point_mul_p_1_ 
                                                                                L0.v                 
=====================================================================================================
fixed_point_mul_p_1_L0
 m_unsigned_int_mul
  m_approx_t
   sub_165_24
    
    module:sub_unsigned_10
     very_fast            -     unsigned   10x9       16        220.34  165  24 fixed_point_mul_p_1_ 
                                                                                L0.v                 
=====================================================================================================
fixed_point_mul_p_1_L0
 m_unsigned_int_mul
  m_approx_t
   sub_170_24
    
    module:sub_unsigned_10
     very_fast            -     unsigned   10x9       16        220.34  170  24 fixed_point_mul_p_1_ 
                                                                                L0.v                 
=====================================================================================================
fixed_point_mul_p_1_L0
 m_unsigned_int_mul
  m_approx_t
   sub_192_50
    
    module:sub_unsigned_34
     very_fast            -     unsigned   8x8        9         192.29  192  50 fixed_point_mul_p_1_ 
                                                                                L0.v                 
=====================================================================================================
fixed_point_mul_p_1_L0
 m_unsigned_int_mul
  m_approx_t
   sub_193_50
    
    module:sub_unsigned_34
     very_fast            -     unsigned   8x8        9         192.29  193  50 fixed_point_mul_p_1_ 
                                                                                L0.v                 
=====================================================================================================
fixed_point_mul_p_1_L0
 m_unsigned_int_mul
  mux_73_21
   
   module:bmux_45
    very_fast        binary_mux n/a        1x16x16    16         85.46   73  21 fixed_point_mul_p_1_ 
                                                                                L0.v                 
=====================================================================================================
fixed_point_mul_p_1_L0
 m_unsigned_int_mul
  mux_74_29
   
   module:bmux_45
    very_fast        binary_mux n/a        1x16x16    16         85.46   74  29 fixed_point_mul_p_1_ 
                                                                                L0.v                 
=====================================================================================================
fixed_point_mul_p_1_L0
 m_unsigned_int_mul
  sll_65_20
   
   module:shift_left_vlog_unsigned_177
    very_fast/barrel     <<     x          7x3        7          97.48   65  20 fixed_point_mul_p_1_ 
                                                                                L0.v                 
=====================================================================================================
fixed_point_mul_p_1_L0
 m_unsigned_int_mul
  sll_66_20
   
   module:shift_left_vlog_unsigned_177
    very_fast/barrel     <<     x          7x3        7          97.48   66  20 fixed_point_mul_p_1_ 
                                                                                L0.v                 
=====================================================================================================
fixed_point_mul_p_1_L0
 m_unsigned_int_mul
  sll_74_65
   
   module:shift_left_vlog_unsigned
    very_fast/barrel     <<     x          16x3       16        241.70   74  65 fixed_point_mul_p_1_ 
                                                                                L0.v                 
=====================================================================================================
fixed_point_mul_p_1_L0
 m_unsigned_int_mul
  srl_75_64
   
   module:shift_right_vlog_unsigned_63
    very_fast/barrel     >>     x          17x3       16        271.08   75  64 fixed_point_mul_p_1_ 
                                                                                L0.v                 
=====================================================================================================
fixed_point_mul_p_1_L0
 mux_23_20
  
  module:bmux_209
   very_fast         binary_mux n/a        1x8x8      8          42.73   23  20 fixed_point_mul_p_1_ 
                                                                                L0.v                 
=====================================================================================================
fixed_point_mul_p_1_L0
 mux_24_20
  
  module:bmux_209
   very_fast         binary_mux n/a        1x8x8      8          42.73   24  20 fixed_point_mul_p_1_ 
                                                                                L0.v                 
=====================================================================================================
fixed_point_mul_p_1_L0
 mux_31_17
  
  module:bmux_45
   very_fast         binary_mux n/a        1x16x16    16         85.46   31  17 fixed_point_mul_p_1_ 
                                                                                L0.v                 
=====================================================================================================

      Type       CellArea Percentage 
-------------------------------------
datapath modules  5645.92      79.44 
external muxes    1196.49      16.84 
others             264.40       3.72 
-------------------------------------
total             7106.81     100.00 

