============================================================
  Generated by:           Genus(TM) Synthesis Solution 21.10-p002_1
  Generated on:           Jun 19 2026  11:32:40 am
  Module:                 opact_UINT8
  Technology library:     fast_vdd1v0 1.0
  Operating conditions:   PVT_1P1V_0C (balanced_tree)
  Wireload mode:          enclosed
  Area mode:              timing library
============================================================

Timing
--------

Clock Period 
-------------
vclk  1000.0 


  Cost    Critical         Violating 
 Group   Path Slack  TNS     Paths   
-------------------------------------
default    No paths   0.0            
vclk           20.4   0.0          0 
-------------------------------------
Total                 0.0          0 

Instance Count
--------------
Leaf Instance Count             900 
Physical Instance count           0 
Sequential Instance Count         0 
Combinational Instance Count    900 
Hierarchical Instance Count       5 

Area
----
Cell Area                          2402.370
Physical Cell Area                 0.000
Total Cell Area (Cell+Physical)    2402.370
Net Area                           0.000
Total Area (Cell+Physical+Net)     2402.370

Runtime                            0.0 seconds
Elapsed Runtime                    15 seconds
Genus peak memory usage            1621.93 
Innovus peak memory usage          no_value 
Hostname                           redhat315b
