============================================================
  Generated by:           Genus(TM) Synthesis Solution 21.10-p002_1
  Generated on:           Jun 19 2026  11:32:40 am
  Module:                 opact_UINT8
  Operating conditions:   PVT_1P1V_0C (balanced_tree)
  Wireload mode:          enclosed
  Area mode:              timing library
============================================================


Path 1: MET (20 ps) Late External Delay Assertion at pin R[11]
          Group: vclk
     Startpoint: (F) B[0]
          Clock: (R) vclk
       Endpoint: (R) R[11]
          Clock: (R) vclk

                     Capture       Launch     
        Clock Edge:+    1000            0     
        Drv Adjust:+       0            0     
       Src Latency:+       0            0     
       Net Latency:+       0 (I)        0 (I) 
           Arrival:=    1000            0     
                                              
      Output Delay:-     200                  
       Uncertainty:-      50                  
     Required Time:=     750                  
      Launch Clock:-       0                  
       Input Delay:-     200                  
         Data Path:-     530                  
             Slack:=      20                  

Exceptions/Constraints:
  input_delay              200             opact_UINT8.sdc_line_14_15_1 
  output_delay             200             opact_UINT8.sdc_line_15_24_1 

#-------------------------------------------------------------------------------------------------------
#    Timing Point      Flags    Arc    Edge       Cell         Fanout Load Trans Delay Arrival Instance 
#                                                                     (fF)  (ps)  (ps)   (ps)  Location 
#-------------------------------------------------------------------------------------------------------
  B[0]                 (u)     -       F     (arrival)              8  8.0     0     0     200    (-,-) 
  m_opact_core/g9065/z (u)     in_1->z R     unmapped_nand2         4  4.4     0    22     222    (-,-) 
  m_opact_core/g9312/z (u)     in_1->z F     unmapped_complex2      1  1.0     0    16     239    (-,-) 
  m_opact_core/g8964/z (u)     in_1->z R     unmapped_nand2         5  5.5     0    24     262    (-,-) 
  m_opact_core/g8911/z (u)     in_1->z F     unmapped_nand2         1  1.0     0    16     279    (-,-) 
  m_opact_core/g8912/z (u)     in_1->z R     unmapped_nand2         1  1.1     0    16     295    (-,-) 
  m_opact_core/g8761/z (u)     in_0->z F     unmapped_complex2      2  2.0     0    19     314    (-,-) 
  m_opact_core/g9339/z (u)     in_0->z R     unmapped_complex2      1  1.1     0    16     330    (-,-) 
  m_opact_core/g8733/z (u)     in_1->z F     unmapped_nand2         2  2.0     0    19     349    (-,-) 
  m_opact_core/g9347/z (u)     in_0->z R     unmapped_complex2      1  1.1     0    16     366    (-,-) 
  m_opact_core/g8663/z (u)     in_1->z F     unmapped_nand2         2  2.0     0    19     385    (-,-) 
  m_opact_core/g8584/z (u)     in_0->z F     unmapped_complex2      1  1.0     0    16     401    (-,-) 
  m_opact_core/g8585/z (u)     in_1->z R     unmapped_nand2         2  2.2     0    19     420    (-,-) 
  m_opact_core/g8577/z (u)     in_0->z R     unmapped_complex2      1  1.1     0    16     437    (-,-) 
  m_opact_core/g8578/z (u)     in_1->z F     unmapped_nand2         2  2.0     0    19     456    (-,-) 
  m_opact_core/g8551/z (u)     in_0->z F     unmapped_complex2      1  1.0     0    16     472    (-,-) 
  m_opact_core/g8552/z (u)     in_1->z R     unmapped_nand2        15 16.5     0    33     505    (-,-) 
  m_opact_core/g8485/z (u)     in_1->z R     unmapped_or2           2  2.2     0    19     524    (-,-) 
  m_opact_core/g8427/z (u)     in_1->z R     unmapped_or2           1  1.1     0    16     541    (-,-) 
  m_opact_core/g8428/z (u)     in_1->z F     unmapped_nand2         2  2.0     0    19     560    (-,-) 
  m_opact_core/g9425/z (u)     in_0->z F     unmapped_complex2      3  3.0     0    21     580    (-,-) 
  m_opact_core/g8336/z (u)     in_1->z R     unmapped_complex2      1  1.1     0    16     597    (-,-) 
  m_opact_core/g8337/z (u)     in_1->z F     unmapped_nand2         3  3.0     0    21     617    (-,-) 
  m_opact_core/g8258/z (u)     in_1->z F     unmapped_or2           1  1.0     0    16     634    (-,-) 
  m_opact_core/g9450/z (u)     in_0->z R     unmapped_complex2      1  1.1     0    16     650    (-,-) 
  m_opact_core/g8184/z (u)     in_1->z R     unmapped_complex2      1  1.1     0    16     667    (-,-) 
  m_opact_core/g8088/z (u)     in_1->z F     unmapped_nand2         1  1.0     0    16     683    (-,-) 
  m_opact_core/g8076/z (u)     in_1->z R     unmapped_nand2         1 50.0     0    46     730    (-,-) 
  R[11]                -       -       R     (port)                 -    -     -     0     730    (-,-) 
#-------------------------------------------------------------------------------------------------------

(u) : Net has unmapped pin(s).



Path 2: MET (23 ps) Late External Delay Assertion at pin R[14]
          Group: vclk
     Startpoint: (R) B[1]
          Clock: (R) vclk
       Endpoint: (R) R[14]
          Clock: (R) vclk

                     Capture       Launch     
        Clock Edge:+    1000            0     
        Drv Adjust:+       0            0     
       Src Latency:+       0            0     
       Net Latency:+       0 (I)        0 (I) 
           Arrival:=    1000            0     
                                              
      Output Delay:-     200                  
       Uncertainty:-      50                  
     Required Time:=     750                  
      Launch Clock:-       0                  
       Input Delay:-     200                  
         Data Path:-     527                  
             Slack:=      23                  

Exceptions/Constraints:
  input_delay              200             opact_UINT8.sdc_line_14_14_1 
  output_delay             200             opact_UINT8.sdc_line_15_21_1 

#-------------------------------------------------------------------------------------------------------
#    Timing Point      Flags    Arc    Edge       Cell         Fanout Load Trans Delay Arrival Instance 
#                                                                     (fF)  (ps)  (ps)   (ps)  Location 
#-------------------------------------------------------------------------------------------------------
  B[1]                 (u)     -       R     (arrival)              8  8.8     0     0     200    (-,-) 
  m_opact_core/g9062/z (u)     in_1->z F     unmapped_nand2         4  4.0     0    22     222    (-,-) 
  m_opact_core/g9310/z (u)     in_1->z R     unmapped_complex2      1  1.1     0    16     239    (-,-) 
  m_opact_core/g8952/z (u)     in_1->z F     unmapped_nand2         5  5.0     0    24     262    (-,-) 
  m_opact_core/g8869/z (u)     in_1->z R     unmapped_nand2         1  1.1     0    16     279    (-,-) 
  m_opact_core/g8870/z (u)     in_1->z F     unmapped_nand2         1  1.0     0    16     295    (-,-) 
  m_opact_core/g8799/z (u)     in_0->z R     unmapped_complex2      2  2.2     0    19     314    (-,-) 
  m_opact_core/g9287/z (u)     in_1->z F     unmapped_nand2         1  1.0     0    16     330    (-,-) 
  m_opact_core/g8736/z (u)     in_1->z R     unmapped_nand2         2  2.2     0    19     349    (-,-) 
  m_opact_core/g8658/z (u)     in_0->z R     unmapped_complex2      1  1.1     0    16     366    (-,-) 
  m_opact_core/g8659/z (u)     in_1->z F     unmapped_nand2         2  2.0     0    19     385    (-,-) 
  m_opact_core/g9352/z (u)     in_0->z R     unmapped_complex2      1  1.1     0    16     401    (-,-) 
  m_opact_core/g8588/z (u)     in_1->z F     unmapped_nand2         2  2.0     0    19     420    (-,-) 
  m_opact_core/g8564/z (u)     in_0->z F     unmapped_complex2      1  1.0     0    16     437    (-,-) 
  m_opact_core/g8565/z (u)     in_1->z R     unmapped_nand2        11 12.1     0    30     466    (-,-) 
  m_opact_core/g4917/z (u)     in_1->z F     unmapped_nand2         2  2.0     0    19     485    (-,-) 
  m_opact_core/g9394/z (u)     in_0->z R     unmapped_complex2      1  1.1     0    16     502    (-,-) 
  m_opact_core/g8529/z (u)     in_1->z F     unmapped_nand2         1  1.0     0    16     518    (-,-) 
  m_opact_core/g7041/z (u)     in_1->z R     unmapped_complex2      2  2.2     0    19     537    (-,-) 
  m_opact_core/g9421/z (u)     in_0->z F     unmapped_complex2      1  1.0     0    16     554    (-,-) 
  m_opact_core/g8345/z (u)     in_1->z R     unmapped_nand2         1  1.1     0    16     570    (-,-) 
  m_opact_core/g4912/z (u)     in_1->z F     unmapped_nand2         4  4.0     0    22     592    (-,-) 
  m_opact_core/g8237/z (u)     in_0->z F     unmapped_complex2      1  1.0     0    16     609    (-,-) 
  m_opact_core/g8238/z (u)     in_1->z R     unmapped_nand2         4  4.4     0    22     631    (-,-) 
  m_opact_core/g8150/z (u)     in_0->z F     unmapped_nand2         1  1.0     0    16     647    (-,-) 
  m_opact_core/g8126/z (u)     in_1->z R     unmapped_nand2         1  1.1     0    16     664    (-,-) 
  m_opact_core/g9458/z (u)     in_1->z F     unmapped_complex2      1  1.0     0    16     680    (-,-) 
  m_opact_core/g8080/z (u)     in_0->z R     unmapped_nand2         1 50.0     0    46     727    (-,-) 
  R[14]                -       -       R     (port)                 -    -     -     0     727    (-,-) 
#-------------------------------------------------------------------------------------------------------

(u) : Net has unmapped pin(s).



Path 3: MET (23 ps) Late External Delay Assertion at pin R[15]
          Group: vclk
     Startpoint: (R) B[1]
          Clock: (R) vclk
       Endpoint: (R) R[15]
          Clock: (R) vclk

                     Capture       Launch     
        Clock Edge:+    1000            0     
        Drv Adjust:+       0            0     
       Src Latency:+       0            0     
       Net Latency:+       0 (I)        0 (I) 
           Arrival:=    1000            0     
                                              
      Output Delay:-     200                  
       Uncertainty:-      50                  
     Required Time:=     750                  
      Launch Clock:-       0                  
       Input Delay:-     200                  
         Data Path:-     527                  
             Slack:=      23                  

Exceptions/Constraints:
  input_delay              200             opact_UINT8.sdc_line_14_14_1 
  output_delay             200             opact_UINT8.sdc_line_15      

#-------------------------------------------------------------------------------------------------------
#    Timing Point      Flags    Arc    Edge       Cell         Fanout Load Trans Delay Arrival Instance 
#                                                                     (fF)  (ps)  (ps)   (ps)  Location 
#-------------------------------------------------------------------------------------------------------
  B[1]                 (u)     -       R     (arrival)              8  8.8     0     0     200    (-,-) 
  m_opact_core/g9062/z (u)     in_1->z F     unmapped_nand2         4  4.0     0    22     222    (-,-) 
  m_opact_core/g9310/z (u)     in_1->z R     unmapped_complex2      1  1.1     0    16     239    (-,-) 
  m_opact_core/g8952/z (u)     in_1->z F     unmapped_nand2         5  5.0     0    24     262    (-,-) 
  m_opact_core/g8869/z (u)     in_1->z R     unmapped_nand2         1  1.1     0    16     279    (-,-) 
  m_opact_core/g8870/z (u)     in_1->z F     unmapped_nand2         1  1.0     0    16     295    (-,-) 
  m_opact_core/g8799/z (u)     in_0->z R     unmapped_complex2      2  2.2     0    19     314    (-,-) 
  m_opact_core/g9287/z (u)     in_1->z F     unmapped_nand2         1  1.0     0    16     330    (-,-) 
  m_opact_core/g8736/z (u)     in_1->z R     unmapped_nand2         2  2.2     0    19     349    (-,-) 
  m_opact_core/g8658/z (u)     in_0->z R     unmapped_complex2      1  1.1     0    16     366    (-,-) 
  m_opact_core/g8659/z (u)     in_1->z F     unmapped_nand2         2  2.0     0    19     385    (-,-) 
  m_opact_core/g9352/z (u)     in_0->z R     unmapped_complex2      1  1.1     0    16     401    (-,-) 
  m_opact_core/g8588/z (u)     in_1->z F     unmapped_nand2         2  2.0     0    19     420    (-,-) 
  m_opact_core/g8564/z (u)     in_0->z F     unmapped_complex2      1  1.0     0    16     437    (-,-) 
  m_opact_core/g8565/z (u)     in_1->z R     unmapped_nand2        11 12.1     0    30     466    (-,-) 
  m_opact_core/g4917/z (u)     in_1->z F     unmapped_nand2         2  2.0     0    19     485    (-,-) 
  m_opact_core/g9394/z (u)     in_0->z R     unmapped_complex2      1  1.1     0    16     502    (-,-) 
  m_opact_core/g8529/z (u)     in_1->z F     unmapped_nand2         1  1.0     0    16     518    (-,-) 
  m_opact_core/g7041/z (u)     in_1->z R     unmapped_complex2      2  2.2     0    19     537    (-,-) 
  m_opact_core/g9421/z (u)     in_0->z F     unmapped_complex2      1  1.0     0    16     554    (-,-) 
  m_opact_core/g8345/z (u)     in_1->z R     unmapped_nand2         1  1.1     0    16     570    (-,-) 
  m_opact_core/g4912/z (u)     in_1->z F     unmapped_nand2         4  4.0     0    22     592    (-,-) 
  m_opact_core/g8237/z (u)     in_0->z F     unmapped_complex2      1  1.0     0    16     609    (-,-) 
  m_opact_core/g8238/z (u)     in_1->z R     unmapped_nand2         4  4.4     0    22     631    (-,-) 
  m_opact_core/g8132/z (u)     in_0->z F     unmapped_complex2      1  1.0     0    16     647    (-,-) 
  m_opact_core/g8121/z (u)     in_1->z R     unmapped_nand2         1  1.1     0    16     664    (-,-) 
  m_opact_core/g9459/z (u)     in_1->z F     unmapped_complex2      1  1.0     0    16     680    (-,-) 
  m_opact_core/g8082/z (u)     in_0->z R     unmapped_nand2         1 50.0     0    46     727    (-,-) 
  R[15]                -       -       R     (port)                 -    -     -     0     727    (-,-) 
#-------------------------------------------------------------------------------------------------------

(u) : Net has unmapped pin(s).



Path 4: MET (24 ps) Late External Delay Assertion at pin R[10]
          Group: vclk
     Startpoint: (R) B[0]
          Clock: (R) vclk
       Endpoint: (R) R[10]
          Clock: (R) vclk

                     Capture       Launch     
        Clock Edge:+    1000            0     
        Drv Adjust:+       0            0     
       Src Latency:+       0            0     
       Net Latency:+       0 (I)        0 (I) 
           Arrival:=    1000            0     
                                              
      Output Delay:-     200                  
       Uncertainty:-      50                  
     Required Time:=     750                  
      Launch Clock:-       0                  
       Input Delay:-     200                  
         Data Path:-     526                  
             Slack:=      24                  

Exceptions/Constraints:
  input_delay              200             opact_UINT8.sdc_line_14_15_1 
  output_delay             200             opact_UINT8.sdc_line_15_25_1 

#-------------------------------------------------------------------------------------------------------
#    Timing Point      Flags    Arc    Edge       Cell         Fanout Load Trans Delay Arrival Instance 
#                                                                     (fF)  (ps)  (ps)   (ps)  Location 
#-------------------------------------------------------------------------------------------------------
  B[0]                 (u)     -       R     (arrival)              8  8.8     0     0     200    (-,-) 
  m_opact_core/g9065/z (u)     in_1->z F     unmapped_nand2         4  4.0     0    22     222    (-,-) 
  m_opact_core/g9312/z (u)     in_1->z R     unmapped_complex2      1  1.1     0    16     239    (-,-) 
  m_opact_core/g8964/z (u)     in_1->z F     unmapped_nand2         5  5.0     0    24     262    (-,-) 
  m_opact_core/g8911/z (u)     in_1->z R     unmapped_nand2         1  1.1     0    16     279    (-,-) 
  m_opact_core/g8912/z (u)     in_1->z F     unmapped_nand2         1  1.0     0    16     295    (-,-) 
  m_opact_core/g8761/z (u)     in_0->z R     unmapped_complex2      2  2.2     0    19     314    (-,-) 
  m_opact_core/g9339/z (u)     in_0->z F     unmapped_complex2      1  1.0     0    16     330    (-,-) 
  m_opact_core/g8733/z (u)     in_1->z R     unmapped_nand2         2  2.2     0    19     349    (-,-) 
  m_opact_core/g9347/z (u)     in_0->z F     unmapped_complex2      1  1.0     0    16     366    (-,-) 
  m_opact_core/g8663/z (u)     in_1->z R     unmapped_nand2         2  2.2     0    19     385    (-,-) 
  m_opact_core/g8584/z (u)     in_0->z R     unmapped_complex2      1  1.1     0    16     401    (-,-) 
  m_opact_core/g8585/z (u)     in_1->z F     unmapped_nand2         2  2.0     0    19     420    (-,-) 
  m_opact_core/g8577/z (u)     in_0->z F     unmapped_complex2      1  1.0     0    16     437    (-,-) 
  m_opact_core/g8578/z (u)     in_1->z R     unmapped_nand2         2  2.2     0    19     456    (-,-) 
  m_opact_core/g8551/z (u)     in_0->z R     unmapped_complex2      1  1.1     0    16     472    (-,-) 
  m_opact_core/g8552/z (u)     in_1->z F     unmapped_nand2        15 15.0     0    33     505    (-,-) 
  m_opact_core/g8498/z (u)     in_0->z F     unmapped_or2           1  1.0     0    16     522    (-,-) 
  m_opact_core/g8499/z (u)     in_1->z R     unmapped_nand2         1  1.1     0    16     538    (-,-) 
  m_opact_core/g9422/z (u)     in_0->z F     unmapped_complex2      2  2.0     0    19     557    (-,-) 
  m_opact_core/g8398/z (u)     in_1->z R     unmapped_complex2      1  1.1     0    16     574    (-,-) 
  m_opact_core/g8399/z (u)     in_1->z F     unmapped_nand2         2  2.0     0    19     592    (-,-) 
  m_opact_core/g5005/z (u)     in_1->z R     unmapped_nand2         3  3.3     0    21     613    (-,-) 
  m_opact_core/g9447/z (u)     in_0->z F     unmapped_complex2      1  1.0     0    16     630    (-,-) 
  m_opact_core/g8225/z (u)     in_1->z R     unmapped_nand2         1  1.1     0    16     646    (-,-) 
  m_opact_core/g8130/z (u)     in_1->z R     unmapped_or2           1  1.1     0    16     663    (-,-) 
  m_opact_core/g8099/z (u)     in_1->z F     unmapped_nand2         1  1.0     0    16     679    (-,-) 
  m_opact_core/g8085/z (u)     in_1->z R     unmapped_nand2         1 50.0     0    46     726    (-,-) 
  R[10]                -       -       R     (port)                 -    -     -     0     726    (-,-) 
#-------------------------------------------------------------------------------------------------------

(u) : Net has unmapped pin(s).



Path 5: MET (26 ps) Late External Delay Assertion at pin R[13]
          Group: vclk
     Startpoint: (R) B[1]
          Clock: (R) vclk
       Endpoint: (R) R[13]
          Clock: (R) vclk

                     Capture       Launch     
        Clock Edge:+    1000            0     
        Drv Adjust:+       0            0     
       Src Latency:+       0            0     
       Net Latency:+       0 (I)        0 (I) 
           Arrival:=    1000            0     
                                              
      Output Delay:-     200                  
       Uncertainty:-      50                  
     Required Time:=     750                  
      Launch Clock:-       0                  
       Input Delay:-     200                  
         Data Path:-     524                  
             Slack:=      26                  

Exceptions/Constraints:
  input_delay              200             opact_UINT8.sdc_line_14_14_1 
  output_delay             200             opact_UINT8.sdc_line_15_22_1 

#-------------------------------------------------------------------------------------------------------
#    Timing Point      Flags    Arc    Edge       Cell         Fanout Load Trans Delay Arrival Instance 
#                                                                     (fF)  (ps)  (ps)   (ps)  Location 
#-------------------------------------------------------------------------------------------------------
  B[1]                 (u)     -       R     (arrival)              8  8.8     0     0     200    (-,-) 
  m_opact_core/g9062/z (u)     in_1->z F     unmapped_nand2         4  4.0     0    22     222    (-,-) 
  m_opact_core/g9310/z (u)     in_1->z R     unmapped_complex2      1  1.1     0    16     239    (-,-) 
  m_opact_core/g8952/z (u)     in_1->z F     unmapped_nand2         5  5.0     0    24     262    (-,-) 
  m_opact_core/g8869/z (u)     in_1->z R     unmapped_nand2         1  1.1     0    16     279    (-,-) 
  m_opact_core/g8870/z (u)     in_1->z F     unmapped_nand2         1  1.0     0    16     295    (-,-) 
  m_opact_core/g8799/z (u)     in_0->z R     unmapped_complex2      2  2.2     0    19     314    (-,-) 
  m_opact_core/g9287/z (u)     in_1->z F     unmapped_nand2         1  1.0     0    16     330    (-,-) 
  m_opact_core/g8736/z (u)     in_1->z R     unmapped_nand2         2  2.2     0    19     349    (-,-) 
  m_opact_core/g8658/z (u)     in_0->z R     unmapped_complex2      1  1.1     0    16     366    (-,-) 
  m_opact_core/g8659/z (u)     in_1->z F     unmapped_nand2         2  2.0     0    19     385    (-,-) 
  m_opact_core/g9352/z (u)     in_0->z R     unmapped_complex2      1  1.1     0    16     401    (-,-) 
  m_opact_core/g8588/z (u)     in_1->z F     unmapped_nand2         2  2.0     0    19     420    (-,-) 
  m_opact_core/g8564/z (u)     in_0->z F     unmapped_complex2      1  1.0     0    16     437    (-,-) 
  m_opact_core/g8565/z (u)     in_1->z R     unmapped_nand2        11 12.1     0    30     466    (-,-) 
  m_opact_core/g4917/z (u)     in_1->z F     unmapped_nand2         2  2.0     0    19     485    (-,-) 
  m_opact_core/g9394/z (u)     in_0->z R     unmapped_complex2      1  1.1     0    16     502    (-,-) 
  m_opact_core/g8529/z (u)     in_1->z F     unmapped_nand2         1  1.0     0    16     518    (-,-) 
  m_opact_core/g7041/z (u)     in_1->z R     unmapped_complex2      2  2.2     0    19     537    (-,-) 
  m_opact_core/g9421/z (u)     in_0->z F     unmapped_complex2      1  1.0     0    16     554    (-,-) 
  m_opact_core/g8345/z (u)     in_1->z R     unmapped_nand2         1  1.1     0    16     570    (-,-) 
  m_opact_core/g4912/z (u)     in_1->z F     unmapped_nand2         4  4.0     0    22     592    (-,-) 
  m_opact_core/g8202/z (u)     in_1->z F     unmapped_or2           1  1.0     0    16     609    (-,-) 
  m_opact_core/g8203/z (u)     in_1->z R     unmapped_nand2         2  2.2     0    19     628    (-,-) 
  m_opact_core/g8167/z (u)     in_0->z F     unmapped_nand2         1  1.0     0    16     644    (-,-) 
  m_opact_core/g8131/z (u)     in_1->z R     unmapped_nand2         1  1.1     0    16     661    (-,-) 
  m_opact_core/g9460/z (u)     in_1->z F     unmapped_complex2      1  1.0     0    16     677    (-,-) 
  m_opact_core/g8087/z (u)     in_0->z R     unmapped_nand2         1 50.0     0    46     724    (-,-) 
  R[13]                -       -       R     (port)                 -    -     -     0     724    (-,-) 
#-------------------------------------------------------------------------------------------------------

(u) : Net has unmapped pin(s).



Path 6: MET (32 ps) Late External Delay Assertion at pin R[12]
          Group: vclk
     Startpoint: (R) B[1]
          Clock: (R) vclk
       Endpoint: (R) R[12]
          Clock: (R) vclk

                     Capture       Launch     
        Clock Edge:+    1000            0     
        Drv Adjust:+       0            0     
       Src Latency:+       0            0     
       Net Latency:+       0 (I)        0 (I) 
           Arrival:=    1000            0     
                                              
      Output Delay:-     200                  
       Uncertainty:-      50                  
     Required Time:=     750                  
      Launch Clock:-       0                  
       Input Delay:-     200                  
         Data Path:-     518                  
             Slack:=      32                  

Exceptions/Constraints:
  input_delay              200             opact_UINT8.sdc_line_14_14_1 
  output_delay             200             opact_UINT8.sdc_line_15_23_1 

#-------------------------------------------------------------------------------------------------------
#    Timing Point      Flags    Arc    Edge       Cell         Fanout Load Trans Delay Arrival Instance 
#                                                                     (fF)  (ps)  (ps)   (ps)  Location 
#-------------------------------------------------------------------------------------------------------
  B[1]                 (u)     -       R     (arrival)              8  8.8     0     0     200    (-,-) 
  m_opact_core/g9062/z (u)     in_1->z F     unmapped_nand2         4  4.0     0    22     222    (-,-) 
  m_opact_core/g9310/z (u)     in_1->z R     unmapped_complex2      1  1.1     0    16     239    (-,-) 
  m_opact_core/g8952/z (u)     in_1->z F     unmapped_nand2         5  5.0     0    24     262    (-,-) 
  m_opact_core/g8869/z (u)     in_1->z R     unmapped_nand2         1  1.1     0    16     279    (-,-) 
  m_opact_core/g8870/z (u)     in_1->z F     unmapped_nand2         1  1.0     0    16     295    (-,-) 
  m_opact_core/g8799/z (u)     in_0->z R     unmapped_complex2      2  2.2     0    19     314    (-,-) 
  m_opact_core/g9287/z (u)     in_1->z F     unmapped_nand2         1  1.0     0    16     330    (-,-) 
  m_opact_core/g8736/z (u)     in_1->z R     unmapped_nand2         2  2.2     0    19     349    (-,-) 
  m_opact_core/g8658/z (u)     in_0->z R     unmapped_complex2      1  1.1     0    16     366    (-,-) 
  m_opact_core/g8659/z (u)     in_1->z F     unmapped_nand2         2  2.0     0    19     385    (-,-) 
  m_opact_core/g9352/z (u)     in_0->z R     unmapped_complex2      1  1.1     0    16     401    (-,-) 
  m_opact_core/g8588/z (u)     in_1->z F     unmapped_nand2         2  2.0     0    19     420    (-,-) 
  m_opact_core/g8564/z (u)     in_0->z F     unmapped_complex2      1  1.0     0    16     437    (-,-) 
  m_opact_core/g8565/z (u)     in_1->z R     unmapped_nand2        11 12.1     0    30     466    (-,-) 
  m_opact_core/g8545/z (u)     in_0->z R     unmapped_or2           1  1.1     0    16     483    (-,-) 
  m_opact_core/g8546/z (u)     in_1->z F     unmapped_nand2         1  1.0     0    16     499    (-,-) 
  m_opact_core/g8514/z (u)     in_1->z R     unmapped_nand2         2  2.2     0    19     518    (-,-) 
  m_opact_core/g8422/z (u)     in_1->z R     unmapped_or2           1  1.1     0    16     535    (-,-) 
  m_opact_core/g8423/z (u)     in_1->z F     unmapped_nand2         1  1.0     0    16     551    (-,-) 
  m_opact_core/g7100/z (u)     in_1->z F     unmapped_or2           2  2.0     0    19     570    (-,-) 
  m_opact_core/g9433/z (u)     in_0->z R     unmapped_complex2      1  1.1     0    16     587    (-,-) 
  m_opact_core/g8330/z (u)     in_1->z F     unmapped_nand2         2  2.0     0    19     606    (-,-) 
  m_opact_core/g9442/z (u)     in_0->z F     unmapped_complex2      1  1.0     0    16     622    (-,-) 
  m_opact_core/g8079/z (u)     in_1->z F     unmapped_complex2      1  1.0     0    16     639    (-,-) 
  m_opact_core/g8073/z (u)     in_1->z R     unmapped_nand2         1  1.1     0    16     655    (-,-) 
  m_opact_core/g9456/z (u)     in_0->z R     unmapped_complex2      1  1.1     0    16     672    (-,-) 
  m_opact_core/g8070/z (u)     in_1->z R     unmapped_or2           1 50.0     0    46     718    (-,-) 
  R[12]                -       -       R     (port)                 -    -     -     0     718    (-,-) 
#-------------------------------------------------------------------------------------------------------

(u) : Net has unmapped pin(s).



Path 7: MET (43 ps) Late External Delay Assertion at pin R[9]
          Group: vclk
     Startpoint: (F) B[0]
          Clock: (R) vclk
       Endpoint: (R) R[9]
          Clock: (R) vclk

                     Capture       Launch     
        Clock Edge:+    1000            0     
        Drv Adjust:+       0            0     
       Src Latency:+       0            0     
       Net Latency:+       0 (I)        0 (I) 
           Arrival:=    1000            0     
                                              
      Output Delay:-     200                  
       Uncertainty:-      50                  
     Required Time:=     750                  
      Launch Clock:-       0                  
       Input Delay:-     200                  
         Data Path:-     507                  
             Slack:=      43                  

Exceptions/Constraints:
  input_delay              200             opact_UINT8.sdc_line_14_15_1 
  output_delay             200             opact_UINT8.sdc_line_15_26_1 

#-------------------------------------------------------------------------------------------------------
#    Timing Point      Flags    Arc    Edge       Cell         Fanout Load Trans Delay Arrival Instance 
#                                                                     (fF)  (ps)  (ps)   (ps)  Location 
#-------------------------------------------------------------------------------------------------------
  B[0]                 (u)     -       F     (arrival)              8  8.0     0     0     200    (-,-) 
  m_opact_core/g9065/z (u)     in_1->z R     unmapped_nand2         4  4.4     0    22     222    (-,-) 
  m_opact_core/g9312/z (u)     in_1->z F     unmapped_complex2      1  1.0     0    16     239    (-,-) 
  m_opact_core/g8964/z (u)     in_1->z R     unmapped_nand2         5  5.5     0    24     262    (-,-) 
  m_opact_core/g8911/z (u)     in_1->z F     unmapped_nand2         1  1.0     0    16     279    (-,-) 
  m_opact_core/g8912/z (u)     in_1->z R     unmapped_nand2         1  1.1     0    16     295    (-,-) 
  m_opact_core/g8761/z (u)     in_0->z F     unmapped_complex2      2  2.0     0    19     314    (-,-) 
  m_opact_core/g9339/z (u)     in_0->z R     unmapped_complex2      1  1.1     0    16     330    (-,-) 
  m_opact_core/g8733/z (u)     in_1->z F     unmapped_nand2         2  2.0     0    19     349    (-,-) 
  m_opact_core/g9347/z (u)     in_0->z R     unmapped_complex2      1  1.1     0    16     366    (-,-) 
  m_opact_core/g8663/z (u)     in_1->z F     unmapped_nand2         2  2.0     0    19     385    (-,-) 
  m_opact_core/g8584/z (u)     in_0->z F     unmapped_complex2      1  1.0     0    16     401    (-,-) 
  m_opact_core/g8585/z (u)     in_1->z R     unmapped_nand2         2  2.2     0    19     420    (-,-) 
  m_opact_core/g8577/z (u)     in_0->z R     unmapped_complex2      1  1.1     0    16     437    (-,-) 
  m_opact_core/g8578/z (u)     in_1->z F     unmapped_nand2         2  2.0     0    19     456    (-,-) 
  m_opact_core/g8551/z (u)     in_0->z F     unmapped_complex2      1  1.0     0    16     472    (-,-) 
  m_opact_core/g8552/z (u)     in_1->z R     unmapped_nand2        15 16.5     0    33     505    (-,-) 
  m_opact_core/g8510/z (u)     in_0->z R     unmapped_complex2      1  1.1     0    16     522    (-,-) 
  m_opact_core/g8519/z (u)     in_1->z F     unmapped_nand2         1  1.0     0    16     538    (-,-) 
  m_opact_core/g8480/z (u)     in_0->z R     unmapped_complex2      3  3.3     0    21     559    (-,-) 
  m_opact_core/g9428/z (u)     in_0->z R     unmapped_complex2      2  2.2     0    19     578    (-,-) 
  m_opact_core/g8310/z (u)     in_1->z F     unmapped_complex2      1  1.0     0    16     594    (-,-) 
  m_opact_core/g8311/z (u)     in_1->z R     unmapped_nand2         1  1.1     0    16     611    (-,-) 
  m_opact_core/g8262/z (u)     in_1->z F     unmapped_nand2         1  1.0     0    16     627    (-,-) 
  m_opact_core/g8214/z (u)     in_1->z R     unmapped_nand2         1  1.1     0    16     644    (-,-) 
  m_opact_core/g8105/z (u)     in_0->z F     unmapped_nand2         1  1.0     0    16     660    (-,-) 
  m_opact_core/g8100/z (u)     in_0->z R     unmapped_nand2         1 50.0     0    46     707    (-,-) 
  R[9]                 -       -       R     (port)                 -    -     -     0     707    (-,-) 
#-------------------------------------------------------------------------------------------------------

(u) : Net has unmapped pin(s).



Path 8: MET (60 ps) Late External Delay Assertion at pin R[8]
          Group: vclk
     Startpoint: (F) B[0]
          Clock: (R) vclk
       Endpoint: (R) R[8]
          Clock: (R) vclk

                     Capture       Launch     
        Clock Edge:+    1000            0     
        Drv Adjust:+       0            0     
       Src Latency:+       0            0     
       Net Latency:+       0 (I)        0 (I) 
           Arrival:=    1000            0     
                                              
      Output Delay:-     200                  
       Uncertainty:-      50                  
     Required Time:=     750                  
      Launch Clock:-       0                  
       Input Delay:-     200                  
         Data Path:-     490                  
             Slack:=      60                  

Exceptions/Constraints:
  input_delay              200             opact_UINT8.sdc_line_14_15_1 
  output_delay             200             opact_UINT8.sdc_line_15_27_1 

#-------------------------------------------------------------------------------------------------------
#    Timing Point      Flags    Arc    Edge       Cell         Fanout Load Trans Delay Arrival Instance 
#                                                                     (fF)  (ps)  (ps)   (ps)  Location 
#-------------------------------------------------------------------------------------------------------
  B[0]                 (u)     -       F     (arrival)              8  8.0     0     0     200    (-,-) 
  m_opact_core/g9069/z (u)     in_1->z R     unmapped_nand2         4  4.4     0    22     222    (-,-) 
  m_opact_core/g9314/z (u)     in_1->z F     unmapped_complex2      1  1.0     0    16     239    (-,-) 
  m_opact_core/g8975/z (u)     in_1->z R     unmapped_nand2         3  3.3     0    21     259    (-,-) 
  m_opact_core/g8863/z (u)     in_1->z F     unmapped_nand2         1  1.0     0    16     276    (-,-) 
  m_opact_core/g8864/z (u)     in_1->z R     unmapped_nand2         3  3.3     0    21     296    (-,-) 
  m_opact_core/g8789/z (u)     in_0->z R     unmapped_or2           1  1.1     0    16     313    (-,-) 
  m_opact_core/g8790/z (u)     in_1->z F     unmapped_nand2         3  3.0     0    21     333    (-,-) 
  m_opact_core/g8704/z (u)     in_0->z F     unmapped_or2           1  1.0     0    16     350    (-,-) 
  m_opact_core/g8705/z (u)     in_1->z R     unmapped_nand2         3  3.3     0    21     370    (-,-) 
  m_opact_core/g8629/z (u)     in_0->z R     unmapped_or2           1  1.1     0    16     387    (-,-) 
  m_opact_core/g8630/z (u)     in_1->z F     unmapped_nand2         3  3.0     0    21     408    (-,-) 
  m_opact_core/g8603/z (u)     in_0->z R     unmapped_complex2      2  2.2     0    19     426    (-,-) 
  m_opact_core/g9373/z (u)     in_0->z F     unmapped_complex2      1  1.0     0    16     443    (-,-) 
  m_opact_core/g8570/z (u)     in_1->z R     unmapped_nand2        12 13.2     0    30     474    (-,-) 
  m_opact_core/g9388/z (u)     in_1->z R     unmapped_complex2      1  1.1     0    16     490    (-,-) 
  m_opact_core/g8372/z (u)     in_1->z F     unmapped_nand2         1  1.0     0    16     506    (-,-) 
  m_opact_core/g5125/z (u)     in_1->z R     unmapped_nand2         2  2.2     0    19     525    (-,-) 
  m_opact_core/g9419/z (u)     in_0->z F     unmapped_complex2      1  1.0     0    16     542    (-,-) 
  m_opact_core/g8280/z (u)     in_1->z R     unmapped_nand2         1  1.1     0    16     558    (-,-) 
  m_opact_core/g8194/z (u)     in_0->z F     unmapped_complex2      2  2.0     0    19     577    (-,-) 
  m_opact_core/g8160/z (u)     in_1->z F     unmapped_or2           1  1.0     0    16     594    (-,-) 
  m_opact_core/g8161/z (u)     in_1->z R     unmapped_nand2         1  1.1     0    16     610    (-,-) 
  m_opact_core/g9490/z (u)     in_0->z R     unmapped_complex2      1  1.1     0    16     627    (-,-) 
  m_opact_core/g8104/z (u)     in_1->z F     unmapped_nand2         1  1.0     0    16     643    (-,-) 
  m_opact_core/g8101/z (u)     in_1->z R     unmapped_nand2         1 50.0     0    46     690    (-,-) 
  R[8]                 -       -       R     (port)                 -    -     -     0     690    (-,-) 
#-------------------------------------------------------------------------------------------------------

(u) : Net has unmapped pin(s).



Path 9: MET (72 ps) Late External Delay Assertion at pin R[7]
          Group: vclk
     Startpoint: (F) B[0]
          Clock: (R) vclk
       Endpoint: (R) R[7]
          Clock: (R) vclk

                     Capture       Launch     
        Clock Edge:+    1000            0     
        Drv Adjust:+       0            0     
       Src Latency:+       0            0     
       Net Latency:+       0 (I)        0 (I) 
           Arrival:=    1000            0     
                                              
      Output Delay:-     200                  
       Uncertainty:-      50                  
     Required Time:=     750                  
      Launch Clock:-       0                  
       Input Delay:-     200                  
         Data Path:-     478                  
             Slack:=      72                  

Exceptions/Constraints:
  input_delay              200             opact_UINT8.sdc_line_14_15_1 
  output_delay             200             opact_UINT8.sdc_line_15_28_1 

#-------------------------------------------------------------------------------------------------------
#    Timing Point      Flags    Arc    Edge       Cell         Fanout Load Trans Delay Arrival Instance 
#                                                                     (fF)  (ps)  (ps)   (ps)  Location 
#-------------------------------------------------------------------------------------------------------
  B[0]                 (u)     -       F     (arrival)              8  8.0     0     0     200    (-,-) 
  m_opact_core/g9045/z (u)     in_1->z R     unmapped_nand2         4  4.4     0    22     222    (-,-) 
  m_opact_core/g9298/z (u)     in_1->z F     unmapped_complex2      1  1.0     0    16     239    (-,-) 
  m_opact_core/g8991/z (u)     in_1->z R     unmapped_nand2         3  3.3     0    21     259    (-,-) 
  m_opact_core/g8888/z (u)     in_1->z F     unmapped_nand2         1  1.0     0    16     276    (-,-) 
  m_opact_core/g8889/z (u)     in_1->z R     unmapped_nand2         3  3.3     0    21     296    (-,-) 
  m_opact_core/g9335/z (u)     in_0->z F     unmapped_complex2      2  2.0     0    19     315    (-,-) 
  m_opact_core/g8686/z (u)     in_0->z F     unmapped_or2           1  1.0     0    16     332    (-,-) 
  m_opact_core/g8687/z (u)     in_1->z R     unmapped_nand2         1  1.1     0    16     348    (-,-) 
  m_opact_core/g9345/z (u)     in_1->z F     unmapped_complex2      1  1.0     0    16     365    (-,-) 
  m_opact_core/g8445/z (u)     in_0->z R     unmapped_nand2         3  3.3     0    21     385    (-,-) 
  m_opact_core/g4411/z (u)     in_1->z F     unmapped_nand2         2  2.0     0    19     404    (-,-) 
  m_opact_core/g9360/z (u)     in_0->z R     unmapped_complex2      1  1.1     0    16     421    (-,-) 
  m_opact_core/g8334/z (u)     in_1->z F     unmapped_nand2         2  2.0     0    19     440    (-,-) 
  m_opact_core/g9377/z (u)     in_0->z R     unmapped_complex2      2  2.2     0    19     458    (-,-) 
  m_opact_core/g8196/z (u)     in_1->z F     unmapped_complex2      1  1.0     0    16     475    (-,-) 
  m_opact_core/g8197/z (u)     in_1->z R     unmapped_nand2         3  3.3     0    21     496    (-,-) 
  m_opact_core/g4423/z (u)     in_1->z F     unmapped_nand2         7  7.0     0    26     522    (-,-) 
  m_opact_core/g9409/z (u)     in_0->z R     unmapped_complex2      1  1.1     0    16     538    (-,-) 
  m_opact_core/g8135/z (u)     in_1->z F     unmapped_nand2         4  4.0     0    22     560    (-,-) 
  m_opact_core/g5754/z (u)     in_1->z R     unmapped_complex2      4  4.4     0    22     582    (-,-) 
  m_opact_core/g9439/z (u)     in_0->z F     unmapped_complex2      1  1.0     0    16     599    (-,-) 
  m_opact_core/g8113/z (u)     in_1->z R     unmapped_nand2         1  1.1     0    16     615    (-,-) 
  m_opact_core/g8092/z (u)     in_0->z F     unmapped_complex2      1  1.0     0    16     632    (-,-) 
  m_opact_core/g8089/z (u)     in_0->z R     unmapped_nand2         1 50.0     0    46     678    (-,-) 
  R[7]                 -       -       R     (port)                 -    -     -     0     678    (-,-) 
#-------------------------------------------------------------------------------------------------------

(u) : Net has unmapped pin(s).



Path 10: MET (88 ps) Late External Delay Assertion at pin R[6]
          Group: vclk
     Startpoint: (R) B[0]
          Clock: (R) vclk
       Endpoint: (R) R[6]
          Clock: (R) vclk

                     Capture       Launch     
        Clock Edge:+    1000            0     
        Drv Adjust:+       0            0     
       Src Latency:+       0            0     
       Net Latency:+       0 (I)        0 (I) 
           Arrival:=    1000            0     
                                              
      Output Delay:-     200                  
       Uncertainty:-      50                  
     Required Time:=     750                  
      Launch Clock:-       0                  
       Input Delay:-     200                  
         Data Path:-     462                  
             Slack:=      88                  

Exceptions/Constraints:
  input_delay              200             opact_UINT8.sdc_line_14_15_1 
  output_delay             200             opact_UINT8.sdc_line_15_29_1 

#-------------------------------------------------------------------------------------------------------
#    Timing Point      Flags    Arc    Edge       Cell         Fanout Load Trans Delay Arrival Instance 
#                                                                     (fF)  (ps)  (ps)   (ps)  Location 
#-------------------------------------------------------------------------------------------------------
  B[0]                 (u)     -       R     (arrival)              8  8.8     0     0     200    (-,-) 
  m_opact_core/g9045/z (u)     in_1->z F     unmapped_nand2         4  4.0     0    22     222    (-,-) 
  m_opact_core/g9298/z (u)     in_1->z R     unmapped_complex2      1  1.1     0    16     239    (-,-) 
  m_opact_core/g8991/z (u)     in_1->z F     unmapped_nand2         3  3.0     0    21     259    (-,-) 
  m_opact_core/g8888/z (u)     in_1->z R     unmapped_nand2         1  1.1     0    16     276    (-,-) 
  m_opact_core/g8889/z (u)     in_1->z F     unmapped_nand2         3  3.0     0    21     296    (-,-) 
  m_opact_core/g9335/z (u)     in_0->z R     unmapped_complex2      2  2.2     0    19     315    (-,-) 
  m_opact_core/g8686/z (u)     in_0->z R     unmapped_or2           1  1.1     0    16     332    (-,-) 
  m_opact_core/g8687/z (u)     in_1->z F     unmapped_nand2         1  1.0     0    16     348    (-,-) 
  m_opact_core/g9345/z (u)     in_1->z R     unmapped_complex2      1  1.1     0    16     365    (-,-) 
  m_opact_core/g8445/z (u)     in_0->z F     unmapped_nand2         3  3.0     0    21     385    (-,-) 
  m_opact_core/g4411/z (u)     in_1->z R     unmapped_nand2         2  2.2     0    19     404    (-,-) 
  m_opact_core/g9360/z (u)     in_0->z F     unmapped_complex2      1  1.0     0    16     421    (-,-) 
  m_opact_core/g8334/z (u)     in_1->z R     unmapped_nand2         2  2.2     0    19     440    (-,-) 
  m_opact_core/g9377/z (u)     in_0->z F     unmapped_complex2      2  2.0     0    19     458    (-,-) 
  m_opact_core/g8196/z (u)     in_1->z R     unmapped_complex2      1  1.1     0    16     475    (-,-) 
  m_opact_core/g8197/z (u)     in_1->z F     unmapped_nand2         3  3.0     0    21     496    (-,-) 
  m_opact_core/g4423/z (u)     in_1->z R     unmapped_nand2         7  7.7     0    26     522    (-,-) 
  m_opact_core/g9409/z (u)     in_0->z F     unmapped_complex2      1  1.0     0    16     538    (-,-) 
  m_opact_core/g8135/z (u)     in_1->z R     unmapped_nand2         4  4.4     0    22     560    (-,-) 
  m_opact_core/g8119/z (u)     in_0->z F     unmapped_nand2         4  4.0     0    22     582    (-,-) 
  m_opact_core/g8116/z (u)     in_1->z F     unmapped_or2           1  1.0     0    16     599    (-,-) 
  m_opact_core/g8117/z (u)     in_1->z R     unmapped_nand2         1  1.1     0    16     615    (-,-) 
  m_opact_core/g9488/z (u)     in_0->z R     unmapped_complex2      1 50.0     0    46     662    (-,-) 
  R[6]                 -       -       R     (port)                 -    -     -     0     662    (-,-) 
#-------------------------------------------------------------------------------------------------------

(u) : Net has unmapped pin(s).



Path 11: MET (158 ps) Late External Delay Assertion at pin R[5]
          Group: vclk
     Startpoint: (F) B[0]
          Clock: (R) vclk
       Endpoint: (R) R[5]
          Clock: (R) vclk

                     Capture       Launch     
        Clock Edge:+    1000            0     
        Drv Adjust:+       0            0     
       Src Latency:+       0            0     
       Net Latency:+       0 (I)        0 (I) 
           Arrival:=    1000            0     
                                              
      Output Delay:-     200                  
       Uncertainty:-      50                  
     Required Time:=     750                  
      Launch Clock:-       0                  
       Input Delay:-     200                  
         Data Path:-     392                  
             Slack:=     158                  

Exceptions/Constraints:
  input_delay              200             opact_UINT8.sdc_line_14_15_1 
  output_delay             200             opact_UINT8.sdc_line_15_30_1 

#-------------------------------------------------------------------------------------------------------
#    Timing Point      Flags    Arc    Edge       Cell         Fanout Load Trans Delay Arrival Instance 
#                                                                     (fF)  (ps)  (ps)   (ps)  Location 
#-------------------------------------------------------------------------------------------------------
  B[0]                 (u)     -       F     (arrival)              8  8.0     0     0     200    (-,-) 
  m_opact_core/g9045/z (u)     in_1->z R     unmapped_nand2         4  4.4     0    22     222    (-,-) 
  m_opact_core/g9298/z (u)     in_1->z F     unmapped_complex2      1  1.0     0    16     239    (-,-) 
  m_opact_core/g8991/z (u)     in_1->z R     unmapped_nand2         3  3.3     0    21     259    (-,-) 
  m_opact_core/g8888/z (u)     in_1->z F     unmapped_nand2         1  1.0     0    16     276    (-,-) 
  m_opact_core/g8889/z (u)     in_1->z R     unmapped_nand2         3  3.3     0    21     296    (-,-) 
  m_opact_core/g9335/z (u)     in_0->z F     unmapped_complex2      2  2.0     0    19     315    (-,-) 
  m_opact_core/g8686/z (u)     in_0->z F     unmapped_or2           1  1.0     0    16     332    (-,-) 
  m_opact_core/g8687/z (u)     in_1->z R     unmapped_nand2         1  1.1     0    16     348    (-,-) 
  m_opact_core/g9345/z (u)     in_1->z F     unmapped_complex2      1  1.0     0    16     365    (-,-) 
  m_opact_core/g8445/z (u)     in_0->z R     unmapped_nand2         3  3.3     0    21     385    (-,-) 
  m_opact_core/g4411/z (u)     in_1->z F     unmapped_nand2         2  2.0     0    19     404    (-,-) 
  m_opact_core/g9360/z (u)     in_0->z R     unmapped_complex2      1  1.1     0    16     421    (-,-) 
  m_opact_core/g8334/z (u)     in_1->z F     unmapped_nand2         2  2.0     0    19     440    (-,-) 
  m_opact_core/g9377/z (u)     in_0->z R     unmapped_complex2      2  2.2     0    19     458    (-,-) 
  m_opact_core/g8196/z (u)     in_1->z F     unmapped_complex2      1  1.0     0    16     475    (-,-) 
  m_opact_core/g8197/z (u)     in_1->z R     unmapped_nand2         3  3.3     0    21     496    (-,-) 
  m_opact_core/g9407/z (u)     in_0->z F     unmapped_complex2      1  1.0     0    16     512    (-,-) 
  m_opact_core/g8165/z (u)     in_1->z R     unmapped_nand2         1  1.1     0    16     529    (-,-) 
  m_opact_core/g8138/z (u)     in_1->z F     unmapped_nand2         1  1.0     0    16     545    (-,-) 
  m_opact_core/g8129/z (u)     in_1->z R     unmapped_nand2         1 50.0     0    46     592    (-,-) 
  R[5]                 -       -       R     (port)                 -    -     -     0     592    (-,-) 
#-------------------------------------------------------------------------------------------------------

(u) : Net has unmapped pin(s).



Path 12: MET (212 ps) Late External Delay Assertion at pin R[4]
          Group: vclk
     Startpoint: (R) B[0]
          Clock: (R) vclk
       Endpoint: (R) R[4]
          Clock: (R) vclk

                     Capture       Launch     
        Clock Edge:+    1000            0     
        Drv Adjust:+       0            0     
       Src Latency:+       0            0     
       Net Latency:+       0 (I)        0 (I) 
           Arrival:=    1000            0     
                                              
      Output Delay:-     200                  
       Uncertainty:-      50                  
     Required Time:=     750                  
      Launch Clock:-       0                  
       Input Delay:-     200                  
         Data Path:-     338                  
             Slack:=     212                  

Exceptions/Constraints:
  input_delay              200             opact_UINT8.sdc_line_14_15_1 
  output_delay             200             opact_UINT8.sdc_line_15_31_1 

#-------------------------------------------------------------------------------------------------------
#    Timing Point      Flags    Arc    Edge       Cell         Fanout Load Trans Delay Arrival Instance 
#                                                                     (fF)  (ps)  (ps)   (ps)  Location 
#-------------------------------------------------------------------------------------------------------
  B[0]                 (u)     -       R     (arrival)              8  8.8     0     0     200    (-,-) 
  m_opact_core/g9045/z (u)     in_1->z F     unmapped_nand2         4  4.0     0    22     222    (-,-) 
  m_opact_core/g9298/z (u)     in_1->z R     unmapped_complex2      1  1.1     0    16     239    (-,-) 
  m_opact_core/g8991/z (u)     in_1->z F     unmapped_nand2         3  3.0     0    21     259    (-,-) 
  m_opact_core/g8888/z (u)     in_1->z R     unmapped_nand2         1  1.1     0    16     276    (-,-) 
  m_opact_core/g8889/z (u)     in_1->z F     unmapped_nand2         3  3.0     0    21     296    (-,-) 
  m_opact_core/g9335/z (u)     in_0->z R     unmapped_complex2      2  2.2     0    19     315    (-,-) 
  m_opact_core/g8686/z (u)     in_0->z R     unmapped_or2           1  1.1     0    16     332    (-,-) 
  m_opact_core/g8687/z (u)     in_1->z F     unmapped_nand2         1  1.0     0    16     348    (-,-) 
  m_opact_core/g9345/z (u)     in_1->z R     unmapped_complex2      1  1.1     0    16     365    (-,-) 
  m_opact_core/g8445/z (u)     in_0->z F     unmapped_nand2         3  3.0     0    21     385    (-,-) 
  m_opact_core/g4411/z (u)     in_1->z R     unmapped_nand2         2  2.2     0    19     404    (-,-) 
  m_opact_core/g9360/z (u)     in_0->z F     unmapped_complex2      1  1.0     0    16     421    (-,-) 
  m_opact_core/g8334/z (u)     in_1->z R     unmapped_nand2         2  2.2     0    19     440    (-,-) 
  m_opact_core/g8271/z (u)     in_0->z F     unmapped_complex2      2  2.0     0    19     458    (-,-) 
  m_opact_core/g8228/z (u)     in_1->z F     unmapped_or2           1  1.0     0    16     475    (-,-) 
  m_opact_core/g8229/z (u)     in_1->z R     unmapped_nand2         1  1.1     0    16     492    (-,-) 
  m_opact_core/g9479/z (u)     in_0->z R     unmapped_complex2      1 50.0     0    46     538    (-,-) 
  R[4]                 -       -       R     (port)                 -    -     -     0     538    (-,-) 
#-------------------------------------------------------------------------------------------------------

(u) : Net has unmapped pin(s).



Path 13: MET (269 ps) Late External Delay Assertion at pin R[3]
          Group: vclk
     Startpoint: (F) B[0]
          Clock: (R) vclk
       Endpoint: (R) R[3]
          Clock: (R) vclk

                     Capture       Launch     
        Clock Edge:+    1000            0     
        Drv Adjust:+       0            0     
       Src Latency:+       0            0     
       Net Latency:+       0 (I)        0 (I) 
           Arrival:=    1000            0     
                                              
      Output Delay:-     200                  
       Uncertainty:-      50                  
     Required Time:=     750                  
      Launch Clock:-       0                  
       Input Delay:-     200                  
         Data Path:-     281                  
             Slack:=     269                  

Exceptions/Constraints:
  input_delay              200             opact_UINT8.sdc_line_14_15_1 
  output_delay             200             opact_UINT8.sdc_line_15_32_1 

#-------------------------------------------------------------------------------------------------------
#    Timing Point      Flags    Arc    Edge       Cell         Fanout Load Trans Delay Arrival Instance 
#                                                                     (fF)  (ps)  (ps)   (ps)  Location 
#-------------------------------------------------------------------------------------------------------
  B[0]                 (u)     -       F     (arrival)              8  8.0     0     0     200    (-,-) 
  m_opact_core/g9045/z (u)     in_1->z R     unmapped_nand2         4  4.4     0    22     222    (-,-) 
  m_opact_core/g9298/z (u)     in_1->z F     unmapped_complex2      1  1.0     0    16     239    (-,-) 
  m_opact_core/g8991/z (u)     in_1->z R     unmapped_nand2         3  3.3     0    21     259    (-,-) 
  m_opact_core/g8888/z (u)     in_1->z F     unmapped_nand2         1  1.0     0    16     276    (-,-) 
  m_opact_core/g8889/z (u)     in_1->z R     unmapped_nand2         3  3.3     0    21     296    (-,-) 
  m_opact_core/g9335/z (u)     in_0->z F     unmapped_complex2      2  2.0     0    19     315    (-,-) 
  m_opact_core/g8686/z (u)     in_0->z F     unmapped_or2           1  1.0     0    16     332    (-,-) 
  m_opact_core/g8687/z (u)     in_1->z R     unmapped_nand2         1  1.1     0    16     348    (-,-) 
  m_opact_core/g9345/z (u)     in_1->z F     unmapped_complex2      1  1.0     0    16     365    (-,-) 
  m_opact_core/g8445/z (u)     in_0->z R     unmapped_nand2         3  3.3     0    21     385    (-,-) 
  m_opact_core/g9358/z (u)     in_0->z F     unmapped_complex2      1  1.0     0    16     402    (-,-) 
  m_opact_core/g8363/z (u)     in_1->z R     unmapped_nand2         1  1.1     0    16     418    (-,-) 
  m_opact_core/g8312/z (u)     in_0->z F     unmapped_complex2      1  1.0     0    16     435    (-,-) 
  m_opact_core/g8267/z (u)     in_1->z R     unmapped_nand2         1 50.0     0    46     481    (-,-) 
  R[3]                 -       -       R     (port)                 -    -     -     0     481    (-,-) 
#-------------------------------------------------------------------------------------------------------

(u) : Net has unmapped pin(s).



Path 14: MET (271 ps) Late External Delay Assertion at pin R[1]
          Group: vclk
     Startpoint: (F) Conf_Bit_Mask[1]
          Clock: (R) vclk
       Endpoint: (R) R[1]
          Clock: (R) vclk

                     Capture       Launch     
        Clock Edge:+    1000            0     
        Drv Adjust:+       0            0     
       Src Latency:+       0            0     
       Net Latency:+       0 (I)        0 (I) 
           Arrival:=    1000            0     
                                              
      Output Delay:-     200                  
       Uncertainty:-      50                  
     Required Time:=     750                  
      Launch Clock:-       0                  
       Input Delay:-     200                  
         Data Path:-     279                  
             Slack:=     271                  

Exceptions/Constraints:
  input_delay              200             opact_UINT8.sdc_line_14_20_1 
  output_delay             200             opact_UINT8.sdc_line_15_34_1 

#------------------------------------------------------------------------------------------------------------------
#          Timing Point           Flags    Arc    Edge       Cell         Fanout Load Trans Delay Arrival Instance 
#                                                                                (fF)  (ps)  (ps)   (ps)  Location 
#------------------------------------------------------------------------------------------------------------------
  Conf_Bit_Mask[1]                (u)     -       F     (arrival)             19 19.0     0     0     200    (-,-) 
  m_opact_core/g1550_create/g93/z (u)     in_1->z F     unmapped_complex2      2  2.0     0    19     219    (-,-) 
  m_opact_core/g1550_create/g98/z (u)     in_0->z R     unmapped_nor2          2  2.2     0    19     238    (-,-) 
  m_opact_core/g9097/z            (u)     in_1->z R     unmapped_or2           1  1.1     0    16     254    (-,-) 
  m_opact_core/g8995/z            (u)     in_0->z R     unmapped_or2           1  1.1     0    16     271    (-,-) 
  m_opact_core/g4438/z            (u)     in_0->z R     unmapped_or2           1  1.1     0    16     287    (-,-) 
  m_opact_core/g8822/z            (u)     in_0->z F     unmapped_complex2      1  1.0     0    16     304    (-,-) 
  m_opact_core/g8744/z            (u)     in_1->z R     unmapped_complex2      1  1.1     0    16     320    (-,-) 
  m_opact_core/g4815/z            (u)     in_0->z R     unmapped_or2           1  1.1     0    16     337    (-,-) 
  m_opact_core/g8582/z            (u)     in_0->z F     unmapped_complex2      1  1.0     0    16     353    (-,-) 
  m_opact_core/g8571/z            (u)     in_0->z R     unmapped_complex2      3  3.3     0    21     374    (-,-) 
  m_opact_core/g8561/z            (u)     in_0->z R     unmapped_or2           7  7.7     0    26     400    (-,-) 
  m_opact_core/g8513/z            (u)     in_1->z R     unmapped_or2           1  1.1     0    16     416    (-,-) 
  m_opact_core/g8432/z            (u)     in_0->z F     unmapped_complex2      1  1.0     0    16     433    (-,-) 
  m_opact_core/g8364/z            (u)     in_1->z R     unmapped_nand2         1 50.0     0    46     479    (-,-) 
  R[1]                            -       -       R     (port)                 -    -     -     0     479    (-,-) 
#------------------------------------------------------------------------------------------------------------------

(u) : Net has unmapped pin(s).



Path 15: MET (271 ps) Late External Delay Assertion at pin R[2]
          Group: vclk
     Startpoint: (F) Conf_Bit_Mask[1]
          Clock: (R) vclk
       Endpoint: (R) R[2]
          Clock: (R) vclk

                     Capture       Launch     
        Clock Edge:+    1000            0     
        Drv Adjust:+       0            0     
       Src Latency:+       0            0     
       Net Latency:+       0 (I)        0 (I) 
           Arrival:=    1000            0     
                                              
      Output Delay:-     200                  
       Uncertainty:-      50                  
     Required Time:=     750                  
      Launch Clock:-       0                  
       Input Delay:-     200                  
         Data Path:-     279                  
             Slack:=     271                  

Exceptions/Constraints:
  input_delay              200             opact_UINT8.sdc_line_14_20_1 
  output_delay             200             opact_UINT8.sdc_line_15_33_1 

#------------------------------------------------------------------------------------------------------------------
#          Timing Point           Flags    Arc    Edge       Cell         Fanout Load Trans Delay Arrival Instance 
#                                                                                (fF)  (ps)  (ps)   (ps)  Location 
#------------------------------------------------------------------------------------------------------------------
  Conf_Bit_Mask[1]                (u)     -       F     (arrival)             19 19.0     0     0     200    (-,-) 
  m_opact_core/g1550_create/g93/z (u)     in_1->z F     unmapped_complex2      2  2.0     0    19     219    (-,-) 
  m_opact_core/g1550_create/g98/z (u)     in_0->z R     unmapped_nor2          2  2.2     0    19     238    (-,-) 
  m_opact_core/g9097/z            (u)     in_1->z R     unmapped_or2           1  1.1     0    16     254    (-,-) 
  m_opact_core/g8995/z            (u)     in_0->z R     unmapped_or2           1  1.1     0    16     271    (-,-) 
  m_opact_core/g4438/z            (u)     in_0->z R     unmapped_or2           1  1.1     0    16     287    (-,-) 
  m_opact_core/g8822/z            (u)     in_0->z F     unmapped_complex2      1  1.0     0    16     304    (-,-) 
  m_opact_core/g8744/z            (u)     in_1->z R     unmapped_complex2      1  1.1     0    16     320    (-,-) 
  m_opact_core/g4815/z            (u)     in_0->z R     unmapped_or2           1  1.1     0    16     337    (-,-) 
  m_opact_core/g8582/z            (u)     in_0->z F     unmapped_complex2      1  1.0     0    16     353    (-,-) 
  m_opact_core/g8571/z            (u)     in_0->z R     unmapped_complex2      3  3.3     0    21     374    (-,-) 
  m_opact_core/g8561/z            (u)     in_0->z R     unmapped_or2           7  7.7     0    26     400    (-,-) 
  m_opact_core/g8516/z            (u)     in_0->z F     unmapped_nand2         1  1.0     0    16     416    (-,-) 
  m_opact_core/g8365/z            (u)     in_0->z R     unmapped_nand2         1  1.1     0    16     433    (-,-) 
  m_opact_core/g9384/z            (u)     in_0->z R     unmapped_complex2      1 50.0     0    46     479    (-,-) 
  R[2]                            -       -       R     (port)                 -    -     -     0     479    (-,-) 
#------------------------------------------------------------------------------------------------------------------

(u) : Net has unmapped pin(s).



Path 16: MET (504 ps) Late External Delay Assertion at pin R[0]
          Group: vclk
     Startpoint: (R) B[0]
          Clock: (R) vclk
       Endpoint: (R) R[0]
          Clock: (R) vclk

                     Capture       Launch     
        Clock Edge:+    1000            0     
        Drv Adjust:+       0            0     
       Src Latency:+       0            0     
       Net Latency:+       0 (I)        0 (I) 
           Arrival:=    1000            0     
                                              
      Output Delay:-     200                  
       Uncertainty:-      50                  
     Required Time:=     750                  
      Launch Clock:-       0                  
       Input Delay:-     200                  
         Data Path:-      46                  
             Slack:=     504                  

Exceptions/Constraints:
  input_delay              200             opact_UINT8.sdc_line_14_15_1 
  output_delay             200             opact_UINT8.sdc_line_15_35_1 

#---------------------------------------------------------------------------------------------------
#    Timing Point      Flags    Arc    Edge     Cell       Fanout Load Trans Delay Arrival Instance 
#                                                                 (fF)  (ps)  (ps)   (ps)  Location 
#---------------------------------------------------------------------------------------------------
  B[0]                 (u)     -       R     (arrival)          8  8.8     0     0     200    (-,-) 
  m_opact_core/g9099/z (u)     in_1->z R     unmapped_and2      1 50.0     0    46     246    (-,-) 
  R[0]                 -       -       R     (port)             -    -     -     0     246    (-,-) 
#---------------------------------------------------------------------------------------------------

(u) : Net has unmapped pin(s).

