============================================================
  Generated by:           Genus(TM) Synthesis Solution 21.10-p002_1
  Generated on:           Jun 19 2026  11:17:38 am
  Module:                 acbam_UINT8
  Operating conditions:   PVT_1P1V_0C (balanced_tree)
  Wireload mode:          enclosed
  Area mode:              timing library
============================================================


Path 1: VIOLATED (-96 ps) Late External Delay Assertion at pin R[13]
          Group: vclk
     Startpoint: (F) Conf_Bit_Mask[0]
          Clock: (R) vclk
       Endpoint: (R) R[13]
          Clock: (R) vclk

                     Capture       Launch     
        Clock Edge:+    1000            0     
        Drv Adjust:+       0            0     
       Src Latency:+       0            0     
       Net Latency:+       0 (I)        0 (I) 
           Arrival:=    1000            0     
                                              
      Output Delay:-     200                  
       Uncertainty:-      50                  
     Required Time:=     750                  
      Launch Clock:-       0                  
       Input Delay:-     200                  
         Data Path:-     646                  
             Slack:=     -96                  

Exceptions/Constraints:
  input_delay              200             acbam_UINT8.sdc_line_14_21_1 
  output_delay             200             acbam_UINT8.sdc_line_15_22_1 

#------------------------------------------------------------------------------------------------------------------------------
#                Timing Point                 Flags    Arc    Edge       Cell         Fanout Load Trans Delay Arrival Instance 
#                                                                                            (fF)  (ps)  (ps)   (ps)  Location 
#------------------------------------------------------------------------------------------------------------------------------
  Conf_Bit_Mask[0]                            (u)     -       F     (arrival)              4  4.0     0     0     200    (-,-) 
  m_core/g5632/z                              (u)     in_1->z F     unmapped_or2           5  5.0     0    24     224    (-,-) 
  m_core/g7248/z                              (u)     in_0->z F     unmapped_or2           1  1.0     0    16     240    (-,-) 
  m_core/g7199/z                              (u)     in_1->z R     unmapped_nand2         1  1.1     0    16     256    (-,-) 
  m_core/g7160/z                              (u)     in_0->z F     unmapped_complex2      1  1.0     0    16     273    (-,-) 
  m_core/g7132/z                              (u)     in_0->z R     unmapped_nand2         1  1.1     0    16     290    (-,-) 
  m_core/g7090/z                              (u)     in_1->z R     unmapped_complex2      1  1.1     0    16     306    (-,-) 
  m_core/g7060/z                              (u)     in_1->z F     unmapped_nand2         2  2.0     0    19     325    (-,-) 
  m_core/g5511/z                              (u)     in_0->z R     unmapped_complex2      1  1.1     0    16     341    (-,-) 
  m_core/g7030/z                              (u)     in_0->z F     unmapped_complex2      4  4.0     0    22     364    (-,-) 
  m_core/g5759/z                              (u)     in_1->z R     unmapped_nand2         6  6.6     0    25     388    (-,-) 
  m_core/g6963/z                              (u)     in_0->z F     unmapped_complex2      8  8.0     0    27     415    (-,-) 
  m_core/g6929/z                              (u)     in_0->z F     unmapped_complex2      1  1.0     0    16     432    (-,-) 
  m_core/g6876/z                              (u)     in_0->z R     unmapped_nand2         4  4.4     0    22     454    (-,-) 
  m_core/g5844/z                              (u)     in_0->z R     unmapped_or2           1  1.1     0    16     470    (-,-) 
  m_core/g6816/z                              (u)     in_0->z F     unmapped_nand2         1  1.0     0    16     487    (-,-) 
  m_core/g6805/z                              (u)     in_0->z R     unmapped_nand2         4  4.4     0    22     509    (-,-) 
  m_core/WALLACE_CSA_DUMMY_OP6_groupi/g1222/z (u)     in_0->z F     unmapped_complex2      1  1.0     0    16     526    (-,-) 
  m_core/WALLACE_CSA_DUMMY_OP6_groupi/g1223/z (u)     in_1->z R     unmapped_nand2         2  2.2     0    19     544    (-,-) 
  m_core/WALLACE_CSA_DUMMY_OP6_groupi/g1144/z (u)     in_1->z R     unmapped_complex2      1  1.1     0    16     561    (-,-) 
  m_core/WALLACE_CSA_DUMMY_OP6_groupi/g1145/z (u)     in_1->z F     unmapped_nand2         4  4.0     0    22     583    (-,-) 
  m_core/WALLACE_CSA_DUMMY_OP6_groupi/g1103/z (u)     in_0->z R     unmapped_complex2      1  1.1     0    16     600    (-,-) 
  m_core/WALLACE_CSA_DUMMY_OP6_groupi/g1073/z (u)     in_1->z F     unmapped_nand2         1  1.0     0    16     616    (-,-) 
  m_core/WALLACE_CSA_DUMMY_OP6_groupi/g1024/z (u)     in_1->z F     unmapped_complex2      2  2.0     0    19     635    (-,-) 
  m_core/WALLACE_CSA_DUMMY_OP6_groupi/g754/z  (u)     in_1->z F     unmapped_or2           3  3.0     0    21     656    (-,-) 
  m_core/WALLACE_CSA_DUMMY_OP6_groupi/g819/z  (u)     in_1->z R     unmapped_complex2      1  1.1     0    16     672    (-,-) 
  m_core/WALLACE_CSA_DUMMY_OP6_groupi/g997/z  (u)     in_0->z F     unmapped_nand2         2  2.0     0    19     691    (-,-) 
  m_core/WALLACE_CSA_DUMMY_OP6_groupi/g978/z  (u)     in_1->z R     unmapped_complex2      1  1.1     0    16     707    (-,-) 
  m_core/WALLACE_CSA_DUMMY_OP6_groupi/g969/z  (u)     in_0->z F     unmapped_nand2         1  1.0     0    16     724    (-,-) 
  m_core/WALLACE_CSA_DUMMY_OP6_groupi/g961/z  (u)     in_1->z F     unmapped_complex2      5  5.0     0    24     747    (-,-) 
  m_core/WALLACE_CSA_DUMMY_OP6_groupi/g947/z  (u)     in_0->z R     unmapped_nand2         1  1.1     0    16     764    (-,-) 
  m_core/WALLACE_CSA_DUMMY_OP6_groupi/g945/z  (u)     in_1->z F     unmapped_nand2         2  2.0     0    19     783    (-,-) 
  m_core/WALLACE_CSA_DUMMY_OP6_groupi/g932/z  (u)     in_0->z F     unmapped_or2           1  1.0     0    16     799    (-,-) 
  m_core/WALLACE_CSA_DUMMY_OP6_groupi/g933/z  (u)     in_1->z R     unmapped_nand2         1 50.0     0    46     846    (-,-) 
  R[13]                                       -       -       R     (port)                 -    -     -     0     846    (-,-) 
#------------------------------------------------------------------------------------------------------------------------------

(u) : Net has unmapped pin(s).



Path 2: VIOLATED (-96 ps) Late External Delay Assertion at pin R[14]
          Group: vclk
     Startpoint: (F) Conf_Bit_Mask[0]
          Clock: (R) vclk
       Endpoint: (R) R[14]
          Clock: (R) vclk

                     Capture       Launch     
        Clock Edge:+    1000            0     
        Drv Adjust:+       0            0     
       Src Latency:+       0            0     
       Net Latency:+       0 (I)        0 (I) 
           Arrival:=    1000            0     
                                              
      Output Delay:-     200                  
       Uncertainty:-      50                  
     Required Time:=     750                  
      Launch Clock:-       0                  
       Input Delay:-     200                  
         Data Path:-     646                  
             Slack:=     -96                  

Exceptions/Constraints:
  input_delay              200             acbam_UINT8.sdc_line_14_21_1 
  output_delay             200             acbam_UINT8.sdc_line_15_21_1 

#------------------------------------------------------------------------------------------------------------------------------
#                Timing Point                 Flags    Arc    Edge       Cell         Fanout Load Trans Delay Arrival Instance 
#                                                                                            (fF)  (ps)  (ps)   (ps)  Location 
#------------------------------------------------------------------------------------------------------------------------------
  Conf_Bit_Mask[0]                            (u)     -       F     (arrival)              4  4.0     0     0     200    (-,-) 
  m_core/g5632/z                              (u)     in_1->z F     unmapped_or2           5  5.0     0    24     224    (-,-) 
  m_core/g7248/z                              (u)     in_0->z F     unmapped_or2           1  1.0     0    16     240    (-,-) 
  m_core/g7199/z                              (u)     in_1->z R     unmapped_nand2         1  1.1     0    16     256    (-,-) 
  m_core/g7160/z                              (u)     in_0->z F     unmapped_complex2      1  1.0     0    16     273    (-,-) 
  m_core/g7132/z                              (u)     in_0->z R     unmapped_nand2         1  1.1     0    16     290    (-,-) 
  m_core/g7090/z                              (u)     in_1->z R     unmapped_complex2      1  1.1     0    16     306    (-,-) 
  m_core/g7060/z                              (u)     in_1->z F     unmapped_nand2         2  2.0     0    19     325    (-,-) 
  m_core/g5511/z                              (u)     in_0->z R     unmapped_complex2      1  1.1     0    16     341    (-,-) 
  m_core/g7030/z                              (u)     in_0->z F     unmapped_complex2      4  4.0     0    22     364    (-,-) 
  m_core/g5759/z                              (u)     in_1->z R     unmapped_nand2         6  6.6     0    25     388    (-,-) 
  m_core/g6963/z                              (u)     in_0->z F     unmapped_complex2      8  8.0     0    27     415    (-,-) 
  m_core/g6929/z                              (u)     in_0->z F     unmapped_complex2      1  1.0     0    16     432    (-,-) 
  m_core/g6876/z                              (u)     in_0->z R     unmapped_nand2         4  4.4     0    22     454    (-,-) 
  m_core/g5844/z                              (u)     in_0->z R     unmapped_or2           1  1.1     0    16     470    (-,-) 
  m_core/g6816/z                              (u)     in_0->z F     unmapped_nand2         1  1.0     0    16     487    (-,-) 
  m_core/g6805/z                              (u)     in_0->z R     unmapped_nand2         4  4.4     0    22     509    (-,-) 
  m_core/WALLACE_CSA_DUMMY_OP6_groupi/g1222/z (u)     in_0->z F     unmapped_complex2      1  1.0     0    16     526    (-,-) 
  m_core/WALLACE_CSA_DUMMY_OP6_groupi/g1223/z (u)     in_1->z R     unmapped_nand2         2  2.2     0    19     544    (-,-) 
  m_core/WALLACE_CSA_DUMMY_OP6_groupi/g1144/z (u)     in_1->z R     unmapped_complex2      1  1.1     0    16     561    (-,-) 
  m_core/WALLACE_CSA_DUMMY_OP6_groupi/g1145/z (u)     in_1->z F     unmapped_nand2         4  4.0     0    22     583    (-,-) 
  m_core/WALLACE_CSA_DUMMY_OP6_groupi/g1103/z (u)     in_0->z R     unmapped_complex2      1  1.1     0    16     600    (-,-) 
  m_core/WALLACE_CSA_DUMMY_OP6_groupi/g1073/z (u)     in_1->z F     unmapped_nand2         1  1.0     0    16     616    (-,-) 
  m_core/WALLACE_CSA_DUMMY_OP6_groupi/g1024/z (u)     in_1->z F     unmapped_complex2      2  2.0     0    19     635    (-,-) 
  m_core/WALLACE_CSA_DUMMY_OP6_groupi/g754/z  (u)     in_1->z F     unmapped_or2           3  3.0     0    21     656    (-,-) 
  m_core/WALLACE_CSA_DUMMY_OP6_groupi/g819/z  (u)     in_1->z R     unmapped_complex2      1  1.1     0    16     672    (-,-) 
  m_core/WALLACE_CSA_DUMMY_OP6_groupi/g997/z  (u)     in_0->z F     unmapped_nand2         2  2.0     0    19     691    (-,-) 
  m_core/WALLACE_CSA_DUMMY_OP6_groupi/g978/z  (u)     in_1->z R     unmapped_complex2      1  1.1     0    16     707    (-,-) 
  m_core/WALLACE_CSA_DUMMY_OP6_groupi/g969/z  (u)     in_0->z F     unmapped_nand2         1  1.0     0    16     724    (-,-) 
  m_core/WALLACE_CSA_DUMMY_OP6_groupi/g961/z  (u)     in_1->z F     unmapped_complex2      5  5.0     0    24     747    (-,-) 
  m_core/WALLACE_CSA_DUMMY_OP6_groupi/g959/z  (u)     in_0->z R     unmapped_complex2      1  1.1     0    16     764    (-,-) 
  m_core/WALLACE_CSA_DUMMY_OP6_groupi/g944/z  (u)     in_0->z F     unmapped_complex2      2  2.0     0    19     783    (-,-) 
  m_core/WALLACE_CSA_DUMMY_OP6_groupi/g941/z  (u)     in_0->z F     unmapped_or2           1  1.0     0    16     799    (-,-) 
  m_core/WALLACE_CSA_DUMMY_OP6_groupi/g942/z  (u)     in_1->z R     unmapped_nand2         1 50.0     0    46     846    (-,-) 
  R[14]                                       -       -       R     (port)                 -    -     -     0     846    (-,-) 
#------------------------------------------------------------------------------------------------------------------------------

(u) : Net has unmapped pin(s).



Path 3: VIOLATED (-96 ps) Late External Delay Assertion at pin R[15]
          Group: vclk
     Startpoint: (F) Conf_Bit_Mask[0]
          Clock: (R) vclk
       Endpoint: (R) R[15]
          Clock: (R) vclk

                     Capture       Launch     
        Clock Edge:+    1000            0     
        Drv Adjust:+       0            0     
       Src Latency:+       0            0     
       Net Latency:+       0 (I)        0 (I) 
           Arrival:=    1000            0     
                                              
      Output Delay:-     200                  
       Uncertainty:-      50                  
     Required Time:=     750                  
      Launch Clock:-       0                  
       Input Delay:-     200                  
         Data Path:-     646                  
             Slack:=     -96                  

Exceptions/Constraints:
  input_delay              200             acbam_UINT8.sdc_line_14_21_1 
  output_delay             200             acbam_UINT8.sdc_line_15      

#------------------------------------------------------------------------------------------------------------------------------
#                Timing Point                 Flags    Arc    Edge       Cell         Fanout Load Trans Delay Arrival Instance 
#                                                                                            (fF)  (ps)  (ps)   (ps)  Location 
#------------------------------------------------------------------------------------------------------------------------------
  Conf_Bit_Mask[0]                            (u)     -       F     (arrival)              4  4.0     0     0     200    (-,-) 
  m_core/g5632/z                              (u)     in_1->z F     unmapped_or2           5  5.0     0    24     224    (-,-) 
  m_core/g7248/z                              (u)     in_0->z F     unmapped_or2           1  1.0     0    16     240    (-,-) 
  m_core/g7199/z                              (u)     in_1->z R     unmapped_nand2         1  1.1     0    16     256    (-,-) 
  m_core/g7160/z                              (u)     in_0->z F     unmapped_complex2      1  1.0     0    16     273    (-,-) 
  m_core/g7132/z                              (u)     in_0->z R     unmapped_nand2         1  1.1     0    16     290    (-,-) 
  m_core/g7090/z                              (u)     in_1->z R     unmapped_complex2      1  1.1     0    16     306    (-,-) 
  m_core/g7060/z                              (u)     in_1->z F     unmapped_nand2         2  2.0     0    19     325    (-,-) 
  m_core/g5511/z                              (u)     in_0->z R     unmapped_complex2      1  1.1     0    16     341    (-,-) 
  m_core/g7030/z                              (u)     in_0->z F     unmapped_complex2      4  4.0     0    22     364    (-,-) 
  m_core/g5759/z                              (u)     in_1->z R     unmapped_nand2         6  6.6     0    25     388    (-,-) 
  m_core/g6963/z                              (u)     in_0->z F     unmapped_complex2      8  8.0     0    27     415    (-,-) 
  m_core/g6929/z                              (u)     in_0->z F     unmapped_complex2      1  1.0     0    16     432    (-,-) 
  m_core/g6876/z                              (u)     in_0->z R     unmapped_nand2         4  4.4     0    22     454    (-,-) 
  m_core/g5844/z                              (u)     in_0->z R     unmapped_or2           1  1.1     0    16     470    (-,-) 
  m_core/g6816/z                              (u)     in_0->z F     unmapped_nand2         1  1.0     0    16     487    (-,-) 
  m_core/g6805/z                              (u)     in_0->z R     unmapped_nand2         4  4.4     0    22     509    (-,-) 
  m_core/WALLACE_CSA_DUMMY_OP6_groupi/g1222/z (u)     in_0->z F     unmapped_complex2      1  1.0     0    16     526    (-,-) 
  m_core/WALLACE_CSA_DUMMY_OP6_groupi/g1223/z (u)     in_1->z R     unmapped_nand2         2  2.2     0    19     544    (-,-) 
  m_core/WALLACE_CSA_DUMMY_OP6_groupi/g1144/z (u)     in_1->z R     unmapped_complex2      1  1.1     0    16     561    (-,-) 
  m_core/WALLACE_CSA_DUMMY_OP6_groupi/g1145/z (u)     in_1->z F     unmapped_nand2         4  4.0     0    22     583    (-,-) 
  m_core/WALLACE_CSA_DUMMY_OP6_groupi/g1103/z (u)     in_0->z R     unmapped_complex2      1  1.1     0    16     600    (-,-) 
  m_core/WALLACE_CSA_DUMMY_OP6_groupi/g1073/z (u)     in_1->z F     unmapped_nand2         1  1.0     0    16     616    (-,-) 
  m_core/WALLACE_CSA_DUMMY_OP6_groupi/g1024/z (u)     in_1->z F     unmapped_complex2      2  2.0     0    19     635    (-,-) 
  m_core/WALLACE_CSA_DUMMY_OP6_groupi/g754/z  (u)     in_1->z F     unmapped_or2           3  3.0     0    21     656    (-,-) 
  m_core/WALLACE_CSA_DUMMY_OP6_groupi/g819/z  (u)     in_1->z R     unmapped_complex2      1  1.1     0    16     672    (-,-) 
  m_core/WALLACE_CSA_DUMMY_OP6_groupi/g997/z  (u)     in_0->z F     unmapped_nand2         2  2.0     0    19     691    (-,-) 
  m_core/WALLACE_CSA_DUMMY_OP6_groupi/g978/z  (u)     in_1->z R     unmapped_complex2      1  1.1     0    16     707    (-,-) 
  m_core/WALLACE_CSA_DUMMY_OP6_groupi/g969/z  (u)     in_0->z F     unmapped_nand2         1  1.0     0    16     724    (-,-) 
  m_core/WALLACE_CSA_DUMMY_OP6_groupi/g961/z  (u)     in_1->z F     unmapped_complex2      5  5.0     0    24     747    (-,-) 
  m_core/WALLACE_CSA_DUMMY_OP6_groupi/g948/z  (u)     in_0->z R     unmapped_complex2      1  1.1     0    16     764    (-,-) 
  m_core/WALLACE_CSA_DUMMY_OP6_groupi/g946/z  (u)     in_0->z F     unmapped_complex2      2  2.0     0    19     783    (-,-) 
  m_core/WALLACE_CSA_DUMMY_OP6_groupi/g935/z  (u)     in_0->z F     unmapped_or2           1  1.0     0    16     799    (-,-) 
  m_core/WALLACE_CSA_DUMMY_OP6_groupi/g936/z  (u)     in_1->z R     unmapped_nand2         1 50.0     0    46     846    (-,-) 
  R[15]                                       -       -       R     (port)                 -    -     -     0     846    (-,-) 
#------------------------------------------------------------------------------------------------------------------------------

(u) : Net has unmapped pin(s).



Path 4: VIOLATED (-80 ps) Late External Delay Assertion at pin R[11]
          Group: vclk
     Startpoint: (F) Conf_Bit_Mask[0]
          Clock: (R) vclk
       Endpoint: (R) R[11]
          Clock: (R) vclk

                     Capture       Launch     
        Clock Edge:+    1000            0     
        Drv Adjust:+       0            0     
       Src Latency:+       0            0     
       Net Latency:+       0 (I)        0 (I) 
           Arrival:=    1000            0     
                                              
      Output Delay:-     200                  
       Uncertainty:-      50                  
     Required Time:=     750                  
      Launch Clock:-       0                  
       Input Delay:-     200                  
         Data Path:-     630                  
             Slack:=     -80                  

Exceptions/Constraints:
  input_delay              200             acbam_UINT8.sdc_line_14_21_1 
  output_delay             200             acbam_UINT8.sdc_line_15_24_1 

#------------------------------------------------------------------------------------------------------------------------------
#                Timing Point                 Flags    Arc    Edge       Cell         Fanout Load Trans Delay Arrival Instance 
#                                                                                            (fF)  (ps)  (ps)   (ps)  Location 
#------------------------------------------------------------------------------------------------------------------------------
  Conf_Bit_Mask[0]                            (u)     -       F     (arrival)              4  4.0     0     0     200    (-,-) 
  m_core/g5632/z                              (u)     in_1->z F     unmapped_or2           5  5.0     0    24     224    (-,-) 
  m_core/g7248/z                              (u)     in_0->z F     unmapped_or2           1  1.0     0    16     240    (-,-) 
  m_core/g7199/z                              (u)     in_1->z R     unmapped_nand2         1  1.1     0    16     256    (-,-) 
  m_core/g7160/z                              (u)     in_0->z F     unmapped_complex2      1  1.0     0    16     273    (-,-) 
  m_core/g7132/z                              (u)     in_0->z R     unmapped_nand2         1  1.1     0    16     290    (-,-) 
  m_core/g7090/z                              (u)     in_1->z R     unmapped_complex2      1  1.1     0    16     306    (-,-) 
  m_core/g7060/z                              (u)     in_1->z F     unmapped_nand2         2  2.0     0    19     325    (-,-) 
  m_core/g5511/z                              (u)     in_0->z R     unmapped_complex2      1  1.1     0    16     341    (-,-) 
  m_core/g7030/z                              (u)     in_0->z F     unmapped_complex2      4  4.0     0    22     364    (-,-) 
  m_core/g5759/z                              (u)     in_1->z R     unmapped_nand2         6  6.6     0    25     388    (-,-) 
  m_core/g6963/z                              (u)     in_0->z F     unmapped_complex2      8  8.0     0    27     415    (-,-) 
  m_core/g6897/z                              (u)     in_0->z F     unmapped_complex2      1  1.0     0    16     432    (-,-) 
  m_core/g6880/z                              (u)     in_0->z R     unmapped_nand2         4  4.4     0    22     454    (-,-) 
  m_core/g6861/z                              (u)     in_0->z F     unmapped_complex2      1  1.0     0    16     470    (-,-) 
  m_core/g6862/z                              (u)     in_1->z R     unmapped_nand2         2  2.2     0    19     489    (-,-) 
  m_core/g6808/z                              (u)     in_0->z R     unmapped_or2           1  1.1     0    16     506    (-,-) 
  m_core/g6809/z                              (u)     in_1->z F     unmapped_nand2         2  2.0     0    19     525    (-,-) 
  m_core/WALLACE_CSA_DUMMY_OP6_groupi/g736/z  (u)     in_1->z F     unmapped_or2           2  2.0     0    19     544    (-,-) 
  m_core/WALLACE_CSA_DUMMY_OP6_groupi/g1049/z (u)     in_0->z R     unmapped_complex2      1  1.1     0    16     560    (-,-) 
  m_core/WALLACE_CSA_DUMMY_OP6_groupi/g1046/z (u)     in_0->z F     unmapped_nand2         3  3.0     0    21     581    (-,-) 
  m_core/WALLACE_CSA_DUMMY_OP6_groupi/g1008/z (u)     in_1->z R     unmapped_nand2         1  1.1     0    16     597    (-,-) 
  m_core/WALLACE_CSA_DUMMY_OP6_groupi/g998/z  (u)     in_1->z F     unmapped_nand2         3  3.0     0    21     618    (-,-) 
  m_core/WALLACE_CSA_DUMMY_OP6_groupi/g989/z  (u)     in_1->z R     unmapped_nand2         1  1.1     0    16     634    (-,-) 
  m_core/WALLACE_CSA_DUMMY_OP6_groupi/g982/z  (u)     in_1->z F     unmapped_nand2         3  3.0     0    21     655    (-,-) 
  m_core/WALLACE_CSA_DUMMY_OP6_groupi/g977/z  (u)     in_1->z R     unmapped_nand2         1  1.1     0    16     671    (-,-) 
  m_core/WALLACE_CSA_DUMMY_OP6_groupi/g971/z  (u)     in_0->z F     unmapped_nand2         5  5.0     0    24     695    (-,-) 
  m_core/WALLACE_CSA_DUMMY_OP6_groupi/g964/z  (u)     in_0->z R     unmapped_complex2      1  1.1     0    16     711    (-,-) 
  m_core/WALLACE_CSA_DUMMY_OP6_groupi/g962/z  (u)     in_0->z F     unmapped_complex2      3  3.0     0    21     732    (-,-) 
  m_core/WALLACE_CSA_DUMMY_OP6_groupi/g958/z  (u)     in_1->z R     unmapped_nand2         1  1.1     0    16     748    (-,-) 
  m_core/WALLACE_CSA_DUMMY_OP6_groupi/g943/z  (u)     in_1->z F     unmapped_nand2         2  2.0     0    19     767    (-,-) 
  m_core/WALLACE_CSA_DUMMY_OP6_groupi/g938/z  (u)     in_0->z F     unmapped_or2           1  1.0     0    16     784    (-,-) 
  m_core/WALLACE_CSA_DUMMY_OP6_groupi/g939/z  (u)     in_1->z R     unmapped_nand2         1 50.0     0    46     830    (-,-) 
  R[11]                                       -       -       R     (port)                 -    -     -     0     830    (-,-) 
#------------------------------------------------------------------------------------------------------------------------------

(u) : Net has unmapped pin(s).



Path 5: VIOLATED (-60 ps) Late External Delay Assertion at pin R[12]
          Group: vclk
     Startpoint: (F) Conf_Bit_Mask[0]
          Clock: (R) vclk
       Endpoint: (R) R[12]
          Clock: (R) vclk

                     Capture       Launch     
        Clock Edge:+    1000            0     
        Drv Adjust:+       0            0     
       Src Latency:+       0            0     
       Net Latency:+       0 (I)        0 (I) 
           Arrival:=    1000            0     
                                              
      Output Delay:-     200                  
       Uncertainty:-      50                  
     Required Time:=     750                  
      Launch Clock:-       0                  
       Input Delay:-     200                  
         Data Path:-     610                  
             Slack:=     -60                  

Exceptions/Constraints:
  input_delay              200             acbam_UINT8.sdc_line_14_21_1 
  output_delay             200             acbam_UINT8.sdc_line_15_23_1 

#------------------------------------------------------------------------------------------------------------------------------
#                Timing Point                 Flags    Arc    Edge       Cell         Fanout Load Trans Delay Arrival Instance 
#                                                                                            (fF)  (ps)  (ps)   (ps)  Location 
#------------------------------------------------------------------------------------------------------------------------------
  Conf_Bit_Mask[0]                            (u)     -       F     (arrival)              4  4.0     0     0     200    (-,-) 
  m_core/g5632/z                              (u)     in_1->z F     unmapped_or2           5  5.0     0    24     224    (-,-) 
  m_core/g7248/z                              (u)     in_0->z F     unmapped_or2           1  1.0     0    16     240    (-,-) 
  m_core/g7199/z                              (u)     in_1->z R     unmapped_nand2         1  1.1     0    16     256    (-,-) 
  m_core/g7160/z                              (u)     in_0->z F     unmapped_complex2      1  1.0     0    16     273    (-,-) 
  m_core/g7132/z                              (u)     in_0->z R     unmapped_nand2         1  1.1     0    16     290    (-,-) 
  m_core/g7090/z                              (u)     in_1->z R     unmapped_complex2      1  1.1     0    16     306    (-,-) 
  m_core/g7060/z                              (u)     in_1->z F     unmapped_nand2         2  2.0     0    19     325    (-,-) 
  m_core/g5511/z                              (u)     in_0->z R     unmapped_complex2      1  1.1     0    16     341    (-,-) 
  m_core/g7030/z                              (u)     in_0->z F     unmapped_complex2      4  4.0     0    22     364    (-,-) 
  m_core/g5759/z                              (u)     in_1->z R     unmapped_nand2         6  6.6     0    25     388    (-,-) 
  m_core/g6963/z                              (u)     in_0->z F     unmapped_complex2      8  8.0     0    27     415    (-,-) 
  m_core/g6929/z                              (u)     in_0->z F     unmapped_complex2      1  1.0     0    16     432    (-,-) 
  m_core/g6876/z                              (u)     in_0->z R     unmapped_nand2         4  4.4     0    22     454    (-,-) 
  m_core/g5844/z                              (u)     in_0->z R     unmapped_or2           1  1.1     0    16     470    (-,-) 
  m_core/g6816/z                              (u)     in_0->z F     unmapped_nand2         1  1.0     0    16     487    (-,-) 
  m_core/g6805/z                              (u)     in_0->z R     unmapped_nand2         4  4.4     0    22     509    (-,-) 
  m_core/WALLACE_CSA_DUMMY_OP6_groupi/g1222/z (u)     in_0->z F     unmapped_complex2      1  1.0     0    16     526    (-,-) 
  m_core/WALLACE_CSA_DUMMY_OP6_groupi/g1223/z (u)     in_1->z R     unmapped_nand2         2  2.2     0    19     544    (-,-) 
  m_core/WALLACE_CSA_DUMMY_OP6_groupi/g1144/z (u)     in_1->z R     unmapped_complex2      1  1.1     0    16     561    (-,-) 
  m_core/WALLACE_CSA_DUMMY_OP6_groupi/g1145/z (u)     in_1->z F     unmapped_nand2         4  4.0     0    22     583    (-,-) 
  m_core/WALLACE_CSA_DUMMY_OP6_groupi/g1103/z (u)     in_0->z R     unmapped_complex2      1  1.1     0    16     600    (-,-) 
  m_core/WALLACE_CSA_DUMMY_OP6_groupi/g1073/z (u)     in_1->z F     unmapped_nand2         1  1.0     0    16     616    (-,-) 
  m_core/WALLACE_CSA_DUMMY_OP6_groupi/g1024/z (u)     in_1->z F     unmapped_complex2      2  2.0     0    19     635    (-,-) 
  m_core/WALLACE_CSA_DUMMY_OP6_groupi/g754/z  (u)     in_1->z F     unmapped_or2           3  3.0     0    21     656    (-,-) 
  m_core/WALLACE_CSA_DUMMY_OP6_groupi/g819/z  (u)     in_1->z R     unmapped_complex2      1  1.1     0    16     672    (-,-) 
  m_core/WALLACE_CSA_DUMMY_OP6_groupi/g997/z  (u)     in_0->z F     unmapped_nand2         2  2.0     0    19     691    (-,-) 
  m_core/WALLACE_CSA_DUMMY_OP6_groupi/g978/z  (u)     in_1->z R     unmapped_complex2      1  1.1     0    16     707    (-,-) 
  m_core/WALLACE_CSA_DUMMY_OP6_groupi/g969/z  (u)     in_0->z F     unmapped_nand2         1  1.0     0    16     724    (-,-) 
  m_core/WALLACE_CSA_DUMMY_OP6_groupi/g961/z  (u)     in_1->z F     unmapped_complex2      5  5.0     0    24     747    (-,-) 
  m_core/WALLACE_CSA_DUMMY_OP6_groupi/g950/z  (u)     in_0->z F     unmapped_or2           1  1.0     0    16     764    (-,-) 
  m_core/WALLACE_CSA_DUMMY_OP6_groupi/g951/z  (u)     in_1->z R     unmapped_nand2         1 50.0     0    46     810    (-,-) 
  R[12]                                       -       -       R     (port)                 -    -     -     0     810    (-,-) 
#------------------------------------------------------------------------------------------------------------------------------

(u) : Net has unmapped pin(s).



Path 6: VIOLATED (-45 ps) Late External Delay Assertion at pin R[10]
          Group: vclk
     Startpoint: (F) Conf_Bit_Mask[0]
          Clock: (R) vclk
       Endpoint: (R) R[10]
          Clock: (R) vclk

                     Capture       Launch     
        Clock Edge:+    1000            0     
        Drv Adjust:+       0            0     
       Src Latency:+       0            0     
       Net Latency:+       0 (I)        0 (I) 
           Arrival:=    1000            0     
                                              
      Output Delay:-     200                  
       Uncertainty:-      50                  
     Required Time:=     750                  
      Launch Clock:-       0                  
       Input Delay:-     200                  
         Data Path:-     595                  
             Slack:=     -45                  

Exceptions/Constraints:
  input_delay              200             acbam_UINT8.sdc_line_14_21_1 
  output_delay             200             acbam_UINT8.sdc_line_15_25_1 

#------------------------------------------------------------------------------------------------------------------------------
#                Timing Point                 Flags    Arc    Edge       Cell         Fanout Load Trans Delay Arrival Instance 
#                                                                                            (fF)  (ps)  (ps)   (ps)  Location 
#------------------------------------------------------------------------------------------------------------------------------
  Conf_Bit_Mask[0]                            (u)     -       F     (arrival)              4  4.0     0     0     200    (-,-) 
  m_core/g5632/z                              (u)     in_1->z F     unmapped_or2           5  5.0     0    24     224    (-,-) 
  m_core/g7248/z                              (u)     in_0->z F     unmapped_or2           1  1.0     0    16     240    (-,-) 
  m_core/g7199/z                              (u)     in_1->z R     unmapped_nand2         1  1.1     0    16     256    (-,-) 
  m_core/g7160/z                              (u)     in_0->z F     unmapped_complex2      1  1.0     0    16     273    (-,-) 
  m_core/g7132/z                              (u)     in_0->z R     unmapped_nand2         1  1.1     0    16     290    (-,-) 
  m_core/g7090/z                              (u)     in_1->z R     unmapped_complex2      1  1.1     0    16     306    (-,-) 
  m_core/g7060/z                              (u)     in_1->z F     unmapped_nand2         2  2.0     0    19     325    (-,-) 
  m_core/g5511/z                              (u)     in_0->z R     unmapped_complex2      1  1.1     0    16     341    (-,-) 
  m_core/g7030/z                              (u)     in_0->z F     unmapped_complex2      4  4.0     0    22     364    (-,-) 
  m_core/g5759/z                              (u)     in_1->z R     unmapped_nand2         6  6.6     0    25     388    (-,-) 
  m_core/g6963/z                              (u)     in_0->z F     unmapped_complex2      8  8.0     0    27     415    (-,-) 
  m_core/g6897/z                              (u)     in_0->z F     unmapped_complex2      1  1.0     0    16     432    (-,-) 
  m_core/g6880/z                              (u)     in_0->z R     unmapped_nand2         4  4.4     0    22     454    (-,-) 
  m_core/g6861/z                              (u)     in_0->z F     unmapped_complex2      1  1.0     0    16     470    (-,-) 
  m_core/g6862/z                              (u)     in_1->z R     unmapped_nand2         2  2.2     0    19     489    (-,-) 
  m_core/g6808/z                              (u)     in_0->z R     unmapped_or2           1  1.1     0    16     506    (-,-) 
  m_core/g6809/z                              (u)     in_1->z F     unmapped_nand2         2  2.0     0    19     525    (-,-) 
  m_core/WALLACE_CSA_DUMMY_OP6_groupi/g736/z  (u)     in_1->z F     unmapped_or2           2  2.0     0    19     544    (-,-) 
  m_core/WALLACE_CSA_DUMMY_OP6_groupi/g1049/z (u)     in_0->z R     unmapped_complex2      1  1.1     0    16     560    (-,-) 
  m_core/WALLACE_CSA_DUMMY_OP6_groupi/g1046/z (u)     in_0->z F     unmapped_nand2         3  3.0     0    21     581    (-,-) 
  m_core/WALLACE_CSA_DUMMY_OP6_groupi/g1008/z (u)     in_1->z R     unmapped_nand2         1  1.1     0    16     597    (-,-) 
  m_core/WALLACE_CSA_DUMMY_OP6_groupi/g998/z  (u)     in_1->z F     unmapped_nand2         3  3.0     0    21     618    (-,-) 
  m_core/WALLACE_CSA_DUMMY_OP6_groupi/g989/z  (u)     in_1->z R     unmapped_nand2         1  1.1     0    16     634    (-,-) 
  m_core/WALLACE_CSA_DUMMY_OP6_groupi/g982/z  (u)     in_1->z F     unmapped_nand2         3  3.0     0    21     655    (-,-) 
  m_core/WALLACE_CSA_DUMMY_OP6_groupi/g977/z  (u)     in_1->z R     unmapped_nand2         1  1.1     0    16     671    (-,-) 
  m_core/WALLACE_CSA_DUMMY_OP6_groupi/g971/z  (u)     in_0->z F     unmapped_nand2         5  5.0     0    24     695    (-,-) 
  m_core/WALLACE_CSA_DUMMY_OP6_groupi/g964/z  (u)     in_0->z R     unmapped_complex2      1  1.1     0    16     711    (-,-) 
  m_core/WALLACE_CSA_DUMMY_OP6_groupi/g962/z  (u)     in_0->z F     unmapped_complex2      3  3.0     0    21     732    (-,-) 
  m_core/WALLACE_CSA_DUMMY_OP6_groupi/g953/z  (u)     in_0->z F     unmapped_or2           1  1.0     0    16     748    (-,-) 
  m_core/WALLACE_CSA_DUMMY_OP6_groupi/g954/z  (u)     in_1->z R     unmapped_nand2         1 50.0     0    46     795    (-,-) 
  R[10]                                       -       -       R     (port)                 -    -     -     0     795    (-,-) 
#------------------------------------------------------------------------------------------------------------------------------

(u) : Net has unmapped pin(s).



Path 7: VIOLATED (-43 ps) Late External Delay Assertion at pin R[9]
          Group: vclk
     Startpoint: (F) Conf_Bit_Mask[0]
          Clock: (R) vclk
       Endpoint: (R) R[9]
          Clock: (R) vclk

                     Capture       Launch     
        Clock Edge:+    1000            0     
        Drv Adjust:+       0            0     
       Src Latency:+       0            0     
       Net Latency:+       0 (I)        0 (I) 
           Arrival:=    1000            0     
                                              
      Output Delay:-     200                  
       Uncertainty:-      50                  
     Required Time:=     750                  
      Launch Clock:-       0                  
       Input Delay:-     200                  
         Data Path:-     593                  
             Slack:=     -43                  

Exceptions/Constraints:
  input_delay              200             acbam_UINT8.sdc_line_14_21_1 
  output_delay             200             acbam_UINT8.sdc_line_15_26_1 

#------------------------------------------------------------------------------------------------------------------------------
#                Timing Point                 Flags    Arc    Edge       Cell         Fanout Load Trans Delay Arrival Instance 
#                                                                                            (fF)  (ps)  (ps)   (ps)  Location 
#------------------------------------------------------------------------------------------------------------------------------
  Conf_Bit_Mask[0]                            (u)     -       F     (arrival)              4  4.0     0     0     200    (-,-) 
  m_core/g5632/z                              (u)     in_1->z F     unmapped_or2           5  5.0     0    24     224    (-,-) 
  m_core/g7248/z                              (u)     in_0->z F     unmapped_or2           1  1.0     0    16     240    (-,-) 
  m_core/g7199/z                              (u)     in_1->z R     unmapped_nand2         1  1.1     0    16     256    (-,-) 
  m_core/g7160/z                              (u)     in_0->z F     unmapped_complex2      1  1.0     0    16     273    (-,-) 
  m_core/g7132/z                              (u)     in_0->z R     unmapped_nand2         1  1.1     0    16     290    (-,-) 
  m_core/g7090/z                              (u)     in_1->z R     unmapped_complex2      1  1.1     0    16     306    (-,-) 
  m_core/g7060/z                              (u)     in_1->z F     unmapped_nand2         2  2.0     0    19     325    (-,-) 
  m_core/g5511/z                              (u)     in_0->z R     unmapped_complex2      1  1.1     0    16     341    (-,-) 
  m_core/g7030/z                              (u)     in_0->z F     unmapped_complex2      4  4.0     0    22     364    (-,-) 
  m_core/g5759/z                              (u)     in_1->z R     unmapped_nand2         6  6.6     0    25     388    (-,-) 
  m_core/g6963/z                              (u)     in_0->z F     unmapped_complex2      8  8.0     0    27     415    (-,-) 
  m_core/g6897/z                              (u)     in_0->z F     unmapped_complex2      1  1.0     0    16     432    (-,-) 
  m_core/g6880/z                              (u)     in_0->z R     unmapped_nand2         4  4.4     0    22     454    (-,-) 
  m_core/g6861/z                              (u)     in_0->z F     unmapped_complex2      1  1.0     0    16     470    (-,-) 
  m_core/g6862/z                              (u)     in_1->z R     unmapped_nand2         2  2.2     0    19     489    (-,-) 
  m_core/g6808/z                              (u)     in_0->z R     unmapped_or2           1  1.1     0    16     506    (-,-) 
  m_core/g6809/z                              (u)     in_1->z F     unmapped_nand2         2  2.0     0    19     525    (-,-) 
  m_core/WALLACE_CSA_DUMMY_OP6_groupi/g736/z  (u)     in_1->z F     unmapped_or2           2  2.0     0    19     544    (-,-) 
  m_core/WALLACE_CSA_DUMMY_OP6_groupi/g1049/z (u)     in_0->z R     unmapped_complex2      1  1.1     0    16     560    (-,-) 
  m_core/WALLACE_CSA_DUMMY_OP6_groupi/g1046/z (u)     in_0->z F     unmapped_nand2         3  3.0     0    21     581    (-,-) 
  m_core/WALLACE_CSA_DUMMY_OP6_groupi/g1008/z (u)     in_1->z R     unmapped_nand2         1  1.1     0    16     597    (-,-) 
  m_core/WALLACE_CSA_DUMMY_OP6_groupi/g998/z  (u)     in_1->z F     unmapped_nand2         3  3.0     0    21     618    (-,-) 
  m_core/WALLACE_CSA_DUMMY_OP6_groupi/g989/z  (u)     in_1->z R     unmapped_nand2         1  1.1     0    16     634    (-,-) 
  m_core/WALLACE_CSA_DUMMY_OP6_groupi/g982/z  (u)     in_1->z F     unmapped_nand2         3  3.0     0    21     655    (-,-) 
  m_core/WALLACE_CSA_DUMMY_OP6_groupi/g977/z  (u)     in_1->z R     unmapped_nand2         1  1.1     0    16     671    (-,-) 
  m_core/WALLACE_CSA_DUMMY_OP6_groupi/g971/z  (u)     in_0->z F     unmapped_nand2         5  5.0     0    24     695    (-,-) 
  m_core/WALLACE_CSA_DUMMY_OP6_groupi/g965/z  (u)     in_1->z R     unmapped_nand2         1  1.1     0    16     711    (-,-) 
  m_core/WALLACE_CSA_DUMMY_OP6_groupi/g960/z  (u)     in_1->z F     unmapped_nand2         2  2.0     0    19     730    (-,-) 
  m_core/WALLACE_CSA_DUMMY_OP6_groupi/g956/z  (u)     in_0->z F     unmapped_or2           1  1.0     0    16     747    (-,-) 
  m_core/WALLACE_CSA_DUMMY_OP6_groupi/g957/z  (u)     in_1->z R     unmapped_nand2         1 50.0     0    46     793    (-,-) 
  R[9]                                        -       -       R     (port)                 -    -     -     0     793    (-,-) 
#------------------------------------------------------------------------------------------------------------------------------

(u) : Net has unmapped pin(s).



Path 8: VIOLATED (-8 ps) Late External Delay Assertion at pin R[8]
          Group: vclk
     Startpoint: (F) Conf_Bit_Mask[0]
          Clock: (R) vclk
       Endpoint: (R) R[8]
          Clock: (R) vclk

                     Capture       Launch     
        Clock Edge:+    1000            0     
        Drv Adjust:+       0            0     
       Src Latency:+       0            0     
       Net Latency:+       0 (I)        0 (I) 
           Arrival:=    1000            0     
                                              
      Output Delay:-     200                  
       Uncertainty:-      50                  
     Required Time:=     750                  
      Launch Clock:-       0                  
       Input Delay:-     200                  
         Data Path:-     558                  
             Slack:=      -8                  

Exceptions/Constraints:
  input_delay              200             acbam_UINT8.sdc_line_14_21_1 
  output_delay             200             acbam_UINT8.sdc_line_15_27_1 

#------------------------------------------------------------------------------------------------------------------------------
#                Timing Point                 Flags    Arc    Edge       Cell         Fanout Load Trans Delay Arrival Instance 
#                                                                                            (fF)  (ps)  (ps)   (ps)  Location 
#------------------------------------------------------------------------------------------------------------------------------
  Conf_Bit_Mask[0]                            (u)     -       F     (arrival)              4  4.0     0     0     200    (-,-) 
  m_core/g5632/z                              (u)     in_1->z F     unmapped_or2           5  5.0     0    24     224    (-,-) 
  m_core/g7248/z                              (u)     in_0->z F     unmapped_or2           1  1.0     0    16     240    (-,-) 
  m_core/g7199/z                              (u)     in_1->z R     unmapped_nand2         1  1.1     0    16     256    (-,-) 
  m_core/g7160/z                              (u)     in_0->z F     unmapped_complex2      1  1.0     0    16     273    (-,-) 
  m_core/g7132/z                              (u)     in_0->z R     unmapped_nand2         1  1.1     0    16     290    (-,-) 
  m_core/g7090/z                              (u)     in_1->z R     unmapped_complex2      1  1.1     0    16     306    (-,-) 
  m_core/g7060/z                              (u)     in_1->z F     unmapped_nand2         2  2.0     0    19     325    (-,-) 
  m_core/g5511/z                              (u)     in_0->z R     unmapped_complex2      1  1.1     0    16     341    (-,-) 
  m_core/g7030/z                              (u)     in_0->z F     unmapped_complex2      4  4.0     0    22     364    (-,-) 
  m_core/g5759/z                              (u)     in_1->z R     unmapped_nand2         6  6.6     0    25     388    (-,-) 
  m_core/g6963/z                              (u)     in_0->z F     unmapped_complex2      8  8.0     0    27     415    (-,-) 
  m_core/g6897/z                              (u)     in_0->z F     unmapped_complex2      1  1.0     0    16     432    (-,-) 
  m_core/g6880/z                              (u)     in_0->z R     unmapped_nand2         4  4.4     0    22     454    (-,-) 
  m_core/g6861/z                              (u)     in_0->z F     unmapped_complex2      1  1.0     0    16     470    (-,-) 
  m_core/g6862/z                              (u)     in_1->z R     unmapped_nand2         2  2.2     0    19     489    (-,-) 
  m_core/g6808/z                              (u)     in_0->z R     unmapped_or2           1  1.1     0    16     506    (-,-) 
  m_core/g6809/z                              (u)     in_1->z F     unmapped_nand2         2  2.0     0    19     525    (-,-) 
  m_core/WALLACE_CSA_DUMMY_OP6_groupi/g736/z  (u)     in_1->z F     unmapped_or2           2  2.0     0    19     544    (-,-) 
  m_core/WALLACE_CSA_DUMMY_OP6_groupi/g1049/z (u)     in_0->z R     unmapped_complex2      1  1.1     0    16     560    (-,-) 
  m_core/WALLACE_CSA_DUMMY_OP6_groupi/g1046/z (u)     in_0->z F     unmapped_nand2         3  3.0     0    21     581    (-,-) 
  m_core/WALLACE_CSA_DUMMY_OP6_groupi/g1008/z (u)     in_1->z R     unmapped_nand2         1  1.1     0    16     597    (-,-) 
  m_core/WALLACE_CSA_DUMMY_OP6_groupi/g998/z  (u)     in_1->z F     unmapped_nand2         3  3.0     0    21     618    (-,-) 
  m_core/WALLACE_CSA_DUMMY_OP6_groupi/g989/z  (u)     in_1->z R     unmapped_nand2         1  1.1     0    16     634    (-,-) 
  m_core/WALLACE_CSA_DUMMY_OP6_groupi/g982/z  (u)     in_1->z F     unmapped_nand2         3  3.0     0    21     655    (-,-) 
  m_core/WALLACE_CSA_DUMMY_OP6_groupi/g977/z  (u)     in_1->z R     unmapped_nand2         1  1.1     0    16     671    (-,-) 
  m_core/WALLACE_CSA_DUMMY_OP6_groupi/g971/z  (u)     in_0->z F     unmapped_nand2         5  5.0     0    24     695    (-,-) 
  m_core/WALLACE_CSA_DUMMY_OP6_groupi/g967/z  (u)     in_0->z F     unmapped_or2           1  1.0     0    16     711    (-,-) 
  m_core/WALLACE_CSA_DUMMY_OP6_groupi/g968/z  (u)     in_1->z R     unmapped_nand2         1 50.0     0    46     758    (-,-) 
  R[8]                                        -       -       R     (port)                 -    -     -     0     758    (-,-) 
#------------------------------------------------------------------------------------------------------------------------------

(u) : Net has unmapped pin(s).



Path 9: MET (32 ps) Late External Delay Assertion at pin R[7]
          Group: vclk
     Startpoint: (F) Conf_Bit_Mask[0]
          Clock: (R) vclk
       Endpoint: (R) R[7]
          Clock: (R) vclk

                     Capture       Launch     
        Clock Edge:+    1000            0     
        Drv Adjust:+       0            0     
       Src Latency:+       0            0     
       Net Latency:+       0 (I)        0 (I) 
           Arrival:=    1000            0     
                                              
      Output Delay:-     200                  
       Uncertainty:-      50                  
     Required Time:=     750                  
      Launch Clock:-       0                  
       Input Delay:-     200                  
         Data Path:-     518                  
             Slack:=      32                  

Exceptions/Constraints:
  input_delay              200             acbam_UINT8.sdc_line_14_21_1 
  output_delay             200             acbam_UINT8.sdc_line_15_28_1 

#------------------------------------------------------------------------------------------------------------------------------
#                Timing Point                 Flags    Arc    Edge       Cell         Fanout Load Trans Delay Arrival Instance 
#                                                                                            (fF)  (ps)  (ps)   (ps)  Location 
#------------------------------------------------------------------------------------------------------------------------------
  Conf_Bit_Mask[0]                            (u)     -       F     (arrival)              4  4.0     0     0     200    (-,-) 
  m_core/g5632/z                              (u)     in_1->z F     unmapped_or2           5  5.0     0    24     224    (-,-) 
  m_core/g7248/z                              (u)     in_0->z F     unmapped_or2           1  1.0     0    16     240    (-,-) 
  m_core/g7199/z                              (u)     in_1->z R     unmapped_nand2         1  1.1     0    16     256    (-,-) 
  m_core/g7160/z                              (u)     in_0->z F     unmapped_complex2      1  1.0     0    16     273    (-,-) 
  m_core/g7132/z                              (u)     in_0->z R     unmapped_nand2         1  1.1     0    16     290    (-,-) 
  m_core/g7090/z                              (u)     in_1->z R     unmapped_complex2      1  1.1     0    16     306    (-,-) 
  m_core/g7060/z                              (u)     in_1->z F     unmapped_nand2         2  2.0     0    19     325    (-,-) 
  m_core/g5511/z                              (u)     in_0->z R     unmapped_complex2      1  1.1     0    16     341    (-,-) 
  m_core/g7030/z                              (u)     in_0->z F     unmapped_complex2      4  4.0     0    22     364    (-,-) 
  m_core/g5759/z                              (u)     in_1->z R     unmapped_nand2         6  6.6     0    25     388    (-,-) 
  m_core/g6963/z                              (u)     in_0->z F     unmapped_complex2      8  8.0     0    27     415    (-,-) 
  m_core/g6897/z                              (u)     in_0->z F     unmapped_complex2      1  1.0     0    16     432    (-,-) 
  m_core/g6880/z                              (u)     in_0->z R     unmapped_nand2         4  4.4     0    22     454    (-,-) 
  m_core/g6861/z                              (u)     in_0->z F     unmapped_complex2      1  1.0     0    16     470    (-,-) 
  m_core/g6862/z                              (u)     in_1->z R     unmapped_nand2         2  2.2     0    19     489    (-,-) 
  m_core/g6808/z                              (u)     in_0->z R     unmapped_or2           1  1.1     0    16     506    (-,-) 
  m_core/g6809/z                              (u)     in_1->z F     unmapped_nand2         2  2.0     0    19     525    (-,-) 
  m_core/WALLACE_CSA_DUMMY_OP6_groupi/g736/z  (u)     in_1->z F     unmapped_or2           2  2.0     0    19     544    (-,-) 
  m_core/WALLACE_CSA_DUMMY_OP6_groupi/g1049/z (u)     in_0->z R     unmapped_complex2      1  1.1     0    16     560    (-,-) 
  m_core/WALLACE_CSA_DUMMY_OP6_groupi/g1046/z (u)     in_0->z F     unmapped_nand2         3  3.0     0    21     581    (-,-) 
  m_core/WALLACE_CSA_DUMMY_OP6_groupi/g1008/z (u)     in_1->z R     unmapped_nand2         1  1.1     0    16     597    (-,-) 
  m_core/WALLACE_CSA_DUMMY_OP6_groupi/g998/z  (u)     in_1->z F     unmapped_nand2         3  3.0     0    21     618    (-,-) 
  m_core/WALLACE_CSA_DUMMY_OP6_groupi/g989/z  (u)     in_1->z R     unmapped_nand2         1  1.1     0    16     634    (-,-) 
  m_core/WALLACE_CSA_DUMMY_OP6_groupi/g982/z  (u)     in_1->z F     unmapped_nand2         3  3.0     0    21     655    (-,-) 
  m_core/WALLACE_CSA_DUMMY_OP6_groupi/g975/z  (u)     in_0->z F     unmapped_or2           1  1.0     0    16     671    (-,-) 
  m_core/WALLACE_CSA_DUMMY_OP6_groupi/g976/z  (u)     in_1->z R     unmapped_nand2         1 50.0     0    46     718    (-,-) 
  R[7]                                        -       -       R     (port)                 -    -     -     0     718    (-,-) 
#------------------------------------------------------------------------------------------------------------------------------

(u) : Net has unmapped pin(s).



Path 10: MET (69 ps) Late External Delay Assertion at pin R[6]
          Group: vclk
     Startpoint: (F) Conf_Bit_Mask[0]
          Clock: (R) vclk
       Endpoint: (R) R[6]
          Clock: (R) vclk

                     Capture       Launch     
        Clock Edge:+    1000            0     
        Drv Adjust:+       0            0     
       Src Latency:+       0            0     
       Net Latency:+       0 (I)        0 (I) 
           Arrival:=    1000            0     
                                              
      Output Delay:-     200                  
       Uncertainty:-      50                  
     Required Time:=     750                  
      Launch Clock:-       0                  
       Input Delay:-     200                  
         Data Path:-     481                  
             Slack:=      69                  

Exceptions/Constraints:
  input_delay              200             acbam_UINT8.sdc_line_14_21_1 
  output_delay             200             acbam_UINT8.sdc_line_15_29_1 

#------------------------------------------------------------------------------------------------------------------------------
#                Timing Point                 Flags    Arc    Edge       Cell         Fanout Load Trans Delay Arrival Instance 
#                                                                                            (fF)  (ps)  (ps)   (ps)  Location 
#------------------------------------------------------------------------------------------------------------------------------
  Conf_Bit_Mask[0]                            (u)     -       F     (arrival)              4  4.0     0     0     200    (-,-) 
  m_core/g5632/z                              (u)     in_1->z F     unmapped_or2           5  5.0     0    24     224    (-,-) 
  m_core/g7248/z                              (u)     in_0->z F     unmapped_or2           1  1.0     0    16     240    (-,-) 
  m_core/g7199/z                              (u)     in_1->z R     unmapped_nand2         1  1.1     0    16     256    (-,-) 
  m_core/g7160/z                              (u)     in_0->z F     unmapped_complex2      1  1.0     0    16     273    (-,-) 
  m_core/g7132/z                              (u)     in_0->z R     unmapped_nand2         1  1.1     0    16     290    (-,-) 
  m_core/g7090/z                              (u)     in_1->z R     unmapped_complex2      1  1.1     0    16     306    (-,-) 
  m_core/g7060/z                              (u)     in_1->z F     unmapped_nand2         2  2.0     0    19     325    (-,-) 
  m_core/g5511/z                              (u)     in_0->z R     unmapped_complex2      1  1.1     0    16     341    (-,-) 
  m_core/g7030/z                              (u)     in_0->z F     unmapped_complex2      4  4.0     0    22     364    (-,-) 
  m_core/g5759/z                              (u)     in_1->z R     unmapped_nand2         6  6.6     0    25     388    (-,-) 
  m_core/g6963/z                              (u)     in_0->z F     unmapped_complex2      8  8.0     0    27     415    (-,-) 
  m_core/g6897/z                              (u)     in_0->z F     unmapped_complex2      1  1.0     0    16     432    (-,-) 
  m_core/g6880/z                              (u)     in_0->z R     unmapped_nand2         4  4.4     0    22     454    (-,-) 
  m_core/g6861/z                              (u)     in_0->z F     unmapped_complex2      1  1.0     0    16     470    (-,-) 
  m_core/g6862/z                              (u)     in_1->z R     unmapped_nand2         2  2.2     0    19     489    (-,-) 
  m_core/g6808/z                              (u)     in_0->z R     unmapped_or2           1  1.1     0    16     506    (-,-) 
  m_core/g6809/z                              (u)     in_1->z F     unmapped_nand2         2  2.0     0    19     525    (-,-) 
  m_core/WALLACE_CSA_DUMMY_OP6_groupi/g736/z  (u)     in_1->z F     unmapped_or2           2  2.0     0    19     544    (-,-) 
  m_core/WALLACE_CSA_DUMMY_OP6_groupi/g1049/z (u)     in_0->z R     unmapped_complex2      1  1.1     0    16     560    (-,-) 
  m_core/WALLACE_CSA_DUMMY_OP6_groupi/g1046/z (u)     in_0->z F     unmapped_nand2         3  3.0     0    21     581    (-,-) 
  m_core/WALLACE_CSA_DUMMY_OP6_groupi/g1008/z (u)     in_1->z R     unmapped_nand2         1  1.1     0    16     597    (-,-) 
  m_core/WALLACE_CSA_DUMMY_OP6_groupi/g998/z  (u)     in_1->z F     unmapped_nand2         3  3.0     0    21     618    (-,-) 
  m_core/WALLACE_CSA_DUMMY_OP6_groupi/g987/z  (u)     in_0->z F     unmapped_or2           1  1.0     0    16     634    (-,-) 
  m_core/WALLACE_CSA_DUMMY_OP6_groupi/g988/z  (u)     in_1->z R     unmapped_nand2         1 50.0     0    46     681    (-,-) 
  R[6]                                        -       -       R     (port)                 -    -     -     0     681    (-,-) 
#------------------------------------------------------------------------------------------------------------------------------

(u) : Net has unmapped pin(s).



Path 11: MET (88 ps) Late External Delay Assertion at pin R[5]
          Group: vclk
     Startpoint: (R) Conf_Bit_Mask[0]
          Clock: (R) vclk
       Endpoint: (R) R[5]
          Clock: (R) vclk

                     Capture       Launch     
        Clock Edge:+    1000            0     
        Drv Adjust:+       0            0     
       Src Latency:+       0            0     
       Net Latency:+       0 (I)        0 (I) 
           Arrival:=    1000            0     
                                              
      Output Delay:-     200                  
       Uncertainty:-      50                  
     Required Time:=     750                  
      Launch Clock:-       0                  
       Input Delay:-     200                  
         Data Path:-     462                  
             Slack:=      88                  

Exceptions/Constraints:
  input_delay              200             acbam_UINT8.sdc_line_14_21_1 
  output_delay             200             acbam_UINT8.sdc_line_15_30_1 

#------------------------------------------------------------------------------------------------------------------------------
#                Timing Point                 Flags    Arc    Edge       Cell         Fanout Load Trans Delay Arrival Instance 
#                                                                                            (fF)  (ps)  (ps)   (ps)  Location 
#------------------------------------------------------------------------------------------------------------------------------
  Conf_Bit_Mask[0]                            (u)     -       R     (arrival)              4  4.4     0     0     200    (-,-) 
  m_core/g5632/z                              (u)     in_1->z R     unmapped_or2           5  5.5     0    24     224    (-,-) 
  m_core/g7248/z                              (u)     in_0->z R     unmapped_or2           1  1.1     0    16     240    (-,-) 
  m_core/g7199/z                              (u)     in_1->z F     unmapped_nand2         1  1.0     0    16     256    (-,-) 
  m_core/g7160/z                              (u)     in_0->z R     unmapped_complex2      1  1.1     0    16     273    (-,-) 
  m_core/g7132/z                              (u)     in_0->z F     unmapped_nand2         1  1.0     0    16     290    (-,-) 
  m_core/g7090/z                              (u)     in_1->z F     unmapped_complex2      1  1.0     0    16     306    (-,-) 
  m_core/g7060/z                              (u)     in_1->z R     unmapped_nand2         2  2.2     0    19     325    (-,-) 
  m_core/g5511/z                              (u)     in_0->z F     unmapped_complex2      1  1.0     0    16     341    (-,-) 
  m_core/g7030/z                              (u)     in_0->z R     unmapped_complex2      4  4.4     0    22     364    (-,-) 
  m_core/g5759/z                              (u)     in_1->z F     unmapped_nand2         6  6.0     0    25     388    (-,-) 
  m_core/g6963/z                              (u)     in_0->z R     unmapped_complex2      8  8.8     0    27     415    (-,-) 
  m_core/g6912/z                              (u)     in_0->z R     unmapped_complex2      1  1.1     0    16     432    (-,-) 
  m_core/g6883/z                              (u)     in_0->z F     unmapped_nand2         4  4.0     0    22     454    (-,-) 
  m_core/g6844/z                              (u)     in_1->z R     unmapped_nand2         1  1.1     0    16     470    (-,-) 
  m_core/g6845/z                              (u)     in_1->z F     unmapped_nand2         2  2.0     0    19     489    (-,-) 
  m_core/g6818/z                              (u)     in_0->z F     unmapped_complex2      1  1.0     0    16     506    (-,-) 
  m_core/g6819/z                              (u)     in_1->z R     unmapped_nand2         3  3.3     0    21     526    (-,-) 
  m_core/WALLACE_CSA_DUMMY_OP6_groupi/g1199/z (u)     in_1->z F     unmapped_complex2      1  1.0     0    16     543    (-,-) 
  m_core/WALLACE_CSA_DUMMY_OP6_groupi/g1200/z (u)     in_1->z R     unmapped_nand2         2  2.2     0    19     562    (-,-) 
  m_core/WALLACE_CSA_DUMMY_OP6_groupi/g1142/z (u)     in_1->z R     unmapped_complex2      2  2.2     0    19     581    (-,-) 
  m_core/WALLACE_CSA_DUMMY_OP6_groupi/g1098/z (u)     in_1->z F     unmapped_nand2         2  2.0     0    19     600    (-,-) 
  m_core/WALLACE_CSA_DUMMY_OP6_groupi/g1010/z (u)     in_1->z F     unmapped_or2           1  1.0     0    16     616    (-,-) 
  m_core/WALLACE_CSA_DUMMY_OP6_groupi/g1011/z (u)     in_1->z R     unmapped_nand2         1 50.0     0    46     662    (-,-) 
  R[5]                                        -       -       R     (port)                 -    -     -     0     662    (-,-) 
#------------------------------------------------------------------------------------------------------------------------------

(u) : Net has unmapped pin(s).



Path 12: MET (125 ps) Late External Delay Assertion at pin R[4]
          Group: vclk
     Startpoint: (F) Conf_Bit_Mask[0]
          Clock: (R) vclk
       Endpoint: (R) R[4]
          Clock: (R) vclk

                     Capture       Launch     
        Clock Edge:+    1000            0     
        Drv Adjust:+       0            0     
       Src Latency:+       0            0     
       Net Latency:+       0 (I)        0 (I) 
           Arrival:=    1000            0     
                                              
      Output Delay:-     200                  
       Uncertainty:-      50                  
     Required Time:=     750                  
      Launch Clock:-       0                  
       Input Delay:-     200                  
         Data Path:-     425                  
             Slack:=     125                  

Exceptions/Constraints:
  input_delay              200             acbam_UINT8.sdc_line_14_21_1 
  output_delay             200             acbam_UINT8.sdc_line_15_31_1 

#------------------------------------------------------------------------------------------------------------------------------
#                Timing Point                 Flags    Arc    Edge       Cell         Fanout Load Trans Delay Arrival Instance 
#                                                                                            (fF)  (ps)  (ps)   (ps)  Location 
#------------------------------------------------------------------------------------------------------------------------------
  Conf_Bit_Mask[0]                            (u)     -       F     (arrival)              4  4.0     0     0     200    (-,-) 
  m_core/g5632/z                              (u)     in_1->z F     unmapped_or2           5  5.0     0    24     224    (-,-) 
  m_core/g7248/z                              (u)     in_0->z F     unmapped_or2           1  1.0     0    16     240    (-,-) 
  m_core/g7199/z                              (u)     in_1->z R     unmapped_nand2         1  1.1     0    16     256    (-,-) 
  m_core/g7160/z                              (u)     in_0->z F     unmapped_complex2      1  1.0     0    16     273    (-,-) 
  m_core/g7132/z                              (u)     in_0->z R     unmapped_nand2         1  1.1     0    16     290    (-,-) 
  m_core/g7090/z                              (u)     in_1->z R     unmapped_complex2      1  1.1     0    16     306    (-,-) 
  m_core/g7060/z                              (u)     in_1->z F     unmapped_nand2         2  2.0     0    19     325    (-,-) 
  m_core/g5511/z                              (u)     in_0->z R     unmapped_complex2      1  1.1     0    16     341    (-,-) 
  m_core/g7030/z                              (u)     in_0->z F     unmapped_complex2      4  4.0     0    22     364    (-,-) 
  m_core/g5759/z                              (u)     in_1->z R     unmapped_nand2         6  6.6     0    25     388    (-,-) 
  m_core/g6963/z                              (u)     in_0->z F     unmapped_complex2      8  8.0     0    27     415    (-,-) 
  m_core/g6897/z                              (u)     in_0->z F     unmapped_complex2      1  1.0     0    16     432    (-,-) 
  m_core/g6880/z                              (u)     in_0->z R     unmapped_nand2         4  4.4     0    22     454    (-,-) 
  m_core/g6861/z                              (u)     in_0->z F     unmapped_complex2      1  1.0     0    16     470    (-,-) 
  m_core/g6862/z                              (u)     in_1->z R     unmapped_nand2         2  2.2     0    19     489    (-,-) 
  m_core/g6808/z                              (u)     in_0->z R     unmapped_or2           1  1.1     0    16     506    (-,-) 
  m_core/g6809/z                              (u)     in_1->z F     unmapped_nand2         2  2.0     0    19     525    (-,-) 
  m_core/WALLACE_CSA_DUMMY_OP6_groupi/g736/z  (u)     in_1->z F     unmapped_or2           2  2.0     0    19     544    (-,-) 
  m_core/WALLACE_CSA_DUMMY_OP6_groupi/g1166/z (u)     in_1->z R     unmapped_nand2         2  2.2     0    19     562    (-,-) 
  m_core/WALLACE_CSA_DUMMY_OP6_groupi/g1056/z (u)     in_1->z F     unmapped_complex2      1  1.0     0    16     579    (-,-) 
  m_core/WALLACE_CSA_DUMMY_OP6_groupi/g1057/z (u)     in_1->z R     unmapped_nand2         1 50.0     0    46     625    (-,-) 
  R[4]                                        -       -       R     (port)                 -    -     -     0     625    (-,-) 
#------------------------------------------------------------------------------------------------------------------------------

(u) : Net has unmapped pin(s).



Path 13: MET (194 ps) Late External Delay Assertion at pin R[3]
          Group: vclk
     Startpoint: (R) Conf_Bit_Mask[3]
          Clock: (R) vclk
       Endpoint: (R) R[3]
          Clock: (R) vclk

                     Capture       Launch     
        Clock Edge:+    1000            0     
        Drv Adjust:+       0            0     
       Src Latency:+       0            0     
       Net Latency:+       0 (I)        0 (I) 
           Arrival:=    1000            0     
                                              
      Output Delay:-     200                  
       Uncertainty:-      50                  
     Required Time:=     750                  
      Launch Clock:-       0                  
       Input Delay:-     200                  
         Data Path:-     356                  
             Slack:=     194                  

Exceptions/Constraints:
  input_delay              200             acbam_UINT8.sdc_line_14_18_1 
  output_delay             200             acbam_UINT8.sdc_line_15_32_1 

#------------------------------------------------------------------------------------------------------------------------------
#                Timing Point                 Flags    Arc    Edge       Cell         Fanout Load Trans Delay Arrival Instance 
#                                                                                            (fF)  (ps)  (ps)   (ps)  Location 
#------------------------------------------------------------------------------------------------------------------------------
  Conf_Bit_Mask[3]                            (u)     -       R     (arrival)              4  4.4     0     0     200    (-,-) 
  m_core/g151/z                               (u)     in_1->z F     unmapped_nand2         4  4.0     0    22     222    (-,-) 
  m_core/g7245/z                              (u)     in_1->z R     unmapped_nand2         2  2.2     0    19     241    (-,-) 
  m_core/g7194/z                              (u)     in_1->z R     unmapped_complex2      2  2.2     0    19     260    (-,-) 
  m_core/g7156/z                              (u)     in_0->z F     unmapped_nand2         1  1.0     0    16     276    (-,-) 
  m_core/g7112/z                              (u)     in_0->z R     unmapped_complex2      1  1.1     0    16     293    (-,-) 
  m_core/g7088/z                              (u)     in_0->z F     unmapped_nand2         1  1.0     0    16     309    (-,-) 
  m_core/g7065/z                              (u)     in_0->z R     unmapped_complex2      8  8.8     0    27     336    (-,-) 
  m_core/g7035/z                              (u)     in_0->z R     unmapped_complex2      2  2.2     0    19     355    (-,-) 
  m_core/g7019/z                              (u)     in_0->z R     unmapped_complex2      8  8.8     0    27     382    (-,-) 
  m_core/g7003/z                              (u)     in_0->z R     unmapped_complex2      1  1.1     0    16     399    (-,-) 
  m_core/g6970/z                              (u)     in_0->z F     unmapped_nand2         3  3.0     0    21     420    (-,-) 
  m_core/g6910/z                              (u)     in_1->z R     unmapped_nand2         1  1.1     0    16     436    (-,-) 
  m_core/g6911/z                              (u)     in_1->z F     unmapped_nand2         2  2.0     0    19     455    (-,-) 
  m_core/WALLACE_CSA_DUMMY_OP6_groupi/g1217/z (u)     in_1->z F     unmapped_or2           2  2.0     0    19     474    (-,-) 
  m_core/WALLACE_CSA_DUMMY_OP6_groupi/g1228/z (u)     in_1->z R     unmapped_nand2         2  2.2     0    19     493    (-,-) 
  m_core/WALLACE_CSA_DUMMY_OP6_groupi/g1162/z (u)     in_1->z F     unmapped_complex2      1  1.0     0    16     509    (-,-) 
  m_core/WALLACE_CSA_DUMMY_OP6_groupi/g1163/z (u)     in_1->z R     unmapped_nand2         1 50.0     0    46     556    (-,-) 
  R[3]                                        -       -       R     (port)                 -    -     -     0     556    (-,-) 
#------------------------------------------------------------------------------------------------------------------------------

(u) : Net has unmapped pin(s).



Path 14: MET (226 ps) Late External Delay Assertion at pin R[2]
          Group: vclk
     Startpoint: (R) Conf_Bit_Mask[3]
          Clock: (R) vclk
       Endpoint: (R) R[2]
          Clock: (R) vclk

                     Capture       Launch     
        Clock Edge:+    1000            0     
        Drv Adjust:+       0            0     
       Src Latency:+       0            0     
       Net Latency:+       0 (I)        0 (I) 
           Arrival:=    1000            0     
                                              
      Output Delay:-     200                  
       Uncertainty:-      50                  
     Required Time:=     750                  
      Launch Clock:-       0                  
       Input Delay:-     200                  
         Data Path:-     324                  
             Slack:=     226                  

Exceptions/Constraints:
  input_delay              200             acbam_UINT8.sdc_line_14_18_1 
  output_delay             200             acbam_UINT8.sdc_line_15_33_1 

#------------------------------------------------------------------------------------------------------------------------------
#                Timing Point                 Flags    Arc    Edge       Cell         Fanout Load Trans Delay Arrival Instance 
#                                                                                            (fF)  (ps)  (ps)   (ps)  Location 
#------------------------------------------------------------------------------------------------------------------------------
  Conf_Bit_Mask[3]                            (u)     -       R     (arrival)              4  4.4     0     0     200    (-,-) 
  m_core/g151/z                               (u)     in_1->z F     unmapped_nand2         4  4.0     0    22     222    (-,-) 
  m_core/g7245/z                              (u)     in_1->z R     unmapped_nand2         2  2.2     0    19     241    (-,-) 
  m_core/g7194/z                              (u)     in_1->z R     unmapped_complex2      2  2.2     0    19     260    (-,-) 
  m_core/g7156/z                              (u)     in_0->z F     unmapped_nand2         1  1.0     0    16     276    (-,-) 
  m_core/g7112/z                              (u)     in_0->z R     unmapped_complex2      1  1.1     0    16     293    (-,-) 
  m_core/g7088/z                              (u)     in_0->z F     unmapped_nand2         1  1.0     0    16     309    (-,-) 
  m_core/g7065/z                              (u)     in_0->z R     unmapped_complex2      8  8.8     0    27     336    (-,-) 
  m_core/g7035/z                              (u)     in_0->z R     unmapped_complex2      2  2.2     0    19     355    (-,-) 
  m_core/g7019/z                              (u)     in_0->z R     unmapped_complex2      8  8.8     0    27     382    (-,-) 
  m_core/g6988/z                              (u)     in_0->z R     unmapped_complex2      1  1.1     0    16     399    (-,-) 
  m_core/g6969/z                              (u)     in_0->z F     unmapped_nand2         3  3.0     0    21     420    (-,-) 
  m_core/g6924/z                              (u)     in_1->z R     unmapped_nand2         1  1.1     0    16     436    (-,-) 
  m_core/g6925/z                              (u)     in_1->z F     unmapped_nand2         2  2.0     0    19     455    (-,-) 
  m_core/WALLACE_CSA_DUMMY_OP6_groupi/g9/z    (u)     in_1->z R     unmapped_nand2         4  4.4     0    22     477    (-,-) 
  m_core/WALLACE_CSA_DUMMY_OP6_groupi/g1233/z (u)     in_1->z R     unmapped_and2          1 50.0     0    46     524    (-,-) 
  R[2]                                        -       -       R     (port)                 -    -     -     0     524    (-,-) 
#------------------------------------------------------------------------------------------------------------------------------

(u) : Net has unmapped pin(s).



Path 15: MET (288 ps) Late External Delay Assertion at pin R[1]
          Group: vclk
     Startpoint: (R) Conf_Bit_Mask[0]
          Clock: (R) vclk
       Endpoint: (R) R[1]
          Clock: (R) vclk

                     Capture       Launch     
        Clock Edge:+    1000            0     
        Drv Adjust:+       0            0     
       Src Latency:+       0            0     
       Net Latency:+       0 (I)        0 (I) 
           Arrival:=    1000            0     
                                              
      Output Delay:-     200                  
       Uncertainty:-      50                  
     Required Time:=     750                  
      Launch Clock:-       0                  
       Input Delay:-     200                  
         Data Path:-     262                  
             Slack:=     288                  

Exceptions/Constraints:
  input_delay              200             acbam_UINT8.sdc_line_14_21_1 
  output_delay             200             acbam_UINT8.sdc_line_15_34_1 

#---------------------------------------------------------------------------------------------------
#  Timing Point    Flags    Arc    Edge       Cell         Fanout Load Trans Delay Arrival Instance 
#                                                                 (fF)  (ps)  (ps)   (ps)  Location 
#---------------------------------------------------------------------------------------------------
  Conf_Bit_Mask[0] (u)     -       R     (arrival)              4  4.4     0     0     200    (-,-) 
  m_core/g5632/z   (u)     in_1->z R     unmapped_or2           5  5.5     0    24     224    (-,-) 
  m_core/g7248/z   (u)     in_0->z R     unmapped_or2           1  1.1     0    16     240    (-,-) 
  m_core/g7199/z   (u)     in_1->z F     unmapped_nand2         1  1.0     0    16     256    (-,-) 
  m_core/g7160/z   (u)     in_0->z R     unmapped_complex2      1  1.1     0    16     273    (-,-) 
  m_core/g7132/z   (u)     in_0->z F     unmapped_nand2         1  1.0     0    16     290    (-,-) 
  m_core/g7090/z   (u)     in_1->z F     unmapped_complex2      1  1.0     0    16     306    (-,-) 
  m_core/g7060/z   (u)     in_1->z R     unmapped_nand2         2  2.2     0    19     325    (-,-) 
  m_core/g5511/z   (u)     in_0->z F     unmapped_complex2      1  1.0     0    16     341    (-,-) 
  m_core/g7030/z   (u)     in_0->z R     unmapped_complex2      4  4.4     0    22     364    (-,-) 
  m_core/g6990/z   (u)     in_0->z R     unmapped_or2           2  2.2     0    19     382    (-,-) 
  m_core/g6959/z   (u)     in_1->z F     unmapped_complex2      1  1.0     0    16     399    (-,-) 
  m_core/g6892/z   (u)     in_0->z F     unmapped_complex2      1  1.0     0    16     415    (-,-) 
  m_core/g6884/z   (u)     in_1->z R     unmapped_nand2         1 50.0     0    46     462    (-,-) 
  R[1]             -       -       R     (port)                 -    -     -     0     462    (-,-) 
#---------------------------------------------------------------------------------------------------

(u) : Net has unmapped pin(s).



Path 16: MET (321 ps) Late External Delay Assertion at pin R[0]
          Group: vclk
     Startpoint: (F) Conf_Bit_Mask[0]
          Clock: (R) vclk
       Endpoint: (R) R[0]
          Clock: (R) vclk

                     Capture       Launch     
        Clock Edge:+    1000            0     
        Drv Adjust:+       0            0     
       Src Latency:+       0            0     
       Net Latency:+       0 (I)        0 (I) 
           Arrival:=    1000            0     
                                              
      Output Delay:-     200                  
       Uncertainty:-      50                  
     Required Time:=     750                  
      Launch Clock:-       0                  
       Input Delay:-     200                  
         Data Path:-     229                  
             Slack:=     321                  

Exceptions/Constraints:
  input_delay              200             acbam_UINT8.sdc_line_14_21_1 
  output_delay             200             acbam_UINT8.sdc_line_15_35_1 

#---------------------------------------------------------------------------------------------------
#  Timing Point    Flags    Arc    Edge       Cell         Fanout Load Trans Delay Arrival Instance 
#                                                                 (fF)  (ps)  (ps)   (ps)  Location 
#---------------------------------------------------------------------------------------------------
  Conf_Bit_Mask[0] (u)     -       F     (arrival)              4  4.0     0     0     200    (-,-) 
  m_core/g5632/z   (u)     in_1->z F     unmapped_or2           5  5.0     0    24     224    (-,-) 
  m_core/g7248/z   (u)     in_0->z F     unmapped_or2           1  1.0     0    16     240    (-,-) 
  m_core/g7199/z   (u)     in_1->z R     unmapped_nand2         1  1.1     0    16     256    (-,-) 
  m_core/g7160/z   (u)     in_0->z F     unmapped_complex2      1  1.0     0    16     273    (-,-) 
  m_core/g7132/z   (u)     in_0->z R     unmapped_nand2         1  1.1     0    16     290    (-,-) 
  m_core/g7090/z   (u)     in_1->z R     unmapped_complex2      1  1.1     0    16     306    (-,-) 
  m_core/g7060/z   (u)     in_1->z F     unmapped_nand2         2  2.0     0    19     325    (-,-) 
  m_core/g5511/z   (u)     in_0->z R     unmapped_complex2      1  1.1     0    16     341    (-,-) 
  m_core/g7030/z   (u)     in_0->z F     unmapped_complex2      4  4.0     0    22     364    (-,-) 
  m_core/g6976/z   (u)     in_1->z F     unmapped_or2           2  2.0     0    19     382    (-,-) 
  m_core/g7314/z   (u)     in_0->z R     unmapped_nor2          1 50.0     0    46     429    (-,-) 
  R[0]             -       -       R     (port)                 -    -     -     0     429    (-,-) 
#---------------------------------------------------------------------------------------------------

(u) : Net has unmapped pin(s).

