

Working Directory = /home/redhat315bd/physical_design_nipun/Physical_design
QoS Summary for acbam_UINT8
================================================================================
Metric                          acbam_UINT8_syn_generic
================================================================================
Slack (ps):                       -96
  R2R (ps):                  no_value
  I2R (ps):                  no_value
  R2O (ps):                  no_value
  I2O (ps):                       -96
  CG  (ps):                  no_value
TNS (ps):                        -524
  R2R (ps):                  no_value
  I2R (ps):                  no_value
  R2O (ps):                  no_value
  I2O (ps):                      -524
  CG  (ps):                  no_value
Failing Paths:                      8
Cell Area:                      2,257
Total Cell Area:                2,257
Leaf Instances:                   846
Total Instances:                  846
Utilization (%):                 0.00
Tot. Net Length (um):        no_value
Avg. Net Length (um):        no_value
Route Overflow H (%):        no_value
Route Overflow V (%):        no_value
MBCI(%) (bits/gate) :            0.00
Norm Cong Hotspot Area:
  Max Cong:                  no_value
  Tot Cong:                  no_value
================================================================================
CPU  Runtime (h:m:s):        00:30:09
Real Runtime (h:m:s):        00:30:09
CPU  Elapsed (h:m:s):        00:30:11
Real Elapsed (h:m:s):        00:30:10
Memory (MB):                  1633.84
================================================================================
================================================================================
Flow Settings:
================================================================================
Total Runtime (h:m:s): 00:30:09
Total Memory (MB):     1633.84
Executable Version:    21.10-p002_1
================================================================================
Total Cell Area =  Cell Area + Physical Cell Area
Total Instances =  Leaf Instances + Physical Instances


