============================================================
  Generated by:           Genus(TM) Synthesis Solution 21.10-p002_1
  Generated on:           Apr 11 2026  03:45:17 pm
  Module:                 signed_int_mul_p_2_L1
  Technology libraries:   fast_vdd1v0 1.0
                          physical_cells 
  Operating conditions:   PVT_1P1V_0C 
  Interconnect mode:      global
  Area mode:              physical library
============================================================

                                 Leakage  
   Gate    Instances    Area   Power (nW)     Library    
---------------------------------------------------------
ACHCONX2           3    37.962      1.841    fast_vdd1v0 
ADDFHX1            2    15.048      0.799    fast_vdd1v0 
ADDFX1            36   184.680     12.048    fast_vdd1v0 
ADDFXL             1     6.840      0.304    fast_vdd1v0 
ADDHX1            15    56.430      3.977    fast_vdd1v0 
ADDHX4             1     7.182      0.549    fast_vdd1v0 
AND2X1            45    61.560      4.089    fast_vdd1v0 
AND2X2             3     5.130      0.369    fast_vdd1v0 
AND2X4             2     5.472      0.436    fast_vdd1v0 
AND3XL             1     2.052      0.086    fast_vdd1v0 
AND4X1             1     2.394      0.103    fast_vdd1v0 
AO21X1             5    11.970      0.577    fast_vdd1v0 
AO21X2             1     2.736      0.153    fast_vdd1v0 
AO22X1            23    62.928      2.974    fast_vdd1v0 
AOI211X1           1     2.394      0.137    fast_vdd1v0 
AOI21X1            9    15.390      0.978    fast_vdd1v0 
AOI21X2            2     5.472      0.411    fast_vdd1v0 
AOI21X4            1     5.130      0.416    fast_vdd1v0 
AOI221X1           1     2.394      0.204    fast_vdd1v0 
AOI221X2           1     4.446      0.313    fast_vdd1v0 
AOI222X1           3     9.234      0.589    fast_vdd1v0 
AOI222X2           1     5.472      0.392    fast_vdd1v0 
AOI222X4           1     9.576      0.673    fast_vdd1v0 
AOI22X1           32    65.664      4.319    fast_vdd1v0 
AOI22X2            6    22.572      1.418    fast_vdd1v0 
AOI2BB1X1         10    20.520      1.280    fast_vdd1v0 
AOI2BB1X2          2     6.156      0.399    fast_vdd1v0 
AOI2BB2X2          1     5.130      0.311    fast_vdd1v0 
AOI31X1            1     2.052      0.125    fast_vdd1v0 
AOI31X2            1     3.420      0.262    fast_vdd1v0 
AOI32X2            1     4.446      0.275    fast_vdd1v0 
BUFX2              3     5.130      0.349    fast_vdd1v0 
BUFX3              2     4.104      0.333    fast_vdd1v0 
CLKAND2X2          2     4.104      0.252    fast_vdd1v0 
CLKAND2X3          1     3.078      0.198    fast_vdd1v0 
CLKINVX4           1     1.710      0.167    fast_vdd1v0 
CLKINVX6           1     2.394      0.255    fast_vdd1v0 
CLKMX2X2           1     3.078      0.194    fast_vdd1v0 
CLKXOR2X1         23    62.928      4.111    fast_vdd1v0 
DFFRHQX1          51   313.956     19.622    fast_vdd1v0 
DFFRHQX4           1     9.576      0.551    fast_vdd1v0 
DFFRX1             4    27.360      1.650    fast_vdd1v0 
DFFRX2             5    37.620      2.469    fast_vdd1v0 
DFFRX4             9    86.184      6.497    fast_vdd1v0 
INVX1             17    11.628      0.792    fast_vdd1v0 
INVX2             12    12.312      1.017    fast_vdd1v0 
INVXL              5     3.420      0.178    fast_vdd1v0 
MX2X1              6    14.364      0.925    fast_vdd1v0 
MXI2X1             4    10.944      0.595    fast_vdd1v0 
MXI2XL            10    23.940      1.118    fast_vdd1v0 
NAND2BX1          25    34.200      2.621    fast_vdd1v0 
NAND2BX2           3     7.182      0.502    fast_vdd1v0 
NAND2X1           69    70.794      4.780    fast_vdd1v0 
NAND2X2           13    22.230      1.674    fast_vdd1v0 
NAND2X4            5    17.100      1.307    fast_vdd1v0 
NAND3BX1           1     2.052      0.124    fast_vdd1v0 
NAND3BXL           3     5.130      0.257    fast_vdd1v0 
NAND3X2            1     2.736      0.182    fast_vdd1v0 
NAND3X4            3    14.364      1.049    fast_vdd1v0 
NOR2BX1           19    25.992      2.082    fast_vdd1v0 
NOR2BX2            2     5.472      0.309    fast_vdd1v0 
NOR2BX4            1     3.762      0.369    fast_vdd1v0 
NOR2X1            43    44.118      3.078    fast_vdd1v0 
NOR2X2            25    42.750      3.437    fast_vdd1v0 
NOR2X4            10    30.780      2.821    fast_vdd1v0 
NOR2X6             2     8.208      0.899    fast_vdd1v0 
NOR3BX1            1     2.052      0.123    fast_vdd1v0 
NOR3BX4            1     5.814      0.346    fast_vdd1v0 
NOR3X2             1     2.736      0.179    fast_vdd1v0 
NOR3X4             1     5.130      0.305    fast_vdd1v0 
NOR4BX4            2    15.048      0.711    fast_vdd1v0 
NOR4X1             2     3.420      0.222    fast_vdd1v0 
OA21X1             8    16.416      0.902    fast_vdd1v0 
OA22X1             6    14.364      0.771    fast_vdd1v0 
OAI211X1           1     1.710      0.120    fast_vdd1v0 
OAI21X1           29    49.590      2.850    fast_vdd1v0 
OAI21X2            6    18.468      1.093    fast_vdd1v0 
OAI21X4            2     9.576      0.672    fast_vdd1v0 
OAI221X1           3     7.182      0.436    fast_vdd1v0 
OAI222X1          10    27.360      1.609    fast_vdd1v0 
OAI222X4           1     9.234      0.606    fast_vdd1v0 
OAI22X1            6    12.312      0.733    fast_vdd1v0 
OAI22X2            2     6.840      0.415    fast_vdd1v0 
OAI2BB1X1         12    20.520      1.401    fast_vdd1v0 
OAI2BB1X2          3     9.234      0.520    fast_vdd1v0 
OAI2BB1X4          3    13.338      0.953    fast_vdd1v0 
OAI31X1            1     2.052      0.117    fast_vdd1v0 
OAI32X1            2     4.788      0.285    fast_vdd1v0 
OR2X1             22    30.096      2.244    fast_vdd1v0 
OR2X4              1     2.736      0.255    fast_vdd1v0 
OR2XL              2     2.736      0.169    fast_vdd1v0 
OR3X1              3     6.156      0.334    fast_vdd1v0 
OR4X1              5    10.260      0.583    fast_vdd1v0 
XNOR2X1           63   150.822     11.220    fast_vdd1v0 
XNOR2X2            1     3.078      0.220    fast_vdd1v0 
XNOR3X1            3    22.572      1.157    fast_vdd1v0 
XNOR3XL            1     7.524      0.355    fast_vdd1v0 
XOR2X2             1     3.420      0.217    fast_vdd1v0 
XOR2XL             2     5.472      0.332    fast_vdd1v0 
XOR3X1             2    15.048      0.783    fast_vdd1v0 
XOR3XL             3    22.572      1.103    fast_vdd1v0 
---------------------------------------------------------
total            808  2166.228    141.916                


                                           Leakage  Leakage 
     Type      Instances   Area   Area % Power (nW) Power % 
------------------------------------------------------------
sequential            70  474.696   21.9     30.789    21.7 
inverter              36   31.464    1.5      2.409     1.7 
buffer                 5    9.234    0.4      0.682     0.5 
logic                697 1650.834   76.2    108.036    76.1 
physical_cells         0    0.000    0.0      0.000     0.0 
------------------------------------------------------------
total                808 2166.228  100.0    141.916   100.0 

