Command: report datapath -all -print_inferred > ./genus/reports/scaletrim_int8/cadence_45nm/post_elaboration/syn_generic_datapath_report.rpt
============================================================
  Generated by:           Genus(TM) Synthesis Solution 21.10-p002_1
  Generated on:           Jun 19 2026  11:38:02 am
  Module:                 scaletrim_int8
  Technology library:     fast_vdd1v0 1.0
  Operating conditions:   PVT_1P1V_0C (balanced_tree)
  Wireload mode:          enclosed
  Area mode:              timing library
============================================================


Inferred components

                Operator  Signedness   Inputs   Outputs CellArea Line Col     Filename     
===========================================================================================
scaletrim_int8
 add_251_48
  
  module:add_unsigned_738
   very_fast        +     unsigned   8x1        8          68.07  251  48 scaletrim_int8.v 
===========================================================================================
scaletrim_int8
 add_252_48
  
  module:add_unsigned_738
   very_fast        +     unsigned   8x1        8          68.07  252  48 scaletrim_int8.v 
===========================================================================================
scaletrim_int8
 add_262_33
  
  module:add_unsigned_736
   very_fast        +     unsigned   16x1       16        166.83  262  33 scaletrim_int8.v 
===========================================================================================
scaletrim_int8
 m_uint
  m_core
   add_117_32
    
    module:add_unsigned_284
     very_fast      +     unsigned   8x8        9         178.84  117  32 scaletrim_int8.v 
===========================================================================================
scaletrim_int8
 m_uint
  m_core
   add_123_38
    
    module:add_unsigned_324
     very_fast      +     unsigned   9x9        10        196.19  123  38 scaletrim_int8.v 
===========================================================================================
scaletrim_int8
 m_uint
  m_core
   add_181_37
    
    module:add_unsigned_326
     very_fast      +     unsigned   10x9       10        200.20  181  37 scaletrim_int8.v 
===========================================================================================
scaletrim_int8
 m_uint
  m_core
   add_185_37
    
    module:add_unsigned_4
     very_fast      +     unsigned   3x3        4          41.37  185  37 scaletrim_int8.v 
===========================================================================================
scaletrim_int8
 m_uint
  m_core
   add_206_58
    
    module:add_unsigned
     very_fast      +     unsigned   16x16      16        401.73  206  58 scaletrim_int8.v 
===========================================================================================
scaletrim_int8
 m_uint
  m_core
   add_64_31_I2
    
    module:add_unsigned_274
     very_fast      +     unsigned   4x1        4          26.69   64  31 scaletrim_int8.v 
===========================================================================================
scaletrim_int8
 m_uint
  m_core
   add_64_31_I3
    
    module:add_unsigned_274
     very_fast      +     unsigned   4x1        4          26.69   64  31 scaletrim_int8.v 
===========================================================================================
scaletrim_int8
 m_uint
  m_core
   add_64_31_I4
    
    module:add_unsigned_274
     very_fast      +     unsigned   4x1        4          26.69   64  31 scaletrim_int8.v 
===========================================================================================
scaletrim_int8
 m_uint
  m_core
   add_64_31_I5
    
    module:add_unsigned_274
     very_fast      +     unsigned   4x1        4          26.69   64  31 scaletrim_int8.v 
===========================================================================================
scaletrim_int8
 m_uint
  m_core
   add_64_31_I6
    
    module:add_unsigned_274
     very_fast      +     unsigned   4x1        4          26.69   64  31 scaletrim_int8.v 
===========================================================================================
scaletrim_int8
 m_uint
  m_core
   gte_194_25
    
    module:geq_unsigned
     very_fast     >=     unsigned   4x4        1          45.38  194  25 scaletrim_int8.v 
===========================================================================================
scaletrim_int8
 m_uint
  m_core
   gte_202_40
    
    module:geq_unsigned
     very_fast     >=     unsigned   4x4        1          45.38  202  40 scaletrim_int8.v 
===========================================================================================
scaletrim_int8
 m_uint
  m_core
   lod_88_17:mux_lod_44_28
    
    module:mux
     very_fast     mux    n/a        8x3x3x3x3x 3          64.06   44  28 scaletrim_int8.v 
                                     3x3x3x3                                               
===========================================================================================
scaletrim_int8
 m_uint
  m_core
   lod_89_17:mux_lod_44_28
    
    module:mux
     very_fast     mux    n/a        8x3x3x3x3x 3          64.06   44  28 scaletrim_int8.v 
                                     3x3x3x3                                               
===========================================================================================
scaletrim_int8
 m_uint
  m_core
   mux_111_22
    
    module:bmux_720
     very_fast binary_mux n/a        1x32x32    32        170.84  111  22 scaletrim_int8.v 
===========================================================================================
scaletrim_int8
 m_uint
  m_core
   mux_112_22
    
    module:bmux_720
     very_fast binary_mux n/a        1x32x32    32        170.84  112  22 scaletrim_int8.v 
===========================================================================================
scaletrim_int8
 m_uint
  m_core
   mux_172_32
    
    module:bmux_727
     very_fast binary_mux n/a        1x3x3      3          16.02  172  32 scaletrim_int8.v 
===========================================================================================
scaletrim_int8
 m_uint
  m_core
   mux_175_32
    
    module:bmux_728
     very_fast binary_mux n/a        1x2x2      2          10.68  175  32 scaletrim_int8.v 
===========================================================================================
scaletrim_int8
 m_uint
  m_core
   mux_202_40
    
    module:bmux_730
     very_fast binary_mux n/a        1x16x16    16         85.42  202  40 scaletrim_int8.v 
===========================================================================================
scaletrim_int8
 m_uint
  m_core
   mux_203_38
    
    module:bmux_730
     very_fast binary_mux n/a        1x16x16    16         85.42  203  38 scaletrim_int8.v 
===========================================================================================
scaletrim_int8
 m_uint
  m_core
   mux_204_53
    
    module:bmux_730
     very_fast binary_mux n/a        1x16x16    16         85.42  204  53 scaletrim_int8.v 
===========================================================================================
scaletrim_int8
 m_uint
  m_core
   mux_206_16
    
    module:bmux_730
     very_fast binary_mux n/a        1x16x16    16         85.42  206  16 scaletrim_int8.v 
===========================================================================================
scaletrim_int8
 m_uint
  m_core
   mux_93_23
    
    module:bmux_719
     very_fast binary_mux n/a        1x8x8      8          42.71   93  23 scaletrim_int8.v 
===========================================================================================
scaletrim_int8
 m_uint
  m_core
   mux_94_23
    
    module:bmux_719
     very_fast binary_mux n/a        1x8x8      8          42.71   94  23 scaletrim_int8.v 
===========================================================================================
scaletrim_int8
 m_uint
  m_core
   mux_cmbsop_h_val_69_15
    
    module:mux_718
     very_fast     mux    n/a        7x5x5x5x5x 5          93.43   69  15 scaletrim_int8.v 
                                     5x5x5                                                 
===========================================================================================
scaletrim_int8
 m_uint
  m_core
   mux_compensation_130_15
    
    module:mux_729
     very_fast     mux    n/a        6x5x5x5x5x 5          80.08  130  15 scaletrim_int8.v 
                                     5x5                                                   
===========================================================================================
scaletrim_int8
 m_uint
  m_core
   mux_compensation_132_23
    
    module:mux
     very_fast     mux    n/a        8x3x3x3x3x 3          64.06  132  23 scaletrim_int8.v 
                                     3x3x3x3                                               
===========================================================================================
scaletrim_int8
 m_uint
  m_core
   mux_compensation_144_23
    
    module:mux
     very_fast     mux    n/a        8x3x3x3x3x 3          64.06  144  23 scaletrim_int8.v 
                                     3x3x3x3                                               
===========================================================================================
scaletrim_int8
 m_uint
  m_core
   mux_compensation_156_23
    
    module:mux_725
     very_fast     mux    n/a        4x4x4x4x4  4          42.71  156  23 scaletrim_int8.v 
===========================================================================================
scaletrim_int8
 m_uint
  m_core
   mux_compensation_164_23
    
    module:mux_725
     very_fast     mux    n/a        4x4x4x4x4  4          42.71  164  23 scaletrim_int8.v 
===========================================================================================
scaletrim_int8
 m_uint
  m_core
   mux_level_63_17
    
    module:bmux
     very_fast binary_mux n/a        1x1x1      1           5.34   63  17 scaletrim_int8.v 
===========================================================================================
scaletrim_int8
 m_uint
  m_core
   mux_level_63_18
    
    module:bmux_713
     very_fast binary_mux n/a        1x4x4      4          21.35   63  17 scaletrim_int8.v 
===========================================================================================
scaletrim_int8
 m_uint
  m_core
   mux_level_63_19
    
    module:bmux_713
     very_fast binary_mux n/a        1x4x4      4          21.35   63  17 scaletrim_int8.v 
===========================================================================================
scaletrim_int8
 m_uint
  m_core
   mux_level_63_20
    
    module:bmux_713
     very_fast binary_mux n/a        1x4x4      4          21.35   63  17 scaletrim_int8.v 
===========================================================================================
scaletrim_int8
 m_uint
  m_core
   mux_level_63_21
    
    module:bmux_713
     very_fast binary_mux n/a        1x4x4      4          21.35   63  17 scaletrim_int8.v 
===========================================================================================
scaletrim_int8
 m_uint
  m_core
   mux_level_63_22
    
    module:bmux_713
     very_fast binary_mux n/a        1x4x4      4          21.35   63  17 scaletrim_int8.v 
===========================================================================================
scaletrim_int8
 m_uint
  m_core
   mux_p_shifted_194_25
    
    module:bmux_730
     very_fast binary_mux n/a        1x16x16    16         85.42  194  25 scaletrim_int8.v 
===========================================================================================
scaletrim_int8
 m_uint
  m_core
   sll_111_52
    
    module:shift_left_vlog_unsigned_654
     very_fast     <<     x          1x3        8          36.04    0   0 a                
===========================================================================================
scaletrim_int8
 m_uint
  m_core
   sll_195_41
    
    module:shift_left_vlog_unsigned
     very_fast/barrel
                   <<     x          16x4       16        306.97  195  41 scaletrim_int8.v 
===========================================================================================
scaletrim_int8
 m_uint
  m_core
   sll_93_23
    
    module:shift_left_vlog_unsigned_682
     very_fast/barrel
                   <<     x          8x3        8         113.45    0   0 a                
===========================================================================================
scaletrim_int8
 m_uint
  m_core
   sll_94_23
    
    module:shift_left_vlog_unsigned_682
     very_fast/barrel
                   <<     x          8x3        8         113.45    0   0 a                
===========================================================================================
scaletrim_int8
 m_uint
  m_core
   srl_111_22
    
    module:shift_right_vlog_unsigned_488
     very_fast/barrel
                   >>     x          32x5       32        778.10    0   0 a                
===========================================================================================
scaletrim_int8
 m_uint
  m_core
   srl_112_22
    
    module:shift_right_vlog_unsigned_488
     very_fast/barrel
                   >>     x          32x5       32        778.10    0   0 a                
===========================================================================================
scaletrim_int8
 m_uint
  m_core
   srl_120_33
    
    module:shift_right_vlog_unsigned_322
     very_fast/barrel
                   >>     x          9x4        9         157.49  120  33 scaletrim_int8.v 
===========================================================================================
scaletrim_int8
 m_uint
  m_core
   srl_197_40
    
    module:shift_right_vlog_unsigned
     very_fast/barrel
                   >>     x          16x4       16        306.97  197  40 scaletrim_int8.v 
===========================================================================================
scaletrim_int8
 m_uint
  m_core
   srl_203_38
    
    module:shift_right_vlog_unsigned
     very_fast/barrel
                   >>     x          16x4       16        306.97    0   0 a                
===========================================================================================
scaletrim_int8
 m_uint
  m_core
   srl_204_53
    
    module:shift_right_vlog_unsigned
     very_fast/barrel
                   >>     x          16x4       16        306.97    0   0 a                
===========================================================================================
scaletrim_int8
 m_uint
  m_core
   sub_111_36
    
    module:sub_unsigned_206
     very_fast      -     unsigned   3x4        32         62.73  111  36 scaletrim_int8.v 
===========================================================================================
scaletrim_int8
 m_uint
  m_core
   sub_111_62
    
    module:sub_unsigned_656
     very_fast      -     unsigned   8x1        8          61.39  111  62 scaletrim_int8.v 
===========================================================================================
scaletrim_int8
 m_uint
  m_core
   sub_195_57
    
    module:sub_unsigned
     very_fast      -     unsigned   4x4        4          60.06  195  57 scaletrim_int8.v 
===========================================================================================
scaletrim_int8
 m_uint
  m_core
   sub_197_50
    
    module:sub_unsigned
     very_fast      -     unsigned   4x4        4          60.06  197  50 scaletrim_int8.v 
===========================================================================================
scaletrim_int8
 m_uint
  m_core
   sub_203_54
    
    module:sub_unsigned_138
     very_fast      -     unsigned   4x4        32         76.08  203  54 scaletrim_int8.v 
===========================================================================================
scaletrim_int8
 m_uint
  m_core
   sub_204_67
    
    module:sub_unsigned_206
     very_fast      -     unsigned   3x4        32         62.73  204  67 scaletrim_int8.v 
===========================================================================================
scaletrim_int8
 m_uint
  m_core
   sub_93_37
    
    module:sub_unsigned_684
     very_fast      -     unsigned   3x3        32         48.05   93  37 scaletrim_int8.v 
===========================================================================================
scaletrim_int8
 m_uint
  m_core
   sub_94_37
    
    module:sub_unsigned_684
     very_fast      -     unsigned   3x3        32         48.05   94  37 scaletrim_int8.v 
===========================================================================================
scaletrim_int8
 mux_251_20
  
  module:bmux_719
   very_fast   binary_mux n/a        1x8x8      8          42.71  251  20 scaletrim_int8.v 
===========================================================================================
scaletrim_int8
 mux_252_20
  
  module:bmux_719
   very_fast   binary_mux n/a        1x8x8      8          42.71  252  20 scaletrim_int8.v 
===========================================================================================
scaletrim_int8
 mux_262_16
  
  module:bmux_730
   very_fast   binary_mux n/a        1x16x16    16         85.42  262  16 scaletrim_int8.v 
===========================================================================================

      Type       CellArea Percentage 
-------------------------------------
datapath modules  5229.16      68.35 
external muxes    1678.99      21.95 
others             742.06       9.70 
-------------------------------------
total             7650.21     100.00 

