Command: report datapath -all -print_inferred > ./genus/reports/acbam_FP32/cadence_45nm/post_elaboration/syn_generic_datapath_report.rpt
============================================================
  Generated by:           Genus(TM) Synthesis Solution 21.10-p002_1
  Generated on:           Jun 19 2026  11:12:21 am
  Module:                 acbam_FP32
  Technology library:     fast_vdd1v0 1.0
  Operating conditions:   PVT_1P1V_0C (balanced_tree)
  Wireload mode:          enclosed
  Area mode:              timing library
============================================================


Inferred components

               Operator  Signedness   Inputs   Outputs CellArea Line Col   Filename   
======================================================================================
acbam_FP32
 add_202_41
  
  module:add_unsigned_208
   very_fast       +     unsigned   10x10      10        208.21  202  41 acbam_FP32.v 
======================================================================================
acbam_FP32
 add_203_25
  
  module:add_unsigned_208
   very_fast       +     unsigned   10x10      10        208.21  203  25 acbam_FP32.v 
======================================================================================
acbam_FP32
 m_core
  add_152_36
   
   module:add_unsigned_34
    very_fast      +     unsigned   48x48      48       1604.25  152  36 acbam_FP32.v 
======================================================================================
acbam_FP32
 m_core
  add_152_49
   
   module:add_unsigned_34
    very_fast      +     unsigned   48x48      48       1604.25  152  49 acbam_FP32.v 
======================================================================================
acbam_FP32
 m_core
  add_152_62
   
   module:add_unsigned_34
    very_fast      +     unsigned   48x48      48       1604.25  152  62 acbam_FP32.v 
======================================================================================
acbam_FP32
 m_core
  add_152_75
   
   module:add_unsigned_34
    very_fast      +     unsigned   48x48      48       1604.25  152  75 acbam_FP32.v 
======================================================================================
acbam_FP32
 m_core
  add_157_27
   
   module:add_unsigned_34
    very_fast      +     unsigned   48x48      48       1604.25  157  27 acbam_FP32.v 
======================================================================================
acbam_FP32
 m_core
  add_43_31_I10
   
   module:add_unsigned_76
    very_fast      +     unsigned   4x1        4          26.69   43  31 acbam_FP32.v 
======================================================================================
acbam_FP32
 m_core
  add_43_31_I11
   
   module:add_unsigned_76
    very_fast      +     unsigned   4x1        4          26.69   43  31 acbam_FP32.v 
======================================================================================
acbam_FP32
 m_core
  add_43_31_I12
   
   module:add_unsigned_76
    very_fast      +     unsigned   4x1        4          26.69   43  31 acbam_FP32.v 
======================================================================================
acbam_FP32
 m_core
  add_43_31_I13
   
   module:add_unsigned_76
    very_fast      +     unsigned   4x1        4          26.69   43  31 acbam_FP32.v 
======================================================================================
acbam_FP32
 m_core
  add_43_31_I14
   
   module:add_unsigned_76
    very_fast      +     unsigned   4x1        4          26.69   43  31 acbam_FP32.v 
======================================================================================
acbam_FP32
 m_core
  add_43_31_I15
   
   module:add_unsigned_76
    very_fast      +     unsigned   4x1        4          26.69   43  31 acbam_FP32.v 
======================================================================================
acbam_FP32
 m_core
  add_43_31_I16
   
   module:add_unsigned_76
    very_fast      +     unsigned   4x1        4          26.69   43  31 acbam_FP32.v 
======================================================================================
acbam_FP32
 m_core
  add_43_31_I17
   
   module:add_unsigned_76
    very_fast      +     unsigned   4x1        4          26.69   43  31 acbam_FP32.v 
======================================================================================
acbam_FP32
 m_core
  add_43_31_I18
   
   module:add_unsigned_76
    very_fast      +     unsigned   4x1        4          26.69   43  31 acbam_FP32.v 
======================================================================================
acbam_FP32
 m_core
  add_43_31_I19
   
   module:add_unsigned_76
    very_fast      +     unsigned   4x1        4          26.69   43  31 acbam_FP32.v 
======================================================================================
acbam_FP32
 m_core
  add_43_31_I2
   
   module:add_unsigned_76
    very_fast      +     unsigned   4x1        4          26.69   43  31 acbam_FP32.v 
======================================================================================
acbam_FP32
 m_core
  add_43_31_I20
   
   module:add_unsigned_76
    very_fast      +     unsigned   4x1        4          26.69   43  31 acbam_FP32.v 
======================================================================================
acbam_FP32
 m_core
  add_43_31_I21
   
   module:add_unsigned_76
    very_fast      +     unsigned   4x1        4          26.69   43  31 acbam_FP32.v 
======================================================================================
acbam_FP32
 m_core
  add_43_31_I22
   
   module:add_unsigned_76
    very_fast      +     unsigned   4x1        4          26.69   43  31 acbam_FP32.v 
======================================================================================
acbam_FP32
 m_core
  add_43_31_I3
   
   module:add_unsigned_76
    very_fast      +     unsigned   4x1        4          26.69   43  31 acbam_FP32.v 
======================================================================================
acbam_FP32
 m_core
  add_43_31_I4
   
   module:add_unsigned_76
    very_fast      +     unsigned   4x1        4          26.69   43  31 acbam_FP32.v 
======================================================================================
acbam_FP32
 m_core
  add_43_31_I5
   
   module:add_unsigned_76
    very_fast      +     unsigned   4x1        4          26.69   43  31 acbam_FP32.v 
======================================================================================
acbam_FP32
 m_core
  add_43_31_I6
   
   module:add_unsigned_76
    very_fast      +     unsigned   4x1        4          26.69   43  31 acbam_FP32.v 
======================================================================================
acbam_FP32
 m_core
  add_43_31_I7
   
   module:add_unsigned_76
    very_fast      +     unsigned   4x1        4          26.69   43  31 acbam_FP32.v 
======================================================================================
acbam_FP32
 m_core
  add_43_31_I8
   
   module:add_unsigned_76
    very_fast      +     unsigned   4x1        4          26.69   43  31 acbam_FP32.v 
======================================================================================
acbam_FP32
 m_core
  add_43_31_I9
   
   module:add_unsigned_76
    very_fast      +     unsigned   4x1        4          26.69   43  31 acbam_FP32.v 
======================================================================================
acbam_FP32
 m_core
  booth_pp_103_18:add_83_40
   
   module:add_unsigned
    very_fast      +     unsigned   48x1       48        627.29   83  40 acbam_FP32.v 
======================================================================================
acbam_FP32
 m_core
  booth_pp_103_18:mux_booth_pp_82_17
   
   module:bmux
    very_fast binary_mux n/a        1x48x48    48        256.25   82  17 acbam_FP32.v 
======================================================================================
acbam_FP32
 m_core
  booth_pp_103_18:mux_pp_mag_68_19
   
   module:mux_1
    very_fast     mux    n/a        8x25x25x25 25        533.86   68  19 acbam_FP32.v 
                                    x25x25x25x                                        
                                    25x25                                             
======================================================================================
acbam_FP32
 m_core
  booth_pp_103_18:mux_pp_neg_68_19
   
   module:mux
    very_fast     mux    n/a        8x1x1x1x1x 1          21.35   68  19 acbam_FP32.v 
                                    1x1x1x1                                           
======================================================================================
acbam_FP32
 m_core
  booth_pp_104_18:add_83_40
   
   module:add_unsigned
    very_fast      +     unsigned   48x1       48        627.29   83  40 acbam_FP32.v 
======================================================================================
acbam_FP32
 m_core
  booth_pp_104_18:mux_booth_pp_82_17
   
   module:bmux
    very_fast binary_mux n/a        1x48x48    48        256.25   82  17 acbam_FP32.v 
======================================================================================
acbam_FP32
 m_core
  booth_pp_104_18:mux_pp_mag_68_19
   
   module:mux_1
    very_fast     mux    n/a        8x25x25x25 25        533.86   68  19 acbam_FP32.v 
                                    x25x25x25x                                        
                                    25x25                                             
======================================================================================
acbam_FP32
 m_core
  booth_pp_104_18:mux_pp_neg_68_19
   
   module:mux
    very_fast     mux    n/a        8x1x1x1x1x 1          21.35   68  19 acbam_FP32.v 
                                    1x1x1x1                                           
======================================================================================
acbam_FP32
 m_core
  booth_pp_105_18:add_83_40
   
   module:add_unsigned
    very_fast      +     unsigned   48x1       48        627.29   83  40 acbam_FP32.v 
======================================================================================
acbam_FP32
 m_core
  booth_pp_105_18:mux_booth_pp_82_17
   
   module:bmux
    very_fast binary_mux n/a        1x48x48    48        256.25   82  17 acbam_FP32.v 
======================================================================================
acbam_FP32
 m_core
  booth_pp_105_18:mux_pp_mag_68_19
   
   module:mux_1
    very_fast     mux    n/a        8x25x25x25 25        533.86   68  19 acbam_FP32.v 
                                    x25x25x25x                                        
                                    25x25                                             
======================================================================================
acbam_FP32
 m_core
  booth_pp_105_18:mux_pp_neg_68_19
   
   module:mux
    very_fast     mux    n/a        8x1x1x1x1x 1          21.35   68  19 acbam_FP32.v 
                                    1x1x1x1                                           
======================================================================================
acbam_FP32
 m_core
  booth_pp_106_18:add_83_40
   
   module:add_unsigned
    very_fast      +     unsigned   48x1       48        627.29   83  40 acbam_FP32.v 
======================================================================================
acbam_FP32
 m_core
  booth_pp_106_18:mux_booth_pp_82_17
   
   module:bmux
    very_fast binary_mux n/a        1x48x48    48        256.25   82  17 acbam_FP32.v 
======================================================================================
acbam_FP32
 m_core
  booth_pp_106_18:mux_pp_mag_68_19
   
   module:mux_1
    very_fast     mux    n/a        8x25x25x25 25        533.86   68  19 acbam_FP32.v 
                                    x25x25x25x                                        
                                    25x25                                             
======================================================================================
acbam_FP32
 m_core
  booth_pp_106_18:mux_pp_neg_68_19
   
   module:mux
    very_fast     mux    n/a        8x1x1x1x1x 1          21.35   68  19 acbam_FP32.v 
                                    1x1x1x1                                           
======================================================================================
acbam_FP32
 m_core
  gte_120_19
   
   module:geq_unsigned
    very_fast     >=     unsigned   4x1        1          16.02  120  19 acbam_FP32.v 
======================================================================================
acbam_FP32
 m_core
  gte_121_19
   
   module:geq_unsigned_72
    very_fast     >=     unsigned   4x2        1          24.02  121  19 acbam_FP32.v 
======================================================================================
acbam_FP32
 m_core
  gte_122_19
   
   module:geq_unsigned_72
    very_fast     >=     unsigned   4x2        1          24.02  122  19 acbam_FP32.v 
======================================================================================
acbam_FP32
 m_core
  lt_126_20_I1
   
   module:lt_unsigned_68
    very_fast      <     unsigned   1x4        1          14.68  126  20 acbam_FP32.v 
======================================================================================
acbam_FP32
 m_core
  lt_126_20_I10
   
   module:lt_unsigned
    very_fast      <     unsigned   4x4        1          46.71  126  20 acbam_FP32.v 
======================================================================================
acbam_FP32
 m_core
  lt_126_20_I11
   
   module:lt_unsigned
    very_fast      <     unsigned   4x4        1          46.71  126  20 acbam_FP32.v 
======================================================================================
acbam_FP32
 m_core
  lt_126_20_I12
   
   module:lt_unsigned
    very_fast      <     unsigned   4x4        1          46.71  126  20 acbam_FP32.v 
======================================================================================
acbam_FP32
 m_core
  lt_126_20_I13
   
   module:lt_unsigned
    very_fast      <     unsigned   4x4        1          46.71  126  20 acbam_FP32.v 
======================================================================================
acbam_FP32
 m_core
  lt_126_20_I14
   
   module:lt_unsigned
    very_fast      <     unsigned   4x4        1          46.71  126  20 acbam_FP32.v 
======================================================================================
acbam_FP32
 m_core
  lt_126_20_I15
   
   module:lt_unsigned
    very_fast      <     unsigned   4x4        1          46.71  126  20 acbam_FP32.v 
======================================================================================
acbam_FP32
 m_core
  lt_126_20_I2
   
   module:lt_unsigned_68
    very_fast      <     unsigned   1x4        1          14.68  126  20 acbam_FP32.v 
======================================================================================
acbam_FP32
 m_core
  lt_126_20_I3
   
   module:lt_unsigned_64
    very_fast      <     unsigned   2x4        1          22.69  126  20 acbam_FP32.v 
======================================================================================
acbam_FP32
 m_core
  lt_126_20_I4
   
   module:lt_unsigned_64
    very_fast      <     unsigned   2x4        1          22.69  126  20 acbam_FP32.v 
======================================================================================
acbam_FP32
 m_core
  lt_126_20_I5
   
   module:lt_unsigned_56
    very_fast      <     unsigned   3x4        1          37.37  126  20 acbam_FP32.v 
======================================================================================
acbam_FP32
 m_core
  lt_126_20_I6
   
   module:lt_unsigned_56
    very_fast      <     unsigned   3x4        1          37.37  126  20 acbam_FP32.v 
======================================================================================
acbam_FP32
 m_core
  lt_126_20_I7
   
   module:lt_unsigned_56
    very_fast      <     unsigned   3x4        1          37.37  126  20 acbam_FP32.v 
======================================================================================
acbam_FP32
 m_core
  lt_126_20_I8
   
   module:lt_unsigned_56
    very_fast      <     unsigned   3x4        1          37.37  126  20 acbam_FP32.v 
======================================================================================
acbam_FP32
 m_core
  lt_126_20_I9
   
   module:lt_unsigned
    very_fast      <     unsigned   4x4        1          46.71  126  20 acbam_FP32.v 
======================================================================================
acbam_FP32
 m_core
  mux_155_34
   
   module:bmux_206
    very_fast binary_mux n/a        1x24x24    24        128.13  155  34 acbam_FP32.v 
======================================================================================
acbam_FP32
 m_core
  mux_cmbsop_k_val_42_17
   
   module:mux_139
    very_fast     mux    n/a        7x4x4x4x4x 4          74.74   42  17 acbam_FP32.v 
                                    4x4x4                                             
======================================================================================
acbam_FP32
 m_core
  mux_level_42_17
   
   module:bmux_17
    very_fast binary_mux n/a        1x1x1      1           5.34   42  17 acbam_FP32.v 
======================================================================================
acbam_FP32
 m_core
  mux_level_42_72
   
   module:bmux_118
    very_fast binary_mux n/a        1x4x4      4          21.35   42  17 acbam_FP32.v 
======================================================================================
acbam_FP32
 m_core
  mux_level_42_73
   
   module:bmux_118
    very_fast binary_mux n/a        1x4x4      4          21.35   42  17 acbam_FP32.v 
======================================================================================
acbam_FP32
 m_core
  mux_level_42_74
   
   module:bmux_118
    very_fast binary_mux n/a        1x4x4      4          21.35   42  17 acbam_FP32.v 
======================================================================================
acbam_FP32
 m_core
  mux_level_42_75
   
   module:bmux_118
    very_fast binary_mux n/a        1x4x4      4          21.35   42  17 acbam_FP32.v 
======================================================================================
acbam_FP32
 m_core
  mux_level_42_76
   
   module:bmux_118
    very_fast binary_mux n/a        1x4x4      4          21.35   42  17 acbam_FP32.v 
======================================================================================
acbam_FP32
 m_core
  mux_level_42_77
   
   module:bmux_118
    very_fast binary_mux n/a        1x4x4      4          21.35   42  17 acbam_FP32.v 
======================================================================================
acbam_FP32
 m_core
  mux_level_42_78
   
   module:bmux_118
    very_fast binary_mux n/a        1x4x4      4          21.35   42  17 acbam_FP32.v 
======================================================================================
acbam_FP32
 m_core
  mux_level_42_79
   
   module:bmux_118
    very_fast binary_mux n/a        1x4x4      4          21.35   42  17 acbam_FP32.v 
======================================================================================
acbam_FP32
 m_core
  mux_level_42_80
   
   module:bmux_118
    very_fast binary_mux n/a        1x4x4      4          21.35   42  17 acbam_FP32.v 
======================================================================================
acbam_FP32
 m_core
  mux_level_42_81
   
   module:bmux_118
    very_fast binary_mux n/a        1x4x4      4          21.35   42  17 acbam_FP32.v 
======================================================================================
acbam_FP32
 m_core
  mux_level_42_82
   
   module:bmux_118
    very_fast binary_mux n/a        1x4x4      4          21.35   42  17 acbam_FP32.v 
======================================================================================
acbam_FP32
 m_core
  mux_level_42_83
   
   module:bmux_118
    very_fast binary_mux n/a        1x4x4      4          21.35   42  17 acbam_FP32.v 
======================================================================================
acbam_FP32
 m_core
  mux_level_42_84
   
   module:bmux_118
    very_fast binary_mux n/a        1x4x4      4          21.35   42  17 acbam_FP32.v 
======================================================================================
acbam_FP32
 m_core
  mux_level_42_85
   
   module:bmux_118
    very_fast binary_mux n/a        1x4x4      4          21.35   42  17 acbam_FP32.v 
======================================================================================
acbam_FP32
 m_core
  mux_level_42_86
   
   module:bmux_118
    very_fast binary_mux n/a        1x4x4      4          21.35   42  17 acbam_FP32.v 
======================================================================================
acbam_FP32
 m_core
  mux_level_42_87
   
   module:bmux_118
    very_fast binary_mux n/a        1x4x4      4          21.35   42  17 acbam_FP32.v 
======================================================================================
acbam_FP32
 m_core
  mux_level_42_88
   
   module:bmux_118
    very_fast binary_mux n/a        1x4x4      4          21.35   42  17 acbam_FP32.v 
======================================================================================
acbam_FP32
 m_core
  mux_level_42_89
   
   module:bmux_118
    very_fast binary_mux n/a        1x4x4      4          21.35   42  17 acbam_FP32.v 
======================================================================================
acbam_FP32
 m_core
  mux_level_42_90
   
   module:bmux_118
    very_fast binary_mux n/a        1x4x4      4          21.35   42  17 acbam_FP32.v 
======================================================================================
acbam_FP32
 m_core
  mux_level_42_91
   
   module:bmux_118
    very_fast binary_mux n/a        1x4x4      4          21.35   42  17 acbam_FP32.v 
======================================================================================
acbam_FP32
 m_core
  mux_level_42_92
   
   module:bmux_118
    very_fast binary_mux n/a        1x4x4      4          21.35   42  17 acbam_FP32.v 
======================================================================================
acbam_FP32
 m_core
  mux_pp0_masked_120_19
   
   module:bmux
    very_fast binary_mux n/a        1x48x48    48        256.25  120  19 acbam_FP32.v 
======================================================================================
acbam_FP32
 m_core
  mux_pp0_masked_126_109
   
   module:bmux_17
    very_fast binary_mux n/a        1x1x1      1           5.34  126  20 acbam_FP32.v 
======================================================================================
acbam_FP32
 m_core
  mux_pp0_masked_126_110
   
   module:bmux_17
    very_fast binary_mux n/a        1x1x1      1           5.34  126  20 acbam_FP32.v 
======================================================================================
acbam_FP32
 m_core
  mux_pp0_masked_126_111
   
   module:bmux_17
    very_fast binary_mux n/a        1x1x1      1           5.34  126  20 acbam_FP32.v 
======================================================================================
acbam_FP32
 m_core
  mux_pp0_masked_126_112
   
   module:bmux_17
    very_fast binary_mux n/a        1x1x1      1           5.34  126  20 acbam_FP32.v 
======================================================================================
acbam_FP32
 m_core
  mux_pp0_masked_126_113
   
   module:bmux_17
    very_fast binary_mux n/a        1x1x1      1           5.34  126  20 acbam_FP32.v 
======================================================================================
acbam_FP32
 m_core
  mux_pp0_masked_126_114
   
   module:bmux_17
    very_fast binary_mux n/a        1x1x1      1           5.34  126  20 acbam_FP32.v 
======================================================================================
acbam_FP32
 m_core
  mux_pp0_masked_126_115
   
   module:bmux_17
    very_fast binary_mux n/a        1x1x1      1           5.34  126  20 acbam_FP32.v 
======================================================================================
acbam_FP32
 m_core
  mux_pp0_masked_126_116
   
   module:bmux_17
    very_fast binary_mux n/a        1x1x1      1           5.34  126  20 acbam_FP32.v 
======================================================================================
acbam_FP32
 m_core
  mux_pp0_masked_126_117
   
   module:bmux_17
    very_fast binary_mux n/a        1x1x1      1           5.34  126  20 acbam_FP32.v 
======================================================================================
acbam_FP32
 m_core
  mux_pp0_masked_126_118
   
   module:bmux_17
    very_fast binary_mux n/a        1x1x1      1           5.34  126  20 acbam_FP32.v 
======================================================================================
acbam_FP32
 m_core
  mux_pp0_masked_126_119
   
   module:bmux_17
    very_fast binary_mux n/a        1x1x1      1           5.34  126  20 acbam_FP32.v 
======================================================================================
acbam_FP32
 m_core
  mux_pp0_masked_126_120
   
   module:bmux_17
    very_fast binary_mux n/a        1x1x1      1           5.34  126  20 acbam_FP32.v 
======================================================================================
acbam_FP32
 m_core
  mux_pp0_masked_126_121
   
   module:bmux_17
    very_fast binary_mux n/a        1x1x1      1           5.34  126  20 acbam_FP32.v 
======================================================================================
acbam_FP32
 m_core
  mux_pp0_masked_126_122
   
   module:bmux_17
    very_fast binary_mux n/a        1x1x1      1           5.34  126  20 acbam_FP32.v 
======================================================================================
acbam_FP32
 m_core
  mux_pp0_masked_126_20
   
   module:bmux_17
    very_fast binary_mux n/a        1x1x1      1           5.34  126  20 acbam_FP32.v 
======================================================================================
acbam_FP32
 m_core
  mux_pp1_masked_121_19
   
   module:bmux
    very_fast binary_mux n/a        1x48x48    48        256.25  121  19 acbam_FP32.v 
======================================================================================
acbam_FP32
 m_core
  mux_pp1_masked_126_124
   
   module:bmux_17
    very_fast binary_mux n/a        1x1x1      1           5.34  126  20 acbam_FP32.v 
======================================================================================
acbam_FP32
 m_core
  mux_pp1_masked_126_125
   
   module:bmux_17
    very_fast binary_mux n/a        1x1x1      1           5.34  126  20 acbam_FP32.v 
======================================================================================
acbam_FP32
 m_core
  mux_pp1_masked_126_126
   
   module:bmux_17
    very_fast binary_mux n/a        1x1x1      1           5.34  126  20 acbam_FP32.v 
======================================================================================
acbam_FP32
 m_core
  mux_pp1_masked_126_127
   
   module:bmux_17
    very_fast binary_mux n/a        1x1x1      1           5.34  126  20 acbam_FP32.v 
======================================================================================
acbam_FP32
 m_core
  mux_pp1_masked_126_128
   
   module:bmux_17
    very_fast binary_mux n/a        1x1x1      1           5.34  126  20 acbam_FP32.v 
======================================================================================
acbam_FP32
 m_core
  mux_pp1_masked_126_129
   
   module:bmux_17
    very_fast binary_mux n/a        1x1x1      1           5.34  126  20 acbam_FP32.v 
======================================================================================
acbam_FP32
 m_core
  mux_pp1_masked_126_130
   
   module:bmux_17
    very_fast binary_mux n/a        1x1x1      1           5.34  126  20 acbam_FP32.v 
======================================================================================
acbam_FP32
 m_core
  mux_pp1_masked_126_131
   
   module:bmux_17
    very_fast binary_mux n/a        1x1x1      1           5.34  126  20 acbam_FP32.v 
======================================================================================
acbam_FP32
 m_core
  mux_pp1_masked_126_132
   
   module:bmux_17
    very_fast binary_mux n/a        1x1x1      1           5.34  126  20 acbam_FP32.v 
======================================================================================
acbam_FP32
 m_core
  mux_pp1_masked_126_133
   
   module:bmux_17
    very_fast binary_mux n/a        1x1x1      1           5.34  126  20 acbam_FP32.v 
======================================================================================
acbam_FP32
 m_core
  mux_pp1_masked_126_134
   
   module:bmux_17
    very_fast binary_mux n/a        1x1x1      1           5.34  126  20 acbam_FP32.v 
======================================================================================
acbam_FP32
 m_core
  mux_pp1_masked_126_135
   
   module:bmux_17
    very_fast binary_mux n/a        1x1x1      1           5.34  126  20 acbam_FP32.v 
======================================================================================
acbam_FP32
 m_core
  mux_pp1_masked_126_136
   
   module:bmux_17
    very_fast binary_mux n/a        1x1x1      1           5.34  126  20 acbam_FP32.v 
======================================================================================
acbam_FP32
 m_core
  mux_pp1_masked_126_137
   
   module:bmux_17
    very_fast binary_mux n/a        1x1x1      1           5.34  126  20 acbam_FP32.v 
======================================================================================
acbam_FP32
 m_core
  mux_pp1_masked_126_20
   
   module:bmux_17
    very_fast binary_mux n/a        1x1x1      1           5.34  126  20 acbam_FP32.v 
======================================================================================
acbam_FP32
 m_core
  mux_pp2_masked_122_19
   
   module:bmux
    very_fast binary_mux n/a        1x48x48    48        256.25  122  19 acbam_FP32.v 
======================================================================================
acbam_FP32
 m_core
  mux_pp2_masked_126_139
   
   module:bmux_17
    very_fast binary_mux n/a        1x1x1      1           5.34  126  20 acbam_FP32.v 
======================================================================================
acbam_FP32
 m_core
  mux_pp2_masked_126_140
   
   module:bmux_17
    very_fast binary_mux n/a        1x1x1      1           5.34  126  20 acbam_FP32.v 
======================================================================================
acbam_FP32
 m_core
  mux_pp2_masked_126_141
   
   module:bmux_17
    very_fast binary_mux n/a        1x1x1      1           5.34  126  20 acbam_FP32.v 
======================================================================================
acbam_FP32
 m_core
  mux_pp2_masked_126_142
   
   module:bmux_17
    very_fast binary_mux n/a        1x1x1      1           5.34  126  20 acbam_FP32.v 
======================================================================================
acbam_FP32
 m_core
  mux_pp2_masked_126_143
   
   module:bmux_17
    very_fast binary_mux n/a        1x1x1      1           5.34  126  20 acbam_FP32.v 
======================================================================================
acbam_FP32
 m_core
  mux_pp2_masked_126_144
   
   module:bmux_17
    very_fast binary_mux n/a        1x1x1      1           5.34  126  20 acbam_FP32.v 
======================================================================================
acbam_FP32
 m_core
  mux_pp2_masked_126_145
   
   module:bmux_17
    very_fast binary_mux n/a        1x1x1      1           5.34  126  20 acbam_FP32.v 
======================================================================================
acbam_FP32
 m_core
  mux_pp2_masked_126_146
   
   module:bmux_17
    very_fast binary_mux n/a        1x1x1      1           5.34  126  20 acbam_FP32.v 
======================================================================================
acbam_FP32
 m_core
  mux_pp2_masked_126_147
   
   module:bmux_17
    very_fast binary_mux n/a        1x1x1      1           5.34  126  20 acbam_FP32.v 
======================================================================================
acbam_FP32
 m_core
  mux_pp2_masked_126_148
   
   module:bmux_17
    very_fast binary_mux n/a        1x1x1      1           5.34  126  20 acbam_FP32.v 
======================================================================================
acbam_FP32
 m_core
  mux_pp2_masked_126_149
   
   module:bmux_17
    very_fast binary_mux n/a        1x1x1      1           5.34  126  20 acbam_FP32.v 
======================================================================================
acbam_FP32
 m_core
  mux_pp2_masked_126_150
   
   module:bmux_17
    very_fast binary_mux n/a        1x1x1      1           5.34  126  20 acbam_FP32.v 
======================================================================================
acbam_FP32
 m_core
  mux_pp2_masked_126_151
   
   module:bmux_17
    very_fast binary_mux n/a        1x1x1      1           5.34  126  20 acbam_FP32.v 
======================================================================================
acbam_FP32
 m_core
  mux_pp2_masked_126_152
   
   module:bmux_17
    very_fast binary_mux n/a        1x1x1      1           5.34  126  20 acbam_FP32.v 
======================================================================================
acbam_FP32
 m_core
  mux_pp2_masked_126_20
   
   module:bmux_17
    very_fast binary_mux n/a        1x1x1      1           5.34  126  20 acbam_FP32.v 
======================================================================================
acbam_FP32
 m_core
  mux_pp3_masked_126_153
   
   module:bmux_17
    very_fast binary_mux n/a        1x1x1      1           5.34  126  20 acbam_FP32.v 
======================================================================================
acbam_FP32
 m_core
  mux_pp3_masked_126_154
   
   module:bmux_17
    very_fast binary_mux n/a        1x1x1      1           5.34  126  20 acbam_FP32.v 
======================================================================================
acbam_FP32
 m_core
  mux_pp3_masked_126_155
   
   module:bmux_17
    very_fast binary_mux n/a        1x1x1      1           5.34  126  20 acbam_FP32.v 
======================================================================================
acbam_FP32
 m_core
  mux_pp3_masked_126_156
   
   module:bmux_17
    very_fast binary_mux n/a        1x1x1      1           5.34  126  20 acbam_FP32.v 
======================================================================================
acbam_FP32
 m_core
  mux_pp3_masked_126_157
   
   module:bmux_17
    very_fast binary_mux n/a        1x1x1      1           5.34  126  20 acbam_FP32.v 
======================================================================================
acbam_FP32
 m_core
  mux_pp3_masked_126_158
   
   module:bmux_17
    very_fast binary_mux n/a        1x1x1      1           5.34  126  20 acbam_FP32.v 
======================================================================================
acbam_FP32
 m_core
  mux_pp3_masked_126_159
   
   module:bmux_17
    very_fast binary_mux n/a        1x1x1      1           5.34  126  20 acbam_FP32.v 
======================================================================================
acbam_FP32
 m_core
  mux_pp3_masked_126_160
   
   module:bmux_17
    very_fast binary_mux n/a        1x1x1      1           5.34  126  20 acbam_FP32.v 
======================================================================================
acbam_FP32
 m_core
  mux_pp3_masked_126_161
   
   module:bmux_17
    very_fast binary_mux n/a        1x1x1      1           5.34  126  20 acbam_FP32.v 
======================================================================================
acbam_FP32
 m_core
  mux_pp3_masked_126_162
   
   module:bmux_17
    very_fast binary_mux n/a        1x1x1      1           5.34  126  20 acbam_FP32.v 
======================================================================================
acbam_FP32
 m_core
  mux_pp3_masked_126_163
   
   module:bmux_17
    very_fast binary_mux n/a        1x1x1      1           5.34  126  20 acbam_FP32.v 
======================================================================================
acbam_FP32
 m_core
  mux_pp3_masked_126_164
   
   module:bmux_17
    very_fast binary_mux n/a        1x1x1      1           5.34  126  20 acbam_FP32.v 
======================================================================================
acbam_FP32
 m_core
  mux_pp3_masked_126_165
   
   module:bmux_17
    very_fast binary_mux n/a        1x1x1      1           5.34  126  20 acbam_FP32.v 
======================================================================================
acbam_FP32
 m_core
  mux_pp3_masked_126_166
   
   module:bmux_17
    very_fast binary_mux n/a        1x1x1      1           5.34  126  20 acbam_FP32.v 
======================================================================================
acbam_FP32
 m_core
  mux_pp3_masked_126_20
   
   module:bmux_17
    very_fast binary_mux n/a        1x1x1      1           5.34  126  20 acbam_FP32.v 
======================================================================================
acbam_FP32
 m_core
  mux_sign_correction_142_24
   
   module:bmux_24
    very_fast binary_mux n/a        1x16x16    16         85.42  142  24 acbam_FP32.v 
======================================================================================
acbam_FP32
 m_core
  mux_sign_correction_143_10
   
   module:bmux_17
    very_fast binary_mux n/a        1x1x1      1           5.34  143  13 acbam_FP32.v 
======================================================================================
acbam_FP32
 m_core
  mux_sign_correction_143_11
   
   module:bmux_17
    very_fast binary_mux n/a        1x1x1      1           5.34  143  13 acbam_FP32.v 
======================================================================================
acbam_FP32
 m_core
  mux_sign_correction_143_12
   
   module:bmux_17
    very_fast binary_mux n/a        1x1x1      1           5.34  143  13 acbam_FP32.v 
======================================================================================
acbam_FP32
 m_core
  mux_sign_correction_143_13
   
   module:bmux_17
    very_fast binary_mux n/a        1x1x1      1           5.34  143  13 acbam_FP32.v 
======================================================================================
acbam_FP32
 m_core
  mux_sign_correction_143_14
   
   module:bmux_17
    very_fast binary_mux n/a        1x1x1      1           5.34  143  13 acbam_FP32.v 
======================================================================================
acbam_FP32
 m_core
  mux_sign_correction_143_15
   
   module:bmux_17
    very_fast binary_mux n/a        1x1x1      1           5.34  143  13 acbam_FP32.v 
======================================================================================
acbam_FP32
 m_core
  mux_sign_correction_143_16
   
   module:bmux_17
    very_fast binary_mux n/a        1x1x1      1           5.34  143  13 acbam_FP32.v 
======================================================================================
acbam_FP32
 m_core
  mux_sign_correction_143_17
   
   module:bmux_17
    very_fast binary_mux n/a        1x1x1      1           5.34  143  13 acbam_FP32.v 
======================================================================================
acbam_FP32
 m_core
  mux_sign_correction_143_2
   
   module:bmux_17
    very_fast binary_mux n/a        1x1x1      1           5.34  143  13 acbam_FP32.v 
======================================================================================
acbam_FP32
 m_core
  mux_sign_correction_143_3
   
   module:bmux_17
    very_fast binary_mux n/a        1x1x1      1           5.34  143  13 acbam_FP32.v 
======================================================================================
acbam_FP32
 m_core
  mux_sign_correction_143_4
   
   module:bmux_17
    very_fast binary_mux n/a        1x1x1      1           5.34  143  13 acbam_FP32.v 
======================================================================================
acbam_FP32
 m_core
  mux_sign_correction_143_5
   
   module:bmux_17
    very_fast binary_mux n/a        1x1x1      1           5.34  143  13 acbam_FP32.v 
======================================================================================
acbam_FP32
 m_core
  mux_sign_correction_143_6
   
   module:bmux_17
    very_fast binary_mux n/a        1x1x1      1           5.34  143  13 acbam_FP32.v 
======================================================================================
acbam_FP32
 m_core
  mux_sign_correction_143_7
   
   module:bmux_17
    very_fast binary_mux n/a        1x1x1      1           5.34  143  13 acbam_FP32.v 
======================================================================================
acbam_FP32
 m_core
  mux_sign_correction_143_8
   
   module:bmux_17
    very_fast binary_mux n/a        1x1x1      1           5.34  143  13 acbam_FP32.v 
======================================================================================
acbam_FP32
 m_core
  mux_sign_correction_143_9
   
   module:bmux_17
    very_fast binary_mux n/a        1x1x1      1           5.34  143  13 acbam_FP32.v 
======================================================================================
acbam_FP32
 m_core
  mux_sign_correction_145_24
   
   module:bmux_118
    very_fast binary_mux n/a        1x4x4      4          21.35  145  24 acbam_FP32.v 
======================================================================================
acbam_FP32
 mux_197_27
  
  module:bmux_211
   very_fast  binary_mux n/a        1x23x23    23        122.79  197  27 acbam_FP32.v 
======================================================================================
acbam_FP32
 mux_198_27
  
  module:bmux_211
   very_fast  binary_mux n/a        1x23x23    23        122.79  198  27 acbam_FP32.v 
======================================================================================
acbam_FP32
 mux_212_25
  
  module:bmux_211
   very_fast  binary_mux n/a        1x23x23    23        122.79  212  25 acbam_FP32.v 
======================================================================================
acbam_FP32
 mux_212_50
  
  module:bmux_211
   very_fast  binary_mux n/a        1x23x23    23        122.79  212  50 acbam_FP32.v 
======================================================================================
acbam_FP32
 mux_213_20
  
  module:bmux_215
   very_fast  binary_mux n/a        1x8x8      8          42.71  213  20 acbam_FP32.v 
======================================================================================
acbam_FP32
 mux_213_40
  
  module:bmux_215
   very_fast  binary_mux n/a        1x8x8      8          42.71  213  40 acbam_FP32.v 
======================================================================================

      Type       CellArea Percentage 
-------------------------------------
datapath modules 12122.63      65.60 
external muxes    5760.35      31.17 
others             596.58       3.23 
-------------------------------------
total            18479.56     100.00 

