============================================================
  Generated by:           Genus(TM) Synthesis Solution 21.10-p002_1
  Generated on:           Apr 11 2026  03:24:41 pm
  Module:                 signed_int_mul_p_0_L1
  Technology libraries:   fast_vdd1v0 1.0
                          physical_cells 
  Operating conditions:   PVT_1P1V_0C 
  Interconnect mode:      global
  Area mode:              physical library
============================================================

       Instance                   Module              Cell Count  Cell Area  Net Area   Combinational   Buffer   Inverter   Flop   Latch   Clock-Gate   Memory   Macro   Total Area 
------------------------------------------------------------------------------------------------------------------------------------------------------------------------------------
signed_int_mul_p_0_L1                                       1145   3755.502  1298.938        3266.100  132.012    357.390  0.000   0.000        0.000    0.000   0.000     5054.440 
  m_unsigned_int_mul  unsigned_int_mul                       928   2968.218  1014.952        2587.230  109.098    271.890  0.000   0.000        0.000    0.000   0.000     3983.170 
    lod_a             leading_one_detector_WIDTH8             19     71.136    12.943          58.482    0.000     12.654  0.000   0.000        0.000    0.000   0.000       84.079 
    lod_b             leading_one_detector_WIDTH8_89          14     52.668     8.876          44.460    0.000      8.208  0.000   0.000        0.000    0.000   0.000       61.544 
    m_approx_t        approx_t_WIDTH8                        585   1855.008   620.960        1598.508   74.214    182.286  0.000   0.000        0.000    0.000   0.000     2475.968 
      bms0            bit_mask_sel_WIDTH16                   162    554.724   159.231         485.298   20.178     49.248  0.000   0.000        0.000    0.000   0.000      713.955 
      bms1            bit_mask_sel_WIDTH16_88                 39    100.206    34.952          95.076    0.000      5.130  0.000   0.000        0.000    0.000   0.000      135.158 
      bms2            bit_mask_sel_WIDTH16_87                 30     49.590    25.050          45.486    0.000      4.104  0.000   0.000        0.000    0.000   0.000       74.640 
