============================================================
  Generated by:           Genus(TM) Synthesis Solution 21.10-p002_1
  Generated on:           Jun 19 2026  11:43:05 am
  Module:                 scaletrim_UINT8
  Technology library:     fast_vdd1v0 1.0
  Operating conditions:   PVT_1P1V_0C (balanced_tree)
  Wireload mode:          enclosed
  Area mode:              timing library
============================================================

                                  Leakage  
   Gate     Instances    Area   Power (nW)     Library    
----------------------------------------------------------
ADDFX1              2    10.260      0.626    fast_vdd1v0 
ADDHX1              1     3.762      0.272    fast_vdd1v0 
AND2X1              3     4.104      0.271    fast_vdd1v0 
AND2XL             22    30.096      1.733    fast_vdd1v0 
AND3XL              2     4.104      0.193    fast_vdd1v0 
AOI21X1            19    32.490      2.058    fast_vdd1v0 
AOI21X2             8    21.888      1.548    fast_vdd1v0 
AOI21X4             1     5.130      0.375    fast_vdd1v0 
AOI21XL            15    25.650      1.117    fast_vdd1v0 
AOI22X1             1     2.052      0.125    fast_vdd1v0 
AOI2BB1X1           6    12.312      0.840    fast_vdd1v0 
AOI2BB1X2           1     3.078      0.216    fast_vdd1v0 
AOI2BB1XL           7    14.364      0.773    fast_vdd1v0 
AOI32X1             1     2.394      0.149    fast_vdd1v0 
BUFX12              1     5.130      0.597    fast_vdd1v0 
BUFX16              1     6.840      0.778    fast_vdd1v0 
BUFX2               9    15.390      1.091    fast_vdd1v0 
BUFX20              1     8.208      0.989    fast_vdd1v0 
CLKAND2X12          2    15.048      1.488    fast_vdd1v0 
CLKAND2X2           4     8.208      0.554    fast_vdd1v0 
CLKAND2X6           1     4.788      0.420    fast_vdd1v0 
CLKAND2X8           1     5.814      0.525    fast_vdd1v0 
CLKBUFX2           12    20.520      1.439    fast_vdd1v0 
CLKINVX1            1     1.026      0.045    fast_vdd1v0 
CLKINVX12           7    28.728      3.170    fast_vdd1v0 
CLKINVX16           2    10.944      1.237    fast_vdd1v0 
CLKINVX2            4     5.472      0.340    fast_vdd1v0 
CLKINVX3            2     3.420      0.262    fast_vdd1v0 
CLKINVX4            4     6.840      0.655    fast_vdd1v0 
CLKINVX6            2     4.788      0.500    fast_vdd1v0 
CLKXOR2X1           3     8.208      0.539    fast_vdd1v0 
INVX1              65    44.460      2.987    fast_vdd1v0 
INVX2              10    10.260      0.823    fast_vdd1v0 
INVX3               3     4.104      0.365    fast_vdd1v0 
INVXL             116    79.344      3.888    fast_vdd1v0 
MX2XL               3     7.182      0.442    fast_vdd1v0 
MXI2X1              4    10.944      0.575    fast_vdd1v0 
MXI2XL              5    11.970      0.523    fast_vdd1v0 
NAND2BX1           29    39.672      2.953    fast_vdd1v0 
NAND2BX2            1     2.394      0.179    fast_vdd1v0 
NAND2BX4            1     3.762      0.309    fast_vdd1v0 
NAND2BXL           28    38.304      2.224    fast_vdd1v0 
NAND2X1            92    94.392      6.487    fast_vdd1v0 
NAND2X2            40    68.400      5.262    fast_vdd1v0 
NAND2X4             6    18.878      1.558    fast_vdd1v0 
NAND2X6             3    13.697      1.161    fast_vdd1v0 
NAND2X8             4    20.999      2.043    fast_vdd1v0 
NAND2XL            81    83.106      3.809    fast_vdd1v0 
NAND3BX1            1     2.052      0.136    fast_vdd1v0 
NAND3BXL            5     8.550      0.495    fast_vdd1v0 
NAND3X1             9    15.390      0.823    fast_vdd1v0 
NAND3X2             2     5.472      0.345    fast_vdd1v0 
NAND3XL             2     3.420      0.112    fast_vdd1v0 
NOR2BX1            37    50.616      3.926    fast_vdd1v0 
NOR2BX2             1     2.736      0.137    fast_vdd1v0 
NOR2BX4             1     3.762      0.198    fast_vdd1v0 
NOR2BXL             4     6.840      0.357    fast_vdd1v0 
NOR2X1             64    65.664      4.678    fast_vdd1v0 
NOR2X2             51    87.210      7.148    fast_vdd1v0 
NOR2X4             17    52.326      4.743    fast_vdd1v0 
NOR2X6              3    12.312      1.301    fast_vdd1v0 
NOR2XL             66    67.716      2.855    fast_vdd1v0 
NOR3BX1             1     2.052      0.133    fast_vdd1v0 
NOR3BX2             1     3.420      0.202    fast_vdd1v0 
NOR3BXL             1     2.052      0.083    fast_vdd1v0 
NOR3X1              2     3.420      0.219    fast_vdd1v0 
NOR3X2              2     5.472      0.362    fast_vdd1v0 
NOR3X4              4    20.520      1.388    fast_vdd1v0 
NOR3X6              1     7.182      0.456    fast_vdd1v0 
NOR3XL              1     1.710      0.122    fast_vdd1v0 
NOR4BX1             1     2.394      0.127    fast_vdd1v0 
NOR4X1              1     1.710      0.100    fast_vdd1v0 
OA21X1              2     4.104      0.224    fast_vdd1v0 
OAI211X1            1     1.710      0.119    fast_vdd1v0 
OAI211XL            1     2.052      0.076    fast_vdd1v0 
OAI21X1            10    17.100      0.961    fast_vdd1v0 
OAI21X2            15    46.170      2.742    fast_vdd1v0 
OAI21X4             4    19.152      1.473    fast_vdd1v0 
OAI21XL            12    20.520      0.787    fast_vdd1v0 
OAI2BB1X1          32    54.720      3.744    fast_vdd1v0 
OAI2BB1XL          13    26.676      1.234    fast_vdd1v0 
OR2X1               3     4.104      0.304    fast_vdd1v0 
OR2XL              21    28.728      1.882    fast_vdd1v0 
OR3X1               1     2.052      0.105    fast_vdd1v0 
OR3XL               2     4.104      0.179    fast_vdd1v0 
XNOR2X1            11    26.334      1.940    fast_vdd1v0 
XNOR2XL             4    10.944      0.663    fast_vdd1v0 
XOR2XL              6    16.416      1.005    fast_vdd1v0 
----------------------------------------------------------
total            1053  1601.808    108.393                


                                           Leakage  Leakage 
     Type      Instances   Area   Area % Power (nW) Power % 
------------------------------------------------------------
inverter             216  199.386   12.4     14.271    13.2 
buffer                24   56.088    3.5      4.893     4.5 
logic                813 1346.334   84.1     89.228    82.3 
physical_cells         0    0.000    0.0      0.000     0.0 
------------------------------------------------------------
total               1053 1601.808  100.0    108.393   100.0 

