============================================================
  Generated by:           Genus(TM) Synthesis Solution 21.10-p002_1
  Generated on:           Jun 19 2026  11:43:05 am
  Module:                 scaletrim_UINT8
  Operating conditions:   PVT_1P1V_0C (balanced_tree)
  Wireload mode:          enclosed
  Area mode:              timing library
============================================================


Path 1: VIOLATED (-132 ps) Late External Delay Assertion at pin R[7]
          Group: vclk
     Startpoint: (F) Conf_Bit_Mask[0]
          Clock: (R) vclk
       Endpoint: (R) R[7]
          Clock: (R) vclk

                     Capture       Launch     
        Clock Edge:+    1000            0     
        Drv Adjust:+       0            0     
       Src Latency:+       0            0     
       Net Latency:+       0 (I)        0 (I) 
           Arrival:=    1000            0     
                                              
      Output Delay:-     200                  
       Uncertainty:-      50                  
     Required Time:=     750                  
      Launch Clock:-       0                  
       Input Delay:-     200                  
         Data Path:-     682                  
             Slack:=    -132                  

Exceptions/Constraints:
  input_delay              200             scaletrim_UINT8.sdc_line_14_21_1 
  output_delay             200             scaletrim_UINT8.sdc_line_15_28_1 

#------------------------------------------------------------------------------------------
#  Timing Point    Flags    Arc   Edge   Cell     Fanout Load Trans Delay Arrival Instance 
#                                                        (fF)  (ps)  (ps)   (ps)  Location 
#------------------------------------------------------------------------------------------
  Conf_Bit_Mask[0] -       -      F     (arrival)     12 17.8     0     0     200    (-,-) 
  m_core/g23046/Y  -       A->Y   R     NAND2X8        4  4.5     8    10     210    (-,-) 
  m_core/g23028/Y  -       A->Y   F     NAND2X1        1  0.4    12    14     224    (-,-) 
  m_core/g23026/Y  -       B->Y   R     NAND2X1        1  1.0    13    12     235    (-,-) 
  m_core/g23025/Y  -       A->Y   F     NAND2X2        1  1.7    18    19     254    (-,-) 
  m_core/g65/Y     -       B->Y   R     NOR2X4         1  1.9    14    14     268    (-,-) 
  m_core/g63/Y     -       A->Y   F     NOR2X4         5  2.3    11    12     280    (-,-) 
  m_core/g22500/Y  -       B->Y   R     NOR2BX1        1  0.9    19    16     297    (-,-) 
  m_core/g23170/Y  -       B->Y   F     NAND2X2        6  1.4    18    18     314    (-,-) 
  m_core/g23172/Y  -       A->Y   R     INVXL          3  0.9    14    15     329    (-,-) 
  m_core/g23912/Y  -       B->Y   F     NAND2XL        1  0.4    15    15     344    (-,-) 
  m_core/g23911/Y  -       A->Y   R     NAND2X1        1  0.5    10    12     357    (-,-) 
  m_core/g23910/Y  -       B->Y   F     NOR2X1         2  0.7    13    10     367    (-,-) 
  m_core/g980/Y    -       B->Y   F     AND2XL         3  0.6     9    18     384    (-,-) 
  m_core/g23845/Y  -       B0->Y  R     AOI21XL        2  0.6    23    19     403    (-,-) 
  m_core/g22286/Y  -       A1N->Y R     OAI2BB1XL      2  0.8    17    27     430    (-,-) 
  m_core/g22284/Y  -       A1->Y  F     AOI21X1        2  0.9    23    23     453    (-,-) 
  m_core/fopt116/Y -       A->Y   R     INVX1          2  1.2    13    15     468    (-,-) 
  m_core/g22342/Y  -       A1->Y  F     AOI21X2        5  1.5    22    21     489    (-,-) 
  m_core/g21527/Y  -       AN->Y  F     NOR2BX1        1  0.8    11    22     511    (-,-) 
  m_core/g128/Y    -       B->Y   R     NOR2X2         1  0.9    13    13     524    (-,-) 
  m_core/g22043/Y  -       A1->Y  F     AOI21X2        2  1.0    18    19     543    (-,-) 
  m_core/g22294/Y  -       B->Y   R     NOR2X2         2  1.3    16    16     559    (-,-) 
  m_core/g22706/Y  -       A0->Y  F     AOI21X2        2  1.0    18    22     581    (-,-) 
  m_core/g22660/Y  -       B->Y   R     NOR2X2         3  1.8    20    18     599    (-,-) 
  m_core/g22428/Y  -       A1->Y  F     OAI21X2        5  1.8    23    22     621    (-,-) 
  m_core/g193/Y    -       B->Y   R     NOR2X1         2  0.9    20    20     641    (-,-) 
  m_core/g184/Y    -       B->Y   F     XNOR2XL        3  0.6    10    30     670    (-,-) 
  m_core/g109_0/Y  -       B->Y   F     OR2XL          1  0.4     7    23     693    (-,-) 
  m_core/g23259/Y  -       A->Y   R     NAND2X1        2  0.6    10    10     703    (-,-) 
  m_core/g22004/Y  -       B->Y   F     NAND2XL        1  0.2    12    12     715    (-,-) 
  m_core/g23788/Y  -       B->Y   R     NAND2XL        2  0.6    13    12     727    (-,-) 
  m_core/g22624/Y  -       A1N->Y R     OAI2BB1X1      3  1.5    17    30     757    (-,-) 
  m_core/g22623/Y  -       B->Y   F     NAND2X2        4  1.1    16    16     773    (-,-) 
  m_core/g22309/Y  -       B->Y   R     NOR2X1         2  0.6    15    16     789    (-,-) 
  m_core/g22348/Y  -       A1N->Y R     AOI2BB1X1      1  1.0    20    25     814    (-,-) 
  m_core/g22387/Y  -       B->Y   F     NOR2X2         1  0.8     9    12     826    (-,-) 
  m_core/g22507/Y  -       B->Y   R     NOR2X2         1  1.9    20    16     842    (-,-) 
  m_core/g22506/Y  -       B->Y   F     NOR2X4         1  5.0    17    14     856    (-,-) 
  m_core/g18/Y     -       A->Y   R     CLKINVX12      1 50.0    34    26     882    (-,-) 
  R[7]             -       -      R     (port)         -    -     -     0     882    (-,-) 
#------------------------------------------------------------------------------------------



Path 2: VIOLATED (-132 ps) Late External Delay Assertion at pin R[15]
          Group: vclk
     Startpoint: (R) Conf_Bit_Mask[0]
          Clock: (R) vclk
       Endpoint: (R) R[15]
          Clock: (R) vclk

                     Capture       Launch     
        Clock Edge:+    1000            0     
        Drv Adjust:+       0            0     
       Src Latency:+       0            0     
       Net Latency:+       0 (I)        0 (I) 
           Arrival:=    1000            0     
                                              
      Output Delay:-     200                  
       Uncertainty:-      50                  
     Required Time:=     750                  
      Launch Clock:-       0                  
       Input Delay:-     200                  
         Data Path:-     682                  
             Slack:=    -132                  

Exceptions/Constraints:
  input_delay              200             scaletrim_UINT8.sdc_line_14_21_1 
  output_delay             200             scaletrim_UINT8.sdc_line_15      

#-----------------------------------------------------------------------------------------------
#     Timing Point      Flags    Arc   Edge   Cell     Fanout Load Trans Delay Arrival Instance 
#                                                             (fF)  (ps)  (ps)   (ps)  Location 
#-----------------------------------------------------------------------------------------------
  Conf_Bit_Mask[0]      -       -      R     (arrival)     12 20.1     0     0     200    (-,-) 
  m_core/g23572/Y       -       A->Y   F     NAND2X8        1  1.7    10    12     212    (-,-) 
  m_core/g23571/Y       -       A->Y   R     CLKINVX4       1  1.9     6     8     220    (-,-) 
  m_core/g25/Y          -       A->Y   F     NOR3X4         1  1.7    12    12     232    (-,-) 
  m_core/g167/Y         -       B->Y   R     NOR3X4         1  0.9    17    20     252    (-,-) 
  m_core/g23602/Y       -       B->Y   F     NAND2X2        1  1.7    19    18     271    (-,-) 
  m_core/g63/Y          -       B->Y   R     NOR2X4         5  2.5    16    15     286    (-,-) 
  m_core/g143/Y         -       A->Y   F     INVX1          1  1.8    16    15     301    (-,-) 
  m_core/g23908/Y       -       A->Y   R     NOR2X4         9  2.7    18    17     319    (-,-) 
  m_core/g49/Y          -       B->Y   F     NAND2XL        1  0.4    16    17     336    (-,-) 
  m_core/g22528/Y       -       A->Y   R     NAND2X1        2  0.8    12    13     349    (-,-) 
  m_core/g22527/Y       -       B->Y   F     NOR2X1         1  0.4    10    10     358    (-,-) 
  m_core/g20013__7098/Y -       A->Y   R     NAND2X1        1  1.0    12    12     371    (-,-) 
  m_core/g977/Y         -       B->Y   F     NOR2X2         3  1.4    11    11     382    (-,-) 
  m_core/g22346/Y       -       B->Y   R     NOR2XL         1  0.5    18    16     397    (-,-) 
  m_core/g221/Y         -       A0->Y  F     OAI21X1        3  0.9    22    25     422    (-,-) 
  m_core/g23747/Y       -       B->Y   R     XNOR2X1        3  1.5    14    40     462    (-,-) 
  m_core/g219/Y         -       B->Y   F     NAND2XL        2  0.5    17    16     479    (-,-) 
  m_core/g22488/Y       -       A->Y   R     INVXL          2  0.6    11    13     492    (-,-) 
  m_core/g23400/Y       -       A->Y   R     OR2X1          4  1.2    11    22     513    (-,-) 
  m_core/g22123/Y       -       B->Y   R     AND2XL         1  0.3     6    21     535    (-,-) 
  m_core/g118/Y         -       A->Y   F     NAND2XL        1  0.8    23    19     554    (-,-) 
  m_core/g22664/Y       -       B->Y   R     NAND2X2        4  1.6    12    14     567    (-,-) 
  m_core/g22667/Y       -       A->Y   F     INVXL          1  0.4     7    10     577    (-,-) 
  m_core/g22171/Y       -       B->Y   R     NOR2X1         2  0.8    17    14     591    (-,-) 
  m_core/g22118/Y       -       B->Y   R     OR2XL          1  0.6    10    17     608    (-,-) 
  m_core/g21665/Y       -       B->Y   F     XOR2XL         3  0.8    12    35     644    (-,-) 
  m_core/g21160/Y       -       B->Y   R     NOR2X1         2  0.8    18    16     659    (-,-) 
  m_core/g21158/Y       -       B->Y   F     NOR2BX1        3  0.8    11    13     672    (-,-) 
  m_core/g19781__5107/Y -       B->Y   R     NOR2XL         3  0.9    27    20     692    (-,-) 
  m_core/g23478/Y       -       A1N->Y R     OAI2BB1X1      2  0.8    12    30     723    (-,-) 
  m_core/g519/Y         -       B->Y   F     NAND2X1        3  1.7    29    22     745    (-,-) 
  m_core/g23498/Y       -       A0->Y  R     AOI21X2        2  0.6    15    22     767    (-,-) 
  m_core/g22701/Y       -       A1N->Y R     OAI2BB1XL      1  0.5    13    24     791    (-,-) 
  m_core/g23770/Y       -       B->Y   F     NAND2X1        2  0.5    14    14     806    (-,-) 
  m_core/g23769/Y       -       A1N->Y F     OAI2BB1X1      1  0.8    18    25     831    (-,-) 
  m_core/g23664/Y       -       B->Y   R     NAND2X2        1  2.4    16    14     845    (-,-) 
  fopt/Y                -       A->Y   R     BUFX20         1 50.0    26    37     882    (-,-) 
  R[15]                 -       -      R     (port)         -    -     -     0     882    (-,-) 
#-----------------------------------------------------------------------------------------------



Path 3: VIOLATED (-132 ps) Late External Delay Assertion at pin R[9]
          Group: vclk
     Startpoint: (F) Conf_Bit_Mask[0]
          Clock: (R) vclk
       Endpoint: (F) R[9]
          Clock: (R) vclk

                     Capture       Launch     
        Clock Edge:+    1000            0     
        Drv Adjust:+       0            0     
       Src Latency:+       0            0     
       Net Latency:+       0 (I)        0 (I) 
           Arrival:=    1000            0     
                                              
      Output Delay:-     200                  
       Uncertainty:-      50                  
     Required Time:=     750                  
      Launch Clock:-       0                  
       Input Delay:-     200                  
         Data Path:-     682                  
             Slack:=    -132                  

Exceptions/Constraints:
  input_delay              200             scaletrim_UINT8.sdc_line_14_21_1 
  output_delay             200             scaletrim_UINT8.sdc_line_15_26_1 

#------------------------------------------------------------------------------------------
#  Timing Point    Flags    Arc   Edge   Cell     Fanout Load Trans Delay Arrival Instance 
#                                                        (fF)  (ps)  (ps)   (ps)  Location 
#------------------------------------------------------------------------------------------
  Conf_Bit_Mask[0] -       -      F     (arrival)     12 17.8     0     0     200    (-,-) 
  m_core/g23046/Y  -       A->Y   R     NAND2X8        4  4.5     8    10     210    (-,-) 
  m_core/g23028/Y  -       A->Y   F     NAND2X1        1  0.4    12    14     224    (-,-) 
  m_core/g23026/Y  -       B->Y   R     NAND2X1        1  1.0    13    12     235    (-,-) 
  m_core/g23025/Y  -       A->Y   F     NAND2X2        1  1.7    18    19     254    (-,-) 
  m_core/g65/Y     -       B->Y   R     NOR2X4         1  1.9    14    14     268    (-,-) 
  m_core/g63/Y     -       A->Y   F     NOR2X4         5  2.3    11    12     280    (-,-) 
  m_core/g22500/Y  -       B->Y   R     NOR2BX1        1  0.9    19    16     297    (-,-) 
  m_core/g23170/Y  -       B->Y   F     NAND2X2        6  1.4    18    18     314    (-,-) 
  m_core/g23172/Y  -       A->Y   R     INVXL          3  0.9    14    15     329    (-,-) 
  m_core/g23912/Y  -       B->Y   F     NAND2XL        1  0.4    15    15     344    (-,-) 
  m_core/g23911/Y  -       A->Y   R     NAND2X1        1  0.5    10    12     357    (-,-) 
  m_core/g23910/Y  -       B->Y   F     NOR2X1         2  0.7    13    10     367    (-,-) 
  m_core/g980/Y    -       B->Y   F     AND2XL         3  0.6     9    18     384    (-,-) 
  m_core/g23845/Y  -       B0->Y  R     AOI21XL        2  0.6    23    19     403    (-,-) 
  m_core/g22286/Y  -       A1N->Y R     OAI2BB1XL      2  0.8    17    27     430    (-,-) 
  m_core/g22284/Y  -       A1->Y  F     AOI21X1        2  0.9    23    23     453    (-,-) 
  m_core/fopt116/Y -       A->Y   R     INVX1          2  1.2    13    15     468    (-,-) 
  m_core/g22342/Y  -       A1->Y  F     AOI21X2        5  1.5    22    21     489    (-,-) 
  m_core/g21527/Y  -       AN->Y  F     NOR2BX1        1  0.8    11    22     511    (-,-) 
  m_core/g128/Y    -       B->Y   R     NOR2X2         1  0.9    13    13     524    (-,-) 
  m_core/g22043/Y  -       A1->Y  F     AOI21X2        2  1.0    18    19     543    (-,-) 
  m_core/g22294/Y  -       B->Y   R     NOR2X2         2  1.3    16    16     559    (-,-) 
  m_core/g22706/Y  -       A0->Y  F     AOI21X2        2  1.0    18    22     581    (-,-) 
  m_core/g22660/Y  -       B->Y   R     NOR2X2         3  1.8    20    18     599    (-,-) 
  m_core/g22428/Y  -       A1->Y  F     OAI21X2        5  1.8    23    22     621    (-,-) 
  m_core/g193/Y    -       B->Y   R     NOR2X1         2  0.9    20    20     641    (-,-) 
  m_core/g184/Y    -       B->Y   F     XNOR2XL        3  0.6    10    30     670    (-,-) 
  m_core/g109_0/Y  -       B->Y   F     OR2XL          1  0.4     7    23     693    (-,-) 
  m_core/g23259/Y  -       A->Y   R     NAND2X1        2  0.6    10    10     703    (-,-) 
  m_core/g23516/Y  -       B->Y   F     NAND2XL        1  0.4    16    14     717    (-,-) 
  m_core/g39/Y     -       B->Y   R     NAND2X1        2  1.4    15    14     732    (-,-) 
  m_core/g23512/Y  -       B->Y   F     NAND2X2        1  0.9    14    15     746    (-,-) 
  m_core/g23778/Y  -       A->Y   R     NAND2X2        2  2.8    16    15     761    (-,-) 
  m_core/g24102/Y  -       B->Y   F     NAND2BX4       5  1.9    16    15     776    (-,-) 
  m_core/g23022/Y  -       A1->Y  R     OAI21X2        2  1.0    18    18     795    (-,-) 
  m_core/g23461/Y  -       B->Y   F     NAND2BX1       1  0.4    13    16     810    (-,-) 
  m_core/g23089/Y  -       B->Y   R     NAND2BX1       1  1.0    12    12     822    (-,-) 
  m_core/g23088/Y  -       B->Y   F     NOR2X2         1  1.7    12    11     834    (-,-) 
  m_core/g22612/Y  -       B->Y   R     NOR2X4         1  5.7    25    20     853    (-,-) 
  m_core/g21995/Y  -       A->Y   F     CLKINVX12      1 50.0    39    28     882    (-,-) 
  R[9]             -       -      F     (port)         -    -     -     0     882    (-,-) 
#------------------------------------------------------------------------------------------



Path 4: VIOLATED (-132 ps) Late External Delay Assertion at pin R[6]
          Group: vclk
     Startpoint: (R) Conf_Bit_Mask[0]
          Clock: (R) vclk
       Endpoint: (R) R[6]
          Clock: (R) vclk

                     Capture       Launch     
        Clock Edge:+    1000            0     
        Drv Adjust:+       0            0     
       Src Latency:+       0            0     
       Net Latency:+       0 (I)        0 (I) 
           Arrival:=    1000            0     
                                              
      Output Delay:-     200                  
       Uncertainty:-      50                  
     Required Time:=     750                  
      Launch Clock:-       0                  
       Input Delay:-     200                  
         Data Path:-     682                  
             Slack:=    -132                  

Exceptions/Constraints:
  input_delay              200             scaletrim_UINT8.sdc_line_14_21_1 
  output_delay             200             scaletrim_UINT8.sdc_line_15_29_1 

#------------------------------------------------------------------------------------------------
#     Timing Point       Flags    Arc   Edge   Cell     Fanout Load Trans Delay Arrival Instance 
#                                                              (fF)  (ps)  (ps)   (ps)  Location 
#------------------------------------------------------------------------------------------------
  Conf_Bit_Mask[0]       -       -      R     (arrival)     12 20.1     0     0     200    (-,-) 
  m_core/g23572/Y        -       A->Y   F     NAND2X8        1  1.7    10    12     212    (-,-) 
  m_core/g23571/Y        -       A->Y   R     CLKINVX4       1  1.9     6     8     220    (-,-) 
  m_core/g25/Y           -       A->Y   F     NOR3X4         1  1.7    12    12     232    (-,-) 
  m_core/g167/Y          -       B->Y   R     NOR3X4         1  0.9    17    20     252    (-,-) 
  m_core/g23602/Y        -       B->Y   F     NAND2X2        1  1.7    19    18     271    (-,-) 
  m_core/g63/Y           -       B->Y   R     NOR2X4         5  2.5    16    15     286    (-,-) 
  m_core/g22500/Y        -       B->Y   F     NOR2BX1        1  0.8    11    12     298    (-,-) 
  m_core/g23170/Y        -       B->Y   R     NAND2X2        6  1.8    13    11     309    (-,-) 
  m_core/g23430/Y        -       AN->Y  R     NAND2BXL       1  0.5    11    17     327    (-,-) 
  m_core/g20872/Y        -       B->Y   F     NAND2X1        1  0.8    17    16     342    (-,-) 
  m_core/g20037__20871/Y -       B->Y   R     NOR2X2         2  1.0    14    15     357    (-,-) 
  m_core/g20013__7098/Y  -       B->Y   F     NAND2X1        1  0.8    17    17     374    (-,-) 
  m_core/g977/Y          -       B->Y   R     NOR2X2         3  1.6    18    17     391    (-,-) 
  m_core/g23753/Y        -       A1->Y  F     OAI21X2        3  1.0    19    19     410    (-,-) 
  m_core/g22230/Y        -       A1N->Y F     OAI2BB1X1      4  0.8    19    26     436    (-,-) 
  m_core/g23872/Y        -       B->Y   R     NOR2XL         2  0.6    21    20     456    (-,-) 
  m_core/g22/Y           -       A->Y   F     INVXL          2  0.6    10    14     469    (-,-) 
  m_core/g24138/Y        -       AN->Y  F     NOR2BXL        1  0.3     8    16     486    (-,-) 
  m_core/g21775/Y        -       AN->Y  F     NAND2BX1       2  1.2    23    28     514    (-,-) 
  m_core/g20380__2802/Y  -       A->Y   R     NAND2X1        2  0.6    12    15     528    (-,-) 
  m_core/g22126/Y        -       AN->Y  R     NAND2BXL       1  0.3    11    16     544    (-,-) 
  m_core/g22292/Y        -       A1N->Y R     OAI2BB1X1      1  0.9    13    28     572    (-,-) 
  m_core/g21673/Y        -       B->Y   F     NAND2X2        2  1.0    15    14     587    (-,-) 
  m_core/g22306/Y        -       B->Y   R     NOR2X2         2  0.8    13    13     600    (-,-) 
  m_core/g22305/Y        -       A->Y   F     INVX1          1  0.8     8    11     611    (-,-) 
  m_core/g22428/Y        -       B0->Y  R     OAI21X2        5  2.2    26    11     622    (-,-) 
  m_core/g193/Y          -       B->Y   F     NOR2X1         2  0.8    12    15     637    (-,-) 
  m_core/g184/Y          -       B->Y   R     XNOR2XL        3  0.9    14    35     672    (-,-) 
  m_core/g109_0/Y        -       B->Y   R     OR2XL          1  0.5     9    16     688    (-,-) 
  m_core/g23259/Y        -       A->Y   F     NAND2X1        2  0.4    12    14     702    (-,-) 
  m_core/g23516/Y        -       B->Y   R     NAND2XL        1  0.5    14    11     714    (-,-) 
  m_core/g39/Y           -       B->Y   F     NAND2X1        2  1.2    22    19     733    (-,-) 
  m_core/g23512/Y        -       B->Y   R     NAND2X2        1  1.0    10    12     745    (-,-) 
  m_core/g23778/Y        -       A->Y   F     NAND2X2        2  2.6    24    21     766    (-,-) 
  m_core/g23779/Y        -       A->Y   R     NOR2X2         4  1.8    20    22     788    (-,-) 
  m_core/g22619/Y        -       A0->Y  F     OAI21XL        1  0.9    29    28     816    (-,-) 
  m_core/g22617/Y        -       A1->Y  R     OAI21X2        1  1.9    26    25     841    (-,-) 
  m_core/g22616/Y        -       A->Y   R     BUFX16         1 50.0    30    40     882    (-,-) 
  R[6]                   -       -      R     (port)         -    -     -     0     882    (-,-) 
#------------------------------------------------------------------------------------------------



Path 5: VIOLATED (-131 ps) Late External Delay Assertion at pin R[13]
          Group: vclk
     Startpoint: (R) Conf_Bit_Mask[0]
          Clock: (R) vclk
       Endpoint: (F) R[13]
          Clock: (R) vclk

                     Capture       Launch     
        Clock Edge:+    1000            0     
        Drv Adjust:+       0            0     
       Src Latency:+       0            0     
       Net Latency:+       0 (I)        0 (I) 
           Arrival:=    1000            0     
                                              
      Output Delay:-     200                  
       Uncertainty:-      50                  
     Required Time:=     750                  
      Launch Clock:-       0                  
       Input Delay:-     200                  
         Data Path:-     681                  
             Slack:=    -131                  

Exceptions/Constraints:
  input_delay              200             scaletrim_UINT8.sdc_line_14_21_1 
  output_delay             200             scaletrim_UINT8.sdc_line_15_22_1 

#------------------------------------------------------------------------------------------------
#     Timing Point       Flags    Arc   Edge   Cell     Fanout Load Trans Delay Arrival Instance 
#                                                              (fF)  (ps)  (ps)   (ps)  Location 
#------------------------------------------------------------------------------------------------
  Conf_Bit_Mask[0]       -       -      R     (arrival)     12 20.1     0     0     200    (-,-) 
  m_core/g23572/Y        -       A->Y   F     NAND2X8        1  1.7    10    12     212    (-,-) 
  m_core/g23571/Y        -       A->Y   R     CLKINVX4       1  1.9     6     8     220    (-,-) 
  m_core/g25/Y           -       A->Y   F     NOR3X4         1  1.7    12    12     232    (-,-) 
  m_core/g167/Y          -       B->Y   R     NOR3X4         1  0.9    17    20     252    (-,-) 
  m_core/g23602/Y        -       B->Y   F     NAND2X2        1  1.7    19    18     271    (-,-) 
  m_core/g63/Y           -       B->Y   R     NOR2X4         5  2.5    16    15     286    (-,-) 
  m_core/g22500/Y        -       B->Y   F     NOR2BX1        1  0.8    11    12     298    (-,-) 
  m_core/g23170/Y        -       B->Y   R     NAND2X2        6  1.8    13    11     309    (-,-) 
  m_core/g23430/Y        -       AN->Y  R     NAND2BXL       1  0.5    11    17     327    (-,-) 
  m_core/g20872/Y        -       B->Y   F     NAND2X1        1  0.8    17    16     342    (-,-) 
  m_core/g20037__20871/Y -       B->Y   R     NOR2X2         2  1.0    14    15     357    (-,-) 
  m_core/g20013__7098/Y  -       B->Y   F     NAND2X1        1  0.8    17    17     374    (-,-) 
  m_core/g977/Y          -       B->Y   R     NOR2X2         3  1.6    18    17     391    (-,-) 
  m_core/g23753/Y        -       A1->Y  F     OAI21X2        3  1.0    19    19     410    (-,-) 
  m_core/g22230/Y        -       A1N->Y F     OAI2BB1X1      4  0.8    19    26     436    (-,-) 
  m_core/g23872/Y        -       B->Y   R     NOR2XL         2  0.6    21    20     456    (-,-) 
  m_core/g22/Y           -       A->Y   F     INVXL          2  0.6    10    14     469    (-,-) 
  m_core/g24138/Y        -       AN->Y  F     NOR2BXL        1  0.3     8    16     486    (-,-) 
  m_core/g21775/Y        -       AN->Y  F     NAND2BX1       2  1.2    23    28     514    (-,-) 
  m_core/g20380__2802/Y  -       A->Y   R     NAND2X1        2  0.6    12    15     528    (-,-) 
  m_core/g22126/Y        -       AN->Y  R     NAND2BXL       1  0.3    11    16     544    (-,-) 
  m_core/g22292/Y        -       A1N->Y R     OAI2BB1X1      1  0.9    13    28     572    (-,-) 
  m_core/g21673/Y        -       B->Y   F     NAND2X2        2  1.0    15    14     587    (-,-) 
  m_core/g22306/Y        -       B->Y   R     NOR2X2         2  0.8    13    13     600    (-,-) 
  m_core/g22305/Y        -       A->Y   F     INVX1          1  0.8     8    11     611    (-,-) 
  m_core/g22428/Y        -       B0->Y  R     OAI21X2        5  2.2    26    11     622    (-,-) 
  m_core/g21970/Y        -       A->Y   F     INVX1          1  0.9    12    15     637    (-,-) 
  m_core/g23928/Y        -       A->Y   R     NAND2X2        2  1.4    10    12     648    (-,-) 
  m_core/g37/Y           -       S0->Y  R     MXI2X1         2  1.0    26    25     673    (-,-) 
  m_core/g375/Y          -       A->Y   F     INVX1          2  0.8    11    15     688    (-,-) 
  m_core/g23674/Y        -       B0->Y  R     AOI21X1        1  1.0    24    20     708    (-,-) 
  m_core/g23773/Y        -       A1->Y  F     OAI21X2        3  1.1    20    21     728    (-,-) 
  m_core/g23774/Y        -       B->Y   R     NAND2X1        3  0.9    12    14     742    (-,-) 
  m_core/g258/Y          -       A1N->Y R     OAI2BB1X1      2  1.2    14    29     771    (-,-) 
  m_core/g256/Y          -       B0->Y  F     OAI21X2        3  1.3    20    20     791    (-,-) 
  m_core/g416_0/Y        -       A1N->Y F     OAI2BB1XL      1  0.4    15    22     814    (-,-) 
  m_core/g21628/Y        -       B->Y   R     NAND2X1        1  1.0    12    13     826    (-,-) 
  m_core/g22710/Y        -       A->Y   F     INVX2          1  2.5    12    12     838    (-,-) 
  m_core/g22708/Y        -       B->Y   R     NOR2X6         1  7.5    23    18     857    (-,-) 
  m_core/fopt22707/Y     -       A->Y   F     CLKINVX16      1 50.0    31    24     881    (-,-) 
  R[13]                  -       -      F     (port)         -    -     -     0     881    (-,-) 
#------------------------------------------------------------------------------------------------



Path 6: VIOLATED (-131 ps) Late External Delay Assertion at pin R[3]
          Group: vclk
     Startpoint: (F) Conf_Bit_Mask[0]
          Clock: (R) vclk
       Endpoint: (R) R[3]
          Clock: (R) vclk

                     Capture       Launch     
        Clock Edge:+    1000            0     
        Drv Adjust:+       0            0     
       Src Latency:+       0            0     
       Net Latency:+       0 (I)        0 (I) 
           Arrival:=    1000            0     
                                              
      Output Delay:-     200                  
       Uncertainty:-      50                  
     Required Time:=     750                  
      Launch Clock:-       0                  
       Input Delay:-     200                  
         Data Path:-     681                  
             Slack:=    -131                  

Exceptions/Constraints:
  input_delay              200             scaletrim_UINT8.sdc_line_14_21_1 
  output_delay             200             scaletrim_UINT8.sdc_line_15_32_1 

#------------------------------------------------------------------------------------------
#  Timing Point    Flags    Arc   Edge   Cell     Fanout Load Trans Delay Arrival Instance 
#                                                        (fF)  (ps)  (ps)   (ps)  Location 
#------------------------------------------------------------------------------------------
  Conf_Bit_Mask[0] -       -      F     (arrival)     12 17.8     0     0     200    (-,-) 
  m_core/g23046/Y  -       A->Y   R     NAND2X8        4  4.5     8    10     210    (-,-) 
  m_core/g23028/Y  -       A->Y   F     NAND2X1        1  0.4    12    14     224    (-,-) 
  m_core/g23026/Y  -       B->Y   R     NAND2X1        1  1.0    13    12     235    (-,-) 
  m_core/g23025/Y  -       A->Y   F     NAND2X2        1  1.7    18    19     254    (-,-) 
  m_core/g65/Y     -       B->Y   R     NOR2X4         1  1.9    14    14     268    (-,-) 
  m_core/g63/Y     -       A->Y   F     NOR2X4         5  2.3    11    12     280    (-,-) 
  m_core/g22500/Y  -       B->Y   R     NOR2BX1        1  0.9    19    16     297    (-,-) 
  m_core/g23170/Y  -       B->Y   F     NAND2X2        6  1.4    18    18     314    (-,-) 
  m_core/g23172/Y  -       A->Y   R     INVXL          3  0.9    14    15     329    (-,-) 
  m_core/g23912/Y  -       B->Y   F     NAND2XL        1  0.4    15    15     344    (-,-) 
  m_core/g23911/Y  -       A->Y   R     NAND2X1        1  0.5    10    12     357    (-,-) 
  m_core/g23910/Y  -       B->Y   F     NOR2X1         2  0.7    13    10     367    (-,-) 
  m_core/g980/Y    -       B->Y   F     AND2XL         3  0.6     9    18     384    (-,-) 
  m_core/g23845/Y  -       B0->Y  R     AOI21XL        2  0.6    23    19     403    (-,-) 
  m_core/g22286/Y  -       A1N->Y R     OAI2BB1XL      2  0.8    17    27     430    (-,-) 
  m_core/g22284/Y  -       A1->Y  F     AOI21X1        2  0.9    23    23     453    (-,-) 
  m_core/fopt116/Y -       A->Y   R     INVX1          2  1.2    13    15     468    (-,-) 
  m_core/g22342/Y  -       A1->Y  F     AOI21X2        5  1.5    22    21     489    (-,-) 
  m_core/g21527/Y  -       AN->Y  F     NOR2BX1        1  0.8    11    22     511    (-,-) 
  m_core/g128/Y    -       B->Y   R     NOR2X2         1  0.9    13    13     524    (-,-) 
  m_core/g22043/Y  -       A1->Y  F     AOI21X2        2  1.0    18    19     543    (-,-) 
  m_core/g22294/Y  -       B->Y   R     NOR2X2         2  1.3    16    16     559    (-,-) 
  m_core/g22706/Y  -       A0->Y  F     AOI21X2        2  1.0    18    22     581    (-,-) 
  m_core/g22660/Y  -       B->Y   R     NOR2X2         3  1.8    20    18     599    (-,-) 
  m_core/g22428/Y  -       A1->Y  F     OAI21X2        5  1.8    23    22     621    (-,-) 
  m_core/g193/Y    -       B->Y   R     NOR2X1         2  0.9    20    20     641    (-,-) 
  m_core/g184/Y    -       B->Y   F     XNOR2XL        3  0.6    10    30     670    (-,-) 
  m_core/g109_0/Y  -       B->Y   F     OR2XL          1  0.4     7    23     693    (-,-) 
  m_core/g23259/Y  -       A->Y   R     NAND2X1        2  0.6    10    10     703    (-,-) 
  m_core/g22004/Y  -       B->Y   F     NAND2XL        1  0.2    12    12     715    (-,-) 
  m_core/g23788/Y  -       B->Y   R     NAND2XL        2  0.6    13    12     727    (-,-) 
  m_core/g23700/Y  -       B->Y   F     NAND2XL        1  0.4    15    15     742    (-,-) 
  m_core/g23698/Y  -       B->Y   R     NAND2X1        3  1.1    14    13     755    (-,-) 
  m_core/g23696/Y  -       B->Y   F     NAND2XL        1  0.4    16    15     770    (-,-) 
  m_core/g22764/Y  -       B->Y   R     NOR2X1         1  0.5    14    15     785    (-,-) 
  m_core/g22093/Y  -       B->Y   F     NOR2X1         2  0.8    12    12     797    (-,-) 
  m_core/g82/Y     -       B->Y   F     CLKAND2X2      1  0.9     8    26     822    (-,-) 
  m_core/g23218/Y  -       A->Y   R     NOR2X2         1  1.9    20    18     840    (-,-) 
  m_core/g23215/Y  -       B->Y   F     NOR2X4         1  5.0    17    15     855    (-,-) 
  m_core/g22501/Y  -       A->Y   R     CLKINVX12      1 50.0    34    26     881    (-,-) 
  R[3]             -       -      R     (port)         -    -     -     0     881    (-,-) 
#------------------------------------------------------------------------------------------



Path 7: VIOLATED (-130 ps) Late External Delay Assertion at pin R[11]
          Group: vclk
     Startpoint: (F) Conf_Bit_Mask[0]
          Clock: (R) vclk
       Endpoint: (R) R[11]
          Clock: (R) vclk

                     Capture       Launch     
        Clock Edge:+    1000            0     
        Drv Adjust:+       0            0     
       Src Latency:+       0            0     
       Net Latency:+       0 (I)        0 (I) 
           Arrival:=    1000            0     
                                              
      Output Delay:-     200                  
       Uncertainty:-      50                  
     Required Time:=     750                  
      Launch Clock:-       0                  
       Input Delay:-     200                  
         Data Path:-     680                  
             Slack:=    -130                  

Exceptions/Constraints:
  input_delay              200             scaletrim_UINT8.sdc_line_14_21_1 
  output_delay             200             scaletrim_UINT8.sdc_line_15_24_1 

#--------------------------------------------------------------------------------------------
#   Timing Point     Flags    Arc   Edge   Cell     Fanout Load Trans Delay Arrival Instance 
#                                                          (fF)  (ps)  (ps)   (ps)  Location 
#--------------------------------------------------------------------------------------------
  Conf_Bit_Mask[0]   -       -      F     (arrival)     12 17.8     0     0     200    (-,-) 
  m_core/g23046/Y    -       A->Y   R     NAND2X8        4  4.5     8    10     210    (-,-) 
  m_core/g23028/Y    -       A->Y   F     NAND2X1        1  0.4    12    14     224    (-,-) 
  m_core/g23026/Y    -       B->Y   R     NAND2X1        1  1.0    13    12     235    (-,-) 
  m_core/g23025/Y    -       A->Y   F     NAND2X2        1  1.7    18    19     254    (-,-) 
  m_core/g65/Y       -       B->Y   R     NOR2X4         1  1.9    14    14     268    (-,-) 
  m_core/g63/Y       -       A->Y   F     NOR2X4         5  2.3    11    12     280    (-,-) 
  m_core/g22500/Y    -       B->Y   R     NOR2BX1        1  0.9    19    16     297    (-,-) 
  m_core/g23170/Y    -       B->Y   F     NAND2X2        6  1.4    18    18     314    (-,-) 
  m_core/g23172/Y    -       A->Y   R     INVXL          3  0.9    14    15     329    (-,-) 
  m_core/g23912/Y    -       B->Y   F     NAND2XL        1  0.4    15    15     344    (-,-) 
  m_core/g23911/Y    -       A->Y   R     NAND2X1        1  0.5    10    12     357    (-,-) 
  m_core/g23910/Y    -       B->Y   F     NOR2X1         2  0.7    13    10     367    (-,-) 
  m_core/g980/Y      -       B->Y   F     AND2XL         3  0.6     9    18     384    (-,-) 
  m_core/g23845/Y    -       B0->Y  R     AOI21XL        2  0.6    23    19     403    (-,-) 
  m_core/g22286/Y    -       A1N->Y R     OAI2BB1XL      2  0.8    17    27     430    (-,-) 
  m_core/g22284/Y    -       A1->Y  F     AOI21X1        2  0.9    23    23     453    (-,-) 
  m_core/fopt116/Y   -       A->Y   R     INVX1          2  1.2    13    15     468    (-,-) 
  m_core/g22342/Y    -       A1->Y  F     AOI21X2        5  1.5    22    21     489    (-,-) 
  m_core/g21527/Y    -       AN->Y  F     NOR2BX1        1  0.8    11    22     511    (-,-) 
  m_core/g128/Y      -       B->Y   R     NOR2X2         1  0.9    13    13     524    (-,-) 
  m_core/g22043/Y    -       A1->Y  F     AOI21X2        2  1.0    18    19     543    (-,-) 
  m_core/g22294/Y    -       B->Y   R     NOR2X2         2  1.3    16    16     559    (-,-) 
  m_core/g22706/Y    -       A0->Y  F     AOI21X2        2  1.0    18    22     581    (-,-) 
  m_core/g22660/Y    -       B->Y   R     NOR2X2         3  1.8    20    18     599    (-,-) 
  m_core/g22428/Y    -       A1->Y  F     OAI21X2        5  1.8    23    22     621    (-,-) 
  m_core/g193/Y      -       B->Y   R     NOR2X1         2  0.9    20    20     641    (-,-) 
  m_core/g184/Y      -       B->Y   F     XNOR2XL        3  0.6    10    30     670    (-,-) 
  m_core/g23654/Y    -       B->Y   F     OR2XL          2  0.7    10    25     695    (-,-) 
  m_core/g23782/Y    -       A1N->Y F     OAI2BB1X1      2  0.7    16    24     719    (-,-) 
  m_core/g23783/Y    -       A0N->Y F     OAI2BB1X1      1  0.8    17    28     747    (-,-) 
  m_core/g23765/Y    -       B->Y   R     NAND2X2        2  1.4    11    12     759    (-,-) 
  m_core/g23763/Y    -       B->Y   F     NAND2X2        4  1.2    15    15     773    (-,-) 
  m_core/g23734/Y    -       B->Y   R     NOR2X1         2  0.6    15    15     789    (-,-) 
  m_core/g30_0/Y     -       A1N->Y R     OAI2BB1XL      1  0.5    12    24     813    (-,-) 
  m_core/g22087/Y    -       A->Y   F     NAND2X1        1  0.8    17    18     830    (-,-) 
  m_core/g22371/Y    -       A->Y   R     INVX2          1  2.9    14    14     844    (-,-) 
  m_core/g22369/Y    -       B->Y   F     NOR2X6         1  6.7    18    13     857    (-,-) 
  m_core/fopt22368/Y -       A->Y   R     CLKINVX16      1 50.0    28    24     880    (-,-) 
  R[11]              -       -      R     (port)         -    -     -     0     880    (-,-) 
#--------------------------------------------------------------------------------------------



Path 8: VIOLATED (-130 ps) Late External Delay Assertion at pin R[8]
          Group: vclk
     Startpoint: (R) Conf_Bit_Mask[0]
          Clock: (R) vclk
       Endpoint: (R) R[8]
          Clock: (R) vclk

                     Capture       Launch     
        Clock Edge:+    1000            0     
        Drv Adjust:+       0            0     
       Src Latency:+       0            0     
       Net Latency:+       0 (I)        0 (I) 
           Arrival:=    1000            0     
                                              
      Output Delay:-     200                  
       Uncertainty:-      50                  
     Required Time:=     750                  
      Launch Clock:-       0                  
       Input Delay:-     200                  
         Data Path:-     680                  
             Slack:=    -130                  

Exceptions/Constraints:
  input_delay              200             scaletrim_UINT8.sdc_line_14_21_1 
  output_delay             200             scaletrim_UINT8.sdc_line_15_27_1 

#------------------------------------------------------------------------------------------------
#     Timing Point       Flags    Arc   Edge   Cell     Fanout Load Trans Delay Arrival Instance 
#                                                              (fF)  (ps)  (ps)   (ps)  Location 
#------------------------------------------------------------------------------------------------
  Conf_Bit_Mask[0]       -       -      R     (arrival)     12 20.1     0     0     200    (-,-) 
  m_core/g23572/Y        -       A->Y   F     NAND2X8        1  1.7    10    12     212    (-,-) 
  m_core/g23571/Y        -       A->Y   R     CLKINVX4       1  1.9     6     8     220    (-,-) 
  m_core/g25/Y           -       A->Y   F     NOR3X4         1  1.7    12    12     232    (-,-) 
  m_core/g167/Y          -       B->Y   R     NOR3X4         1  0.9    17    20     252    (-,-) 
  m_core/g23602/Y        -       B->Y   F     NAND2X2        1  1.7    19    18     271    (-,-) 
  m_core/g63/Y           -       B->Y   R     NOR2X4         5  2.5    16    15     286    (-,-) 
  m_core/g22500/Y        -       B->Y   F     NOR2BX1        1  0.8    11    12     298    (-,-) 
  m_core/g23170/Y        -       B->Y   R     NAND2X2        6  1.8    13    11     309    (-,-) 
  m_core/g23430/Y        -       AN->Y  R     NAND2BXL       1  0.5    11    17     327    (-,-) 
  m_core/g20872/Y        -       B->Y   F     NAND2X1        1  0.8    17    16     342    (-,-) 
  m_core/g20037__20871/Y -       B->Y   R     NOR2X2         2  1.0    14    15     357    (-,-) 
  m_core/g20013__7098/Y  -       B->Y   F     NAND2X1        1  0.8    17    17     374    (-,-) 
  m_core/g977/Y          -       B->Y   R     NOR2X2         3  1.6    18    17     391    (-,-) 
  m_core/g23753/Y        -       A1->Y  F     OAI21X2        3  1.0    19    19     410    (-,-) 
  m_core/g22230/Y        -       A1N->Y F     OAI2BB1X1      4  0.8    19    26     436    (-,-) 
  m_core/g23872/Y        -       B->Y   R     NOR2XL         2  0.6    21    20     456    (-,-) 
  m_core/g22/Y           -       A->Y   F     INVXL          2  0.6    10    14     469    (-,-) 
  m_core/g24138/Y        -       AN->Y  F     NOR2BXL        1  0.3     8    16     486    (-,-) 
  m_core/g21775/Y        -       AN->Y  F     NAND2BX1       2  1.2    23    28     514    (-,-) 
  m_core/g20380__2802/Y  -       A->Y   R     NAND2X1        2  0.6    12    15     528    (-,-) 
  m_core/g22126/Y        -       AN->Y  R     NAND2BXL       1  0.3    11    16     544    (-,-) 
  m_core/g22292/Y        -       A1N->Y R     OAI2BB1X1      1  0.9    13    28     572    (-,-) 
  m_core/g21673/Y        -       B->Y   F     NAND2X2        2  1.0    15    14     587    (-,-) 
  m_core/g22306/Y        -       B->Y   R     NOR2X2         2  0.8    13    13     600    (-,-) 
  m_core/g22305/Y        -       A->Y   F     INVX1          1  0.8     8    11     611    (-,-) 
  m_core/g22428/Y        -       B0->Y  R     OAI21X2        5  2.2    26    11     622    (-,-) 
  m_core/g193/Y          -       B->Y   F     NOR2X1         2  0.8    12    15     637    (-,-) 
  m_core/g184/Y          -       B->Y   R     XNOR2XL        3  0.9    14    35     672    (-,-) 
  m_core/g23654/Y        -       B->Y   R     OR2XL          2  0.8    12    18     690    (-,-) 
  m_core/g23782/Y        -       A1N->Y R     OAI2BB1X1      2  0.8    10    28     718    (-,-) 
  m_core/g23783/Y        -       A0N->Y R     OAI2BB1X1      1  0.9    12    30     747    (-,-) 
  m_core/g23765/Y        -       B->Y   F     NAND2X2        2  1.2    16    15     762    (-,-) 
  m_core/g23766/Y        -       B->Y   R     NOR2X1         3  1.1    22    19     781    (-,-) 
  m_core/g22498/Y        -       B->Y   F     NOR2BX1        2  0.6    10    13     795    (-,-) 
  m_core/g394/Y          -       B->Y   F     OR2XL          1  0.9    12    26     820    (-,-) 
  m_core/g389/Y          -       B0->Y  R     AOI2BB1X2      1  1.9    20    20     840    (-,-) 
  m_core/g388/Y          -       B->Y   F     NOR2X4         1  5.0    17    14     855    (-,-) 
  m_core/g387/Y          -       A->Y   R     CLKINVX12      1 50.0    34    26     880    (-,-) 
  R[8]                   -       -      R     (port)         -    -     -     0     880    (-,-) 
#------------------------------------------------------------------------------------------------



Path 9: VIOLATED (-130 ps) Late External Delay Assertion at pin R[4]
          Group: vclk
     Startpoint: (F) Conf_Bit_Mask[0]
          Clock: (R) vclk
       Endpoint: (F) R[4]
          Clock: (R) vclk

                     Capture       Launch     
        Clock Edge:+    1000            0     
        Drv Adjust:+       0            0     
       Src Latency:+       0            0     
       Net Latency:+       0 (I)        0 (I) 
           Arrival:=    1000            0     
                                              
      Output Delay:-     200                  
       Uncertainty:-      50                  
     Required Time:=     750                  
      Launch Clock:-       0                  
       Input Delay:-     200                  
         Data Path:-     680                  
             Slack:=    -130                  

Exceptions/Constraints:
  input_delay              200             scaletrim_UINT8.sdc_line_14_21_1 
  output_delay             200             scaletrim_UINT8.sdc_line_15_31_1 

#------------------------------------------------------------------------------------------------
#     Timing Point      Flags    Arc   Edge    Cell     Fanout Load Trans Delay Arrival Instance 
#                                                              (fF)  (ps)  (ps)   (ps)  Location 
#------------------------------------------------------------------------------------------------
  Conf_Bit_Mask[0]      -       -      F     (arrival)      12 17.8     0     0     200    (-,-) 
  m_core/g23046/Y       -       A->Y   R     NAND2X8         4  4.5     8    10     210    (-,-) 
  m_core/g23028/Y       -       A->Y   F     NAND2X1         1  0.4    12    14     224    (-,-) 
  m_core/g23026/Y       -       B->Y   R     NAND2X1         1  1.0    13    12     235    (-,-) 
  m_core/g23025/Y       -       A->Y   F     NAND2X2         1  1.7    18    19     254    (-,-) 
  m_core/g65/Y          -       B->Y   R     NOR2X4          1  1.9    14    14     268    (-,-) 
  m_core/g63/Y          -       A->Y   F     NOR2X4          5  2.3    11    12     280    (-,-) 
  m_core/g22500/Y       -       B->Y   R     NOR2BX1         1  0.9    19    16     297    (-,-) 
  m_core/g23170/Y       -       B->Y   F     NAND2X2         6  1.4    18    18     314    (-,-) 
  m_core/g23172/Y       -       A->Y   R     INVXL           3  0.9    14    15     329    (-,-) 
  m_core/g23912/Y       -       B->Y   F     NAND2XL         1  0.4    15    15     344    (-,-) 
  m_core/g23911/Y       -       A->Y   R     NAND2X1         1  0.5    10    12     357    (-,-) 
  m_core/g23910/Y       -       B->Y   F     NOR2X1          2  0.7    13    10     367    (-,-) 
  m_core/g980/Y         -       B->Y   F     AND2XL          3  0.6     9    18     384    (-,-) 
  m_core/g23845/Y       -       B0->Y  R     AOI21XL         2  0.6    23    19     403    (-,-) 
  m_core/g22286/Y       -       A1N->Y R     OAI2BB1XL       2  0.8    17    27     430    (-,-) 
  m_core/g22284/Y       -       A1->Y  F     AOI21X1         2  0.9    23    23     453    (-,-) 
  m_core/fopt116/Y      -       A->Y   R     INVX1           2  1.2    13    15     468    (-,-) 
  m_core/g22342/Y       -       A1->Y  F     AOI21X2         5  1.5    22    21     489    (-,-) 
  m_core/g21527/Y       -       AN->Y  F     NOR2BX1         1  0.8    11    22     511    (-,-) 
  m_core/g128/Y         -       B->Y   R     NOR2X2          1  0.9    13    13     524    (-,-) 
  m_core/g22043/Y       -       A1->Y  F     AOI21X2         2  1.0    18    19     543    (-,-) 
  m_core/g22294/Y       -       B->Y   R     NOR2X2          2  1.3    16    16     559    (-,-) 
  m_core/g22706/Y       -       A0->Y  F     AOI21X2         2  1.0    18    22     581    (-,-) 
  m_core/g22660/Y       -       B->Y   R     NOR2X2          3  1.8    20    18     599    (-,-) 
  m_core/g22428/Y       -       A1->Y  F     OAI21X2         5  1.8    23    22     621    (-,-) 
  m_core/g193/Y         -       B->Y   R     NOR2X1          2  0.9    20    20     641    (-,-) 
  m_core/g184/Y         -       B->Y   F     XNOR2XL         3  0.6    10    30     670    (-,-) 
  m_core/g109_0/Y       -       B->Y   F     OR2XL           1  0.4     7    23     693    (-,-) 
  m_core/g23259/Y       -       A->Y   R     NAND2X1         2  0.6    10    10     703    (-,-) 
  m_core/g22004/Y       -       B->Y   F     NAND2XL         1  0.2    12    12     715    (-,-) 
  m_core/g23788/Y       -       B->Y   R     NAND2XL         2  0.6    13    12     727    (-,-) 
  m_core/g22624/Y       -       A1N->Y R     OAI2BB1X1       3  1.5    17    30     757    (-,-) 
  m_core/g22623/Y       -       B->Y   F     NAND2X2         4  1.1    16    16     773    (-,-) 
  m_core/g22783/Y       -       B0->Y  R     OAI21XL         1  0.3    19    11     785    (-,-) 
  m_core/g21819/Y       -       A->Y   F     XOR2XL          1  1.9    23    50     834    (-,-) 
  m_core/g10488__5122/Y -       B->Y   F     CLKAND2X12      1 50.0    40    46     880    (-,-) 
  R[4]                  -       -      F     (port)          -    -     -     0     880    (-,-) 
#------------------------------------------------------------------------------------------------



Path 10: VIOLATED (-130 ps) Late External Delay Assertion at pin R[5]
          Group: vclk
     Startpoint: (F) Conf_Bit_Mask[0]
          Clock: (R) vclk
       Endpoint: (R) R[5]
          Clock: (R) vclk

                     Capture       Launch     
        Clock Edge:+    1000            0     
        Drv Adjust:+       0            0     
       Src Latency:+       0            0     
       Net Latency:+       0 (I)        0 (I) 
           Arrival:=    1000            0     
                                              
      Output Delay:-     200                  
       Uncertainty:-      50                  
     Required Time:=     750                  
      Launch Clock:-       0                  
       Input Delay:-     200                  
         Data Path:-     680                  
             Slack:=    -130                  

Exceptions/Constraints:
  input_delay              200             scaletrim_UINT8.sdc_line_14_21_1 
  output_delay             200             scaletrim_UINT8.sdc_line_15_30_1 

#------------------------------------------------------------------------------------------
#  Timing Point    Flags    Arc   Edge   Cell     Fanout Load Trans Delay Arrival Instance 
#                                                        (fF)  (ps)  (ps)   (ps)  Location 
#------------------------------------------------------------------------------------------
  Conf_Bit_Mask[0] -       -      F     (arrival)     12 17.8     0     0     200    (-,-) 
  m_core/g23046/Y  -       A->Y   R     NAND2X8        4  4.5     8    10     210    (-,-) 
  m_core/g23028/Y  -       A->Y   F     NAND2X1        1  0.4    12    14     224    (-,-) 
  m_core/g23026/Y  -       B->Y   R     NAND2X1        1  1.0    13    12     235    (-,-) 
  m_core/g23025/Y  -       A->Y   F     NAND2X2        1  1.7    18    19     254    (-,-) 
  m_core/g65/Y     -       B->Y   R     NOR2X4         1  1.9    14    14     268    (-,-) 
  m_core/g63/Y     -       A->Y   F     NOR2X4         5  2.3    11    12     280    (-,-) 
  m_core/g22500/Y  -       B->Y   R     NOR2BX1        1  0.9    19    16     297    (-,-) 
  m_core/g23170/Y  -       B->Y   F     NAND2X2        6  1.4    18    18     314    (-,-) 
  m_core/g23172/Y  -       A->Y   R     INVXL          3  0.9    14    15     329    (-,-) 
  m_core/g23912/Y  -       B->Y   F     NAND2XL        1  0.4    15    15     344    (-,-) 
  m_core/g23911/Y  -       A->Y   R     NAND2X1        1  0.5    10    12     357    (-,-) 
  m_core/g23910/Y  -       B->Y   F     NOR2X1         2  0.7    13    10     367    (-,-) 
  m_core/g980/Y    -       B->Y   F     AND2XL         3  0.6     9    18     384    (-,-) 
  m_core/g23845/Y  -       B0->Y  R     AOI21XL        2  0.6    23    19     403    (-,-) 
  m_core/g22286/Y  -       A1N->Y R     OAI2BB1XL      2  0.8    17    27     430    (-,-) 
  m_core/g22284/Y  -       A1->Y  F     AOI21X1        2  0.9    23    23     453    (-,-) 
  m_core/fopt116/Y -       A->Y   R     INVX1          2  1.2    13    15     468    (-,-) 
  m_core/g22342/Y  -       A1->Y  F     AOI21X2        5  1.5    22    21     489    (-,-) 
  m_core/g21527/Y  -       AN->Y  F     NOR2BX1        1  0.8    11    22     511    (-,-) 
  m_core/g128/Y    -       B->Y   R     NOR2X2         1  0.9    13    13     524    (-,-) 
  m_core/g22043/Y  -       A1->Y  F     AOI21X2        2  1.0    18    19     543    (-,-) 
  m_core/g22294/Y  -       B->Y   R     NOR2X2         2  1.3    16    16     559    (-,-) 
  m_core/g22706/Y  -       A0->Y  F     AOI21X2        2  1.0    18    22     581    (-,-) 
  m_core/g22660/Y  -       B->Y   R     NOR2X2         3  1.8    20    18     599    (-,-) 
  m_core/g22428/Y  -       A1->Y  F     OAI21X2        5  1.8    23    22     621    (-,-) 
  m_core/g193/Y    -       B->Y   R     NOR2X1         2  0.9    20    20     641    (-,-) 
  m_core/g184/Y    -       B->Y   F     XNOR2XL        3  0.6    10    30     670    (-,-) 
  m_core/g23254/Y  -       A->Y   R     INVXL          3  1.3    18    15     685    (-,-) 
  m_core/g23252/Y  -       B->Y   F     NAND2X1        2  0.7    17    17     702    (-,-) 
  m_core/g23270/Y  -       B->Y   R     NAND2X1        1  0.9    13    13     715    (-,-) 
  m_core/g23268/Y  -       A1->Y  F     AOI21X2        3  1.0    19    19     734    (-,-) 
  m_core/g22162/Y  -       B->Y   R     NOR2XL         1  0.5    19    18     753    (-,-) 
  m_core/g22839/Y  -       B->Y   F     NOR2BX1        1  0.8    11    13     766    (-,-) 
  m_core/g30/Y     -       B->Y   R     NOR2X2         4  1.2    15    14     779    (-,-) 
  m_core/g23392/Y  -       B->Y   F     NOR2XL         2  0.6    12    12     792    (-,-) 
  m_core/g5/Y      -       A->Y   R     INVXL          1  0.5     9    11     802    (-,-) 
  m_core/g23354/Y  -       B->Y   F     NOR2X1         1  0.8    10    10     812    (-,-) 
  m_core/g23353/Y  -       B->Y   R     NOR2X2         1  2.0    21    16     829    (-,-) 
  m_core/g22560/Y  -       A->Y   F     NAND2X4        1  5.0    26    24     853    (-,-) 
  m_core/g22559/Y  -       A->Y   R     CLKINVX12      1 50.0    36    27     880    (-,-) 
  R[5]             -       -      R     (port)         -    -     -     0     880    (-,-) 
#------------------------------------------------------------------------------------------



Path 11: VIOLATED (-130 ps) Late External Delay Assertion at pin R[2]
          Group: vclk
     Startpoint: (F) Conf_Bit_Mask[0]
          Clock: (R) vclk
       Endpoint: (R) R[2]
          Clock: (R) vclk

                     Capture       Launch     
        Clock Edge:+    1000            0     
        Drv Adjust:+       0            0     
       Src Latency:+       0            0     
       Net Latency:+       0 (I)        0 (I) 
           Arrival:=    1000            0     
                                              
      Output Delay:-     200                  
       Uncertainty:-      50                  
     Required Time:=     750                  
      Launch Clock:-       0                  
       Input Delay:-     200                  
         Data Path:-     680                  
             Slack:=    -130                  

Exceptions/Constraints:
  input_delay              200             scaletrim_UINT8.sdc_line_14_21_1 
  output_delay             200             scaletrim_UINT8.sdc_line_15_33_1 

#------------------------------------------------------------------------------------------------------------
#           Timing Point            Flags    Arc   Edge    Cell     Fanout Load Trans Delay Arrival Instance 
#                                                                          (fF)  (ps)  (ps)   (ps)  Location 
#------------------------------------------------------------------------------------------------------------
  Conf_Bit_Mask[0]                  -       -      F     (arrival)      12 17.8     0     0     200    (-,-) 
  m_core/g23046/Y                   -       A->Y   R     NAND2X8         4  4.5     8    10     210    (-,-) 
  m_core/g23028/Y                   -       A->Y   F     NAND2X1         1  0.4    12    14     224    (-,-) 
  m_core/g23026/Y                   -       B->Y   R     NAND2X1         1  1.0    13    12     235    (-,-) 
  m_core/g23025/Y                   -       A->Y   F     NAND2X2         1  1.7    18    19     254    (-,-) 
  m_core/g65/Y                      -       B->Y   R     NOR2X4          1  1.9    14    14     268    (-,-) 
  m_core/g63/Y                      -       A->Y   F     NOR2X4          5  2.3    11    12     280    (-,-) 
  m_core/g22500/Y                   -       B->Y   R     NOR2BX1         1  0.9    19    16     297    (-,-) 
  m_core/g23170/Y                   -       B->Y   F     NAND2X2         6  1.4    18    18     314    (-,-) 
  m_core/g23172/Y                   -       A->Y   R     INVXL           3  0.9    14    15     329    (-,-) 
  m_core/g23912/Y                   -       B->Y   F     NAND2XL         1  0.4    15    15     344    (-,-) 
  m_core/g23911/Y                   -       A->Y   R     NAND2X1         1  0.5    10    12     357    (-,-) 
  m_core/g23910/Y                   -       B->Y   F     NOR2X1          2  0.7    13    10     367    (-,-) 
  m_core/g980/Y                     -       B->Y   F     AND2XL          3  0.6     9    18     384    (-,-) 
  m_core/g23845/Y                   -       B0->Y  R     AOI21XL         2  0.6    23    19     403    (-,-) 
  m_core/g22286/Y                   -       A1N->Y R     OAI2BB1XL       2  0.8    17    27     430    (-,-) 
  m_core/g22284/Y                   -       A1->Y  F     AOI21X1         2  0.9    23    23     453    (-,-) 
  m_core/fopt116/Y                  -       A->Y   R     INVX1           2  1.2    13    15     468    (-,-) 
  m_core/g22342/Y                   -       A1->Y  F     AOI21X2         5  1.5    22    21     489    (-,-) 
  m_core/g21527/Y                   -       AN->Y  F     NOR2BX1         1  0.8    11    22     511    (-,-) 
  m_core/g128/Y                     -       B->Y   R     NOR2X2          1  0.9    13    13     524    (-,-) 
  m_core/g22043/Y                   -       A1->Y  F     AOI21X2         2  1.0    18    19     543    (-,-) 
  m_core/g22294/Y                   -       B->Y   R     NOR2X2          2  1.3    16    16     559    (-,-) 
  m_core/g22706/Y                   -       A0->Y  F     AOI21X2         2  1.0    18    22     581    (-,-) 
  m_core/g22660/Y                   -       B->Y   R     NOR2X2          3  1.8    20    18     599    (-,-) 
  m_core/g22428/Y                   -       A1->Y  F     OAI21X2         5  1.8    23    22     621    (-,-) 
  m_core/g193/Y                     -       B->Y   R     NOR2X1          2  0.9    20    20     641    (-,-) 
  m_core/g184/Y                     -       B->Y   F     XNOR2XL         3  0.6    10    30     670    (-,-) 
  m_core/g109_0/Y                   -       B->Y   F     OR2XL           1  0.4     7    23     693    (-,-) 
  m_core/g23259/Y                   -       A->Y   R     NAND2X1         2  0.6    10    10     703    (-,-) 
  m_core/g22004/Y                   -       B->Y   F     NAND2XL         1  0.2    12    12     715    (-,-) 
  m_core/g23788/Y                   -       B->Y   R     NAND2XL         2  0.6    13    12     727    (-,-) 
  m_core/g23700/Y                   -       B->Y   F     NAND2XL         1  0.4    15    15     742    (-,-) 
  m_core/g23698/Y                   -       B->Y   R     NAND2X1         3  1.1    14    13     755    (-,-) 
  m_core/g162/Y                     -       B->Y   F     NAND2X1         3  0.8    18    17     772    (-,-) 
  m_core/g23348/Y                   -       A1N->Y F     AOI2BB1XL       1  0.5    12    25     797    (-,-) 
  m_core/add_206_58_g12433__20682/Y -       B->Y   R     XNOR2X1         1  1.8    16    40     837    (-,-) 
  m_core/g10495__4733/Y             -       B->Y   R     CLKAND2X12      1 50.0    36    43     880    (-,-) 
  R[2]                              -       -      R     (port)          -    -     -     0     880    (-,-) 
#------------------------------------------------------------------------------------------------------------



Path 12: VIOLATED (-129 ps) Late External Delay Assertion at pin R[12]
          Group: vclk
     Startpoint: (R) Conf_Bit_Mask[0]
          Clock: (R) vclk
       Endpoint: (F) R[12]
          Clock: (R) vclk

                     Capture       Launch     
        Clock Edge:+    1000            0     
        Drv Adjust:+       0            0     
       Src Latency:+       0            0     
       Net Latency:+       0 (I)        0 (I) 
           Arrival:=    1000            0     
                                              
      Output Delay:-     200                  
       Uncertainty:-      50                  
     Required Time:=     750                  
      Launch Clock:-       0                  
       Input Delay:-     200                  
         Data Path:-     679                  
             Slack:=    -129                  

Exceptions/Constraints:
  input_delay              200             scaletrim_UINT8.sdc_line_14_21_1 
  output_delay             200             scaletrim_UINT8.sdc_line_15_23_1 

#-----------------------------------------------------------------------------------------------
#     Timing Point      Flags    Arc   Edge   Cell     Fanout Load Trans Delay Arrival Instance 
#                                                             (fF)  (ps)  (ps)   (ps)  Location 
#-----------------------------------------------------------------------------------------------
  Conf_Bit_Mask[0]      -       -      R     (arrival)     12 20.1     0     0     200    (-,-) 
  m_core/g23572/Y       -       A->Y   F     NAND2X8        1  1.7    10    12     212    (-,-) 
  m_core/g23571/Y       -       A->Y   R     CLKINVX4       1  1.9     6     8     220    (-,-) 
  m_core/g25/Y          -       A->Y   F     NOR3X4         1  1.7    12    12     232    (-,-) 
  m_core/g167/Y         -       B->Y   R     NOR3X4         1  0.9    17    20     252    (-,-) 
  m_core/g23602/Y       -       B->Y   F     NAND2X2        1  1.7    19    18     271    (-,-) 
  m_core/g63/Y          -       B->Y   R     NOR2X4         5  2.5    16    15     286    (-,-) 
  m_core/g143/Y         -       A->Y   F     INVX1          1  1.8    16    15     301    (-,-) 
  m_core/g23908/Y       -       A->Y   R     NOR2X4         9  2.7    18    17     319    (-,-) 
  m_core/g49/Y          -       B->Y   F     NAND2XL        1  0.4    16    17     336    (-,-) 
  m_core/g22528/Y       -       A->Y   R     NAND2X1        2  0.8    12    13     349    (-,-) 
  m_core/g22527/Y       -       B->Y   F     NOR2X1         1  0.4    10    10     358    (-,-) 
  m_core/g20013__7098/Y -       A->Y   R     NAND2X1        1  1.0    12    12     371    (-,-) 
  m_core/g977/Y         -       B->Y   F     NOR2X2         3  1.4    11    11     382    (-,-) 
  m_core/g22346/Y       -       B->Y   R     NOR2XL         1  0.5    18    16     397    (-,-) 
  m_core/g221/Y         -       A0->Y  F     OAI21X1        3  0.9    22    25     422    (-,-) 
  m_core/g23747/Y       -       B->Y   R     XNOR2X1        3  1.5    14    40     462    (-,-) 
  m_core/g219/Y         -       B->Y   F     NAND2XL        2  0.5    17    16     479    (-,-) 
  m_core/g22488/Y       -       A->Y   R     INVXL          2  0.6    11    13     492    (-,-) 
  m_core/g23400/Y       -       A->Y   R     OR2X1          4  1.2    11    22     513    (-,-) 
  m_core/g22123/Y       -       B->Y   R     AND2XL         1  0.3     6    21     535    (-,-) 
  m_core/g118/Y         -       A->Y   F     NAND2XL        1  0.8    23    19     554    (-,-) 
  m_core/g22664/Y       -       B->Y   R     NAND2X2        4  1.6    12    14     567    (-,-) 
  m_core/g22667/Y       -       A->Y   F     INVXL          1  0.4     7    10     577    (-,-) 
  m_core/g22171/Y       -       B->Y   R     NOR2X1         2  0.8    17    14     591    (-,-) 
  m_core/g22118/Y       -       B->Y   R     OR2XL          1  0.6    10    17     608    (-,-) 
  m_core/g21665/Y       -       B->Y   F     XOR2XL         3  0.8    12    35     644    (-,-) 
  m_core/g21160/Y       -       B->Y   R     NOR2X1         2  0.8    18    16     659    (-,-) 
  m_core/g21158/Y       -       B->Y   F     NOR2BX1        3  0.8    11    13     672    (-,-) 
  m_core/g19781__5107/Y -       B->Y   R     NOR2XL         3  0.9    27    20     692    (-,-) 
  m_core/g23478/Y       -       A1N->Y R     OAI2BB1X1      2  0.8    12    30     723    (-,-) 
  m_core/g519/Y         -       B->Y   F     NAND2X1        3  1.7    29    22     745    (-,-) 
  m_core/g23683/Y       -       A0->Y  R     AOI21X1        2  0.8    22    26     772    (-,-) 
  m_core/g23682/Y       -       A->Y   F     NOR2X1         2  0.7    12    16     787    (-,-) 
  m_core/g21537/Y       -       A->Y   R     INVXL          1  0.5     9    10     798    (-,-) 
  m_core/g207/Y         -       A->Y   F     MXI2X1         1  1.3    30    26     823    (-,-) 
  m_core/g10492__1881/Y -       B->Y   F     CLKAND2X8      1 50.0    55    56     879    (-,-) 
  R[12]                 -       -      F     (port)         -    -     -     0     879    (-,-) 
#-----------------------------------------------------------------------------------------------



Path 13: VIOLATED (-126 ps) Late External Delay Assertion at pin R[1]
          Group: vclk
     Startpoint: (F) Conf_Bit_Mask[0]
          Clock: (R) vclk
       Endpoint: (R) R[1]
          Clock: (R) vclk

                     Capture       Launch     
        Clock Edge:+    1000            0     
        Drv Adjust:+       0            0     
       Src Latency:+       0            0     
       Net Latency:+       0 (I)        0 (I) 
           Arrival:=    1000            0     
                                              
      Output Delay:-     200                  
       Uncertainty:-      50                  
     Required Time:=     750                  
      Launch Clock:-       0                  
       Input Delay:-     200                  
         Data Path:-     676                  
             Slack:=    -126                  

Exceptions/Constraints:
  input_delay              200             scaletrim_UINT8.sdc_line_14_21_1 
  output_delay             200             scaletrim_UINT8.sdc_line_15_34_1 

#------------------------------------------------------------------------------------------
#  Timing Point    Flags    Arc   Edge   Cell     Fanout Load Trans Delay Arrival Instance 
#                                                        (fF)  (ps)  (ps)   (ps)  Location 
#------------------------------------------------------------------------------------------
  Conf_Bit_Mask[0] -       -      F     (arrival)     12 17.8     0     0     200    (-,-) 
  m_core/g23046/Y  -       A->Y   R     NAND2X8        4  4.5     8    10     210    (-,-) 
  m_core/g23028/Y  -       A->Y   F     NAND2X1        1  0.4    12    14     224    (-,-) 
  m_core/g23026/Y  -       B->Y   R     NAND2X1        1  1.0    13    12     235    (-,-) 
  m_core/g23025/Y  -       A->Y   F     NAND2X2        1  1.7    18    19     254    (-,-) 
  m_core/g65/Y     -       B->Y   R     NOR2X4         1  1.9    14    14     268    (-,-) 
  m_core/g63/Y     -       A->Y   F     NOR2X4         5  2.3    11    12     280    (-,-) 
  m_core/g22500/Y  -       B->Y   R     NOR2BX1        1  0.9    19    16     297    (-,-) 
  m_core/g23170/Y  -       B->Y   F     NAND2X2        6  1.4    18    18     314    (-,-) 
  m_core/g23172/Y  -       A->Y   R     INVXL          3  0.9    14    15     329    (-,-) 
  m_core/g23912/Y  -       B->Y   F     NAND2XL        1  0.4    15    15     344    (-,-) 
  m_core/g23911/Y  -       A->Y   R     NAND2X1        1  0.5    10    12     357    (-,-) 
  m_core/g23910/Y  -       B->Y   F     NOR2X1         2  0.7    13    10     367    (-,-) 
  m_core/g980/Y    -       B->Y   F     AND2XL         3  0.6     9    18     384    (-,-) 
  m_core/g23845/Y  -       B0->Y  R     AOI21XL        2  0.6    23    19     403    (-,-) 
  m_core/g22286/Y  -       A1N->Y R     OAI2BB1XL      2  0.8    17    27     430    (-,-) 
  m_core/g22284/Y  -       A1->Y  F     AOI21X1        2  0.9    23    23     453    (-,-) 
  m_core/fopt116/Y -       A->Y   R     INVX1          2  1.2    13    15     468    (-,-) 
  m_core/g22342/Y  -       A1->Y  F     AOI21X2        5  1.5    22    21     489    (-,-) 
  m_core/g21527/Y  -       AN->Y  F     NOR2BX1        1  0.8    11    22     511    (-,-) 
  m_core/g128/Y    -       B->Y   R     NOR2X2         1  0.9    13    13     524    (-,-) 
  m_core/g22043/Y  -       A1->Y  F     AOI21X2        2  1.0    18    19     543    (-,-) 
  m_core/g22294/Y  -       B->Y   R     NOR2X2         2  1.3    16    16     559    (-,-) 
  m_core/g22706/Y  -       A0->Y  F     AOI21X2        2  1.0    18    22     581    (-,-) 
  m_core/g22660/Y  -       B->Y   R     NOR2X2         3  1.8    20    18     599    (-,-) 
  m_core/g22428/Y  -       A1->Y  F     OAI21X2        5  1.8    23    22     621    (-,-) 
  m_core/g193/Y    -       B->Y   R     NOR2X1         2  0.9    20    20     641    (-,-) 
  m_core/g184/Y    -       B->Y   F     XNOR2XL        3  0.6    10    30     670    (-,-) 
  m_core/g23254/Y  -       A->Y   R     INVXL          3  1.3    18    15     685    (-,-) 
  m_core/g23252/Y  -       B->Y   F     NAND2X1        2  0.7    17    17     702    (-,-) 
  m_core/g23270/Y  -       B->Y   R     NAND2X1        1  0.9    13    13     715    (-,-) 
  m_core/g23268/Y  -       A1->Y  F     AOI21X2        3  1.0    19    19     734    (-,-) 
  m_core/g24025/Y  -       B->Y   R     NOR2BX1        2  1.0    21    20     754    (-,-) 
  m_core/g93/Y     -       B->Y   F     NOR2X1         1  0.8    11    14     768    (-,-) 
  m_core/g23349/Y  -       B->Y   R     NOR2X2         3  1.1    15    13     781    (-,-) 
  m_core/fopt52/Y  -       A->Y   F     INVXL          1  0.2     5    10     790    (-,-) 
  m_core/fopt51/Y  -       A->Y   R     INVXL          2  0.8    11    10     801    (-,-) 
  m_core/g23224/Y  -       AN->Y  R     NAND2BX1       1  2.0    19    24     824    (-,-) 
  m_core/g23223/Y  -       A->Y   F     NAND2X4        1  5.0    30    24     848    (-,-) 
  m_core/g22519/Y  -       A->Y   R     CLKINVX12      1 50.0    36    28     876    (-,-) 
  R[1]             -       -      R     (port)         -    -     -     0     876    (-,-) 
#------------------------------------------------------------------------------------------



Path 14: VIOLATED (-126 ps) Late External Delay Assertion at pin R[10]
          Group: vclk
     Startpoint: (F) Conf_Bit_Mask[0]
          Clock: (R) vclk
       Endpoint: (R) R[10]
          Clock: (R) vclk

                     Capture       Launch     
        Clock Edge:+    1000            0     
        Drv Adjust:+       0            0     
       Src Latency:+       0            0     
       Net Latency:+       0 (I)        0 (I) 
           Arrival:=    1000            0     
                                              
      Output Delay:-     200                  
       Uncertainty:-      50                  
     Required Time:=     750                  
      Launch Clock:-       0                  
       Input Delay:-     200                  
         Data Path:-     676                  
             Slack:=    -126                  

Exceptions/Constraints:
  input_delay              200             scaletrim_UINT8.sdc_line_14_21_1 
  output_delay             200             scaletrim_UINT8.sdc_line_15_25_1 

#------------------------------------------------------------------------------------------
#  Timing Point    Flags    Arc   Edge   Cell     Fanout Load Trans Delay Arrival Instance 
#                                                        (fF)  (ps)  (ps)   (ps)  Location 
#------------------------------------------------------------------------------------------
  Conf_Bit_Mask[0] -       -      F     (arrival)     12 17.8     0     0     200    (-,-) 
  m_core/g23046/Y  -       A->Y   R     NAND2X8        4  4.5     8    10     210    (-,-) 
  m_core/g23028/Y  -       A->Y   F     NAND2X1        1  0.4    12    14     224    (-,-) 
  m_core/g23026/Y  -       B->Y   R     NAND2X1        1  1.0    13    12     235    (-,-) 
  m_core/g23025/Y  -       A->Y   F     NAND2X2        1  1.7    18    19     254    (-,-) 
  m_core/g65/Y     -       B->Y   R     NOR2X4         1  1.9    14    14     268    (-,-) 
  m_core/g63/Y     -       A->Y   F     NOR2X4         5  2.3    11    12     280    (-,-) 
  m_core/g22500/Y  -       B->Y   R     NOR2BX1        1  0.9    19    16     297    (-,-) 
  m_core/g23170/Y  -       B->Y   F     NAND2X2        6  1.4    18    18     314    (-,-) 
  m_core/g23172/Y  -       A->Y   R     INVXL          3  0.9    14    15     329    (-,-) 
  m_core/g23912/Y  -       B->Y   F     NAND2XL        1  0.4    15    15     344    (-,-) 
  m_core/g23911/Y  -       A->Y   R     NAND2X1        1  0.5    10    12     357    (-,-) 
  m_core/g23910/Y  -       B->Y   F     NOR2X1         2  0.7    13    10     367    (-,-) 
  m_core/g980/Y    -       B->Y   F     AND2XL         3  0.6     9    18     384    (-,-) 
  m_core/g23845/Y  -       B0->Y  R     AOI21XL        2  0.6    23    19     403    (-,-) 
  m_core/g22286/Y  -       A1N->Y R     OAI2BB1XL      2  0.8    17    27     430    (-,-) 
  m_core/g22284/Y  -       A1->Y  F     AOI21X1        2  0.9    23    23     453    (-,-) 
  m_core/fopt116/Y -       A->Y   R     INVX1          2  1.2    13    15     468    (-,-) 
  m_core/g22342/Y  -       A1->Y  F     AOI21X2        5  1.5    22    21     489    (-,-) 
  m_core/g21527/Y  -       AN->Y  F     NOR2BX1        1  0.8    11    22     511    (-,-) 
  m_core/g128/Y    -       B->Y   R     NOR2X2         1  0.9    13    13     524    (-,-) 
  m_core/g22043/Y  -       A1->Y  F     AOI21X2        2  1.0    18    19     543    (-,-) 
  m_core/g22294/Y  -       B->Y   R     NOR2X2         2  1.3    16    16     559    (-,-) 
  m_core/g22706/Y  -       A0->Y  F     AOI21X2        2  1.0    18    22     581    (-,-) 
  m_core/g22660/Y  -       B->Y   R     NOR2X2         3  1.8    20    18     599    (-,-) 
  m_core/g22428/Y  -       A1->Y  F     OAI21X2        5  1.8    23    22     621    (-,-) 
  m_core/g21970/Y  -       A->Y   R     INVX1          1  1.0    12    14     635    (-,-) 
  m_core/g23928/Y  -       A->Y   F     NAND2X2        2  1.2    16    17     652    (-,-) 
  m_core/g23926/Y  -       S0->Y  F     MXI2XL         1  0.4    20    22     673    (-,-) 
  m_core/g110/Y    -       B->Y   R     NAND2X1        2  1.0    15    14     688    (-,-) 
  m_core/g23517/Y  -       B->Y   F     NAND2X1        3  0.9    18    18     705    (-,-) 
  m_core/g21513/Y  -       A1->Y  R     AOI21XL        1  0.5    21    21     726    (-,-) 
  m_core/g222/Y    -       B->Y   F     NAND2X1        2  0.8    18    19     746    (-,-) 
  m_core/g43/Y     -       B->Y   R     NAND2BX1       3  1.6    16    16     762    (-,-) 
  m_core/g21538/Y  -       A->Y   F     NAND2XL        2  0.5    17    18     780    (-,-) 
  m_core/g23490/Y  -       AN->Y  F     NAND2BXL       1  0.5    17    23     803    (-,-) 
  m_core/g23489/Y  -       B->Y   R     MXI2X1         1  1.4    31    28     832    (-,-) 
  m_core/g1/Y      -       A->Y   R     BUFX12         1 50.0    36    44     876    (-,-) 
  R[10]            -       -      R     (port)         -    -     -     0     876    (-,-) 
#------------------------------------------------------------------------------------------



Path 15: VIOLATED (-123 ps) Late External Delay Assertion at pin R[14]
          Group: vclk
     Startpoint: (R) Conf_Bit_Mask[0]
          Clock: (R) vclk
       Endpoint: (R) R[14]
          Clock: (R) vclk

                     Capture       Launch     
        Clock Edge:+    1000            0     
        Drv Adjust:+       0            0     
       Src Latency:+       0            0     
       Net Latency:+       0 (I)        0 (I) 
           Arrival:=    1000            0     
                                              
      Output Delay:-     200                  
       Uncertainty:-      50                  
     Required Time:=     750                  
      Launch Clock:-       0                  
       Input Delay:-     200                  
         Data Path:-     673                  
             Slack:=    -123                  

Exceptions/Constraints:
  input_delay              200             scaletrim_UINT8.sdc_line_14_21_1 
  output_delay             200             scaletrim_UINT8.sdc_line_15_21_1 

#-----------------------------------------------------------------------------------------------
#     Timing Point      Flags    Arc   Edge   Cell     Fanout Load Trans Delay Arrival Instance 
#                                                             (fF)  (ps)  (ps)   (ps)  Location 
#-----------------------------------------------------------------------------------------------
  Conf_Bit_Mask[0]      -       -      R     (arrival)     12 20.1     0     0     200    (-,-) 
  m_core/g23572/Y       -       A->Y   F     NAND2X8        1  1.7    10    12     212    (-,-) 
  m_core/g23571/Y       -       A->Y   R     CLKINVX4       1  1.9     6     8     220    (-,-) 
  m_core/g25/Y          -       A->Y   F     NOR3X4         1  1.7    12    12     232    (-,-) 
  m_core/g167/Y         -       B->Y   R     NOR3X4         1  0.9    17    20     252    (-,-) 
  m_core/g23602/Y       -       B->Y   F     NAND2X2        1  1.7    19    18     271    (-,-) 
  m_core/g63/Y          -       B->Y   R     NOR2X4         5  2.5    16    15     286    (-,-) 
  m_core/g143/Y         -       A->Y   F     INVX1          1  1.8    16    15     301    (-,-) 
  m_core/g23908/Y       -       A->Y   R     NOR2X4         9  2.7    18    17     319    (-,-) 
  m_core/g49/Y          -       B->Y   F     NAND2XL        1  0.4    16    17     336    (-,-) 
  m_core/g22528/Y       -       A->Y   R     NAND2X1        2  0.8    12    13     349    (-,-) 
  m_core/g22527/Y       -       B->Y   F     NOR2X1         1  0.4    10    10     358    (-,-) 
  m_core/g20013__7098/Y -       A->Y   R     NAND2X1        1  1.0    12    12     371    (-,-) 
  m_core/g977/Y         -       B->Y   F     NOR2X2         3  1.4    11    11     382    (-,-) 
  m_core/g22346/Y       -       B->Y   R     NOR2XL         1  0.5    18    16     397    (-,-) 
  m_core/g221/Y         -       A0->Y  F     OAI21X1        3  0.9    22    25     422    (-,-) 
  m_core/g23747/Y       -       B->Y   R     XNOR2X1        3  1.5    14    40     462    (-,-) 
  m_core/g219/Y         -       B->Y   F     NAND2XL        2  0.5    17    16     479    (-,-) 
  m_core/g22488/Y       -       A->Y   R     INVXL          2  0.6    11    13     492    (-,-) 
  m_core/g23400/Y       -       A->Y   R     OR2X1          4  1.2    11    22     513    (-,-) 
  m_core/g22123/Y       -       B->Y   R     AND2XL         1  0.3     6    21     535    (-,-) 
  m_core/g118/Y         -       A->Y   F     NAND2XL        1  0.8    23    19     554    (-,-) 
  m_core/g22664/Y       -       B->Y   R     NAND2X2        4  1.6    12    14     567    (-,-) 
  m_core/g22667/Y       -       A->Y   F     INVXL          1  0.4     7    10     577    (-,-) 
  m_core/g22171/Y       -       B->Y   R     NOR2X1         2  0.8    17    14     591    (-,-) 
  m_core/g22118/Y       -       B->Y   R     OR2XL          1  0.6    10    17     608    (-,-) 
  m_core/g21665/Y       -       B->Y   F     XOR2XL         3  0.8    12    35     644    (-,-) 
  m_core/g21160/Y       -       B->Y   R     NOR2X1         2  0.8    18    16     659    (-,-) 
  m_core/g21158/Y       -       B->Y   F     NOR2BX1        3  0.8    11    13     672    (-,-) 
  m_core/g132_0/Y       -       A1N->Y F     AOI2BB1XL      1  0.2     8    22     695    (-,-) 
  m_core/g21512/Y       -       A->Y   R     INVXL          1  0.5     8     9     704    (-,-) 
  m_core/g23650/Y       -       B->Y   F     NAND2X1        2  0.6    16    14     717    (-,-) 
  m_core/g22329/Y       -       B0->Y  R     OAI2BB1XL      1  0.5    12    14     731    (-,-) 
  m_core/g574/Y         -       A1->Y  F     AOI21X1        2  0.4    18    18     749    (-,-) 
  m_core/g573/Y         -       A->Y   R     INVXL          2  0.6    11    13     762    (-,-) 
  m_core/g24044/Y       -       A1N->Y R     OAI2BB1X1      2  0.6    12    27     788    (-,-) 
  m_core/g23220/Y       -       B->Y   F     NAND2XL        1  0.4    16    15     803    (-,-) 
  m_core/g23350/Y       -       B->Y   R     NOR2BX1        1  1.9    32    25     828    (-,-) 
  m_core/g45/Y          -       A->Y   F     NOR2X4         1  5.0    19    19     847    (-,-) 
  m_core/g69/Y          -       A->Y   R     CLKINVX12      1 50.0    35    26     873    (-,-) 
  R[14]                 -       -      R     (port)         -    -     -     0     873    (-,-) 
#-----------------------------------------------------------------------------------------------



Path 16: VIOLATED (-109 ps) Late External Delay Assertion at pin R[0]
          Group: vclk
     Startpoint: (F) Conf_Bit_Mask[0]
          Clock: (R) vclk
       Endpoint: (F) R[0]
          Clock: (R) vclk

                     Capture       Launch     
        Clock Edge:+    1000            0     
        Drv Adjust:+       0            0     
       Src Latency:+       0            0     
       Net Latency:+       0 (I)        0 (I) 
           Arrival:=    1000            0     
                                              
      Output Delay:-     200                  
       Uncertainty:-      50                  
     Required Time:=     750                  
      Launch Clock:-       0                  
       Input Delay:-     200                  
         Data Path:-     659                  
             Slack:=    -109                  

Exceptions/Constraints:
  input_delay              200             scaletrim_UINT8.sdc_line_14_21_1 
  output_delay             200             scaletrim_UINT8.sdc_line_15_35_1 

#----------------------------------------------------------------------------------------------------------
#          Timing Point            Flags    Arc   Edge   Cell     Fanout Load Trans Delay Arrival Instance 
#                                                                        (fF)  (ps)  (ps)   (ps)  Location 
#----------------------------------------------------------------------------------------------------------
  Conf_Bit_Mask[0]                 -       -      F     (arrival)     12 17.8     0     0     200    (-,-) 
  m_core/g23046/Y                  -       A->Y   R     NAND2X8        4  4.5     8    10     210    (-,-) 
  m_core/g23028/Y                  -       A->Y   F     NAND2X1        1  0.4    12    14     224    (-,-) 
  m_core/g23026/Y                  -       B->Y   R     NAND2X1        1  1.0    13    12     235    (-,-) 
  m_core/g23025/Y                  -       A->Y   F     NAND2X2        1  1.7    18    19     254    (-,-) 
  m_core/g65/Y                     -       B->Y   R     NOR2X4         1  1.9    14    14     268    (-,-) 
  m_core/g63/Y                     -       A->Y   F     NOR2X4         5  2.3    11    12     280    (-,-) 
  m_core/g22500/Y                  -       B->Y   R     NOR2BX1        1  0.9    19    16     297    (-,-) 
  m_core/g23170/Y                  -       B->Y   F     NAND2X2        6  1.4    18    18     314    (-,-) 
  m_core/g23172/Y                  -       A->Y   R     INVXL          3  0.9    14    15     329    (-,-) 
  m_core/g23912/Y                  -       B->Y   F     NAND2XL        1  0.4    15    15     344    (-,-) 
  m_core/g23911/Y                  -       A->Y   R     NAND2X1        1  0.5    10    12     357    (-,-) 
  m_core/g23910/Y                  -       B->Y   F     NOR2X1         2  0.7    13    10     367    (-,-) 
  m_core/g980/Y                    -       B->Y   F     AND2XL         3  0.6     9    18     384    (-,-) 
  m_core/g23845/Y                  -       B0->Y  R     AOI21XL        2  0.6    23    19     403    (-,-) 
  m_core/g22286/Y                  -       A1N->Y R     OAI2BB1XL      2  0.8    17    27     430    (-,-) 
  m_core/g22284/Y                  -       A1->Y  F     AOI21X1        2  0.9    23    23     453    (-,-) 
  m_core/fopt116/Y                 -       A->Y   R     INVX1          2  1.2    13    15     468    (-,-) 
  m_core/g22342/Y                  -       A1->Y  F     AOI21X2        5  1.5    22    21     489    (-,-) 
  m_core/g21527/Y                  -       AN->Y  F     NOR2BX1        1  0.8    11    22     511    (-,-) 
  m_core/g128/Y                    -       B->Y   R     NOR2X2         1  0.9    13    13     524    (-,-) 
  m_core/g22043/Y                  -       A1->Y  F     AOI21X2        2  1.0    18    19     543    (-,-) 
  m_core/g22294/Y                  -       B->Y   R     NOR2X2         2  1.3    16    16     559    (-,-) 
  m_core/g22706/Y                  -       A0->Y  F     AOI21X2        2  1.0    18    22     581    (-,-) 
  m_core/g22660/Y                  -       B->Y   R     NOR2X2         3  1.8    20    18     599    (-,-) 
  m_core/g22428/Y                  -       A1->Y  F     OAI21X2        5  1.8    23    22     621    (-,-) 
  m_core/g193/Y                    -       B->Y   R     NOR2X1         2  0.9    20    20     641    (-,-) 
  m_core/g184/Y                    -       B->Y   F     XNOR2XL        3  0.6    10    30     670    (-,-) 
  m_core/g109_0/Y                  -       B->Y   F     OR2XL          1  0.4     7    23     693    (-,-) 
  m_core/g23259/Y                  -       A->Y   R     NAND2X1        2  0.6    10    10     703    (-,-) 
  m_core/g22004/Y                  -       B->Y   F     NAND2XL        1  0.2    12    12     715    (-,-) 
  m_core/g23788/Y                  -       B->Y   R     NAND2XL        2  0.6    13    12     727    (-,-) 
  m_core/g23700/Y                  -       B->Y   F     NAND2XL        1  0.4    15    15     742    (-,-) 
  m_core/g23698/Y                  -       B->Y   R     NAND2X1        3  1.1    14    13     755    (-,-) 
  m_core/add_206_58_g12563__6161/Y -       A->Y   F     XOR2XL         1  1.3    17    46     800    (-,-) 
  m_core/g10494__7482/Y            -       B->Y   F     CLKAND2X6      1 50.0    69    58     859    (-,-) 
  R[0]                             -       -      F     (port)         -    -     -     0     859    (-,-) 
#----------------------------------------------------------------------------------------------------------

