============================================================
  Generated by:           Genus(TM) Synthesis Solution 21.10-p002_1
  Generated on:           Apr 11 2026  03:04:50 pm
  Module:                 fixed_point_mul_p_0_L4
  Technology libraries:   fast_vdd1v0 1.0
                          physical_cells 
  Operating conditions:   PVT_1P1V_0C 
  Interconnect mode:      global
  Area mode:              physical library
============================================================

                                 Leakage  
   Gate    Instances    Area   Power (nW)     Library    
---------------------------------------------------------
ACHCONX2           2    25.308      1.275    fast_vdd1v0 
ADDFHX1            2    15.048      0.856    fast_vdd1v0 
ADDFHX2            3    24.624      1.417    fast_vdd1v0 
ADDFHX4            1     9.576      0.697    fast_vdd1v0 
ADDFHXL            2    15.048      0.783    fast_vdd1v0 
ADDFX1             3    15.390      0.981    fast_vdd1v0 
ADDFX2             1     7.866      0.405    fast_vdd1v0 
ADDHX1             9    33.858      2.393    fast_vdd1v0 
ADDHX4             1     7.182      0.522    fast_vdd1v0 
AND2X1             6     8.208      0.544    fast_vdd1v0 
AND2X4             4    10.944      0.904    fast_vdd1v0 
AND2X6             1     3.762      0.344    fast_vdd1v0 
AND2X8             1     4.446      0.421    fast_vdd1v0 
AO21X2             1     2.736      0.148    fast_vdd1v0 
AO22X1             1     2.736      0.109    fast_vdd1v0 
AOI21X1            1     1.710      0.119    fast_vdd1v0 
AOI21X2           11    30.096      2.142    fast_vdd1v0 
AOI21X4           32   164.160     13.197    fast_vdd1v0 
AOI22X1            3     6.156      0.392    fast_vdd1v0 
AOI22X2            3    11.286      0.753    fast_vdd1v0 
AOI22X4            9    55.404      4.366    fast_vdd1v0 
AOI2BB1X1          3     6.156      0.355    fast_vdd1v0 
AOI2BB1X2          2     6.156      0.451    fast_vdd1v0 
AOI2BB1X4          6    24.624      2.410    fast_vdd1v0 
AOI2BB2X1          1     3.420      0.199    fast_vdd1v0 
AOI2BB2X2          1     5.130      0.351    fast_vdd1v0 
AOI2BB2X4          3    22.572      1.769    fast_vdd1v0 
AOI31X1            2     4.104      0.260    fast_vdd1v0 
BUFX2             21    35.910      2.451    fast_vdd1v0 
BUFX3             56   114.912      9.378    fast_vdd1v0 
BUFX6             21    64.638      6.882    fast_vdd1v0 
CLKAND2X2          2     4.104      0.280    fast_vdd1v0 
CLKAND2X3          4    12.312      0.831    fast_vdd1v0 
CLKAND2X6          7    33.516      2.759    fast_vdd1v0 
CLKBUFX2           2     3.420      0.228    fast_vdd1v0 
CLKBUFX3           1     2.052      0.161    fast_vdd1v0 
CLKINVX1           1     1.026      0.055    fast_vdd1v0 
CLKINVX12          3    12.312      1.592    fast_vdd1v0 
CLKINVX2          18    24.624      1.542    fast_vdd1v0 
CLKINVX3          17    29.070      2.161    fast_vdd1v0 
CLKINVX4          25    42.750      4.360    fast_vdd1v0 
CLKINVX6          31    74.214      8.065    fast_vdd1v0 
CLKINVX8          13    40.014      4.441    fast_vdd1v0 
CLKMX2X3           4    16.416      1.106    fast_vdd1v0 
CLKXOR2X1          7    19.152      1.236    fast_vdd1v0 
CLKXOR2X2          7    23.940      1.494    fast_vdd1v0 
INVX1             29    19.836      1.401    fast_vdd1v0 
INVX2             44    45.144      3.750    fast_vdd1v0 
INVX3             29    39.672      3.725    fast_vdd1v0 
INVX4              8    13.680      1.341    fast_vdd1v0 
INVX6              6    14.364      1.474    fast_vdd1v0 
INVX8              3     9.234      0.917    fast_vdd1v0 
MX2X1              1     2.394      0.150    fast_vdd1v0 
MXI2X1             1     2.736      0.148    fast_vdd1v0 
MXI2X2             1     4.446      0.203    fast_vdd1v0 
MXI2X4             1     5.130      0.338    fast_vdd1v0 
NAND2BX1           9    12.312      0.889    fast_vdd1v0 
NAND2BX2          15    35.910      2.474    fast_vdd1v0 
NAND2BX4          15    56.430      4.699    fast_vdd1v0 
NAND2X1           31    31.806      2.173    fast_vdd1v0 
NAND2X2           22    37.620      2.896    fast_vdd1v0 
NAND2X4           36   123.120      9.158    fast_vdd1v0 
NAND2X6           35   167.580     13.732    fast_vdd1v0 
NAND2X8           24   131.328     12.986    fast_vdd1v0 
NAND3BX2           2     6.156      0.435    fast_vdd1v0 
NAND3BX4           5    25.650      2.054    fast_vdd1v0 
NAND3X1            1     1.710      0.074    fast_vdd1v0 
NAND3X4            2     9.576      0.597    fast_vdd1v0 
NAND3X6            1     7.182      0.498    fast_vdd1v0 
NAND3X8            2    16.416      1.546    fast_vdd1v0 
NOR2BX1            9    12.312      0.846    fast_vdd1v0 
NOR2BX2            7    19.152      1.136    fast_vdd1v0 
NOR2BX4            9    33.858      2.118    fast_vdd1v0 
NOR2X1            17    17.442      1.180    fast_vdd1v0 
NOR2X2            19    32.490      2.389    fast_vdd1v0 
NOR2X4            53   163.134     14.281    fast_vdd1v0 
NOR2X6            34   139.536     14.191    fast_vdd1v0 
NOR2X8            23   125.856     12.547    fast_vdd1v0 
NOR3BX4            2    11.628      0.748    fast_vdd1v0 
NOR3X1             1     1.710      0.096    fast_vdd1v0 
NOR3X4             2    10.260      0.776    fast_vdd1v0 
NOR3X6             5    35.910      2.797    fast_vdd1v0 
NOR3X8             3    26.676      2.067    fast_vdd1v0 
NOR4X1             3     5.130      0.387    fast_vdd1v0 
NOR4X4             2    12.996      1.010    fast_vdd1v0 
OAI211X4           2    12.996      0.918    fast_vdd1v0 
OAI21X1            9    15.390      0.869    fast_vdd1v0 
OAI21X2            9    27.702      1.667    fast_vdd1v0 
OAI21X4           32   153.216     11.776    fast_vdd1v0 
OAI22X1            3     6.156      0.316    fast_vdd1v0 
OAI22X2            2     6.840      0.440    fast_vdd1v0 
OAI22X4           15    97.470      6.494    fast_vdd1v0 
OAI2BB1X1          3     5.130      0.343    fast_vdd1v0 
OAI2BB1X2          2     6.156      0.355    fast_vdd1v0 
OAI2BB1X4          2     8.892      0.654    fast_vdd1v0 
OAI2BB2X1          1     4.104      0.164    fast_vdd1v0 
OAI2BB2X4          2    17.100      1.103    fast_vdd1v0 
OAI31X4            2    13.680      1.011    fast_vdd1v0 
OAI32X1            2     4.788      0.299    fast_vdd1v0 
OR2X1             15    20.520      1.493    fast_vdd1v0 
OR2X4              2     5.472      0.513    fast_vdd1v0 
OR2X6              2     7.524      0.801    fast_vdd1v0 
OR2XL              2     2.736      0.187    fast_vdd1v0 
OR3X1              1     2.052      0.101    fast_vdd1v0 
OR4X1              1     2.052      0.143    fast_vdd1v0 
XNOR2X1           13    31.122      2.450    fast_vdd1v0 
XNOR2X2           14    43.092      2.903    fast_vdd1v0 
XNOR2X4            1     3.762      0.335    fast_vdd1v0 
XNOR3X1            3    22.572      1.207    fast_vdd1v0 
XOR2X2             2     6.840      0.423    fast_vdd1v0 
XOR3X1             2    15.048      0.768    fast_vdd1v0 
XOR3XL             1     7.524      0.380    fast_vdd1v0 
---------------------------------------------------------
total           1012  3099.546    249.926                


                                           Leakage  Leakage 
     Type      Instances   Area   Area % Power (nW) Power % 
------------------------------------------------------------
inverter             227  365.940   11.8     34.822    13.9 
buffer               101  220.932    7.1     19.100     7.6 
logic                684 2512.674   81.1    196.004    78.4 
physical_cells         0    0.000    0.0      0.000     0.0 
------------------------------------------------------------
total               1012 3099.546  100.0    249.926   100.0 

