============================================================
  Generated by:           Genus(TM) Synthesis Solution 21.10-p002_1
  Generated on:           Apr 11 2026  03:45:15 pm
  Module:                 signed_int_mul_p_2_L1
  Technology libraries:   fast_vdd1v0 1.0
                          physical_cells 
  Operating conditions:   PVT_1P1V_0C 
  Interconnect mode:      global
  Area mode:              physical library
============================================================

                                 Leakage  
   Gate    Instances    Area   Power (nW)     Library    
---------------------------------------------------------
ACHCONX2           3    37.962      1.841    fast_vdd1v0 
ADDFHX1            2    15.048      0.799    fast_vdd1v0 
ADDFHX2            1     8.208      0.470    fast_vdd1v0 
ADDFX1            28   143.640      9.433    fast_vdd1v0 
ADDFXL             1     6.840      0.299    fast_vdd1v0 
ADDHX1            15    56.430      3.977    fast_vdd1v0 
ADDHX4             1     7.182      0.549    fast_vdd1v0 
AND2X1            43    58.824      3.905    fast_vdd1v0 
AND2X2             2     3.420      0.257    fast_vdd1v0 
AND2X4             2     5.472      0.473    fast_vdd1v0 
AND2X6             1     3.762      0.346    fast_vdd1v0 
AND2X8             1     4.446      0.437    fast_vdd1v0 
AND3XL             1     2.052      0.086    fast_vdd1v0 
AND4X1             1     2.394      0.103    fast_vdd1v0 
AO21X1             3     7.182      0.355    fast_vdd1v0 
AO21X2             1     2.736      0.153    fast_vdd1v0 
AO22X1            19    51.984      2.475    fast_vdd1v0 
AOI211X4           1     6.498      0.486    fast_vdd1v0 
AOI21X1            8    13.680      0.876    fast_vdd1v0 
AOI21X2            4    10.944      0.797    fast_vdd1v0 
AOI21X4            2    10.260      0.821    fast_vdd1v0 
AOI221X1           1     2.394      0.204    fast_vdd1v0 
AOI221X2           1     4.446      0.350    fast_vdd1v0 
AOI222X1           6    18.468      1.143    fast_vdd1v0 
AOI222X4           2    19.152      1.367    fast_vdd1v0 
AOI22X1           37    75.924      5.016    fast_vdd1v0 
AOI22X2            4    15.048      0.954    fast_vdd1v0 
AOI22X4            2    12.312      0.966    fast_vdd1v0 
AOI2BB1X1          9    18.468      1.134    fast_vdd1v0 
AOI2BB1X2          2     6.156      0.411    fast_vdd1v0 
AOI2BB1X4          2     8.208      0.777    fast_vdd1v0 
AOI31X1            1     2.052      0.125    fast_vdd1v0 
AOI31X2            1     3.420      0.262    fast_vdd1v0 
BUFX2              4     6.840      0.470    fast_vdd1v0 
BUFX3              3     6.156      0.507    fast_vdd1v0 
BUFX6              3     9.234      0.984    fast_vdd1v0 
CLKAND2X2          2     4.104      0.289    fast_vdd1v0 
CLKAND2X3          3     9.234      0.571    fast_vdd1v0 
CLKBUFX2          17    29.070      2.023    fast_vdd1v0 
CLKINVX4           4     6.840      0.679    fast_vdd1v0 
CLKINVX6           6    14.364      1.485    fast_vdd1v0 
CLKMX2X2           3     9.234      0.585    fast_vdd1v0 
CLKMX2X3           1     4.104      0.272    fast_vdd1v0 
CLKXOR2X1         22    60.192      3.934    fast_vdd1v0 
CLKXOR2X2          1     3.420      0.214    fast_vdd1v0 
DFFRHQX1          53   326.268     20.417    fast_vdd1v0 
DFFRHQX2           3    23.598      1.244    fast_vdd1v0 
DFFRHQX4           9    86.184      4.933    fast_vdd1v0 
DFFRHQX8           2    22.572      1.614    fast_vdd1v0 
DFFRX2             1     7.524      0.498    fast_vdd1v0 
DFFRX4             2    19.152      1.444    fast_vdd1v0 
INVX1             24    16.416      1.130    fast_vdd1v0 
INVX2             13    13.338      1.132    fast_vdd1v0 
INVX3             13    17.784      1.668    fast_vdd1v0 
INVXL             13     8.892      0.455    fast_vdd1v0 
MX2X1              3     7.182      0.457    fast_vdd1v0 
MXI2X1             4    10.944      0.595    fast_vdd1v0 
MXI2XL            10    23.940      1.118    fast_vdd1v0 
NAND2BX1          19    25.992      1.950    fast_vdd1v0 
NAND2BX2           5    11.970      0.850    fast_vdd1v0 
NAND2BX4           2     7.524      0.616    fast_vdd1v0 
NAND2X1           65    66.690      4.485    fast_vdd1v0 
NAND2X2           25    42.750      3.222    fast_vdd1v0 
NAND2X4           10    34.200      2.563    fast_vdd1v0 
NAND3BX1           1     2.052      0.124    fast_vdd1v0 
NAND3BXL           3     5.130      0.257    fast_vdd1v0 
NAND3X4            2     9.576      0.678    fast_vdd1v0 
NAND3X6            2    14.364      1.097    fast_vdd1v0 
NOR2BX1           21    28.728      2.305    fast_vdd1v0 
NOR2BX2            5    13.680      0.817    fast_vdd1v0 
NOR2X1            35    35.910      2.493    fast_vdd1v0 
NOR2X2            30    51.300      4.152    fast_vdd1v0 
NOR2X4            15    46.170      4.150    fast_vdd1v0 
NOR2X6             5    20.520      2.175    fast_vdd1v0 
NOR3BX1            1     2.052      0.123    fast_vdd1v0 
NOR3BX4            1     5.814      0.346    fast_vdd1v0 
NOR3X2             1     2.736      0.179    fast_vdd1v0 
NOR3X4             1     5.130      0.305    fast_vdd1v0 
NOR4BX4            2    15.048      0.711    fast_vdd1v0 
NOR4X1             2     3.420      0.222    fast_vdd1v0 
OA21X1             3     6.156      0.346    fast_vdd1v0 
OA22X1             5    11.970      0.646    fast_vdd1v0 
OAI21X1           24    41.040      2.355    fast_vdd1v0 
OAI21X2           18    55.404      3.269    fast_vdd1v0 
OAI21X4            4    19.152      1.316    fast_vdd1v0 
OAI221X1           2     4.788      0.302    fast_vdd1v0 
OAI221X2           1     4.788      0.256    fast_vdd1v0 
OAI222X1          10    27.360      1.609    fast_vdd1v0 
OAI22X1            4     8.208      0.483    fast_vdd1v0 
OAI22X2            1     3.420      0.242    fast_vdd1v0 
OAI22X4            2    12.996      0.821    fast_vdd1v0 
OAI2BB1X1         12    20.520      1.393    fast_vdd1v0 
OAI2BB1X2         10    30.780      1.784    fast_vdd1v0 
OAI2BB1X4          3    13.338      0.952    fast_vdd1v0 
OAI31X1            4     8.208      0.517    fast_vdd1v0 
OAI32X1            2     4.788      0.285    fast_vdd1v0 
OR2X1             23    31.464      2.351    fast_vdd1v0 
OR2X4              1     2.736      0.255    fast_vdd1v0 
OR2X6              1     3.762      0.399    fast_vdd1v0 
OR2XL              2     2.736      0.169    fast_vdd1v0 
OR3X1              2     4.104      0.202    fast_vdd1v0 
OR3X2              1     2.394      0.169    fast_vdd1v0 
OR4X1              5    10.260      0.583    fast_vdd1v0 
XNOR2X1           65   155.610     11.598    fast_vdd1v0 
XNOR2X2            2     6.156      0.444    fast_vdd1v0 
XNOR2X4            1     3.762      0.326    fast_vdd1v0 
XNOR3X1            3    22.572      1.157    fast_vdd1v0 
XNOR3XL            1     7.524      0.355    fast_vdd1v0 
XOR2X2             1     3.420      0.217    fast_vdd1v0 
XOR3X1             8    60.192      3.117    fast_vdd1v0 
XOR3XL             3    22.572      1.103    fast_vdd1v0 
---------------------------------------------------------
total            904  2454.534    163.207                


                                           Leakage  Leakage 
     Type      Instances   Area   Area % Power (nW) Power % 
------------------------------------------------------------
sequential            70  485.298   19.8     30.150    18.5 
inverter              73   77.634    3.2      6.549     4.0 
buffer                27   51.300    2.1      3.984     2.4 
logic                734 1840.302   75.0    122.523    75.1 
physical_cells         0    0.000    0.0      0.000     0.0 
------------------------------------------------------------
total                904 2454.534  100.0    163.207   100.0 

