============================================================
  Generated by:           Genus(TM) Synthesis Solution 21.10-p002_1
  Generated on:           Apr 11 2026  04:18:00 pm
  Module:                 floating_point_mul_p_2_L1
  Technology libraries:   fast_vdd1v0 1.0
                          physical_cells 
  Operating conditions:   PVT_1P1V_0C 
  Interconnect mode:      global
  Area mode:              physical library
============================================================

                                 Leakage  
   Gate    Instances    Area   Power (nW)     Library    
---------------------------------------------------------
ADDFX1             7    35.910      2.319    fast_vdd1v0 
ADDHX1            18    67.716      4.921    fast_vdd1v0 
AND2X1           108   147.744      9.402    fast_vdd1v0 
AND2X2             9    15.390      1.137    fast_vdd1v0 
AND2X4             1     2.736      0.223    fast_vdd1v0 
AND3XL             3     6.156      0.286    fast_vdd1v0 
AO21X1            10    23.940      1.182    fast_vdd1v0 
AO21X2             1     2.736      0.157    fast_vdd1v0 
AO22X1            26    71.136      3.320    fast_vdd1v0 
AOI211X2           3    10.260      0.736    fast_vdd1v0 
AOI211X4           1     6.498      0.504    fast_vdd1v0 
AOI21X1           52    88.920      5.498    fast_vdd1v0 
AOI21X2           38   103.968      7.208    fast_vdd1v0 
AOI21X4           21   107.730      8.009    fast_vdd1v0 
AOI221X1           3     7.182      0.485    fast_vdd1v0 
AOI221X4           1     7.866      0.596    fast_vdd1v0 
AOI22X1           26    53.352      3.318    fast_vdd1v0 
AOI22X2           14    52.668      3.333    fast_vdd1v0 
AOI22X4           13    80.028      6.120    fast_vdd1v0 
AOI2BB1X1          9    18.468      1.195    fast_vdd1v0 
AOI2BB1X2          8    24.624      1.480    fast_vdd1v0 
AOI2BB1X4         13    53.352      4.607    fast_vdd1v0 
AOI31X1            1     2.052      0.123    fast_vdd1v0 
AOI31X2            3    10.260      0.701    fast_vdd1v0 
AOI31X4            1     6.498      0.464    fast_vdd1v0 
BUFX2              5     8.550      0.585    fast_vdd1v0 
BUFX4              3     7.182      0.614    fast_vdd1v0 
BUFX6              1     3.078      0.329    fast_vdd1v0 
CLKAND2X2         10    20.520      1.327    fast_vdd1v0 
CLKAND2X3          4    12.312      0.796    fast_vdd1v0 
CLKAND2X6          2     9.576      0.873    fast_vdd1v0 
CLKINVX4           4     6.840      0.644    fast_vdd1v0 
CLKINVX6           2     4.788      0.507    fast_vdd1v0 
CLKINVX8           1     3.078      0.340    fast_vdd1v0 
CLKXOR2X1         88   240.768     15.840    fast_vdd1v0 
CLKXOR2X2         14    47.880      3.047    fast_vdd1v0 
DFFRHQX1         124   763.344     48.021    fast_vdd1v0 
DFFRHQX2           1     7.866      0.426    fast_vdd1v0 
DFFRHQX4           8    76.608      4.452    fast_vdd1v0 
DFFRHQX8           1    11.286      0.817    fast_vdd1v0 
DFFRX1             8    54.720      3.264    fast_vdd1v0 
DFFRX2            13    97.812      6.479    fast_vdd1v0 
DFFRX4            14   134.064     10.141    fast_vdd1v0 
INVX1            105    71.820      4.845    fast_vdd1v0 
INVX2             38    38.988      3.283    fast_vdd1v0 
INVX3             14    19.152      1.801    fast_vdd1v0 
INVXL              1     0.684      0.035    fast_vdd1v0 
MX2X1              1     2.394      0.154    fast_vdd1v0 
NAND2BX1         113   154.584     12.078    fast_vdd1v0 
NAND2BX2          13    31.122      2.212    fast_vdd1v0 
NAND2BX4           9    33.858      2.740    fast_vdd1v0 
NAND2X1          184   188.784     12.885    fast_vdd1v0 
NAND2X2           72   123.120      9.436    fast_vdd1v0 
NAND2X4           19    64.980      5.017    fast_vdd1v0 
NAND2X6            9    43.092      3.535    fast_vdd1v0 
NAND2X8            1     5.472      0.550    fast_vdd1v0 
NAND3BX1           6    12.312      0.763    fast_vdd1v0 
NAND3BX4           1     5.130      0.370    fast_vdd1v0 
NAND3BXL           4     6.840      0.374    fast_vdd1v0 
NAND3X1            1     1.710      0.078    fast_vdd1v0 
NAND3X2            2     5.472      0.349    fast_vdd1v0 
NAND3X4            1     4.788      0.354    fast_vdd1v0 
NAND3X6            1     7.182      0.454    fast_vdd1v0 
NOR2BX1          138   188.784     15.233    fast_vdd1v0 
NOR2BX2           11    30.096      1.716    fast_vdd1v0 
NOR2BX4            5    18.810      1.494    fast_vdd1v0 
NOR2X1           128   131.328      9.315    fast_vdd1v0 
NOR2X2           106   181.260     14.113    fast_vdd1v0 
NOR2X4            55   169.290     13.885    fast_vdd1v0 
NOR2X6            15    61.560      5.741    fast_vdd1v0 
NOR2X8             4    21.888      2.271    fast_vdd1v0 
NOR3BX2            2     6.840      0.421    fast_vdd1v0 
NOR3X2             5    13.680      0.849    fast_vdd1v0 
NOR3X4             7    35.910      2.649    fast_vdd1v0 
NOR3X6             1     7.182      0.591    fast_vdd1v0 
NOR3X8             1     8.892      0.774    fast_vdd1v0 
NOR4X1             1     1.710      0.098    fast_vdd1v0 
NOR4X4             1     6.498      0.385    fast_vdd1v0 
OA21X1            10    20.520      1.120    fast_vdd1v0 
OA21X2             1     3.078      0.149    fast_vdd1v0 
OA21X4             2     7.524      0.523    fast_vdd1v0 
OAI211X1           5     8.550      0.617    fast_vdd1v0 
OAI21X1           70   119.700      6.940    fast_vdd1v0 
OAI21X2           61   187.758     11.308    fast_vdd1v0 
OAI21X4           45   215.460     16.424    fast_vdd1v0 
OAI221X2           3    14.364      0.835    fast_vdd1v0 
OAI22X1            1     2.052      0.118    fast_vdd1v0 
OAI22X2            1     3.420      0.234    fast_vdd1v0 
OAI22X4            5    32.490      2.284    fast_vdd1v0 
OAI2BB1X1         33    56.430      3.914    fast_vdd1v0 
OAI2BB1X2         21    64.638      3.764    fast_vdd1v0 
OAI2BB1X4          1     4.446      0.324    fast_vdd1v0 
OAI31X1            5    10.260      0.623    fast_vdd1v0 
OAI31X2            5    18.810      1.204    fast_vdd1v0 
OAI31X4            1     6.840      0.465    fast_vdd1v0 
OR2X1             51    69.768      5.138    fast_vdd1v0 
OR2X2              4     6.840      0.554    fast_vdd1v0 
OR2X4              4    10.944      0.993    fast_vdd1v0 
OR2X6              5    18.810      1.978    fast_vdd1v0 
OR2XL              6     8.208      0.533    fast_vdd1v0 
OR3XL              1     2.052      0.104    fast_vdd1v0 
OR4X1              1     2.052      0.126    fast_vdd1v0 
XNOR2X1          148   354.312     26.698    fast_vdd1v0 
XNOR2X2           12    36.936      2.606    fast_vdd1v0 
XNOR2X4            1     3.762      0.336    fast_vdd1v0 
XNOR3X1            1     7.524      0.375    fast_vdd1v0 
XNOR3XL            2    15.048      0.735    fast_vdd1v0 
XOR2X2             4    13.680      0.876    fast_vdd1v0 
XOR2X4             2     8.208      0.648    fast_vdd1v0 
XOR3XL             1     7.524      0.375    fast_vdd1v0 
---------------------------------------------------------
total           2281  5564.682    389.600                


                                           Leakage  Leakage 
     Type      Instances   Area   Area % Power (nW) Power % 
------------------------------------------------------------
sequential           169 1145.700   20.6     73.601    18.9 
inverter             165  145.350    2.6     11.455     2.9 
buffer                 9   18.810    0.3      1.528     0.4 
logic               1938 4254.822   76.5    303.016    77.8 
physical_cells         0    0.000    0.0      0.000     0.0 
------------------------------------------------------------
total               2281 5564.682  100.0    389.600   100.0 

