============================================================
  Generated by:           Genus(TM) Synthesis Solution 21.10-p002_1
  Generated on:           Apr 11 2026  03:54:49 pm
  Module:                 floating_point_mul_p_0_L2
  Technology libraries:   fast_vdd1v0 1.0
                          physical_cells 
  Operating conditions:   PVT_1P1V_0C 
  Interconnect mode:      global
  Area mode:              physical library
============================================================

                                  Leakage  
   Gate     Instances    Area   Power (nW)     Library    
----------------------------------------------------------
ADDFHX2             1     8.208      0.484    fast_vdd1v0 
ADDFX1             18    92.340      5.809    fast_vdd1v0 
ADDHX1             16    60.192      4.271    fast_vdd1v0 
AND2X1             62    84.816      5.495    fast_vdd1v0 
AND2X2              8    13.680      1.017    fast_vdd1v0 
AND2X4             10    27.360      2.229    fast_vdd1v0 
AND2X6              7    26.334      2.550    fast_vdd1v0 
AND2XL              3     4.104      0.222    fast_vdd1v0 
AND3X1              1     2.394      0.095    fast_vdd1v0 
AND3X6              1     4.446      0.414    fast_vdd1v0 
AND3XL              3     6.156      0.255    fast_vdd1v0 
AND4X1              1     2.394      0.101    fast_vdd1v0 
AO21X1              8    19.152      0.940    fast_vdd1v0 
AO21X2              1     2.736      0.157    fast_vdd1v0 
AO22X1             38   103.968      4.668    fast_vdd1v0 
AO22X2              1     3.078      0.161    fast_vdd1v0 
AO22X4              1     3.762      0.288    fast_vdd1v0 
AOI211X2            3    10.260      0.711    fast_vdd1v0 
AOI211X4            2    12.996      1.060    fast_vdd1v0 
AOI21X1            19    32.490      2.063    fast_vdd1v0 
AOI21X2            14    38.304      2.670    fast_vdd1v0 
AOI21X4            31   159.030     11.583    fast_vdd1v0 
AOI21XL             2     3.420      0.128    fast_vdd1v0 
AOI221X1            1     2.394      0.157    fast_vdd1v0 
AOI22X1            21    43.092      2.620    fast_vdd1v0 
AOI22X2             3    11.286      0.698    fast_vdd1v0 
AOI22X4             2    12.312      0.939    fast_vdd1v0 
AOI2BB1X1           8    16.416      0.954    fast_vdd1v0 
AOI2BB1X2           7    21.546      1.297    fast_vdd1v0 
AOI2BB1X4          15    61.560      5.354    fast_vdd1v0 
AOI31X1             3     6.156      0.392    fast_vdd1v0 
AOI31X2             5    17.100      1.175    fast_vdd1v0 
AOI31X4             2    12.996      0.878    fast_vdd1v0 
AOI32X2             1     4.446      0.289    fast_vdd1v0 
BUFX12              2    10.260      1.213    fast_vdd1v0 
BUFX2              33    56.430      3.910    fast_vdd1v0 
BUFX3              15    30.780      2.526    fast_vdd1v0 
BUFX6              13    40.014      4.283    fast_vdd1v0 
BUFX8               1     3.762      0.398    fast_vdd1v0 
CLKAND2X12          2    15.048      1.526    fast_vdd1v0 
CLKAND2X2          21    43.092      2.829    fast_vdd1v0 
CLKAND2X3          10    30.780      2.063    fast_vdd1v0 
CLKAND2X4           1     3.420      0.266    fast_vdd1v0 
CLKAND2X6          18    86.184      7.108    fast_vdd1v0 
CLKBUFX2            1     1.710      0.116    fast_vdd1v0 
CLKINVX12          36   147.744     18.468    fast_vdd1v0 
CLKINVX16           2    10.944      1.334    fast_vdd1v0 
CLKINVX4           22    37.620      3.661    fast_vdd1v0 
CLKINVX6           32    76.608      8.089    fast_vdd1v0 
CLKINVX8           18    55.404      6.026    fast_vdd1v0 
CLKMX2X3            4    16.416      1.086    fast_vdd1v0 
CLKXOR2X1          41   112.176      7.342    fast_vdd1v0 
CLKXOR2X2           6    20.520      1.301    fast_vdd1v0 
INVX1              87    59.508      4.010    fast_vdd1v0 
INVX2              66    67.716      5.691    fast_vdd1v0 
INVX3              53    72.504      6.673    fast_vdd1v0 
INVX4               4     6.840      0.680    fast_vdd1v0 
INVX6               2     4.788      0.533    fast_vdd1v0 
INVX8               1     3.078      0.380    fast_vdd1v0 
INVXL               9     6.156      0.313    fast_vdd1v0 
MX2X1               3     7.182      0.445    fast_vdd1v0 
MXI2X1              2     5.472      0.296    fast_vdd1v0 
MXI2X2              1     4.446      0.228    fast_vdd1v0 
MXI2X4              3    15.390      0.983    fast_vdd1v0 
MXI2X6              1     5.130      0.443    fast_vdd1v0 
MXI2XL              1     2.394      0.109    fast_vdd1v0 
NAND2BX1           40    54.720      4.316    fast_vdd1v0 
NAND2BX2           32    76.608      5.244    fast_vdd1v0 
NAND2BX4           21    79.002      6.561    fast_vdd1v0 
NAND2BXL            2     2.736      0.175    fast_vdd1v0 
NAND2X1            81    83.106      5.565    fast_vdd1v0 
NAND2X2            64   109.440      8.363    fast_vdd1v0 
NAND2X4           118   403.560     29.812    fast_vdd1v0 
NAND2X6            60   287.280     23.273    fast_vdd1v0 
NAND2X8            49   268.128     25.659    fast_vdd1v0 
NAND2XL            11    11.286      0.495    fast_vdd1v0 
NAND3BX1            3     6.156      0.365    fast_vdd1v0 
NAND3BX2            2     6.156      0.411    fast_vdd1v0 
NAND3BX4            5    25.650      1.884    fast_vdd1v0 
NAND3X1             2     3.420      0.184    fast_vdd1v0 
NAND3X2            13    35.568      2.268    fast_vdd1v0 
NAND3X4             4    19.152      1.398    fast_vdd1v0 
NAND3X6            12    86.184      6.091    fast_vdd1v0 
NAND3X8             2    16.416      1.483    fast_vdd1v0 
NAND3XL             1     1.710      0.057    fast_vdd1v0 
NOR2BX1            35    47.880      3.700    fast_vdd1v0 
NOR2BX2            16    43.776      2.762    fast_vdd1v0 
NOR2BX4             8    30.096      2.597    fast_vdd1v0 
NOR2BXL             1     1.710      0.089    fast_vdd1v0 
NOR2X1             33    33.858      2.505    fast_vdd1v0 
NOR2X2             68   116.280      9.218    fast_vdd1v0 
NOR2X4            125   384.750     32.860    fast_vdd1v0 
NOR2X6             82   336.528     32.361    fast_vdd1v0 
NOR2X8             56   306.432     29.887    fast_vdd1v0 
NOR2XL              5     5.130      0.243    fast_vdd1v0 
NOR3BX1             3     6.156      0.353    fast_vdd1v0 
NOR3BX2             4    13.680      0.847    fast_vdd1v0 
NOR3BX4             9    52.326      3.565    fast_vdd1v0 
NOR3X1              2     3.420      0.153    fast_vdd1v0 
NOR3X2              5    13.680      0.943    fast_vdd1v0 
NOR3X4              7    35.910      2.495    fast_vdd1v0 
NOR3X6              8    57.456      4.464    fast_vdd1v0 
NOR3X8              9    80.028      6.924    fast_vdd1v0 
NOR4X6              1     8.208      0.545    fast_vdd1v0 
OA21X1              5    10.260      0.573    fast_vdd1v0 
OA21X4              1     3.762      0.263    fast_vdd1v0 
OA22X1              3     7.182      0.372    fast_vdd1v0 
OA22X4              1     4.104      0.291    fast_vdd1v0 
OAI211X2            3    12.312      0.708    fast_vdd1v0 
OAI211X4            2    12.996      0.932    fast_vdd1v0 
OAI21X1            21    35.910      2.065    fast_vdd1v0 
OAI21X2            38   116.964      6.941    fast_vdd1v0 
OAI21X4            60   287.280     22.119    fast_vdd1v0 
OAI21XL             3     5.130      0.203    fast_vdd1v0 
OAI221X1            1     2.394      0.161    fast_vdd1v0 
OAI22X2             3    10.260      0.687    fast_vdd1v0 
OAI22X4             6    38.988      2.763    fast_vdd1v0 
OAI2BB1X1          13    22.230      1.511    fast_vdd1v0 
OAI2BB1X2          16    49.248      2.841    fast_vdd1v0 
OAI2BB1X4           7    31.122      2.329    fast_vdd1v0 
OAI2BB2X1           1     4.104      0.213    fast_vdd1v0 
OAI2BB2X2           1     5.472      0.310    fast_vdd1v0 
OAI2BB2X4           2    17.100      1.150    fast_vdd1v0 
OAI31X2             5    18.810      1.159    fast_vdd1v0 
OAI31X4             1     6.840      0.458    fast_vdd1v0 
OR2X1              52    71.136      5.347    fast_vdd1v0 
OR2X2               7    11.970      0.984    fast_vdd1v0 
OR2X4               4    10.944      0.998    fast_vdd1v0 
OR2X6               9    33.858      3.578    fast_vdd1v0 
OR2XL               4     5.472      0.345    fast_vdd1v0 
OR3X1               5    10.260      0.533    fast_vdd1v0 
OR3XL               2     4.104      0.190    fast_vdd1v0 
XNOR2X1           112   268.128     20.481    fast_vdd1v0 
XNOR2X2             6    18.468      1.338    fast_vdd1v0 
XNOR3X1             8    60.192      3.078    fast_vdd1v0 
XNOR3XL             6    45.144      2.185    fast_vdd1v0 
XOR2X2              1     3.420      0.219    fast_vdd1v0 
XOR3X1              9    67.716      3.496    fast_vdd1v0 
----------------------------------------------------------
total            2247  6457.302    507.393                


                                           Leakage  Leakage 
     Type      Instances   Area   Area % Power (nW) Power % 
------------------------------------------------------------
inverter             332  548.910    8.5     55.859    11.0 
buffer                65  142.956    2.2     12.446     2.5 
logic               1850 5765.436   89.3    439.089    86.5 
physical_cells         0    0.000    0.0      0.000     0.0 
------------------------------------------------------------
total               2247 6457.302  100.0    507.393   100.0 

