Command: report datapath -all -print_inferred > ./genus/reports/floating_point_mul_p_0_L3/cadence_45nm/post_elaboration/syn_generic_datapath_report.rpt
============================================================
  Generated by:           Genus(TM) Synthesis Solution 21.10-p002_1
  Generated on:           Apr 11 2026  03:54:59 pm
  Module:                 floating_point_mul_p_0_L3
  Technology libraries:   fast_vdd1v0 1.0
                          physical_cells 
  Operating conditions:   PVT_1P1V_0C 
  Interconnect mode:      global
  Area mode:              physical library
============================================================


Inferred components

                Operator  Signedness   Inputs   Outputs CellArea Line Col       Filename       
===============================================================================================
floating_point_mul_p_0_L3
 add_28_40
  
  module:add_unsigned_82
   very_fast        +     unsigned   10x10      10        208.32   28  40 floating_point_mul_p 
                                                                          _0_L3.v              
===============================================================================================
floating_point_mul_p_0_L3
 add_28_55
  
  module:add_unsigned_82
   very_fast        +     unsigned   10x10      10        208.32   28  55 floating_point_mul_p 
                                                                          _0_L3.v              
===============================================================================================
floating_point_mul_p_0_L3
 m_approx_t
  add_130_54
   
   module:add_unsigned_24
    very_fast       +     unsigned   48x1       48        627.62  130  54 floating_point_mul_p 
                                                                          _0_L3.v              
===============================================================================================
floating_point_mul_p_0_L3
 m_approx_t
  add_130_63
   
   module:add_unsigned_24
    very_fast       +     unsigned   48x1       48        627.62  130  63 floating_point_mul_p 
                                                                          _0_L3.v              
===============================================================================================
floating_point_mul_p_0_L3
 m_approx_t
  add_148_58
   
   module:add_unsigned_24
    very_fast       +     unsigned   48x1       48        627.62  148  58 floating_point_mul_p 
                                                                          _0_L3.v              
===============================================================================================
floating_point_mul_p_0_L3
 m_approx_t
  add_149_60
   
   module:add_unsigned_24
    very_fast       +     unsigned   48x1       48        627.62  149  60 floating_point_mul_p 
                                                                          _0_L3.v              
===============================================================================================
floating_point_mul_p_0_L3
 m_approx_t
  add_168_52
   
   module:add_unsigned_24
    very_fast       +     unsigned   48x1       48        627.62  168  52 floating_point_mul_p 
                                                                          _0_L3.v              
===============================================================================================
floating_point_mul_p_0_L3
 m_approx_t
  add_168_61
   
   module:add_unsigned_24
    very_fast       +     unsigned   48x1       48        627.62  168  61 floating_point_mul_p 
                                                                          _0_L3.v              
===============================================================================================
floating_point_mul_p_0_L3
 m_approx_t
  add_179_24
   
   module:add_unsigned
    very_fast       +     unsigned   48x48      48       1605.11  179  24 floating_point_mul_p 
                                                                          _0_L3.v              
===============================================================================================
floating_point_mul_p_0_L3
 m_approx_t
  add_179_34
   
   module:add_unsigned
    very_fast       +     unsigned   48x48      48       1605.11  179  34 floating_point_mul_p 
                                                                          _0_L3.v              
===============================================================================================
floating_point_mul_p_0_L3
 m_approx_t
  add_81_44
   
   module:add_unsigned_6
    very_fast       +     unsigned   24x24      25        694.39   81  44 floating_point_mul_p 
                                                                          _0_L3.v              
===============================================================================================
floating_point_mul_p_0_L3
 m_approx_t
  add_82_21
   
   module:add_unsigned_8
    very_fast       +     unsigned   25x24      26        711.75   82  21 floating_point_mul_p 
                                                                          _0_L3.v              
===============================================================================================
floating_point_mul_p_0_L3
 m_approx_t
  bms0
   add_209_31
    
    module:add_unsigned
     very_fast      +     unsigned   48x48      48       1605.11  209  31 floating_point_mul_p 
                                                                          _0_L3.v              
===============================================================================================
floating_point_mul_p_0_L3
 m_approx_t
  bms0
   mux_reg_r_201_19
    
    module:bmux
     very_fast binary_mux n/a        2x48x48x48 48        512.78  201  19 floating_point_mul_p 
                                     x48                                  _0_L3.v              
===============================================================================================
floating_point_mul_p_0_L3
 m_approx_t
  bms1
   add_209_31
    
    module:add_unsigned
     very_fast      +     unsigned   48x48      48       1605.11  209  31 floating_point_mul_p 
                                                                          _0_L3.v              
===============================================================================================
floating_point_mul_p_0_L3
 m_approx_t
  bms1
   mux_reg_r_201_19
    
    module:bmux
     very_fast binary_mux n/a        2x48x48x48 48        512.78  201  19 floating_point_mul_p 
                                     x48                                  _0_L3.v              
===============================================================================================
floating_point_mul_p_0_L3
 m_approx_t
  bms2
   add_209_31
    
    module:add_unsigned
     very_fast      +     unsigned   48x48      48       1605.11  209  31 floating_point_mul_p 
                                                                          _0_L3.v              
===============================================================================================
floating_point_mul_p_0_L3
 m_approx_t
  bms2
   mux_reg_r_201_19
    
    module:bmux
     very_fast binary_mux n/a        2x48x48x48 48        512.78  201  19 floating_point_mul_p 
                                     x48                                  _0_L3.v              
===============================================================================================
floating_point_mul_p_0_L3
 m_approx_t
  mux_103_39
   
   module:bmux_55
    very_fast  binary_mux n/a        1x29x29    29        154.90  103  39 floating_point_mul_p 
                                                                          _0_L3.v              
===============================================================================================
floating_point_mul_p_0_L3
 m_approx_t
  mux_104_39
   
   module:bmux_53
    very_fast  binary_mux n/a        1x2x2      2          10.68  104  39 floating_point_mul_p 
                                                                          _0_L3.v              
===============================================================================================
floating_point_mul_p_0_L3
 m_approx_t
  mux_105_39
   
   module:bmux_53
    very_fast  binary_mux n/a        1x2x2      2          10.68  105  39 floating_point_mul_p 
                                                                          _0_L3.v              
===============================================================================================
floating_point_mul_p_0_L3
 m_approx_t
  mux_107_41
   
   module:bmux_55
    very_fast  binary_mux n/a        1x29x29    29        154.90  107  41 floating_point_mul_p 
                                                                          _0_L3.v              
===============================================================================================
floating_point_mul_p_0_L3
 m_approx_t
  mux_112_23
   
   module:bmux_52
    very_fast  binary_mux n/a        1x48x48    48        256.39  112  23 floating_point_mul_p 
                                                                          _0_L3.v              
===============================================================================================
floating_point_mul_p_0_L3
 m_approx_t
  mux_112_35
   
   module:bmux_52
    very_fast  binary_mux n/a        1x48x48    48        256.39  112  35 floating_point_mul_p 
                                                                          _0_L3.v              
===============================================================================================
floating_point_mul_p_0_L3
 m_approx_t
  mux_113_37
   
   module:bmux_52
    very_fast  binary_mux n/a        1x48x48    48        256.39  113  37 floating_point_mul_p 
                                                                          _0_L3.v              
===============================================================================================
floating_point_mul_p_0_L3
 m_approx_t
  mux_122_39
   
   module:bmux_62
    very_fast  binary_mux n/a        1x30x30    30        160.24  122  39 floating_point_mul_p 
                                                                          _0_L3.v              
===============================================================================================
floating_point_mul_p_0_L3
 m_approx_t
  mux_123_39
   
   module:bmux_53
    very_fast  binary_mux n/a        1x2x2      2          10.68  123  39 floating_point_mul_p 
                                                                          _0_L3.v              
===============================================================================================
floating_point_mul_p_0_L3
 m_approx_t
  mux_124_39
   
   module:bmux_53
    very_fast  binary_mux n/a        1x2x2      2          10.68  124  39 floating_point_mul_p 
                                                                          _0_L3.v              
===============================================================================================
floating_point_mul_p_0_L3
 m_approx_t
  mux_126_42
   
   module:bmux_62
    very_fast  binary_mux n/a        1x30x30    30        160.24  126  42 floating_point_mul_p 
                                                                          _0_L3.v              
===============================================================================================
floating_point_mul_p_0_L3
 m_approx_t
  mux_129_23
   
   module:bmux_52
    very_fast  binary_mux n/a        1x48x48    48        256.39  129  23 floating_point_mul_p 
                                                                          _0_L3.v              
===============================================================================================
floating_point_mul_p_0_L3
 m_approx_t
  mux_129_35
   
   module:bmux_62
    very_fast  binary_mux n/a        1x30x30    30        160.24  129  35 floating_point_mul_p 
                                                                          _0_L3.v              
===============================================================================================
floating_point_mul_p_0_L3
 m_approx_t
  mux_130_37
   
   module:bmux_52
    very_fast  binary_mux n/a        1x48x48    48        256.39  130  37 floating_point_mul_p 
                                                                          _0_L3.v              
===============================================================================================
floating_point_mul_p_0_L3
 m_approx_t
  mux_141_39
   
   module:bmux_69
    very_fast  binary_mux n/a        1x31x31    31        165.59  141  39 floating_point_mul_p 
                                                                          _0_L3.v              
===============================================================================================
floating_point_mul_p_0_L3
 m_approx_t
  mux_142_39
   
   module:bmux_53
    very_fast  binary_mux n/a        1x2x2      2          10.68  142  39 floating_point_mul_p 
                                                                          _0_L3.v              
===============================================================================================
floating_point_mul_p_0_L3
 m_approx_t
  mux_143_39
   
   module:bmux_53
    very_fast  binary_mux n/a        1x2x2      2          10.68  143  39 floating_point_mul_p 
                                                                          _0_L3.v              
===============================================================================================
floating_point_mul_p_0_L3
 m_approx_t
  mux_145_42
   
   module:bmux_69
    very_fast  binary_mux n/a        1x31x31    31        165.59  145  42 floating_point_mul_p 
                                                                          _0_L3.v              
===============================================================================================
floating_point_mul_p_0_L3
 m_approx_t
  mux_148_23
   
   module:bmux_52
    very_fast  binary_mux n/a        1x48x48    48        256.39  148  23 floating_point_mul_p 
                                                                          _0_L3.v              
===============================================================================================
floating_point_mul_p_0_L3
 m_approx_t
  mux_148_35
   
   module:bmux_52
    very_fast  binary_mux n/a        1x48x48    48        256.39  148  35 floating_point_mul_p 
                                                                          _0_L3.v              
===============================================================================================
floating_point_mul_p_0_L3
 m_approx_t
  mux_149_37
   
   module:bmux_52
    very_fast  binary_mux n/a        1x48x48    48        256.39  149  37 floating_point_mul_p 
                                                                          _0_L3.v              
===============================================================================================
floating_point_mul_p_0_L3
 m_approx_t
  mux_160_39
   
   module:bmux_76
    very_fast  binary_mux n/a        1x32x32    32        170.93  160  39 floating_point_mul_p 
                                                                          _0_L3.v              
===============================================================================================
floating_point_mul_p_0_L3
 m_approx_t
  mux_161_39
   
   module:bmux_53
    very_fast  binary_mux n/a        1x2x2      2          10.68  161  39 floating_point_mul_p 
                                                                          _0_L3.v              
===============================================================================================
floating_point_mul_p_0_L3
 m_approx_t
  mux_162_39
   
   module:bmux_53
    very_fast  binary_mux n/a        1x2x2      2          10.68  162  39 floating_point_mul_p 
                                                                          _0_L3.v              
===============================================================================================
floating_point_mul_p_0_L3
 m_approx_t
  mux_164_42
   
   module:bmux_76
    very_fast  binary_mux n/a        1x32x32    32        170.93  164  42 floating_point_mul_p 
                                                                          _0_L3.v              
===============================================================================================
floating_point_mul_p_0_L3
 m_approx_t
  mux_167_23
   
   module:bmux_52
    very_fast  binary_mux n/a        1x48x48    48        256.39  167  23 floating_point_mul_p 
                                                                          _0_L3.v              
===============================================================================================
floating_point_mul_p_0_L3
 m_approx_t
  mux_167_35
   
   module:bmux_76
    very_fast  binary_mux n/a        1x32x32    32        170.93  167  35 floating_point_mul_p 
                                                                          _0_L3.v              
===============================================================================================
floating_point_mul_p_0_L3
 m_approx_t
  mux_168_35
   
   module:bmux_52
    very_fast  binary_mux n/a        1x48x48    48        256.39  168  35 floating_point_mul_p 
                                                                          _0_L3.v              
===============================================================================================
floating_point_mul_p_0_L3
 m_approx_t
  mux_90_19
   
   module:bmux_51
    very_fast  binary_mux n/a        1x28x28    28        149.56   90  19 floating_point_mul_p 
                                                                          _0_L3.v              
===============================================================================================
floating_point_mul_p_0_L3
 m_approx_t
  mux_92_23
   
   module:bmux_52
    very_fast  binary_mux n/a        1x48x48    48        256.39   92  23 floating_point_mul_p 
                                                                          _0_L3.v              
===============================================================================================
floating_point_mul_p_0_L3
 m_approx_t
  sub_83_21
   
   module:sub_unsigned
    very_fast       -     unsigned   26x25      48        770.50   83  21 floating_point_mul_p 
                                                                          _0_L3.v              
===============================================================================================
floating_point_mul_p_0_L3
 mux_45_32
  
  module:bmux_85
   very_fast   binary_mux n/a        1x23x23    23        122.85   45  32 floating_point_mul_p 
                                                                          _0_L3.v              
===============================================================================================
floating_point_mul_p_0_L3
 mux_54_25
  
  module:bmux_85
   very_fast   binary_mux n/a        1x23x23    23        122.85   54  25 floating_point_mul_p 
                                                                          _0_L3.v              
===============================================================================================
floating_point_mul_p_0_L3
 mux_54_49
  
  module:bmux_85
   very_fast   binary_mux n/a        1x23x23    23        122.85   54  49 floating_point_mul_p 
                                                                          _0_L3.v              
===============================================================================================
floating_point_mul_p_0_L3
 mux_55_20
  
  module:bmux_88
   very_fast   binary_mux n/a        1x8x8      8          42.73   55  20 floating_point_mul_p 
                                                                          _0_L3.v              
===============================================================================================
floating_point_mul_p_0_L3
 mux_55_40
  
  module:bmux_88
   very_fast   binary_mux n/a        1x8x8      8          42.73   55  40 floating_point_mul_p 
                                                                          _0_L3.v              
===============================================================================================

      Type       CellArea Percentage 
-------------------------------------
datapath modules 14384.54      66.10 
external muxes    6682.16      30.71 
others             695.72       3.20 
-------------------------------------
total            21762.42     100.00 

