============================================================
  Generated by:           Genus(TM) Synthesis Solution 21.10-p002_1
  Generated on:           Jun 19 2026  11:37:50 am
  Module:                 scaletrim_FP32
  Technology library:     fast_vdd1v0 1.0
  Operating conditions:   PVT_1P1V_0C (balanced_tree)
  Wireload mode:          enclosed
  Area mode:              timing library
============================================================

Timing
--------

Clock Period 
-------------
vclk  1000.0 


  Cost    Critical              Violating 
 Group   Path Slack     TNS       Paths   
------------------------------------------
default    No paths        0.0            
vclk         -377.4   -11566.5         31 
------------------------------------------
Total                 -11566.5         31 

Instance Count
--------------
Leaf Instance Count             806 
Physical Instance count           0 
Sequential Instance Count         0 
Combinational Instance Count    806 
Hierarchical Instance Count       1 

Area
----
Cell Area                          1365.161
Physical Cell Area                 0.000
Total Cell Area (Cell+Physical)    1365.161
Net Area                           0.000
Total Area (Cell+Physical+Net)     1365.161

Runtime                            0.0 seconds
Elapsed Runtime                    162 seconds
Genus peak memory usage            1673.89 
Innovus peak memory usage          no_value 
Hostname                           redhat315b
