============================================================
  Generated by:           Genus(TM) Synthesis Solution 21.10-p002_1
  Generated on:           Jun 19 2026  11:37:50 am
  Module:                 scaletrim_FP32
  Technology library:     fast_vdd1v0 1.0
  Operating conditions:   PVT_1P1V_0C (balanced_tree)
  Wireload mode:          enclosed
  Area mode:              timing library
============================================================

                                 Leakage  
   Gate    Instances    Area   Power (nW)     Library    
---------------------------------------------------------
ADDFHXL            1     7.524      0.377    fast_vdd1v0 
ADDFX1             7    35.910      2.276    fast_vdd1v0 
AND2X1             4     5.472      0.355    fast_vdd1v0 
AND2XL             8    10.944      0.611    fast_vdd1v0 
AO21XL             2     4.788      0.210    fast_vdd1v0 
AO22XL             2     5.472      0.241    fast_vdd1v0 
AOI211X2           1     3.420      0.175    fast_vdd1v0 
AOI211XL           1     2.052      0.074    fast_vdd1v0 
AOI21X1           12    20.520      1.288    fast_vdd1v0 
AOI21X2            6    16.416      1.146    fast_vdd1v0 
AOI21X4            1     5.130      0.366    fast_vdd1v0 
AOI21XL            8    13.680      0.610    fast_vdd1v0 
AOI221X1           1     2.394      0.159    fast_vdd1v0 
AOI222X1           3     9.234      0.580    fast_vdd1v0 
AOI222XL           2     6.840      0.250    fast_vdd1v0 
AOI22X1            4     8.208      0.542    fast_vdd1v0 
AOI22XL            3     6.156      0.264    fast_vdd1v0 
AOI2BB1X1         14    28.728      1.918    fast_vdd1v0 
AOI2BB1XL          4     8.208      0.406    fast_vdd1v0 
AOI31X1            2     4.104      0.261    fast_vdd1v0 
AOI31X2            1     3.420      0.245    fast_vdd1v0 
BUFX12             9    46.170      5.372    fast_vdd1v0 
BUFX2              5     8.550      0.590    fast_vdd1v0 
CLKAND2X2          2     4.104      0.311    fast_vdd1v0 
CLKAND2X3          1     3.078      0.201    fast_vdd1v0 
CLKAND2X4          2     6.840      0.548    fast_vdd1v0 
CLKBUFX12          7    35.910      4.175    fast_vdd1v0 
CLKBUFX2           9    15.390      1.080    fast_vdd1v0 
CLKINVX1           6     6.156      0.274    fast_vdd1v0 
CLKINVX12         11    45.144      5.360    fast_vdd1v0 
CLKINVX2           4     5.472      0.340    fast_vdd1v0 
CLKINVX3           3     5.130      0.377    fast_vdd1v0 
CLKINVX4           3     5.130      0.475    fast_vdd1v0 
CLKINVX6           3     7.182      0.731    fast_vdd1v0 
CLKINVX8           5    15.390      1.652    fast_vdd1v0 
CLKXOR2X1          3     8.208      0.538    fast_vdd1v0 
CLKXOR2X2          1     3.420      0.219    fast_vdd1v0 
INVX1             41    28.044      1.904    fast_vdd1v0 
INVX2             15    15.390      1.278    fast_vdd1v0 
INVX3              1     1.368      0.136    fast_vdd1v0 
INVX6              1     2.394      0.259    fast_vdd1v0 
INVXL             92    62.928      3.067    fast_vdd1v0 
MX2XL              1     2.394      0.142    fast_vdd1v0 
MXI2X1             3     8.208      0.441    fast_vdd1v0 
MXI2XL            16    38.304      1.758    fast_vdd1v0 
NAND2BX1          11    15.048      1.133    fast_vdd1v0 
NAND2BX2           1     2.394      0.172    fast_vdd1v0 
NAND2BXL          25    34.200      2.048    fast_vdd1v0 
NAND2X1           53    54.378      3.753    fast_vdd1v0 
NAND2X2           22    37.620      2.949    fast_vdd1v0 
NAND2X4            5    15.732      1.299    fast_vdd1v0 
NAND2X6            2     9.131      0.768    fast_vdd1v0 
NAND2XL           47    48.222      2.175    fast_vdd1v0 
NAND3BX1           1     2.052      0.115    fast_vdd1v0 
NAND3BXL           7    11.970      0.607    fast_vdd1v0 
NAND3X1            5     8.550      0.464    fast_vdd1v0 
NAND3X2            3     8.208      0.590    fast_vdd1v0 
NAND3X4            1     4.788      0.372    fast_vdd1v0 
NAND3XL            5     8.550      0.294    fast_vdd1v0 
NOR2BX1           39    53.352      3.963    fast_vdd1v0 
NOR2BX2            1     2.736      0.158    fast_vdd1v0 
NOR2BXL            8    13.680      0.625    fast_vdd1v0 
NOR2X1            38    38.988      2.739    fast_vdd1v0 
NOR2X2            26    44.460      3.783    fast_vdd1v0 
NOR2X4            15    46.170      4.253    fast_vdd1v0 
NOR2X6             2     8.208      0.745    fast_vdd1v0 
NOR2XL            40    41.040      1.819    fast_vdd1v0 
NOR3BXL            3     6.156      0.247    fast_vdd1v0 
NOR3X1             4     6.840      0.320    fast_vdd1v0 
NOR3X2             3     8.208      0.542    fast_vdd1v0 
NOR3XL             1     1.710      0.058    fast_vdd1v0 
NOR4BX1            1     2.394      0.125    fast_vdd1v0 
OA21XL             1     2.736      0.095    fast_vdd1v0 
OAI211X1           2     3.420      0.236    fast_vdd1v0 
OAI21X1           14    23.940      1.350    fast_vdd1v0 
OAI21X2            4    12.312      0.773    fast_vdd1v0 
OAI21X4            1     4.788      0.376    fast_vdd1v0 
OAI21XL            4     6.840      0.255    fast_vdd1v0 
OAI222X1           1     2.736      0.170    fast_vdd1v0 
OAI22X1            3     6.156      0.379    fast_vdd1v0 
OAI22X2            1     3.420      0.213    fast_vdd1v0 
OAI22XL            2     4.104      0.157    fast_vdd1v0 
OAI2BB1X1         16    27.360      1.890    fast_vdd1v0 
OAI2BB1XL          5    10.260      0.482    fast_vdd1v0 
OAI31X1            1     2.052      0.130    fast_vdd1v0 
OR2X6              2     7.524      0.808    fast_vdd1v0 
OR2XL             14    19.152      1.176    fast_vdd1v0 
OR3X1              1     2.052      0.097    fast_vdd1v0 
OR3XL              1     2.052      0.075    fast_vdd1v0 
XNOR2X1           12    28.728      2.179    fast_vdd1v0 
XNOR2XL            5    13.680      0.839    fast_vdd1v0 
XNOR3XL            3    22.572      1.087    fast_vdd1v0 
XOR2XL            13    35.568      2.192    fast_vdd1v0 
---------------------------------------------------------
total            806  1365.161     94.664                


                                           Leakage  Leakage 
     Type      Instances   Area   Area % Power (nW) Power % 
------------------------------------------------------------
inverter             185  199.728   14.6     15.854    16.7 
buffer                30  106.020    7.8     11.217    11.8 
logic                591 1059.413   77.6     67.593    71.4 
physical_cells         0    0.000    0.0      0.000     0.0 
------------------------------------------------------------
total                806 1365.161  100.0     94.664   100.0 

