

Working Directory = /home/redhat315bd/physical_design_nipun/Physical_design
QoS Summary for opact_FP32
================================================================================
Metric                          opact_FP32_syn_generic
================================================================================
Slack (ps):                    -1,002
  R2R (ps):                  no_value
  I2R (ps):                  no_value
  R2O (ps):                  no_value
  I2O (ps):                    -1,002
  CG  (ps):                  no_value
TNS (ps):                     -29,391
  R2R (ps):                  no_value
  I2R (ps):                  no_value
  R2O (ps):                  no_value
  I2O (ps):                   -29,391
  CG  (ps):                  no_value
Failing Paths:                     31
Cell Area:                     15,236
Total Cell Area:               15,236
Leaf Instances:                 5,708
Total Instances:                5,708
Utilization (%):                 0.00
Tot. Net Length (um):        no_value
Avg. Net Length (um):        no_value
Route Overflow H (%):        no_value
Route Overflow V (%):        no_value
MBCI(%) (bits/gate) :            0.00
Norm Cong Hotspot Area:
  Max Cong:                  no_value
  Tot Cong:                  no_value
================================================================================
CPU  Runtime (h:m:s):        00:31:54
Real Runtime (h:m:s):        00:31:50
CPU  Elapsed (h:m:s):        00:31:56
Real Elapsed (h:m:s):        00:31:51
Memory (MB):                  1812.36
================================================================================
================================================================================
Flow Settings:
================================================================================
Total Runtime (h:m:s): 00:31:50
Total Memory (MB):     1812.36
Executable Version:    21.10-p002_1
================================================================================
Total Cell Area =  Cell Area + Physical Cell Area
Total Instances =  Leaf Instances + Physical Instances


