============================================================
  Generated by:           Genus(TM) Synthesis Solution 21.10-p002_1
  Generated on:           Apr 11 2026  03:04:23 pm
  Module:                 fixed_point_mul_p_0_L3
  Technology libraries:   fast_vdd1v0 1.0
                          physical_cells 
  Operating conditions:   PVT_1P1V_0C 
  Interconnect mode:      global
  Area mode:              physical library
============================================================

                                  Leakage  
   Gate     Instances    Area   Power (nW)     Library    
----------------------------------------------------------
ADDFHX1             1     7.524      0.435    fast_vdd1v0 
ADDHX1              6    22.572      1.605    fast_vdd1v0 
ADDHX2              1     5.130      0.332    fast_vdd1v0 
AND2X1             10    13.680      0.824    fast_vdd1v0 
AND2X2              2     3.420      0.244    fast_vdd1v0 
AND2X4              1     2.736      0.215    fast_vdd1v0 
AND2X6              3    11.286      1.062    fast_vdd1v0 
AND2X8              2     8.892      0.905    fast_vdd1v0 
AND3X1              1     2.394      0.101    fast_vdd1v0 
AND3X8              1     5.130      0.535    fast_vdd1v0 
AND3XL              1     2.052      0.069    fast_vdd1v0 
AO21X1              4     9.576      0.491    fast_vdd1v0 
AO22X1              1     2.736      0.109    fast_vdd1v0 
AO22X4              1     3.762      0.286    fast_vdd1v0 
AOI211X1            1     2.394      0.150    fast_vdd1v0 
AOI21X1             1     1.710      0.091    fast_vdd1v0 
AOI21X2            12    32.832      2.036    fast_vdd1v0 
AOI21X4            41   210.330     16.239    fast_vdd1v0 
AOI21XL             1     1.710      0.074    fast_vdd1v0 
AOI22X1             3     6.156      0.398    fast_vdd1v0 
AOI22X4             1     6.156      0.484    fast_vdd1v0 
AOI2BB1X1           1     2.052      0.125    fast_vdd1v0 
AOI2BB1X2           3     9.234      0.510    fast_vdd1v0 
AOI2BB1X4           9    36.936      3.821    fast_vdd1v0 
AOI2BB2X2           2    10.260      0.607    fast_vdd1v0 
AOI2BB2X4           1     7.524      0.597    fast_vdd1v0 
AOI31X1             2     4.104      0.262    fast_vdd1v0 
AOI31X4             3    19.494      1.313    fast_vdd1v0 
AOI32X1             1     2.394      0.166    fast_vdd1v0 
BUFX2              31    53.010      3.630    fast_vdd1v0 
BUFX3              17    34.884      2.876    fast_vdd1v0 
BUFX6              15    46.170      4.921    fast_vdd1v0 
CLKAND2X12          1     7.524      0.701    fast_vdd1v0 
CLKAND2X2           2     4.104      0.245    fast_vdd1v0 
CLKAND2X3          15    46.170      3.175    fast_vdd1v0 
CLKAND2X6          11    52.668      4.550    fast_vdd1v0 
CLKBUFX2            4     6.840      0.488    fast_vdd1v0 
CLKBUFX3            1     2.052      0.164    fast_vdd1v0 
CLKBUFX8            1     3.762      0.401    fast_vdd1v0 
CLKINVX12           7    28.728      3.635    fast_vdd1v0 
CLKINVX16           3    16.416      2.209    fast_vdd1v0 
CLKINVX3            3     5.130      0.352    fast_vdd1v0 
CLKINVX4           22    37.620      3.779    fast_vdd1v0 
CLKINVX6           30    71.820      7.582    fast_vdd1v0 
CLKINVX8           29    89.262     10.046    fast_vdd1v0 
CLKMX2X3            2     8.208      0.534    fast_vdd1v0 
CLKXOR2X1           7    19.152      1.235    fast_vdd1v0 
CLKXOR2X2           4    13.680      0.870    fast_vdd1v0 
INVX1              30    20.520      1.420    fast_vdd1v0 
INVX2              47    48.222      4.048    fast_vdd1v0 
INVX3              52    71.136      6.611    fast_vdd1v0 
INVX4               6    10.260      1.014    fast_vdd1v0 
INVX6               6    14.364      1.497    fast_vdd1v0 
INVX8               1     3.078      0.300    fast_vdd1v0 
INVXL               3     2.052      0.124    fast_vdd1v0 
MX2X1               1     2.394      0.156    fast_vdd1v0 
MXI2XL              1     2.394      0.113    fast_vdd1v0 
NAND2BX1           18    24.624      1.886    fast_vdd1v0 
NAND2BX2           12    28.728      2.027    fast_vdd1v0 
NAND2BX4           24    90.288      7.356    fast_vdd1v0 
NAND2BXL            2     2.736      0.169    fast_vdd1v0 
NAND2X1            18    18.468      1.236    fast_vdd1v0 
NAND2X2            40    68.400      5.246    fast_vdd1v0 
NAND2X4            69   235.980     17.654    fast_vdd1v0 
NAND2X6            77   368.676     29.258    fast_vdd1v0 
NAND2X8            64   350.208     33.544    fast_vdd1v0 
NAND3BX1            1     2.052      0.115    fast_vdd1v0 
NAND3BX2            1     3.078      0.206    fast_vdd1v0 
NAND3BX4            5    25.650      1.831    fast_vdd1v0 
NAND3BXL            2     3.420      0.208    fast_vdd1v0 
NAND3X1             1     1.710      0.074    fast_vdd1v0 
NAND3X2             3     8.208      0.553    fast_vdd1v0 
NAND3X4             5    23.940      1.672    fast_vdd1v0 
NAND3X6             9    64.638      4.605    fast_vdd1v0 
NAND3X8             4    32.832      3.152    fast_vdd1v0 
NOR2BX1             6     8.208      0.575    fast_vdd1v0 
NOR2BX2            10    27.360      1.487    fast_vdd1v0 
NOR2BX4             8    30.096      2.151    fast_vdd1v0 
NOR2X1             14    14.364      0.882    fast_vdd1v0 
NOR2X2             27    46.170      3.411    fast_vdd1v0 
NOR2X4             95   292.410     25.350    fast_vdd1v0 
NOR2X6             67   274.968     29.252    fast_vdd1v0 
NOR2X8             40   218.880     22.692    fast_vdd1v0 
NOR3BX2             1     3.420      0.194    fast_vdd1v0 
NOR3BX4             2    11.628      0.980    fast_vdd1v0 
NOR3X1              1     1.710      0.097    fast_vdd1v0 
NOR3X2              1     2.736      0.266    fast_vdd1v0 
NOR3X4              9    46.170      3.233    fast_vdd1v0 
NOR3X6             11    79.002      6.107    fast_vdd1v0 
NOR3X8              5    44.460      3.140    fast_vdd1v0 
NOR3XL              2     3.420      0.095    fast_vdd1v0 
NOR4X1              3     5.130      0.384    fast_vdd1v0 
OA21X1              2     4.104      0.227    fast_vdd1v0 
OAI21X1             9    15.390      0.882    fast_vdd1v0 
OAI21X2            11    33.858      2.125    fast_vdd1v0 
OAI21X4            48   229.824     18.005    fast_vdd1v0 
OAI22X1             2     4.104      0.209    fast_vdd1v0 
OAI22X2             2     6.840      0.503    fast_vdd1v0 
OAI22X4             9    58.482      3.307    fast_vdd1v0 
OAI2BB1X1           3     5.130      0.338    fast_vdd1v0 
OAI2BB1X2           2     6.156      0.342    fast_vdd1v0 
OAI2BB1X4           4    17.784      1.386    fast_vdd1v0 
OAI2BB2X1           1     4.104      0.189    fast_vdd1v0 
OAI2BB2X4           1     8.550      0.489    fast_vdd1v0 
OAI31X4             4    27.360      1.629    fast_vdd1v0 
OAI32X1             1     2.394      0.130    fast_vdd1v0 
OAI32X2             2     8.892      0.524    fast_vdd1v0 
OR2X1              15    20.520      1.430    fast_vdd1v0 
OR2X2               2     3.420      0.267    fast_vdd1v0 
OR2X4               1     2.736      0.249    fast_vdd1v0 
OR2X6               5    18.810      2.000    fast_vdd1v0 
OR2XL               1     1.368      0.110    fast_vdd1v0 
OR3X1               1     2.052      0.100    fast_vdd1v0 
OR3X6               1     4.788      0.483    fast_vdd1v0 
OR4X1               1     2.052      0.143    fast_vdd1v0 
XNOR2X1            14    33.516      2.494    fast_vdd1v0 
XNOR2X2             5    15.390      1.066    fast_vdd1v0 
XNOR2X4             1     3.762      0.370    fast_vdd1v0 
XNOR3X1             5    37.620      1.958    fast_vdd1v0 
XNOR3XL             1     7.524      0.350    fast_vdd1v0 
XOR2X2              1     3.420      0.211    fast_vdd1v0 
XOR3X1              3    22.572      1.171    fast_vdd1v0 
XOR3XL              3    22.572      1.113    fast_vdd1v0 
----------------------------------------------------------
total            1287  4274.658    355.652                


                                           Leakage  Leakage 
     Type      Instances   Area   Area % Power (nW) Power % 
------------------------------------------------------------
inverter             239  418.608    9.8     42.617    12.0 
buffer                69  146.718    3.4     12.480     3.5 
logic                979 3709.332   86.8    300.555    84.5 
physical_cells         0    0.000    0.0      0.000     0.0 
------------------------------------------------------------
total               1287 4274.658  100.0    355.652   100.0 

