============================================================
  Generated by:           Genus(TM) Synthesis Solution 21.10-p002_1
  Generated on:           Apr 11 2026  03:04:23 pm
  Module:                 fixed_point_mul_p_0_L3
  Technology libraries:   fast_vdd1v0 1.0
                          physical_cells 
  Operating conditions:   PVT_1P1V_0C 
  Interconnect mode:      global
  Area mode:              physical library
============================================================

       Instance                    Module              Cell Count  Cell Area  Net Area   Combinational   Buffer   Inverter   Flop   Latch   Clock-Gate   Memory   Macro   Total Area 
-------------------------------------------------------------------------------------------------------------------------------------------------------------------------------------
fixed_point_mul_p_0_L3                                       1287   4274.658  1441.292        3709.332  146.718    418.608  0.000   0.000        0.000    0.000   0.000     5715.950 
  m_unsigned_int_mul   unsigned_int_mul                      1044   3373.488  1128.645        2929.230  118.674    325.584  0.000   0.000        0.000    0.000   0.000     4502.133 
    lod_a              leading_one_detector_WIDTH8             19     66.006    12.582          48.564    6.840     10.602  0.000   0.000        0.000    0.000   0.000       78.588 
    lod_b              leading_one_detector_WIDTH8_89          20     70.452    13.323          54.378    4.104     11.970  0.000   0.000        0.000    0.000   0.000       83.775 
    m_approx_t         approx_t_WIDTH8                        635   2073.888   674.937        1798.578   63.954    211.356  0.000   0.000        0.000    0.000   0.000     2748.825 
      bms0             bit_mask_sel_WIDTH16                   160    551.304   151.591         492.480    8.208     50.616  0.000   0.000        0.000    0.000   0.000      702.895 
      bms1             bit_mask_sel_WIDTH16_88                 44    116.280    41.908         106.020    0.000     10.260  0.000   0.000        0.000    0.000   0.000      158.188 
      bms2             bit_mask_sel_WIDTH16_87                 25     45.828    21.001          41.040    2.052      2.736  0.000   0.000        0.000    0.000   0.000       66.829 
