============================================================
  Generated by:           Genus(TM) Synthesis Solution 21.10-p002_1
  Generated on:           Jun 19 2026  11:15:55 am
  Module:                 acbam_int8
  Operating conditions:   PVT_1P1V_0C (balanced_tree)
  Wireload mode:          enclosed
  Area mode:              timing library
============================================================


Path 1: VIOLATED (-200 ps) Late External Delay Assertion at pin R[15]
          Group: vclk
     Startpoint: (R) B[0]
          Clock: (R) vclk
       Endpoint: (R) R[15]
          Clock: (R) vclk

                     Capture       Launch     
        Clock Edge:+    1000            0     
        Drv Adjust:+       0            0     
       Src Latency:+       0            0     
       Net Latency:+       0 (I)        0 (I) 
           Arrival:=    1000            0     
                                              
      Output Delay:-     200                  
       Uncertainty:-      50                  
     Required Time:=     750                  
      Launch Clock:-       0                  
       Input Delay:-     200                  
         Data Path:-     750                  
             Slack:=    -200                  

Exceptions/Constraints:
  input_delay              200             acbam_int8.sdc_line_14_15_1 
  output_delay             200             acbam_int8.sdc_line_15      

#-------------------------------------------------------------------------------------------------------------------------------------
#                   Timing Point                     Flags    Arc    Edge       Cell         Fanout Load Trans Delay Arrival Instance 
#                                                                                                   (fF)  (ps)  (ps)   (ps)  Location 
#-------------------------------------------------------------------------------------------------------------------------------------
  B[0]                                               (u)     -       R     (arrival)             12 13.2     0     0     200    (-,-) 
  g1413/z                                            (u)     in_1->z R     unmapped_or2           4  4.4     0    22     222    (-,-) 
  g1396/z                                            (u)     in_1->z R     unmapped_or2           1  1.1     0    16     239    (-,-) 
  g1382/z                                            (u)     in_1->z F     unmapped_nand2         2  2.0     0    19     258    (-,-) 
  g1369/z                                            (u)     in_0->z R     unmapped_nand2         1  1.1     0    16     274    (-,-) 
  g1356/z                                            (u)     in_1->z F     unmapped_nand2        12 12.0     0    30     304    (-,-) 
  m_uint/m_core/g8659/z                              (u)     in_1->z R     unmapped_nand2         1  1.1     0    16     321    (-,-) 
  m_uint/m_core/g8628/z                              (u)     in_1->z F     unmapped_nand2        10 10.0     0    29     350    (-,-) 
  m_uint/m_core/g8777/z                              (u)     in_0->z F     unmapped_complex2      2  2.0     0    19     369    (-,-) 
  m_uint/m_core/g8546/z                              (u)     in_1->z R     unmapped_nand2         4  4.4     0    22     391    (-,-) 
  m_uint/m_core/g8804/z                              (u)     in_0->z R     unmapped_complex2      4  4.4     0    22     413    (-,-) 
  m_uint/m_core/g8473/z                              (u)     in_1->z R     unmapped_or2           2  2.2     0    19     432    (-,-) 
  m_uint/m_core/g8818/z                              (u)     in_0->z F     unmapped_complex2      1  1.0     0    16     448    (-,-) 
  m_uint/m_core/g8427/z                              (u)     in_1->z R     unmapped_nand2         1  1.1     0    16     465    (-,-) 
  m_uint/m_core/g8360/z                              (u)     in_0->z F     unmapped_complex2      1  1.0     0    16     481    (-,-) 
  m_uint/m_core/g8302/z                              (u)     in_0->z R     unmapped_nand2         4  4.4     0    22     503    (-,-) 
  m_uint/m_core/WALLACE_CSA_DUMMY_OP7_groupi/g1238/z (u)     in_1->z F     unmapped_nand2         1  1.0     0    16     520    (-,-) 
  m_uint/m_core/WALLACE_CSA_DUMMY_OP7_groupi/g1239/z (u)     in_1->z R     unmapped_nand2         2  2.2     0    19     539    (-,-) 
  m_uint/m_core/WALLACE_CSA_DUMMY_OP7_groupi/g1156/z (u)     in_0->z R     unmapped_complex2      1  1.1     0    16     555    (-,-) 
  m_uint/m_core/WALLACE_CSA_DUMMY_OP7_groupi/g1157/z (u)     in_1->z F     unmapped_nand2         2  2.0     0    19     574    (-,-) 
  m_uint/m_core/WALLACE_CSA_DUMMY_OP7_groupi/g720/z  (u)     in_0->z F     unmapped_or2           2  2.0     0    19     593    (-,-) 
  m_uint/m_core/WALLACE_CSA_DUMMY_OP7_groupi/g1042/z (u)     in_0->z R     unmapped_nand2         1  1.1     0    16     610    (-,-) 
  m_uint/m_core/WALLACE_CSA_DUMMY_OP7_groupi/g1028/z (u)     in_0->z F     unmapped_nand2         3  3.0     0    21     630    (-,-) 
  m_uint/m_core/WALLACE_CSA_DUMMY_OP7_groupi/g1019/z (u)     in_1->z R     unmapped_nand2         1  1.1     0    16     647    (-,-) 
  m_uint/m_core/WALLACE_CSA_DUMMY_OP7_groupi/g1007/z (u)     in_0->z F     unmapped_nand2         3  3.0     0    21     667    (-,-) 
  m_uint/m_core/WALLACE_CSA_DUMMY_OP7_groupi/g1003/z (u)     in_1->z R     unmapped_nand2         1  1.1     0    16     684    (-,-) 
  m_uint/m_core/WALLACE_CSA_DUMMY_OP7_groupi/g997/z  (u)     in_0->z F     unmapped_nand2         5  5.0     0    24     707    (-,-) 
  m_uint/m_core/WALLACE_CSA_DUMMY_OP7_groupi/g994/z  (u)     in_0->z R     unmapped_complex2      1  1.1     0    16     724    (-,-) 
  m_uint/m_core/WALLACE_CSA_DUMMY_OP7_groupi/g989/z  (u)     in_0->z F     unmapped_complex2      3  3.0     0    21     744    (-,-) 
  m_uint/m_core/WALLACE_CSA_DUMMY_OP7_groupi/g981/z  (u)     in_1->z R     unmapped_nand2         1  1.1     0    16     761    (-,-) 
  m_uint/m_core/WALLACE_CSA_DUMMY_OP7_groupi/g972/z  (u)     in_1->z F     unmapped_nand2         2  2.0     0    19     780    (-,-) 
  m_uint/m_core/WALLACE_CSA_DUMMY_OP7_groupi/g966/z  (u)     in_0->z F     unmapped_or2           1  1.0     0    16     796    (-,-) 
  m_uint/m_core/WALLACE_CSA_DUMMY_OP7_groupi/g967/z  (u)     in_1->z R     unmapped_nand2         4  4.4     0    22     818    (-,-) 
  g707/z                                             (u)     in_1->z R     unmapped_or2           1  1.1     0    16     835    (-,-) 
  g697/z                                             (u)     in_0->z R     unmapped_or2           1  1.1     0    16     851    (-,-) 
  g661/z                                             (u)     in_1->z R     unmapped_or2           1  1.1     0    16     868    (-,-) 
  g651/z                                             (u)     in_0->z F     unmapped_complex2      2  2.0     0    19     887    (-,-) 
  g648/z                                             (u)     in_1->z F     unmapped_or2           1  1.0     0    16     903    (-,-) 
  g649/z                                             (u)     in_1->z R     unmapped_nand2         1 50.0     0    46     950    (-,-) 
  R[15]                                              -       -       R     (port)                 -    -     -     0     950    (-,-) 
#-------------------------------------------------------------------------------------------------------------------------------------

(u) : Net has unmapped pin(s).



Path 2: VIOLATED (-196 ps) Late External Delay Assertion at pin R[14]
          Group: vclk
     Startpoint: (R) B[0]
          Clock: (R) vclk
       Endpoint: (R) R[14]
          Clock: (R) vclk

                     Capture       Launch     
        Clock Edge:+    1000            0     
        Drv Adjust:+       0            0     
       Src Latency:+       0            0     
       Net Latency:+       0 (I)        0 (I) 
           Arrival:=    1000            0     
                                              
      Output Delay:-     200                  
       Uncertainty:-      50                  
     Required Time:=     750                  
      Launch Clock:-       0                  
       Input Delay:-     200                  
         Data Path:-     746                  
             Slack:=    -196                  

Exceptions/Constraints:
  input_delay              200             acbam_int8.sdc_line_14_15_1 
  output_delay             200             acbam_int8.sdc_line_15_21_1 

#-------------------------------------------------------------------------------------------------------------------------------------
#                   Timing Point                     Flags    Arc    Edge       Cell         Fanout Load Trans Delay Arrival Instance 
#                                                                                                   (fF)  (ps)  (ps)   (ps)  Location 
#-------------------------------------------------------------------------------------------------------------------------------------
  B[0]                                               (u)     -       R     (arrival)             12 13.2     0     0     200    (-,-) 
  g1413/z                                            (u)     in_1->z R     unmapped_or2           4  4.4     0    22     222    (-,-) 
  g1396/z                                            (u)     in_1->z R     unmapped_or2           1  1.1     0    16     239    (-,-) 
  g1382/z                                            (u)     in_1->z F     unmapped_nand2         2  2.0     0    19     258    (-,-) 
  g1369/z                                            (u)     in_0->z R     unmapped_nand2         1  1.1     0    16     274    (-,-) 
  g1356/z                                            (u)     in_1->z F     unmapped_nand2        12 12.0     0    30     304    (-,-) 
  m_uint/m_core/g5187/z                              (u)     in_0->z R     unmapped_nand2         2  2.2     0    19     323    (-,-) 
  m_uint/m_core/g8639/z                              (u)     in_0->z R     unmapped_or2           1  1.1     0    16     340    (-,-) 
  m_uint/m_core/g8618/z                              (u)     in_0->z F     unmapped_nand2         8  8.0     0    27     367    (-,-) 
  m_uint/m_core/g8562/z                              (u)     in_0->z R     unmapped_nand2         1  1.1     0    16     384    (-,-) 
  m_uint/m_core/g8555/z                              (u)     in_1->z F     unmapped_nand2         4  4.0     0    22     406    (-,-) 
  m_uint/m_core/g8499/z                              (u)     in_1->z F     unmapped_or2           1  1.0     0    16     422    (-,-) 
  m_uint/m_core/g8479/z                              (u)     in_0->z F     unmapped_or2           2  2.0     0    19     441    (-,-) 
  m_uint/m_core/g8428/z                              (u)     in_1->z F     unmapped_or2           2  2.0     0    19     460    (-,-) 
  m_uint/m_core/g8827/z                              (u)     in_0->z R     unmapped_complex2      2  2.2     0    19     479    (-,-) 
  m_uint/m_core/g8337/z                              (u)     in_0->z R     unmapped_or2           1  1.1     0    16     495    (-,-) 
  m_uint/m_core/g8338/z                              (u)     in_1->z F     unmapped_nand2         4  4.0     0    22     517    (-,-) 
  m_uint/m_core/WALLACE_CSA_DUMMY_OP7_groupi/g1257/z (u)     in_0->z R     unmapped_complex2      1  1.1     0    16     534    (-,-) 
  m_uint/m_core/WALLACE_CSA_DUMMY_OP7_groupi/g1258/z (u)     in_1->z F     unmapped_nand2         2  2.0     0    19     553    (-,-) 
  m_uint/m_core/WALLACE_CSA_DUMMY_OP7_groupi/g1174/z (u)     in_1->z F     unmapped_complex2      1  1.0     0    16     569    (-,-) 
  m_uint/m_core/WALLACE_CSA_DUMMY_OP7_groupi/g1175/z (u)     in_1->z R     unmapped_nand2         4  4.4     0    22     591    (-,-) 
  m_uint/m_core/WALLACE_CSA_DUMMY_OP7_groupi/g1121/z (u)     in_0->z F     unmapped_complex2      1  1.0     0    16     608    (-,-) 
  m_uint/m_core/WALLACE_CSA_DUMMY_OP7_groupi/g1122/z (u)     in_1->z R     unmapped_nand2         2  2.2     0    19     627    (-,-) 
  m_uint/m_core/WALLACE_CSA_DUMMY_OP7_groupi/g1036/z (u)     in_1->z R     unmapped_complex2      1  1.1     0    16     643    (-,-) 
  m_uint/m_core/WALLACE_CSA_DUMMY_OP7_groupi/g1037/z (u)     in_1->z F     unmapped_nand2         2  2.0     0    19     662    (-,-) 
  m_uint/m_core/WALLACE_CSA_DUMMY_OP7_groupi/g714/z  (u)     in_0->z F     unmapped_or2           3  3.0     0    21     683    (-,-) 
  m_uint/m_core/WALLACE_CSA_DUMMY_OP7_groupi/g1016/z (u)     in_0->z R     unmapped_nand2         2  2.2     0    19     702    (-,-) 
  m_uint/m_core/WALLACE_CSA_DUMMY_OP7_groupi/g1008/z (u)     in_1->z R     unmapped_complex2      1  1.1     0    16     718    (-,-) 
  m_uint/m_core/WALLACE_CSA_DUMMY_OP7_groupi/g999/z  (u)     in_0->z F     unmapped_nand2         1  1.0     0    16     735    (-,-) 
  m_uint/m_core/WALLACE_CSA_DUMMY_OP7_groupi/g990/z  (u)     in_1->z F     unmapped_complex2      4  4.0     0    22     757    (-,-) 
  m_uint/m_core/WALLACE_CSA_DUMMY_OP7_groupi/g986/z  (u)     in_1->z R     unmapped_nand2         1  1.1     0    16     773    (-,-) 
  m_uint/m_core/WALLACE_CSA_DUMMY_OP7_groupi/g974/z  (u)     in_1->z F     unmapped_nand2         2  2.0     0    19     792    (-,-) 
  m_uint/m_core/WALLACE_CSA_DUMMY_OP7_groupi/g969/z  (u)     in_0->z F     unmapped_or2           1  1.0     0    16     809    (-,-) 
  m_uint/m_core/WALLACE_CSA_DUMMY_OP7_groupi/g970/z  (u)     in_1->z R     unmapped_nand2         4  4.4     0    22     831    (-,-) 
  g712/z                                             (u)     in_1->z R     unmapped_or2           1  1.1     0    16     847    (-,-) 
  g650/z                                             (u)     in_0->z R     unmapped_or2           1  1.1     0    16     864    (-,-) 
  g643/z                                             (u)     in_0->z F     unmapped_complex2      2  2.0     0    19     883    (-,-) 
  g640/z                                             (u)     in_1->z F     unmapped_or2           1  1.0     0    16     899    (-,-) 
  g641/z                                             (u)     in_1->z R     unmapped_nand2         1 50.0     0    46     946    (-,-) 
  R[14]                                              -       -       R     (port)                 -    -     -     0     946    (-,-) 
#-------------------------------------------------------------------------------------------------------------------------------------

(u) : Net has unmapped pin(s).



Path 3: VIOLATED (-188 ps) Late External Delay Assertion at pin R[13]
          Group: vclk
     Startpoint: (R) B[0]
          Clock: (R) vclk
       Endpoint: (R) R[13]
          Clock: (R) vclk

                     Capture       Launch     
        Clock Edge:+    1000            0     
        Drv Adjust:+       0            0     
       Src Latency:+       0            0     
       Net Latency:+       0 (I)        0 (I) 
           Arrival:=    1000            0     
                                              
      Output Delay:-     200                  
       Uncertainty:-      50                  
     Required Time:=     750                  
      Launch Clock:-       0                  
       Input Delay:-     200                  
         Data Path:-     738                  
             Slack:=    -188                  

Exceptions/Constraints:
  input_delay              200             acbam_int8.sdc_line_14_15_1 
  output_delay             200             acbam_int8.sdc_line_15_22_1 

#-------------------------------------------------------------------------------------------------------------------------------------
#                   Timing Point                     Flags    Arc    Edge       Cell         Fanout Load Trans Delay Arrival Instance 
#                                                                                                   (fF)  (ps)  (ps)   (ps)  Location 
#-------------------------------------------------------------------------------------------------------------------------------------
  B[0]                                               (u)     -       R     (arrival)             12 13.2     0     0     200    (-,-) 
  g1413/z                                            (u)     in_1->z R     unmapped_or2           4  4.4     0    22     222    (-,-) 
  g1396/z                                            (u)     in_1->z R     unmapped_or2           1  1.1     0    16     239    (-,-) 
  g1382/z                                            (u)     in_1->z F     unmapped_nand2         2  2.0     0    19     258    (-,-) 
  g1369/z                                            (u)     in_0->z R     unmapped_nand2         1  1.1     0    16     274    (-,-) 
  g1356/z                                            (u)     in_1->z F     unmapped_nand2        12 12.0     0    30     304    (-,-) 
  m_uint/m_core/g8659/z                              (u)     in_1->z R     unmapped_nand2         1  1.1     0    16     321    (-,-) 
  m_uint/m_core/g8628/z                              (u)     in_1->z F     unmapped_nand2        10 10.0     0    29     350    (-,-) 
  m_uint/m_core/g8777/z                              (u)     in_0->z F     unmapped_complex2      2  2.0     0    19     369    (-,-) 
  m_uint/m_core/g8546/z                              (u)     in_1->z R     unmapped_nand2         4  4.4     0    22     391    (-,-) 
  m_uint/m_core/g8804/z                              (u)     in_0->z R     unmapped_complex2      4  4.4     0    22     413    (-,-) 
  m_uint/m_core/g8473/z                              (u)     in_1->z R     unmapped_or2           2  2.2     0    19     432    (-,-) 
  m_uint/m_core/g8818/z                              (u)     in_0->z F     unmapped_complex2      1  1.0     0    16     448    (-,-) 
  m_uint/m_core/g8427/z                              (u)     in_1->z R     unmapped_nand2         1  1.1     0    16     465    (-,-) 
  m_uint/m_core/g8360/z                              (u)     in_0->z F     unmapped_complex2      1  1.0     0    16     481    (-,-) 
  m_uint/m_core/g8302/z                              (u)     in_0->z R     unmapped_nand2         4  4.4     0    22     503    (-,-) 
  m_uint/m_core/WALLACE_CSA_DUMMY_OP7_groupi/g1238/z (u)     in_1->z F     unmapped_nand2         1  1.0     0    16     520    (-,-) 
  m_uint/m_core/WALLACE_CSA_DUMMY_OP7_groupi/g1239/z (u)     in_1->z R     unmapped_nand2         2  2.2     0    19     539    (-,-) 
  m_uint/m_core/WALLACE_CSA_DUMMY_OP7_groupi/g1156/z (u)     in_0->z R     unmapped_complex2      1  1.1     0    16     555    (-,-) 
  m_uint/m_core/WALLACE_CSA_DUMMY_OP7_groupi/g1157/z (u)     in_1->z F     unmapped_nand2         2  2.0     0    19     574    (-,-) 
  m_uint/m_core/WALLACE_CSA_DUMMY_OP7_groupi/g720/z  (u)     in_0->z F     unmapped_or2           2  2.0     0    19     593    (-,-) 
  m_uint/m_core/WALLACE_CSA_DUMMY_OP7_groupi/g1042/z (u)     in_0->z R     unmapped_nand2         1  1.1     0    16     610    (-,-) 
  m_uint/m_core/WALLACE_CSA_DUMMY_OP7_groupi/g1028/z (u)     in_0->z F     unmapped_nand2         3  3.0     0    21     630    (-,-) 
  m_uint/m_core/WALLACE_CSA_DUMMY_OP7_groupi/g1019/z (u)     in_1->z R     unmapped_nand2         1  1.1     0    16     647    (-,-) 
  m_uint/m_core/WALLACE_CSA_DUMMY_OP7_groupi/g1007/z (u)     in_0->z F     unmapped_nand2         3  3.0     0    21     667    (-,-) 
  m_uint/m_core/WALLACE_CSA_DUMMY_OP7_groupi/g1003/z (u)     in_1->z R     unmapped_nand2         1  1.1     0    16     684    (-,-) 
  m_uint/m_core/WALLACE_CSA_DUMMY_OP7_groupi/g997/z  (u)     in_0->z F     unmapped_nand2         5  5.0     0    24     707    (-,-) 
  m_uint/m_core/WALLACE_CSA_DUMMY_OP7_groupi/g996/z  (u)     in_1->z R     unmapped_nand2         1  1.1     0    16     724    (-,-) 
  m_uint/m_core/WALLACE_CSA_DUMMY_OP7_groupi/g988/z  (u)     in_1->z F     unmapped_nand2         2  2.0     0    19     743    (-,-) 
  m_uint/m_core/WALLACE_CSA_DUMMY_OP7_groupi/g984/z  (u)     in_0->z F     unmapped_or2           1  1.0     0    16     759    (-,-) 
  m_uint/m_core/WALLACE_CSA_DUMMY_OP7_groupi/g985/z  (u)     in_1->z R     unmapped_nand2         3  3.3     0    21     780    (-,-) 
  g673/z                                             (u)     in_1->z R     unmapped_or2           3  3.3     0    21     800    (-,-) 
  g668/z                                             (u)     in_0->z R     unmapped_or2           2  2.2     0    19     819    (-,-) 
  g657/z                                             (u)     in_0->z R     unmapped_or2           3  3.3     0    21     840    (-,-) 
  g656/z                                             (u)     in_0->z R     unmapped_or2           1  1.1     0    16     856    (-,-) 
  g642/z                                             (u)     in_0->z F     unmapped_complex2      2  2.0     0    19     875    (-,-) 
  g637/z                                             (u)     in_1->z F     unmapped_or2           1  1.0     0    16     892    (-,-) 
  g638/z                                             (u)     in_1->z R     unmapped_nand2         1 50.0     0    46     938    (-,-) 
  R[13]                                              -       -       R     (port)                 -    -     -     0     938    (-,-) 
#-------------------------------------------------------------------------------------------------------------------------------------

(u) : Net has unmapped pin(s).



Path 4: VIOLATED (-172 ps) Late External Delay Assertion at pin R[12]
          Group: vclk
     Startpoint: (R) B[0]
          Clock: (R) vclk
       Endpoint: (R) R[12]
          Clock: (R) vclk

                     Capture       Launch     
        Clock Edge:+    1000            0     
        Drv Adjust:+       0            0     
       Src Latency:+       0            0     
       Net Latency:+       0 (I)        0 (I) 
           Arrival:=    1000            0     
                                              
      Output Delay:-     200                  
       Uncertainty:-      50                  
     Required Time:=     750                  
      Launch Clock:-       0                  
       Input Delay:-     200                  
         Data Path:-     722                  
             Slack:=    -172                  

Exceptions/Constraints:
  input_delay              200             acbam_int8.sdc_line_14_15_1 
  output_delay             200             acbam_int8.sdc_line_15_23_1 

#-------------------------------------------------------------------------------------------------------------------------------------
#                   Timing Point                     Flags    Arc    Edge       Cell         Fanout Load Trans Delay Arrival Instance 
#                                                                                                   (fF)  (ps)  (ps)   (ps)  Location 
#-------------------------------------------------------------------------------------------------------------------------------------
  B[0]                                               (u)     -       R     (arrival)             12 13.2     0     0     200    (-,-) 
  g1413/z                                            (u)     in_1->z R     unmapped_or2           4  4.4     0    22     222    (-,-) 
  g1396/z                                            (u)     in_1->z R     unmapped_or2           1  1.1     0    16     239    (-,-) 
  g1382/z                                            (u)     in_1->z F     unmapped_nand2         2  2.0     0    19     258    (-,-) 
  g1369/z                                            (u)     in_0->z R     unmapped_nand2         1  1.1     0    16     274    (-,-) 
  g1356/z                                            (u)     in_1->z F     unmapped_nand2        12 12.0     0    30     304    (-,-) 
  m_uint/m_core/g8659/z                              (u)     in_1->z R     unmapped_nand2         1  1.1     0    16     321    (-,-) 
  m_uint/m_core/g8628/z                              (u)     in_1->z F     unmapped_nand2        10 10.0     0    29     350    (-,-) 
  m_uint/m_core/g8777/z                              (u)     in_0->z F     unmapped_complex2      2  2.0     0    19     369    (-,-) 
  m_uint/m_core/g8546/z                              (u)     in_1->z R     unmapped_nand2         4  4.4     0    22     391    (-,-) 
  m_uint/m_core/g8804/z                              (u)     in_0->z R     unmapped_complex2      4  4.4     0    22     413    (-,-) 
  m_uint/m_core/g8473/z                              (u)     in_1->z R     unmapped_or2           2  2.2     0    19     432    (-,-) 
  m_uint/m_core/g8818/z                              (u)     in_0->z F     unmapped_complex2      1  1.0     0    16     448    (-,-) 
  m_uint/m_core/g8427/z                              (u)     in_1->z R     unmapped_nand2         1  1.1     0    16     465    (-,-) 
  m_uint/m_core/g8360/z                              (u)     in_0->z F     unmapped_complex2      1  1.0     0    16     481    (-,-) 
  m_uint/m_core/g8302/z                              (u)     in_0->z R     unmapped_nand2         4  4.4     0    22     503    (-,-) 
  m_uint/m_core/WALLACE_CSA_DUMMY_OP7_groupi/g1238/z (u)     in_1->z F     unmapped_nand2         1  1.0     0    16     520    (-,-) 
  m_uint/m_core/WALLACE_CSA_DUMMY_OP7_groupi/g1239/z (u)     in_1->z R     unmapped_nand2         2  2.2     0    19     539    (-,-) 
  m_uint/m_core/WALLACE_CSA_DUMMY_OP7_groupi/g1156/z (u)     in_0->z R     unmapped_complex2      1  1.1     0    16     555    (-,-) 
  m_uint/m_core/WALLACE_CSA_DUMMY_OP7_groupi/g1157/z (u)     in_1->z F     unmapped_nand2         2  2.0     0    19     574    (-,-) 
  m_uint/m_core/WALLACE_CSA_DUMMY_OP7_groupi/g720/z  (u)     in_0->z F     unmapped_or2           2  2.0     0    19     593    (-,-) 
  m_uint/m_core/WALLACE_CSA_DUMMY_OP7_groupi/g1042/z (u)     in_0->z R     unmapped_nand2         1  1.1     0    16     610    (-,-) 
  m_uint/m_core/WALLACE_CSA_DUMMY_OP7_groupi/g1028/z (u)     in_0->z F     unmapped_nand2         3  3.0     0    21     630    (-,-) 
  m_uint/m_core/WALLACE_CSA_DUMMY_OP7_groupi/g1019/z (u)     in_1->z R     unmapped_nand2         1  1.1     0    16     647    (-,-) 
  m_uint/m_core/WALLACE_CSA_DUMMY_OP7_groupi/g1007/z (u)     in_0->z F     unmapped_nand2         3  3.0     0    21     667    (-,-) 
  m_uint/m_core/WALLACE_CSA_DUMMY_OP7_groupi/g1003/z (u)     in_1->z R     unmapped_nand2         1  1.1     0    16     684    (-,-) 
  m_uint/m_core/WALLACE_CSA_DUMMY_OP7_groupi/g997/z  (u)     in_0->z F     unmapped_nand2         5  5.0     0    24     707    (-,-) 
  m_uint/m_core/WALLACE_CSA_DUMMY_OP7_groupi/g996/z  (u)     in_1->z R     unmapped_nand2         1  1.1     0    16     724    (-,-) 
  m_uint/m_core/WALLACE_CSA_DUMMY_OP7_groupi/g988/z  (u)     in_1->z F     unmapped_nand2         2  2.0     0    19     743    (-,-) 
  m_uint/m_core/WALLACE_CSA_DUMMY_OP7_groupi/g984/z  (u)     in_0->z F     unmapped_or2           1  1.0     0    16     759    (-,-) 
  m_uint/m_core/WALLACE_CSA_DUMMY_OP7_groupi/g985/z  (u)     in_1->z R     unmapped_nand2         3  3.3     0    21     780    (-,-) 
  g673/z                                             (u)     in_1->z R     unmapped_or2           3  3.3     0    21     800    (-,-) 
  g668/z                                             (u)     in_0->z R     unmapped_or2           2  2.2     0    19     819    (-,-) 
  g657/z                                             (u)     in_0->z R     unmapped_or2           3  3.3     0    21     840    (-,-) 
  g655/z                                             (u)     in_0->z F     unmapped_complex2      2  2.0     0    19     859    (-,-) 
  g645/z                                             (u)     in_0->z F     unmapped_or2           1  1.0     0    16     875    (-,-) 
  g646/z                                             (u)     in_1->z R     unmapped_nand2         1 50.0     0    46     922    (-,-) 
  R[12]                                              -       -       R     (port)                 -    -     -     0     922    (-,-) 
#-------------------------------------------------------------------------------------------------------------------------------------

(u) : Net has unmapped pin(s).



Path 5: VIOLATED (-151 ps) Late External Delay Assertion at pin R[11]
          Group: vclk
     Startpoint: (R) B[0]
          Clock: (R) vclk
       Endpoint: (R) R[11]
          Clock: (R) vclk

                     Capture       Launch     
        Clock Edge:+    1000            0     
        Drv Adjust:+       0            0     
       Src Latency:+       0            0     
       Net Latency:+       0 (I)        0 (I) 
           Arrival:=    1000            0     
                                              
      Output Delay:-     200                  
       Uncertainty:-      50                  
     Required Time:=     750                  
      Launch Clock:-       0                  
       Input Delay:-     200                  
         Data Path:-     701                  
             Slack:=    -151                  

Exceptions/Constraints:
  input_delay              200             acbam_int8.sdc_line_14_15_1 
  output_delay             200             acbam_int8.sdc_line_15_24_1 

#-------------------------------------------------------------------------------------------------------------------------------------
#                   Timing Point                     Flags    Arc    Edge       Cell         Fanout Load Trans Delay Arrival Instance 
#                                                                                                   (fF)  (ps)  (ps)   (ps)  Location 
#-------------------------------------------------------------------------------------------------------------------------------------
  B[0]                                               (u)     -       R     (arrival)             12 13.2     0     0     200    (-,-) 
  g1413/z                                            (u)     in_1->z R     unmapped_or2           4  4.4     0    22     222    (-,-) 
  g1396/z                                            (u)     in_1->z R     unmapped_or2           1  1.1     0    16     239    (-,-) 
  g1382/z                                            (u)     in_1->z F     unmapped_nand2         2  2.0     0    19     258    (-,-) 
  g1369/z                                            (u)     in_0->z R     unmapped_nand2         1  1.1     0    16     274    (-,-) 
  g1356/z                                            (u)     in_1->z F     unmapped_nand2        12 12.0     0    30     304    (-,-) 
  m_uint/m_core/g8659/z                              (u)     in_1->z R     unmapped_nand2         1  1.1     0    16     321    (-,-) 
  m_uint/m_core/g8628/z                              (u)     in_1->z F     unmapped_nand2        10 10.0     0    29     350    (-,-) 
  m_uint/m_core/g8777/z                              (u)     in_0->z F     unmapped_complex2      2  2.0     0    19     369    (-,-) 
  m_uint/m_core/g8546/z                              (u)     in_1->z R     unmapped_nand2         4  4.4     0    22     391    (-,-) 
  m_uint/m_core/g8804/z                              (u)     in_0->z R     unmapped_complex2      4  4.4     0    22     413    (-,-) 
  m_uint/m_core/g8473/z                              (u)     in_1->z R     unmapped_or2           2  2.2     0    19     432    (-,-) 
  m_uint/m_core/g8818/z                              (u)     in_0->z F     unmapped_complex2      1  1.0     0    16     448    (-,-) 
  m_uint/m_core/g8427/z                              (u)     in_1->z R     unmapped_nand2         1  1.1     0    16     465    (-,-) 
  m_uint/m_core/g8360/z                              (u)     in_0->z F     unmapped_complex2      1  1.0     0    16     481    (-,-) 
  m_uint/m_core/g8302/z                              (u)     in_0->z R     unmapped_nand2         4  4.4     0    22     503    (-,-) 
  m_uint/m_core/WALLACE_CSA_DUMMY_OP7_groupi/g1238/z (u)     in_1->z F     unmapped_nand2         1  1.0     0    16     520    (-,-) 
  m_uint/m_core/WALLACE_CSA_DUMMY_OP7_groupi/g1239/z (u)     in_1->z R     unmapped_nand2         2  2.2     0    19     539    (-,-) 
  m_uint/m_core/WALLACE_CSA_DUMMY_OP7_groupi/g1156/z (u)     in_0->z R     unmapped_complex2      1  1.1     0    16     555    (-,-) 
  m_uint/m_core/WALLACE_CSA_DUMMY_OP7_groupi/g1157/z (u)     in_1->z F     unmapped_nand2         2  2.0     0    19     574    (-,-) 
  m_uint/m_core/WALLACE_CSA_DUMMY_OP7_groupi/g720/z  (u)     in_0->z F     unmapped_or2           2  2.0     0    19     593    (-,-) 
  m_uint/m_core/WALLACE_CSA_DUMMY_OP7_groupi/g1042/z (u)     in_0->z R     unmapped_nand2         1  1.1     0    16     610    (-,-) 
  m_uint/m_core/WALLACE_CSA_DUMMY_OP7_groupi/g1028/z (u)     in_0->z F     unmapped_nand2         3  3.0     0    21     630    (-,-) 
  m_uint/m_core/WALLACE_CSA_DUMMY_OP7_groupi/g1019/z (u)     in_1->z R     unmapped_nand2         1  1.1     0    16     647    (-,-) 
  m_uint/m_core/WALLACE_CSA_DUMMY_OP7_groupi/g1007/z (u)     in_0->z F     unmapped_nand2         3  3.0     0    21     667    (-,-) 
  m_uint/m_core/WALLACE_CSA_DUMMY_OP7_groupi/g1003/z (u)     in_1->z R     unmapped_nand2         1  1.1     0    16     684    (-,-) 
  m_uint/m_core/WALLACE_CSA_DUMMY_OP7_groupi/g997/z  (u)     in_0->z F     unmapped_nand2         5  5.0     0    24     707    (-,-) 
  m_uint/m_core/WALLACE_CSA_DUMMY_OP7_groupi/g996/z  (u)     in_1->z R     unmapped_nand2         1  1.1     0    16     724    (-,-) 
  m_uint/m_core/WALLACE_CSA_DUMMY_OP7_groupi/g988/z  (u)     in_1->z F     unmapped_nand2         2  2.0     0    19     743    (-,-) 
  m_uint/m_core/WALLACE_CSA_DUMMY_OP7_groupi/g984/z  (u)     in_0->z F     unmapped_or2           1  1.0     0    16     759    (-,-) 
  m_uint/m_core/WALLACE_CSA_DUMMY_OP7_groupi/g985/z  (u)     in_1->z R     unmapped_nand2         3  3.3     0    21     780    (-,-) 
  g673/z                                             (u)     in_1->z R     unmapped_or2           3  3.3     0    21     800    (-,-) 
  g668/z                                             (u)     in_0->z R     unmapped_or2           2  2.2     0    19     819    (-,-) 
  g662/z                                             (u)     in_0->z F     unmapped_complex2      2  2.0     0    19     838    (-,-) 
  g653/z                                             (u)     in_1->z F     unmapped_or2           1  1.0     0    16     855    (-,-) 
  g654/z                                             (u)     in_1->z R     unmapped_nand2         1 50.0     0    46     901    (-,-) 
  R[11]                                              -       -       R     (port)                 -    -     -     0     901    (-,-) 
#-------------------------------------------------------------------------------------------------------------------------------------

(u) : Net has unmapped pin(s).



Path 6: VIOLATED (-132 ps) Late External Delay Assertion at pin R[10]
          Group: vclk
     Startpoint: (R) B[0]
          Clock: (R) vclk
       Endpoint: (R) R[10]
          Clock: (R) vclk

                     Capture       Launch     
        Clock Edge:+    1000            0     
        Drv Adjust:+       0            0     
       Src Latency:+       0            0     
       Net Latency:+       0 (I)        0 (I) 
           Arrival:=    1000            0     
                                              
      Output Delay:-     200                  
       Uncertainty:-      50                  
     Required Time:=     750                  
      Launch Clock:-       0                  
       Input Delay:-     200                  
         Data Path:-     682                  
             Slack:=    -132                  

Exceptions/Constraints:
  input_delay              200             acbam_int8.sdc_line_14_15_1 
  output_delay             200             acbam_int8.sdc_line_15_25_1 

#-------------------------------------------------------------------------------------------------------------------------------------
#                   Timing Point                     Flags    Arc    Edge       Cell         Fanout Load Trans Delay Arrival Instance 
#                                                                                                   (fF)  (ps)  (ps)   (ps)  Location 
#-------------------------------------------------------------------------------------------------------------------------------------
  B[0]                                               (u)     -       R     (arrival)             12 13.2     0     0     200    (-,-) 
  g1413/z                                            (u)     in_1->z R     unmapped_or2           4  4.4     0    22     222    (-,-) 
  g1396/z                                            (u)     in_1->z R     unmapped_or2           1  1.1     0    16     239    (-,-) 
  g1382/z                                            (u)     in_1->z F     unmapped_nand2         2  2.0     0    19     258    (-,-) 
  g1369/z                                            (u)     in_0->z R     unmapped_nand2         1  1.1     0    16     274    (-,-) 
  g1356/z                                            (u)     in_1->z F     unmapped_nand2        12 12.0     0    30     304    (-,-) 
  m_uint/m_core/g8659/z                              (u)     in_1->z R     unmapped_nand2         1  1.1     0    16     321    (-,-) 
  m_uint/m_core/g8628/z                              (u)     in_1->z F     unmapped_nand2        10 10.0     0    29     350    (-,-) 
  m_uint/m_core/g8777/z                              (u)     in_0->z F     unmapped_complex2      2  2.0     0    19     369    (-,-) 
  m_uint/m_core/g8546/z                              (u)     in_1->z R     unmapped_nand2         4  4.4     0    22     391    (-,-) 
  m_uint/m_core/g8804/z                              (u)     in_0->z R     unmapped_complex2      4  4.4     0    22     413    (-,-) 
  m_uint/m_core/g8473/z                              (u)     in_1->z R     unmapped_or2           2  2.2     0    19     432    (-,-) 
  m_uint/m_core/g8818/z                              (u)     in_0->z F     unmapped_complex2      1  1.0     0    16     448    (-,-) 
  m_uint/m_core/g8427/z                              (u)     in_1->z R     unmapped_nand2         1  1.1     0    16     465    (-,-) 
  m_uint/m_core/g8360/z                              (u)     in_0->z F     unmapped_complex2      1  1.0     0    16     481    (-,-) 
  m_uint/m_core/g8302/z                              (u)     in_0->z R     unmapped_nand2         4  4.4     0    22     503    (-,-) 
  m_uint/m_core/WALLACE_CSA_DUMMY_OP7_groupi/g1238/z (u)     in_1->z F     unmapped_nand2         1  1.0     0    16     520    (-,-) 
  m_uint/m_core/WALLACE_CSA_DUMMY_OP7_groupi/g1239/z (u)     in_1->z R     unmapped_nand2         2  2.2     0    19     539    (-,-) 
  m_uint/m_core/WALLACE_CSA_DUMMY_OP7_groupi/g1156/z (u)     in_0->z R     unmapped_complex2      1  1.1     0    16     555    (-,-) 
  m_uint/m_core/WALLACE_CSA_DUMMY_OP7_groupi/g1157/z (u)     in_1->z F     unmapped_nand2         2  2.0     0    19     574    (-,-) 
  m_uint/m_core/WALLACE_CSA_DUMMY_OP7_groupi/g720/z  (u)     in_0->z F     unmapped_or2           2  2.0     0    19     593    (-,-) 
  m_uint/m_core/WALLACE_CSA_DUMMY_OP7_groupi/g1042/z (u)     in_0->z R     unmapped_nand2         1  1.1     0    16     610    (-,-) 
  m_uint/m_core/WALLACE_CSA_DUMMY_OP7_groupi/g1028/z (u)     in_0->z F     unmapped_nand2         3  3.0     0    21     630    (-,-) 
  m_uint/m_core/WALLACE_CSA_DUMMY_OP7_groupi/g1019/z (u)     in_1->z R     unmapped_nand2         1  1.1     0    16     647    (-,-) 
  m_uint/m_core/WALLACE_CSA_DUMMY_OP7_groupi/g1007/z (u)     in_0->z F     unmapped_nand2         3  3.0     0    21     667    (-,-) 
  m_uint/m_core/WALLACE_CSA_DUMMY_OP7_groupi/g1003/z (u)     in_1->z R     unmapped_nand2         1  1.1     0    16     684    (-,-) 
  m_uint/m_core/WALLACE_CSA_DUMMY_OP7_groupi/g997/z  (u)     in_0->z F     unmapped_nand2         5  5.0     0    24     707    (-,-) 
  m_uint/m_core/WALLACE_CSA_DUMMY_OP7_groupi/g996/z  (u)     in_1->z R     unmapped_nand2         1  1.1     0    16     724    (-,-) 
  m_uint/m_core/WALLACE_CSA_DUMMY_OP7_groupi/g988/z  (u)     in_1->z F     unmapped_nand2         2  2.0     0    19     743    (-,-) 
  m_uint/m_core/WALLACE_CSA_DUMMY_OP7_groupi/g984/z  (u)     in_0->z F     unmapped_or2           1  1.0     0    16     759    (-,-) 
  m_uint/m_core/WALLACE_CSA_DUMMY_OP7_groupi/g985/z  (u)     in_1->z R     unmapped_nand2         3  3.3     0    21     780    (-,-) 
  g673/z                                             (u)     in_1->z R     unmapped_or2           3  3.3     0    21     800    (-,-) 
  g664/z                                             (u)     in_0->z F     unmapped_complex2      2  2.0     0    19     819    (-,-) 
  g659/z                                             (u)     in_0->z F     unmapped_or2           1  1.0     0    16     836    (-,-) 
  g660/z                                             (u)     in_1->z R     unmapped_nand2         1 50.0     0    46     882    (-,-) 
  R[10]                                              -       -       R     (port)                 -    -     -     0     882    (-,-) 
#-------------------------------------------------------------------------------------------------------------------------------------

(u) : Net has unmapped pin(s).



Path 7: VIOLATED (-95 ps) Late External Delay Assertion at pin R[9]
          Group: vclk
     Startpoint: (R) B[0]
          Clock: (R) vclk
       Endpoint: (R) R[9]
          Clock: (R) vclk

                     Capture       Launch     
        Clock Edge:+    1000            0     
        Drv Adjust:+       0            0     
       Src Latency:+       0            0     
       Net Latency:+       0 (I)        0 (I) 
           Arrival:=    1000            0     
                                              
      Output Delay:-     200                  
       Uncertainty:-      50                  
     Required Time:=     750                  
      Launch Clock:-       0                  
       Input Delay:-     200                  
         Data Path:-     645                  
             Slack:=     -95                  

Exceptions/Constraints:
  input_delay              200             acbam_int8.sdc_line_14_15_1 
  output_delay             200             acbam_int8.sdc_line_15_26_1 

#-------------------------------------------------------------------------------------------------------------------------------------
#                   Timing Point                     Flags    Arc    Edge       Cell         Fanout Load Trans Delay Arrival Instance 
#                                                                                                   (fF)  (ps)  (ps)   (ps)  Location 
#-------------------------------------------------------------------------------------------------------------------------------------
  B[0]                                               (u)     -       R     (arrival)             12 13.2     0     0     200    (-,-) 
  g1413/z                                            (u)     in_1->z R     unmapped_or2           4  4.4     0    22     222    (-,-) 
  g1396/z                                            (u)     in_1->z R     unmapped_or2           1  1.1     0    16     239    (-,-) 
  g1382/z                                            (u)     in_1->z F     unmapped_nand2         2  2.0     0    19     258    (-,-) 
  g1369/z                                            (u)     in_0->z R     unmapped_nand2         1  1.1     0    16     274    (-,-) 
  g1356/z                                            (u)     in_1->z F     unmapped_nand2        12 12.0     0    30     304    (-,-) 
  m_uint/m_core/g8659/z                              (u)     in_1->z R     unmapped_nand2         1  1.1     0    16     321    (-,-) 
  m_uint/m_core/g8628/z                              (u)     in_1->z F     unmapped_nand2        10 10.0     0    29     350    (-,-) 
  m_uint/m_core/g8777/z                              (u)     in_0->z F     unmapped_complex2      2  2.0     0    19     369    (-,-) 
  m_uint/m_core/g8546/z                              (u)     in_1->z R     unmapped_nand2         4  4.4     0    22     391    (-,-) 
  m_uint/m_core/g8804/z                              (u)     in_0->z R     unmapped_complex2      4  4.4     0    22     413    (-,-) 
  m_uint/m_core/g8473/z                              (u)     in_1->z R     unmapped_or2           2  2.2     0    19     432    (-,-) 
  m_uint/m_core/g8818/z                              (u)     in_0->z F     unmapped_complex2      1  1.0     0    16     448    (-,-) 
  m_uint/m_core/g8427/z                              (u)     in_1->z R     unmapped_nand2         1  1.1     0    16     465    (-,-) 
  m_uint/m_core/g8360/z                              (u)     in_0->z F     unmapped_complex2      1  1.0     0    16     481    (-,-) 
  m_uint/m_core/g8302/z                              (u)     in_0->z R     unmapped_nand2         4  4.4     0    22     503    (-,-) 
  m_uint/m_core/WALLACE_CSA_DUMMY_OP7_groupi/g1238/z (u)     in_1->z F     unmapped_nand2         1  1.0     0    16     520    (-,-) 
  m_uint/m_core/WALLACE_CSA_DUMMY_OP7_groupi/g1239/z (u)     in_1->z R     unmapped_nand2         2  2.2     0    19     539    (-,-) 
  m_uint/m_core/WALLACE_CSA_DUMMY_OP7_groupi/g1156/z (u)     in_0->z R     unmapped_complex2      1  1.1     0    16     555    (-,-) 
  m_uint/m_core/WALLACE_CSA_DUMMY_OP7_groupi/g1157/z (u)     in_1->z F     unmapped_nand2         2  2.0     0    19     574    (-,-) 
  m_uint/m_core/WALLACE_CSA_DUMMY_OP7_groupi/g720/z  (u)     in_0->z F     unmapped_or2           2  2.0     0    19     593    (-,-) 
  m_uint/m_core/WALLACE_CSA_DUMMY_OP7_groupi/g1042/z (u)     in_0->z R     unmapped_nand2         1  1.1     0    16     610    (-,-) 
  m_uint/m_core/WALLACE_CSA_DUMMY_OP7_groupi/g1028/z (u)     in_0->z F     unmapped_nand2         3  3.0     0    21     630    (-,-) 
  m_uint/m_core/WALLACE_CSA_DUMMY_OP7_groupi/g1019/z (u)     in_1->z R     unmapped_nand2         1  1.1     0    16     647    (-,-) 
  m_uint/m_core/WALLACE_CSA_DUMMY_OP7_groupi/g1007/z (u)     in_0->z F     unmapped_nand2         3  3.0     0    21     667    (-,-) 
  m_uint/m_core/WALLACE_CSA_DUMMY_OP7_groupi/g1003/z (u)     in_1->z R     unmapped_nand2         1  1.1     0    16     684    (-,-) 
  m_uint/m_core/WALLACE_CSA_DUMMY_OP7_groupi/g997/z  (u)     in_0->z F     unmapped_nand2         5  5.0     0    24     707    (-,-) 
  m_uint/m_core/WALLACE_CSA_DUMMY_OP7_groupi/g992/z  (u)     in_0->z F     unmapped_or2           1  1.0     0    16     724    (-,-) 
  m_uint/m_core/WALLACE_CSA_DUMMY_OP7_groupi/g993/z  (u)     in_1->z R     unmapped_nand2         3  3.3     0    21     744    (-,-) 
  g677/z                                             (u)     in_1->z R     unmapped_or2           2  2.2     0    19     763    (-,-) 
  g672/z                                             (u)     in_0->z F     unmapped_complex2      2  2.0     0    19     782    (-,-) 
  g666/z                                             (u)     in_1->z F     unmapped_or2           1  1.0     0    16     799    (-,-) 
  g667/z                                             (u)     in_1->z R     unmapped_nand2         1 50.0     0    46     845    (-,-) 
  R[9]                                               -       -       R     (port)                 -    -     -     0     845    (-,-) 
#-------------------------------------------------------------------------------------------------------------------------------------

(u) : Net has unmapped pin(s).



Path 8: VIOLATED (-57 ps) Late External Delay Assertion at pin R[8]
          Group: vclk
     Startpoint: (F) B[0]
          Clock: (R) vclk
       Endpoint: (R) R[8]
          Clock: (R) vclk

                     Capture       Launch     
        Clock Edge:+    1000            0     
        Drv Adjust:+       0            0     
       Src Latency:+       0            0     
       Net Latency:+       0 (I)        0 (I) 
           Arrival:=    1000            0     
                                              
      Output Delay:-     200                  
       Uncertainty:-      50                  
     Required Time:=     750                  
      Launch Clock:-       0                  
       Input Delay:-     200                  
         Data Path:-     607                  
             Slack:=     -57                  

Exceptions/Constraints:
  input_delay              200             acbam_int8.sdc_line_14_15_1 
  output_delay             200             acbam_int8.sdc_line_15_27_1 

#-------------------------------------------------------------------------------------------------------------------------------------
#                   Timing Point                     Flags    Arc    Edge       Cell         Fanout Load Trans Delay Arrival Instance 
#                                                                                                   (fF)  (ps)  (ps)   (ps)  Location 
#-------------------------------------------------------------------------------------------------------------------------------------
  B[0]                                               (u)     -       F     (arrival)             12 12.0     0     0     200    (-,-) 
  g1413/z                                            (u)     in_1->z F     unmapped_or2           4  4.0     0    22     222    (-,-) 
  g1396/z                                            (u)     in_1->z F     unmapped_or2           1  1.0     0    16     239    (-,-) 
  g1382/z                                            (u)     in_1->z R     unmapped_nand2         2  2.2     0    19     258    (-,-) 
  g1369/z                                            (u)     in_0->z F     unmapped_nand2         1  1.0     0    16     274    (-,-) 
  g1356/z                                            (u)     in_1->z R     unmapped_nand2        12 13.2     0    30     304    (-,-) 
  m_uint/m_core/g8659/z                              (u)     in_1->z F     unmapped_nand2         1  1.0     0    16     321    (-,-) 
  m_uint/m_core/g8628/z                              (u)     in_1->z R     unmapped_nand2        10 11.0     0    29     350    (-,-) 
  m_uint/m_core/g8777/z                              (u)     in_0->z R     unmapped_complex2      2  2.2     0    19     369    (-,-) 
  m_uint/m_core/g8546/z                              (u)     in_1->z F     unmapped_nand2         4  4.0     0    22     391    (-,-) 
  m_uint/m_core/g8804/z                              (u)     in_0->z F     unmapped_complex2      4  4.0     0    22     413    (-,-) 
  m_uint/m_core/g8473/z                              (u)     in_1->z F     unmapped_or2           2  2.0     0    19     432    (-,-) 
  m_uint/m_core/g8818/z                              (u)     in_0->z R     unmapped_complex2      1  1.1     0    16     448    (-,-) 
  m_uint/m_core/g8427/z                              (u)     in_1->z F     unmapped_nand2         1  1.0     0    16     465    (-,-) 
  m_uint/m_core/g8360/z                              (u)     in_0->z R     unmapped_complex2      1  1.1     0    16     481    (-,-) 
  m_uint/m_core/g8302/z                              (u)     in_0->z F     unmapped_nand2         4  4.0     0    22     503    (-,-) 
  m_uint/m_core/WALLACE_CSA_DUMMY_OP7_groupi/g1238/z (u)     in_1->z R     unmapped_nand2         1  1.1     0    16     520    (-,-) 
  m_uint/m_core/WALLACE_CSA_DUMMY_OP7_groupi/g1239/z (u)     in_1->z F     unmapped_nand2         2  2.0     0    19     539    (-,-) 
  m_uint/m_core/WALLACE_CSA_DUMMY_OP7_groupi/g1156/z (u)     in_0->z F     unmapped_complex2      1  1.0     0    16     555    (-,-) 
  m_uint/m_core/WALLACE_CSA_DUMMY_OP7_groupi/g1157/z (u)     in_1->z R     unmapped_nand2         2  2.2     0    19     574    (-,-) 
  m_uint/m_core/WALLACE_CSA_DUMMY_OP7_groupi/g720/z  (u)     in_0->z R     unmapped_or2           2  2.2     0    19     593    (-,-) 
  m_uint/m_core/WALLACE_CSA_DUMMY_OP7_groupi/g1042/z (u)     in_0->z F     unmapped_nand2         1  1.0     0    16     610    (-,-) 
  m_uint/m_core/WALLACE_CSA_DUMMY_OP7_groupi/g1028/z (u)     in_0->z R     unmapped_nand2         3  3.3     0    21     630    (-,-) 
  m_uint/m_core/WALLACE_CSA_DUMMY_OP7_groupi/g1019/z (u)     in_1->z F     unmapped_nand2         1  1.0     0    16     647    (-,-) 
  m_uint/m_core/WALLACE_CSA_DUMMY_OP7_groupi/g1007/z (u)     in_0->z R     unmapped_nand2         3  3.3     0    21     667    (-,-) 
  m_uint/m_core/WALLACE_CSA_DUMMY_OP7_groupi/g1003/z (u)     in_1->z F     unmapped_nand2         1  1.0     0    16     684    (-,-) 
  m_uint/m_core/WALLACE_CSA_DUMMY_OP7_groupi/g997/z  (u)     in_0->z R     unmapped_nand2         5  5.5     0    24     707    (-,-) 
  m_uint/m_core/WALLACE_CSA_DUMMY_OP7_groupi/g992/z  (u)     in_0->z R     unmapped_or2           1  1.1     0    16     724    (-,-) 
  m_uint/m_core/WALLACE_CSA_DUMMY_OP7_groupi/g993/z  (u)     in_1->z F     unmapped_nand2         3  3.0     0    21     744    (-,-) 
  g670/z                                             (u)     in_1->z F     unmapped_or2           1  1.0     0    16     761    (-,-) 
  g671/z                                             (u)     in_1->z R     unmapped_nand2         1 50.0     0    46     807    (-,-) 
  R[8]                                               -       -       R     (port)                 -    -     -     0     807    (-,-) 
#-------------------------------------------------------------------------------------------------------------------------------------

(u) : Net has unmapped pin(s).



Path 9: VIOLATED (-19 ps) Late External Delay Assertion at pin R[7]
          Group: vclk
     Startpoint: (F) B[0]
          Clock: (R) vclk
       Endpoint: (R) R[7]
          Clock: (R) vclk

                     Capture       Launch     
        Clock Edge:+    1000            0     
        Drv Adjust:+       0            0     
       Src Latency:+       0            0     
       Net Latency:+       0 (I)        0 (I) 
           Arrival:=    1000            0     
                                              
      Output Delay:-     200                  
       Uncertainty:-      50                  
     Required Time:=     750                  
      Launch Clock:-       0                  
       Input Delay:-     200                  
         Data Path:-     569                  
             Slack:=     -19                  

Exceptions/Constraints:
  input_delay              200             acbam_int8.sdc_line_14_15_1 
  output_delay             200             acbam_int8.sdc_line_15_28_1 

#-------------------------------------------------------------------------------------------------------------------------------------
#                   Timing Point                     Flags    Arc    Edge       Cell         Fanout Load Trans Delay Arrival Instance 
#                                                                                                   (fF)  (ps)  (ps)   (ps)  Location 
#-------------------------------------------------------------------------------------------------------------------------------------
  B[0]                                               (u)     -       F     (arrival)             12 12.0     0     0     200    (-,-) 
  g1413/z                                            (u)     in_1->z F     unmapped_or2           4  4.0     0    22     222    (-,-) 
  g1396/z                                            (u)     in_1->z F     unmapped_or2           1  1.0     0    16     239    (-,-) 
  g1382/z                                            (u)     in_1->z R     unmapped_nand2         2  2.2     0    19     258    (-,-) 
  g1369/z                                            (u)     in_0->z F     unmapped_nand2         1  1.0     0    16     274    (-,-) 
  g1356/z                                            (u)     in_1->z R     unmapped_nand2        12 13.2     0    30     304    (-,-) 
  m_uint/m_core/g8659/z                              (u)     in_1->z F     unmapped_nand2         1  1.0     0    16     321    (-,-) 
  m_uint/m_core/g8628/z                              (u)     in_1->z R     unmapped_nand2        10 11.0     0    29     350    (-,-) 
  m_uint/m_core/g8777/z                              (u)     in_0->z R     unmapped_complex2      2  2.2     0    19     369    (-,-) 
  m_uint/m_core/g8546/z                              (u)     in_1->z F     unmapped_nand2         4  4.0     0    22     391    (-,-) 
  m_uint/m_core/g8804/z                              (u)     in_0->z F     unmapped_complex2      4  4.0     0    22     413    (-,-) 
  m_uint/m_core/g8473/z                              (u)     in_1->z F     unmapped_or2           2  2.0     0    19     432    (-,-) 
  m_uint/m_core/g8818/z                              (u)     in_0->z R     unmapped_complex2      1  1.1     0    16     448    (-,-) 
  m_uint/m_core/g8427/z                              (u)     in_1->z F     unmapped_nand2         1  1.0     0    16     465    (-,-) 
  m_uint/m_core/g8360/z                              (u)     in_0->z R     unmapped_complex2      1  1.1     0    16     481    (-,-) 
  m_uint/m_core/g8302/z                              (u)     in_0->z F     unmapped_nand2         4  4.0     0    22     503    (-,-) 
  m_uint/m_core/WALLACE_CSA_DUMMY_OP7_groupi/g1238/z (u)     in_1->z R     unmapped_nand2         1  1.1     0    16     520    (-,-) 
  m_uint/m_core/WALLACE_CSA_DUMMY_OP7_groupi/g1239/z (u)     in_1->z F     unmapped_nand2         2  2.0     0    19     539    (-,-) 
  m_uint/m_core/WALLACE_CSA_DUMMY_OP7_groupi/g1156/z (u)     in_0->z F     unmapped_complex2      1  1.0     0    16     555    (-,-) 
  m_uint/m_core/WALLACE_CSA_DUMMY_OP7_groupi/g1157/z (u)     in_1->z R     unmapped_nand2         2  2.2     0    19     574    (-,-) 
  m_uint/m_core/WALLACE_CSA_DUMMY_OP7_groupi/g720/z  (u)     in_0->z R     unmapped_or2           2  2.2     0    19     593    (-,-) 
  m_uint/m_core/WALLACE_CSA_DUMMY_OP7_groupi/g1107/z (u)     in_1->z F     unmapped_nand2         2  2.0     0    19     612    (-,-) 
  m_uint/m_core/WALLACE_CSA_DUMMY_OP7_groupi/g1030/z (u)     in_1->z F     unmapped_or2           1  1.0     0    16     628    (-,-) 
  m_uint/m_core/WALLACE_CSA_DUMMY_OP7_groupi/g1031/z (u)     in_1->z R     unmapped_nand2         3  3.3     0    21     649    (-,-) 
  g688/z                                             (u)     in_1->z R     unmapped_or2           2  2.2     0    19     668    (-,-) 
  g687/z                                             (u)     in_0->z R     unmapped_or2           2  2.2     0    19     687    (-,-) 
  g679/z                                             (u)     in_0->z F     unmapped_complex2      2  2.0     0    19     706    (-,-) 
  g675/z                                             (u)     in_1->z F     unmapped_or2           1  1.0     0    16     722    (-,-) 
  g676/z                                             (u)     in_1->z R     unmapped_nand2         1 50.0     0    46     769    (-,-) 
  R[7]                                               -       -       R     (port)                 -    -     -     0     769    (-,-) 
#-------------------------------------------------------------------------------------------------------------------------------------

(u) : Net has unmapped pin(s).



Path 10: MET (0 ps) Late External Delay Assertion at pin R[6]
          Group: vclk
     Startpoint: (F) B[0]
          Clock: (R) vclk
       Endpoint: (R) R[6]
          Clock: (R) vclk

                     Capture       Launch     
        Clock Edge:+    1000            0     
        Drv Adjust:+       0            0     
       Src Latency:+       0            0     
       Net Latency:+       0 (I)        0 (I) 
           Arrival:=    1000            0     
                                              
      Output Delay:-     200                  
       Uncertainty:-      50                  
     Required Time:=     750                  
      Launch Clock:-       0                  
       Input Delay:-     200                  
         Data Path:-     550                  
             Slack:=       0                  

Exceptions/Constraints:
  input_delay              200             acbam_int8.sdc_line_14_15_1 
  output_delay             200             acbam_int8.sdc_line_15_29_1 

#-------------------------------------------------------------------------------------------------------------------------------------
#                   Timing Point                     Flags    Arc    Edge       Cell         Fanout Load Trans Delay Arrival Instance 
#                                                                                                   (fF)  (ps)  (ps)   (ps)  Location 
#-------------------------------------------------------------------------------------------------------------------------------------
  B[0]                                               (u)     -       F     (arrival)             12 12.0     0     0     200    (-,-) 
  g1413/z                                            (u)     in_1->z F     unmapped_or2           4  4.0     0    22     222    (-,-) 
  g1396/z                                            (u)     in_1->z F     unmapped_or2           1  1.0     0    16     239    (-,-) 
  g1382/z                                            (u)     in_1->z R     unmapped_nand2         2  2.2     0    19     258    (-,-) 
  g1369/z                                            (u)     in_0->z F     unmapped_nand2         1  1.0     0    16     274    (-,-) 
  g1356/z                                            (u)     in_1->z R     unmapped_nand2        12 13.2     0    30     304    (-,-) 
  m_uint/m_core/g8659/z                              (u)     in_1->z F     unmapped_nand2         1  1.0     0    16     321    (-,-) 
  m_uint/m_core/g8628/z                              (u)     in_1->z R     unmapped_nand2        10 11.0     0    29     350    (-,-) 
  m_uint/m_core/g8777/z                              (u)     in_0->z R     unmapped_complex2      2  2.2     0    19     369    (-,-) 
  m_uint/m_core/g8546/z                              (u)     in_1->z F     unmapped_nand2         4  4.0     0    22     391    (-,-) 
  m_uint/m_core/g8804/z                              (u)     in_0->z F     unmapped_complex2      4  4.0     0    22     413    (-,-) 
  m_uint/m_core/g8473/z                              (u)     in_1->z F     unmapped_or2           2  2.0     0    19     432    (-,-) 
  m_uint/m_core/g8818/z                              (u)     in_0->z R     unmapped_complex2      1  1.1     0    16     448    (-,-) 
  m_uint/m_core/g8427/z                              (u)     in_1->z F     unmapped_nand2         1  1.0     0    16     465    (-,-) 
  m_uint/m_core/g8360/z                              (u)     in_0->z R     unmapped_complex2      1  1.1     0    16     481    (-,-) 
  m_uint/m_core/g8302/z                              (u)     in_0->z F     unmapped_nand2         4  4.0     0    22     503    (-,-) 
  m_uint/m_core/WALLACE_CSA_DUMMY_OP7_groupi/g1238/z (u)     in_1->z R     unmapped_nand2         1  1.1     0    16     520    (-,-) 
  m_uint/m_core/WALLACE_CSA_DUMMY_OP7_groupi/g1239/z (u)     in_1->z F     unmapped_nand2         2  2.0     0    19     539    (-,-) 
  m_uint/m_core/WALLACE_CSA_DUMMY_OP7_groupi/g1156/z (u)     in_0->z F     unmapped_complex2      1  1.0     0    16     555    (-,-) 
  m_uint/m_core/WALLACE_CSA_DUMMY_OP7_groupi/g1157/z (u)     in_1->z R     unmapped_nand2         2  2.2     0    19     574    (-,-) 
  m_uint/m_core/WALLACE_CSA_DUMMY_OP7_groupi/g720/z  (u)     in_0->z R     unmapped_or2           2  2.2     0    19     593    (-,-) 
  m_uint/m_core/WALLACE_CSA_DUMMY_OP7_groupi/g1107/z (u)     in_1->z F     unmapped_nand2         2  2.0     0    19     612    (-,-) 
  m_uint/m_core/WALLACE_CSA_DUMMY_OP7_groupi/g1030/z (u)     in_1->z F     unmapped_or2           1  1.0     0    16     628    (-,-) 
  m_uint/m_core/WALLACE_CSA_DUMMY_OP7_groupi/g1031/z (u)     in_1->z R     unmapped_nand2         3  3.3     0    21     649    (-,-) 
  g688/z                                             (u)     in_1->z R     unmapped_or2           2  2.2     0    19     668    (-,-) 
  g583/z                                             (u)     in_0->z F     unmapped_complex2      2  2.0     0    19     687    (-,-) 
  g682/z                                             (u)     in_0->z F     unmapped_or2           1  1.0     0    16     703    (-,-) 
  g683/z                                             (u)     in_1->z R     unmapped_nand2         1 50.0     0    46     750    (-,-) 
  R[6]                                               -       -       R     (port)                 -    -     -     0     750    (-,-) 
#-------------------------------------------------------------------------------------------------------------------------------------

(u) : Net has unmapped pin(s).



Path 11: MET (38 ps) Late External Delay Assertion at pin R[5]
          Group: vclk
     Startpoint: (R) B[0]
          Clock: (R) vclk
       Endpoint: (R) R[5]
          Clock: (R) vclk

                     Capture       Launch     
        Clock Edge:+    1000            0     
        Drv Adjust:+       0            0     
       Src Latency:+       0            0     
       Net Latency:+       0 (I)        0 (I) 
           Arrival:=    1000            0     
                                              
      Output Delay:-     200                  
       Uncertainty:-      50                  
     Required Time:=     750                  
      Launch Clock:-       0                  
       Input Delay:-     200                  
         Data Path:-     512                  
             Slack:=      38                  

Exceptions/Constraints:
  input_delay              200             acbam_int8.sdc_line_14_15_1 
  output_delay             200             acbam_int8.sdc_line_15_30_1 

#-------------------------------------------------------------------------------------------------------------------------------------
#                   Timing Point                     Flags    Arc    Edge       Cell         Fanout Load Trans Delay Arrival Instance 
#                                                                                                   (fF)  (ps)  (ps)   (ps)  Location 
#-------------------------------------------------------------------------------------------------------------------------------------
  B[0]                                               (u)     -       R     (arrival)             12 13.2     0     0     200    (-,-) 
  g1413/z                                            (u)     in_1->z R     unmapped_or2           4  4.4     0    22     222    (-,-) 
  g1396/z                                            (u)     in_1->z R     unmapped_or2           1  1.1     0    16     239    (-,-) 
  g1382/z                                            (u)     in_1->z F     unmapped_nand2         2  2.0     0    19     258    (-,-) 
  g1369/z                                            (u)     in_0->z R     unmapped_nand2         1  1.1     0    16     274    (-,-) 
  g1356/z                                            (u)     in_1->z F     unmapped_nand2        12 12.0     0    30     304    (-,-) 
  m_uint/m_core/g8659/z                              (u)     in_1->z R     unmapped_nand2         1  1.1     0    16     321    (-,-) 
  m_uint/m_core/g8628/z                              (u)     in_1->z F     unmapped_nand2        10 10.0     0    29     350    (-,-) 
  m_uint/m_core/g8777/z                              (u)     in_0->z F     unmapped_complex2      2  2.0     0    19     369    (-,-) 
  m_uint/m_core/g8546/z                              (u)     in_1->z R     unmapped_nand2         4  4.4     0    22     391    (-,-) 
  m_uint/m_core/g8804/z                              (u)     in_0->z R     unmapped_complex2      4  4.4     0    22     413    (-,-) 
  m_uint/m_core/g8473/z                              (u)     in_1->z R     unmapped_or2           2  2.2     0    19     432    (-,-) 
  m_uint/m_core/g8818/z                              (u)     in_0->z F     unmapped_complex2      1  1.0     0    16     448    (-,-) 
  m_uint/m_core/g8427/z                              (u)     in_1->z R     unmapped_nand2         1  1.1     0    16     465    (-,-) 
  m_uint/m_core/g8360/z                              (u)     in_0->z F     unmapped_complex2      1  1.0     0    16     481    (-,-) 
  m_uint/m_core/g8302/z                              (u)     in_0->z R     unmapped_nand2         4  4.4     0    22     503    (-,-) 
  m_uint/m_core/WALLACE_CSA_DUMMY_OP7_groupi/g1238/z (u)     in_1->z F     unmapped_nand2         1  1.0     0    16     520    (-,-) 
  m_uint/m_core/WALLACE_CSA_DUMMY_OP7_groupi/g1239/z (u)     in_1->z R     unmapped_nand2         2  2.2     0    19     539    (-,-) 
  m_uint/m_core/WALLACE_CSA_DUMMY_OP7_groupi/g1156/z (u)     in_0->z R     unmapped_complex2      1  1.1     0    16     555    (-,-) 
  m_uint/m_core/WALLACE_CSA_DUMMY_OP7_groupi/g1157/z (u)     in_1->z F     unmapped_nand2         2  2.0     0    19     574    (-,-) 
  m_uint/m_core/WALLACE_CSA_DUMMY_OP7_groupi/g720/z  (u)     in_0->z F     unmapped_or2           2  2.0     0    19     593    (-,-) 
  m_uint/m_core/WALLACE_CSA_DUMMY_OP7_groupi/g1107/z (u)     in_1->z R     unmapped_nand2         2  2.2     0    19     612    (-,-) 
  m_uint/m_core/WALLACE_CSA_DUMMY_OP7_groupi/g1030/z (u)     in_1->z R     unmapped_or2           1  1.1     0    16     628    (-,-) 
  m_uint/m_core/WALLACE_CSA_DUMMY_OP7_groupi/g1031/z (u)     in_1->z F     unmapped_nand2         3  3.0     0    21     649    (-,-) 
  g685/z                                             (u)     in_0->z F     unmapped_or2           1  1.0     0    16     666    (-,-) 
  g686/z                                             (u)     in_1->z R     unmapped_nand2         1 50.0     0    46     712    (-,-) 
  R[5]                                               -       -       R     (port)                 -    -     -     0     712    (-,-) 
#-------------------------------------------------------------------------------------------------------------------------------------

(u) : Net has unmapped pin(s).



Path 12: MET (78 ps) Late External Delay Assertion at pin R[4]
          Group: vclk
     Startpoint: (R) B[0]
          Clock: (R) vclk
       Endpoint: (R) R[4]
          Clock: (R) vclk

                     Capture       Launch     
        Clock Edge:+    1000            0     
        Drv Adjust:+       0            0     
       Src Latency:+       0            0     
       Net Latency:+       0 (I)        0 (I) 
           Arrival:=    1000            0     
                                              
      Output Delay:-     200                  
       Uncertainty:-      50                  
     Required Time:=     750                  
      Launch Clock:-       0                  
       Input Delay:-     200                  
         Data Path:-     472                  
             Slack:=      78                  

Exceptions/Constraints:
  input_delay              200             acbam_int8.sdc_line_14_15_1 
  output_delay             200             acbam_int8.sdc_line_15_31_1 

#-------------------------------------------------------------------------------------------------------------------------------------
#                   Timing Point                     Flags    Arc    Edge       Cell         Fanout Load Trans Delay Arrival Instance 
#                                                                                                   (fF)  (ps)  (ps)   (ps)  Location 
#-------------------------------------------------------------------------------------------------------------------------------------
  B[0]                                               (u)     -       R     (arrival)             12 13.2     0     0     200    (-,-) 
  g1413/z                                            (u)     in_1->z R     unmapped_or2           4  4.4     0    22     222    (-,-) 
  g1396/z                                            (u)     in_1->z R     unmapped_or2           1  1.1     0    16     239    (-,-) 
  g1382/z                                            (u)     in_1->z F     unmapped_nand2         2  2.0     0    19     258    (-,-) 
  g1369/z                                            (u)     in_0->z R     unmapped_nand2         1  1.1     0    16     274    (-,-) 
  g1356/z                                            (u)     in_1->z F     unmapped_nand2        12 12.0     0    30     304    (-,-) 
  m_uint/m_core/g8659/z                              (u)     in_1->z R     unmapped_nand2         1  1.1     0    16     321    (-,-) 
  m_uint/m_core/g8628/z                              (u)     in_1->z F     unmapped_nand2        10 10.0     0    29     350    (-,-) 
  m_uint/m_core/g8777/z                              (u)     in_0->z F     unmapped_complex2      2  2.0     0    19     369    (-,-) 
  m_uint/m_core/g8546/z                              (u)     in_1->z R     unmapped_nand2         4  4.4     0    22     391    (-,-) 
  m_uint/m_core/g8494/z                              (u)     in_1->z F     unmapped_nand2         1  1.0     0    16     407    (-,-) 
  m_uint/m_core/g8495/z                              (u)     in_1->z R     unmapped_nand2         1  1.1     0    16     424    (-,-) 
  m_uint/m_core/g8823/z                              (u)     in_0->z F     unmapped_complex2      1  1.0     0    16     440    (-,-) 
  m_uint/m_core/g8402/z                              (u)     in_1->z R     unmapped_nand2         3  3.3     0    21     461    (-,-) 
  m_uint/m_core/WALLACE_CSA_DUMMY_OP7_groupi/g1265/z (u)     in_1->z F     unmapped_complex2      1  1.0     0    16     477    (-,-) 
  m_uint/m_core/WALLACE_CSA_DUMMY_OP7_groupi/g1266/z (u)     in_1->z R     unmapped_nand2         2  2.2     0    19     496    (-,-) 
  m_uint/m_core/WALLACE_CSA_DUMMY_OP7_groupi/g860/z  (u)     in_1->z F     unmapped_complex2      2  2.0     0    19     515    (-,-) 
  m_uint/m_core/WALLACE_CSA_DUMMY_OP7_groupi/g1179/z (u)     in_1->z R     unmapped_nand2         2  2.2     0    19     534    (-,-) 
  m_uint/m_core/WALLACE_CSA_DUMMY_OP7_groupi/g1139/z (u)     in_1->z F     unmapped_complex2      1  1.0     0    16     551    (-,-) 
  m_uint/m_core/WALLACE_CSA_DUMMY_OP7_groupi/g1140/z (u)     in_1->z R     unmapped_nand2         3  3.3     0    21     571    (-,-) 
  g704/z                                             (u)     in_1->z R     unmapped_or2           2  2.2     0    19     590    (-,-) 
  g586/z                                             (u)     in_0->z F     unmapped_complex2      2  2.0     0    19     609    (-,-) 
  g690/z                                             (u)     in_0->z F     unmapped_or2           1  1.0     0    16     626    (-,-) 
  g691/z                                             (u)     in_1->z R     unmapped_nand2         1 50.0     0    46     672    (-,-) 
  R[4]                                               -       -       R     (port)                 -    -     -     0     672    (-,-) 
#-------------------------------------------------------------------------------------------------------------------------------------

(u) : Net has unmapped pin(s).



Path 13: MET (116 ps) Late External Delay Assertion at pin R[3]
          Group: vclk
     Startpoint: (F) B[0]
          Clock: (R) vclk
       Endpoint: (R) R[3]
          Clock: (R) vclk

                     Capture       Launch     
        Clock Edge:+    1000            0     
        Drv Adjust:+       0            0     
       Src Latency:+       0            0     
       Net Latency:+       0 (I)        0 (I) 
           Arrival:=    1000            0     
                                              
      Output Delay:-     200                  
       Uncertainty:-      50                  
     Required Time:=     750                  
      Launch Clock:-       0                  
       Input Delay:-     200                  
         Data Path:-     434                  
             Slack:=     116                  

Exceptions/Constraints:
  input_delay              200             acbam_int8.sdc_line_14_15_1 
  output_delay             200             acbam_int8.sdc_line_15_32_1 

#-------------------------------------------------------------------------------------------------------------------------------------
#                   Timing Point                     Flags    Arc    Edge       Cell         Fanout Load Trans Delay Arrival Instance 
#                                                                                                   (fF)  (ps)  (ps)   (ps)  Location 
#-------------------------------------------------------------------------------------------------------------------------------------
  B[0]                                               (u)     -       F     (arrival)             12 12.0     0     0     200    (-,-) 
  g1413/z                                            (u)     in_1->z F     unmapped_or2           4  4.0     0    22     222    (-,-) 
  g1396/z                                            (u)     in_1->z F     unmapped_or2           1  1.0     0    16     239    (-,-) 
  g1382/z                                            (u)     in_1->z R     unmapped_nand2         2  2.2     0    19     258    (-,-) 
  g1369/z                                            (u)     in_0->z F     unmapped_nand2         1  1.0     0    16     274    (-,-) 
  g1356/z                                            (u)     in_1->z R     unmapped_nand2        12 13.2     0    30     304    (-,-) 
  m_uint/m_core/g8659/z                              (u)     in_1->z F     unmapped_nand2         1  1.0     0    16     321    (-,-) 
  m_uint/m_core/g8628/z                              (u)     in_1->z R     unmapped_nand2        10 11.0     0    29     350    (-,-) 
  m_uint/m_core/g8777/z                              (u)     in_0->z R     unmapped_complex2      2  2.2     0    19     369    (-,-) 
  m_uint/m_core/g8546/z                              (u)     in_1->z F     unmapped_nand2         4  4.0     0    22     391    (-,-) 
  m_uint/m_core/g8494/z                              (u)     in_1->z R     unmapped_nand2         1  1.1     0    16     407    (-,-) 
  m_uint/m_core/g8495/z                              (u)     in_1->z F     unmapped_nand2         1  1.0     0    16     424    (-,-) 
  m_uint/m_core/g8823/z                              (u)     in_0->z R     unmapped_complex2      1  1.1     0    16     440    (-,-) 
  m_uint/m_core/g8402/z                              (u)     in_1->z F     unmapped_nand2         3  3.0     0    21     461    (-,-) 
  m_uint/m_core/WALLACE_CSA_DUMMY_OP7_groupi/g1265/z (u)     in_1->z R     unmapped_complex2      1  1.1     0    16     477    (-,-) 
  m_uint/m_core/WALLACE_CSA_DUMMY_OP7_groupi/g1266/z (u)     in_1->z F     unmapped_nand2         2  2.0     0    19     496    (-,-) 
  m_uint/m_core/WALLACE_CSA_DUMMY_OP7_groupi/g860/z  (u)     in_1->z R     unmapped_complex2      2  2.2     0    19     515    (-,-) 
  m_uint/m_core/WALLACE_CSA_DUMMY_OP7_groupi/g1179/z (u)     in_1->z F     unmapped_nand2         2  2.0     0    19     534    (-,-) 
  m_uint/m_core/WALLACE_CSA_DUMMY_OP7_groupi/g1139/z (u)     in_1->z R     unmapped_complex2      1  1.1     0    16     551    (-,-) 
  m_uint/m_core/WALLACE_CSA_DUMMY_OP7_groupi/g1140/z (u)     in_1->z F     unmapped_nand2         3  3.0     0    21     571    (-,-) 
  g695/z                                             (u)     in_0->z F     unmapped_or2           1  1.0     0    16     588    (-,-) 
  g696/z                                             (u)     in_1->z R     unmapped_nand2         1 50.0     0    46     634    (-,-) 
  R[3]                                               -       -       R     (port)                 -    -     -     0     634    (-,-) 
#-------------------------------------------------------------------------------------------------------------------------------------

(u) : Net has unmapped pin(s).



Path 14: MET (212 ps) Late External Delay Assertion at pin R[2]
          Group: vclk
     Startpoint: (F) Conf_Bit_Mask[1]
          Clock: (R) vclk
       Endpoint: (R) R[2]
          Clock: (R) vclk

                     Capture       Launch     
        Clock Edge:+    1000            0     
        Drv Adjust:+       0            0     
       Src Latency:+       0            0     
       Net Latency:+       0 (I)        0 (I) 
           Arrival:=    1000            0     
                                              
      Output Delay:-     200                  
       Uncertainty:-      50                  
     Required Time:=     750                  
      Launch Clock:-       0                  
       Input Delay:-     200                  
         Data Path:-     338                  
             Slack:=     212                  

Exceptions/Constraints:
  input_delay              200             acbam_int8.sdc_line_14_20_1 
  output_delay             200             acbam_int8.sdc_line_15_33_1 

#-------------------------------------------------------------------------------------------------------------------------------------
#                   Timing Point                     Flags    Arc    Edge       Cell         Fanout Load Trans Delay Arrival Instance 
#                                                                                                   (fF)  (ps)  (ps)   (ps)  Location 
#-------------------------------------------------------------------------------------------------------------------------------------
  Conf_Bit_Mask[1]                                   (u)     -       F     (arrival)              4  4.0     0     0     200    (-,-) 
  m_uint/m_core/g8743/z                              (u)     in_1->z R     unmapped_complex2      1  1.1     0    16     216    (-,-) 
  m_uint/m_core/g8744/z                              (u)     in_1->z F     unmapped_nand2         4  4.0     0    22     239    (-,-) 
  m_uint/m_core/g5585/z                              (u)     in_0->z R     unmapped_nand2         2  2.2     0    19     258    (-,-) 
  m_uint/m_core/g5424/z                              (u)     in_1->z F     unmapped_nand2         1  1.0     0    16     274    (-,-) 
  m_uint/m_core/g8798/z                              (u)     in_0->z R     unmapped_complex2      1  1.1     0    16     290    (-,-) 
  m_uint/m_core/g8553/z                              (u)     in_1->z R     unmapped_complex2      1  1.1     0    16     307    (-,-) 
  m_uint/m_core/g8503/z                              (u)     in_1->z F     unmapped_complex2      1  1.0     0    16     324    (-,-) 
  m_uint/m_core/g8469/z                              (u)     in_1->z F     unmapped_or2           7  7.0     0    26     349    (-,-) 
  m_uint/m_core/g8422/z                              (u)     in_1->z F     unmapped_or2           3  3.0     0    21     370    (-,-) 
  m_uint/m_core/g8386/z                              (u)     in_0->z R     unmapped_nand2         8  8.8     0    27     397    (-,-) 
  m_uint/m_core/g8351/z                              (u)     in_1->z F     unmapped_nand2         1  1.0     0    16     414    (-,-) 
  m_uint/m_core/g8305/z                              (u)     in_0->z R     unmapped_nand2         2  2.2     0    19     432    (-,-) 
  m_uint/m_core/WALLACE_CSA_DUMMY_OP7_groupi/g9/z    (u)     in_0->z F     unmapped_nand2         4  4.0     0    22     455    (-,-) 
  m_uint/m_core/WALLACE_CSA_DUMMY_OP7_groupi/g1315/z (u)     in_1->z F     unmapped_and2          3  3.0     0    21     475    (-,-) 
  g702/z                                             (u)     in_1->z F     unmapped_or2           1  1.0     0    16     492    (-,-) 
  g703/z                                             (u)     in_1->z R     unmapped_nand2         1 50.0     0    46     538    (-,-) 
  R[2]                                               -       -       R     (port)                 -    -     -     0     538    (-,-) 
#-------------------------------------------------------------------------------------------------------------------------------------

(u) : Net has unmapped pin(s).



Path 15: MET (253 ps) Late External Delay Assertion at pin R[1]
          Group: vclk
     Startpoint: (F) Conf_Bit_Mask[1]
          Clock: (R) vclk
       Endpoint: (R) R[1]
          Clock: (R) vclk

                     Capture       Launch     
        Clock Edge:+    1000            0     
        Drv Adjust:+       0            0     
       Src Latency:+       0            0     
       Net Latency:+       0 (I)        0 (I) 
           Arrival:=    1000            0     
                                              
      Output Delay:-     200                  
       Uncertainty:-      50                  
     Required Time:=     750                  
      Launch Clock:-       0                  
       Input Delay:-     200                  
         Data Path:-     297                  
             Slack:=     253                  

Exceptions/Constraints:
  input_delay              200             acbam_int8.sdc_line_14_20_1 
  output_delay             200             acbam_int8.sdc_line_15_34_1 

#--------------------------------------------------------------------------------------------------------
#     Timing Point      Flags    Arc    Edge       Cell         Fanout Load Trans Delay Arrival Instance 
#                                                                      (fF)  (ps)  (ps)   (ps)  Location 
#--------------------------------------------------------------------------------------------------------
  Conf_Bit_Mask[1]      (u)     -       F     (arrival)              4  4.0     0     0     200    (-,-) 
  m_uint/m_core/g8743/z (u)     in_1->z R     unmapped_complex2      1  1.1     0    16     216    (-,-) 
  m_uint/m_core/g8744/z (u)     in_1->z F     unmapped_nand2         4  4.0     0    22     239    (-,-) 
  m_uint/m_core/g5585/z (u)     in_0->z R     unmapped_nand2         2  2.2     0    19     258    (-,-) 
  m_uint/m_core/g5424/z (u)     in_1->z F     unmapped_nand2         1  1.0     0    16     274    (-,-) 
  m_uint/m_core/g8798/z (u)     in_0->z R     unmapped_complex2      1  1.1     0    16     290    (-,-) 
  m_uint/m_core/g8553/z (u)     in_1->z R     unmapped_complex2      1  1.1     0    16     307    (-,-) 
  m_uint/m_core/g8503/z (u)     in_1->z F     unmapped_complex2      1  1.0     0    16     324    (-,-) 
  m_uint/m_core/g8469/z (u)     in_1->z F     unmapped_or2           7  7.0     0    26     349    (-,-) 
  m_uint/m_core/g8406/z (u)     in_1->z F     unmapped_or2           2  2.0     0    19     368    (-,-) 
  m_uint/m_core/g8759/z (u)     in_0->z R     unmapped_nor2          3 52.2     0    47     415    (-,-) 
  g592/z                (u)     in_0->z F     unmapped_complex2      2  2.0     0    19     434    (-,-) 
  g699/z                (u)     in_0->z F     unmapped_or2           1  1.0     0    16     451    (-,-) 
  g700/z                (u)     in_1->z R     unmapped_nand2         1 50.0     0    46     497    (-,-) 
  R[1]                  -       -       R     (port)                 -    -     -     0     497    (-,-) 
#--------------------------------------------------------------------------------------------------------

(u) : Net has unmapped pin(s).



Path 16: MET (335 ps) Late External Delay Assertion at pin R[0]
          Group: vclk
     Startpoint: (F) Conf_Bit_Mask[1]
          Clock: (R) vclk
       Endpoint: (R) R[0]
          Clock: (R) vclk

                     Capture       Launch     
        Clock Edge:+    1000            0     
        Drv Adjust:+       0            0     
       Src Latency:+       0            0     
       Net Latency:+       0 (I)        0 (I) 
           Arrival:=    1000            0     
                                              
      Output Delay:-     200                  
       Uncertainty:-      50                  
     Required Time:=     750                  
      Launch Clock:-       0                  
       Input Delay:-     200                  
         Data Path:-     215                  
             Slack:=     335                  

Exceptions/Constraints:
  input_delay              200             acbam_int8.sdc_line_14_20_1 
  output_delay             200             acbam_int8.sdc_line_15_35_1 

#--------------------------------------------------------------------------------------------------------
#     Timing Point      Flags    Arc    Edge       Cell         Fanout Load Trans Delay Arrival Instance 
#                                                                      (fF)  (ps)  (ps)   (ps)  Location 
#--------------------------------------------------------------------------------------------------------
  Conf_Bit_Mask[1]      (u)     -       F     (arrival)              4  4.0     0     0     200    (-,-) 
  m_uint/m_core/g8743/z (u)     in_1->z R     unmapped_complex2      1  1.1     0    16     216    (-,-) 
  m_uint/m_core/g8744/z (u)     in_1->z F     unmapped_nand2         4  4.0     0    22     239    (-,-) 
  m_uint/m_core/g5585/z (u)     in_0->z R     unmapped_nand2         2  2.2     0    19     258    (-,-) 
  m_uint/m_core/g5424/z (u)     in_1->z F     unmapped_nand2         1  1.0     0    16     274    (-,-) 
  m_uint/m_core/g8798/z (u)     in_0->z R     unmapped_complex2      1  1.1     0    16     290    (-,-) 
  m_uint/m_core/g8553/z (u)     in_1->z R     unmapped_complex2      1  1.1     0    16     307    (-,-) 
  m_uint/m_core/g8503/z (u)     in_1->z F     unmapped_complex2      1  1.0     0    16     324    (-,-) 
  m_uint/m_core/g8469/z (u)     in_1->z F     unmapped_or2           7  7.0     0    26     349    (-,-) 
  m_uint/m_core/g8406/z (u)     in_1->z F     unmapped_or2           2  2.0     0    19     368    (-,-) 
  m_uint/m_core/g8759/z (u)     in_0->z R     unmapped_nor2          3 52.2     0    47     415    (-,-) 
  R[0]                  -       -       R     (port)                 -    -     -     0     415    (-,-) 
#--------------------------------------------------------------------------------------------------------

(u) : Net has unmapped pin(s).

