============================================================
  Generated by:           Genus(TM) Synthesis Solution 21.10-p002_1
  Generated on:           Jun 19 2026  11:10:19 am
  Module:                 acbam_Fixed8
  Technology library:     fast_vdd1v0 1.0
  Operating conditions:   PVT_1P1V_0C (balanced_tree)
  Wireload mode:          enclosed
  Area mode:              timing library
============================================================

                                 Leakage  
   Gate    Instances    Area   Power (nW)     Library    
---------------------------------------------------------
ACHCONX2           1    12.654      0.658    fast_vdd1v0 
ADDFHXL            1     7.524      0.387    fast_vdd1v0 
ADDFX1             3    15.390      0.985    fast_vdd1v0 
ADDFXL            10    68.400      3.058    fast_vdd1v0 
AND2X1             8    10.944      0.674    fast_vdd1v0 
AND2XL            11    15.048      0.827    fast_vdd1v0 
AO21XL             1     2.394      0.109    fast_vdd1v0 
AOI21X1           17    29.070      1.865    fast_vdd1v0 
AOI21XL            5     8.550      0.351    fast_vdd1v0 
AOI22X1            2     4.104      0.258    fast_vdd1v0 
AOI22XL            1     2.052      0.096    fast_vdd1v0 
AOI2BB1X1          4     8.208      0.525    fast_vdd1v0 
AOI2BB1XL          1     2.052      0.089    fast_vdd1v0 
AOI31X1            1     2.052      0.138    fast_vdd1v0 
BUFX12             5    25.650      3.112    fast_vdd1v0 
BUFX2              1     1.710      0.118    fast_vdd1v0 
BUFX3              1     2.052      0.177    fast_vdd1v0 
CLKAND2X3          1     3.078      0.189    fast_vdd1v0 
CLKBUFX2          13    22.230      1.539    fast_vdd1v0 
CLKINVX1           6     6.156      0.286    fast_vdd1v0 
CLKINVX3           1     1.710      0.146    fast_vdd1v0 
CLKINVX8           3     9.234      0.993    fast_vdd1v0 
CLKXOR2X1          6    16.416      1.068    fast_vdd1v0 
CLKXOR2X4          1     4.446      0.309    fast_vdd1v0 
INVX1             43    29.412      2.018    fast_vdd1v0 
INVX2              4     4.104      0.349    fast_vdd1v0 
INVXL            120    82.080      4.024    fast_vdd1v0 
MXI2X1             4    10.944      0.589    fast_vdd1v0 
MXI2X6             1     5.130      0.449    fast_vdd1v0 
MXI2X8             3    18.468      1.561    fast_vdd1v0 
MXI2XL            28    67.032      3.055    fast_vdd1v0 
NAND2BX1          22    30.096      2.326    fast_vdd1v0 
NAND2BXL          17    23.256      1.414    fast_vdd1v0 
NAND2X1           50    51.300      3.491    fast_vdd1v0 
NAND2X2            4     6.840      0.533    fast_vdd1v0 
NAND2XL           58    59.508      2.629    fast_vdd1v0 
NAND3BXL           1     1.710      0.086    fast_vdd1v0 
NAND3X1            4     6.840      0.331    fast_vdd1v0 
NAND3X2            1     2.736      0.185    fast_vdd1v0 
NAND3XL            3     5.130      0.169    fast_vdd1v0 
NAND4XL            1     1.710      0.055    fast_vdd1v0 
NOR2BX1           27    36.936      2.707    fast_vdd1v0 
NOR2BXL            3     5.130      0.254    fast_vdd1v0 
NOR2X1            49    50.274      3.344    fast_vdd1v0 
NOR2X2             5     8.550      0.691    fast_vdd1v0 
NOR2X4             2     6.156      0.546    fast_vdd1v0 
NOR2X6             1     4.104      0.372    fast_vdd1v0 
NOR2X8             1     5.472      0.495    fast_vdd1v0 
NOR2XL            58    59.508      2.625    fast_vdd1v0 
NOR3BX1            1     2.052      0.114    fast_vdd1v0 
NOR3X1             4     6.840      0.390    fast_vdd1v0 
NOR3X4             1     5.130      0.305    fast_vdd1v0 
NOR3XL             1     1.710      0.044    fast_vdd1v0 
OAI21X1           26    44.460      2.531    fast_vdd1v0 
OAI21X2            3     9.234      0.533    fast_vdd1v0 
OAI21XL            6    10.260      0.377    fast_vdd1v0 
OAI22X1            2     4.104      0.209    fast_vdd1v0 
OAI22XL            2     4.104      0.148    fast_vdd1v0 
OAI2BB1X1         13    22.230      1.517    fast_vdd1v0 
OAI2BB1XL          2     4.104      0.183    fast_vdd1v0 
OAI2BB2X2          1     5.472      0.302    fast_vdd1v0 
OR2X1              1     1.368      0.095    fast_vdd1v0 
OR2XL              8    10.944      0.735    fast_vdd1v0 
XNOR2X1           41    98.154      7.534    fast_vdd1v0 
XNOR2X2            4    12.312      0.909    fast_vdd1v0 
XNOR2XL            2     5.472      0.341    fast_vdd1v0 
XOR2XL            23    62.928      3.836    fast_vdd1v0 
XOR3XL             2    15.048      0.729    fast_vdd1v0 
---------------------------------------------------------
total            757  1189.476     73.089                


                                           Leakage  Leakage 
     Type      Instances   Area   Area % Power (nW) Power % 
------------------------------------------------------------
inverter             177  132.696   11.2      7.815    10.7 
buffer                20   51.642    4.3      4.947     6.8 
logic                560 1005.138   84.5     60.328    82.5 
physical_cells         0    0.000    0.0      0.000     0.0 
------------------------------------------------------------
total                757 1189.476  100.0     73.089   100.0 

