============================================================
  Generated by:           Genus(TM) Synthesis Solution 21.10-p002_1
  Generated on:           Jun 19 2026  11:10:19 am
  Module:                 acbam_Fixed8
  Operating conditions:   PVT_1P1V_0C (balanced_tree)
  Wireload mode:          enclosed
  Area mode:              timing library
============================================================


Path 1: VIOLATED (-124 ps) Late External Delay Assertion at pin R[11]
          Group: vclk
     Startpoint: (F) B[2]
          Clock: (R) vclk
       Endpoint: (F) R[11]
          Clock: (R) vclk

                     Capture       Launch     
        Clock Edge:+    1000            0     
        Drv Adjust:+       0            0     
       Src Latency:+       0            0     
       Net Latency:+       0 (I)        0 (I) 
           Arrival:=    1000            0     
                                              
      Output Delay:-     200                  
       Uncertainty:-      50                  
     Required Time:=     750                  
      Launch Clock:-       0                  
       Input Delay:-     200                  
         Data Path:-     674                  
             Slack:=    -124                  

Exceptions/Constraints:
  input_delay              200             acbam_Fixed8.sdc_line_14_13_1 
  output_delay             200             acbam_Fixed8.sdc_line_15_24_1 

#-----------------------------------------------------------------------------------------------------------------------------------
#                       Timing Point                        Flags    Arc   Edge   Cell     Fanout Load Trans Delay Arrival Instance 
#                                                                                                 (fF)  (ps)  (ps)   (ps)  Location 
#-----------------------------------------------------------------------------------------------------------------------------------
  B[2]                                                      -       -      F     (arrival)      6  4.8     0     0     200    (-,-) 
  g2715__5526/Y                                             -       A->Y   R     NOR2X6         1  1.0     8    11     211    (-,-) 
  g2700__9315/Y                                             -       A->Y   F     NAND2X2        1  0.8    12    14     225    (-,-) 
  g2686__6783/Y                                             -       B->Y   R     NOR2X2         2  0.9    13    13     238    (-,-) 
  g2__1705/Y                                                -       AN->Y  R     NAND2BX1       1  0.6    10    19     257    (-,-) 
  g2667__7482/Y                                             -       B->Y   F     XNOR2X1        4  1.0    11    33     290    (-,-) 
  m_uint/m_core/g14763__6783/Y                              -       AN->Y  F     NAND2BX1       1  0.4    13    23     313    (-,-) 
  m_uint/m_core/g14655__2346/Y                              -       B->Y   R     NAND2X1        3  1.1    14    12     325    (-,-) 
  m_uint/m_core/fopt14784/Y                                 -       A->Y   F     INVX1          2  1.0    10    12     337    (-,-) 
  m_uint/m_core/g14535__3680/Y                              -       A1N->Y F     AOI2BB1X1      2  0.5    10    28     365    (-,-) 
  m_uint/m_core/g14521/Y                                    -       A->Y   R     INVXL          1  0.3     6     9     373    (-,-) 
  m_uint/m_core/g14417__6161/Y                              -       A->Y   F     MXI2XL         1  0.7    27    23     396    (-,-) 
  m_uint/m_core/WALLACE_CSA_DUMMY_OP7_groupi_g2370__7410/CO -       CI->CO F     ADDFXL         1  0.7    11    43     439    (-,-) 
  m_uint/m_core/WALLACE_CSA_DUMMY_OP7_groupi_g2346__3680/S  -       CI->S  R     ADDFXL         1  0.7    12    56     495    (-,-) 
  m_uint/m_core/WALLACE_CSA_DUMMY_OP7_groupi_g2329__9315/S  -       CI->S  F     ADDFXL         2  0.7    12    54     550    (-,-) 
  m_uint/m_core/WALLACE_CSA_DUMMY_OP7_groupi_g2__4319/Y     -       B->Y   F     AND2XL         2  0.6     9    18     568    (-,-) 
  m_uint/m_core/WALLACE_CSA_DUMMY_OP7_groupi_g2315__8246/Y  -       B->Y   R     NOR2BX1        1  0.5    13    13     580    (-,-) 
  m_uint/m_core/WALLACE_CSA_DUMMY_OP7_groupi_g2310__1617/Y  -       B->Y   F     NOR2X1         2  0.7    13    11     591    (-,-) 
  m_uint/m_core/WALLACE_CSA_DUMMY_OP7_groupi_g2282__6161/Y  -       B0->Y  R     AOI21X1        2  1.1    24    21     612    (-,-) 
  m_uint/m_core/WALLACE_CSA_DUMMY_OP7_groupi_g2276__7098/Y  -       A1->Y  F     OAI21X1        1  0.5    17    20     633    (-,-) 
  m_uint/m_core/WALLACE_CSA_DUMMY_OP7_groupi_g2274__8246/Y  -       B->Y   R     XNOR2X1        3  0.9    10    37     670    (-,-) 
  g3644__5115/Y                                             -       A->Y   F     NOR2XL         1  0.4    10    11     681    (-,-) 
  g3617__6417/Y                                             -       B->Y   R     NAND2X1        2  0.8    11    10     692    (-,-) 
  g3610__2883/Y                                             -       B->Y   F     NAND2XL        1  0.5    17    15     707    (-,-) 
  g3597__8246/Y                                             -       B->Y   R     XNOR2X1        2  0.6     8    36     743    (-,-) 
  g3564__7482/Y                                             -       C->Y   F     NAND3XL        1  0.2    20    16     759    (-,-) 
  g3562__1881/Y                                             -       B->Y   R     NOR2XL         1  0.6    21    20     779    (-,-) 
  g3558__7098/Y                                             -       B->Y   F     XNOR2X2        5  6.5    31    51     830    (-,-) 
  g1472/Y                                                   -       A->Y   F     BUFX12         1 50.0    40    45     874    (-,-) 
  R[11]                                                     -       -      F     (port)         -    -     -     0     874    (-,-) 
#-----------------------------------------------------------------------------------------------------------------------------------



Path 2: VIOLATED (-124 ps) Late External Delay Assertion at pin R[12]
          Group: vclk
     Startpoint: (F) B[2]
          Clock: (R) vclk
       Endpoint: (F) R[12]
          Clock: (R) vclk

                     Capture       Launch     
        Clock Edge:+    1000            0     
        Drv Adjust:+       0            0     
       Src Latency:+       0            0     
       Net Latency:+       0 (I)        0 (I) 
           Arrival:=    1000            0     
                                              
      Output Delay:-     200                  
       Uncertainty:-      50                  
     Required Time:=     750                  
      Launch Clock:-       0                  
       Input Delay:-     200                  
         Data Path:-     674                  
             Slack:=    -124                  

Exceptions/Constraints:
  input_delay              200             acbam_Fixed8.sdc_line_14_13_1 
  output_delay             200             acbam_Fixed8.sdc_line_15_23_1 

#-----------------------------------------------------------------------------------------------------------------------------------
#                       Timing Point                        Flags    Arc   Edge   Cell     Fanout Load Trans Delay Arrival Instance 
#                                                                                                 (fF)  (ps)  (ps)   (ps)  Location 
#-----------------------------------------------------------------------------------------------------------------------------------
  B[2]                                                      -       -      F     (arrival)      6  4.8     0     0     200    (-,-) 
  g2715__5526/Y                                             -       A->Y   R     NOR2X6         1  1.0     8    11     211    (-,-) 
  g2700__9315/Y                                             -       A->Y   F     NAND2X2        1  0.8    12    14     225    (-,-) 
  g2686__6783/Y                                             -       B->Y   R     NOR2X2         2  0.9    13    13     238    (-,-) 
  g2__1705/Y                                                -       AN->Y  R     NAND2BX1       1  0.6    10    19     257    (-,-) 
  g2667__7482/Y                                             -       B->Y   F     XNOR2X1        4  1.0    11    33     290    (-,-) 
  m_uint/m_core/g14763__6783/Y                              -       AN->Y  F     NAND2BX1       1  0.4    13    23     313    (-,-) 
  m_uint/m_core/g14655__2346/Y                              -       B->Y   R     NAND2X1        3  1.1    14    12     325    (-,-) 
  m_uint/m_core/fopt14784/Y                                 -       A->Y   F     INVX1          2  1.0    10    12     337    (-,-) 
  m_uint/m_core/g14535__3680/Y                              -       A1N->Y F     AOI2BB1X1      2  0.5    10    28     365    (-,-) 
  m_uint/m_core/g14521/Y                                    -       A->Y   R     INVXL          1  0.3     6     9     373    (-,-) 
  m_uint/m_core/g14417__6161/Y                              -       A->Y   F     MXI2XL         1  0.7    27    23     396    (-,-) 
  m_uint/m_core/WALLACE_CSA_DUMMY_OP7_groupi_g2370__7410/CO -       CI->CO F     ADDFXL         1  0.7    11    43     439    (-,-) 
  m_uint/m_core/WALLACE_CSA_DUMMY_OP7_groupi_g2346__3680/S  -       CI->S  R     ADDFXL         1  0.7    12    56     495    (-,-) 
  m_uint/m_core/WALLACE_CSA_DUMMY_OP7_groupi_g2329__9315/S  -       CI->S  F     ADDFXL         2  0.7    12    54     550    (-,-) 
  m_uint/m_core/WALLACE_CSA_DUMMY_OP7_groupi_g2__4319/Y     -       B->Y   F     AND2XL         2  0.6     9    18     568    (-,-) 
  m_uint/m_core/WALLACE_CSA_DUMMY_OP7_groupi_g2315__8246/Y  -       B->Y   R     NOR2BX1        1  0.5    13    13     580    (-,-) 
  m_uint/m_core/WALLACE_CSA_DUMMY_OP7_groupi_g2310__1617/Y  -       B->Y   F     NOR2X1         2  0.7    13    11     591    (-,-) 
  m_uint/m_core/WALLACE_CSA_DUMMY_OP7_groupi_g2282__6161/Y  -       B0->Y  R     AOI21X1        2  1.1    24    21     612    (-,-) 
  m_uint/m_core/WALLACE_CSA_DUMMY_OP7_groupi_g2276__7098/Y  -       A1->Y  F     OAI21X1        1  0.5    17    20     633    (-,-) 
  m_uint/m_core/WALLACE_CSA_DUMMY_OP7_groupi_g2274__8246/Y  -       B->Y   R     XNOR2X1        3  0.9    10    37     670    (-,-) 
  g3644__5115/Y                                             -       A->Y   F     NOR2XL         1  0.4    10    11     681    (-,-) 
  g3617__6417/Y                                             -       B->Y   R     NAND2X1        2  0.8    11    10     692    (-,-) 
  g3610__2883/Y                                             -       B->Y   F     NAND2XL        1  0.5    17    15     707    (-,-) 
  g3597__8246/Y                                             -       B->Y   R     XNOR2X1        2  0.6     8    36     743    (-,-) 
  g3564__7482/Y                                             -       C->Y   F     NAND3XL        1  0.2    20    16     759    (-,-) 
  g3562__1881/Y                                             -       B->Y   R     NOR2XL         1  0.6    21    20     779    (-,-) 
  g3558__7098/Y                                             -       B->Y   F     XNOR2X2        5  6.5    31    51     830    (-,-) 
  g1476/Y                                                   -       A->Y   F     BUFX12         1 50.0    40    45     874    (-,-) 
  R[12]                                                     -       -      F     (port)         -    -     -     0     874    (-,-) 
#-----------------------------------------------------------------------------------------------------------------------------------



Path 3: VIOLATED (-124 ps) Late External Delay Assertion at pin R[13]
          Group: vclk
     Startpoint: (F) B[2]
          Clock: (R) vclk
       Endpoint: (F) R[13]
          Clock: (R) vclk

                     Capture       Launch     
        Clock Edge:+    1000            0     
        Drv Adjust:+       0            0     
       Src Latency:+       0            0     
       Net Latency:+       0 (I)        0 (I) 
           Arrival:=    1000            0     
                                              
      Output Delay:-     200                  
       Uncertainty:-      50                  
     Required Time:=     750                  
      Launch Clock:-       0                  
       Input Delay:-     200                  
         Data Path:-     674                  
             Slack:=    -124                  

Exceptions/Constraints:
  input_delay              200             acbam_Fixed8.sdc_line_14_13_1 
  output_delay             200             acbam_Fixed8.sdc_line_15_22_1 

#-----------------------------------------------------------------------------------------------------------------------------------
#                       Timing Point                        Flags    Arc   Edge   Cell     Fanout Load Trans Delay Arrival Instance 
#                                                                                                 (fF)  (ps)  (ps)   (ps)  Location 
#-----------------------------------------------------------------------------------------------------------------------------------
  B[2]                                                      -       -      F     (arrival)      6  4.8     0     0     200    (-,-) 
  g2715__5526/Y                                             -       A->Y   R     NOR2X6         1  1.0     8    11     211    (-,-) 
  g2700__9315/Y                                             -       A->Y   F     NAND2X2        1  0.8    12    14     225    (-,-) 
  g2686__6783/Y                                             -       B->Y   R     NOR2X2         2  0.9    13    13     238    (-,-) 
  g2__1705/Y                                                -       AN->Y  R     NAND2BX1       1  0.6    10    19     257    (-,-) 
  g2667__7482/Y                                             -       B->Y   F     XNOR2X1        4  1.0    11    33     290    (-,-) 
  m_uint/m_core/g14763__6783/Y                              -       AN->Y  F     NAND2BX1       1  0.4    13    23     313    (-,-) 
  m_uint/m_core/g14655__2346/Y                              -       B->Y   R     NAND2X1        3  1.1    14    12     325    (-,-) 
  m_uint/m_core/fopt14784/Y                                 -       A->Y   F     INVX1          2  1.0    10    12     337    (-,-) 
  m_uint/m_core/g14535__3680/Y                              -       A1N->Y F     AOI2BB1X1      2  0.5    10    28     365    (-,-) 
  m_uint/m_core/g14521/Y                                    -       A->Y   R     INVXL          1  0.3     6     9     373    (-,-) 
  m_uint/m_core/g14417__6161/Y                              -       A->Y   F     MXI2XL         1  0.7    27    23     396    (-,-) 
  m_uint/m_core/WALLACE_CSA_DUMMY_OP7_groupi_g2370__7410/CO -       CI->CO F     ADDFXL         1  0.7    11    43     439    (-,-) 
  m_uint/m_core/WALLACE_CSA_DUMMY_OP7_groupi_g2346__3680/S  -       CI->S  R     ADDFXL         1  0.7    12    56     495    (-,-) 
  m_uint/m_core/WALLACE_CSA_DUMMY_OP7_groupi_g2329__9315/S  -       CI->S  F     ADDFXL         2  0.7    12    54     550    (-,-) 
  m_uint/m_core/WALLACE_CSA_DUMMY_OP7_groupi_g2__4319/Y     -       B->Y   F     AND2XL         2  0.6     9    18     568    (-,-) 
  m_uint/m_core/WALLACE_CSA_DUMMY_OP7_groupi_g2315__8246/Y  -       B->Y   R     NOR2BX1        1  0.5    13    13     580    (-,-) 
  m_uint/m_core/WALLACE_CSA_DUMMY_OP7_groupi_g2310__1617/Y  -       B->Y   F     NOR2X1         2  0.7    13    11     591    (-,-) 
  m_uint/m_core/WALLACE_CSA_DUMMY_OP7_groupi_g2282__6161/Y  -       B0->Y  R     AOI21X1        2  1.1    24    21     612    (-,-) 
  m_uint/m_core/WALLACE_CSA_DUMMY_OP7_groupi_g2276__7098/Y  -       A1->Y  F     OAI21X1        1  0.5    17    20     633    (-,-) 
  m_uint/m_core/WALLACE_CSA_DUMMY_OP7_groupi_g2274__8246/Y  -       B->Y   R     XNOR2X1        3  0.9    10    37     670    (-,-) 
  g3644__5115/Y                                             -       A->Y   F     NOR2XL         1  0.4    10    11     681    (-,-) 
  g3617__6417/Y                                             -       B->Y   R     NAND2X1        2  0.8    11    10     692    (-,-) 
  g3610__2883/Y                                             -       B->Y   F     NAND2XL        1  0.5    17    15     707    (-,-) 
  g3597__8246/Y                                             -       B->Y   R     XNOR2X1        2  0.6     8    36     743    (-,-) 
  g3564__7482/Y                                             -       C->Y   F     NAND3XL        1  0.2    20    16     759    (-,-) 
  g3562__1881/Y                                             -       B->Y   R     NOR2XL         1  0.6    21    20     779    (-,-) 
  g3558__7098/Y                                             -       B->Y   F     XNOR2X2        5  6.5    31    51     830    (-,-) 
  g1474/Y                                                   -       A->Y   F     BUFX12         1 50.0    40    45     874    (-,-) 
  R[13]                                                     -       -      F     (port)         -    -     -     0     874    (-,-) 
#-----------------------------------------------------------------------------------------------------------------------------------



Path 4: VIOLATED (-124 ps) Late External Delay Assertion at pin R[14]
          Group: vclk
     Startpoint: (F) B[2]
          Clock: (R) vclk
       Endpoint: (F) R[14]
          Clock: (R) vclk

                     Capture       Launch     
        Clock Edge:+    1000            0     
        Drv Adjust:+       0            0     
       Src Latency:+       0            0     
       Net Latency:+       0 (I)        0 (I) 
           Arrival:=    1000            0     
                                              
      Output Delay:-     200                  
       Uncertainty:-      50                  
     Required Time:=     750                  
      Launch Clock:-       0                  
       Input Delay:-     200                  
         Data Path:-     674                  
             Slack:=    -124                  

Exceptions/Constraints:
  input_delay              200             acbam_Fixed8.sdc_line_14_13_1 
  output_delay             200             acbam_Fixed8.sdc_line_15_21_1 

#-----------------------------------------------------------------------------------------------------------------------------------
#                       Timing Point                        Flags    Arc   Edge   Cell     Fanout Load Trans Delay Arrival Instance 
#                                                                                                 (fF)  (ps)  (ps)   (ps)  Location 
#-----------------------------------------------------------------------------------------------------------------------------------
  B[2]                                                      -       -      F     (arrival)      6  4.8     0     0     200    (-,-) 
  g2715__5526/Y                                             -       A->Y   R     NOR2X6         1  1.0     8    11     211    (-,-) 
  g2700__9315/Y                                             -       A->Y   F     NAND2X2        1  0.8    12    14     225    (-,-) 
  g2686__6783/Y                                             -       B->Y   R     NOR2X2         2  0.9    13    13     238    (-,-) 
  g2__1705/Y                                                -       AN->Y  R     NAND2BX1       1  0.6    10    19     257    (-,-) 
  g2667__7482/Y                                             -       B->Y   F     XNOR2X1        4  1.0    11    33     290    (-,-) 
  m_uint/m_core/g14763__6783/Y                              -       AN->Y  F     NAND2BX1       1  0.4    13    23     313    (-,-) 
  m_uint/m_core/g14655__2346/Y                              -       B->Y   R     NAND2X1        3  1.1    14    12     325    (-,-) 
  m_uint/m_core/fopt14784/Y                                 -       A->Y   F     INVX1          2  1.0    10    12     337    (-,-) 
  m_uint/m_core/g14535__3680/Y                              -       A1N->Y F     AOI2BB1X1      2  0.5    10    28     365    (-,-) 
  m_uint/m_core/g14521/Y                                    -       A->Y   R     INVXL          1  0.3     6     9     373    (-,-) 
  m_uint/m_core/g14417__6161/Y                              -       A->Y   F     MXI2XL         1  0.7    27    23     396    (-,-) 
  m_uint/m_core/WALLACE_CSA_DUMMY_OP7_groupi_g2370__7410/CO -       CI->CO F     ADDFXL         1  0.7    11    43     439    (-,-) 
  m_uint/m_core/WALLACE_CSA_DUMMY_OP7_groupi_g2346__3680/S  -       CI->S  R     ADDFXL         1  0.7    12    56     495    (-,-) 
  m_uint/m_core/WALLACE_CSA_DUMMY_OP7_groupi_g2329__9315/S  -       CI->S  F     ADDFXL         2  0.7    12    54     550    (-,-) 
  m_uint/m_core/WALLACE_CSA_DUMMY_OP7_groupi_g2__4319/Y     -       B->Y   F     AND2XL         2  0.6     9    18     568    (-,-) 
  m_uint/m_core/WALLACE_CSA_DUMMY_OP7_groupi_g2315__8246/Y  -       B->Y   R     NOR2BX1        1  0.5    13    13     580    (-,-) 
  m_uint/m_core/WALLACE_CSA_DUMMY_OP7_groupi_g2310__1617/Y  -       B->Y   F     NOR2X1         2  0.7    13    11     591    (-,-) 
  m_uint/m_core/WALLACE_CSA_DUMMY_OP7_groupi_g2282__6161/Y  -       B0->Y  R     AOI21X1        2  1.1    24    21     612    (-,-) 
  m_uint/m_core/WALLACE_CSA_DUMMY_OP7_groupi_g2276__7098/Y  -       A1->Y  F     OAI21X1        1  0.5    17    20     633    (-,-) 
  m_uint/m_core/WALLACE_CSA_DUMMY_OP7_groupi_g2274__8246/Y  -       B->Y   R     XNOR2X1        3  0.9    10    37     670    (-,-) 
  g3644__5115/Y                                             -       A->Y   F     NOR2XL         1  0.4    10    11     681    (-,-) 
  g3617__6417/Y                                             -       B->Y   R     NAND2X1        2  0.8    11    10     692    (-,-) 
  g3610__2883/Y                                             -       B->Y   F     NAND2XL        1  0.5    17    15     707    (-,-) 
  g3597__8246/Y                                             -       B->Y   R     XNOR2X1        2  0.6     8    36     743    (-,-) 
  g3564__7482/Y                                             -       C->Y   F     NAND3XL        1  0.2    20    16     759    (-,-) 
  g3562__1881/Y                                             -       B->Y   R     NOR2XL         1  0.6    21    20     779    (-,-) 
  g3558__7098/Y                                             -       B->Y   F     XNOR2X2        5  6.5    31    51     830    (-,-) 
  g1473/Y                                                   -       A->Y   F     BUFX12         1 50.0    40    45     874    (-,-) 
  R[14]                                                     -       -      F     (port)         -    -     -     0     874    (-,-) 
#-----------------------------------------------------------------------------------------------------------------------------------



Path 5: VIOLATED (-124 ps) Late External Delay Assertion at pin R[15]
          Group: vclk
     Startpoint: (F) B[2]
          Clock: (R) vclk
       Endpoint: (F) R[15]
          Clock: (R) vclk

                     Capture       Launch     
        Clock Edge:+    1000            0     
        Drv Adjust:+       0            0     
       Src Latency:+       0            0     
       Net Latency:+       0 (I)        0 (I) 
           Arrival:=    1000            0     
                                              
      Output Delay:-     200                  
       Uncertainty:-      50                  
     Required Time:=     750                  
      Launch Clock:-       0                  
       Input Delay:-     200                  
         Data Path:-     674                  
             Slack:=    -124                  

Exceptions/Constraints:
  input_delay              200             acbam_Fixed8.sdc_line_14_13_1 
  output_delay             200             acbam_Fixed8.sdc_line_15      

#-----------------------------------------------------------------------------------------------------------------------------------
#                       Timing Point                        Flags    Arc   Edge   Cell     Fanout Load Trans Delay Arrival Instance 
#                                                                                                 (fF)  (ps)  (ps)   (ps)  Location 
#-----------------------------------------------------------------------------------------------------------------------------------
  B[2]                                                      -       -      F     (arrival)      6  4.8     0     0     200    (-,-) 
  g2715__5526/Y                                             -       A->Y   R     NOR2X6         1  1.0     8    11     211    (-,-) 
  g2700__9315/Y                                             -       A->Y   F     NAND2X2        1  0.8    12    14     225    (-,-) 
  g2686__6783/Y                                             -       B->Y   R     NOR2X2         2  0.9    13    13     238    (-,-) 
  g2__1705/Y                                                -       AN->Y  R     NAND2BX1       1  0.6    10    19     257    (-,-) 
  g2667__7482/Y                                             -       B->Y   F     XNOR2X1        4  1.0    11    33     290    (-,-) 
  m_uint/m_core/g14763__6783/Y                              -       AN->Y  F     NAND2BX1       1  0.4    13    23     313    (-,-) 
  m_uint/m_core/g14655__2346/Y                              -       B->Y   R     NAND2X1        3  1.1    14    12     325    (-,-) 
  m_uint/m_core/fopt14784/Y                                 -       A->Y   F     INVX1          2  1.0    10    12     337    (-,-) 
  m_uint/m_core/g14535__3680/Y                              -       A1N->Y F     AOI2BB1X1      2  0.5    10    28     365    (-,-) 
  m_uint/m_core/g14521/Y                                    -       A->Y   R     INVXL          1  0.3     6     9     373    (-,-) 
  m_uint/m_core/g14417__6161/Y                              -       A->Y   F     MXI2XL         1  0.7    27    23     396    (-,-) 
  m_uint/m_core/WALLACE_CSA_DUMMY_OP7_groupi_g2370__7410/CO -       CI->CO F     ADDFXL         1  0.7    11    43     439    (-,-) 
  m_uint/m_core/WALLACE_CSA_DUMMY_OP7_groupi_g2346__3680/S  -       CI->S  R     ADDFXL         1  0.7    12    56     495    (-,-) 
  m_uint/m_core/WALLACE_CSA_DUMMY_OP7_groupi_g2329__9315/S  -       CI->S  F     ADDFXL         2  0.7    12    54     550    (-,-) 
  m_uint/m_core/WALLACE_CSA_DUMMY_OP7_groupi_g2__4319/Y     -       B->Y   F     AND2XL         2  0.6     9    18     568    (-,-) 
  m_uint/m_core/WALLACE_CSA_DUMMY_OP7_groupi_g2315__8246/Y  -       B->Y   R     NOR2BX1        1  0.5    13    13     580    (-,-) 
  m_uint/m_core/WALLACE_CSA_DUMMY_OP7_groupi_g2310__1617/Y  -       B->Y   F     NOR2X1         2  0.7    13    11     591    (-,-) 
  m_uint/m_core/WALLACE_CSA_DUMMY_OP7_groupi_g2282__6161/Y  -       B0->Y  R     AOI21X1        2  1.1    24    21     612    (-,-) 
  m_uint/m_core/WALLACE_CSA_DUMMY_OP7_groupi_g2276__7098/Y  -       A1->Y  F     OAI21X1        1  0.5    17    20     633    (-,-) 
  m_uint/m_core/WALLACE_CSA_DUMMY_OP7_groupi_g2274__8246/Y  -       B->Y   R     XNOR2X1        3  0.9    10    37     670    (-,-) 
  g3644__5115/Y                                             -       A->Y   F     NOR2XL         1  0.4    10    11     681    (-,-) 
  g3617__6417/Y                                             -       B->Y   R     NAND2X1        2  0.8    11    10     692    (-,-) 
  g3610__2883/Y                                             -       B->Y   F     NAND2XL        1  0.5    17    15     707    (-,-) 
  g3597__8246/Y                                             -       B->Y   R     XNOR2X1        2  0.6     8    36     743    (-,-) 
  g3564__7482/Y                                             -       C->Y   F     NAND3XL        1  0.2    20    16     759    (-,-) 
  g3562__1881/Y                                             -       B->Y   R     NOR2XL         1  0.6    21    20     779    (-,-) 
  g3558__7098/Y                                             -       B->Y   F     XNOR2X2        5  6.5    31    51     830    (-,-) 
  g1475/Y                                                   -       A->Y   F     BUFX12         1 50.0    40    45     874    (-,-) 
  R[15]                                                     -       -      F     (port)         -    -     -     0     874    (-,-) 
#-----------------------------------------------------------------------------------------------------------------------------------



Path 6: VIOLATED (-115 ps) Late External Delay Assertion at pin R[10]
          Group: vclk
     Startpoint: (F) B[2]
          Clock: (R) vclk
       Endpoint: (F) R[10]
          Clock: (R) vclk

                     Capture       Launch     
        Clock Edge:+    1000            0     
        Drv Adjust:+       0            0     
       Src Latency:+       0            0     
       Net Latency:+       0 (I)        0 (I) 
           Arrival:=    1000            0     
                                              
      Output Delay:-     200                  
       Uncertainty:-      50                  
     Required Time:=     750                  
      Launch Clock:-       0                  
       Input Delay:-     200                  
         Data Path:-     665                  
             Slack:=    -115                  

Exceptions/Constraints:
  input_delay              200             acbam_Fixed8.sdc_line_14_13_1 
  output_delay             200             acbam_Fixed8.sdc_line_15_25_1 

#-----------------------------------------------------------------------------------------------------------------------------------
#                       Timing Point                        Flags    Arc   Edge   Cell     Fanout Load Trans Delay Arrival Instance 
#                                                                                                 (fF)  (ps)  (ps)   (ps)  Location 
#-----------------------------------------------------------------------------------------------------------------------------------
  B[2]                                                      -       -      F     (arrival)      6  4.8     0     0     200    (-,-) 
  g2715__5526/Y                                             -       A->Y   R     NOR2X6         1  1.0     8    11     211    (-,-) 
  g2700__9315/Y                                             -       A->Y   F     NAND2X2        1  0.8    12    14     225    (-,-) 
  g2686__6783/Y                                             -       B->Y   R     NOR2X2         2  0.9    13    13     238    (-,-) 
  g2__1705/Y                                                -       AN->Y  R     NAND2BX1       1  0.6    10    19     257    (-,-) 
  g2667__7482/Y                                             -       B->Y   F     XNOR2X1        4  1.0    11    33     290    (-,-) 
  m_uint/m_core/g14763__6783/Y                              -       AN->Y  F     NAND2BX1       1  0.4    13    23     313    (-,-) 
  m_uint/m_core/g14655__2346/Y                              -       B->Y   R     NAND2X1        3  1.1    14    12     325    (-,-) 
  m_uint/m_core/fopt14784/Y                                 -       A->Y   F     INVX1          2  1.0    10    12     337    (-,-) 
  m_uint/m_core/g14535__3680/Y                              -       A1N->Y F     AOI2BB1X1      2  0.5    10    28     365    (-,-) 
  m_uint/m_core/g14521/Y                                    -       A->Y   R     INVXL          1  0.3     6     9     373    (-,-) 
  m_uint/m_core/g14417__6161/Y                              -       A->Y   F     MXI2XL         1  0.7    27    23     396    (-,-) 
  m_uint/m_core/WALLACE_CSA_DUMMY_OP7_groupi_g2370__7410/CO -       CI->CO F     ADDFXL         1  0.7    11    43     439    (-,-) 
  m_uint/m_core/WALLACE_CSA_DUMMY_OP7_groupi_g2346__3680/S  -       CI->S  R     ADDFXL         1  0.7    12    56     495    (-,-) 
  m_uint/m_core/WALLACE_CSA_DUMMY_OP7_groupi_g2329__9315/S  -       CI->S  F     ADDFXL         2  0.7    12    54     550    (-,-) 
  m_uint/m_core/WALLACE_CSA_DUMMY_OP7_groupi_g2__4319/Y     -       B->Y   F     AND2XL         2  0.6     9    18     568    (-,-) 
  m_uint/m_core/WALLACE_CSA_DUMMY_OP7_groupi_g2315__8246/Y  -       B->Y   R     NOR2BX1        1  0.5    13    13     580    (-,-) 
  m_uint/m_core/WALLACE_CSA_DUMMY_OP7_groupi_g2310__1617/Y  -       B->Y   F     NOR2X1         2  0.7    13    11     591    (-,-) 
  m_uint/m_core/WALLACE_CSA_DUMMY_OP7_groupi_g2282__6161/Y  -       B0->Y  R     AOI21X1        2  1.1    24    21     612    (-,-) 
  m_uint/m_core/WALLACE_CSA_DUMMY_OP7_groupi_g2276__7098/Y  -       A1->Y  F     OAI21X1        1  0.5    17    20     633    (-,-) 
  m_uint/m_core/WALLACE_CSA_DUMMY_OP7_groupi_g2274__8246/Y  -       B->Y   R     XNOR2X1        3  0.9    10    37     670    (-,-) 
  g3650__9945/Y                                             -       B->Y   F     NOR2XL         1  0.3     8     9     679    (-,-) 
  g3605__4733/Y                                             -       A1N->Y F     OAI2BB1XL      1  0.5    17    22     701    (-,-) 
  g3592__1617/Y                                             -       B->Y   R     XNOR2X1        2  0.6     8    36     737    (-,-) 
  fopt3677/Y                                                -       A->Y   R     CLKBUFX2       2  1.1     7    21     758    (-,-) 
  g3566__6161/Y                                             -       A->Y   F     NAND2X1        2  0.4    13    14     771    (-,-) 
  g3559__6131/Y                                             -       B->Y   R     NOR2BXL        1  0.6    20    18     789    (-,-) 
  g3555__5122/Y                                             -       B->Y   R     XNOR2X1        1  3.8    30    39     828    (-,-) 
  g3554/Y                                                   -       A->Y   F     CLKINVX8       1 50.0    55    37     865    (-,-) 
  R[10]                                                     -       -      F     (port)         -    -     -     0     865    (-,-) 
#-----------------------------------------------------------------------------------------------------------------------------------



Path 7: VIOLATED (-111 ps) Late External Delay Assertion at pin R[9]
          Group: vclk
     Startpoint: (F) B[2]
          Clock: (R) vclk
       Endpoint: (F) R[9]
          Clock: (R) vclk

                     Capture       Launch     
        Clock Edge:+    1000            0     
        Drv Adjust:+       0            0     
       Src Latency:+       0            0     
       Net Latency:+       0 (I)        0 (I) 
           Arrival:=    1000            0     
                                              
      Output Delay:-     200                  
       Uncertainty:-      50                  
     Required Time:=     750                  
      Launch Clock:-       0                  
       Input Delay:-     200                  
         Data Path:-     661                  
             Slack:=    -111                  

Exceptions/Constraints:
  input_delay              200             acbam_Fixed8.sdc_line_14_13_1 
  output_delay             200             acbam_Fixed8.sdc_line_15_26_1 

#----------------------------------------------------------------------------------------------------------------------------------
#                      Timing Point                        Flags    Arc   Edge   Cell     Fanout Load Trans Delay Arrival Instance 
#                                                                                                (fF)  (ps)  (ps)   (ps)  Location 
#----------------------------------------------------------------------------------------------------------------------------------
  B[2]                                                     -       -      F     (arrival)      6  4.8     0     0     200    (-,-) 
  g2715__5526/Y                                            -       A->Y   R     NOR2X6         1  1.0     8    11     211    (-,-) 
  g2700__9315/Y                                            -       A->Y   F     NAND2X2        1  0.8    12    14     225    (-,-) 
  g2686__6783/Y                                            -       B->Y   R     NOR2X2         2  0.9    13    13     238    (-,-) 
  g2__1705/Y                                               -       AN->Y  R     NAND2BX1       1  0.6    10    19     257    (-,-) 
  g2667__7482/Y                                            -       B->Y   F     XNOR2X1        4  1.0    11    33     290    (-,-) 
  m_uint/m_core/g14763__6783/Y                             -       AN->Y  F     NAND2BX1       1  0.4    13    23     313    (-,-) 
  m_uint/m_core/g14655__2346/Y                             -       B->Y   R     NAND2X1        3  1.1    14    12     325    (-,-) 
  m_uint/m_core/fopt14783/Y                                -       A->Y   F     INVXL          2  0.6     9    12     337    (-,-) 
  m_uint/m_core/fopt14782/Y                                -       A->Y   R     INVX1          2  0.6     7     9     345    (-,-) 
  m_uint/m_core/g14543__6131/Y                             -       A1N->Y R     OAI2BB1X1      2  1.0    13    27     373    (-,-) 
  m_uint/m_core/g14525/Y                                   -       A->Y   F     INVX1          2  0.6     7    10     383    (-,-) 
  m_uint/m_core/g14431__5107/Y                             -       A->Y   R     XOR2XL         1  1.6    22    45     428    (-,-) 
  m_uint/m_core/WALLACE_CSA_DUMMY_OP7_groupi_g2387__8246/S -       A->S   F     ADDFHXL        1  1.0    13    63     490    (-,-) 
  m_uint/m_core/WALLACE_CSA_DUMMY_OP7_groupi_g2329__9315/S -       A->S   R     ADDFXL         2  0.8    13    59     550    (-,-) 
  m_uint/m_core/WALLACE_CSA_DUMMY_OP7_groupi_g2__4319/Y    -       B->Y   R     AND2XL         2  0.8    12    25     574    (-,-) 
  m_uint/m_core/WALLACE_CSA_DUMMY_OP7_groupi_g2315__8246/Y -       B->Y   F     NOR2BX1        1  0.4     8    10     584    (-,-) 
  m_uint/m_core/WALLACE_CSA_DUMMY_OP7_groupi_g2310__1617/Y -       B->Y   R     NOR2X1         2  0.8    17    15     599    (-,-) 
  m_uint/m_core/WALLACE_CSA_DUMMY_OP7_groupi_g2282__6161/Y -       B0->Y  F     AOI21X1        2  0.9    23    13     612    (-,-) 
  m_uint/m_core/WALLACE_CSA_DUMMY_OP7_groupi_g2276__7098/Y -       A1->Y  R     OAI21X1        1  0.6    21    22     634    (-,-) 
  m_uint/m_core/WALLACE_CSA_DUMMY_OP7_groupi_g2274__8246/Y -       B->Y   F     XNOR2X1        3  0.7     9    33     666    (-,-) 
  g3650__9945/Y                                            -       B->Y   R     NOR2XL         1  0.3    13    13     679    (-,-) 
  g3605__4733/Y                                            -       A1N->Y R     OAI2BB1XL      1  0.6    13    24     704    (-,-) 
  g3592__1617/Y                                            -       B->Y   F     XNOR2X1        2  0.6     8    32     735    (-,-) 
  fopt3677/Y                                               -       A->Y   F     CLKBUFX2       2  0.9     7    22     757    (-,-) 
  g3566__6161/Y                                            -       A->Y   R     NAND2X1        2  0.6     9    10     768    (-,-) 
  g3561/Y                                                  -       A->Y   F     INVXL          1  0.5     8     9     777    (-,-) 
  g3557__8246/Y                                            -       B->Y   R     XNOR2X1        1  3.8    30    47     824    (-,-) 
  g3556/Y                                                  -       A->Y   F     CLKINVX8       1 50.0    55    37     861    (-,-) 
  R[9]                                                     -       -      F     (port)         -    -     -     0     861    (-,-) 
#----------------------------------------------------------------------------------------------------------------------------------



Path 8: VIOLATED (-94 ps) Late External Delay Assertion at pin R[8]
          Group: vclk
     Startpoint: (F) B[0]
          Clock: (R) vclk
       Endpoint: (R) R[8]
          Clock: (R) vclk

                     Capture       Launch     
        Clock Edge:+    1000            0     
        Drv Adjust:+       0            0     
       Src Latency:+       0            0     
       Net Latency:+       0 (I)        0 (I) 
           Arrival:=    1000            0     
                                              
      Output Delay:-     200                  
       Uncertainty:-      50                  
     Required Time:=     750                  
      Launch Clock:-       0                  
       Input Delay:-     200                  
         Data Path:-     644                  
             Slack:=     -94                  

Exceptions/Constraints:
  input_delay              200             acbam_Fixed8.sdc_line_14_15_1 
  output_delay             200             acbam_Fixed8.sdc_line_15_27_1 

#----------------------------------------------------------------------------------------------------------------------------------
#                      Timing Point                        Flags    Arc   Edge   Cell     Fanout Load Trans Delay Arrival Instance 
#                                                                                                (fF)  (ps)  (ps)   (ps)  Location 
#----------------------------------------------------------------------------------------------------------------------------------
  B[0]                                                     -       -      F     (arrival)     12  8.0     0     0     200    (-,-) 
  g2719__2802/Y                                            -       A->Y   R     NOR2X8         5  2.6    10    13     213    (-,-) 
  g2689__2802/Y                                            -       A1->Y  F     AOI21X1        1  0.5    17    18     231    (-,-) 
  g2673__2346/Y                                            -       B->Y   R     CLKXOR2X1      7  3.3    26    40     271    (-,-) 
  m_uint/m_core/fopt14820/Y                                -       A->Y   F     INVXL          1  0.4     9    14     286    (-,-) 
  m_uint/m_core/g14664__6417/Y                             -       B->Y   R     NOR2X1         1  1.0    20    16     302    (-,-) 
  m_uint/m_core/g14653__9945/Y                             -       B->Y   F     NOR2X2         8  1.9    14    14     316    (-,-) 
  m_uint/m_core/g14749__9315/Y                             -       AN->Y  F     NAND2BXL       2  0.4    16    22     338    (-,-) 
  m_uint/m_core/g14516__5477/Y                             -       B->Y   R     NAND2XL        2  0.6    14    13     351    (-,-) 
  m_uint/m_core/g14507/Y                                   -       A->Y   F     INVXL          1  0.3     6    10     360    (-,-) 
  m_uint/m_core/g14419__9945/Y                             -       A1N->Y F     OAI2BB1X1      1  0.5    14    22     383    (-,-) 
  m_uint/m_core/g14734__5526/Y                             -       B->Y   R     XNOR2X1        2  0.9    10    37     420    (-,-) 
  m_uint/m_core/WALLACE_CSA_DUMMY_OP7_groupi_g2390__1881/Y -       S0->Y  R     MXI2XL         1  0.6    26    23     443    (-,-) 
  m_uint/m_core/WALLACE_CSA_DUMMY_OP7_groupi_g2380__6783/Y -       S0->Y  F     MXI2XL         1  0.7    28    24     467    (-,-) 
  m_uint/m_core/WALLACE_CSA_DUMMY_OP7_groupi_g2335__6417/S -       CI->S  R     ADDFXL         2  0.8    13    60     527    (-,-) 
  m_uint/m_core/WALLACE_CSA_DUMMY_OP7_groupi_g2333__1666/Y -       B->Y   F     NOR2XL         2  0.6    12    12     539    (-,-) 
  m_uint/m_core/WALLACE_CSA_DUMMY_OP7_groupi_g2320__1881/Y -       AN->Y  F     NAND2BXL       1  0.5    17    23     562    (-,-) 
  m_uint/m_core/WALLACE_CSA_DUMMY_OP7_groupi_g2288__1666/Y -       B->Y   F     XNOR2X1        3  0.8    10    33     594    (-,-) 
  g3658/Y                                                  -       A->Y   R     INVXL          2  0.6    10    10     605    (-,-) 
  g3629__6783/Y                                            -       B->Y   F     NAND2XL        1  0.2    11    12     616    (-,-) 
  g3624__6260/Y                                            -       B->Y   R     NOR2XL         2  0.6    20    17     633    (-,-) 
  g3666__1666/Y                                            -       AN->Y  R     NOR2BX1        3  1.1    24    29     662    (-,-) 
  g3601__5115/Y                                            -       A1N->Y R     OAI2BB1X1      2  0.9    13    30     692    (-,-) 
  g3594__2802/Y                                            -       A->Y   F     XNOR2X1        3  1.0    11    46     738    (-,-) 
  g3568__9945/Y                                            -       A->Y   R     NOR2X1         2  0.8    17    18     755    (-,-) 
  g3565__4733/Y                                            -       A->Y   F     XNOR2X1        1  3.3    26    55     810    (-,-) 
  g3560/Y                                                  -       A->Y   R     CLKINVX8       1 50.0    50    34     844    (-,-) 
  R[8]                                                     -       -      R     (port)         -    -     -     0     844    (-,-) 
#----------------------------------------------------------------------------------------------------------------------------------



Path 9: VIOLATED (-79 ps) Late External Delay Assertion at pin R[7]
          Group: vclk
     Startpoint: (F) B[2]
          Clock: (R) vclk
       Endpoint: (R) R[7]
          Clock: (R) vclk

                     Capture       Launch     
        Clock Edge:+    1000            0     
        Drv Adjust:+       0            0     
       Src Latency:+       0            0     
       Net Latency:+       0 (I)        0 (I) 
           Arrival:=    1000            0     
                                              
      Output Delay:-     200                  
       Uncertainty:-      50                  
     Required Time:=     750                  
      Launch Clock:-       0                  
       Input Delay:-     200                  
         Data Path:-     629                  
             Slack:=     -79                  

Exceptions/Constraints:
  input_delay              200             acbam_Fixed8.sdc_line_14_13_1 
  output_delay             200             acbam_Fixed8.sdc_line_15_28_1 

#-----------------------------------------------------------------------------------------------------------------------------------
#                       Timing Point                        Flags    Arc   Edge   Cell     Fanout Load Trans Delay Arrival Instance 
#                                                                                                 (fF)  (ps)  (ps)   (ps)  Location 
#-----------------------------------------------------------------------------------------------------------------------------------
  B[2]                                                      -       -      F     (arrival)      6  4.8     0     0     200    (-,-) 
  g2715__5526/Y                                             -       A->Y   R     NOR2X6         1  1.0     8    11     211    (-,-) 
  g2700__9315/Y                                             -       A->Y   F     NAND2X2        1  0.8    12    14     225    (-,-) 
  g2686__6783/Y                                             -       B->Y   R     NOR2X2         2  0.9    13    13     238    (-,-) 
  g2__1705/Y                                                -       AN->Y  R     NAND2BX1       1  0.6    10    19     257    (-,-) 
  g2667__7482/Y                                             -       B->Y   F     XNOR2X1        4  1.0    11    33     290    (-,-) 
  m_uint/m_core/g14763__6783/Y                              -       AN->Y  F     NAND2BX1       1  0.4    13    23     313    (-,-) 
  m_uint/m_core/g14655__2346/Y                              -       B->Y   R     NAND2X1        3  1.1    14    12     325    (-,-) 
  m_uint/m_core/fopt14784/Y                                 -       A->Y   F     INVX1          2  1.0    10    12     337    (-,-) 
  m_uint/m_core/g14535__3680/Y                              -       A1N->Y F     AOI2BB1X1      2  0.5    10    28     365    (-,-) 
  m_uint/m_core/g14521/Y                                    -       A->Y   R     INVXL          1  0.3     6     9     373    (-,-) 
  m_uint/m_core/g14417__6161/Y                              -       A->Y   F     MXI2XL         1  0.7    27    23     396    (-,-) 
  m_uint/m_core/WALLACE_CSA_DUMMY_OP7_groupi_g2370__7410/CO -       CI->CO F     ADDFXL         1  0.7    11    43     439    (-,-) 
  m_uint/m_core/WALLACE_CSA_DUMMY_OP7_groupi_g2346__3680/S  -       CI->S  R     ADDFXL         1  0.7    12    56     495    (-,-) 
  m_uint/m_core/WALLACE_CSA_DUMMY_OP7_groupi_g2329__9315/S  -       CI->S  F     ADDFXL         2  0.7    12    54     550    (-,-) 
  m_uint/m_core/WALLACE_CSA_DUMMY_OP7_groupi_g2__4319/Y     -       B->Y   F     AND2XL         2  0.6     9    18     568    (-,-) 
  m_uint/m_core/WALLACE_CSA_DUMMY_OP7_groupi_g2315__8246/Y  -       B->Y   R     NOR2BX1        1  0.5    13    13     580    (-,-) 
  m_uint/m_core/WALLACE_CSA_DUMMY_OP7_groupi_g2310__1617/Y  -       B->Y   F     NOR2X1         2  0.7    13    11     591    (-,-) 
  m_uint/m_core/WALLACE_CSA_DUMMY_OP7_groupi_g2282__6161/Y  -       B0->Y  R     AOI21X1        2  1.1    24    21     612    (-,-) 
  m_uint/m_core/WALLACE_CSA_DUMMY_OP7_groupi_g2276__7098/Y  -       A1->Y  F     OAI21X1        1  0.5    17    20     633    (-,-) 
  m_uint/m_core/WALLACE_CSA_DUMMY_OP7_groupi_g2274__8246/Y  -       B->Y   R     XNOR2X1        3  0.9    10    37     670    (-,-) 
  fopt2/Y                                                   -       A->Y   F     INVXL          2  0.5     8    10     680    (-,-) 
  fopt3674/Y                                                -       A->Y   F     CLKBUFX2       2  0.8     7    22     702    (-,-) 
  g3594__2802/Y                                             -       B->Y   R     XNOR2X1        3  1.1    11    37     738    (-,-) 
  g3586/Y                                                   -       A->Y   F     INVXL          1  0.3     6     9     747    (-,-) 
  g3563__5115/Y                                             -       A->Y   R     MXI2X8         1 50.0    50    82     829    (-,-) 
  R[7]                                                      -       -      R     (port)         -    -     -     0     829    (-,-) 
#-----------------------------------------------------------------------------------------------------------------------------------



Path 10: VIOLATED (-68 ps) Late External Delay Assertion at pin R[6]
          Group: vclk
     Startpoint: (F) B[0]
          Clock: (R) vclk
       Endpoint: (R) R[6]
          Clock: (R) vclk

                     Capture       Launch     
        Clock Edge:+    1000            0     
        Drv Adjust:+       0            0     
       Src Latency:+       0            0     
       Net Latency:+       0 (I)        0 (I) 
           Arrival:=    1000            0     
                                              
      Output Delay:-     200                  
       Uncertainty:-      50                  
     Required Time:=     750                  
      Launch Clock:-       0                  
       Input Delay:-     200                  
         Data Path:-     618                  
             Slack:=     -68                  

Exceptions/Constraints:
  input_delay              200             acbam_Fixed8.sdc_line_14_15_1 
  output_delay             200             acbam_Fixed8.sdc_line_15_29_1 

#----------------------------------------------------------------------------------------------------------------------------------
#                      Timing Point                        Flags    Arc   Edge   Cell     Fanout Load Trans Delay Arrival Instance 
#                                                                                                (fF)  (ps)  (ps)   (ps)  Location 
#----------------------------------------------------------------------------------------------------------------------------------
  B[0]                                                     -       -      F     (arrival)     12  8.0     0     0     200    (-,-) 
  g2719__2802/Y                                            -       A->Y   R     NOR2X8         5  2.6    10    13     213    (-,-) 
  g2689__2802/Y                                            -       A1->Y  F     AOI21X1        1  0.5    17    18     231    (-,-) 
  g2673__2346/Y                                            -       B->Y   R     CLKXOR2X1      7  3.3    26    40     271    (-,-) 
  m_uint/m_core/fopt14820/Y                                -       A->Y   F     INVXL          1  0.4     9    14     286    (-,-) 
  m_uint/m_core/g14664__6417/Y                             -       B->Y   R     NOR2X1         1  1.0    20    16     302    (-,-) 
  m_uint/m_core/g14653__9945/Y                             -       B->Y   F     NOR2X2         8  1.9    14    14     316    (-,-) 
  m_uint/m_core/g14749__9315/Y                             -       AN->Y  F     NAND2BXL       2  0.4    16    22     338    (-,-) 
  m_uint/m_core/g14516__5477/Y                             -       B->Y   R     NAND2XL        2  0.6    14    13     351    (-,-) 
  m_uint/m_core/g14507/Y                                   -       A->Y   F     INVXL          1  0.3     6    10     360    (-,-) 
  m_uint/m_core/g14419__9945/Y                             -       A1N->Y F     OAI2BB1X1      1  0.5    14    22     383    (-,-) 
  m_uint/m_core/g14734__5526/Y                             -       B->Y   R     XNOR2X1        2  0.9    10    37     420    (-,-) 
  m_uint/m_core/WALLACE_CSA_DUMMY_OP7_groupi_g2390__1881/Y -       S0->Y  R     MXI2XL         1  0.6    26    23     443    (-,-) 
  m_uint/m_core/WALLACE_CSA_DUMMY_OP7_groupi_g2380__6783/Y -       S0->Y  F     MXI2XL         1  0.7    28    24     467    (-,-) 
  m_uint/m_core/WALLACE_CSA_DUMMY_OP7_groupi_g2335__6417/S -       CI->S  R     ADDFXL         2  0.8    13    60     527    (-,-) 
  m_uint/m_core/WALLACE_CSA_DUMMY_OP7_groupi_g2333__1666/Y -       B->Y   F     NOR2XL         2  0.6    12    12     539    (-,-) 
  m_uint/m_core/WALLACE_CSA_DUMMY_OP7_groupi_g2320__1881/Y -       AN->Y  F     NAND2BXL       1  0.5    17    23     562    (-,-) 
  m_uint/m_core/WALLACE_CSA_DUMMY_OP7_groupi_g2288__1666/Y -       B->Y   F     XNOR2X1        3  0.8    10    33     594    (-,-) 
  g3658/Y                                                  -       A->Y   R     INVXL          2  0.6    10    10     605    (-,-) 
  g3629__6783/Y                                            -       B->Y   F     NAND2XL        1  0.2    11    12     616    (-,-) 
  g3624__6260/Y                                            -       B->Y   R     NOR2XL         2  0.6    20    17     633    (-,-) 
  g3666__1666/Y                                            -       AN->Y  R     NOR2BX1        3  1.1    24    29     662    (-,-) 
  g3612__1666/Y                                            -       B->Y   F     NOR2X1         2  0.8    14    15     676    (-,-) 
  fopt/Y                                                   -       A->Y   F     CLKBUFX2       1  0.5     6    23     699    (-,-) 
  g3599__6131/Y                                            -       S0->Y  F     MXI2XL         2  0.4    20    21     720    (-,-) 
  g3590/Y                                                  -       A->Y   R     INVXL          1  0.6    11    14     734    (-,-) 
  g3570__2346/Y                                            -       S0->Y  R     MXI2X8         1 50.0    50    84     818    (-,-) 
  R[6]                                                     -       -      R     (port)         -    -     -     0     818    (-,-) 
#----------------------------------------------------------------------------------------------------------------------------------



Path 11: VIOLATED (-31 ps) Late External Delay Assertion at pin R[5]
          Group: vclk
     Startpoint: (F) B[2]
          Clock: (R) vclk
       Endpoint: (R) R[5]
          Clock: (R) vclk

                     Capture       Launch     
        Clock Edge:+    1000            0     
        Drv Adjust:+       0            0     
       Src Latency:+       0            0     
       Net Latency:+       0 (I)        0 (I) 
           Arrival:=    1000            0     
                                              
      Output Delay:-     200                  
       Uncertainty:-      50                  
     Required Time:=     750                  
      Launch Clock:-       0                  
       Input Delay:-     200                  
         Data Path:-     581                  
             Slack:=     -31                  

Exceptions/Constraints:
  input_delay              200             acbam_Fixed8.sdc_line_14_13_1 
  output_delay             200             acbam_Fixed8.sdc_line_15_30_1 

#------------------------------------------------------------------------------------------------------------------------------------
#                       Timing Point                         Flags    Arc   Edge   Cell     Fanout Load Trans Delay Arrival Instance 
#                                                                                                  (fF)  (ps)  (ps)   (ps)  Location 
#------------------------------------------------------------------------------------------------------------------------------------
  B[2]                                                       -       -      F     (arrival)      6  4.8     0     0     200    (-,-) 
  g2715__5526/Y                                              -       A->Y   R     NOR2X6         1  1.0     8    11     211    (-,-) 
  g2700__9315/Y                                              -       A->Y   F     NAND2X2        1  0.8    12    14     225    (-,-) 
  g2686__6783/Y                                              -       B->Y   R     NOR2X2         2  0.9    13    13     238    (-,-) 
  g2__1705/Y                                                 -       AN->Y  R     NAND2BX1       1  0.6    10    19     257    (-,-) 
  g2667__7482/Y                                              -       B->Y   F     XNOR2X1        4  1.0    11    33     290    (-,-) 
  m_uint/m_core/g14763__6783/Y                               -       AN->Y  F     NAND2BX1       1  0.4    13    23     313    (-,-) 
  m_uint/m_core/g14655__2346/Y                               -       B->Y   R     NAND2X1        3  1.1    14    12     325    (-,-) 
  m_uint/m_core/fopt14784/Y                                  -       A->Y   F     INVX1          2  1.0    10    12     337    (-,-) 
  m_uint/m_core/g14535__3680/Y                               -       A1N->Y F     AOI2BB1X1      2  0.5    10    28     365    (-,-) 
  m_uint/m_core/g14521/Y                                     -       A->Y   R     INVXL          1  0.3     6     9     373    (-,-) 
  m_uint/m_core/g14417__6161/Y                               -       A->Y   F     MXI2XL         1  0.7    27    23     396    (-,-) 
  m_uint/m_core/WALLACE_CSA_DUMMY_OP7_groupi_g2370__7410/CO  -       CI->CO F     ADDFXL         1  0.7    11    43     439    (-,-) 
  m_uint/m_core/WALLACE_CSA_DUMMY_OP7_groupi_g2346__3680/S   -       CI->S  R     ADDFXL         1  0.7    12    56     495    (-,-) 
  m_uint/m_core/WALLACE_CSA_DUMMY_OP7_groupi_g2329__9315/S   -       CI->S  F     ADDFXL         2  0.7    12    54     550    (-,-) 
  m_uint/m_core/WALLACE_CSA_DUMMY_OP7_groupi_g2__4319/Y      -       B->Y   F     AND2XL         2  0.6     9    18     568    (-,-) 
  m_uint/m_core/WALLACE_CSA_DUMMY_OP7_groupi_g2322/Y         -       A->Y   R     INVXL          2  0.6     9    10     578    (-,-) 
  m_uint/m_core/WALLACE_CSA_DUMMY_OP7_groupi_g2318_0__1881/Y -       AN->Y  R     NOR2BXL        1  0.3    14    20     598    (-,-) 
  m_uint/m_core/WALLACE_CSA_DUMMY_OP7_groupi_g2317/Y         -       A->Y   F     INVXL          1  0.3     6    10     608    (-,-) 
  m_uint/m_core/WALLACE_CSA_DUMMY_OP7_groupi_g2278__1881/Y   -       A->Y   R     MXI2XL         3  1.1    37    28     636    (-,-) 
  g3606__6161/Y                                              -       A->Y   F     XNOR2XL        2  0.6    10    44     680    (-,-) 
  g3603/Y                                                    -       A->Y   R     INVXL          2  0.6    10    10     690    (-,-) 
  g3602/Y                                                    -       A->Y   F     INVXL          1  0.3     6     8     699    (-,-) 
  g3567__9315/Y                                              -       B->Y   R     MXI2X8         1 50.0    50    82     781    (-,-) 
  R[5]                                                       -       -      R     (port)         -    -     -     0     781    (-,-) 
#------------------------------------------------------------------------------------------------------------------------------------



Path 12: VIOLATED (-14 ps) Late External Delay Assertion at pin R[4]
          Group: vclk
     Startpoint: (R) B[0]
          Clock: (R) vclk
       Endpoint: (F) R[4]
          Clock: (R) vclk

                     Capture       Launch     
        Clock Edge:+    1000            0     
        Drv Adjust:+       0            0     
       Src Latency:+       0            0     
       Net Latency:+       0 (I)        0 (I) 
           Arrival:=    1000            0     
                                              
      Output Delay:-     200                  
       Uncertainty:-      50                  
     Required Time:=     750                  
      Launch Clock:-       0                  
       Input Delay:-     200                  
         Data Path:-     564                  
             Slack:=     -14                  

Exceptions/Constraints:
  input_delay              200             acbam_Fixed8.sdc_line_14_15_1 
  output_delay             200             acbam_Fixed8.sdc_line_15_31_1 

#-----------------------------------------------------------------------------------------------------------------------------------
#                       Timing Point                        Flags    Arc   Edge   Cell     Fanout Load Trans Delay Arrival Instance 
#                                                                                                 (fF)  (ps)  (ps)   (ps)  Location 
#-----------------------------------------------------------------------------------------------------------------------------------
  B[0]                                                      -       -      R     (arrival)     12  8.8     0     0     200    (-,-) 
  g2708__2398/Y                                             -       A->Y   F     NAND2X2        2  0.8    11    12     212    (-,-) 
  g2695__1881/Y                                             -       B->Y   R     NAND2X1        1  0.5     8    10     222    (-,-) 
  g2690__1705/Y                                             -       B0->Y  F     OAI21X1        2  0.8    20    19     240    (-,-) 
  m_uint/m_core/g14764__3680/Y                              -       B->Y   R     NAND2BX1       3  1.3    15    15     256    (-,-) 
  m_uint/m_core/g14640__1705/Y                              -       B->Y   F     NOR2X1         2  0.8    12    12     268    (-,-) 
  m_uint/m_core/g14617__6417/Y                              -       A->Y   R     NOR2X1         2  1.0    20    19     287    (-,-) 
  m_uint/m_core/g14567__4319/Y                              -       B->Y   F     NAND2X1        2  0.9    19    19     306    (-,-) 
  m_uint/m_core/g14450__1881/Y                              -       B->Y   R     NOR2X1         2  0.9    20    19     325    (-,-) 
  m_uint/m_core/g14730__5107/Y                              -       AN->Y  R     NOR2BX1        1  0.6    15    25     350    (-,-) 
  m_uint/m_core/g14754__7410/Y                              -       B->Y   F     XOR2XL         1  0.4     7    33     383    (-,-) 
  m_uint/m_core/g14318__6783/Y                              -       A1->Y  R     OAI21X1        2  0.6    19    17     400    (-,-) 
  m_uint/m_core/WALLACE_CSA_DUMMY_OP7_groupi_g2453/Y        -       A->Y   F     INVXL          2  0.5     9    13     413    (-,-) 
  m_uint/m_core/WALLACE_CSA_DUMMY_OP7_groupi_g2392__7482/Y  -       A->Y   R     MXI2XL         1  0.6    26    23     436    (-,-) 
  m_uint/m_core/WALLACE_CSA_DUMMY_OP7_groupi_g2381__3680/Y  -       S0->Y  R     MXI2XL         1  0.7    29    26     462    (-,-) 
  m_uint/m_core/WALLACE_CSA_DUMMY_OP7_groupi_g2334__7410/CO -       CI->CO R     ADDFXL         2  0.8    13    40     502    (-,-) 
  m_uint/m_core/WALLACE_CSA_DUMMY_OP7_groupi_g2326__4733/Y  -       A1->Y  F     AOI21X1        2  0.6    19    20     522    (-,-) 
  m_uint/m_core/WALLACE_CSA_DUMMY_OP7_groupi_g2311/Y        -       A->Y   R     INVXL          1  0.3     8    12     533    (-,-) 
  m_uint/m_core/WALLACE_CSA_DUMMY_OP7_groupi_g2297__6260/Y  -       A->Y   F     XNOR2XL        2  0.7    11    41     574    (-,-) 
  g3668__6417/Y                                             -       B->Y   R     NOR2BX1        3  0.9    18    16     590    (-,-) 
  g3626__8428/Y                                             -       B->Y   F     NOR2XL         1  0.5    14    13     603    (-,-) 
  g3618__5477/Y                                             -       S0->Y  F     MXI2XL         2  0.6    25    24     627    (-,-) 
  g3583__6260/Y                                             -       A->Y   R     NOR2XL         3  0.9    27    26     654    (-,-) 
  g3580/Y                                                   -       A->Y   F     INVXL          2  0.5    10    15     669    (-,-) 
  g3579/Y                                                   -       A->Y   R     INVXL          1  0.3     6     9     678    (-,-) 
  g3576__5477/Y                                             -       B->Y   F     MXI2X6         1 50.0    68    86     764    (-,-) 
  R[4]                                                      -       -      F     (port)         -    -     -     0     764    (-,-) 
#-----------------------------------------------------------------------------------------------------------------------------------



Path 13: VIOLATED (-8 ps) Late External Delay Assertion at pin R[2]
          Group: vclk
     Startpoint: (R) Conf_Bit_Mask[0]
          Clock: (R) vclk
       Endpoint: (F) R[2]
          Clock: (R) vclk

                     Capture       Launch     
        Clock Edge:+    1000            0     
        Drv Adjust:+       0            0     
       Src Latency:+       0            0     
       Net Latency:+       0 (I)        0 (I) 
           Arrival:=    1000            0     
                                              
      Output Delay:-     200                  
       Uncertainty:-      50                  
     Required Time:=     750                  
      Launch Clock:-       0                  
       Input Delay:-     200                  
         Data Path:-     558                  
             Slack:=      -8                  

Exceptions/Constraints:
  input_delay              200             acbam_Fixed8.sdc_line_14_21_1 
  output_delay             200             acbam_Fixed8.sdc_line_15_33_1 

#---------------------------------------------------------------------------------------------------------------------------------
#                      Timing Point                        Flags   Arc   Edge   Cell     Fanout Load Trans Delay Arrival Instance 
#                                                                                               (fF)  (ps)  (ps)   (ps)  Location 
#---------------------------------------------------------------------------------------------------------------------------------
  Conf_Bit_Mask[0]                                         -       -     R     (arrival)      4  1.9     0     0     200    (-,-) 
  m_uint/m_core/g14724__2883/Y                             -       A->Y  F     NAND2X1        7  2.5    36    26     226    (-,-) 
  m_uint/m_core/g14597__9945/Y                             -       A->Y  R     NOR2X1         4  1.4    28    29     254    (-,-) 
  m_uint/m_core/g2__2346/Y                                 -       B->Y  R     OR2XL          1  0.5     8    18     272    (-,-) 
  m_uint/m_core/g14498__1881/Y                             -       B0->Y F     AOI21X1        1  0.4    17     8     281    (-,-) 
  m_uint/m_core/g14444__1705/Y                             -       B->Y  R     NAND2X1        2  1.4    15    15     296    (-,-) 
  m_uint/m_core/g14408__6131/Y                             -       C->Y  F     NAND3X2        5  1.7    32    25     321    (-,-) 
  m_uint/m_core/g14376__2883/Y                             -       A0->Y R     AOI21X1        2  0.6    19    26     347    (-,-) 
  m_uint/m_core/g14366/Y                                   -       A->Y  F     INVXL          3  1.0    14    16     362    (-,-) 
  m_uint/m_core/g14365/Y                                   -       A->Y  R     INVX1          3  1.5    14    14     376    (-,-) 
  m_uint/m_core/g14341__7410/Y                             -       B->Y  F     NAND2BX1       1  0.4    13    14     390    (-,-) 
  m_uint/m_core/g14335__9945/Y                             -       B0->Y R     OAI21X1        2  0.8    22    11     401    (-,-) 
  m_uint/m_core/WALLACE_CSA_DUMMY_OP7_groupi_g2482__1705/Y -       A->Y  F     XNOR2X1        2  1.0    11    47     449    (-,-) 
  m_uint/m_core/WALLACE_CSA_DUMMY_OP7_groupi_g2375__5107/Y -       C->Y  R     XOR3XL         2  0.8    13    35     483    (-,-) 
  m_uint/m_core/WALLACE_CSA_DUMMY_OP7_groupi_g2355__1881/Y -       B->Y  F     NAND2BXL       2  0.6    19    17     501    (-,-) 
  m_uint/m_core/WALLACE_CSA_DUMMY_OP7_groupi_g2326__4733/Y -       A0->Y R     AOI21X1        2  0.8    21    24     524    (-,-) 
  m_uint/m_core/WALLACE_CSA_DUMMY_OP7_groupi_g2311/Y       -       A->Y  F     INVXL          1  0.3     7    12     536    (-,-) 
  m_uint/m_core/WALLACE_CSA_DUMMY_OP7_groupi_g2297__6260/Y -       A->Y  R     XNOR2XL        2  0.8    12    40     577    (-,-) 
  g3625__4319/Y                                            -       A->Y  F     XOR2XL         2  0.4     7    40     617    (-,-) 
  g3622/Y                                                  -       A->Y  R     INVXL          1  0.6     9    10     626    (-,-) 
  g3588__5526/Y                                            -       B->Y  F     XNOR2X2        1 50.0   181   132     758    (-,-) 
  R[2]                                                     -       -     F     (port)         -    -     -     0     758    (-,-) 
#---------------------------------------------------------------------------------------------------------------------------------



Path 14: VIOLATED (-7 ps) Late External Delay Assertion at pin R[3]
          Group: vclk
     Startpoint: (F) B[0]
          Clock: (R) vclk
       Endpoint: (F) R[3]
          Clock: (R) vclk

                     Capture       Launch     
        Clock Edge:+    1000            0     
        Drv Adjust:+       0            0     
       Src Latency:+       0            0     
       Net Latency:+       0 (I)        0 (I) 
           Arrival:=    1000            0     
                                              
      Output Delay:-     200                  
       Uncertainty:-      50                  
     Required Time:=     750                  
      Launch Clock:-       0                  
       Input Delay:-     200                  
         Data Path:-     557                  
             Slack:=      -7                  

Exceptions/Constraints:
  input_delay              200             acbam_Fixed8.sdc_line_14_15_1 
  output_delay             200             acbam_Fixed8.sdc_line_15_32_1 

#----------------------------------------------------------------------------------------------------------------------------------
#                      Timing Point                        Flags    Arc   Edge   Cell     Fanout Load Trans Delay Arrival Instance 
#                                                                                                (fF)  (ps)  (ps)   (ps)  Location 
#----------------------------------------------------------------------------------------------------------------------------------
  B[0]                                                     -       -      F     (arrival)     12  8.0     0     0     200    (-,-) 
  g2719__2802/Y                                            -       A->Y   R     NOR2X8         5  2.6    10    13     213    (-,-) 
  g2689__2802/Y                                            -       A1->Y  F     AOI21X1        1  0.5    17    18     231    (-,-) 
  g2673__2346/Y                                            -       B->Y   R     CLKXOR2X1      7  3.3    26    40     271    (-,-) 
  m_uint/m_core/fopt14820/Y                                -       A->Y   F     INVXL          1  0.4     9    14     286    (-,-) 
  m_uint/m_core/g14664__6417/Y                             -       B->Y   R     NOR2X1         1  1.0    20    16     302    (-,-) 
  m_uint/m_core/g14653__9945/Y                             -       B->Y   F     NOR2X2         8  1.9    14    14     316    (-,-) 
  m_uint/m_core/g14749__9315/Y                             -       AN->Y  F     NAND2BXL       2  0.4    16    22     338    (-,-) 
  m_uint/m_core/g14516__5477/Y                             -       B->Y   R     NAND2XL        2  0.6    14    13     351    (-,-) 
  m_uint/m_core/g14507/Y                                   -       A->Y   F     INVXL          1  0.3     6    10     360    (-,-) 
  m_uint/m_core/g14419__9945/Y                             -       A1N->Y F     OAI2BB1X1      1  0.5    14    22     383    (-,-) 
  m_uint/m_core/g14734__5526/Y                             -       B->Y   R     XNOR2X1        2  0.9    10    37     420    (-,-) 
  m_uint/m_core/WALLACE_CSA_DUMMY_OP7_groupi_g2390__1881/Y -       S0->Y  R     MXI2XL         1  0.6    26    23     443    (-,-) 
  m_uint/m_core/WALLACE_CSA_DUMMY_OP7_groupi_g2380__6783/Y -       S0->Y  F     MXI2XL         1  0.7    28    24     467    (-,-) 
  m_uint/m_core/WALLACE_CSA_DUMMY_OP7_groupi_g2335__6417/S -       CI->S  R     ADDFXL         2  0.8    13    60     527    (-,-) 
  m_uint/m_core/WALLACE_CSA_DUMMY_OP7_groupi_g2333__1666/Y -       B->Y   F     NOR2XL         2  0.6    12    12     539    (-,-) 
  m_uint/m_core/WALLACE_CSA_DUMMY_OP7_groupi_g2320__1881/Y -       AN->Y  F     NAND2BXL       1  0.5    17    23     562    (-,-) 
  m_uint/m_core/WALLACE_CSA_DUMMY_OP7_groupi_g2288__1666/Y -       B->Y   R     XNOR2X1        3  0.9    10    37     599    (-,-) 
  g3658/Y                                                  -       A->Y   F     INVXL          2  0.5     8    10     608    (-,-) 
  g3618__5477/Y                                            -       B->Y   R     MXI2XL         2  0.6    26    22     631    (-,-) 
  g3616/Y                                                  -       A->Y   R     CLKBUFX2       1  0.7     6    23     654    (-,-) 
  g2726__2346/Y                                            -       B->Y   F     CLKXOR2X4      1 50.0   106   103     757    (-,-) 
  R[3]                                                     -       -      F     (port)         -    -     -     0     757    (-,-) 
#----------------------------------------------------------------------------------------------------------------------------------



Path 15: MET (25 ps) Late External Delay Assertion at pin R[1]
          Group: vclk
     Startpoint: (R) B[0]
          Clock: (R) vclk
       Endpoint: (R) R[1]
          Clock: (R) vclk

                     Capture       Launch     
        Clock Edge:+    1000            0     
        Drv Adjust:+       0            0     
       Src Latency:+       0            0     
       Net Latency:+       0 (I)        0 (I) 
           Arrival:=    1000            0     
                                              
      Output Delay:-     200                  
       Uncertainty:-      50                  
     Required Time:=     750                  
      Launch Clock:-       0                  
       Input Delay:-     200                  
         Data Path:-     525                  
             Slack:=      25                  

Exceptions/Constraints:
  input_delay              200             acbam_Fixed8.sdc_line_14_15_1 
  output_delay             200             acbam_Fixed8.sdc_line_15_34_1 

#---------------------------------------------------------------------------------------------------------------------------------
#                      Timing Point                        Flags   Arc   Edge   Cell     Fanout Load Trans Delay Arrival Instance 
#                                                                                               (fF)  (ps)  (ps)   (ps)  Location 
#---------------------------------------------------------------------------------------------------------------------------------
  B[0]                                                     -       -     R     (arrival)     12  8.8     0     0     200    (-,-) 
  g2708__2398/Y                                            -       A->Y  F     NAND2X2        2  0.8    11    12     212    (-,-) 
  g2695__1881/Y                                            -       B->Y  R     NAND2X1        1  0.5     8    10     222    (-,-) 
  g2690__1705/Y                                            -       B0->Y F     OAI21X1        2  0.8    20    19     240    (-,-) 
  m_uint/m_core/g14764__3680/Y                             -       B->Y  R     NAND2BX1       3  1.3    15    15     256    (-,-) 
  m_uint/m_core/g14640__1705/Y                             -       B->Y  F     NOR2X1         2  0.8    12    12     268    (-,-) 
  m_uint/m_core/g14617__6417/Y                             -       A->Y  R     NOR2X1         2  1.0    20    19     287    (-,-) 
  m_uint/m_core/g14567__4319/Y                             -       B->Y  F     NAND2X1        2  0.9    19    19     306    (-,-) 
  m_uint/m_core/g14450__1881/Y                             -       B->Y  R     NOR2X1         2  0.9    20    19     325    (-,-) 
  m_uint/m_core/g14730__5107/Y                             -       AN->Y R     NOR2BX1        1  0.6    15    25     350    (-,-) 
  m_uint/m_core/g14754__7410/Y                             -       B->Y  F     XOR2XL         1  0.4     7    33     383    (-,-) 
  m_uint/m_core/g14318__6783/Y                             -       A1->Y R     OAI21X1        2  0.6    19    17     400    (-,-) 
  m_uint/m_core/WALLACE_CSA_DUMMY_OP7_groupi_g2453/Y       -       A->Y  F     INVXL          2  0.5     9    13     413    (-,-) 
  m_uint/m_core/WALLACE_CSA_DUMMY_OP7_groupi_g2392__7482/Y -       A->Y  R     MXI2XL         1  0.6    26    23     436    (-,-) 
  m_uint/m_core/WALLACE_CSA_DUMMY_OP7_groupi_g2381__3680/Y -       S0->Y F     MXI2XL         1  0.7    28    24     460    (-,-) 
  m_uint/m_core/WALLACE_CSA_DUMMY_OP7_groupi_g2334__7410/S -       CI->S R     ADDFXL         2  1.1    17    62     522    (-,-) 
  g3669__5477/Y                                            -       B->Y  F     NOR2BX1        2  0.5     9    11     533    (-,-) 
  g3636__5122/Y                                            -       B->Y  R     NOR2XL         1  0.3    14    13     546    (-,-) 
  g3631__1617/Y                                            -       A->Y  F     XNOR2X1        2  0.7     9    45     591    (-,-) 
  g3604__7482/Y                                            -       B->Y  R     XNOR2X2        1 50.0   176   135     725    (-,-) 
  R[1]                                                     -       -     R     (port)         -    -     -     0     725    (-,-) 
#---------------------------------------------------------------------------------------------------------------------------------



Path 16: MET (58 ps) Late External Delay Assertion at pin R[0]
          Group: vclk
     Startpoint: (R) B[0]
          Clock: (R) vclk
       Endpoint: (R) R[0]
          Clock: (R) vclk

                     Capture       Launch     
        Clock Edge:+    1000            0     
        Drv Adjust:+       0            0     
       Src Latency:+       0            0     
       Net Latency:+       0 (I)        0 (I) 
           Arrival:=    1000            0     
                                              
      Output Delay:-     200                  
       Uncertainty:-      50                  
     Required Time:=     750                  
      Launch Clock:-       0                  
       Input Delay:-     200                  
         Data Path:-     492                  
             Slack:=      58                  

Exceptions/Constraints:
  input_delay              200             acbam_Fixed8.sdc_line_14_15_1 
  output_delay             200             acbam_Fixed8.sdc_line_15_35_1 

#---------------------------------------------------------------------------------------------------------------------------------
#                      Timing Point                        Flags   Arc   Edge   Cell     Fanout Load Trans Delay Arrival Instance 
#                                                                                               (fF)  (ps)  (ps)   (ps)  Location 
#---------------------------------------------------------------------------------------------------------------------------------
  B[0]                                                     -       -     R     (arrival)     12  8.8     0     0     200    (-,-) 
  g2708__2398/Y                                            -       A->Y  F     NAND2X2        2  0.8    11    12     212    (-,-) 
  g2695__1881/Y                                            -       B->Y  R     NAND2X1        1  0.5     8    10     222    (-,-) 
  g2690__1705/Y                                            -       B0->Y F     OAI21X1        2  0.8    20    19     240    (-,-) 
  m_uint/m_core/g14764__3680/Y                             -       B->Y  R     NAND2BX1       3  1.3    15    15     256    (-,-) 
  m_uint/m_core/g14640__1705/Y                             -       B->Y  F     NOR2X1         2  0.8    12    12     268    (-,-) 
  m_uint/m_core/g14617__6417/Y                             -       A->Y  R     NOR2X1         2  1.0    20    19     287    (-,-) 
  m_uint/m_core/g14567__4319/Y                             -       B->Y  F     NAND2X1        2  0.9    19    19     306    (-,-) 
  m_uint/m_core/g14450__1881/Y                             -       B->Y  R     NOR2X1         2  0.9    20    19     325    (-,-) 
  m_uint/m_core/g14730__5107/Y                             -       AN->Y R     NOR2BX1        1  0.6    15    25     350    (-,-) 
  m_uint/m_core/g14754__7410/Y                             -       B->Y  F     XOR2XL         1  0.4     7    33     383    (-,-) 
  m_uint/m_core/g14318__6783/Y                             -       A1->Y R     OAI21X1        2  0.6    19    17     400    (-,-) 
  m_uint/m_core/WALLACE_CSA_DUMMY_OP7_groupi_g2453/Y       -       A->Y  F     INVXL          2  0.5     9    13     413    (-,-) 
  m_uint/m_core/WALLACE_CSA_DUMMY_OP7_groupi_g2392__7482/Y -       A->Y  R     MXI2XL         1  0.6    26    23     436    (-,-) 
  m_uint/m_core/WALLACE_CSA_DUMMY_OP7_groupi_g2381__3680/Y -       S0->Y F     MXI2XL         1  0.7    28    24     460    (-,-) 
  m_uint/m_core/WALLACE_CSA_DUMMY_OP7_groupi_g2334__7410/S -       CI->S R     ADDFXL         2  1.1    17    62     522    (-,-) 
  g3635__1705/Y                                            -       B->Y  F     XOR2XL         2  0.7    11    35     557    (-,-) 
  g3623__5107/Y                                            -       B->Y  R     XNOR2X2        1 50.0   176   135     692    (-,-) 
  R[0]                                                     -       -     R     (port)         -    -     -     0     692    (-,-) 
#---------------------------------------------------------------------------------------------------------------------------------

