

Working Directory = /home/redhat315bd/physical_design_nipun/Physical_design
QoS Summary for acbam_Fixed8
================================================================================
Metric                          acbam_Fixed8_syn_generic acbam_Fixed8_syn_map
================================================================================
Slack (ps):                      -269            -124
  R2R (ps):                  no_value        no_value
  I2R (ps):                  no_value        no_value
  R2O (ps):                  no_value        no_value
  I2O (ps):                      -269            -124
  CG  (ps):                  no_value        no_value
TNS (ps):                      -2,732          -1,148
  R2R (ps):                  no_value        no_value
  I2R (ps):                  no_value        no_value
  R2O (ps):                  no_value        no_value
  I2O (ps):                    -2,732          -1,148
  CG  (ps):                  no_value        no_value
Failing Paths:                     14              14
Cell Area:                      2,727           1,189
Total Cell Area:                2,727           1,189
Leaf Instances:                 1,022             757
Total Instances:                1,022             757
Utilization (%):                 0.00            0.00
Tot. Net Length (um):        no_value        no_value
Avg. Net Length (um):        no_value        no_value
Route Overflow H (%):        no_value        no_value
Route Overflow V (%):        no_value        no_value
MBCI(%) (bits/gate) :            0.00            0.00
Norm Cong Hotspot Area:
  Max Cong:                  no_value        no_value
  Tot Cong:                  no_value        no_value
================================================================================
CPU  Runtime (h:m:s):        00:30:10        00:30:06
Real Runtime (h:m:s):        00:30:10        00:30:05
CPU  Elapsed (h:m:s):        00:30:12        00:30:18
Real Elapsed (h:m:s):        00:30:11        00:30:16
Memory (MB):                  1630.13         1613.79
================================================================================
================================================================================
Flow Settings:
================================================================================
Total Runtime (h:m:s): 00:30:15
Total Memory (MB):     1621.80
Executable Version:    21.10-p002_1
================================================================================
Total Cell Area =  Cell Area + Physical Cell Area
Total Instances =  Leaf Instances + Physical Instances


